[ 2015-09-04T02:35:20+08:00 ] 120.82.18.6 /s/tp/wwwroot/index.php?s=/Flow/run/add/flow_id/12.html
INFO: [ app_init ] --START--
INFO: Run Behavior\BuildLiteBehavior [ RunTime:0.000011s ]
INFO: [ app_init ] --END-- [ RunTime:0.000085s ]
INFO: [ app_begin ] --START--
INFO: Run Behavior\ReadHtmlCacheBehavior [ RunTime:0.000038s ]
INFO: [ app_begin ] --END-- [ RunTime:0.000071s ]
SQL: SHOW COLUMNS FROM `ht_flow` [ RunTime:0.0010s ]
SQL: SELECT * FROM `ht_flow` WHERE `id` = 12 AND `is_del` = 0 LIMIT 1   [ RunTime:0.0002s ]
SQL: SHOW COLUMNS FROM `ht_flow_process` [ RunTime:0.0014s ]
SQL: SELECT `id`,`flow_id`,`process_name`,`process_type`,`process_to`,`child_id`,`child_relation`,`child_after`,`child_back_process`,`return_sponsor_ids`,`return_respon_ids`,`write_fields`,`secret_fields`,`lock_fields`,`check_fields`,`auto_person`,`auto_unlock`,`auto_sponsor_ids`,`auto_sponsor_text`,`auto_respon_ids`,`auto_respon_text`,`auto_role_ids`,`auto_role_text`,`auto_process_sponsor`,`range_user_ids`,`range_user_text`,`range_dept_ids`,`range_dept_text`,`range_role_ids`,`range_role_text`,`receive_type`,`is_user_end`,`is_userop_pass`,`is_sing`,`sign_look`,`is_back`,`out_condition`,`setleft`,`settop`,`style` FROM `ht_flow_process` WHERE `flow_id` = 12 AND `is_del` = 0 ORDER BY id asc  [ RunTime:0.0003s ]
SQL: SHOW COLUMNS FROM `ht_form` [ RunTime:0.0006s ]
SQL: SELECT * FROM `ht_form` WHERE `id` = 128 AND `is_del` = 0 LIMIT 1   [ RunTime:0.0002s ]
SQL: SHOW COLUMNS FROM `ht_run` [ RunTime:0.0006s ]
SQL: INSERT INTO `ht_run` (`pid`,`uid`,`flow_id`,`run_name`,`run_flow_id`,`run_flow_process`,`dateline`) VALUES ('0','18','12','请假流程(2015-09-04 02:35:20)','12','114','1441305320') [ RunTime:0.0002s ]
SQL: SHOW COLUMNS FROM `ht_run_process` [ RunTime:0.0008s ]
SQL: INSERT INTO `ht_run_process` (`uid`,`run_id`,`run_flow`,`run_flow_process`,`parent_flow`,`parent_flow_process`,`run_child`,`remark`,`is_sponsor`,`status`,`js_time`,`bl_time`,`dateline`) VALUES ('18','946','12','114','0','0','0','','1','1','1441305320','1441305320','1441305320') [ RunTime:0.0001s ]
SQL: SHOW COLUMNS FROM `ht_run_cache` [ RunTime:0.0006s ]
SQL: INSERT INTO `ht_run_cache` (`run_id`,`form_id`,`flow_id`,`run_form`,`run_flow`,`run_flow_process`,`dateline`) VALUES ('946','128','12','{\"id\":\"128\",\"form_name\":\"\\u8bf7\\u5047\\u7533\\u8bf7\\u8868\",\"form_desc\":\"\",\"content\":\"<h1 style=\\\"BORDER-BOTTOM: rgb(204,204,204) 2px solid; TEXT-ALIGN: center; PADDING-BOTTOM: 0px; MARGIN: 0px 0px 20px; PADDING-LEFT: 0px; PADDING-RIGHT: 4px; FONT-SIZE: 32px; FONT-WEIGHT: bold; PADDING-TOP: 0px\\\" label=\\\"\\u6807\\u9898\\u5c45\\u4e2d\\\">\\u8bf7\\u5047\\u8868<\\/h1><p>&nbsp;<\\/p><table data-sort=\\\"sortDisabled\\\"><tbody><tr class=\\\"firstRow\\\"><td style=\\\"WORD-BREAK: break-all\\\" valign=\\\"top\\\" width=\\\"138\\\">\\u8bf7\\u5047\\u4eba\\uff1a<\\/td><td valign=\\\"top\\\" colspan=\\\"3\\\"><input style=\\\"TEXT-ALIGN: left; WIDTH: 150px\\\" title=\\\"\\u8bf7\\u5047\\u4eba\\\" name=\\\"data_1\\\" orgtype=\\\"text\\\" orgwidth=\\\"150\\\" orgalign=\\\"left\\\" orghide=\\\"0\\\" leipiplugins=\\\"text\\\"\\/><\\/td><\\/tr><tr><td style=\\\"WORD-BREAK: break-all\\\" valign=\\\"top\\\" width=\\\"138\\\">\\u8bf7\\u5047\\u65e5\\u671f\\u5f00\\u59cb\\uff1a<\\/td><td style=\\\"WORD-BREAK: break-all\\\" valign=\\\"top\\\" width=\\\"252\\\"><input style=\\\"TEXT-ALIGN: left; WIDTH: 150px\\\" title=\\\"\\u5f00\\u59cb\\u65e5\\u671f\\\" name=\\\"data_2\\\" orgtype=\\\"text\\\" orgwidth=\\\"150\\\" orgalign=\\\"left\\\" orghide=\\\"0\\\" leipiplugins=\\\"text\\\"\\/><\\/td><td style=\\\"WORD-BREAK: break-all\\\" valign=\\\"top\\\" width=\\\"146\\\">\\u8bf7\\u5047\\u65e5\\u671f\\u7ed3\\u675f\\uff1a<\\/td><td valign=\\\"top\\\" width=\\\"299\\\"><input style=\\\"TEXT-ALIGN: left; WIDTH: 150px\\\" title=\\\"\\u7ed3\\u675f\\u65e5\\u671f\\\" name=\\\"data_3\\\" orgtype=\\\"text\\\" orgwidth=\\\"150\\\" orgalign=\\\"left\\\" orghide=\\\"0\\\" leipiplugins=\\\"text\\\"\\/><\\/td><\\/tr><tr><td style=\\\"WORD-BREAK: break-all\\\" valign=\\\"top\\\" width=\\\"138\\\">\\u8bf7\\u5047\\u4e8b\\u7531\\uff1a<\\/td><td valign=\\\"top\\\" colspan=\\\"3\\\"><textarea style=\\\"MARGIN: 0px; WIDTH: 730px; HEIGHT: 82px\\\" title=\\\"\\u8bf7\\u5047\\u4e8b\\u7531\\\" name=\\\"data_4\\\" value=\\\"\\\" orgwidth=\\\"300\\\" leipiplugins=\\\"textarea\\\" orgheight=\\\"80\\\" orgfontsize=\\\"\\\" orgrich=\\\"0\\\"><\\/textarea><\\/td><\\/tr><tr><td style=\\\"WORD-BREAK: break-all\\\" valign=\\\"top\\\">\\u5ba1\\u6279\\u610f\\u89c1\\uff1a<\\/td><td valign=\\\"top\\\" colspan=\\\"3\\\"><textarea style=\\\"MARGIN: 0px; WIDTH: 732px; HEIGHT: 89px\\\" title=\\\"\\u5ba1\\u6279\\u610f\\u89c1\\\" name=\\\"data_5\\\" value=\\\"\\\" orgwidth=\\\"300\\\" leipiplugins=\\\"textarea\\\" orgheight=\\\"80\\\" orgfontsize=\\\"\\\" orgrich=\\\"0\\\"><\\/textarea><\\/td><\\/tr><\\/tbody><\\/table><p><br\\/><\\/p><p>&nbsp;<\\/p><p><br\\/><\\/p>\",\"content_parse\":\"<h1 style=\\\"BORDER-BOTTOM: rgb(204,204,204) 2px solid; TEXT-ALIGN: center; PADDING-BOTTOM: 0px; MARGIN: 0px 0px 20px; PADDING-LEFT: 0px; PADDING-RIGHT: 4px; FONT-SIZE: 32px; FONT-WEIGHT: bold; PADDING-TOP: 0px\\\" label=\\\"\\u6807\\u9898\\u5c45\\u4e2d\\\">\\u8bf7\\u5047\\u8868<\\/h1><p>&nbsp;<\\/p><table data-sort=\\\"sortDisabled\\\"><tbody><tr class=\\\"firstRow\\\"><td style=\\\"WORD-BREAK: break-all\\\" valign=\\\"top\\\" width=\\\"138\\\">\\u8bf7\\u5047\\u4eba\\uff1a<\\/td><td valign=\\\"top\\\" colspan=\\\"3\\\">{data_1}<\\/td><\\/tr><tr><td style=\\\"WORD-BREAK: break-all\\\" valign=\\\"top\\\" width=\\\"138\\\">\\u8bf7\\u5047\\u65e5\\u671f\\u5f00\\u59cb\\uff1a<\\/td><td style=\\\"WORD-BREAK: break-all\\\" valign=\\\"top\\\" width=\\\"252\\\">{data_2}<\\/td><td style=\\\"WORD-BREAK: break-all\\\" valign=\\\"top\\\" width=\\\"146\\\">\\u8bf7\\u5047\\u65e5\\u671f\\u7ed3\\u675f\\uff1a<\\/td><td valign=\\\"top\\\" width=\\\"299\\\">{data_3}<\\/td><\\/tr><tr><td style=\\\"WORD-BREAK: break-all\\\" valign=\\\"top\\\" width=\\\"138\\\">\\u8bf7\\u5047\\u4e8b\\u7531\\uff1a<\\/td><td valign=\\\"top\\\" colspan=\\\"3\\\">{data_4}<\\/td><\\/tr><tr><td style=\\\"WORD-BREAK: break-all\\\" valign=\\\"top\\\">\\u5ba1\\u6279\\u610f\\u89c1\\uff1a<\\/td><td valign=\\\"top\\\" colspan=\\\"3\\\">{data_5}<\\/td><\\/tr><\\/tbody><\\/table><p><br\\/><\\/p><p>&nbsp;<\\/p><p><br\\/><\\/p>\",\"content_data\":\"a:5:{i:0;a:9:{s:5:\\\"style\\\";s:30:\\\"TEXT-ALIGN: left; WIDTH: 150px\\\";s:5:\\\"title\\\";s:9:\\\"\\u8bf7\\u5047\\u4eba\\\";s:4:\\\"name\\\";s:6:\\\"data_1\\\";s:7:\\\"orgtype\\\";s:4:\\\"text\\\";s:8:\\\"orgwidth\\\";s:3:\\\"150\\\";s:8:\\\"orgalign\\\";s:4:\\\"left\\\";s:7:\\\"orghide\\\";s:1:\\\"0\\\";s:12:\\\"leipiplugins\\\";s:4:\\\"text\\\";s:7:\\\"content\\\";s:157:\\\"<input style=\\\"TEXT-ALIGN: left; WIDTH: 150px\\\" title=\\\"\\u8bf7\\u5047\\u4eba\\\" name=\\\"data_1\\\" orgtype=\\\"text\\\" orgwidth=\\\"150\\\" orgalign=\\\"left\\\" orghide=\\\"0\\\" leipiplugins=\\\"text\\\"\\/>\\\";}i:1;a:9:{s:5:\\\"style\\\";s:30:\\\"TEXT-ALIGN: left; WIDTH: 150px\\\";s:5:\\\"title\\\";s:12:\\\"\\u5f00\\u59cb\\u65e5\\u671f\\\";s:4:\\\"name\\\";s:6:\\\"data_2\\\";s:7:\\\"orgtype\\\";s:4:\\\"text\\\";s:8:\\\"orgwidth\\\";s:3:\\\"150\\\";s:8:\\\"orgalign\\\";s:4:\\\"left\\\";s:7:\\\"orghide\\\";s:1:\\\"0\\\";s:12:\\\"leipiplugins\\\";s:4:\\\"text\\\";s:7:\\\"content\\\";s:160:\\\"<input style=\\\"TEXT-ALIGN: left; WIDTH: 150px\\\" title=\\\"\\u5f00\\u59cb\\u65e5\\u671f\\\" name=\\\"data_2\\\" orgtype=\\\"text\\\" orgwidth=\\\"150\\\" orgalign=\\\"left\\\" orghide=\\\"0\\\" leipiplugins=\\\"text\\\"\\/>\\\";}i:2;a:9:{s:5:\\\"style\\\";s:30:\\\"TEXT-ALIGN: left; WIDTH: 150px\\\";s:5:\\\"title\\\";s:12:\\\"\\u7ed3\\u675f\\u65e5\\u671f\\\";s:4:\\\"name\\\";s:6:\\\"data_3\\\";s:7:\\\"orgtype\\\";s:4:\\\"text\\\";s:8:\\\"orgwidth\\\";s:3:\\\"150\\\";s:8:\\\"orgalign\\\";s:4:\\\"left\\\";s:7:\\\"orghide\\\";s:1:\\\"0\\\";s:12:\\\"leipiplugins\\\";s:4:\\\"text\\\";s:7:\\\"content\\\";s:160:\\\"<input style=\\\"TEXT-ALIGN: left; WIDTH: 150px\\\" title=\\\"\\u7ed3\\u675f\\u65e5\\u671f\\\" name=\\\"data_3\\\" orgtype=\\\"text\\\" orgwidth=\\\"150\\\" orgalign=\\\"left\\\" orghide=\\\"0\\\" leipiplugins=\\\"text\\\"\\/>\\\";}i:3;a:10:{s:5:\\\"style\\\";s:39:\\\"MARGIN: 0px; WIDTH: 730px; HEIGHT: 82px\\\";s:5:\\\"title\\\";s:12:\\\"\\u8bf7\\u5047\\u4e8b\\u7531\\\";s:4:\\\"name\\\";s:6:\\\"data_4\\\";s:5:\\\"value\\\";s:0:\\\"\\\";s:8:\\\"orgwidth\\\";s:3:\\\"300\\\";s:12:\\\"leipiplugins\\\";s:8:\\\"textarea\\\";s:9:\\\"orgheight\\\";s:2:\\\"80\\\";s:11:\\\"orgfontsize\\\";s:0:\\\"\\\";s:7:\\\"orgrich\\\";s:1:\\\"0\\\";s:7:\\\"content\\\";s:194:\\\"<textarea style=\\\"MARGIN: 0px; WIDTH: 730px; HEIGHT: 82px\\\" title=\\\"\\u8bf7\\u5047\\u4e8b\\u7531\\\" name=\\\"data_4\\\" value=\\\"\\\" orgwidth=\\\"300\\\" leipiplugins=\\\"textarea\\\" orgheight=\\\"80\\\" orgfontsize=\\\"\\\" orgrich=\\\"0\\\"><\\/textarea>\\\";}i:4;a:10:{s:5:\\\"style\\\";s:39:\\\"MARGIN: 0px; WIDTH: 732px; HEIGHT: 89px\\\";s:5:\\\"title\\\";s:12:\\\"\\u5ba1\\u6279\\u610f\\u89c1\\\";s:4:\\\"name\\\";s:6:\\\"data_5\\\";s:5:\\\"value\\\";s:0:\\\"\\\";s:8:\\\"orgwidth\\\";s:3:\\\"300\\\";s:12:\\\"leipiplugins\\\";s:8:\\\"textarea\\\";s:9:\\\"orgheight\\\";s:2:\\\"80\\\";s:11:\\\"orgfontsize\\\";s:0:\\\"\\\";s:7:\\\"orgrich\\\";s:1:\\\"0\\\";s:7:\\\"content\\\";s:194:\\\"<textarea style=\\\"MARGIN: 0px; WIDTH: 732px; HEIGHT: 89px\\\" title=\\\"\\u5ba1\\u6279\\u610f\\u89c1\\\" name=\\\"data_5\\\" value=\\\"\\\" orgwidth=\\\"300\\\" leipiplugins=\\\"textarea\\\" orgheight=\\\"80\\\" orgfontsize=\\\"\\\" orgrich=\\\"0\\\"><\\/textarea>\\\";}}\",\"fields\":\"5\",\"is_del\":\"0\",\"updatetime\":\"1440947876\",\"dateline\":\"1440117900\",\"pid\":\"1\",\"type\":\"0\",\"is_data_form\":\"1\",\"creater_uid\":\"0\",\"sort\":\"23\"}','{\"id\":\"12\",\"cat_id\":\"0\",\"form_id\":\"128\",\"flow_type\":\"0\",\"flow_name\":\"\\u8bf7\\u5047\\u6d41\\u7a0b\",\"flow_desc\":\"\\u8bf7\\u5047\\u4eba\",\"sort_order\":\"0\",\"status\":\"0\",\"is_del\":\"0\",\"updatetime\":\"1440151879\",\"dateline\":\"1440151879\"}','[{\"id\":\"114\",\"flow_id\":\"12\",\"process_name\":\"\\u7533\\u8bf7\",\"process_type\":\"is_one\",\"process_to\":\"115\",\"child_id\":\"0\",\"child_relation\":\"\",\"child_after\":\"1\",\"child_back_process\":\"0\",\"return_sponsor_ids\":\"\",\"return_respon_ids\":\"\",\"write_fields\":\"\",\"secret_fields\":\"\",\"lock_fields\":\"\",\"check_fields\":\"\",\"auto_person\":\"0\",\"auto_unlock\":\"0\",\"auto_sponsor_ids\":\"18\",\"auto_sponsor_text\":\"admin\",\"auto_respon_ids\":\"\",\"auto_respon_text\":\"\",\"auto_role_ids\":\"\",\"auto_role_text\":\"\",\"auto_process_sponsor\":\"0\",\"range_user_ids\":\"\",\"range_user_text\":\"\",\"range_dept_ids\":\"\",\"range_dept_text\":\"\",\"range_role_ids\":\"\",\"range_role_text\":\"\",\"receive_type\":\"0\",\"is_user_end\":\"0\",\"is_userop_pass\":\"0\",\"is_sing\":\"1\",\"sign_look\":\"1\",\"is_back\":\"1\",\"out_condition\":\"{\\\"115\\\":{\\\"condition\\\":[],\\\"condition_desc\\\":\\\"\\\"}}\",\"setleft\":\"355\",\"settop\":\"142\",\"style\":\"{\\\"width\\\":120,\\\"height\\\":30,\\\"color\\\":\\\"#0e76a8\\\",\\\"icon\\\":\\\"icon-star\\\"}\"},{\"id\":\"115\",\"flow_id\":\"12\",\"process_name\":\"\\u5ba1\\u6279\",\"process_type\":\"is_step\",\"process_to\":\"\",\"child_id\":\"0\",\"child_relation\":\"\",\"child_after\":\"1\",\"child_back_process\":\"0\",\"return_sponsor_ids\":\"\",\"return_respon_ids\":\"\",\"write_fields\":\"\",\"secret_fields\":\"\",\"lock_fields\":\"\",\"check_fields\":\"\",\"auto_person\":\"0\",\"auto_unlock\":\"0\",\"auto_sponsor_ids\":\"18\",\"auto_sponsor_text\":\"admin\",\"auto_respon_ids\":\"\",\"auto_respon_text\":\"\",\"auto_role_ids\":\"\",\"auto_role_text\":\"\",\"auto_process_sponsor\":\"0\",\"range_user_ids\":\"\",\"range_user_text\":\"\",\"range_dept_ids\":\"\",\"range_dept_text\":\"\",\"range_role_ids\":\"\",\"range_role_text\":\"\",\"receive_type\":\"0\",\"is_user_end\":\"0\",\"is_userop_pass\":\"0\",\"is_sing\":\"1\",\"sign_look\":\"1\",\"is_back\":\"1\",\"out_condition\":\"[]\",\"setleft\":\"355\",\"settop\":\"336\",\"style\":\"{\\\"width\\\":120,\\\"height\\\":30,\\\"color\\\":\\\"#0e76a8\\\",\\\"icon\\\":\\\"icon-star\\\"}\"}]','1441305320') [ RunTime:0.0004s ]

[ 2015-09-04T02:35:20+08:00 ] 120.82.18.6 /s/tp/wwwroot/index.php?s=/Flow/run/edit/process_id/1734.html
INFO: [ app_init ] --START--
INFO: Run Behavior\BuildLiteBehavior [ RunTime:0.000009s ]
INFO: [ app_init ] --END-- [ RunTime:0.000062s ]
INFO: [ app_begin ] --START--
INFO: Run Behavior\ReadHtmlCacheBehavior [ RunTime:0.000031s ]
INFO: [ app_begin ] --END-- [ RunTime:0.000063s ]
SQL: SHOW COLUMNS FROM `ht_run_process` [ RunTime:0.0010s ]
SQL: SELECT `id`,`uid`,`run_id`,`run_flow`,`run_flow_process`,`parent_flow`,`parent_flow_process`,`run_child`,`remark`,`is_receive_type`,`is_sponsor`,`is_singpost`,`is_back`,`status`,`js_time`,`bl_time`,`jj_time` FROM `ht_run_process` WHERE `id` = 1734 AND `is_del` = 0 LIMIT 1   [ RunTime:0.0002s ]
SQL: SHOW COLUMNS FROM `ht_run` [ RunTime:0.0007s ]
SQL: SELECT * FROM `ht_run` WHERE `id` = 946 LIMIT 1   [ RunTime:0.0002s ]
SQL: SHOW COLUMNS FROM `ht_run_cache` [ RunTime:0.0005s ]
SQL: SELECT * FROM `ht_run_cache` WHERE `run_id` = 946 LIMIT 1   [ RunTime:0.0002s ]
NOTIC: [8] Undefined index: value /var/www/dzxt/s/tp/Application/Flow/Org/Formdesign.class.php 第 339 行.
NOTIC: [8] Undefined index: value /var/www/dzxt/s/tp/Application/Flow/Org/Formdesign.class.php 第 339 行.
NOTIC: [8] Undefined index: value /var/www/dzxt/s/tp/Application/Flow/Org/Formdesign.class.php 第 339 行.
INFO: [ view_parse ] --START--
INFO: [ template_filter ] --START--
INFO: Run Behavior\ContentReplaceBehavior [ RunTime:0.000040s ]
INFO: [ template_filter ] --END-- [ RunTime:0.000080s ]
INFO: Run Behavior\ParseTemplateBehavior [ RunTime:0.008721s ]
INFO: [ view_parse ] --END-- [ RunTime:0.008754s ]
INFO: [ view_filter ] --START--
INFO: Run Behavior\WriteHtmlCacheBehavior [ RunTime:0.000153s ]
INFO: [ view_filter ] --END-- [ RunTime:0.000184s ]
INFO: [ app_end ] --START--
INFO: Run Behavior\ShowPageTraceBehavior [ RunTime:0.000035s ]
INFO: [ app_end ] --END-- [ RunTime:0.000064s ]

[ 2015-09-04T03:44:34+08:00 ] 120.82.18.6 /s/tp/wwwroot/index.php?s=/Flow/demo/index/getflow/ok.html
INFO: [ app_init ] --START--
INFO: Run Behavior\BuildLiteBehavior [ RunTime:0.000010s ]
INFO: [ app_init ] --END-- [ RunTime:0.000077s ]
INFO: [ app_begin ] --START--
INFO: Run Behavior\ReadHtmlCacheBehavior [ RunTime:0.000042s ]
INFO: [ app_begin ] --END-- [ RunTime:0.000071s ]
SQL: SHOW COLUMNS FROM `ht_flow` [ RunTime:0.0009s ]
SQL: SELECT COUNT(id) AS tp_count FROM `ht_flow` WHERE `is_del` = 0 LIMIT 1   [ RunTime:0.0002s ]
NOTIC: [8] Undefined variable: p /var/www/dzxt/s/tp/Application/Flow/Controller/DemoController.class.php 第 22 行.
NOTIC: [8] Trying to get property of non-object /var/www/dzxt/s/tp/Application/Flow/Controller/DemoController.class.php 第 22 行.
NOTIC: [8] Undefined variable: p /var/www/dzxt/s/tp/Application/Flow/Controller/DemoController.class.php 第 22 行.
NOTIC: [8] Trying to get property of non-object /var/www/dzxt/s/tp/Application/Flow/Controller/DemoController.class.php 第 22 行.
SQL: SELECT `id`,`form_id`,`flow_name`,`flow_desc`,`updatetime`,`dateline` FROM `ht_flow` WHERE `is_del` = 0 ORDER BY id desc  [ RunTime:0.0001s ]
SQL: SHOW COLUMNS FROM `ht_form` [ RunTime:0.0006s ]
SQL: SELECT * FROM `ht_form` WHERE ( 1=1 AND id='128' ) LIMIT 1   [ RunTime:0.0002s ]
SQL: SELECT * FROM `ht_form` WHERE ( 1=1 AND id='128' ) LIMIT 1   [ RunTime:0.0001s ]
SQL: SELECT * FROM `ht_form` WHERE ( 1=1 AND id='128' ) LIMIT 1   [ RunTime:0.0001s ]
SQL: SELECT * FROM `ht_form` WHERE ( 1=1 AND id='128' ) LIMIT 1   [ RunTime:0.0001s ]
INFO: [ app_end ] --START--
INFO: Run Behavior\ShowPageTraceBehavior [ RunTime:0.000037s ]
INFO: [ app_end ] --END-- [ RunTime:0.000066s ]

[ 2015-09-04T03:44:55+08:00 ] 120.82.18.6 /s/tp/wwwroot/index.php?s=/Flow/demo/index/getflow/ok.html
INFO: [ app_init ] --START--
INFO: Run Behavior\BuildLiteBehavior [ RunTime:0.000011s ]
INFO: [ app_init ] --END-- [ RunTime:0.000081s ]
INFO: [ app_begin ] --START--
INFO: Run Behavior\ReadHtmlCacheBehavior [ RunTime:0.000032s ]
INFO: [ app_begin ] --END-- [ RunTime:0.000063s ]
SQL: SHOW COLUMNS FROM `ht_flow` [ RunTime:0.0009s ]
SQL: SELECT COUNT(id) AS tp_count FROM `ht_flow` WHERE `is_del` = 0 LIMIT 1   [ RunTime:0.0001s ]
NOTIC: [8] Undefined variable: p /var/www/dzxt/s/tp/Application/Flow/Controller/DemoController.class.php 第 22 行.
NOTIC: [8] Trying to get property of non-object /var/www/dzxt/s/tp/Application/Flow/Controller/DemoController.class.php 第 22 行.
NOTIC: [8] Undefined variable: p /var/www/dzxt/s/tp/Application/Flow/Controller/DemoController.class.php 第 22 行.
NOTIC: [8] Trying to get property of non-object /var/www/dzxt/s/tp/Application/Flow/Controller/DemoController.class.php 第 22 行.
SQL: SELECT `id`,`form_id`,`flow_name`,`flow_desc`,`updatetime`,`dateline` FROM `ht_flow` WHERE `is_del` = 0 ORDER BY id desc  [ RunTime:0.0000s ]
SQL: SHOW COLUMNS FROM `ht_form` [ RunTime:0.0006s ]
SQL: SELECT * FROM `ht_form` WHERE ( 1=1 AND id='128' ) LIMIT 1   [ RunTime:0.0001s ]
SQL: SELECT * FROM `ht_form` WHERE ( 1=1 AND id='128' ) LIMIT 1   [ RunTime:0.0001s ]
SQL: SELECT * FROM `ht_form` WHERE ( 1=1 AND id='128' ) LIMIT 1   [ RunTime:0.0001s ]
SQL: SELECT * FROM `ht_form` WHERE ( 1=1 AND id='128' ) LIMIT 1   [ RunTime:0.0001s ]
INFO: [ app_end ] --START--
INFO: Run Behavior\ShowPageTraceBehavior [ RunTime:0.000034s ]
INFO: [ app_end ] --END-- [ RunTime:0.000063s ]

[ 2015-09-04T04:06:57+08:00 ] 120.82.18.6 /s/tp/wwwroot/index.php?s=/Flow/demo/index/getflow/ok.html
INFO: [ app_init ] --START--
INFO: Run Behavior\BuildLiteBehavior [ RunTime:0.000011s ]
INFO: [ app_init ] --END-- [ RunTime:0.000082s ]
INFO: [ app_begin ] --START--
INFO: Run Behavior\ReadHtmlCacheBehavior [ RunTime:0.000037s ]
INFO: [ app_begin ] --END-- [ RunTime:0.000066s ]
SQL: SHOW COLUMNS FROM `ht_flow` [ RunTime:0.0010s ]
SQL: SELECT COUNT(id) AS tp_count FROM `ht_flow` WHERE `is_del` = 0 LIMIT 1   [ RunTime:0.0001s ]
NOTIC: [8] Undefined variable: p /var/www/dzxt/s/tp/Application/Flow/Controller/DemoController.class.php 第 22 行.
NOTIC: [8] Trying to get property of non-object /var/www/dzxt/s/tp/Application/Flow/Controller/DemoController.class.php 第 22 行.
NOTIC: [8] Undefined variable: p /var/www/dzxt/s/tp/Application/Flow/Controller/DemoController.class.php 第 22 行.
NOTIC: [8] Trying to get property of non-object /var/www/dzxt/s/tp/Application/Flow/Controller/DemoController.class.php 第 22 行.
SQL: SELECT `id`,`form_id`,`flow_name`,`flow_desc`,`updatetime`,`dateline` FROM `ht_flow` WHERE `is_del` = 0 ORDER BY id desc  [ RunTime:0.0000s ]
SQL: SHOW COLUMNS FROM `ht_form` [ RunTime:0.0006s ]
SQL: SELECT * FROM `ht_form` WHERE ( 1=1 AND id='128' ) LIMIT 1   [ RunTime:0.0003s ]
SQL: SELECT * FROM `ht_form` WHERE ( 1=1 AND id='128' ) LIMIT 1   [ RunTime:0.0001s ]
SQL: SELECT * FROM `ht_form` WHERE ( 1=1 AND id='128' ) LIMIT 1   [ RunTime:0.0001s ]
SQL: SELECT * FROM `ht_form` WHERE ( 1=1 AND id='128' ) LIMIT 1   [ RunTime:0.0001s ]
INFO: [ app_end ] --START--
INFO: Run Behavior\ShowPageTraceBehavior [ RunTime:0.000037s ]
INFO: [ app_end ] --END-- [ RunTime:0.000066s ]

