[ 2015-08-23T18:31:23+08:00 ] 120.82.18.11 /s/tp/wwwroot/index.php?s=/Flow/run/add/flow_id/12.html
INFO: [ app_init ] --START--
INFO: Run Behavior\BuildLiteBehavior [ RunTime:0.000011s ]
INFO: [ app_init ] --END-- [ RunTime:0.000432s ]
INFO: [ app_begin ] --START--
INFO: Run Behavior\ReadHtmlCacheBehavior [ RunTime:0.000625s ]
INFO: [ app_begin ] --END-- [ RunTime:0.000660s ]
SQL: SHOW COLUMNS FROM `ht_flow` [ RunTime:0.0009s ]
SQL: SELECT * FROM `ht_flow` WHERE `id` = 12 AND `is_del` = 0 LIMIT 1   [ RunTime:0.0001s ]
SQL: SHOW COLUMNS FROM `ht_flow_process` [ RunTime:0.0012s ]
SQL: SELECT `id`,`flow_id`,`process_name`,`process_type`,`process_to`,`child_id`,`child_relation`,`child_after`,`child_back_process`,`return_sponsor_ids`,`return_respon_ids`,`write_fields`,`secret_fields`,`lock_fields`,`check_fields`,`auto_person`,`auto_unlock`,`auto_sponsor_ids`,`auto_sponsor_text`,`auto_respon_ids`,`auto_respon_text`,`auto_role_ids`,`auto_role_text`,`auto_process_sponsor`,`range_user_ids`,`range_user_text`,`range_dept_ids`,`range_dept_text`,`range_role_ids`,`range_role_text`,`receive_type`,`is_user_end`,`is_userop_pass`,`is_sing`,`sign_look`,`is_back`,`out_condition`,`setleft`,`settop`,`style` FROM `ht_flow_process` WHERE `flow_id` = 12 AND `is_del` = 0 ORDER BY id asc  [ RunTime:0.0001s ]
SQL: SHOW COLUMNS FROM `ht_form` [ RunTime:0.0006s ]
SQL: SELECT * FROM `ht_form` WHERE `id` = 128 AND `is_del` = 0 LIMIT 1   [ RunTime:0.0001s ]
SQL: SHOW COLUMNS FROM `ht_run` [ RunTime:0.0006s ]
SQL: INSERT INTO `ht_run` (`pid`,`uid`,`flow_id`,`run_name`,`run_flow_id`,`run_flow_process`,`dateline`) VALUES ('0','18','12','请假流程(2015-08-23 18:31:23)','12','114','1440325883') [ RunTime:0.0002s ]
SQL: SHOW COLUMNS FROM `ht_run_process` [ RunTime:0.0007s ]
SQL: INSERT INTO `ht_run_process` (`uid`,`run_id`,`run_flow`,`run_flow_process`,`parent_flow`,`parent_flow_process`,`run_child`,`remark`,`is_sponsor`,`status`,`js_time`,`bl_time`,`dateline`) VALUES ('18','838','12','114','0','0','0','','1','1','1440325883','1440325883','1440325883') [ RunTime:0.0001s ]
SQL: SHOW COLUMNS FROM `ht_run_cache` [ RunTime:0.0005s ]
SQL: INSERT INTO `ht_run_cache` (`run_id`,`form_id`,`flow_id`,`run_form`,`run_flow`,`run_flow_process`,`dateline`) VALUES ('838','128','12','{\"id\":\"128\",\"form_name\":\"\\u8bf7\\u5047\\u7533\\u8bf7\\u8868\",\"form_desc\":\"\",\"content\":\"<h1 label=\\\"\\u6807\\u9898\\u5c45\\u4e2d\\\" style=\\\"font-size: 32px; font-weight: bold; border-bottom-color: rgb(204, 204, 204); border-bottom-width: 2px; border-bottom-style: solid; padding: 0px 4px 0px 0px; text-align: center; margin: 0px 0px 20px;\\\">\\u8bf7\\u5047\\u8868<\\/h1><p><\\/p><table data-sort=\\\"sortDisabled\\\"><tbody><tr class=\\\"firstRow\\\"><td width=\\\"138.66666666666666\\\" valign=\\\"top\\\" style=\\\"word-break: break-all;\\\">\\u8bf7\\u5047\\u4eba\\uff1a<\\/td><td valign=\\\"top\\\" rowspan=\\\"1\\\" colspan=\\\"3\\\"><input name=\\\"data_1\\\" type=\\\"text\\\" title=\\\"\\u8bf7\\u5047\\u4eba\\\" value=\\\"\\\" leipiplugins=\\\"text\\\" orghide=\\\"0\\\" orgalign=\\\"left\\\" orgwidth=\\\"150\\\" orgtype=\\\"text\\\" style=\\\"text-align: left; width: 150px;\\\"\\/><\\/td><\\/tr><tr><td width=\\\"138.66666666666666\\\" valign=\\\"top\\\" style=\\\"word-break: break-all;\\\">\\u8bf7\\u5047\\u65e5\\u671f\\u5f00\\u59cb\\uff1a<\\/td><td width=\\\"252.66666666666666\\\" valign=\\\"top\\\" style=\\\"word-break: break-all;\\\"><input name=\\\"data_2\\\" type=\\\"text\\\" title=\\\"\\u5f00\\u59cb\\u65e5\\u671f\\\" value=\\\"\\\" leipiplugins=\\\"text\\\" orghide=\\\"0\\\" orgalign=\\\"left\\\" orgwidth=\\\"150\\\" orgtype=\\\"text\\\" style=\\\"text-align: left; width: 150px;\\\"\\/><\\/td><td valign=\\\"top\\\" colspan=\\\"1\\\" rowspan=\\\"1\\\" width=\\\"146.66666666666666\\\" style=\\\"word-break: break-all;\\\">\\u8bf7\\u5047\\u65e5\\u671f\\u7ed3\\u675f\\uff1a<\\/td><td valign=\\\"top\\\" colspan=\\\"1\\\" rowspan=\\\"1\\\" width=\\\"299\\\"><input name=\\\"data_3\\\" type=\\\"text\\\" title=\\\"\\u7ed3\\u675f\\u65e5\\u671f\\\" value=\\\"\\\" leipiplugins=\\\"text\\\" orghide=\\\"0\\\" orgalign=\\\"left\\\" orgwidth=\\\"150\\\" orgtype=\\\"text\\\" style=\\\"text-align: left; width: 150px;\\\"\\/><\\/td><\\/tr><tr><td width=\\\"138.66666666666666\\\" valign=\\\"top\\\" style=\\\"word-break: break-all;\\\">\\u8bf7\\u5047\\u4e8b\\u7531\\uff1a<\\/td><td valign=\\\"top\\\" rowspan=\\\"1\\\" colspan=\\\"3\\\"><textarea title=\\\"\\u8bf7\\u5047\\u4e8b\\u7531\\\" name=\\\"data_4\\\" leipiplugins=\\\"textarea\\\" value=\\\"\\\" orgrich=\\\"0\\\" orgfontsize=\\\"\\\" orgwidth=\\\"300\\\" orgheight=\\\"80\\\" style=\\\"width: 730px; height: 82px; margin: 0px;\\\"><\\/textarea><\\/td><\\/tr><tr><td valign=\\\"top\\\" colspan=\\\"1\\\" rowspan=\\\"1\\\" style=\\\"word-break: break-all;\\\">\\u5ba1\\u6279\\u610f\\u89c1\\uff1a<\\/td><td valign=\\\"top\\\" colspan=\\\"3\\\" rowspan=\\\"1\\\"><textarea title=\\\"\\u5ba1\\u6279\\u610f\\u89c1\\\" name=\\\"data_5\\\" leipiplugins=\\\"textarea\\\" value=\\\"\\\" orgrich=\\\"0\\\" orgfontsize=\\\"\\\" orgwidth=\\\"300\\\" orgheight=\\\"80\\\" style=\\\"width: 732px; height: 89px; margin: 0px;\\\"><\\/textarea><\\/td><\\/tr><\\/tbody><\\/table><p><br\\/><\\/p><p><\\/p><p><br\\/><\\/p>\",\"content_parse\":\"<h1 label=\\\"\\u6807\\u9898\\u5c45\\u4e2d\\\" style=\\\"font-size: 32px; font-weight: bold; border-bottom-color: rgb(204, 204, 204); border-bottom-width: 2px; border-bottom-style: solid; padding: 0px 4px 0px 0px; text-align: center; margin: 0px 0px 20px;\\\">\\u8bf7\\u5047\\u8868<\\/h1><p><\\/p><table data-sort=\\\"sortDisabled\\\"><tbody><tr class=\\\"firstRow\\\"><td width=\\\"138.66666666666666\\\" valign=\\\"top\\\" style=\\\"word-break: break-all;\\\">\\u8bf7\\u5047\\u4eba\\uff1a<\\/td><td valign=\\\"top\\\" rowspan=\\\"1\\\" colspan=\\\"3\\\">{data_1}<\\/td><\\/tr><tr><td width=\\\"138.66666666666666\\\" valign=\\\"top\\\" style=\\\"word-break: break-all;\\\">\\u8bf7\\u5047\\u65e5\\u671f\\u5f00\\u59cb\\uff1a<\\/td><td width=\\\"252.66666666666666\\\" valign=\\\"top\\\" style=\\\"word-break: break-all;\\\">{data_2}<\\/td><td valign=\\\"top\\\" colspan=\\\"1\\\" rowspan=\\\"1\\\" width=\\\"146.66666666666666\\\" style=\\\"word-break: break-all;\\\">\\u8bf7\\u5047\\u65e5\\u671f\\u7ed3\\u675f\\uff1a<\\/td><td valign=\\\"top\\\" colspan=\\\"1\\\" rowspan=\\\"1\\\" width=\\\"299\\\">{data_3}<\\/td><\\/tr><tr><td width=\\\"138.66666666666666\\\" valign=\\\"top\\\" style=\\\"word-break: break-all;\\\">\\u8bf7\\u5047\\u4e8b\\u7531\\uff1a<\\/td><td valign=\\\"top\\\" rowspan=\\\"1\\\" colspan=\\\"3\\\">{data_4}<\\/td><\\/tr><tr><td valign=\\\"top\\\" colspan=\\\"1\\\" rowspan=\\\"1\\\" style=\\\"word-break: break-all;\\\">\\u5ba1\\u6279\\u610f\\u89c1\\uff1a<\\/td><td valign=\\\"top\\\" colspan=\\\"3\\\" rowspan=\\\"1\\\">{data_5}<\\/td><\\/tr><\\/tbody><\\/table><p><br\\/><\\/p><p><\\/p><p><br\\/><\\/p>\",\"content_data\":\"a:5:{i:0;a:11:{s:4:\\\"name\\\";s:6:\\\"data_1\\\";s:4:\\\"type\\\";s:4:\\\"text\\\";s:5:\\\"title\\\";s:9:\\\"\\u8bf7\\u5047\\u4eba\\\";s:5:\\\"value\\\";s:0:\\\"\\\";s:12:\\\"leipiplugins\\\";s:4:\\\"text\\\";s:7:\\\"orghide\\\";s:1:\\\"0\\\";s:8:\\\"orgalign\\\";s:4:\\\"left\\\";s:8:\\\"orgwidth\\\";s:3:\\\"150\\\";s:7:\\\"orgtype\\\";s:4:\\\"text\\\";s:5:\\\"style\\\";s:31:\\\"text-align: left; width: 150px;\\\";s:7:\\\"content\\\";s:179:\\\"<input name=\\\"data_1\\\" type=\\\"text\\\" title=\\\"\\u8bf7\\u5047\\u4eba\\\" value=\\\"\\\" leipiplugins=\\\"text\\\" orghide=\\\"0\\\" orgalign=\\\"left\\\" orgwidth=\\\"150\\\" orgtype=\\\"text\\\" style=\\\"text-align: left; width: 150px;\\\"\\/>\\\";}i:1;a:11:{s:4:\\\"name\\\";s:6:\\\"data_2\\\";s:4:\\\"type\\\";s:4:\\\"text\\\";s:5:\\\"title\\\";s:12:\\\"\\u5f00\\u59cb\\u65e5\\u671f\\\";s:5:\\\"value\\\";s:0:\\\"\\\";s:12:\\\"leipiplugins\\\";s:4:\\\"text\\\";s:7:\\\"orghide\\\";s:1:\\\"0\\\";s:8:\\\"orgalign\\\";s:4:\\\"left\\\";s:8:\\\"orgwidth\\\";s:3:\\\"150\\\";s:7:\\\"orgtype\\\";s:4:\\\"text\\\";s:5:\\\"style\\\";s:31:\\\"text-align: left; width: 150px;\\\";s:7:\\\"content\\\";s:182:\\\"<input name=\\\"data_2\\\" type=\\\"text\\\" title=\\\"\\u5f00\\u59cb\\u65e5\\u671f\\\" value=\\\"\\\" leipiplugins=\\\"text\\\" orghide=\\\"0\\\" orgalign=\\\"left\\\" orgwidth=\\\"150\\\" orgtype=\\\"text\\\" style=\\\"text-align: left; width: 150px;\\\"\\/>\\\";}i:2;a:11:{s:4:\\\"name\\\";s:6:\\\"data_3\\\";s:4:\\\"type\\\";s:4:\\\"text\\\";s:5:\\\"title\\\";s:12:\\\"\\u7ed3\\u675f\\u65e5\\u671f\\\";s:5:\\\"value\\\";s:0:\\\"\\\";s:12:\\\"leipiplugins\\\";s:4:\\\"text\\\";s:7:\\\"orghide\\\";s:1:\\\"0\\\";s:8:\\\"orgalign\\\";s:4:\\\"left\\\";s:8:\\\"orgwidth\\\";s:3:\\\"150\\\";s:7:\\\"orgtype\\\";s:4:\\\"text\\\";s:5:\\\"style\\\";s:31:\\\"text-align: left; width: 150px;\\\";s:7:\\\"content\\\";s:182:\\\"<input name=\\\"data_3\\\" type=\\\"text\\\" title=\\\"\\u7ed3\\u675f\\u65e5\\u671f\\\" value=\\\"\\\" leipiplugins=\\\"text\\\" orghide=\\\"0\\\" orgalign=\\\"left\\\" orgwidth=\\\"150\\\" orgtype=\\\"text\\\" style=\\\"text-align: left; width: 150px;\\\"\\/>\\\";}i:3;a:10:{s:5:\\\"title\\\";s:12:\\\"\\u8bf7\\u5047\\u4e8b\\u7531\\\";s:4:\\\"name\\\";s:6:\\\"data_4\\\";s:12:\\\"leipiplugins\\\";s:8:\\\"textarea\\\";s:5:\\\"value\\\";s:0:\\\"\\\";s:7:\\\"orgrich\\\";s:1:\\\"0\\\";s:11:\\\"orgfontsize\\\";s:0:\\\"\\\";s:8:\\\"orgwidth\\\";s:3:\\\"300\\\";s:9:\\\"orgheight\\\";s:2:\\\"80\\\";s:5:\\\"style\\\";s:40:\\\"width: 730px; height: 82px; margin: 0px;\\\";s:7:\\\"content\\\";s:195:\\\"<textarea title=\\\"\\u8bf7\\u5047\\u4e8b\\u7531\\\" name=\\\"data_4\\\" leipiplugins=\\\"textarea\\\" value=\\\"\\\" orgrich=\\\"0\\\" orgfontsize=\\\"\\\" orgwidth=\\\"300\\\" orgheight=\\\"80\\\" style=\\\"width: 730px; height: 82px; margin: 0px;\\\"><\\/textarea>\\\";}i:4;a:10:{s:5:\\\"title\\\";s:12:\\\"\\u5ba1\\u6279\\u610f\\u89c1\\\";s:4:\\\"name\\\";s:6:\\\"data_5\\\";s:12:\\\"leipiplugins\\\";s:8:\\\"textarea\\\";s:5:\\\"value\\\";s:0:\\\"\\\";s:7:\\\"orgrich\\\";s:1:\\\"0\\\";s:11:\\\"orgfontsize\\\";s:0:\\\"\\\";s:8:\\\"orgwidth\\\";s:3:\\\"300\\\";s:9:\\\"orgheight\\\";s:2:\\\"80\\\";s:5:\\\"style\\\";s:40:\\\"width: 732px; height: 89px; margin: 0px;\\\";s:7:\\\"content\\\";s:195:\\\"<textarea title=\\\"\\u5ba1\\u6279\\u610f\\u89c1\\\" name=\\\"data_5\\\" leipiplugins=\\\"textarea\\\" value=\\\"\\\" orgrich=\\\"0\\\" orgfontsize=\\\"\\\" orgwidth=\\\"300\\\" orgheight=\\\"80\\\" style=\\\"width: 732px; height: 89px; margin: 0px;\\\"><\\/textarea>\\\";}}\",\"fields\":\"5\",\"is_del\":\"0\",\"updatetime\":\"1440152098\",\"dateline\":\"1440117900\",\"pid\":\"1\",\"type\":\"0\",\"is_data_form\":\"1\",\"creater_uid\":\"0\",\"sort\":\"0\"}','{\"id\":\"12\",\"cat_id\":\"0\",\"form_id\":\"128\",\"flow_type\":\"0\",\"flow_name\":\"\\u8bf7\\u5047\\u6d41\\u7a0b\",\"flow_desc\":\"\\u8bf7\\u5047\\u4eba\",\"sort_order\":\"0\",\"status\":\"0\",\"is_del\":\"0\",\"updatetime\":\"1440151879\",\"dateline\":\"1440151879\"}','[{\"id\":\"114\",\"flow_id\":\"12\",\"process_name\":\"\\u7533\\u8bf7\",\"process_type\":\"is_one\",\"process_to\":\"115\",\"child_id\":\"0\",\"child_relation\":\"\",\"child_after\":\"1\",\"child_back_process\":\"0\",\"return_sponsor_ids\":\"\",\"return_respon_ids\":\"\",\"write_fields\":\"\",\"secret_fields\":\"\",\"lock_fields\":\"\",\"check_fields\":\"\",\"auto_person\":\"0\",\"auto_unlock\":\"0\",\"auto_sponsor_ids\":\"18\",\"auto_sponsor_text\":\"admin\",\"auto_respon_ids\":\"\",\"auto_respon_text\":\"\",\"auto_role_ids\":\"\",\"auto_role_text\":\"\",\"auto_process_sponsor\":\"0\",\"range_user_ids\":\"\",\"range_user_text\":\"\",\"range_dept_ids\":\"\",\"range_dept_text\":\"\",\"range_role_ids\":\"\",\"range_role_text\":\"\",\"receive_type\":\"0\",\"is_user_end\":\"0\",\"is_userop_pass\":\"0\",\"is_sing\":\"1\",\"sign_look\":\"1\",\"is_back\":\"1\",\"out_condition\":\"{\\\"115\\\":{\\\"condition\\\":[],\\\"condition_desc\\\":\\\"\\\"}}\",\"setleft\":\"355\",\"settop\":\"142\",\"style\":\"{\\\"width\\\":120,\\\"height\\\":30,\\\"color\\\":\\\"#0e76a8\\\",\\\"icon\\\":\\\"icon-star\\\"}\"},{\"id\":\"115\",\"flow_id\":\"12\",\"process_name\":\"\\u5ba1\\u6279\",\"process_type\":\"is_step\",\"process_to\":\"\",\"child_id\":\"0\",\"child_relation\":\"\",\"child_after\":\"1\",\"child_back_process\":\"0\",\"return_sponsor_ids\":\"\",\"return_respon_ids\":\"\",\"write_fields\":\"\",\"secret_fields\":\"\",\"lock_fields\":\"\",\"check_fields\":\"\",\"auto_person\":\"0\",\"auto_unlock\":\"0\",\"auto_sponsor_ids\":\"18\",\"auto_sponsor_text\":\"admin\",\"auto_respon_ids\":\"\",\"auto_respon_text\":\"\",\"auto_role_ids\":\"\",\"auto_role_text\":\"\",\"auto_process_sponsor\":\"0\",\"range_user_ids\":\"\",\"range_user_text\":\"\",\"range_dept_ids\":\"\",\"range_dept_text\":\"\",\"range_role_ids\":\"\",\"range_role_text\":\"\",\"receive_type\":\"0\",\"is_user_end\":\"0\",\"is_userop_pass\":\"0\",\"is_sing\":\"1\",\"sign_look\":\"1\",\"is_back\":\"1\",\"out_condition\":\"[]\",\"setleft\":\"355\",\"settop\":\"336\",\"style\":\"{\\\"width\\\":120,\\\"height\\\":30,\\\"color\\\":\\\"#0e76a8\\\",\\\"icon\\\":\\\"icon-star\\\"}\"}]','1440325883') [ RunTime:0.0005s ]

[ 2015-08-23T18:31:24+08:00 ] 120.82.18.11 /s/tp/wwwroot/index.php?s=/Flow/run/edit/process_id/1624.html
INFO: [ app_init ] --START--
INFO: Run Behavior\BuildLiteBehavior [ RunTime:0.000010s ]
INFO: [ app_init ] --END-- [ RunTime:0.000080s ]
INFO: [ app_begin ] --START--
INFO: Run Behavior\ReadHtmlCacheBehavior [ RunTime:0.000031s ]
INFO: [ app_begin ] --END-- [ RunTime:0.000064s ]
SQL: SHOW COLUMNS FROM `ht_run_process` [ RunTime:0.0012s ]
SQL: SELECT `id`,`uid`,`run_id`,`run_flow`,`run_flow_process`,`parent_flow`,`parent_flow_process`,`run_child`,`remark`,`is_receive_type`,`is_sponsor`,`is_singpost`,`is_back`,`status`,`js_time`,`bl_time`,`jj_time` FROM `ht_run_process` WHERE `id` = 1624 AND `is_del` = 0 LIMIT 1   [ RunTime:0.0003s ]
SQL: SHOW COLUMNS FROM `ht_run` [ RunTime:0.0007s ]
SQL: SELECT * FROM `ht_run` WHERE `id` = 838 LIMIT 1   [ RunTime:0.0001s ]
SQL: SHOW COLUMNS FROM `ht_run_cache` [ RunTime:0.0005s ]
SQL: SELECT * FROM `ht_run_cache` WHERE `run_id` = 838 LIMIT 1   [ RunTime:0.0002s ]
INFO: [ view_parse ] --START--
INFO: [ template_filter ] --START--
INFO: Run Behavior\ContentReplaceBehavior [ RunTime:0.000040s ]
INFO: [ template_filter ] --END-- [ RunTime:0.000079s ]
INFO: Run Behavior\ParseTemplateBehavior [ RunTime:0.008437s ]
INFO: [ view_parse ] --END-- [ RunTime:0.008491s ]
INFO: [ view_filter ] --START--
INFO: Run Behavior\WriteHtmlCacheBehavior [ RunTime:0.000153s ]
INFO: [ view_filter ] --END-- [ RunTime:0.000183s ]
INFO: [ app_end ] --START--
INFO: Run Behavior\ShowPageTraceBehavior [ RunTime:0.000723s ]
INFO: [ app_end ] --END-- [ RunTime:0.000755s ]

[ 2015-08-23T18:31:37+08:00 ] 120.82.18.11 /s/tp/wwwroot/index.php?s=/Flow/run/edit_save.html
INFO: [ app_init ] --START--
INFO: Run Behavior\BuildLiteBehavior [ RunTime:0.000010s ]
INFO: [ app_init ] --END-- [ RunTime:0.000079s ]
INFO: [ app_begin ] --START--
INFO: Run Behavior\ReadHtmlCacheBehavior [ RunTime:0.000040s ]
INFO: [ app_begin ] --END-- [ RunTime:0.000073s ]
SQL: SHOW COLUMNS FROM `ht_foreign_test` [ RunTime:0.0008s ]
SQL: INSERT INTO `ht_foreign_test` (`name`,`updatetime`,`form_id`,`dateline`,`is_del`) VALUES ('dafafdsafsaf','1440325897','128','1440325897','0') [ RunTime:0.0002s ]
SQL: SHOW COLUMNS FROM `ht_form_data_128` [ RunTime:0.0005s ]
SQL: INSERT INTO `ht_form_data_128` (`data_1`,`data_2`,`data_3`,`data_4`,`data_5`,`updatetime`,`dateline`,`is_del`,`foreign_id`) VALUES ('fdsafaf','dsfaaf','fdsafa','fdsafaf','sdafafdasfasf','1440325897','1440325897','0','107') [ RunTime:0.0002s ]
SQL: SHOW COLUMNS FROM `ht_run` [ RunTime:0.0007s ]
SQL: UPDATE `ht_run` SET `from_data_id`='1',`run_name`='dafafdsafsaf' WHERE `id` = 838 [ RunTime:0.0002s ]
SQL: SHOW COLUMNS FROM `ht_run_process` [ RunTime:0.0007s ]
SQL: UPDATE `ht_run_process` SET `status`='0' [ RunTime:0.0002s ]
SQL: SHOW COLUMNS FROM `ht_flow_process` [ RunTime:0.0012s ]
SQL: SELECT `process_to`,`out_condition`,`is_del` FROM `ht_flow_process` WHERE `is_del` = 0 AND `id` = 114 LIMIT 1   [ RunTime:0.0002s ]
SQL: SELECT `id`,`process_name`,`auto_sponsor_ids`,`flow_id` FROM `ht_flow_process` WHERE `is_del` = 0 AND `id` = 115 LIMIT 1   [ RunTime:0.0001s ]
SQL: SHOW COLUMNS FROM `ht_run_process` [ RunTime:0.0007s ]
SQL: INSERT INTO `ht_run_process` (`uid`,`run_id`,`run_flow`,`run_flow_process`,`parent_flow`,`parent_flow_process`,`run_child`,`remark`,`is_sponsor`,`status`,`js_time`,`bl_time`,`dateline`) VALUES ('18','838','12','115','0','114','0','','1','1','1440325897','1440325897','1440325897') [ RunTime:0.0001s ]
SQL: SHOW COLUMNS FROM `ht_flow` [ RunTime:0.0005s ]
SQL: SELECT * FROM `ht_flow` WHERE `id` = 12 LIMIT 1   [ RunTime:0.0001s ]
SQL: SHOW COLUMNS FROM `ht_message` [ RunTime:0.0004s ]
SQL: INSERT INTO `ht_message` (`send_user`,`receive_user`,`send_date`,`message`,`url`,`status`) VALUES ('1','18','2015-08-23','你有一个 <strong style=\"color:#ff0000\">请假流程</strong> 请求审核：【<a href=\"###\">点击去处理 -> 审批</a>】','/s/tp/wwwroot/index.php/Flow/run/show_pro/run_id/838/run_process_id/1625','0') [ RunTime:0.0001s ]
SQL: UPDATE `ht_run` SET `run_flow_process`='115' WHERE `id` = 838 [ RunTime:0.0001s ]

[ 2015-08-23T18:31:53+08:00 ] 120.82.18.11 /s/tp/wwwroot/index.php?s=/Flow/run/add/flow_id/12.html
INFO: [ app_init ] --START--
INFO: Run Behavior\BuildLiteBehavior [ RunTime:0.000011s ]
INFO: [ app_init ] --END-- [ RunTime:0.000090s ]
INFO: [ app_begin ] --START--
INFO: Run Behavior\ReadHtmlCacheBehavior [ RunTime:0.000044s ]
INFO: [ app_begin ] --END-- [ RunTime:0.000077s ]
SQL: SHOW COLUMNS FROM `ht_flow` [ RunTime:0.0009s ]
SQL: SELECT * FROM `ht_flow` WHERE `id` = 12 AND `is_del` = 0 LIMIT 1   [ RunTime:0.0001s ]
SQL: SHOW COLUMNS FROM `ht_flow_process` [ RunTime:0.0012s ]
SQL: SELECT `id`,`flow_id`,`process_name`,`process_type`,`process_to`,`child_id`,`child_relation`,`child_after`,`child_back_process`,`return_sponsor_ids`,`return_respon_ids`,`write_fields`,`secret_fields`,`lock_fields`,`check_fields`,`auto_person`,`auto_unlock`,`auto_sponsor_ids`,`auto_sponsor_text`,`auto_respon_ids`,`auto_respon_text`,`auto_role_ids`,`auto_role_text`,`auto_process_sponsor`,`range_user_ids`,`range_user_text`,`range_dept_ids`,`range_dept_text`,`range_role_ids`,`range_role_text`,`receive_type`,`is_user_end`,`is_userop_pass`,`is_sing`,`sign_look`,`is_back`,`out_condition`,`setleft`,`settop`,`style` FROM `ht_flow_process` WHERE `flow_id` = 12 AND `is_del` = 0 ORDER BY id asc  [ RunTime:0.0001s ]
SQL: SHOW COLUMNS FROM `ht_form` [ RunTime:0.0006s ]
SQL: SELECT * FROM `ht_form` WHERE `id` = 128 AND `is_del` = 0 LIMIT 1   [ RunTime:0.0001s ]
SQL: SHOW COLUMNS FROM `ht_run` [ RunTime:0.0006s ]
SQL: INSERT INTO `ht_run` (`pid`,`uid`,`flow_id`,`run_name`,`run_flow_id`,`run_flow_process`,`dateline`) VALUES ('0','18','12','请假流程(2015-08-23 18:31:53)','12','114','1440325913') [ RunTime:0.0002s ]
SQL: SHOW COLUMNS FROM `ht_run_process` [ RunTime:0.0007s ]
SQL: INSERT INTO `ht_run_process` (`uid`,`run_id`,`run_flow`,`run_flow_process`,`parent_flow`,`parent_flow_process`,`run_child`,`remark`,`is_sponsor`,`status`,`js_time`,`bl_time`,`dateline`) VALUES ('18','839','12','114','0','0','0','','1','1','1440325913','1440325913','1440325913') [ RunTime:0.0001s ]
SQL: SHOW COLUMNS FROM `ht_run_cache` [ RunTime:0.0005s ]
SQL: INSERT INTO `ht_run_cache` (`run_id`,`form_id`,`flow_id`,`run_form`,`run_flow`,`run_flow_process`,`dateline`) VALUES ('839','128','12','{\"id\":\"128\",\"form_name\":\"\\u8bf7\\u5047\\u7533\\u8bf7\\u8868\",\"form_desc\":\"\",\"content\":\"<h1 label=\\\"\\u6807\\u9898\\u5c45\\u4e2d\\\" style=\\\"font-size: 32px; font-weight: bold; border-bottom-color: rgb(204, 204, 204); border-bottom-width: 2px; border-bottom-style: solid; padding: 0px 4px 0px 0px; text-align: center; margin: 0px 0px 20px;\\\">\\u8bf7\\u5047\\u8868<\\/h1><p><\\/p><table data-sort=\\\"sortDisabled\\\"><tbody><tr class=\\\"firstRow\\\"><td width=\\\"138.66666666666666\\\" valign=\\\"top\\\" style=\\\"word-break: break-all;\\\">\\u8bf7\\u5047\\u4eba\\uff1a<\\/td><td valign=\\\"top\\\" rowspan=\\\"1\\\" colspan=\\\"3\\\"><input name=\\\"data_1\\\" type=\\\"text\\\" title=\\\"\\u8bf7\\u5047\\u4eba\\\" value=\\\"\\\" leipiplugins=\\\"text\\\" orghide=\\\"0\\\" orgalign=\\\"left\\\" orgwidth=\\\"150\\\" orgtype=\\\"text\\\" style=\\\"text-align: left; width: 150px;\\\"\\/><\\/td><\\/tr><tr><td width=\\\"138.66666666666666\\\" valign=\\\"top\\\" style=\\\"word-break: break-all;\\\">\\u8bf7\\u5047\\u65e5\\u671f\\u5f00\\u59cb\\uff1a<\\/td><td width=\\\"252.66666666666666\\\" valign=\\\"top\\\" style=\\\"word-break: break-all;\\\"><input name=\\\"data_2\\\" type=\\\"text\\\" title=\\\"\\u5f00\\u59cb\\u65e5\\u671f\\\" value=\\\"\\\" leipiplugins=\\\"text\\\" orghide=\\\"0\\\" orgalign=\\\"left\\\" orgwidth=\\\"150\\\" orgtype=\\\"text\\\" style=\\\"text-align: left; width: 150px;\\\"\\/><\\/td><td valign=\\\"top\\\" colspan=\\\"1\\\" rowspan=\\\"1\\\" width=\\\"146.66666666666666\\\" style=\\\"word-break: break-all;\\\">\\u8bf7\\u5047\\u65e5\\u671f\\u7ed3\\u675f\\uff1a<\\/td><td valign=\\\"top\\\" colspan=\\\"1\\\" rowspan=\\\"1\\\" width=\\\"299\\\"><input name=\\\"data_3\\\" type=\\\"text\\\" title=\\\"\\u7ed3\\u675f\\u65e5\\u671f\\\" value=\\\"\\\" leipiplugins=\\\"text\\\" orghide=\\\"0\\\" orgalign=\\\"left\\\" orgwidth=\\\"150\\\" orgtype=\\\"text\\\" style=\\\"text-align: left; width: 150px;\\\"\\/><\\/td><\\/tr><tr><td width=\\\"138.66666666666666\\\" valign=\\\"top\\\" style=\\\"word-break: break-all;\\\">\\u8bf7\\u5047\\u4e8b\\u7531\\uff1a<\\/td><td valign=\\\"top\\\" rowspan=\\\"1\\\" colspan=\\\"3\\\"><textarea title=\\\"\\u8bf7\\u5047\\u4e8b\\u7531\\\" name=\\\"data_4\\\" leipiplugins=\\\"textarea\\\" value=\\\"\\\" orgrich=\\\"0\\\" orgfontsize=\\\"\\\" orgwidth=\\\"300\\\" orgheight=\\\"80\\\" style=\\\"width: 730px; height: 82px; margin: 0px;\\\"><\\/textarea><\\/td><\\/tr><tr><td valign=\\\"top\\\" colspan=\\\"1\\\" rowspan=\\\"1\\\" style=\\\"word-break: break-all;\\\">\\u5ba1\\u6279\\u610f\\u89c1\\uff1a<\\/td><td valign=\\\"top\\\" colspan=\\\"3\\\" rowspan=\\\"1\\\"><textarea title=\\\"\\u5ba1\\u6279\\u610f\\u89c1\\\" name=\\\"data_5\\\" leipiplugins=\\\"textarea\\\" value=\\\"\\\" orgrich=\\\"0\\\" orgfontsize=\\\"\\\" orgwidth=\\\"300\\\" orgheight=\\\"80\\\" style=\\\"width: 732px; height: 89px; margin: 0px;\\\"><\\/textarea><\\/td><\\/tr><\\/tbody><\\/table><p><br\\/><\\/p><p><\\/p><p><br\\/><\\/p>\",\"content_parse\":\"<h1 label=\\\"\\u6807\\u9898\\u5c45\\u4e2d\\\" style=\\\"font-size: 32px; font-weight: bold; border-bottom-color: rgb(204, 204, 204); border-bottom-width: 2px; border-bottom-style: solid; padding: 0px 4px 0px 0px; text-align: center; margin: 0px 0px 20px;\\\">\\u8bf7\\u5047\\u8868<\\/h1><p><\\/p><table data-sort=\\\"sortDisabled\\\"><tbody><tr class=\\\"firstRow\\\"><td width=\\\"138.66666666666666\\\" valign=\\\"top\\\" style=\\\"word-break: break-all;\\\">\\u8bf7\\u5047\\u4eba\\uff1a<\\/td><td valign=\\\"top\\\" rowspan=\\\"1\\\" colspan=\\\"3\\\">{data_1}<\\/td><\\/tr><tr><td width=\\\"138.66666666666666\\\" valign=\\\"top\\\" style=\\\"word-break: break-all;\\\">\\u8bf7\\u5047\\u65e5\\u671f\\u5f00\\u59cb\\uff1a<\\/td><td width=\\\"252.66666666666666\\\" valign=\\\"top\\\" style=\\\"word-break: break-all;\\\">{data_2}<\\/td><td valign=\\\"top\\\" colspan=\\\"1\\\" rowspan=\\\"1\\\" width=\\\"146.66666666666666\\\" style=\\\"word-break: break-all;\\\">\\u8bf7\\u5047\\u65e5\\u671f\\u7ed3\\u675f\\uff1a<\\/td><td valign=\\\"top\\\" colspan=\\\"1\\\" rowspan=\\\"1\\\" width=\\\"299\\\">{data_3}<\\/td><\\/tr><tr><td width=\\\"138.66666666666666\\\" valign=\\\"top\\\" style=\\\"word-break: break-all;\\\">\\u8bf7\\u5047\\u4e8b\\u7531\\uff1a<\\/td><td valign=\\\"top\\\" rowspan=\\\"1\\\" colspan=\\\"3\\\">{data_4}<\\/td><\\/tr><tr><td valign=\\\"top\\\" colspan=\\\"1\\\" rowspan=\\\"1\\\" style=\\\"word-break: break-all;\\\">\\u5ba1\\u6279\\u610f\\u89c1\\uff1a<\\/td><td valign=\\\"top\\\" colspan=\\\"3\\\" rowspan=\\\"1\\\">{data_5}<\\/td><\\/tr><\\/tbody><\\/table><p><br\\/><\\/p><p><\\/p><p><br\\/><\\/p>\",\"content_data\":\"a:5:{i:0;a:11:{s:4:\\\"name\\\";s:6:\\\"data_1\\\";s:4:\\\"type\\\";s:4:\\\"text\\\";s:5:\\\"title\\\";s:9:\\\"\\u8bf7\\u5047\\u4eba\\\";s:5:\\\"value\\\";s:0:\\\"\\\";s:12:\\\"leipiplugins\\\";s:4:\\\"text\\\";s:7:\\\"orghide\\\";s:1:\\\"0\\\";s:8:\\\"orgalign\\\";s:4:\\\"left\\\";s:8:\\\"orgwidth\\\";s:3:\\\"150\\\";s:7:\\\"orgtype\\\";s:4:\\\"text\\\";s:5:\\\"style\\\";s:31:\\\"text-align: left; width: 150px;\\\";s:7:\\\"content\\\";s:179:\\\"<input name=\\\"data_1\\\" type=\\\"text\\\" title=\\\"\\u8bf7\\u5047\\u4eba\\\" value=\\\"\\\" leipiplugins=\\\"text\\\" orghide=\\\"0\\\" orgalign=\\\"left\\\" orgwidth=\\\"150\\\" orgtype=\\\"text\\\" style=\\\"text-align: left; width: 150px;\\\"\\/>\\\";}i:1;a:11:{s:4:\\\"name\\\";s:6:\\\"data_2\\\";s:4:\\\"type\\\";s:4:\\\"text\\\";s:5:\\\"title\\\";s:12:\\\"\\u5f00\\u59cb\\u65e5\\u671f\\\";s:5:\\\"value\\\";s:0:\\\"\\\";s:12:\\\"leipiplugins\\\";s:4:\\\"text\\\";s:7:\\\"orghide\\\";s:1:\\\"0\\\";s:8:\\\"orgalign\\\";s:4:\\\"left\\\";s:8:\\\"orgwidth\\\";s:3:\\\"150\\\";s:7:\\\"orgtype\\\";s:4:\\\"text\\\";s:5:\\\"style\\\";s:31:\\\"text-align: left; width: 150px;\\\";s:7:\\\"content\\\";s:182:\\\"<input name=\\\"data_2\\\" type=\\\"text\\\" title=\\\"\\u5f00\\u59cb\\u65e5\\u671f\\\" value=\\\"\\\" leipiplugins=\\\"text\\\" orghide=\\\"0\\\" orgalign=\\\"left\\\" orgwidth=\\\"150\\\" orgtype=\\\"text\\\" style=\\\"text-align: left; width: 150px;\\\"\\/>\\\";}i:2;a:11:{s:4:\\\"name\\\";s:6:\\\"data_3\\\";s:4:\\\"type\\\";s:4:\\\"text\\\";s:5:\\\"title\\\";s:12:\\\"\\u7ed3\\u675f\\u65e5\\u671f\\\";s:5:\\\"value\\\";s:0:\\\"\\\";s:12:\\\"leipiplugins\\\";s:4:\\\"text\\\";s:7:\\\"orghide\\\";s:1:\\\"0\\\";s:8:\\\"orgalign\\\";s:4:\\\"left\\\";s:8:\\\"orgwidth\\\";s:3:\\\"150\\\";s:7:\\\"orgtype\\\";s:4:\\\"text\\\";s:5:\\\"style\\\";s:31:\\\"text-align: left; width: 150px;\\\";s:7:\\\"content\\\";s:182:\\\"<input name=\\\"data_3\\\" type=\\\"text\\\" title=\\\"\\u7ed3\\u675f\\u65e5\\u671f\\\" value=\\\"\\\" leipiplugins=\\\"text\\\" orghide=\\\"0\\\" orgalign=\\\"left\\\" orgwidth=\\\"150\\\" orgtype=\\\"text\\\" style=\\\"text-align: left; width: 150px;\\\"\\/>\\\";}i:3;a:10:{s:5:\\\"title\\\";s:12:\\\"\\u8bf7\\u5047\\u4e8b\\u7531\\\";s:4:\\\"name\\\";s:6:\\\"data_4\\\";s:12:\\\"leipiplugins\\\";s:8:\\\"textarea\\\";s:5:\\\"value\\\";s:0:\\\"\\\";s:7:\\\"orgrich\\\";s:1:\\\"0\\\";s:11:\\\"orgfontsize\\\";s:0:\\\"\\\";s:8:\\\"orgwidth\\\";s:3:\\\"300\\\";s:9:\\\"orgheight\\\";s:2:\\\"80\\\";s:5:\\\"style\\\";s:40:\\\"width: 730px; height: 82px; margin: 0px;\\\";s:7:\\\"content\\\";s:195:\\\"<textarea title=\\\"\\u8bf7\\u5047\\u4e8b\\u7531\\\" name=\\\"data_4\\\" leipiplugins=\\\"textarea\\\" value=\\\"\\\" orgrich=\\\"0\\\" orgfontsize=\\\"\\\" orgwidth=\\\"300\\\" orgheight=\\\"80\\\" style=\\\"width: 730px; height: 82px; margin: 0px;\\\"><\\/textarea>\\\";}i:4;a:10:{s:5:\\\"title\\\";s:12:\\\"\\u5ba1\\u6279\\u610f\\u89c1\\\";s:4:\\\"name\\\";s:6:\\\"data_5\\\";s:12:\\\"leipiplugins\\\";s:8:\\\"textarea\\\";s:5:\\\"value\\\";s:0:\\\"\\\";s:7:\\\"orgrich\\\";s:1:\\\"0\\\";s:11:\\\"orgfontsize\\\";s:0:\\\"\\\";s:8:\\\"orgwidth\\\";s:3:\\\"300\\\";s:9:\\\"orgheight\\\";s:2:\\\"80\\\";s:5:\\\"style\\\";s:40:\\\"width: 732px; height: 89px; margin: 0px;\\\";s:7:\\\"content\\\";s:195:\\\"<textarea title=\\\"\\u5ba1\\u6279\\u610f\\u89c1\\\" name=\\\"data_5\\\" leipiplugins=\\\"textarea\\\" value=\\\"\\\" orgrich=\\\"0\\\" orgfontsize=\\\"\\\" orgwidth=\\\"300\\\" orgheight=\\\"80\\\" style=\\\"width: 732px; height: 89px; margin: 0px;\\\"><\\/textarea>\\\";}}\",\"fields\":\"5\",\"is_del\":\"0\",\"updatetime\":\"1440152098\",\"dateline\":\"1440117900\",\"pid\":\"1\",\"type\":\"0\",\"is_data_form\":\"1\",\"creater_uid\":\"0\",\"sort\":\"0\"}','{\"id\":\"12\",\"cat_id\":\"0\",\"form_id\":\"128\",\"flow_type\":\"0\",\"flow_name\":\"\\u8bf7\\u5047\\u6d41\\u7a0b\",\"flow_desc\":\"\\u8bf7\\u5047\\u4eba\",\"sort_order\":\"0\",\"status\":\"0\",\"is_del\":\"0\",\"updatetime\":\"1440151879\",\"dateline\":\"1440151879\"}','[{\"id\":\"114\",\"flow_id\":\"12\",\"process_name\":\"\\u7533\\u8bf7\",\"process_type\":\"is_one\",\"process_to\":\"115\",\"child_id\":\"0\",\"child_relation\":\"\",\"child_after\":\"1\",\"child_back_process\":\"0\",\"return_sponsor_ids\":\"\",\"return_respon_ids\":\"\",\"write_fields\":\"\",\"secret_fields\":\"\",\"lock_fields\":\"\",\"check_fields\":\"\",\"auto_person\":\"0\",\"auto_unlock\":\"0\",\"auto_sponsor_ids\":\"18\",\"auto_sponsor_text\":\"admin\",\"auto_respon_ids\":\"\",\"auto_respon_text\":\"\",\"auto_role_ids\":\"\",\"auto_role_text\":\"\",\"auto_process_sponsor\":\"0\",\"range_user_ids\":\"\",\"range_user_text\":\"\",\"range_dept_ids\":\"\",\"range_dept_text\":\"\",\"range_role_ids\":\"\",\"range_role_text\":\"\",\"receive_type\":\"0\",\"is_user_end\":\"0\",\"is_userop_pass\":\"0\",\"is_sing\":\"1\",\"sign_look\":\"1\",\"is_back\":\"1\",\"out_condition\":\"{\\\"115\\\":{\\\"condition\\\":[],\\\"condition_desc\\\":\\\"\\\"}}\",\"setleft\":\"355\",\"settop\":\"142\",\"style\":\"{\\\"width\\\":120,\\\"height\\\":30,\\\"color\\\":\\\"#0e76a8\\\",\\\"icon\\\":\\\"icon-star\\\"}\"},{\"id\":\"115\",\"flow_id\":\"12\",\"process_name\":\"\\u5ba1\\u6279\",\"process_type\":\"is_step\",\"process_to\":\"\",\"child_id\":\"0\",\"child_relation\":\"\",\"child_after\":\"1\",\"child_back_process\":\"0\",\"return_sponsor_ids\":\"\",\"return_respon_ids\":\"\",\"write_fields\":\"\",\"secret_fields\":\"\",\"lock_fields\":\"\",\"check_fields\":\"\",\"auto_person\":\"0\",\"auto_unlock\":\"0\",\"auto_sponsor_ids\":\"18\",\"auto_sponsor_text\":\"admin\",\"auto_respon_ids\":\"\",\"auto_respon_text\":\"\",\"auto_role_ids\":\"\",\"auto_role_text\":\"\",\"auto_process_sponsor\":\"0\",\"range_user_ids\":\"\",\"range_user_text\":\"\",\"range_dept_ids\":\"\",\"range_dept_text\":\"\",\"range_role_ids\":\"\",\"range_role_text\":\"\",\"receive_type\":\"0\",\"is_user_end\":\"0\",\"is_userop_pass\":\"0\",\"is_sing\":\"1\",\"sign_look\":\"1\",\"is_back\":\"1\",\"out_condition\":\"[]\",\"setleft\":\"355\",\"settop\":\"336\",\"style\":\"{\\\"width\\\":120,\\\"height\\\":30,\\\"color\\\":\\\"#0e76a8\\\",\\\"icon\\\":\\\"icon-star\\\"}\"}]','1440325913') [ RunTime:0.0005s ]

[ 2015-08-23T18:31:53+08:00 ] 120.82.18.11 /s/tp/wwwroot/index.php?s=/Flow/run/edit/process_id/1626.html
INFO: [ app_init ] --START--
INFO: Run Behavior\BuildLiteBehavior [ RunTime:0.000010s ]
INFO: [ app_init ] --END-- [ RunTime:0.000079s ]
INFO: [ app_begin ] --START--
INFO: Run Behavior\ReadHtmlCacheBehavior [ RunTime:0.000030s ]
INFO: [ app_begin ] --END-- [ RunTime:0.000062s ]
SQL: SHOW COLUMNS FROM `ht_run_process` [ RunTime:0.0011s ]
SQL: SELECT `id`,`uid`,`run_id`,`run_flow`,`run_flow_process`,`parent_flow`,`parent_flow_process`,`run_child`,`remark`,`is_receive_type`,`is_sponsor`,`is_singpost`,`is_back`,`status`,`js_time`,`bl_time`,`jj_time` FROM `ht_run_process` WHERE `id` = 1626 AND `is_del` = 0 LIMIT 1   [ RunTime:0.0003s ]
SQL: SHOW COLUMNS FROM `ht_run` [ RunTime:0.0007s ]
SQL: SELECT * FROM `ht_run` WHERE `id` = 839 LIMIT 1   [ RunTime:0.0001s ]
SQL: SHOW COLUMNS FROM `ht_run_cache` [ RunTime:0.0005s ]
SQL: SELECT * FROM `ht_run_cache` WHERE `run_id` = 839 LIMIT 1   [ RunTime:0.0002s ]
INFO: [ view_parse ] --START--
INFO: [ template_filter ] --START--
INFO: Run Behavior\ContentReplaceBehavior [ RunTime:0.000041s ]
INFO: [ template_filter ] --END-- [ RunTime:0.000075s ]
INFO: Run Behavior\ParseTemplateBehavior [ RunTime:0.003057s ]
INFO: [ view_parse ] --END-- [ RunTime:0.003092s ]
INFO: [ view_filter ] --START--
INFO: Run Behavior\WriteHtmlCacheBehavior [ RunTime:0.000034s ]
INFO: [ view_filter ] --END-- [ RunTime:0.000062s ]
INFO: [ app_end ] --START--
INFO: Run Behavior\ShowPageTraceBehavior [ RunTime:0.000038s ]
INFO: [ app_end ] --END-- [ RunTime:0.000067s ]

