[ 2016-05-12T09:54:18+08:00 ] 183.21.26.242 /s/tp/wwwroot/index.php?s=/Flow/run/getflowlist/type/getmyflow
INFO: [ app_init ] --START--
INFO: Run Behavior\BuildLiteBehavior [ RunTime:0.000021s ]
INFO: [ app_init ] --END-- [ RunTime:0.000153s ]
INFO: [ app_begin ] --START--
INFO: Run Behavior\ReadHtmlCacheBehavior [ RunTime:0.000084s ]
INFO: [ app_begin ] --END-- [ RunTime:0.000159s ]
NOTIC: [2048] Declaration of Flow\Controller\RunController::show() should be compatible with Think\Controller::show($content, $charset = '', $contentType = '', $prefix = '') /var/www/dzxt/s/tp/Application/Flow/Controller/RunController.class.php 第 4 行.
NOTIC: [8] Undefined index: uid /var/www/dzxt/s/tp/Application/Flow/Controller/RunController.class.php 第 451 行.
SQL: SHOW COLUMNS FROM `ht_run` [ RunTime:0.0009s ]
SQL: SELECT * FROM `ht_run` WHERE `uid` = null  [ RunTime:0.0004s ]
NOTIC: [2] Invalid argument supplied for foreach() /var/www/dzxt/s/tp/Application/Flow/Controller/RunController.class.php 第 457 行.
INFO: [ view_parse ] --START--
INFO: [ template_filter ] --START--
INFO: Run Behavior\ContentReplaceBehavior [ RunTime:0.000053s ]
INFO: [ template_filter ] --END-- [ RunTime:0.000131s ]
INFO: Run Behavior\ParseTemplateBehavior [ RunTime:0.012995s ]
INFO: [ view_parse ] --END-- [ RunTime:0.013070s ]
INFO: [ view_filter ] --START--
INFO: Run Behavior\WriteHtmlCacheBehavior [ RunTime:0.000335s ]
INFO: [ view_filter ] --END-- [ RunTime:0.000401s ]
INFO: [ app_end ] --START--
INFO: Run Behavior\ShowPageTraceBehavior [ RunTime:0.000093s ]
INFO: [ app_end ] --END-- [ RunTime:0.000154s ]

[ 2016-05-12T09:55:00+08:00 ] 183.21.26.242 /s/tp/wwwroot/index.php?s=/Flow/run/getflowlist/type/getmyflow
INFO: [ app_init ] --START--
INFO: Run Behavior\BuildLiteBehavior [ RunTime:0.000023s ]
INFO: [ app_init ] --END-- [ RunTime:0.000158s ]
INFO: [ app_begin ] --START--
INFO: Run Behavior\ReadHtmlCacheBehavior [ RunTime:0.000078s ]
INFO: [ app_begin ] --END-- [ RunTime:0.000144s ]
NOTIC: [2048] Declaration of Flow\Controller\RunController::show() should be compatible with Think\Controller::show($content, $charset = '', $contentType = '', $prefix = '') /var/www/dzxt/s/tp/Application/Flow/Controller/RunController.class.php 第 4 行.
SQL: SHOW COLUMNS FROM `ht_run` [ RunTime:0.0008s ]
SQL: SELECT * FROM `ht_run` WHERE `uid` = '18'  [ RunTime:0.0014s ]
NOTIC: [8] Undefined variable: is_finish /var/www/dzxt/s/tp/Application/Flow/Controller/RunController.class.php 第 466 行.
NOTIC: [8] Undefined variable: is_finish /var/www/dzxt/s/tp/Application/Flow/Controller/RunController.class.php 第 466 行.
NOTIC: [8] Undefined variable: is_finish /var/www/dzxt/s/tp/Application/Flow/Controller/RunController.class.php 第 466 行.
NOTIC: [8] Undefined variable: is_finish /var/www/dzxt/s/tp/Application/Flow/Controller/RunController.class.php 第 466 行.
NOTIC: [8] Undefined variable: is_finish /var/www/dzxt/s/tp/Application/Flow/Controller/RunController.class.php 第 466 行.
NOTIC: [8] Undefined variable: is_finish /var/www/dzxt/s/tp/Application/Flow/Controller/RunController.class.php 第 466 行.
NOTIC: [8] Undefined variable: is_finish /var/www/dzxt/s/tp/Application/Flow/Controller/RunController.class.php 第 466 行.
NOTIC: [8] Undefined variable: is_finish /var/www/dzxt/s/tp/Application/Flow/Controller/RunController.class.php 第 466 行.
NOTIC: [8] Undefined variable: is_finish /var/www/dzxt/s/tp/Application/Flow/Controller/RunController.class.php 第 466 行.
NOTIC: [8] Undefined variable: is_finish /var/www/dzxt/s/tp/Application/Flow/Controller/RunController.class.php 第 466 行.
NOTIC: [8] Undefined variable: is_finish /var/www/dzxt/s/tp/Application/Flow/Controller/RunController.class.php 第 466 行.
NOTIC: [8] Undefined variable: is_finish /var/www/dzxt/s/tp/Application/Flow/Controller/RunController.class.php 第 466 行.
NOTIC: [8] Undefined variable: is_finish /var/www/dzxt/s/tp/Application/Flow/Controller/RunController.class.php 第 466 行.
NOTIC: [8] Undefined variable: is_finish /var/www/dzxt/s/tp/Application/Flow/Controller/RunController.class.php 第 466 行.
NOTIC: [8] Undefined variable: is_finish /var/www/dzxt/s/tp/Application/Flow/Controller/RunController.class.php 第 466 行.
NOTIC: [8] Undefined variable: is_finish /var/www/dzxt/s/tp/Application/Flow/Controller/RunController.class.php 第 466 行.
NOTIC: [8] Undefined variable: is_finish /var/www/dzxt/s/tp/Application/Flow/Controller/RunController.class.php 第 466 行.
NOTIC: [8] Undefined variable: is_finish /var/www/dzxt/s/tp/Application/Flow/Controller/RunController.class.php 第 466 行.
NOTIC: [8] Undefined variable: is_finish /var/www/dzxt/s/tp/Application/Flow/Controller/RunController.class.php 第 466 行.
NOTIC: [8] Undefined variable: is_finish /var/www/dzxt/s/tp/Application/Flow/Controller/RunController.class.php 第 466 行.
NOTIC: [8] Undefined variable: is_finish /var/www/dzxt/s/tp/Application/Flow/Controller/RunController.class.php 第 466 行.
NOTIC: [8] Undefined variable: is_finish /var/www/dzxt/s/tp/Application/Flow/Controller/RunController.class.php 第 466 行.
NOTIC: [8] Undefined variable: is_finish /var/www/dzxt/s/tp/Application/Flow/Controller/RunController.class.php 第 466 行.
NOTIC: [8] Undefined variable: is_finish /var/www/dzxt/s/tp/Application/Flow/Controller/RunController.class.php 第 466 行.
NOTIC: [8] Undefined variable: is_finish /var/www/dzxt/s/tp/Application/Flow/Controller/RunController.class.php 第 466 行.
NOTIC: [8] Undefined variable: is_finish /var/www/dzxt/s/tp/Application/Flow/Controller/RunController.class.php 第 466 行.
NOTIC: [8] Undefined variable: is_finish /var/www/dzxt/s/tp/Application/Flow/Controller/RunController.class.php 第 466 行.
NOTIC: [8] Undefined variable: is_finish /var/www/dzxt/s/tp/Application/Flow/Controller/RunController.class.php 第 466 行.
NOTIC: [8] Undefined variable: is_finish /var/www/dzxt/s/tp/Application/Flow/Controller/RunController.class.php 第 466 行.
NOTIC: [8] Undefined variable: is_finish /var/www/dzxt/s/tp/Application/Flow/Controller/RunController.class.php 第 466 行.
NOTIC: [8] Undefined variable: is_finish /var/www/dzxt/s/tp/Application/Flow/Controller/RunController.class.php 第 466 行.
NOTIC: [8] Undefined variable: is_finish /var/www/dzxt/s/tp/Application/Flow/Controller/RunController.class.php 第 466 行.
NOTIC: [8] Undefined variable: is_finish /var/www/dzxt/s/tp/Application/Flow/Controller/RunController.class.php 第 466 行.
NOTIC: [8] Undefined variable: is_finish /var/www/dzxt/s/tp/Application/Flow/Controller/RunController.class.php 第 466 行.
NOTIC: [8] Undefined variable: is_finish /var/www/dzxt/s/tp/Application/Flow/Controller/RunController.class.php 第 466 行.
NOTIC: [8] Undefined variable: is_finish /var/www/dzxt/s/tp/Application/Flow/Controller/RunController.class.php 第 466 行.
NOTIC: [8] Undefined variable: is_finish /var/www/dzxt/s/tp/Application/Flow/Controller/RunController.class.php 第 466 行.
NOTIC: [8] Undefined variable: is_finish /var/www/dzxt/s/tp/Application/Flow/Controller/RunController.class.php 第 466 行.
NOTIC: [8] Undefined variable: is_finish /var/www/dzxt/s/tp/Application/Flow/Controller/RunController.class.php 第 466 行.
NOTIC: [8] Undefined variable: is_finish /var/www/dzxt/s/tp/Application/Flow/Controller/RunController.class.php 第 466 行.
NOTIC: [8] Undefined variable: is_finish /var/www/dzxt/s/tp/Application/Flow/Controller/RunController.class.php 第 466 行.
NOTIC: [8] Undefined variable: is_finish /var/www/dzxt/s/tp/Application/Flow/Controller/RunController.class.php 第 466 行.
NOTIC: [8] Undefined variable: is_finish /var/www/dzxt/s/tp/Application/Flow/Controller/RunController.class.php 第 466 行.
NOTIC: [8] Undefined variable: is_finish /var/www/dzxt/s/tp/Application/Flow/Controller/RunController.class.php 第 466 行.
NOTIC: [8] Undefined variable: is_finish /var/www/dzxt/s/tp/Application/Flow/Controller/RunController.class.php 第 466 行.
NOTIC: [8] Undefined variable: is_finish /var/www/dzxt/s/tp/Application/Flow/Controller/RunController.class.php 第 466 行.
NOTIC: [8] Undefined variable: is_finish /var/www/dzxt/s/tp/Application/Flow/Controller/RunController.class.php 第 466 行.
NOTIC: [8] Undefined variable: is_finish /var/www/dzxt/s/tp/Application/Flow/Controller/RunController.class.php 第 466 行.
NOTIC: [8] Undefined variable: is_finish /var/www/dzxt/s/tp/Application/Flow/Controller/RunController.class.php 第 466 行.
NOTIC: [8] Undefined variable: is_finish /var/www/dzxt/s/tp/Application/Flow/Controller/RunController.class.php 第 466 行.
NOTIC: [8] Undefined variable: is_finish /var/www/dzxt/s/tp/Application/Flow/Controller/RunController.class.php 第 466 行.
NOTIC: [8] Undefined variable: is_finish /var/www/dzxt/s/tp/Application/Flow/Controller/RunController.class.php 第 466 行.
NOTIC: [8] Undefined variable: is_finish /var/www/dzxt/s/tp/Application/Flow/Controller/RunController.class.php 第 466 行.
NOTIC: [8] Undefined variable: is_finish /var/www/dzxt/s/tp/Application/Flow/Controller/RunController.class.php 第 466 行.
NOTIC: [8] Undefined variable: is_finish /var/www/dzxt/s/tp/Application/Flow/Controller/RunController.class.php 第 466 行.
NOTIC: [8] Undefined variable: is_finish /var/www/dzxt/s/tp/Application/Flow/Controller/RunController.class.php 第 466 行.
NOTIC: [8] Undefined variable: is_finish /var/www/dzxt/s/tp/Application/Flow/Controller/RunController.class.php 第 466 行.
NOTIC: [8] Undefined variable: is_finish /var/www/dzxt/s/tp/Application/Flow/Controller/RunController.class.php 第 466 行.
NOTIC: [8] Undefined variable: is_finish /var/www/dzxt/s/tp/Application/Flow/Controller/RunController.class.php 第 466 行.
NOTIC: [8] Undefined variable: is_finish /var/www/dzxt/s/tp/Application/Flow/Controller/RunController.class.php 第 466 行.
NOTIC: [8] Undefined variable: is_finish /var/www/dzxt/s/tp/Application/Flow/Controller/RunController.class.php 第 466 行.
NOTIC: [8] Undefined variable: is_finish /var/www/dzxt/s/tp/Application/Flow/Controller/RunController.class.php 第 466 行.
NOTIC: [8] Undefined variable: is_finish /var/www/dzxt/s/tp/Application/Flow/Controller/RunController.class.php 第 466 行.
NOTIC: [8] Undefined variable: is_finish /var/www/dzxt/s/tp/Application/Flow/Controller/RunController.class.php 第 466 行.
NOTIC: [8] Undefined variable: is_finish /var/www/dzxt/s/tp/Application/Flow/Controller/RunController.class.php 第 466 行.
NOTIC: [8] Undefined variable: is_finish /var/www/dzxt/s/tp/Application/Flow/Controller/RunController.class.php 第 466 行.
NOTIC: [8] Undefined variable: is_finish /var/www/dzxt/s/tp/Application/Flow/Controller/RunController.class.php 第 466 行.
NOTIC: [8] Undefined variable: is_finish /var/www/dzxt/s/tp/Application/Flow/Controller/RunController.class.php 第 466 行.
NOTIC: [8] Undefined variable: is_finish /var/www/dzxt/s/tp/Application/Flow/Controller/RunController.class.php 第 466 行.
NOTIC: [8] Undefined variable: is_finish /var/www/dzxt/s/tp/Application/Flow/Controller/RunController.class.php 第 466 行.
NOTIC: [8] Undefined variable: is_finish /var/www/dzxt/s/tp/Application/Flow/Controller/RunController.class.php 第 466 行.
NOTIC: [8] Undefined variable: is_finish /var/www/dzxt/s/tp/Application/Flow/Controller/RunController.class.php 第 466 行.
NOTIC: [8] Undefined variable: is_finish /var/www/dzxt/s/tp/Application/Flow/Controller/RunController.class.php 第 466 行.
NOTIC: [8] Undefined variable: is_finish /var/www/dzxt/s/tp/Application/Flow/Controller/RunController.class.php 第 466 行.
NOTIC: [8] Undefined variable: is_finish /var/www/dzxt/s/tp/Application/Flow/Controller/RunController.class.php 第 466 行.
NOTIC: [8] Undefined variable: is_finish /var/www/dzxt/s/tp/Application/Flow/Controller/RunController.class.php 第 466 行.
NOTIC: [8] Undefined variable: is_finish /var/www/dzxt/s/tp/Application/Flow/Controller/RunController.class.php 第 466 行.
NOTIC: [8] Undefined variable: is_finish /var/www/dzxt/s/tp/Application/Flow/Controller/RunController.class.php 第 466 行.
NOTIC: [8] Undefined variable: is_finish /var/www/dzxt/s/tp/Application/Flow/Controller/RunController.class.php 第 466 行.
NOTIC: [8] Undefined variable: is_finish /var/www/dzxt/s/tp/Application/Flow/Controller/RunController.class.php 第 466 行.
NOTIC: [8] Undefined variable: is_finish /var/www/dzxt/s/tp/Application/Flow/Controller/RunController.class.php 第 466 行.
NOTIC: [8] Undefined variable: is_finish /var/www/dzxt/s/tp/Application/Flow/Controller/RunController.class.php 第 466 行.
NOTIC: [8] Undefined variable: is_finish /var/www/dzxt/s/tp/Application/Flow/Controller/RunController.class.php 第 466 行.
NOTIC: [8] Undefined variable: is_finish /var/www/dzxt/s/tp/Application/Flow/Controller/RunController.class.php 第 466 行.
NOTIC: [8] Undefined variable: is_finish /var/www/dzxt/s/tp/Application/Flow/Controller/RunController.class.php 第 466 行.
NOTIC: [8] Undefined variable: is_finish /var/www/dzxt/s/tp/Application/Flow/Controller/RunController.class.php 第 466 行.
NOTIC: [8] Undefined variable: is_finish /var/www/dzxt/s/tp/Application/Flow/Controller/RunController.class.php 第 466 行.
NOTIC: [8] Undefined variable: is_finish /var/www/dzxt/s/tp/Application/Flow/Controller/RunController.class.php 第 466 行.
NOTIC: [8] Undefined variable: is_finish /var/www/dzxt/s/tp/Application/Flow/Controller/RunController.class.php 第 466 行.
NOTIC: [8] Undefined variable: is_finish /var/www/dzxt/s/tp/Application/Flow/Controller/RunController.class.php 第 466 行.
NOTIC: [8] Undefined variable: is_finish /var/www/dzxt/s/tp/Application/Flow/Controller/RunController.class.php 第 466 行.
NOTIC: [8] Undefined variable: is_finish /var/www/dzxt/s/tp/Application/Flow/Controller/RunController.class.php 第 466 行.
NOTIC: [8] Undefined variable: is_finish /var/www/dzxt/s/tp/Application/Flow/Controller/RunController.class.php 第 466 行.
NOTIC: [8] Undefined variable: is_finish /var/www/dzxt/s/tp/Application/Flow/Controller/RunController.class.php 第 466 行.
NOTIC: [8] Undefined variable: is_finish /var/www/dzxt/s/tp/Application/Flow/Controller/RunController.class.php 第 466 行.
NOTIC: [8] Undefined variable: is_finish /var/www/dzxt/s/tp/Application/Flow/Controller/RunController.class.php 第 466 行.
NOTIC: [8] Undefined variable: is_finish /var/www/dzxt/s/tp/Application/Flow/Controller/RunController.class.php 第 466 行.
NOTIC: [8] Undefined variable: is_finish /var/www/dzxt/s/tp/Application/Flow/Controller/RunController.class.php 第 466 行.
NOTIC: [8] Undefined variable: is_finish /var/www/dzxt/s/tp/Application/Flow/Controller/RunController.class.php 第 466 行.
NOTIC: [8] Undefined variable: is_finish /var/www/dzxt/s/tp/Application/Flow/Controller/RunController.class.php 第 466 行.
NOTIC: [8] Undefined variable: is_finish /var/www/dzxt/s/tp/Application/Flow/Controller/RunController.class.php 第 466 行.
NOTIC: [8] Undefined variable: is_finish /var/www/dzxt/s/tp/Application/Flow/Controller/RunController.class.php 第 466 行.
NOTIC: [8] Undefined variable: is_finish /var/www/dzxt/s/tp/Application/Flow/Controller/RunController.class.php 第 466 行.
NOTIC: [8] Undefined variable: is_finish /var/www/dzxt/s/tp/Application/Flow/Controller/RunController.class.php 第 466 行.
NOTIC: [8] Undefined variable: is_finish /var/www/dzxt/s/tp/Application/Flow/Controller/RunController.class.php 第 466 行.
NOTIC: [8] Undefined variable: is_finish /var/www/dzxt/s/tp/Application/Flow/Controller/RunController.class.php 第 466 行.
NOTIC: [8] Undefined variable: is_finish /var/www/dzxt/s/tp/Application/Flow/Controller/RunController.class.php 第 466 行.
NOTIC: [8] Undefined variable: is_finish /var/www/dzxt/s/tp/Application/Flow/Controller/RunController.class.php 第 466 行.
NOTIC: [8] Undefined variable: is_finish /var/www/dzxt/s/tp/Application/Flow/Controller/RunController.class.php 第 466 行.
NOTIC: [8] Undefined variable: is_finish /var/www/dzxt/s/tp/Application/Flow/Controller/RunController.class.php 第 466 行.
NOTIC: [8] Undefined variable: is_finish /var/www/dzxt/s/tp/Application/Flow/Controller/RunController.class.php 第 466 行.
NOTIC: [8] Undefined variable: is_finish /var/www/dzxt/s/tp/Application/Flow/Controller/RunController.class.php 第 466 行.
NOTIC: [8] Undefined variable: is_finish /var/www/dzxt/s/tp/Application/Flow/Controller/RunController.class.php 第 466 行.
NOTIC: [8] Undefined variable: is_finish /var/www/dzxt/s/tp/Application/Flow/Controller/RunController.class.php 第 466 行.
NOTIC: [8] Undefined variable: is_finish /var/www/dzxt/s/tp/Application/Flow/Controller/RunController.class.php 第 466 行.
NOTIC: [8] Undefined variable: is_finish /var/www/dzxt/s/tp/Application/Flow/Controller/RunController.class.php 第 466 行.
NOTIC: [8] Undefined variable: is_finish /var/www/dzxt/s/tp/Application/Flow/Controller/RunController.class.php 第 466 行.
NOTIC: [8] Undefined variable: is_finish /var/www/dzxt/s/tp/Application/Flow/Controller/RunController.class.php 第 466 行.
NOTIC: [8] Undefined variable: is_finish /var/www/dzxt/s/tp/Application/Flow/Controller/RunController.class.php 第 466 行.
NOTIC: [8] Undefined variable: is_finish /var/www/dzxt/s/tp/Application/Flow/Controller/RunController.class.php 第 466 行.
NOTIC: [8] Undefined variable: is_finish /var/www/dzxt/s/tp/Application/Flow/Controller/RunController.class.php 第 466 行.
NOTIC: [8] Undefined variable: is_finish /var/www/dzxt/s/tp/Application/Flow/Controller/RunController.class.php 第 466 行.
NOTIC: [8] Undefined variable: is_finish /var/www/dzxt/s/tp/Application/Flow/Controller/RunController.class.php 第 466 行.
NOTIC: [8] Undefined variable: is_finish /var/www/dzxt/s/tp/Application/Flow/Controller/RunController.class.php 第 466 行.
NOTIC: [8] Undefined variable: is_finish /var/www/dzxt/s/tp/Application/Flow/Controller/RunController.class.php 第 466 行.
NOTIC: [8] Undefined variable: is_finish /var/www/dzxt/s/tp/Application/Flow/Controller/RunController.class.php 第 466 行.
NOTIC: [8] Undefined variable: is_finish /var/www/dzxt/s/tp/Application/Flow/Controller/RunController.class.php 第 466 行.
NOTIC: [8] Undefined variable: is_finish /var/www/dzxt/s/tp/Application/Flow/Controller/RunController.class.php 第 466 行.
NOTIC: [8] Undefined variable: is_finish /var/www/dzxt/s/tp/Application/Flow/Controller/RunController.class.php 第 466 行.
NOTIC: [8] Undefined variable: is_finish /var/www/dzxt/s/tp/Application/Flow/Controller/RunController.class.php 第 466 行.
NOTIC: [8] Undefined variable: is_finish /var/www/dzxt/s/tp/Application/Flow/Controller/RunController.class.php 第 466 行.
NOTIC: [8] Undefined variable: is_finish /var/www/dzxt/s/tp/Application/Flow/Controller/RunController.class.php 第 466 行.
NOTIC: [8] Undefined variable: is_finish /var/www/dzxt/s/tp/Application/Flow/Controller/RunController.class.php 第 466 行.
NOTIC: [8] Undefined variable: is_finish /var/www/dzxt/s/tp/Application/Flow/Controller/RunController.class.php 第 466 行.
NOTIC: [8] Undefined variable: is_finish /var/www/dzxt/s/tp/Application/Flow/Controller/RunController.class.php 第 466 行.
NOTIC: [8] Undefined variable: is_finish /var/www/dzxt/s/tp/Application/Flow/Controller/RunController.class.php 第 466 行.
NOTIC: [8] Undefined variable: is_finish /var/www/dzxt/s/tp/Application/Flow/Controller/RunController.class.php 第 466 行.
NOTIC: [8] Undefined variable: is_finish /var/www/dzxt/s/tp/Application/Flow/Controller/RunController.class.php 第 466 行.
NOTIC: [8] Undefined variable: is_finish /var/www/dzxt/s/tp/Application/Flow/Controller/RunController.class.php 第 466 行.
NOTIC: [8] Undefined variable: is_finish /var/www/dzxt/s/tp/Application/Flow/Controller/RunController.class.php 第 466 行.
NOTIC: [8] Undefined variable: is_finish /var/www/dzxt/s/tp/Application/Flow/Controller/RunController.class.php 第 466 行.
NOTIC: [8] Undefined variable: is_finish /var/www/dzxt/s/tp/Application/Flow/Controller/RunController.class.php 第 466 行.
NOTIC: [8] Undefined variable: is_finish /var/www/dzxt/s/tp/Application/Flow/Controller/RunController.class.php 第 466 行.
NOTIC: [8] Undefined variable: is_finish /var/www/dzxt/s/tp/Application/Flow/Controller/RunController.class.php 第 466 行.
NOTIC: [8] Undefined variable: is_finish /var/www/dzxt/s/tp/Application/Flow/Controller/RunController.class.php 第 466 行.
NOTIC: [8] Undefined variable: is_finish /var/www/dzxt/s/tp/Application/Flow/Controller/RunController.class.php 第 466 行.
NOTIC: [8] Undefined variable: is_finish /var/www/dzxt/s/tp/Application/Flow/Controller/RunController.class.php 第 466 行.
NOTIC: [8] Undefined variable: is_finish /var/www/dzxt/s/tp/Application/Flow/Controller/RunController.class.php 第 466 行.
NOTIC: [8] Undefined variable: is_finish /var/www/dzxt/s/tp/Application/Flow/Controller/RunController.class.php 第 466 行.
NOTIC: [8] Undefined variable: is_finish /var/www/dzxt/s/tp/Application/Flow/Controller/RunController.class.php 第 466 行.
NOTIC: [8] Undefined variable: is_finish /var/www/dzxt/s/tp/Application/Flow/Controller/RunController.class.php 第 466 行.
NOTIC: [8] Undefined variable: is_finish /var/www/dzxt/s/tp/Application/Flow/Controller/RunController.class.php 第 466 行.
NOTIC: [8] Undefined variable: is_finish /var/www/dzxt/s/tp/Application/Flow/Controller/RunController.class.php 第 466 行.
NOTIC: [8] Undefined variable: is_finish /var/www/dzxt/s/tp/Application/Flow/Controller/RunController.class.php 第 466 行.
NOTIC: [8] Undefined variable: is_finish /var/www/dzxt/s/tp/Application/Flow/Controller/RunController.class.php 第 466 行.
NOTIC: [8] Undefined variable: is_finish /var/www/dzxt/s/tp/Application/Flow/Controller/RunController.class.php 第 466 行.
NOTIC: [8] Undefined variable: is_finish /var/www/dzxt/s/tp/Application/Flow/Controller/RunController.class.php 第 466 行.
NOTIC: [8] Undefined variable: is_finish /var/www/dzxt/s/tp/Application/Flow/Controller/RunController.class.php 第 466 行.
NOTIC: [8] Undefined variable: is_finish /var/www/dzxt/s/tp/Application/Flow/Controller/RunController.class.php 第 466 行.
NOTIC: [8] Undefined variable: is_finish /var/www/dzxt/s/tp/Application/Flow/Controller/RunController.class.php 第 466 行.
NOTIC: [8] Undefined variable: is_finish /var/www/dzxt/s/tp/Application/Flow/Controller/RunController.class.php 第 466 行.
NOTIC: [8] Undefined variable: is_finish /var/www/dzxt/s/tp/Application/Flow/Controller/RunController.class.php 第 466 行.
NOTIC: [8] Undefined variable: is_finish /var/www/dzxt/s/tp/Application/Flow/Controller/RunController.class.php 第 466 行.
INFO: [ view_parse ] --START--
INFO: [ template_filter ] --START--
INFO: Run Behavior\ContentReplaceBehavior [ RunTime:0.000040s ]
INFO: [ template_filter ] --END-- [ RunTime:0.000089s ]
INFO: Run Behavior\ParseTemplateBehavior [ RunTime:0.002391s ]
INFO: [ view_parse ] --END-- [ RunTime:0.002443s ]
INFO: [ view_filter ] --START--
INFO: Run Behavior\WriteHtmlCacheBehavior [ RunTime:0.000051s ]
INFO: [ view_filter ] --END-- [ RunTime:0.000090s ]
INFO: [ app_end ] --START--
INFO: Run Behavior\ShowPageTraceBehavior [ RunTime:0.000056s ]
INFO: [ app_end ] --END-- [ RunTime:0.000097s ]

[ 2016-05-12T09:57:32+08:00 ] 113.94.20.17 /s/tp/wwwroot/index.php?s=/Flow/run/getflowlist/type/getmyflow
INFO: [ app_init ] --START--
INFO: Run Behavior\BuildLiteBehavior [ RunTime:0.000021s ]
INFO: [ app_init ] --END-- [ RunTime:0.000129s ]
INFO: [ app_begin ] --START--
INFO: Run Behavior\ReadHtmlCacheBehavior [ RunTime:0.000072s ]
INFO: [ app_begin ] --END-- [ RunTime:0.000144s ]
NOTIC: [2048] Declaration of Flow\Controller\RunController::show() should be compatible with Think\Controller::show($content, $charset = '', $contentType = '', $prefix = '') /var/www/dzxt/s/tp/Application/Flow/Controller/RunController.class.php 第 4 行.
SQL: SHOW COLUMNS FROM `ht_run` [ RunTime:0.0009s ]
SQL: SELECT * FROM `ht_run` WHERE `uid` = '320'  [ RunTime:0.0004s ]
NOTIC: [2] Invalid argument supplied for foreach() /var/www/dzxt/s/tp/Application/Flow/Controller/RunController.class.php 第 457 行.
INFO: [ view_parse ] --START--
INFO: [ template_filter ] --START--
INFO: Run Behavior\ContentReplaceBehavior [ RunTime:0.000052s ]
INFO: [ template_filter ] --END-- [ RunTime:0.000127s ]
INFO: Run Behavior\ParseTemplateBehavior [ RunTime:0.003486s ]
INFO: [ view_parse ] --END-- [ RunTime:0.003563s ]
INFO: [ view_filter ] --START--
INFO: Run Behavior\WriteHtmlCacheBehavior [ RunTime:0.000085s ]
INFO: [ view_filter ] --END-- [ RunTime:0.000145s ]
INFO: [ app_end ] --START--
INFO: Run Behavior\ShowPageTraceBehavior [ RunTime:0.000068s ]
INFO: [ app_end ] --END-- [ RunTime:0.000128s ]

[ 2016-05-12T10:04:47+08:00 ] 113.94.20.17 /s/tp/wwwroot/index.php?s=/Flow/run/getflow/flow_id/18.html
INFO: [ app_init ] --START--
INFO: Run Behavior\BuildLiteBehavior [ RunTime:0.000022s ]
INFO: [ app_init ] --END-- [ RunTime:0.000154s ]
INFO: [ app_begin ] --START--
INFO: Run Behavior\ReadHtmlCacheBehavior [ RunTime:0.000079s ]
INFO: [ app_begin ] --END-- [ RunTime:0.000143s ]
NOTIC: [2048] Declaration of Flow\Controller\RunController::show() should be compatible with Think\Controller::show($content, $charset = '', $contentType = '', $prefix = '') /var/www/dzxt/s/tp/Application/Flow/Controller/RunController.class.php 第 4 行.
SQL: SHOW COLUMNS FROM `ht_flow_process` [ RunTime:0.0014s ]
SQL: SHOW COLUMNS FROM `ht_flow` [ RunTime:0.0008s ]
SQL: SELECT * FROM `ht_flow` WHERE `id` = 18 AND `is_del` = 0 LIMIT 1   [ RunTime:0.0005s ]
SQL: SELECT * FROM `ht_flow_process` WHERE `flow_id` = 18 AND `is_del` = 0 AND `process_type` = 'is_one' LIMIT 1   [ RunTime:0.0005s ]
NOTIC: [8] Undefined index: powers /var/www/dzxt/s/tp/Application/Flow/Controller/RunController.class.php 第 158 行.
NOTIC: [8] Undefined index: form_id /var/www/dzxt/s/tp/Application/Flow/Controller/RunController.class.php 第 164 行.
NOTIC: [8] Undefined index: form_id /var/www/dzxt/s/tp/Application/Flow/Controller/RunController.class.php 第 169 行.
NOTIC: [8] Undefined index: nav /var/www/dzxt/s/tp/Application/Flow/Controller/RunController.class.php 第 191 行.
NOTIC: [8] Undefined index: formcon /var/www/dzxt/s/tp/Application/Flow/Controller/RunController.class.php 第 201 行.
INFO: [ app_end ] --START--
INFO: Run Behavior\ShowPageTraceBehavior [ RunTime:0.000102s ]
INFO: [ app_end ] --END-- [ RunTime:0.000176s ]

[ 2016-05-12T11:18:14+08:00 ] 183.21.26.242 /s/tp/wwwroot/index.php?s=/Flow/run/getflowlist/type/getmyflow
INFO: [ app_init ] --START--
INFO: Run Behavior\BuildLiteBehavior [ RunTime:0.000023s ]
INFO: [ app_init ] --END-- [ RunTime:0.000185s ]
INFO: [ app_begin ] --START--
INFO: Run Behavior\ReadHtmlCacheBehavior [ RunTime:0.000083s ]
INFO: [ app_begin ] --END-- [ RunTime:0.000154s ]
NOTIC: [2048] Declaration of Flow\Controller\RunController::show() should be compatible with Think\Controller::show($content, $charset = '', $contentType = '', $prefix = '') /var/www/dzxt/s/tp/Application/Flow/Controller/RunController.class.php 第 4 行.
SQL: SHOW COLUMNS FROM `ht_run` [ RunTime:0.0008s ]
SQL: SELECT * FROM `ht_run` WHERE `uid` = '178'  [ RunTime:0.0010s ]
NOTIC: [8] Undefined variable: is_finish /var/www/dzxt/s/tp/Application/Flow/Controller/RunController.class.php 第 466 行.
NOTIC: [8] Undefined variable: is_finish /var/www/dzxt/s/tp/Application/Flow/Controller/RunController.class.php 第 466 行.
NOTIC: [8] Undefined variable: is_finish /var/www/dzxt/s/tp/Application/Flow/Controller/RunController.class.php 第 466 行.
NOTIC: [8] Undefined variable: is_finish /var/www/dzxt/s/tp/Application/Flow/Controller/RunController.class.php 第 466 行.
NOTIC: [8] Undefined variable: is_finish /var/www/dzxt/s/tp/Application/Flow/Controller/RunController.class.php 第 466 行.
NOTIC: [8] Undefined variable: is_finish /var/www/dzxt/s/tp/Application/Flow/Controller/RunController.class.php 第 466 行.
NOTIC: [8] Undefined variable: is_finish /var/www/dzxt/s/tp/Application/Flow/Controller/RunController.class.php 第 466 行.
NOTIC: [8] Undefined variable: is_finish /var/www/dzxt/s/tp/Application/Flow/Controller/RunController.class.php 第 466 行.
NOTIC: [8] Undefined variable: is_finish /var/www/dzxt/s/tp/Application/Flow/Controller/RunController.class.php 第 466 行.
NOTIC: [8] Undefined variable: is_finish /var/www/dzxt/s/tp/Application/Flow/Controller/RunController.class.php 第 466 行.
NOTIC: [8] Undefined variable: is_finish /var/www/dzxt/s/tp/Application/Flow/Controller/RunController.class.php 第 466 行.
NOTIC: [8] Undefined variable: is_finish /var/www/dzxt/s/tp/Application/Flow/Controller/RunController.class.php 第 466 行.
NOTIC: [8] Undefined variable: is_finish /var/www/dzxt/s/tp/Application/Flow/Controller/RunController.class.php 第 466 行.
NOTIC: [8] Undefined variable: is_finish /var/www/dzxt/s/tp/Application/Flow/Controller/RunController.class.php 第 466 行.
NOTIC: [8] Undefined variable: is_finish /var/www/dzxt/s/tp/Application/Flow/Controller/RunController.class.php 第 466 行.
NOTIC: [8] Undefined variable: is_finish /var/www/dzxt/s/tp/Application/Flow/Controller/RunController.class.php 第 466 行.
NOTIC: [8] Undefined variable: is_finish /var/www/dzxt/s/tp/Application/Flow/Controller/RunController.class.php 第 466 行.
NOTIC: [8] Undefined variable: is_finish /var/www/dzxt/s/tp/Application/Flow/Controller/RunController.class.php 第 466 行.
NOTIC: [8] Undefined variable: is_finish /var/www/dzxt/s/tp/Application/Flow/Controller/RunController.class.php 第 466 行.
NOTIC: [8] Undefined variable: is_finish /var/www/dzxt/s/tp/Application/Flow/Controller/RunController.class.php 第 466 行.
NOTIC: [8] Undefined variable: is_finish /var/www/dzxt/s/tp/Application/Flow/Controller/RunController.class.php 第 466 行.
NOTIC: [8] Undefined variable: is_finish /var/www/dzxt/s/tp/Application/Flow/Controller/RunController.class.php 第 466 行.
NOTIC: [8] Undefined variable: is_finish /var/www/dzxt/s/tp/Application/Flow/Controller/RunController.class.php 第 466 行.
NOTIC: [8] Undefined variable: is_finish /var/www/dzxt/s/tp/Application/Flow/Controller/RunController.class.php 第 466 行.
NOTIC: [8] Undefined variable: is_finish /var/www/dzxt/s/tp/Application/Flow/Controller/RunController.class.php 第 466 行.
NOTIC: [8] Undefined variable: is_finish /var/www/dzxt/s/tp/Application/Flow/Controller/RunController.class.php 第 466 行.
NOTIC: [8] Undefined variable: is_finish /var/www/dzxt/s/tp/Application/Flow/Controller/RunController.class.php 第 466 行.
NOTIC: [8] Undefined variable: is_finish /var/www/dzxt/s/tp/Application/Flow/Controller/RunController.class.php 第 466 行.
NOTIC: [8] Undefined variable: is_finish /var/www/dzxt/s/tp/Application/Flow/Controller/RunController.class.php 第 466 行.
NOTIC: [8] Undefined variable: is_finish /var/www/dzxt/s/tp/Application/Flow/Controller/RunController.class.php 第 466 行.
NOTIC: [8] Undefined variable: is_finish /var/www/dzxt/s/tp/Application/Flow/Controller/RunController.class.php 第 466 行.
NOTIC: [8] Undefined variable: is_finish /var/www/dzxt/s/tp/Application/Flow/Controller/RunController.class.php 第 466 行.
NOTIC: [8] Undefined variable: is_finish /var/www/dzxt/s/tp/Application/Flow/Controller/RunController.class.php 第 466 行.
NOTIC: [8] Undefined variable: is_finish /var/www/dzxt/s/tp/Application/Flow/Controller/RunController.class.php 第 466 行.
NOTIC: [8] Undefined variable: is_finish /var/www/dzxt/s/tp/Application/Flow/Controller/RunController.class.php 第 466 行.
NOTIC: [8] Undefined variable: is_finish /var/www/dzxt/s/tp/Application/Flow/Controller/RunController.class.php 第 466 行.
NOTIC: [8] Undefined variable: is_finish /var/www/dzxt/s/tp/Application/Flow/Controller/RunController.class.php 第 466 行.
NOTIC: [8] Undefined variable: is_finish /var/www/dzxt/s/tp/Application/Flow/Controller/RunController.class.php 第 466 行.
NOTIC: [8] Undefined variable: is_finish /var/www/dzxt/s/tp/Application/Flow/Controller/RunController.class.php 第 466 行.
NOTIC: [8] Undefined variable: is_finish /var/www/dzxt/s/tp/Application/Flow/Controller/RunController.class.php 第 466 行.
NOTIC: [8] Undefined variable: is_finish /var/www/dzxt/s/tp/Application/Flow/Controller/RunController.class.php 第 466 行.
NOTIC: [8] Undefined variable: is_finish /var/www/dzxt/s/tp/Application/Flow/Controller/RunController.class.php 第 466 行.
NOTIC: [8] Undefined variable: is_finish /var/www/dzxt/s/tp/Application/Flow/Controller/RunController.class.php 第 466 行.
NOTIC: [8] Undefined variable: is_finish /var/www/dzxt/s/tp/Application/Flow/Controller/RunController.class.php 第 466 行.
NOTIC: [8] Undefined variable: is_finish /var/www/dzxt/s/tp/Application/Flow/Controller/RunController.class.php 第 466 行.
NOTIC: [8] Undefined variable: is_finish /var/www/dzxt/s/tp/Application/Flow/Controller/RunController.class.php 第 466 行.
NOTIC: [8] Undefined variable: is_finish /var/www/dzxt/s/tp/Application/Flow/Controller/RunController.class.php 第 466 行.
NOTIC: [8] Undefined variable: is_finish /var/www/dzxt/s/tp/Application/Flow/Controller/RunController.class.php 第 466 行.
NOTIC: [8] Undefined variable: is_finish /var/www/dzxt/s/tp/Application/Flow/Controller/RunController.class.php 第 466 行.
NOTIC: [8] Undefined variable: is_finish /var/www/dzxt/s/tp/Application/Flow/Controller/RunController.class.php 第 466 行.
NOTIC: [8] Undefined variable: is_finish /var/www/dzxt/s/tp/Application/Flow/Controller/RunController.class.php 第 466 行.
NOTIC: [8] Undefined variable: is_finish /var/www/dzxt/s/tp/Application/Flow/Controller/RunController.class.php 第 466 行.
NOTIC: [8] Undefined variable: is_finish /var/www/dzxt/s/tp/Application/Flow/Controller/RunController.class.php 第 466 行.
NOTIC: [8] Undefined variable: is_finish /var/www/dzxt/s/tp/Application/Flow/Controller/RunController.class.php 第 466 行.
NOTIC: [8] Undefined variable: is_finish /var/www/dzxt/s/tp/Application/Flow/Controller/RunController.class.php 第 466 行.
NOTIC: [8] Undefined variable: is_finish /var/www/dzxt/s/tp/Application/Flow/Controller/RunController.class.php 第 466 行.
NOTIC: [8] Undefined variable: is_finish /var/www/dzxt/s/tp/Application/Flow/Controller/RunController.class.php 第 466 行.
NOTIC: [8] Undefined variable: is_finish /var/www/dzxt/s/tp/Application/Flow/Controller/RunController.class.php 第 466 行.
NOTIC: [8] Undefined variable: is_finish /var/www/dzxt/s/tp/Application/Flow/Controller/RunController.class.php 第 466 行.
NOTIC: [8] Undefined variable: is_finish /var/www/dzxt/s/tp/Application/Flow/Controller/RunController.class.php 第 466 行.
NOTIC: [8] Undefined variable: is_finish /var/www/dzxt/s/tp/Application/Flow/Controller/RunController.class.php 第 466 行.
NOTIC: [8] Undefined variable: is_finish /var/www/dzxt/s/tp/Application/Flow/Controller/RunController.class.php 第 466 行.
NOTIC: [8] Undefined variable: is_finish /var/www/dzxt/s/tp/Application/Flow/Controller/RunController.class.php 第 466 行.
NOTIC: [8] Undefined variable: is_finish /var/www/dzxt/s/tp/Application/Flow/Controller/RunController.class.php 第 466 行.
NOTIC: [8] Undefined variable: is_finish /var/www/dzxt/s/tp/Application/Flow/Controller/RunController.class.php 第 466 行.
NOTIC: [8] Undefined variable: is_finish /var/www/dzxt/s/tp/Application/Flow/Controller/RunController.class.php 第 466 行.
NOTIC: [8] Undefined variable: is_finish /var/www/dzxt/s/tp/Application/Flow/Controller/RunController.class.php 第 466 行.
NOTIC: [8] Undefined variable: is_finish /var/www/dzxt/s/tp/Application/Flow/Controller/RunController.class.php 第 466 行.
NOTIC: [8] Undefined variable: is_finish /var/www/dzxt/s/tp/Application/Flow/Controller/RunController.class.php 第 466 行.
NOTIC: [8] Undefined variable: is_finish /var/www/dzxt/s/tp/Application/Flow/Controller/RunController.class.php 第 466 行.
NOTIC: [8] Undefined variable: is_finish /var/www/dzxt/s/tp/Application/Flow/Controller/RunController.class.php 第 466 行.
NOTIC: [8] Undefined variable: is_finish /var/www/dzxt/s/tp/Application/Flow/Controller/RunController.class.php 第 466 行.
NOTIC: [8] Undefined variable: is_finish /var/www/dzxt/s/tp/Application/Flow/Controller/RunController.class.php 第 466 行.
NOTIC: [8] Undefined variable: is_finish /var/www/dzxt/s/tp/Application/Flow/Controller/RunController.class.php 第 466 行.
NOTIC: [8] Undefined variable: is_finish /var/www/dzxt/s/tp/Application/Flow/Controller/RunController.class.php 第 466 行.
NOTIC: [8] Undefined variable: is_finish /var/www/dzxt/s/tp/Application/Flow/Controller/RunController.class.php 第 466 行.
NOTIC: [8] Undefined variable: is_finish /var/www/dzxt/s/tp/Application/Flow/Controller/RunController.class.php 第 466 行.
NOTIC: [8] Undefined variable: is_finish /var/www/dzxt/s/tp/Application/Flow/Controller/RunController.class.php 第 466 行.
NOTIC: [8] Undefined variable: is_finish /var/www/dzxt/s/tp/Application/Flow/Controller/RunController.class.php 第 466 行.
NOTIC: [8] Undefined variable: is_finish /var/www/dzxt/s/tp/Application/Flow/Controller/RunController.class.php 第 466 行.
NOTIC: [8] Undefined variable: is_finish /var/www/dzxt/s/tp/Application/Flow/Controller/RunController.class.php 第 466 行.
NOTIC: [8] Undefined variable: is_finish /var/www/dzxt/s/tp/Application/Flow/Controller/RunController.class.php 第 466 行.
NOTIC: [8] Undefined variable: is_finish /var/www/dzxt/s/tp/Application/Flow/Controller/RunController.class.php 第 466 行.
NOTIC: [8] Undefined variable: is_finish /var/www/dzxt/s/tp/Application/Flow/Controller/RunController.class.php 第 466 行.
NOTIC: [8] Undefined variable: is_finish /var/www/dzxt/s/tp/Application/Flow/Controller/RunController.class.php 第 466 行.
NOTIC: [8] Undefined variable: is_finish /var/www/dzxt/s/tp/Application/Flow/Controller/RunController.class.php 第 466 行.
NOTIC: [8] Undefined variable: is_finish /var/www/dzxt/s/tp/Application/Flow/Controller/RunController.class.php 第 466 行.
NOTIC: [8] Undefined variable: is_finish /var/www/dzxt/s/tp/Application/Flow/Controller/RunController.class.php 第 466 行.
NOTIC: [8] Undefined variable: is_finish /var/www/dzxt/s/tp/Application/Flow/Controller/RunController.class.php 第 466 行.
NOTIC: [8] Undefined variable: is_finish /var/www/dzxt/s/tp/Application/Flow/Controller/RunController.class.php 第 466 行.
NOTIC: [8] Undefined variable: is_finish /var/www/dzxt/s/tp/Application/Flow/Controller/RunController.class.php 第 466 行.
NOTIC: [8] Undefined variable: is_finish /var/www/dzxt/s/tp/Application/Flow/Controller/RunController.class.php 第 466 行.
NOTIC: [8] Undefined variable: is_finish /var/www/dzxt/s/tp/Application/Flow/Controller/RunController.class.php 第 466 行.
NOTIC: [8] Undefined variable: is_finish /var/www/dzxt/s/tp/Application/Flow/Controller/RunController.class.php 第 466 行.
NOTIC: [8] Undefined variable: is_finish /var/www/dzxt/s/tp/Application/Flow/Controller/RunController.class.php 第 466 行.
NOTIC: [8] Undefined variable: is_finish /var/www/dzxt/s/tp/Application/Flow/Controller/RunController.class.php 第 466 行.
NOTIC: [8] Undefined variable: is_finish /var/www/dzxt/s/tp/Application/Flow/Controller/RunController.class.php 第 466 行.
NOTIC: [8] Undefined variable: is_finish /var/www/dzxt/s/tp/Application/Flow/Controller/RunController.class.php 第 466 行.
INFO: [ view_parse ] --START--
INFO: [ template_filter ] --START--
INFO: Run Behavior\ContentReplaceBehavior [ RunTime:0.000043s ]
INFO: [ template_filter ] --END-- [ RunTime:0.000101s ]
INFO: Run Behavior\ParseTemplateBehavior [ RunTime:0.002697s ]
INFO: [ view_parse ] --END-- [ RunTime:0.002753s ]
INFO: [ view_filter ] --START--
INFO: Run Behavior\WriteHtmlCacheBehavior [ RunTime:0.000055s ]
INFO: [ view_filter ] --END-- [ RunTime:0.000096s ]
INFO: [ app_end ] --START--
INFO: Run Behavior\ShowPageTraceBehavior [ RunTime:0.000058s ]
INFO: [ app_end ] --END-- [ RunTime:0.000102s ]

[ 2016-05-12T11:54:54+08:00 ] 183.21.26.242 /s/tp/wwwroot/index.php?s=/Flow/run/getflowlist/type/getmyflow
INFO: [ app_init ] --START--
INFO: Run Behavior\BuildLiteBehavior [ RunTime:0.000024s ]
INFO: [ app_init ] --END-- [ RunTime:0.000171s ]
INFO: [ app_begin ] --START--
INFO: Run Behavior\ReadHtmlCacheBehavior [ RunTime:0.000072s ]
INFO: [ app_begin ] --END-- [ RunTime:0.000135s ]
NOTIC: [2048] Declaration of Flow\Controller\RunController::show() should be compatible with Think\Controller::show($content, $charset = '', $contentType = '', $prefix = '') /var/www/dzxt/s/tp/Application/Flow/Controller/RunController.class.php 第 4 行.
SQL: SHOW COLUMNS FROM `ht_run` [ RunTime:0.0006s ]
SQL: SELECT * FROM `ht_run` WHERE `uid` = '178'  [ RunTime:0.0002s ]
NOTIC: [8] Undefined variable: is_finish /var/www/dzxt/s/tp/Application/Flow/Controller/RunController.class.php 第 466 行.
NOTIC: [8] Undefined variable: is_finish /var/www/dzxt/s/tp/Application/Flow/Controller/RunController.class.php 第 466 行.
NOTIC: [8] Undefined variable: is_finish /var/www/dzxt/s/tp/Application/Flow/Controller/RunController.class.php 第 466 行.
NOTIC: [8] Undefined variable: is_finish /var/www/dzxt/s/tp/Application/Flow/Controller/RunController.class.php 第 466 行.
NOTIC: [8] Undefined variable: is_finish /var/www/dzxt/s/tp/Application/Flow/Controller/RunController.class.php 第 466 行.
NOTIC: [8] Undefined variable: is_finish /var/www/dzxt/s/tp/Application/Flow/Controller/RunController.class.php 第 466 行.
NOTIC: [8] Undefined variable: is_finish /var/www/dzxt/s/tp/Application/Flow/Controller/RunController.class.php 第 466 行.
NOTIC: [8] Undefined variable: is_finish /var/www/dzxt/s/tp/Application/Flow/Controller/RunController.class.php 第 466 行.
NOTIC: [8] Undefined variable: is_finish /var/www/dzxt/s/tp/Application/Flow/Controller/RunController.class.php 第 466 行.
NOTIC: [8] Undefined variable: is_finish /var/www/dzxt/s/tp/Application/Flow/Controller/RunController.class.php 第 466 行.
NOTIC: [8] Undefined variable: is_finish /var/www/dzxt/s/tp/Application/Flow/Controller/RunController.class.php 第 466 行.
NOTIC: [8] Undefined variable: is_finish /var/www/dzxt/s/tp/Application/Flow/Controller/RunController.class.php 第 466 行.
NOTIC: [8] Undefined variable: is_finish /var/www/dzxt/s/tp/Application/Flow/Controller/RunController.class.php 第 466 行.
NOTIC: [8] Undefined variable: is_finish /var/www/dzxt/s/tp/Application/Flow/Controller/RunController.class.php 第 466 行.
NOTIC: [8] Undefined variable: is_finish /var/www/dzxt/s/tp/Application/Flow/Controller/RunController.class.php 第 466 行.
NOTIC: [8] Undefined variable: is_finish /var/www/dzxt/s/tp/Application/Flow/Controller/RunController.class.php 第 466 行.
NOTIC: [8] Undefined variable: is_finish /var/www/dzxt/s/tp/Application/Flow/Controller/RunController.class.php 第 466 行.
NOTIC: [8] Undefined variable: is_finish /var/www/dzxt/s/tp/Application/Flow/Controller/RunController.class.php 第 466 行.
NOTIC: [8] Undefined variable: is_finish /var/www/dzxt/s/tp/Application/Flow/Controller/RunController.class.php 第 466 行.
NOTIC: [8] Undefined variable: is_finish /var/www/dzxt/s/tp/Application/Flow/Controller/RunController.class.php 第 466 行.
NOTIC: [8] Undefined variable: is_finish /var/www/dzxt/s/tp/Application/Flow/Controller/RunController.class.php 第 466 行.
NOTIC: [8] Undefined variable: is_finish /var/www/dzxt/s/tp/Application/Flow/Controller/RunController.class.php 第 466 行.
NOTIC: [8] Undefined variable: is_finish /var/www/dzxt/s/tp/Application/Flow/Controller/RunController.class.php 第 466 行.
NOTIC: [8] Undefined variable: is_finish /var/www/dzxt/s/tp/Application/Flow/Controller/RunController.class.php 第 466 行.
NOTIC: [8] Undefined variable: is_finish /var/www/dzxt/s/tp/Application/Flow/Controller/RunController.class.php 第 466 行.
NOTIC: [8] Undefined variable: is_finish /var/www/dzxt/s/tp/Application/Flow/Controller/RunController.class.php 第 466 行.
NOTIC: [8] Undefined variable: is_finish /var/www/dzxt/s/tp/Application/Flow/Controller/RunController.class.php 第 466 行.
NOTIC: [8] Undefined variable: is_finish /var/www/dzxt/s/tp/Application/Flow/Controller/RunController.class.php 第 466 行.
NOTIC: [8] Undefined variable: is_finish /var/www/dzxt/s/tp/Application/Flow/Controller/RunController.class.php 第 466 行.
NOTIC: [8] Undefined variable: is_finish /var/www/dzxt/s/tp/Application/Flow/Controller/RunController.class.php 第 466 行.
NOTIC: [8] Undefined variable: is_finish /var/www/dzxt/s/tp/Application/Flow/Controller/RunController.class.php 第 466 行.
NOTIC: [8] Undefined variable: is_finish /var/www/dzxt/s/tp/Application/Flow/Controller/RunController.class.php 第 466 行.
NOTIC: [8] Undefined variable: is_finish /var/www/dzxt/s/tp/Application/Flow/Controller/RunController.class.php 第 466 行.
NOTIC: [8] Undefined variable: is_finish /var/www/dzxt/s/tp/Application/Flow/Controller/RunController.class.php 第 466 行.
NOTIC: [8] Undefined variable: is_finish /var/www/dzxt/s/tp/Application/Flow/Controller/RunController.class.php 第 466 行.
NOTIC: [8] Undefined variable: is_finish /var/www/dzxt/s/tp/Application/Flow/Controller/RunController.class.php 第 466 行.
NOTIC: [8] Undefined variable: is_finish /var/www/dzxt/s/tp/Application/Flow/Controller/RunController.class.php 第 466 行.
NOTIC: [8] Undefined variable: is_finish /var/www/dzxt/s/tp/Application/Flow/Controller/RunController.class.php 第 466 行.
NOTIC: [8] Undefined variable: is_finish /var/www/dzxt/s/tp/Application/Flow/Controller/RunController.class.php 第 466 行.
NOTIC: [8] Undefined variable: is_finish /var/www/dzxt/s/tp/Application/Flow/Controller/RunController.class.php 第 466 行.
NOTIC: [8] Undefined variable: is_finish /var/www/dzxt/s/tp/Application/Flow/Controller/RunController.class.php 第 466 行.
NOTIC: [8] Undefined variable: is_finish /var/www/dzxt/s/tp/Application/Flow/Controller/RunController.class.php 第 466 行.
NOTIC: [8] Undefined variable: is_finish /var/www/dzxt/s/tp/Application/Flow/Controller/RunController.class.php 第 466 行.
NOTIC: [8] Undefined variable: is_finish /var/www/dzxt/s/tp/Application/Flow/Controller/RunController.class.php 第 466 行.
NOTIC: [8] Undefined variable: is_finish /var/www/dzxt/s/tp/Application/Flow/Controller/RunController.class.php 第 466 行.
NOTIC: [8] Undefined variable: is_finish /var/www/dzxt/s/tp/Application/Flow/Controller/RunController.class.php 第 466 行.
NOTIC: [8] Undefined variable: is_finish /var/www/dzxt/s/tp/Application/Flow/Controller/RunController.class.php 第 466 行.
NOTIC: [8] Undefined variable: is_finish /var/www/dzxt/s/tp/Application/Flow/Controller/RunController.class.php 第 466 行.
NOTIC: [8] Undefined variable: is_finish /var/www/dzxt/s/tp/Application/Flow/Controller/RunController.class.php 第 466 行.
NOTIC: [8] Undefined variable: is_finish /var/www/dzxt/s/tp/Application/Flow/Controller/RunController.class.php 第 466 行.
NOTIC: [8] Undefined variable: is_finish /var/www/dzxt/s/tp/Application/Flow/Controller/RunController.class.php 第 466 行.
NOTIC: [8] Undefined variable: is_finish /var/www/dzxt/s/tp/Application/Flow/Controller/RunController.class.php 第 466 行.
NOTIC: [8] Undefined variable: is_finish /var/www/dzxt/s/tp/Application/Flow/Controller/RunController.class.php 第 466 行.
NOTIC: [8] Undefined variable: is_finish /var/www/dzxt/s/tp/Application/Flow/Controller/RunController.class.php 第 466 行.
NOTIC: [8] Undefined variable: is_finish /var/www/dzxt/s/tp/Application/Flow/Controller/RunController.class.php 第 466 行.
NOTIC: [8] Undefined variable: is_finish /var/www/dzxt/s/tp/Application/Flow/Controller/RunController.class.php 第 466 行.
NOTIC: [8] Undefined variable: is_finish /var/www/dzxt/s/tp/Application/Flow/Controller/RunController.class.php 第 466 行.
NOTIC: [8] Undefined variable: is_finish /var/www/dzxt/s/tp/Application/Flow/Controller/RunController.class.php 第 466 行.
NOTIC: [8] Undefined variable: is_finish /var/www/dzxt/s/tp/Application/Flow/Controller/RunController.class.php 第 466 行.
NOTIC: [8] Undefined variable: is_finish /var/www/dzxt/s/tp/Application/Flow/Controller/RunController.class.php 第 466 行.
NOTIC: [8] Undefined variable: is_finish /var/www/dzxt/s/tp/Application/Flow/Controller/RunController.class.php 第 466 行.
NOTIC: [8] Undefined variable: is_finish /var/www/dzxt/s/tp/Application/Flow/Controller/RunController.class.php 第 466 行.
NOTIC: [8] Undefined variable: is_finish /var/www/dzxt/s/tp/Application/Flow/Controller/RunController.class.php 第 466 行.
NOTIC: [8] Undefined variable: is_finish /var/www/dzxt/s/tp/Application/Flow/Controller/RunController.class.php 第 466 行.
NOTIC: [8] Undefined variable: is_finish /var/www/dzxt/s/tp/Application/Flow/Controller/RunController.class.php 第 466 行.
NOTIC: [8] Undefined variable: is_finish /var/www/dzxt/s/tp/Application/Flow/Controller/RunController.class.php 第 466 行.
NOTIC: [8] Undefined variable: is_finish /var/www/dzxt/s/tp/Application/Flow/Controller/RunController.class.php 第 466 行.
NOTIC: [8] Undefined variable: is_finish /var/www/dzxt/s/tp/Application/Flow/Controller/RunController.class.php 第 466 行.
NOTIC: [8] Undefined variable: is_finish /var/www/dzxt/s/tp/Application/Flow/Controller/RunController.class.php 第 466 行.
NOTIC: [8] Undefined variable: is_finish /var/www/dzxt/s/tp/Application/Flow/Controller/RunController.class.php 第 466 行.
NOTIC: [8] Undefined variable: is_finish /var/www/dzxt/s/tp/Application/Flow/Controller/RunController.class.php 第 466 行.
NOTIC: [8] Undefined variable: is_finish /var/www/dzxt/s/tp/Application/Flow/Controller/RunController.class.php 第 466 行.
NOTIC: [8] Undefined variable: is_finish /var/www/dzxt/s/tp/Application/Flow/Controller/RunController.class.php 第 466 行.
NOTIC: [8] Undefined variable: is_finish /var/www/dzxt/s/tp/Application/Flow/Controller/RunController.class.php 第 466 行.
NOTIC: [8] Undefined variable: is_finish /var/www/dzxt/s/tp/Application/Flow/Controller/RunController.class.php 第 466 行.
NOTIC: [8] Undefined variable: is_finish /var/www/dzxt/s/tp/Application/Flow/Controller/RunController.class.php 第 466 行.
NOTIC: [8] Undefined variable: is_finish /var/www/dzxt/s/tp/Application/Flow/Controller/RunController.class.php 第 466 行.
NOTIC: [8] Undefined variable: is_finish /var/www/dzxt/s/tp/Application/Flow/Controller/RunController.class.php 第 466 行.
NOTIC: [8] Undefined variable: is_finish /var/www/dzxt/s/tp/Application/Flow/Controller/RunController.class.php 第 466 行.
NOTIC: [8] Undefined variable: is_finish /var/www/dzxt/s/tp/Application/Flow/Controller/RunController.class.php 第 466 行.
NOTIC: [8] Undefined variable: is_finish /var/www/dzxt/s/tp/Application/Flow/Controller/RunController.class.php 第 466 行.
NOTIC: [8] Undefined variable: is_finish /var/www/dzxt/s/tp/Application/Flow/Controller/RunController.class.php 第 466 行.
NOTIC: [8] Undefined variable: is_finish /var/www/dzxt/s/tp/Application/Flow/Controller/RunController.class.php 第 466 行.
NOTIC: [8] Undefined variable: is_finish /var/www/dzxt/s/tp/Application/Flow/Controller/RunController.class.php 第 466 行.
NOTIC: [8] Undefined variable: is_finish /var/www/dzxt/s/tp/Application/Flow/Controller/RunController.class.php 第 466 行.
NOTIC: [8] Undefined variable: is_finish /var/www/dzxt/s/tp/Application/Flow/Controller/RunController.class.php 第 466 行.
NOTIC: [8] Undefined variable: is_finish /var/www/dzxt/s/tp/Application/Flow/Controller/RunController.class.php 第 466 行.
NOTIC: [8] Undefined variable: is_finish /var/www/dzxt/s/tp/Application/Flow/Controller/RunController.class.php 第 466 行.
NOTIC: [8] Undefined variable: is_finish /var/www/dzxt/s/tp/Application/Flow/Controller/RunController.class.php 第 466 行.
NOTIC: [8] Undefined variable: is_finish /var/www/dzxt/s/tp/Application/Flow/Controller/RunController.class.php 第 466 行.
NOTIC: [8] Undefined variable: is_finish /var/www/dzxt/s/tp/Application/Flow/Controller/RunController.class.php 第 466 行.
NOTIC: [8] Undefined variable: is_finish /var/www/dzxt/s/tp/Application/Flow/Controller/RunController.class.php 第 466 行.
NOTIC: [8] Undefined variable: is_finish /var/www/dzxt/s/tp/Application/Flow/Controller/RunController.class.php 第 466 行.
NOTIC: [8] Undefined variable: is_finish /var/www/dzxt/s/tp/Application/Flow/Controller/RunController.class.php 第 466 行.
NOTIC: [8] Undefined variable: is_finish /var/www/dzxt/s/tp/Application/Flow/Controller/RunController.class.php 第 466 行.
NOTIC: [8] Undefined variable: is_finish /var/www/dzxt/s/tp/Application/Flow/Controller/RunController.class.php 第 466 行.
NOTIC: [8] Undefined variable: is_finish /var/www/dzxt/s/tp/Application/Flow/Controller/RunController.class.php 第 466 行.
NOTIC: [8] Undefined variable: is_finish /var/www/dzxt/s/tp/Application/Flow/Controller/RunController.class.php 第 466 行.
INFO: [ view_parse ] --START--
INFO: [ template_filter ] --START--
INFO: Run Behavior\ContentReplaceBehavior [ RunTime:0.000041s ]
INFO: [ template_filter ] --END-- [ RunTime:0.000095s ]
INFO: Run Behavior\ParseTemplateBehavior [ RunTime:0.002814s ]
INFO: [ view_parse ] --END-- [ RunTime:0.002865s ]
INFO: [ view_filter ] --START--
INFO: Run Behavior\WriteHtmlCacheBehavior [ RunTime:0.000052s ]
INFO: [ view_filter ] --END-- [ RunTime:0.000090s ]
INFO: [ app_end ] --START--
INFO: Run Behavior\ShowPageTraceBehavior [ RunTime:0.000064s ]
INFO: [ app_end ] --END-- [ RunTime:0.000104s ]

[ 2016-05-12T11:55:15+08:00 ] 183.21.26.242 /s/tp/wwwroot/index.php?s=/Flow/run/getflowlist/type/getmyflow
INFO: [ app_init ] --START--
INFO: Run Behavior\BuildLiteBehavior [ RunTime:0.000024s ]
INFO: [ app_init ] --END-- [ RunTime:0.000173s ]
INFO: [ app_begin ] --START--
INFO: Run Behavior\ReadHtmlCacheBehavior [ RunTime:0.000074s ]
INFO: [ app_begin ] --END-- [ RunTime:0.000139s ]
NOTIC: [2048] Declaration of Flow\Controller\RunController::show() should be compatible with Think\Controller::show($content, $charset = '', $contentType = '', $prefix = '') /var/www/dzxt/s/tp/Application/Flow/Controller/RunController.class.php 第 4 行.
SQL: SHOW COLUMNS FROM `ht_run` [ RunTime:0.0009s ]
SQL: SELECT * FROM `ht_run` WHERE `uid` = '18'  [ RunTime:0.0013s ]
NOTIC: [8] Undefined variable: is_finish /var/www/dzxt/s/tp/Application/Flow/Controller/RunController.class.php 第 466 行.
NOTIC: [8] Undefined variable: is_finish /var/www/dzxt/s/tp/Application/Flow/Controller/RunController.class.php 第 466 行.
NOTIC: [8] Undefined variable: is_finish /var/www/dzxt/s/tp/Application/Flow/Controller/RunController.class.php 第 466 行.
NOTIC: [8] Undefined variable: is_finish /var/www/dzxt/s/tp/Application/Flow/Controller/RunController.class.php 第 466 行.
NOTIC: [8] Undefined variable: is_finish /var/www/dzxt/s/tp/Application/Flow/Controller/RunController.class.php 第 466 行.
NOTIC: [8] Undefined variable: is_finish /var/www/dzxt/s/tp/Application/Flow/Controller/RunController.class.php 第 466 行.
NOTIC: [8] Undefined variable: is_finish /var/www/dzxt/s/tp/Application/Flow/Controller/RunController.class.php 第 466 行.
NOTIC: [8] Undefined variable: is_finish /var/www/dzxt/s/tp/Application/Flow/Controller/RunController.class.php 第 466 行.
NOTIC: [8] Undefined variable: is_finish /var/www/dzxt/s/tp/Application/Flow/Controller/RunController.class.php 第 466 行.
NOTIC: [8] Undefined variable: is_finish /var/www/dzxt/s/tp/Application/Flow/Controller/RunController.class.php 第 466 行.
NOTIC: [8] Undefined variable: is_finish /var/www/dzxt/s/tp/Application/Flow/Controller/RunController.class.php 第 466 行.
NOTIC: [8] Undefined variable: is_finish /var/www/dzxt/s/tp/Application/Flow/Controller/RunController.class.php 第 466 行.
NOTIC: [8] Undefined variable: is_finish /var/www/dzxt/s/tp/Application/Flow/Controller/RunController.class.php 第 466 行.
NOTIC: [8] Undefined variable: is_finish /var/www/dzxt/s/tp/Application/Flow/Controller/RunController.class.php 第 466 行.
NOTIC: [8] Undefined variable: is_finish /var/www/dzxt/s/tp/Application/Flow/Controller/RunController.class.php 第 466 行.
NOTIC: [8] Undefined variable: is_finish /var/www/dzxt/s/tp/Application/Flow/Controller/RunController.class.php 第 466 行.
NOTIC: [8] Undefined variable: is_finish /var/www/dzxt/s/tp/Application/Flow/Controller/RunController.class.php 第 466 行.
NOTIC: [8] Undefined variable: is_finish /var/www/dzxt/s/tp/Application/Flow/Controller/RunController.class.php 第 466 行.
NOTIC: [8] Undefined variable: is_finish /var/www/dzxt/s/tp/Application/Flow/Controller/RunController.class.php 第 466 行.
NOTIC: [8] Undefined variable: is_finish /var/www/dzxt/s/tp/Application/Flow/Controller/RunController.class.php 第 466 行.
NOTIC: [8] Undefined variable: is_finish /var/www/dzxt/s/tp/Application/Flow/Controller/RunController.class.php 第 466 行.
NOTIC: [8] Undefined variable: is_finish /var/www/dzxt/s/tp/Application/Flow/Controller/RunController.class.php 第 466 行.
NOTIC: [8] Undefined variable: is_finish /var/www/dzxt/s/tp/Application/Flow/Controller/RunController.class.php 第 466 行.
NOTIC: [8] Undefined variable: is_finish /var/www/dzxt/s/tp/Application/Flow/Controller/RunController.class.php 第 466 行.
NOTIC: [8] Undefined variable: is_finish /var/www/dzxt/s/tp/Application/Flow/Controller/RunController.class.php 第 466 行.
NOTIC: [8] Undefined variable: is_finish /var/www/dzxt/s/tp/Application/Flow/Controller/RunController.class.php 第 466 行.
NOTIC: [8] Undefined variable: is_finish /var/www/dzxt/s/tp/Application/Flow/Controller/RunController.class.php 第 466 行.
NOTIC: [8] Undefined variable: is_finish /var/www/dzxt/s/tp/Application/Flow/Controller/RunController.class.php 第 466 行.
NOTIC: [8] Undefined variable: is_finish /var/www/dzxt/s/tp/Application/Flow/Controller/RunController.class.php 第 466 行.
NOTIC: [8] Undefined variable: is_finish /var/www/dzxt/s/tp/Application/Flow/Controller/RunController.class.php 第 466 行.
NOTIC: [8] Undefined variable: is_finish /var/www/dzxt/s/tp/Application/Flow/Controller/RunController.class.php 第 466 行.
NOTIC: [8] Undefined variable: is_finish /var/www/dzxt/s/tp/Application/Flow/Controller/RunController.class.php 第 466 行.
NOTIC: [8] Undefined variable: is_finish /var/www/dzxt/s/tp/Application/Flow/Controller/RunController.class.php 第 466 行.
NOTIC: [8] Undefined variable: is_finish /var/www/dzxt/s/tp/Application/Flow/Controller/RunController.class.php 第 466 行.
NOTIC: [8] Undefined variable: is_finish /var/www/dzxt/s/tp/Application/Flow/Controller/RunController.class.php 第 466 行.
NOTIC: [8] Undefined variable: is_finish /var/www/dzxt/s/tp/Application/Flow/Controller/RunController.class.php 第 466 行.
NOTIC: [8] Undefined variable: is_finish /var/www/dzxt/s/tp/Application/Flow/Controller/RunController.class.php 第 466 行.
NOTIC: [8] Undefined variable: is_finish /var/www/dzxt/s/tp/Application/Flow/Controller/RunController.class.php 第 466 行.
NOTIC: [8] Undefined variable: is_finish /var/www/dzxt/s/tp/Application/Flow/Controller/RunController.class.php 第 466 行.
NOTIC: [8] Undefined variable: is_finish /var/www/dzxt/s/tp/Application/Flow/Controller/RunController.class.php 第 466 行.
NOTIC: [8] Undefined variable: is_finish /var/www/dzxt/s/tp/Application/Flow/Controller/RunController.class.php 第 466 行.
NOTIC: [8] Undefined variable: is_finish /var/www/dzxt/s/tp/Application/Flow/Controller/RunController.class.php 第 466 行.
NOTIC: [8] Undefined variable: is_finish /var/www/dzxt/s/tp/Application/Flow/Controller/RunController.class.php 第 466 行.
NOTIC: [8] Undefined variable: is_finish /var/www/dzxt/s/tp/Application/Flow/Controller/RunController.class.php 第 466 行.
NOTIC: [8] Undefined variable: is_finish /var/www/dzxt/s/tp/Application/Flow/Controller/RunController.class.php 第 466 行.
NOTIC: [8] Undefined variable: is_finish /var/www/dzxt/s/tp/Application/Flow/Controller/RunController.class.php 第 466 行.
NOTIC: [8] Undefined variable: is_finish /var/www/dzxt/s/tp/Application/Flow/Controller/RunController.class.php 第 466 行.
NOTIC: [8] Undefined variable: is_finish /var/www/dzxt/s/tp/Application/Flow/Controller/RunController.class.php 第 466 行.
NOTIC: [8] Undefined variable: is_finish /var/www/dzxt/s/tp/Application/Flow/Controller/RunController.class.php 第 466 行.
NOTIC: [8] Undefined variable: is_finish /var/www/dzxt/s/tp/Application/Flow/Controller/RunController.class.php 第 466 行.
NOTIC: [8] Undefined variable: is_finish /var/www/dzxt/s/tp/Application/Flow/Controller/RunController.class.php 第 466 行.
NOTIC: [8] Undefined variable: is_finish /var/www/dzxt/s/tp/Application/Flow/Controller/RunController.class.php 第 466 行.
NOTIC: [8] Undefined variable: is_finish /var/www/dzxt/s/tp/Application/Flow/Controller/RunController.class.php 第 466 行.
NOTIC: [8] Undefined variable: is_finish /var/www/dzxt/s/tp/Application/Flow/Controller/RunController.class.php 第 466 行.
NOTIC: [8] Undefined variable: is_finish /var/www/dzxt/s/tp/Application/Flow/Controller/RunController.class.php 第 466 行.
NOTIC: [8] Undefined variable: is_finish /var/www/dzxt/s/tp/Application/Flow/Controller/RunController.class.php 第 466 行.
NOTIC: [8] Undefined variable: is_finish /var/www/dzxt/s/tp/Application/Flow/Controller/RunController.class.php 第 466 行.
NOTIC: [8] Undefined variable: is_finish /var/www/dzxt/s/tp/Application/Flow/Controller/RunController.class.php 第 466 行.
NOTIC: [8] Undefined variable: is_finish /var/www/dzxt/s/tp/Application/Flow/Controller/RunController.class.php 第 466 行.
NOTIC: [8] Undefined variable: is_finish /var/www/dzxt/s/tp/Application/Flow/Controller/RunController.class.php 第 466 行.
NOTIC: [8] Undefined variable: is_finish /var/www/dzxt/s/tp/Application/Flow/Controller/RunController.class.php 第 466 行.
NOTIC: [8] Undefined variable: is_finish /var/www/dzxt/s/tp/Application/Flow/Controller/RunController.class.php 第 466 行.
NOTIC: [8] Undefined variable: is_finish /var/www/dzxt/s/tp/Application/Flow/Controller/RunController.class.php 第 466 行.
NOTIC: [8] Undefined variable: is_finish /var/www/dzxt/s/tp/Application/Flow/Controller/RunController.class.php 第 466 行.
NOTIC: [8] Undefined variable: is_finish /var/www/dzxt/s/tp/Application/Flow/Controller/RunController.class.php 第 466 行.
NOTIC: [8] Undefined variable: is_finish /var/www/dzxt/s/tp/Application/Flow/Controller/RunController.class.php 第 466 行.
NOTIC: [8] Undefined variable: is_finish /var/www/dzxt/s/tp/Application/Flow/Controller/RunController.class.php 第 466 行.
NOTIC: [8] Undefined variable: is_finish /var/www/dzxt/s/tp/Application/Flow/Controller/RunController.class.php 第 466 行.
NOTIC: [8] Undefined variable: is_finish /var/www/dzxt/s/tp/Application/Flow/Controller/RunController.class.php 第 466 行.
NOTIC: [8] Undefined variable: is_finish /var/www/dzxt/s/tp/Application/Flow/Controller/RunController.class.php 第 466 行.
NOTIC: [8] Undefined variable: is_finish /var/www/dzxt/s/tp/Application/Flow/Controller/RunController.class.php 第 466 行.
NOTIC: [8] Undefined variable: is_finish /var/www/dzxt/s/tp/Application/Flow/Controller/RunController.class.php 第 466 行.
NOTIC: [8] Undefined variable: is_finish /var/www/dzxt/s/tp/Application/Flow/Controller/RunController.class.php 第 466 行.
NOTIC: [8] Undefined variable: is_finish /var/www/dzxt/s/tp/Application/Flow/Controller/RunController.class.php 第 466 行.
NOTIC: [8] Undefined variable: is_finish /var/www/dzxt/s/tp/Application/Flow/Controller/RunController.class.php 第 466 行.
NOTIC: [8] Undefined variable: is_finish /var/www/dzxt/s/tp/Application/Flow/Controller/RunController.class.php 第 466 行.
NOTIC: [8] Undefined variable: is_finish /var/www/dzxt/s/tp/Application/Flow/Controller/RunController.class.php 第 466 行.
NOTIC: [8] Undefined variable: is_finish /var/www/dzxt/s/tp/Application/Flow/Controller/RunController.class.php 第 466 行.
NOTIC: [8] Undefined variable: is_finish /var/www/dzxt/s/tp/Application/Flow/Controller/RunController.class.php 第 466 行.
NOTIC: [8] Undefined variable: is_finish /var/www/dzxt/s/tp/Application/Flow/Controller/RunController.class.php 第 466 行.
NOTIC: [8] Undefined variable: is_finish /var/www/dzxt/s/tp/Application/Flow/Controller/RunController.class.php 第 466 行.
NOTIC: [8] Undefined variable: is_finish /var/www/dzxt/s/tp/Application/Flow/Controller/RunController.class.php 第 466 行.
NOTIC: [8] Undefined variable: is_finish /var/www/dzxt/s/tp/Application/Flow/Controller/RunController.class.php 第 466 行.
NOTIC: [8] Undefined variable: is_finish /var/www/dzxt/s/tp/Application/Flow/Controller/RunController.class.php 第 466 行.
NOTIC: [8] Undefined variable: is_finish /var/www/dzxt/s/tp/Application/Flow/Controller/RunController.class.php 第 466 行.
NOTIC: [8] Undefined variable: is_finish /var/www/dzxt/s/tp/Application/Flow/Controller/RunController.class.php 第 466 行.
NOTIC: [8] Undefined variable: is_finish /var/www/dzxt/s/tp/Application/Flow/Controller/RunController.class.php 第 466 行.
NOTIC: [8] Undefined variable: is_finish /var/www/dzxt/s/tp/Application/Flow/Controller/RunController.class.php 第 466 行.
NOTIC: [8] Undefined variable: is_finish /var/www/dzxt/s/tp/Application/Flow/Controller/RunController.class.php 第 466 行.
NOTIC: [8] Undefined variable: is_finish /var/www/dzxt/s/tp/Application/Flow/Controller/RunController.class.php 第 466 行.
NOTIC: [8] Undefined variable: is_finish /var/www/dzxt/s/tp/Application/Flow/Controller/RunController.class.php 第 466 行.
NOTIC: [8] Undefined variable: is_finish /var/www/dzxt/s/tp/Application/Flow/Controller/RunController.class.php 第 466 行.
NOTIC: [8] Undefined variable: is_finish /var/www/dzxt/s/tp/Application/Flow/Controller/RunController.class.php 第 466 行.
NOTIC: [8] Undefined variable: is_finish /var/www/dzxt/s/tp/Application/Flow/Controller/RunController.class.php 第 466 行.
NOTIC: [8] Undefined variable: is_finish /var/www/dzxt/s/tp/Application/Flow/Controller/RunController.class.php 第 466 行.
NOTIC: [8] Undefined variable: is_finish /var/www/dzxt/s/tp/Application/Flow/Controller/RunController.class.php 第 466 行.
NOTIC: [8] Undefined variable: is_finish /var/www/dzxt/s/tp/Application/Flow/Controller/RunController.class.php 第 466 行.
NOTIC: [8] Undefined variable: is_finish /var/www/dzxt/s/tp/Application/Flow/Controller/RunController.class.php 第 466 行.
NOTIC: [8] Undefined variable: is_finish /var/www/dzxt/s/tp/Application/Flow/Controller/RunController.class.php 第 466 行.
NOTIC: [8] Undefined variable: is_finish /var/www/dzxt/s/tp/Application/Flow/Controller/RunController.class.php 第 466 行.
NOTIC: [8] Undefined variable: is_finish /var/www/dzxt/s/tp/Application/Flow/Controller/RunController.class.php 第 466 行.
NOTIC: [8] Undefined variable: is_finish /var/www/dzxt/s/tp/Application/Flow/Controller/RunController.class.php 第 466 行.
NOTIC: [8] Undefined variable: is_finish /var/www/dzxt/s/tp/Application/Flow/Controller/RunController.class.php 第 466 行.
NOTIC: [8] Undefined variable: is_finish /var/www/dzxt/s/tp/Application/Flow/Controller/RunController.class.php 第 466 行.
NOTIC: [8] Undefined variable: is_finish /var/www/dzxt/s/tp/Application/Flow/Controller/RunController.class.php 第 466 行.
NOTIC: [8] Undefined variable: is_finish /var/www/dzxt/s/tp/Application/Flow/Controller/RunController.class.php 第 466 行.
NOTIC: [8] Undefined variable: is_finish /var/www/dzxt/s/tp/Application/Flow/Controller/RunController.class.php 第 466 行.
NOTIC: [8] Undefined variable: is_finish /var/www/dzxt/s/tp/Application/Flow/Controller/RunController.class.php 第 466 行.
NOTIC: [8] Undefined variable: is_finish /var/www/dzxt/s/tp/Application/Flow/Controller/RunController.class.php 第 466 行.
NOTIC: [8] Undefined variable: is_finish /var/www/dzxt/s/tp/Application/Flow/Controller/RunController.class.php 第 466 行.
NOTIC: [8] Undefined variable: is_finish /var/www/dzxt/s/tp/Application/Flow/Controller/RunController.class.php 第 466 行.
NOTIC: [8] Undefined variable: is_finish /var/www/dzxt/s/tp/Application/Flow/Controller/RunController.class.php 第 466 行.
NOTIC: [8] Undefined variable: is_finish /var/www/dzxt/s/tp/Application/Flow/Controller/RunController.class.php 第 466 行.
NOTIC: [8] Undefined variable: is_finish /var/www/dzxt/s/tp/Application/Flow/Controller/RunController.class.php 第 466 行.
NOTIC: [8] Undefined variable: is_finish /var/www/dzxt/s/tp/Application/Flow/Controller/RunController.class.php 第 466 行.
NOTIC: [8] Undefined variable: is_finish /var/www/dzxt/s/tp/Application/Flow/Controller/RunController.class.php 第 466 行.
NOTIC: [8] Undefined variable: is_finish /var/www/dzxt/s/tp/Application/Flow/Controller/RunController.class.php 第 466 行.
NOTIC: [8] Undefined variable: is_finish /var/www/dzxt/s/tp/Application/Flow/Controller/RunController.class.php 第 466 行.
NOTIC: [8] Undefined variable: is_finish /var/www/dzxt/s/tp/Application/Flow/Controller/RunController.class.php 第 466 行.
NOTIC: [8] Undefined variable: is_finish /var/www/dzxt/s/tp/Application/Flow/Controller/RunController.class.php 第 466 行.
NOTIC: [8] Undefined variable: is_finish /var/www/dzxt/s/tp/Application/Flow/Controller/RunController.class.php 第 466 行.
NOTIC: [8] Undefined variable: is_finish /var/www/dzxt/s/tp/Application/Flow/Controller/RunController.class.php 第 466 行.
NOTIC: [8] Undefined variable: is_finish /var/www/dzxt/s/tp/Application/Flow/Controller/RunController.class.php 第 466 行.
NOTIC: [8] Undefined variable: is_finish /var/www/dzxt/s/tp/Application/Flow/Controller/RunController.class.php 第 466 行.
NOTIC: [8] Undefined variable: is_finish /var/www/dzxt/s/tp/Application/Flow/Controller/RunController.class.php 第 466 行.
NOTIC: [8] Undefined variable: is_finish /var/www/dzxt/s/tp/Application/Flow/Controller/RunController.class.php 第 466 行.
NOTIC: [8] Undefined variable: is_finish /var/www/dzxt/s/tp/Application/Flow/Controller/RunController.class.php 第 466 行.
NOTIC: [8] Undefined variable: is_finish /var/www/dzxt/s/tp/Application/Flow/Controller/RunController.class.php 第 466 行.
NOTIC: [8] Undefined variable: is_finish /var/www/dzxt/s/tp/Application/Flow/Controller/RunController.class.php 第 466 行.
NOTIC: [8] Undefined variable: is_finish /var/www/dzxt/s/tp/Application/Flow/Controller/RunController.class.php 第 466 行.
NOTIC: [8] Undefined variable: is_finish /var/www/dzxt/s/tp/Application/Flow/Controller/RunController.class.php 第 466 行.
NOTIC: [8] Undefined variable: is_finish /var/www/dzxt/s/tp/Application/Flow/Controller/RunController.class.php 第 466 行.
NOTIC: [8] Undefined variable: is_finish /var/www/dzxt/s/tp/Application/Flow/Controller/RunController.class.php 第 466 行.
NOTIC: [8] Undefined variable: is_finish /var/www/dzxt/s/tp/Application/Flow/Controller/RunController.class.php 第 466 行.
NOTIC: [8] Undefined variable: is_finish /var/www/dzxt/s/tp/Application/Flow/Controller/RunController.class.php 第 466 行.
NOTIC: [8] Undefined variable: is_finish /var/www/dzxt/s/tp/Application/Flow/Controller/RunController.class.php 第 466 行.
NOTIC: [8] Undefined variable: is_finish /var/www/dzxt/s/tp/Application/Flow/Controller/RunController.class.php 第 466 行.
NOTIC: [8] Undefined variable: is_finish /var/www/dzxt/s/tp/Application/Flow/Controller/RunController.class.php 第 466 行.
NOTIC: [8] Undefined variable: is_finish /var/www/dzxt/s/tp/Application/Flow/Controller/RunController.class.php 第 466 行.
NOTIC: [8] Undefined variable: is_finish /var/www/dzxt/s/tp/Application/Flow/Controller/RunController.class.php 第 466 行.
NOTIC: [8] Undefined variable: is_finish /var/www/dzxt/s/tp/Application/Flow/Controller/RunController.class.php 第 466 行.
NOTIC: [8] Undefined variable: is_finish /var/www/dzxt/s/tp/Application/Flow/Controller/RunController.class.php 第 466 行.
NOTIC: [8] Undefined variable: is_finish /var/www/dzxt/s/tp/Application/Flow/Controller/RunController.class.php 第 466 行.
NOTIC: [8] Undefined variable: is_finish /var/www/dzxt/s/tp/Application/Flow/Controller/RunController.class.php 第 466 行.
NOTIC: [8] Undefined variable: is_finish /var/www/dzxt/s/tp/Application/Flow/Controller/RunController.class.php 第 466 行.
NOTIC: [8] Undefined variable: is_finish /var/www/dzxt/s/tp/Application/Flow/Controller/RunController.class.php 第 466 行.
NOTIC: [8] Undefined variable: is_finish /var/www/dzxt/s/tp/Application/Flow/Controller/RunController.class.php 第 466 行.
NOTIC: [8] Undefined variable: is_finish /var/www/dzxt/s/tp/Application/Flow/Controller/RunController.class.php 第 466 行.
NOTIC: [8] Undefined variable: is_finish /var/www/dzxt/s/tp/Application/Flow/Controller/RunController.class.php 第 466 行.
NOTIC: [8] Undefined variable: is_finish /var/www/dzxt/s/tp/Application/Flow/Controller/RunController.class.php 第 466 行.
NOTIC: [8] Undefined variable: is_finish /var/www/dzxt/s/tp/Application/Flow/Controller/RunController.class.php 第 466 行.
NOTIC: [8] Undefined variable: is_finish /var/www/dzxt/s/tp/Application/Flow/Controller/RunController.class.php 第 466 行.
NOTIC: [8] Undefined variable: is_finish /var/www/dzxt/s/tp/Application/Flow/Controller/RunController.class.php 第 466 行.
NOTIC: [8] Undefined variable: is_finish /var/www/dzxt/s/tp/Application/Flow/Controller/RunController.class.php 第 466 行.
NOTIC: [8] Undefined variable: is_finish /var/www/dzxt/s/tp/Application/Flow/Controller/RunController.class.php 第 466 行.
NOTIC: [8] Undefined variable: is_finish /var/www/dzxt/s/tp/Application/Flow/Controller/RunController.class.php 第 466 行.
NOTIC: [8] Undefined variable: is_finish /var/www/dzxt/s/tp/Application/Flow/Controller/RunController.class.php 第 466 行.
NOTIC: [8] Undefined variable: is_finish /var/www/dzxt/s/tp/Application/Flow/Controller/RunController.class.php 第 466 行.
NOTIC: [8] Undefined variable: is_finish /var/www/dzxt/s/tp/Application/Flow/Controller/RunController.class.php 第 466 行.
NOTIC: [8] Undefined variable: is_finish /var/www/dzxt/s/tp/Application/Flow/Controller/RunController.class.php 第 466 行.
NOTIC: [8] Undefined variable: is_finish /var/www/dzxt/s/tp/Application/Flow/Controller/RunController.class.php 第 466 行.
NOTIC: [8] Undefined variable: is_finish /var/www/dzxt/s/tp/Application/Flow/Controller/RunController.class.php 第 466 行.
NOTIC: [8] Undefined variable: is_finish /var/www/dzxt/s/tp/Application/Flow/Controller/RunController.class.php 第 466 行.
INFO: [ view_parse ] --START--
INFO: [ template_filter ] --START--
INFO: Run Behavior\ContentReplaceBehavior [ RunTime:0.000042s ]
INFO: [ template_filter ] --END-- [ RunTime:0.000094s ]
INFO: Run Behavior\ParseTemplateBehavior [ RunTime:0.002885s ]
INFO: [ view_parse ] --END-- [ RunTime:0.002939s ]
INFO: [ view_filter ] --START--
INFO: Run Behavior\WriteHtmlCacheBehavior [ RunTime:0.000053s ]
INFO: [ view_filter ] --END-- [ RunTime:0.000093s ]
INFO: [ app_end ] --START--
INFO: Run Behavior\ShowPageTraceBehavior [ RunTime:0.000063s ]
INFO: [ app_end ] --END-- [ RunTime:0.000105s ]

[ 2016-05-12T17:15:30+08:00 ] 113.94.20.17 /s/tp/wwwroot/index.php?s=/Flow/run/getflow/flow_id/18.html
INFO: [ app_init ] --START--
INFO: Run Behavior\BuildLiteBehavior [ RunTime:0.000025s ]
INFO: [ app_init ] --END-- [ RunTime:0.000166s ]
INFO: [ app_begin ] --START--
INFO: Run Behavior\ReadHtmlCacheBehavior [ RunTime:0.000088s ]
INFO: [ app_begin ] --END-- [ RunTime:0.000160s ]
NOTIC: [2048] Declaration of Flow\Controller\RunController::show() should be compatible with Think\Controller::show($content, $charset = '', $contentType = '', $prefix = '') /var/www/dzxt/s/tp/Application/Flow/Controller/RunController.class.php 第 4 行.
SQL: SHOW COLUMNS FROM `ht_flow_process` [ RunTime:0.0012s ]
SQL: SHOW COLUMNS FROM `ht_flow` [ RunTime:0.0008s ]
SQL: SELECT * FROM `ht_flow` WHERE `id` = 18 AND `is_del` = 0 LIMIT 1   [ RunTime:0.0005s ]
SQL: SELECT * FROM `ht_flow_process` WHERE `flow_id` = 18 AND `is_del` = 0 AND `process_type` = 'is_one' LIMIT 1   [ RunTime:0.0005s ]
NOTIC: [8] Undefined index: powers /var/www/dzxt/s/tp/Application/Flow/Controller/RunController.class.php 第 158 行.
NOTIC: [8] Undefined index: form_id /var/www/dzxt/s/tp/Application/Flow/Controller/RunController.class.php 第 164 行.
NOTIC: [8] Undefined index: form_id /var/www/dzxt/s/tp/Application/Flow/Controller/RunController.class.php 第 169 行.
NOTIC: [8] Undefined index: nav /var/www/dzxt/s/tp/Application/Flow/Controller/RunController.class.php 第 191 行.
NOTIC: [8] Undefined index: formcon /var/www/dzxt/s/tp/Application/Flow/Controller/RunController.class.php 第 201 行.
INFO: [ app_end ] --START--
INFO: Run Behavior\ShowPageTraceBehavior [ RunTime:0.000097s ]
INFO: [ app_end ] --END-- [ RunTime:0.000158s ]

