[ 2016-10-08T11:06:11+08:00 ] 113.68.32.209 /s/tp/wwwroot/index.php?s=/Flow/run/getflowlist/type/getmyflow
INFO: [ app_init ] --START--
INFO: Run Behavior\BuildLiteBehavior [ RunTime:0.000021s ]
INFO: [ app_init ] --END-- [ RunTime:0.000172s ]
INFO: [ app_begin ] --START--
INFO: Run Behavior\ReadHtmlCacheBehavior [ RunTime:0.000088s ]
INFO: [ app_begin ] --END-- [ RunTime:0.000162s ]
NOTIC: [2048] Declaration of Flow\Controller\RunController::show() should be compatible with Think\Controller::show($content, $charset = '', $contentType = '', $prefix = '') /var/www/dzxt/s/tp/Application/Flow/Controller/RunController.class.php 第 4 行.
SQL: SHOW COLUMNS FROM `ht_run` [ RunTime:0.0014s ]
SQL: SELECT * FROM `ht_run` WHERE `uid` = '190'  [ RunTime:0.0008s ]
NOTIC: [8] Undefined variable: is_finish /var/www/dzxt/s/tp/Application/Flow/Controller/RunController.class.php 第 466 行.
NOTIC: [8] Undefined variable: is_finish /var/www/dzxt/s/tp/Application/Flow/Controller/RunController.class.php 第 466 行.
NOTIC: [8] Undefined variable: is_finish /var/www/dzxt/s/tp/Application/Flow/Controller/RunController.class.php 第 466 行.
NOTIC: [8] Undefined variable: is_finish /var/www/dzxt/s/tp/Application/Flow/Controller/RunController.class.php 第 466 行.
NOTIC: [8] Undefined variable: is_finish /var/www/dzxt/s/tp/Application/Flow/Controller/RunController.class.php 第 466 行.
NOTIC: [8] Undefined variable: is_finish /var/www/dzxt/s/tp/Application/Flow/Controller/RunController.class.php 第 466 行.
NOTIC: [8] Undefined variable: is_finish /var/www/dzxt/s/tp/Application/Flow/Controller/RunController.class.php 第 466 行.
NOTIC: [8] Undefined variable: is_finish /var/www/dzxt/s/tp/Application/Flow/Controller/RunController.class.php 第 466 行.
NOTIC: [8] Undefined variable: is_finish /var/www/dzxt/s/tp/Application/Flow/Controller/RunController.class.php 第 466 行.
NOTIC: [8] Undefined variable: is_finish /var/www/dzxt/s/tp/Application/Flow/Controller/RunController.class.php 第 466 行.
NOTIC: [8] Undefined variable: is_finish /var/www/dzxt/s/tp/Application/Flow/Controller/RunController.class.php 第 466 行.
NOTIC: [8] Undefined variable: is_finish /var/www/dzxt/s/tp/Application/Flow/Controller/RunController.class.php 第 466 行.
NOTIC: [8] Undefined variable: is_finish /var/www/dzxt/s/tp/Application/Flow/Controller/RunController.class.php 第 466 行.
NOTIC: [8] Undefined variable: is_finish /var/www/dzxt/s/tp/Application/Flow/Controller/RunController.class.php 第 466 行.
NOTIC: [8] Undefined variable: is_finish /var/www/dzxt/s/tp/Application/Flow/Controller/RunController.class.php 第 466 行.
NOTIC: [8] Undefined variable: is_finish /var/www/dzxt/s/tp/Application/Flow/Controller/RunController.class.php 第 466 行.
NOTIC: [8] Undefined variable: is_finish /var/www/dzxt/s/tp/Application/Flow/Controller/RunController.class.php 第 466 行.
NOTIC: [8] Undefined variable: is_finish /var/www/dzxt/s/tp/Application/Flow/Controller/RunController.class.php 第 466 行.
NOTIC: [8] Undefined variable: is_finish /var/www/dzxt/s/tp/Application/Flow/Controller/RunController.class.php 第 466 行.
NOTIC: [8] Undefined variable: is_finish /var/www/dzxt/s/tp/Application/Flow/Controller/RunController.class.php 第 466 行.
NOTIC: [8] Undefined variable: is_finish /var/www/dzxt/s/tp/Application/Flow/Controller/RunController.class.php 第 466 行.
NOTIC: [8] Undefined variable: is_finish /var/www/dzxt/s/tp/Application/Flow/Controller/RunController.class.php 第 466 行.
NOTIC: [8] Undefined variable: is_finish /var/www/dzxt/s/tp/Application/Flow/Controller/RunController.class.php 第 466 行.
NOTIC: [8] Undefined variable: is_finish /var/www/dzxt/s/tp/Application/Flow/Controller/RunController.class.php 第 466 行.
NOTIC: [8] Undefined variable: is_finish /var/www/dzxt/s/tp/Application/Flow/Controller/RunController.class.php 第 466 行.
NOTIC: [8] Undefined variable: is_finish /var/www/dzxt/s/tp/Application/Flow/Controller/RunController.class.php 第 466 行.
NOTIC: [8] Undefined variable: is_finish /var/www/dzxt/s/tp/Application/Flow/Controller/RunController.class.php 第 466 行.
NOTIC: [8] Undefined variable: is_finish /var/www/dzxt/s/tp/Application/Flow/Controller/RunController.class.php 第 466 行.
NOTIC: [8] Undefined variable: is_finish /var/www/dzxt/s/tp/Application/Flow/Controller/RunController.class.php 第 466 行.
NOTIC: [8] Undefined variable: is_finish /var/www/dzxt/s/tp/Application/Flow/Controller/RunController.class.php 第 466 行.
NOTIC: [8] Undefined variable: is_finish /var/www/dzxt/s/tp/Application/Flow/Controller/RunController.class.php 第 466 行.
NOTIC: [8] Undefined variable: is_finish /var/www/dzxt/s/tp/Application/Flow/Controller/RunController.class.php 第 466 行.
NOTIC: [8] Undefined variable: is_finish /var/www/dzxt/s/tp/Application/Flow/Controller/RunController.class.php 第 466 行.
INFO: [ view_parse ] --START--
INFO: [ template_filter ] --START--
INFO: Run Behavior\ContentReplaceBehavior [ RunTime:0.000050s ]
INFO: [ template_filter ] --END-- [ RunTime:0.000118s ]
INFO: Run Behavior\ParseTemplateBehavior [ RunTime:0.003683s ]
INFO: [ view_parse ] --END-- [ RunTime:0.003761s ]
INFO: [ view_filter ] --START--
INFO: Run Behavior\WriteHtmlCacheBehavior [ RunTime:0.000065s ]
INFO: [ view_filter ] --END-- [ RunTime:0.000116s ]
INFO: [ app_end ] --START--
INFO: Run Behavior\ShowPageTraceBehavior [ RunTime:0.000077s ]
INFO: [ app_end ] --END-- [ RunTime:0.000130s ]

[ 2016-10-08T11:06:14+08:00 ] 113.68.32.209 /s/tp/wwwroot/index.php?s=/Flow/run/getflowlist/type/getnoendflow
INFO: [ app_init ] --START--
INFO: Run Behavior\BuildLiteBehavior [ RunTime:0.000021s ]
INFO: [ app_init ] --END-- [ RunTime:0.000162s ]
INFO: [ app_begin ] --START--
INFO: Run Behavior\ReadHtmlCacheBehavior [ RunTime:0.000067s ]
INFO: [ app_begin ] --END-- [ RunTime:0.000137s ]
NOTIC: [2048] Declaration of Flow\Controller\RunController::show() should be compatible with Think\Controller::show($content, $charset = '', $contentType = '', $prefix = '') /var/www/dzxt/s/tp/Application/Flow/Controller/RunController.class.php 第 4 行.
SQL: SHOW COLUMNS FROM `ht_run` [ RunTime:0.0011s ]
SQL: SELECT * FROM `ht_run` WHERE `uid` = '190' AND ( `is_finish` = 2 OR `is_finish` = 4 )  [ RunTime:0.0007s ]
NOTIC: [2] Invalid argument supplied for foreach() /var/www/dzxt/s/tp/Application/Flow/Controller/RunController.class.php 第 457 行.
INFO: [ view_parse ] --START--
INFO: [ template_filter ] --START--
INFO: Run Behavior\ContentReplaceBehavior [ RunTime:0.000057s ]
INFO: [ template_filter ] --END-- [ RunTime:0.000142s ]
INFO: Run Behavior\ParseTemplateBehavior [ RunTime:0.003648s ]
INFO: [ view_parse ] --END-- [ RunTime:0.003736s ]
INFO: [ view_filter ] --START--
INFO: Run Behavior\WriteHtmlCacheBehavior [ RunTime:0.000071s ]
INFO: [ view_filter ] --END-- [ RunTime:0.000133s ]
INFO: [ app_end ] --START--
INFO: Run Behavior\ShowPageTraceBehavior [ RunTime:0.000064s ]
INFO: [ app_end ] --END-- [ RunTime:0.000126s ]

[ 2016-10-08T11:06:51+08:00 ] 113.68.32.209 /s/tp/wwwroot/index.php?s=/Flow/demo/index/getflow/ok.html
INFO: [ app_init ] --START--
INFO: Run Behavior\BuildLiteBehavior [ RunTime:0.000018s ]
INFO: [ app_init ] --END-- [ RunTime:0.000141s ]
INFO: [ app_begin ] --START--
INFO: Run Behavior\ReadHtmlCacheBehavior [ RunTime:0.000055s ]
INFO: [ app_begin ] --END-- [ RunTime:0.000111s ]
SQL: SHOW COLUMNS FROM `ht_flow` [ RunTime:0.0013s ]
SQL: SELECT COUNT(id) AS tp_count FROM `ht_flow` WHERE `is_del` = 0 LIMIT 1   [ RunTime:0.0006s ]
NOTIC: [8] Undefined variable: p /var/www/dzxt/s/tp/Application/Flow/Controller/DemoController.class.php 第 22 行.
NOTIC: [8] Trying to get property of non-object /var/www/dzxt/s/tp/Application/Flow/Controller/DemoController.class.php 第 22 行.
NOTIC: [8] Undefined variable: p /var/www/dzxt/s/tp/Application/Flow/Controller/DemoController.class.php 第 22 行.
NOTIC: [8] Trying to get property of non-object /var/www/dzxt/s/tp/Application/Flow/Controller/DemoController.class.php 第 22 行.
SQL: SELECT `id`,`form_id`,`flow_name`,`flow_desc`,`updatetime`,`dateline` FROM `ht_flow` WHERE `is_del` = 0 ORDER BY id desc  [ RunTime:0.0004s ]
SQL: SHOW COLUMNS FROM `ht_form` [ RunTime:0.0008s ]
SQL: SELECT * FROM `ht_form` WHERE ( 1=1 AND id='757' ) LIMIT 1   [ RunTime:0.0005s ]
SQL: SELECT * FROM `ht_form` WHERE ( 1=1 AND id='775' ) LIMIT 1   [ RunTime:0.0008s ]
SQL: SELECT * FROM `ht_form` WHERE ( 1=1 AND id='772' ) LIMIT 1   [ RunTime:0.0005s ]
SQL: SELECT * FROM `ht_form` WHERE ( 1=1 AND id='769' ) LIMIT 1   [ RunTime:0.0005s ]
SQL: SELECT * FROM `ht_form` WHERE ( 1=1 AND id='746' ) LIMIT 1   [ RunTime:0.0004s ]
SQL: SELECT * FROM `ht_form` WHERE ( 1=1 AND id='730' ) LIMIT 1   [ RunTime:0.0004s ]
SQL: SELECT * FROM `ht_form` WHERE ( 1=1 AND id='587' ) LIMIT 1   [ RunTime:0.0004s ]
SQL: SELECT * FROM `ht_form` WHERE ( 1=1 AND id='266' ) LIMIT 1   [ RunTime:0.0003s ]
SQL: SELECT * FROM `ht_form` WHERE ( 1=1 AND id='328' ) LIMIT 1   [ RunTime:0.0004s ]
SQL: SELECT * FROM `ht_form` WHERE ( 1=1 AND id='329' ) LIMIT 1   [ RunTime:0.0002s ]
INFO: [ app_end ] --START--
INFO: Run Behavior\ShowPageTraceBehavior [ RunTime:0.000066s ]
INFO: [ app_end ] --END-- [ RunTime:0.000118s ]

[ 2016-10-08T11:07:03+08:00 ] 113.68.32.209 /s/tp/wwwroot/index.php?s=/Flow/flowdesign/index/flow_id/24.html?r=0.22187148622965425
INFO: [ app_init ] --START--
INFO: Run Behavior\BuildLiteBehavior [ RunTime:0.000020s ]
INFO: [ app_init ] --END-- [ RunTime:0.000149s ]
INFO: [ app_begin ] --START--
INFO: Run Behavior\ReadHtmlCacheBehavior [ RunTime:0.000076s ]
INFO: [ app_begin ] --END-- [ RunTime:0.000141s ]
SQL: SHOW COLUMNS FROM `ht_flow` [ RunTime:0.0012s ]
SQL: SELECT * FROM `ht_flow` WHERE `id` = 24 AND `is_del` = 0 LIMIT 1   [ RunTime:0.0005s ]
SQL: SHOW COLUMNS FROM `ht_flow_process` [ RunTime:0.0015s ]
SQL: SELECT * FROM `ht_flow_process` WHERE `flow_id` = 24 AND `is_del` = 0 ORDER BY id asc  [ RunTime:0.0008s ]
INFO: [ view_parse ] --START--
INFO: [ template_filter ] --START--
INFO: Run Behavior\ContentReplaceBehavior [ RunTime:0.000142s ]
INFO: [ template_filter ] --END-- [ RunTime:0.000209s ]
INFO: Run Behavior\ParseTemplateBehavior [ RunTime:0.008992s ]
INFO: [ view_parse ] --END-- [ RunTime:0.009068s ]
INFO: [ view_filter ] --START--
INFO: Run Behavior\WriteHtmlCacheBehavior [ RunTime:0.000060s ]
INFO: [ view_filter ] --END-- [ RunTime:0.000110s ]
INFO: [ app_end ] --START--
INFO: Run Behavior\ShowPageTraceBehavior [ RunTime:0.000077s ]
INFO: [ app_end ] --END-- [ RunTime:0.000188s ]

[ 2016-10-08T11:16:54+08:00 ] 113.68.32.209 /s/tp/wwwroot/index.php?s=/Flow/run/getflowlist/type/getmyflow
INFO: [ app_init ] --START--
INFO: Run Behavior\BuildLiteBehavior [ RunTime:0.000020s ]
INFO: [ app_init ] --END-- [ RunTime:0.000152s ]
INFO: [ app_begin ] --START--
INFO: Run Behavior\ReadHtmlCacheBehavior [ RunTime:0.000068s ]
INFO: [ app_begin ] --END-- [ RunTime:0.000138s ]
NOTIC: [2048] Declaration of Flow\Controller\RunController::show() should be compatible with Think\Controller::show($content, $charset = '', $contentType = '', $prefix = '') /var/www/dzxt/s/tp/Application/Flow/Controller/RunController.class.php 第 4 行.
SQL: SHOW COLUMNS FROM `ht_run` [ RunTime:0.0011s ]
SQL: SELECT * FROM `ht_run` WHERE `uid` = '190'  [ RunTime:0.0008s ]
NOTIC: [8] Undefined variable: is_finish /var/www/dzxt/s/tp/Application/Flow/Controller/RunController.class.php 第 466 行.
NOTIC: [8] Undefined variable: is_finish /var/www/dzxt/s/tp/Application/Flow/Controller/RunController.class.php 第 466 行.
NOTIC: [8] Undefined variable: is_finish /var/www/dzxt/s/tp/Application/Flow/Controller/RunController.class.php 第 466 行.
NOTIC: [8] Undefined variable: is_finish /var/www/dzxt/s/tp/Application/Flow/Controller/RunController.class.php 第 466 行.
NOTIC: [8] Undefined variable: is_finish /var/www/dzxt/s/tp/Application/Flow/Controller/RunController.class.php 第 466 行.
NOTIC: [8] Undefined variable: is_finish /var/www/dzxt/s/tp/Application/Flow/Controller/RunController.class.php 第 466 行.
NOTIC: [8] Undefined variable: is_finish /var/www/dzxt/s/tp/Application/Flow/Controller/RunController.class.php 第 466 行.
NOTIC: [8] Undefined variable: is_finish /var/www/dzxt/s/tp/Application/Flow/Controller/RunController.class.php 第 466 行.
NOTIC: [8] Undefined variable: is_finish /var/www/dzxt/s/tp/Application/Flow/Controller/RunController.class.php 第 466 行.
NOTIC: [8] Undefined variable: is_finish /var/www/dzxt/s/tp/Application/Flow/Controller/RunController.class.php 第 466 行.
NOTIC: [8] Undefined variable: is_finish /var/www/dzxt/s/tp/Application/Flow/Controller/RunController.class.php 第 466 行.
NOTIC: [8] Undefined variable: is_finish /var/www/dzxt/s/tp/Application/Flow/Controller/RunController.class.php 第 466 行.
NOTIC: [8] Undefined variable: is_finish /var/www/dzxt/s/tp/Application/Flow/Controller/RunController.class.php 第 466 行.
NOTIC: [8] Undefined variable: is_finish /var/www/dzxt/s/tp/Application/Flow/Controller/RunController.class.php 第 466 行.
NOTIC: [8] Undefined variable: is_finish /var/www/dzxt/s/tp/Application/Flow/Controller/RunController.class.php 第 466 行.
NOTIC: [8] Undefined variable: is_finish /var/www/dzxt/s/tp/Application/Flow/Controller/RunController.class.php 第 466 行.
NOTIC: [8] Undefined variable: is_finish /var/www/dzxt/s/tp/Application/Flow/Controller/RunController.class.php 第 466 行.
NOTIC: [8] Undefined variable: is_finish /var/www/dzxt/s/tp/Application/Flow/Controller/RunController.class.php 第 466 行.
NOTIC: [8] Undefined variable: is_finish /var/www/dzxt/s/tp/Application/Flow/Controller/RunController.class.php 第 466 行.
NOTIC: [8] Undefined variable: is_finish /var/www/dzxt/s/tp/Application/Flow/Controller/RunController.class.php 第 466 行.
NOTIC: [8] Undefined variable: is_finish /var/www/dzxt/s/tp/Application/Flow/Controller/RunController.class.php 第 466 行.
NOTIC: [8] Undefined variable: is_finish /var/www/dzxt/s/tp/Application/Flow/Controller/RunController.class.php 第 466 行.
NOTIC: [8] Undefined variable: is_finish /var/www/dzxt/s/tp/Application/Flow/Controller/RunController.class.php 第 466 行.
NOTIC: [8] Undefined variable: is_finish /var/www/dzxt/s/tp/Application/Flow/Controller/RunController.class.php 第 466 行.
NOTIC: [8] Undefined variable: is_finish /var/www/dzxt/s/tp/Application/Flow/Controller/RunController.class.php 第 466 行.
NOTIC: [8] Undefined variable: is_finish /var/www/dzxt/s/tp/Application/Flow/Controller/RunController.class.php 第 466 行.
NOTIC: [8] Undefined variable: is_finish /var/www/dzxt/s/tp/Application/Flow/Controller/RunController.class.php 第 466 行.
NOTIC: [8] Undefined variable: is_finish /var/www/dzxt/s/tp/Application/Flow/Controller/RunController.class.php 第 466 行.
NOTIC: [8] Undefined variable: is_finish /var/www/dzxt/s/tp/Application/Flow/Controller/RunController.class.php 第 466 行.
NOTIC: [8] Undefined variable: is_finish /var/www/dzxt/s/tp/Application/Flow/Controller/RunController.class.php 第 466 行.
NOTIC: [8] Undefined variable: is_finish /var/www/dzxt/s/tp/Application/Flow/Controller/RunController.class.php 第 466 行.
NOTIC: [8] Undefined variable: is_finish /var/www/dzxt/s/tp/Application/Flow/Controller/RunController.class.php 第 466 行.
NOTIC: [8] Undefined variable: is_finish /var/www/dzxt/s/tp/Application/Flow/Controller/RunController.class.php 第 466 行.
INFO: [ view_parse ] --START--
INFO: [ template_filter ] --START--
INFO: Run Behavior\ContentReplaceBehavior [ RunTime:0.000046s ]
INFO: [ template_filter ] --END-- [ RunTime:0.000115s ]
INFO: Run Behavior\ParseTemplateBehavior [ RunTime:0.003437s ]
INFO: [ view_parse ] --END-- [ RunTime:0.003511s ]
INFO: [ view_filter ] --START--
INFO: Run Behavior\WriteHtmlCacheBehavior [ RunTime:0.000071s ]
INFO: [ view_filter ] --END-- [ RunTime:0.000125s ]
INFO: [ app_end ] --START--
INFO: Run Behavior\ShowPageTraceBehavior [ RunTime:0.000062s ]
INFO: [ app_end ] --END-- [ RunTime:0.000120s ]

[ 2016-10-08T11:16:55+08:00 ] 113.68.32.209 /s/tp/wwwroot/index.php?s=/Flow/run/getflowlist/type/getmyendflow
INFO: [ app_init ] --START--
INFO: Run Behavior\BuildLiteBehavior [ RunTime:0.000019s ]
INFO: [ app_init ] --END-- [ RunTime:0.000161s ]
INFO: [ app_begin ] --START--
INFO: Run Behavior\ReadHtmlCacheBehavior [ RunTime:0.000068s ]
INFO: [ app_begin ] --END-- [ RunTime:0.000142s ]
NOTIC: [2048] Declaration of Flow\Controller\RunController::show() should be compatible with Think\Controller::show($content, $charset = '', $contentType = '', $prefix = '') /var/www/dzxt/s/tp/Application/Flow/Controller/RunController.class.php 第 4 行.
SQL: SHOW COLUMNS FROM `ht_run` [ RunTime:0.0011s ]
SQL: SELECT * FROM `ht_run` WHERE `uid` = '190' AND ( `is_finish` = 2 OR `is_finish` = 4 )  [ RunTime:0.0008s ]
NOTIC: [2] Invalid argument supplied for foreach() /var/www/dzxt/s/tp/Application/Flow/Controller/RunController.class.php 第 457 行.
INFO: [ view_parse ] --START--
INFO: [ template_filter ] --START--
INFO: Run Behavior\ContentReplaceBehavior [ RunTime:0.000047s ]
INFO: [ template_filter ] --END-- [ RunTime:0.000127s ]
INFO: Run Behavior\ParseTemplateBehavior [ RunTime:0.003889s ]
INFO: [ view_parse ] --END-- [ RunTime:0.003974s ]
INFO: [ view_filter ] --START--
INFO: Run Behavior\WriteHtmlCacheBehavior [ RunTime:0.000059s ]
INFO: [ view_filter ] --END-- [ RunTime:0.000114s ]
INFO: [ app_end ] --START--
INFO: Run Behavior\ShowPageTraceBehavior [ RunTime:0.000075s ]
INFO: [ app_end ] --END-- [ RunTime:0.000132s ]

[ 2016-10-08T11:16:57+08:00 ] 113.68.32.209 /s/tp/wwwroot/index.php?s=/Flow/run/getflowlist/type/getnoendflow
INFO: [ app_init ] --START--
INFO: Run Behavior\BuildLiteBehavior [ RunTime:0.000018s ]
INFO: [ app_init ] --END-- [ RunTime:0.000135s ]
INFO: [ app_begin ] --START--
INFO: Run Behavior\ReadHtmlCacheBehavior [ RunTime:0.000065s ]
INFO: [ app_begin ] --END-- [ RunTime:0.000133s ]
NOTIC: [2048] Declaration of Flow\Controller\RunController::show() should be compatible with Think\Controller::show($content, $charset = '', $contentType = '', $prefix = '') /var/www/dzxt/s/tp/Application/Flow/Controller/RunController.class.php 第 4 行.
SQL: SHOW COLUMNS FROM `ht_run` [ RunTime:0.0010s ]
SQL: SELECT * FROM `ht_run` WHERE `uid` = '190' AND ( `is_finish` = 2 OR `is_finish` = 4 )  [ RunTime:0.0002s ]
NOTIC: [2] Invalid argument supplied for foreach() /var/www/dzxt/s/tp/Application/Flow/Controller/RunController.class.php 第 457 行.
INFO: [ view_parse ] --START--
INFO: [ template_filter ] --START--
INFO: Run Behavior\ContentReplaceBehavior [ RunTime:0.000045s ]
INFO: [ template_filter ] --END-- [ RunTime:0.000111s ]
INFO: Run Behavior\ParseTemplateBehavior [ RunTime:0.002930s ]
INFO: [ view_parse ] --END-- [ RunTime:0.003001s ]
INFO: [ view_filter ] --START--
INFO: Run Behavior\WriteHtmlCacheBehavior [ RunTime:0.000066s ]
INFO: [ view_filter ] --END-- [ RunTime:0.000122s ]
INFO: [ app_end ] --START--
INFO: Run Behavior\ShowPageTraceBehavior [ RunTime:0.000058s ]
INFO: [ app_end ] --END-- [ RunTime:0.000113s ]

[ 2016-10-08T11:16:58+08:00 ] 113.68.32.209 /s/tp/wwwroot/index.php?s=/Flow/run/getflowlist/type/chulinode
INFO: [ app_init ] --START--
INFO: Run Behavior\BuildLiteBehavior [ RunTime:0.000014s ]
INFO: [ app_init ] --END-- [ RunTime:0.000097s ]
INFO: [ app_begin ] --START--
INFO: Run Behavior\ReadHtmlCacheBehavior [ RunTime:0.000045s ]
INFO: [ app_begin ] --END-- [ RunTime:0.000101s ]
NOTIC: [2048] Declaration of Flow\Controller\RunController::show() should be compatible with Think\Controller::show($content, $charset = '', $contentType = '', $prefix = '') /var/www/dzxt/s/tp/Application/Flow/Controller/RunController.class.php 第 4 行.
SQL: SHOW COLUMNS FROM `ht_run_process` [ RunTime:0.0010s ]
SQL: SELECT * FROM `ht_run_process` WHERE `uid` = 190 AND `status` = 1  [ RunTime:0.0006s ]
SQL: SHOW COLUMNS FROM `ht_flow_process` [ RunTime:0.0013s ]
SQL: SELECT * FROM `ht_flow_process` WHERE ( id=158 ) LIMIT 1   [ RunTime:0.0005s ]
INFO: [ view_parse ] --START--
INFO: [ template_filter ] --START--
INFO: Run Behavior\ContentReplaceBehavior [ RunTime:0.000047s ]
INFO: [ template_filter ] --END-- [ RunTime:0.000121s ]
INFO: Run Behavior\ParseTemplateBehavior [ RunTime:0.003203s ]
INFO: [ view_parse ] --END-- [ RunTime:0.003285s ]
INFO: [ view_filter ] --START--
INFO: Run Behavior\WriteHtmlCacheBehavior [ RunTime:0.000061s ]
INFO: [ view_filter ] --END-- [ RunTime:0.000118s ]
INFO: [ app_end ] --START--
INFO: Run Behavior\ShowPageTraceBehavior [ RunTime:0.000054s ]
INFO: [ app_end ] --END-- [ RunTime:0.000114s ]

[ 2016-10-08T11:17:00+08:00 ] 113.68.32.209 /s/tp/wwwroot/index.php?s=/Flow/run/getflowlist/type/chuliendnode
INFO: [ app_init ] --START--
INFO: Run Behavior\BuildLiteBehavior [ RunTime:0.000017s ]
INFO: [ app_init ] --END-- [ RunTime:0.000126s ]
INFO: [ app_begin ] --START--
INFO: Run Behavior\ReadHtmlCacheBehavior [ RunTime:0.000059s ]
INFO: [ app_begin ] --END-- [ RunTime:0.000121s ]
NOTIC: [2048] Declaration of Flow\Controller\RunController::show() should be compatible with Think\Controller::show($content, $charset = '', $contentType = '', $prefix = '') /var/www/dzxt/s/tp/Application/Flow/Controller/RunController.class.php 第 4 行.
SQL: SHOW COLUMNS FROM `ht_run_process` [ RunTime:0.0014s ]
SQL: SELECT * FROM `ht_run_process` WHERE ( uid=190 )  [ RunTime:0.0008s ]
SQL: SHOW COLUMNS FROM `ht_flow_process` [ RunTime:0.0013s ]
SQL: SELECT * FROM `ht_flow_process` WHERE ( id=126 ) LIMIT 1   [ RunTime:0.0005s ]
NOTIC: [8] Undefined offset: 0 /var/www/dzxt/s/tp/Application/Flow/Controller/RunController.class.php 第 413 行.
SQL: SELECT * FROM `ht_flow_process` WHERE ( id=128 ) LIMIT 1   [ RunTime:0.0005s ]
NOTIC: [8] Undefined offset: 0 /var/www/dzxt/s/tp/Application/Flow/Controller/RunController.class.php 第 413 行.
NOTIC: [8] Undefined offset: 0 /var/www/dzxt/s/tp/Application/Flow/Controller/RunController.class.php 第 413 行.
NOTIC: [8] Undefined offset: 0 /var/www/dzxt/s/tp/Application/Flow/Controller/RunController.class.php 第 413 行.
NOTIC: [8] Undefined offset: 0 /var/www/dzxt/s/tp/Application/Flow/Controller/RunController.class.php 第 413 行.
NOTIC: [8] Undefined offset: 0 /var/www/dzxt/s/tp/Application/Flow/Controller/RunController.class.php 第 413 行.
NOTIC: [8] Undefined offset: 0 /var/www/dzxt/s/tp/Application/Flow/Controller/RunController.class.php 第 413 行.
NOTIC: [8] Undefined offset: 0 /var/www/dzxt/s/tp/Application/Flow/Controller/RunController.class.php 第 413 行.
NOTIC: [8] Undefined offset: 0 /var/www/dzxt/s/tp/Application/Flow/Controller/RunController.class.php 第 413 行.
NOTIC: [8] Undefined offset: 0 /var/www/dzxt/s/tp/Application/Flow/Controller/RunController.class.php 第 413 行.
NOTIC: [8] Undefined offset: 0 /var/www/dzxt/s/tp/Application/Flow/Controller/RunController.class.php 第 413 行.
SQL: SELECT * FROM `ht_flow_process` WHERE ( id=130 ) LIMIT 1   [ RunTime:0.0005s ]
NOTIC: [8] Undefined offset: 0 /var/www/dzxt/s/tp/Application/Flow/Controller/RunController.class.php 第 413 行.
SQL: SELECT * FROM `ht_flow_process` WHERE ( id=131 ) LIMIT 1   [ RunTime:0.0005s ]
NOTIC: [8] Undefined offset: 0 /var/www/dzxt/s/tp/Application/Flow/Controller/RunController.class.php 第 413 行.
SQL: SELECT * FROM `ht_flow_process` WHERE ( id=141 ) LIMIT 1   [ RunTime:0.0005s ]
NOTIC: [8] Undefined offset: 0 /var/www/dzxt/s/tp/Application/Flow/Controller/RunController.class.php 第 413 行.
NOTIC: [8] Undefined offset: 0 /var/www/dzxt/s/tp/Application/Flow/Controller/RunController.class.php 第 413 行.
SQL: SELECT * FROM `ht_flow_process` WHERE ( id=157 ) LIMIT 1   [ RunTime:0.0005s ]
NOTIC: [8] Undefined offset: 0 /var/www/dzxt/s/tp/Application/Flow/Controller/RunController.class.php 第 413 行.
NOTIC: [8] Undefined offset: 0 /var/www/dzxt/s/tp/Application/Flow/Controller/RunController.class.php 第 413 行.
NOTIC: [8] Undefined offset: 0 /var/www/dzxt/s/tp/Application/Flow/Controller/RunController.class.php 第 413 行.
NOTIC: [8] Undefined offset: 0 /var/www/dzxt/s/tp/Application/Flow/Controller/RunController.class.php 第 413 行.
NOTIC: [8] Undefined offset: 0 /var/www/dzxt/s/tp/Application/Flow/Controller/RunController.class.php 第 413 行.
NOTIC: [8] Undefined offset: 0 /var/www/dzxt/s/tp/Application/Flow/Controller/RunController.class.php 第 413 行.
NOTIC: [8] Undefined offset: 0 /var/www/dzxt/s/tp/Application/Flow/Controller/RunController.class.php 第 413 行.
NOTIC: [8] Undefined offset: 0 /var/www/dzxt/s/tp/Application/Flow/Controller/RunController.class.php 第 413 行.
NOTIC: [8] Undefined offset: 0 /var/www/dzxt/s/tp/Application/Flow/Controller/RunController.class.php 第 413 行.
NOTIC: [8] Undefined offset: 0 /var/www/dzxt/s/tp/Application/Flow/Controller/RunController.class.php 第 413 行.
NOTIC: [8] Undefined offset: 0 /var/www/dzxt/s/tp/Application/Flow/Controller/RunController.class.php 第 413 行.
NOTIC: [8] Undefined offset: 0 /var/www/dzxt/s/tp/Application/Flow/Controller/RunController.class.php 第 413 行.
NOTIC: [8] Undefined offset: 0 /var/www/dzxt/s/tp/Application/Flow/Controller/RunController.class.php 第 413 行.
NOTIC: [8] Undefined offset: 0 /var/www/dzxt/s/tp/Application/Flow/Controller/RunController.class.php 第 413 行.
NOTIC: [8] Undefined offset: 0 /var/www/dzxt/s/tp/Application/Flow/Controller/RunController.class.php 第 413 行.
NOTIC: [8] Undefined offset: 0 /var/www/dzxt/s/tp/Application/Flow/Controller/RunController.class.php 第 413 行.
INFO: [ view_parse ] --START--
INFO: [ template_filter ] --START--
INFO: Run Behavior\ContentReplaceBehavior [ RunTime:0.000046s ]
INFO: [ template_filter ] --END-- [ RunTime:0.000132s ]
INFO: Run Behavior\ParseTemplateBehavior [ RunTime:0.003060s ]
INFO: [ view_parse ] --END-- [ RunTime:0.003138s ]
INFO: [ view_filter ] --START--
INFO: Run Behavior\WriteHtmlCacheBehavior [ RunTime:0.000069s ]
INFO: [ view_filter ] --END-- [ RunTime:0.000124s ]
INFO: [ app_end ] --START--
INFO: Run Behavior\ShowPageTraceBehavior [ RunTime:0.000063s ]
INFO: [ app_end ] --END-- [ RunTime:0.000123s ]

[ 2016-10-08T14:04:31+08:00 ] 113.68.32.136 /s/tp/wwwroot/index.php?s=/Flow/run/getflowlist/type/getmyflow
INFO: [ app_init ] --START--
INFO: Run Behavior\BuildLiteBehavior [ RunTime:0.000021s ]
INFO: [ app_init ] --END-- [ RunTime:0.000156s ]
INFO: [ app_begin ] --START--
INFO: Run Behavior\ReadHtmlCacheBehavior [ RunTime:0.000082s ]
INFO: [ app_begin ] --END-- [ RunTime:0.000153s ]
NOTIC: [2048] Declaration of Flow\Controller\RunController::show() should be compatible with Think\Controller::show($content, $charset = '', $contentType = '', $prefix = '') /var/www/dzxt/s/tp/Application/Flow/Controller/RunController.class.php 第 4 行.
SQL: SHOW COLUMNS FROM `ht_run` [ RunTime:0.0012s ]
SQL: SELECT * FROM `ht_run` WHERE `uid` = '190'  [ RunTime:0.0008s ]
NOTIC: [8] Undefined variable: is_finish /var/www/dzxt/s/tp/Application/Flow/Controller/RunController.class.php 第 466 行.
NOTIC: [8] Undefined variable: is_finish /var/www/dzxt/s/tp/Application/Flow/Controller/RunController.class.php 第 466 行.
NOTIC: [8] Undefined variable: is_finish /var/www/dzxt/s/tp/Application/Flow/Controller/RunController.class.php 第 466 行.
NOTIC: [8] Undefined variable: is_finish /var/www/dzxt/s/tp/Application/Flow/Controller/RunController.class.php 第 466 行.
NOTIC: [8] Undefined variable: is_finish /var/www/dzxt/s/tp/Application/Flow/Controller/RunController.class.php 第 466 行.
NOTIC: [8] Undefined variable: is_finish /var/www/dzxt/s/tp/Application/Flow/Controller/RunController.class.php 第 466 行.
NOTIC: [8] Undefined variable: is_finish /var/www/dzxt/s/tp/Application/Flow/Controller/RunController.class.php 第 466 行.
NOTIC: [8] Undefined variable: is_finish /var/www/dzxt/s/tp/Application/Flow/Controller/RunController.class.php 第 466 行.
NOTIC: [8] Undefined variable: is_finish /var/www/dzxt/s/tp/Application/Flow/Controller/RunController.class.php 第 466 行.
NOTIC: [8] Undefined variable: is_finish /var/www/dzxt/s/tp/Application/Flow/Controller/RunController.class.php 第 466 行.
NOTIC: [8] Undefined variable: is_finish /var/www/dzxt/s/tp/Application/Flow/Controller/RunController.class.php 第 466 行.
NOTIC: [8] Undefined variable: is_finish /var/www/dzxt/s/tp/Application/Flow/Controller/RunController.class.php 第 466 行.
NOTIC: [8] Undefined variable: is_finish /var/www/dzxt/s/tp/Application/Flow/Controller/RunController.class.php 第 466 行.
NOTIC: [8] Undefined variable: is_finish /var/www/dzxt/s/tp/Application/Flow/Controller/RunController.class.php 第 466 行.
NOTIC: [8] Undefined variable: is_finish /var/www/dzxt/s/tp/Application/Flow/Controller/RunController.class.php 第 466 行.
NOTIC: [8] Undefined variable: is_finish /var/www/dzxt/s/tp/Application/Flow/Controller/RunController.class.php 第 466 行.
NOTIC: [8] Undefined variable: is_finish /var/www/dzxt/s/tp/Application/Flow/Controller/RunController.class.php 第 466 行.
NOTIC: [8] Undefined variable: is_finish /var/www/dzxt/s/tp/Application/Flow/Controller/RunController.class.php 第 466 行.
NOTIC: [8] Undefined variable: is_finish /var/www/dzxt/s/tp/Application/Flow/Controller/RunController.class.php 第 466 行.
NOTIC: [8] Undefined variable: is_finish /var/www/dzxt/s/tp/Application/Flow/Controller/RunController.class.php 第 466 行.
NOTIC: [8] Undefined variable: is_finish /var/www/dzxt/s/tp/Application/Flow/Controller/RunController.class.php 第 466 行.
NOTIC: [8] Undefined variable: is_finish /var/www/dzxt/s/tp/Application/Flow/Controller/RunController.class.php 第 466 行.
NOTIC: [8] Undefined variable: is_finish /var/www/dzxt/s/tp/Application/Flow/Controller/RunController.class.php 第 466 行.
NOTIC: [8] Undefined variable: is_finish /var/www/dzxt/s/tp/Application/Flow/Controller/RunController.class.php 第 466 行.
NOTIC: [8] Undefined variable: is_finish /var/www/dzxt/s/tp/Application/Flow/Controller/RunController.class.php 第 466 行.
NOTIC: [8] Undefined variable: is_finish /var/www/dzxt/s/tp/Application/Flow/Controller/RunController.class.php 第 466 行.
NOTIC: [8] Undefined variable: is_finish /var/www/dzxt/s/tp/Application/Flow/Controller/RunController.class.php 第 466 行.
NOTIC: [8] Undefined variable: is_finish /var/www/dzxt/s/tp/Application/Flow/Controller/RunController.class.php 第 466 行.
NOTIC: [8] Undefined variable: is_finish /var/www/dzxt/s/tp/Application/Flow/Controller/RunController.class.php 第 466 行.
NOTIC: [8] Undefined variable: is_finish /var/www/dzxt/s/tp/Application/Flow/Controller/RunController.class.php 第 466 行.
NOTIC: [8] Undefined variable: is_finish /var/www/dzxt/s/tp/Application/Flow/Controller/RunController.class.php 第 466 行.
NOTIC: [8] Undefined variable: is_finish /var/www/dzxt/s/tp/Application/Flow/Controller/RunController.class.php 第 466 行.
NOTIC: [8] Undefined variable: is_finish /var/www/dzxt/s/tp/Application/Flow/Controller/RunController.class.php 第 466 行.
INFO: [ view_parse ] --START--
INFO: [ template_filter ] --START--
INFO: Run Behavior\ContentReplaceBehavior [ RunTime:0.000052s ]
INFO: [ template_filter ] --END-- [ RunTime:0.000135s ]
INFO: Run Behavior\ParseTemplateBehavior [ RunTime:0.004031s ]
INFO: [ view_parse ] --END-- [ RunTime:0.004125s ]
INFO: [ view_filter ] --START--
INFO: Run Behavior\WriteHtmlCacheBehavior [ RunTime:0.000076s ]
INFO: [ view_filter ] --END-- [ RunTime:0.000136s ]
INFO: [ app_end ] --START--
INFO: Run Behavior\ShowPageTraceBehavior [ RunTime:0.000086s ]
INFO: [ app_end ] --END-- [ RunTime:0.000148s ]

[ 2016-10-08T14:04:33+08:00 ] 113.68.32.136 /s/tp/wwwroot/index.php?s=/Flow/run/getflowlist/type/getmyendflow
INFO: [ app_init ] --START--
INFO: Run Behavior\BuildLiteBehavior [ RunTime:0.000020s ]
INFO: [ app_init ] --END-- [ RunTime:0.000128s ]
INFO: [ app_begin ] --START--
INFO: Run Behavior\ReadHtmlCacheBehavior [ RunTime:0.000058s ]
INFO: [ app_begin ] --END-- [ RunTime:0.000128s ]
NOTIC: [2048] Declaration of Flow\Controller\RunController::show() should be compatible with Think\Controller::show($content, $charset = '', $contentType = '', $prefix = '') /var/www/dzxt/s/tp/Application/Flow/Controller/RunController.class.php 第 4 行.
SQL: SHOW COLUMNS FROM `ht_run` [ RunTime:0.0011s ]
SQL: SELECT * FROM `ht_run` WHERE `uid` = '190' AND ( `is_finish` = 2 OR `is_finish` = 4 )  [ RunTime:0.0007s ]
NOTIC: [2] Invalid argument supplied for foreach() /var/www/dzxt/s/tp/Application/Flow/Controller/RunController.class.php 第 457 行.
INFO: [ view_parse ] --START--
INFO: [ template_filter ] --START--
INFO: Run Behavior\ContentReplaceBehavior [ RunTime:0.000049s ]
INFO: [ template_filter ] --END-- [ RunTime:0.000123s ]
INFO: Run Behavior\ParseTemplateBehavior [ RunTime:0.003267s ]
INFO: [ view_parse ] --END-- [ RunTime:0.003344s ]
INFO: [ view_filter ] --START--
INFO: Run Behavior\WriteHtmlCacheBehavior [ RunTime:0.000062s ]
INFO: [ view_filter ] --END-- [ RunTime:0.000122s ]
INFO: [ app_end ] --START--
INFO: Run Behavior\ShowPageTraceBehavior [ RunTime:0.000055s ]
INFO: [ app_end ] --END-- [ RunTime:0.000114s ]

