[ 2015-09-05T07:32:57+08:00 ] 120.82.18.5 /s/tp/wwwroot/index.php?s=/demo/formdesign/form_id/375.html
INFO: [ app_init ] --START--
INFO: Run Behavior\BuildLiteBehavior [ RunTime:0.000012s ]
INFO: [ app_init ] --END-- [ RunTime:0.000093s ]
INFO: [ app_begin ] --START--
INFO: Run Behavior\ReadHtmlCacheBehavior [ RunTime:0.000039s ]
INFO: [ app_begin ] --END-- [ RunTime:0.000068s ]
SQL: SHOW COLUMNS FROM `ht_form` [ RunTime:0.0010s ]
SQL: SELECT * FROM `ht_form` WHERE `id` = 375 AND `is_del` = 0 LIMIT 1   [ RunTime:0.0003s ]
INFO: [ app_end ] --START--
INFO: Run Behavior\ShowPageTraceBehavior [ RunTime:0.000038s ]
INFO: [ app_end ] --END-- [ RunTime:0.000068s ]

[ 2015-09-05T07:52:54+08:00 ] 120.82.18.5 /s/tp/wwwroot/index.php?s=/demo/formdesign/form_id/375.html
INFO: [ app_init ] --START--
INFO: Run Behavior\BuildLiteBehavior [ RunTime:0.000009s ]
INFO: [ app_init ] --END-- [ RunTime:0.000077s ]
INFO: [ app_begin ] --START--
INFO: Run Behavior\ReadHtmlCacheBehavior [ RunTime:0.000038s ]
INFO: [ app_begin ] --END-- [ RunTime:0.000068s ]
SQL: SHOW COLUMNS FROM `ht_form` [ RunTime:0.0010s ]
SQL: SELECT * FROM `ht_form` WHERE `id` = 375 AND `is_del` = 0 LIMIT 1   [ RunTime:0.0001s ]
INFO: [ app_end ] --START--
INFO: Run Behavior\ShowPageTraceBehavior [ RunTime:0.000037s ]
INFO: [ app_end ] --END-- [ RunTime:0.000066s ]

[ 2015-09-05T07:52:55+08:00 ] 120.82.18.5 /s/tp/wwwroot/index.php?s=/demo/formdesign/form_id/375.html
INFO: [ app_init ] --START--
INFO: Run Behavior\BuildLiteBehavior [ RunTime:0.000010s ]
INFO: [ app_init ] --END-- [ RunTime:0.000069s ]
INFO: [ app_begin ] --START--
INFO: Run Behavior\ReadHtmlCacheBehavior [ RunTime:0.000032s ]
INFO: [ app_begin ] --END-- [ RunTime:0.000061s ]
SQL: SHOW COLUMNS FROM `ht_form` [ RunTime:0.0009s ]
SQL: SELECT * FROM `ht_form` WHERE `id` = 375 AND `is_del` = 0 LIMIT 1   [ RunTime:0.0001s ]
INFO: [ app_end ] --START--
INFO: Run Behavior\ShowPageTraceBehavior [ RunTime:0.000031s ]
INFO: [ app_end ] --END-- [ RunTime:0.000060s ]

[ 2015-09-05T08:00:48+08:00 ] 120.82.18.5 /s/tp/wwwroot/index.php?s=/demo/formdesign/form_id/375.html
INFO: [ app_init ] --START--
INFO: Run Behavior\BuildLiteBehavior [ RunTime:0.000010s ]
INFO: [ app_init ] --END-- [ RunTime:0.000078s ]
INFO: [ app_begin ] --START--
INFO: Run Behavior\ReadHtmlCacheBehavior [ RunTime:0.000038s ]
INFO: [ app_begin ] --END-- [ RunTime:0.000067s ]
SQL: SHOW COLUMNS FROM `ht_form` [ RunTime:0.0070s ]
SQL: SELECT * FROM `ht_form` WHERE `id` = 375 AND `is_del` = 0 LIMIT 1   [ RunTime:0.0001s ]
INFO: [ app_end ] --START--
INFO: Run Behavior\ShowPageTraceBehavior [ RunTime:0.000037s ]
INFO: [ app_end ] --END-- [ RunTime:0.000067s ]

