[ 2016-11-21T11:42:32+08:00 ] 219.129.212.157 /s/tp/wwwroot/index.php?s=/demo/add.html
INFO: [ app_init ] --START--
INFO: Run Behavior\BuildLiteBehavior [ RunTime:0.000018s ]
INFO: [ app_init ] --END-- [ RunTime:0.000136s ]
INFO: [ app_begin ] --START--
INFO: Run Behavior\ReadHtmlCacheBehavior [ RunTime:0.000076s ]
INFO: [ app_begin ] --END-- [ RunTime:0.000159s ]
INFO: [ view_parse ] --START--
INFO: [ template_filter ] --START--
INFO: Run Behavior\ContentReplaceBehavior [ RunTime:0.000057s ]
INFO: [ template_filter ] --END-- [ RunTime:0.000133s ]
NOTIC: [8] Undefined index: id /var/www/dzxt/s/tp/Application/Runtime/Cache/Home/657adf031d1d824a09326b69902bb92e.php 第 38 行.
NOTIC: [8] Undefined index: form_name /var/www/dzxt/s/tp/Application/Runtime/Cache/Home/657adf031d1d824a09326b69902bb92e.php 第 41 行.
NOTIC: [8] Undefined index: form_desc /var/www/dzxt/s/tp/Application/Runtime/Cache/Home/657adf031d1d824a09326b69902bb92e.php 第 45 行.
INFO: Run Behavior\ParseTemplateBehavior [ RunTime:0.005201s ]
INFO: [ view_parse ] --END-- [ RunTime:0.005276s ]
INFO: [ view_filter ] --START--
INFO: Run Behavior\WriteHtmlCacheBehavior [ RunTime:0.000077s ]
INFO: [ view_filter ] --END-- [ RunTime:0.000138s ]
INFO: [ app_end ] --START--
INFO: Run Behavior\ShowPageTraceBehavior [ RunTime:0.000068s ]
INFO: [ app_end ] --END-- [ RunTime:0.000129s ]

[ 2016-11-21T11:42:35+08:00 ] 219.129.212.157 /s/tp/wwwroot/index.php?s=/demo/add.html
INFO: [ app_init ] --START--
INFO: Run Behavior\BuildLiteBehavior [ RunTime:0.000019s ]
INFO: [ app_init ] --END-- [ RunTime:0.000133s ]
INFO: [ app_begin ] --START--
INFO: Run Behavior\ReadHtmlCacheBehavior [ RunTime:0.000059s ]
INFO: [ app_begin ] --END-- [ RunTime:0.000130s ]
SQL: SHOW COLUMNS FROM `ht_form` [ RunTime:0.0010s ]
SQL: INSERT INTO `ht_form` (`form_name`,`form_desc`,`updatetime`,`type`,`dateline`,`pid`,`creater_uid`) VALUES ('ddd','dddd','1479699755','0','1479699755','0','0') [ RunTime:0.0087s ]
NOTIC: [2] unlink(../Application/Runtime/Temp/21d9a5adf0e55158019e1c301ccb9502.php): No such file or directory /var/www/dzxt/s/tp/ThinkPHP/Library/Think/Cache/Driver/File.class.php 第 157 行.
INFO: [ app_end ] --START--
INFO: Run Behavior\ShowPageTraceBehavior [ RunTime:0.000075s ]
INFO: [ app_end ] --END-- [ RunTime:0.000144s ]

[ 2016-11-21T11:42:51+08:00 ] 180.153.206.17 /s/tp/wwwroot/index.php?s=/demo/add.html
INFO: [ app_init ] --START--
INFO: Run Behavior\BuildLiteBehavior [ RunTime:0.000019s ]
INFO: [ app_init ] --END-- [ RunTime:0.000146s ]
INFO: [ app_begin ] --START--
INFO: Run Behavior\ReadHtmlCacheBehavior [ RunTime:0.000061s ]
INFO: [ app_begin ] --END-- [ RunTime:0.000110s ]
NOTIC: [8] Undefined index: power /var/www/dzxt/s/tp/Application/Common/Controller/CommonController.class.php 第 50 行.
NOTIC: [2] in_array() expects parameter 2 to be array, null given /var/www/dzxt/s/tp/Application/Common/Controller/CommonController.class.php 第 50 行.

[ 2016-11-21T11:46:02+08:00 ] 219.129.212.157 /s/tp/wwwroot/index.php?s=/demo/formdesign/form_id/863.html
INFO: [ app_init ] --START--
INFO: Run Behavior\BuildLiteBehavior [ RunTime:0.000021s ]
INFO: [ app_init ] --END-- [ RunTime:0.000147s ]
INFO: [ app_begin ] --START--
INFO: Run Behavior\ReadHtmlCacheBehavior [ RunTime:0.000066s ]
INFO: [ app_begin ] --END-- [ RunTime:0.000123s ]
SQL: SHOW COLUMNS FROM `ht_form` [ RunTime:0.0011s ]
SQL: SELECT * FROM `ht_form` WHERE `id` = 863 AND `is_del` = 0 LIMIT 1   [ RunTime:0.0005s ]
INFO: [ app_end ] --START--
INFO: Run Behavior\ShowPageTraceBehavior [ RunTime:0.000079s ]
INFO: [ app_end ] --END-- [ RunTime:0.000140s ]

[ 2016-11-21T11:46:20+08:00 ] 101.226.89.120 /s/tp/wwwroot/index.php?s=/demo/formdesign/form_id/863.html
INFO: [ app_init ] --START--
INFO: Run Behavior\BuildLiteBehavior [ RunTime:0.000022s ]
INFO: [ app_init ] --END-- [ RunTime:0.000156s ]
INFO: [ app_begin ] --START--
INFO: Run Behavior\ReadHtmlCacheBehavior [ RunTime:0.000079s ]
INFO: [ app_begin ] --END-- [ RunTime:0.000150s ]
SQL: SHOW COLUMNS FROM `ht_form` [ RunTime:0.0012s ]
SQL: SELECT * FROM `ht_form` WHERE `id` = 863 AND `is_del` = 0 LIMIT 1   [ RunTime:0.0002s ]
INFO: [ app_end ] --START--
INFO: Run Behavior\ShowPageTraceBehavior [ RunTime:0.000098s ]
INFO: [ app_end ] --END-- [ RunTime:0.000168s ]

[ 2016-11-21T11:53:29+08:00 ] 219.129.212.157 /s/tp/wwwroot/index.php?s=/demo/formdesign/form_id/593.html
INFO: [ app_init ] --START--
INFO: Run Behavior\BuildLiteBehavior [ RunTime:0.000020s ]
INFO: [ app_init ] --END-- [ RunTime:0.000141s ]
INFO: [ app_begin ] --START--
INFO: Run Behavior\ReadHtmlCacheBehavior [ RunTime:0.000065s ]
INFO: [ app_begin ] --END-- [ RunTime:0.000129s ]
SQL: SHOW COLUMNS FROM `ht_form` [ RunTime:0.0010s ]
SQL: SELECT * FROM `ht_form` WHERE `id` = 593 AND `is_del` = 0 LIMIT 1   [ RunTime:0.0006s ]
INFO: [ app_end ] --START--
INFO: Run Behavior\ShowPageTraceBehavior [ RunTime:0.000079s ]
INFO: [ app_end ] --END-- [ RunTime:0.000147s ]

[ 2016-11-21T11:53:46+08:00 ] 101.226.125.100 /s/tp/wwwroot/index.php?s=/demo/formdesign/form_id/593.html
INFO: [ app_init ] --START--
INFO: Run Behavior\BuildLiteBehavior [ RunTime:0.000021s ]
INFO: [ app_init ] --END-- [ RunTime:0.000149s ]
INFO: [ app_begin ] --START--
INFO: Run Behavior\ReadHtmlCacheBehavior [ RunTime:0.000070s ]
INFO: [ app_begin ] --END-- [ RunTime:0.000139s ]
SQL: SHOW COLUMNS FROM `ht_form` [ RunTime:0.0012s ]
SQL: SELECT * FROM `ht_form` WHERE `id` = 593 AND `is_del` = 0 LIMIT 1   [ RunTime:0.0002s ]
INFO: [ app_end ] --START--
INFO: Run Behavior\ShowPageTraceBehavior [ RunTime:0.000091s ]
INFO: [ app_end ] --END-- [ RunTime:0.000163s ]

[ 2016-11-21T15:23:53+08:00 ] 219.129.212.157 /s/tp/wwwroot/index.php?s=/demo/formdesign/form_id/324.html
INFO: [ app_init ] --START--
INFO: Run Behavior\BuildLiteBehavior [ RunTime:0.000022s ]
INFO: [ app_init ] --END-- [ RunTime:0.000157s ]
INFO: [ app_begin ] --START--
INFO: Run Behavior\ReadHtmlCacheBehavior [ RunTime:0.000077s ]
INFO: [ app_begin ] --END-- [ RunTime:0.000141s ]
SQL: SHOW COLUMNS FROM `ht_form` [ RunTime:0.0012s ]
SQL: SELECT * FROM `ht_form` WHERE `id` = 324 AND `is_del` = 0 LIMIT 1   [ RunTime:0.0006s ]
INFO: [ app_end ] --START--
INFO: Run Behavior\ShowPageTraceBehavior [ RunTime:0.000091s ]
INFO: [ app_end ] --END-- [ RunTime:0.000171s ]

[ 2016-11-21T15:24:12+08:00 ] 101.226.33.218 /s/tp/wwwroot/index.php?s=/demo/formdesign/form_id/324.html
INFO: [ app_init ] --START--
INFO: Run Behavior\BuildLiteBehavior [ RunTime:0.000024s ]
INFO: [ app_init ] --END-- [ RunTime:0.000159s ]
INFO: [ app_begin ] --START--
INFO: Run Behavior\ReadHtmlCacheBehavior [ RunTime:0.000083s ]
INFO: [ app_begin ] --END-- [ RunTime:0.000152s ]
SQL: SHOW COLUMNS FROM `ht_form` [ RunTime:0.0012s ]
SQL: SELECT * FROM `ht_form` WHERE `id` = 324 AND `is_del` = 0 LIMIT 1   [ RunTime:0.0002s ]
INFO: [ app_end ] --START--
INFO: Run Behavior\ShowPageTraceBehavior [ RunTime:0.000111s ]
INFO: [ app_end ] --END-- [ RunTime:0.000184s ]

