[ 2015-12-17T18:05:23+08:00 ] 14.208.193.173 /s/tp/wwwroot/index.php?s=/Power/index/getUserRole/role_id/249.html
INFO: [ app_init ] --START--
INFO: Run Behavior\BuildLiteBehavior [ RunTime:0.000023s ]
INFO: [ app_init ] --END-- [ RunTime:0.000165s ]
INFO: [ app_begin ] --START--
INFO: Run Behavior\ReadHtmlCacheBehavior [ RunTime:0.000075s ]
INFO: [ app_begin ] --END-- [ RunTime:0.000155s ]
SQL: SELECT form_id FROM `ht_power` WHERE function_type=0 and role_id=249 [ RunTime:0.0029s ]
INFO: [ app_end ] --START--
INFO: Run Behavior\ShowPageTraceBehavior [ RunTime:0.000101s ]
INFO: [ app_end ] --END-- [ RunTime:0.000175s ]

[ 2015-12-17T18:07:23+08:00 ] 14.208.193.173 /s/tp/wwwroot/index.php?s=/Power/index/upRole
INFO: [ app_init ] --START--
INFO: Run Behavior\BuildLiteBehavior [ RunTime:0.000031s ]
INFO: [ app_init ] --END-- [ RunTime:0.000183s ]
INFO: [ app_begin ] --START--
INFO: Run Behavior\ReadHtmlCacheBehavior [ RunTime:0.000087s ]
INFO: [ app_begin ] --END-- [ RunTime:0.000168s ]
SQL: delete from `ht_power` where role_id=249 and function_type=0 [ RunTime:0.0261s ]
SQL: INSERT INTO ht_power(role_id,form_id,function_name,function_type)values(249,204,"view.page",0) [ RunTime:0.0160s ]
SQL: INSERT INTO ht_power(role_id,form_id,function_name,function_type)values(249,1171,"view.page",0) [ RunTime:0.0205s ]
SQL: INSERT INTO ht_power(role_id,form_id,function_name,function_type)values(249,231,"view.page",0) [ RunTime:0.0203s ]
SQL: INSERT INTO ht_power(role_id,form_id,function_name,function_type)values(249,232,"view.page",0) [ RunTime:0.0203s ]
SQL: INSERT INTO ht_power(role_id,form_id,function_name,function_type)values(249,234,"view.page",0) [ RunTime:0.0202s ]
SQL: INSERT INTO ht_power(role_id,form_id,function_name,function_type)values(249,790,"view.page",0) [ RunTime:0.0208s ]
SQL: INSERT INTO ht_power(role_id,form_id,function_name,function_type)values(249,860,"view.page",0) [ RunTime:0.0163s ]
SQL: INSERT INTO ht_power(role_id,form_id,function_name,function_type)values(249,861,"view.page",0) [ RunTime:0.0163s ]
SQL: INSERT INTO ht_power(role_id,form_id,function_name,function_type)values(249,862,"view.page",0) [ RunTime:0.0200s ]
SQL: INSERT INTO ht_power(role_id,form_id,function_name,function_type)values(249,863,"view.page",0) [ RunTime:0.0162s ]
SQL: INSERT INTO ht_power(role_id,form_id,function_name,function_type)values(249,1172,"view.page",0) [ RunTime:0.0203s ]
SQL: INSERT INTO ht_power(role_id,form_id,function_name,function_type)values(249,864,"view.page",0) [ RunTime:0.0200s ]
SQL: INSERT INTO ht_power(role_id,form_id,function_name,function_type)values(249,865,"view.page",0) [ RunTime:0.0200s ]
SQL: INSERT INTO ht_power(role_id,form_id,function_name,function_type)values(249,868,"view.page",0) [ RunTime:0.0203s ]
SQL: INSERT INTO ht_power(role_id,form_id,function_name,function_type)values(249,869,"view.page",0) [ RunTime:0.0200s ]
SQL: INSERT INTO ht_power(role_id,form_id,function_name,function_type)values(249,732,"view.page",0) [ RunTime:0.0203s ]
SQL: INSERT INTO ht_power(role_id,form_id,function_name,function_type)values(249,733,"view.page",0) [ RunTime:0.0203s ]
SQL: INSERT INTO ht_power(role_id,form_id,function_name,function_type)values(249,734,"view.page",0) [ RunTime:0.0208s ]
SQL: INSERT INTO ht_power(role_id,form_id,function_name,function_type)values(249,736,"view.page",0) [ RunTime:0.0163s ]
SQL: INSERT INTO ht_power(role_id,form_id,function_name,function_type)values(249,752,"view.page",0) [ RunTime:0.0203s ]
SQL: INSERT INTO ht_power(role_id,form_id,function_name,function_type)values(249,758,"view.page",0) [ RunTime:0.0201s ]
SQL: INSERT INTO ht_power(role_id,form_id,function_name,function_type)values(249,759,"view.page",0) [ RunTime:0.0203s ]
SQL: INSERT INTO ht_power(role_id,form_id,function_name,function_type)values(249,760,"view.page",0) [ RunTime:0.0203s ]
SQL: INSERT INTO ht_power(role_id,form_id,function_name,function_type)values(249,761,"view.page",0) [ RunTime:0.0200s ]
SQL: INSERT INTO ht_power(role_id,form_id,function_name,function_type)values(249,762,"view.page",0) [ RunTime:0.0203s ]
SQL: INSERT INTO ht_power(role_id,form_id,function_name,function_type)values(249,768,"view.page",0) [ RunTime:0.0201s ]
SQL: INSERT INTO ht_power(role_id,form_id,function_name,function_type)values(249,326,"view.page",0) [ RunTime:0.0203s ]
SQL: INSERT INTO ht_power(role_id,form_id,function_name,function_type)values(249,128,"view.page",0) [ RunTime:0.0201s ]
SQL: INSERT INTO ht_power(role_id,form_id,function_name,function_type)values(249,328,"view.page",0) [ RunTime:0.0203s ]
SQL: INSERT INTO ht_power(role_id,form_id,function_name,function_type)values(249,600,"view.page",0) [ RunTime:0.0161s ]
SQL: INSERT INTO ht_power(role_id,form_id,function_name,function_type)values(249,610,"view.page",0) [ RunTime:0.0163s ]
SQL: INSERT INTO ht_power(role_id,form_id,function_name,function_type)values(249,643,"view.page",0) [ RunTime:0.0202s ]
SQL: INSERT INTO ht_power(role_id,form_id,function_name,function_type)values(249,730,"view.page",0) [ RunTime:0.0208s ]
SQL: INSERT INTO ht_power(role_id,form_id,function_name,function_type)values(249,611,"view.page",0) [ RunTime:0.0204s ]
SQL: INSERT INTO ht_power(role_id,form_id,function_name,function_type)values(249,866,"view.page",0) [ RunTime:0.0243s ]
SQL: INSERT INTO ht_power(role_id,form_id,function_name,function_type)values(249,867,"view.page",0) [ RunTime:0.0202s ]
SQL: INSERT INTO ht_power(role_id,form_id,function_name,function_type)values(249,612,"view.page",0) [ RunTime:0.0204s ]
SQL: INSERT INTO ht_power(role_id,form_id,function_name,function_type)values(249,757,"view.page",0) [ RunTime:0.0203s ]
SQL: INSERT INTO ht_power(role_id,form_id,function_name,function_type)values(249,799,"view.page",0) [ RunTime:0.0203s ]
SQL: INSERT INTO ht_power(role_id,form_id,function_name,function_type)values(249,800,"view.page",0) [ RunTime:0.0202s ]
SQL: INSERT INTO ht_power(role_id,form_id,function_name,function_type)values(249,803,"view.page",0) [ RunTime:0.0204s ]
SQL: INSERT INTO ht_power(role_id,form_id,function_name,function_type)values(249,805,"view.page",0) [ RunTime:0.0200s ]
SQL: INSERT INTO ht_power(role_id,form_id,function_name,function_type)values(249,807,"view.page",0) [ RunTime:0.0198s ]
SQL: INSERT INTO ht_power(role_id,form_id,function_name,function_type)values(249,809,"view.page",0) [ RunTime:0.0175s ]
SQL: INSERT INTO ht_power(role_id,form_id,function_name,function_type)values(249,810,"view.page",0) [ RunTime:0.0203s ]
SQL: INSERT INTO ht_power(role_id,form_id,function_name,function_type)values(249,811,"view.page",0) [ RunTime:0.0203s ]
SQL: INSERT INTO ht_power(role_id,form_id,function_name,function_type)values(249,812,"view.page",0) [ RunTime:0.0203s ]
SQL: INSERT INTO ht_power(role_id,form_id,function_name,function_type)values(249,813,"view.page",0) [ RunTime:0.0203s ]
SQL: INSERT INTO ht_power(role_id,form_id,function_name,function_type)values(249,814,"view.page",0) [ RunTime:0.0202s ]
SQL: INSERT INTO ht_power(role_id,form_id,function_name,function_type)values(249,815,"view.page",0) [ RunTime:0.0195s ]
SQL: INSERT INTO ht_power(role_id,form_id,function_name,function_type)values(249,816,"view.page",0) [ RunTime:0.0200s ]
SQL: INSERT INTO ht_power(role_id,form_id,function_name,function_type)values(249,817,"view.page",0) [ RunTime:0.0200s ]
SQL: INSERT INTO ht_power(role_id,form_id,function_name,function_type)values(249,818,"view.page",0) [ RunTime:0.0204s ]
SQL: INSERT INTO ht_power(role_id,form_id,function_name,function_type)values(249,819,"view.page",0) [ RunTime:0.0170s ]
SQL: INSERT INTO ht_power(role_id,form_id,function_name,function_type)values(249,820,"view.page",0) [ RunTime:0.0209s ]
SQL: INSERT INTO ht_power(role_id,form_id,function_name,function_type)values(249,821,"view.page",0) [ RunTime:0.0203s ]
SQL: INSERT INTO ht_power(role_id,form_id,function_name,function_type)values(249,822,"view.page",0) [ RunTime:0.0203s ]
SQL: INSERT INTO ht_power(role_id,form_id,function_name,function_type)values(249,823,"view.page",0) [ RunTime:0.0204s ]
SQL: INSERT INTO ht_power(role_id,form_id,function_name,function_type)values(249,824,"view.page",0) [ RunTime:0.0189s ]
SQL: INSERT INTO ht_power(role_id,form_id,function_name,function_type)values(249,825,"view.page",0) [ RunTime:0.0207s ]
SQL: INSERT INTO ht_power(role_id,form_id,function_name,function_type)values(249,826,"view.page",0) [ RunTime:0.0174s ]
SQL: INSERT INTO ht_power(role_id,form_id,function_name,function_type)values(249,827,"view.page",0) [ RunTime:0.0163s ]
SQL: INSERT INTO ht_power(role_id,form_id,function_name,function_type)values(249,828,"view.page",0) [ RunTime:0.0201s ]
SQL: INSERT INTO ht_power(role_id,form_id,function_name,function_type)values(249,829,"view.page",0) [ RunTime:0.0200s ]
SQL: INSERT INTO ht_power(role_id,form_id,function_name,function_type)values(249,830,"view.page",0) [ RunTime:0.0201s ]
SQL: INSERT INTO ht_power(role_id,form_id,function_name,function_type)values(249,831,"view.page",0) [ RunTime:0.0200s ]
SQL: INSERT INTO ht_power(role_id,form_id,function_name,function_type)values(249,832,"view.page",0) [ RunTime:0.0206s ]
SQL: INSERT INTO ht_power(role_id,form_id,function_name,function_type)values(249,833,"view.page",0) [ RunTime:0.0203s ]
SQL: INSERT INTO ht_power(role_id,form_id,function_name,function_type)values(249,834,"view.page",0) [ RunTime:0.0185s ]
SQL: INSERT INTO ht_power(role_id,form_id,function_name,function_type)values(249,835,"view.page",0) [ RunTime:0.0200s ]
SQL: INSERT INTO ht_power(role_id,form_id,function_name,function_type)values(249,836,"view.page",0) [ RunTime:0.0222s ]
SQL: INSERT INTO ht_power(role_id,form_id,function_name,function_type)values(249,837,"view.page",0) [ RunTime:0.0189s ]
SQL: INSERT INTO ht_power(role_id,form_id,function_name,function_type)values(249,838,"view.page",0) [ RunTime:0.0174s ]
SQL: INSERT INTO ht_power(role_id,form_id,function_name,function_type)values(249,839,"view.page",0) [ RunTime:0.0163s ]
SQL: INSERT INTO ht_power(role_id,form_id,function_name,function_type)values(249,840,"view.page",0) [ RunTime:0.0203s ]
SQL: INSERT INTO ht_power(role_id,form_id,function_name,function_type)values(249,841,"view.page",0) [ RunTime:0.0203s ]
SQL: INSERT INTO ht_power(role_id,form_id,function_name,function_type)values(249,842,"view.page",0) [ RunTime:0.0200s ]
SQL: INSERT INTO ht_power(role_id,form_id,function_name,function_type)values(249,843,"view.page",0) [ RunTime:0.0201s ]
SQL: INSERT INTO ht_power(role_id,form_id,function_name,function_type)values(249,844,"view.page",0) [ RunTime:0.0203s ]
SQL: INSERT INTO ht_power(role_id,form_id,function_name,function_type)values(249,845,"view.page",0) [ RunTime:0.0248s ]
SQL: INSERT INTO ht_power(role_id,form_id,function_name,function_type)values(249,846,"view.page",0) [ RunTime:0.0181s ]
SQL: INSERT INTO ht_power(role_id,form_id,function_name,function_type)values(249,847,"view.page",0) [ RunTime:0.0203s ]
SQL: INSERT INTO ht_power(role_id,form_id,function_name,function_type)values(249,848,"view.page",0) [ RunTime:0.0211s ]
SQL: INSERT INTO ht_power(role_id,form_id,function_name,function_type)values(249,849,"view.page",0) [ RunTime:0.0180s ]
SQL: INSERT INTO ht_power(role_id,form_id,function_name,function_type)values(249,850,"view.page",0) [ RunTime:0.0203s ]
SQL: INSERT INTO ht_power(role_id,form_id,function_name,function_type)values(249,851,"view.page",0) [ RunTime:0.0203s ]
SQL: INSERT INTO ht_power(role_id,form_id,function_name,function_type)values(249,852,"view.page",0) [ RunTime:0.0203s ]
SQL: INSERT INTO ht_power(role_id,form_id,function_name,function_type)values(249,853,"view.page",0) [ RunTime:0.0203s ]
SQL: INSERT INTO ht_power(role_id,form_id,function_name,function_type)values(249,854,"view.page",0) [ RunTime:0.0206s ]
SQL: INSERT INTO ht_power(role_id,form_id,function_name,function_type)values(249,855,"view.page",0) [ RunTime:0.0218s ]
SQL: INSERT INTO ht_power(role_id,form_id,function_name,function_type)values(249,856,"view.page",0) [ RunTime:0.0203s ]
SQL: INSERT INTO ht_power(role_id,form_id,function_name,function_type)values(249,613,"view.page",0) [ RunTime:0.0208s ]
SQL: INSERT INTO ht_power(role_id,form_id,function_name,function_type)values(249,614,"view.page",0) [ RunTime:0.0184s ]
SQL: INSERT INTO ht_power(role_id,form_id,function_name,function_type)values(249,615,"view.page",0) [ RunTime:0.0222s ]
SQL: INSERT INTO ht_power(role_id,form_id,function_name,function_type)values(249,616,"view.page",0) [ RunTime:0.0224s ]
SQL: INSERT INTO ht_power(role_id,form_id,function_name,function_type)values(249,617,"view.page",0) [ RunTime:0.0203s ]
SQL: INSERT INTO ht_power(role_id,form_id,function_name,function_type)values(249,636,"view.page",0) [ RunTime:0.0203s ]
SQL: INSERT INTO ht_power(role_id,form_id,function_name,function_type)values(249,637,"view.page",0) [ RunTime:0.0181s ]
SQL: INSERT INTO ht_power(role_id,form_id,function_name,function_type)values(249,644,"view.page",0) [ RunTime:0.0190s ]
SQL: INSERT INTO ht_power(role_id,form_id,function_name,function_type)values(249,717,"view.page",0) [ RunTime:0.0203s ]
SQL: INSERT INTO ht_power(role_id,form_id,function_name,function_type)values(249,769,"view.page",0) [ RunTime:0.0178s ]
SQL: INSERT INTO ht_power(role_id,form_id,function_name,function_type)values(249,777,"view.page",0) [ RunTime:0.0203s ]
SQL: INSERT INTO ht_power(role_id,form_id,function_name,function_type)values(249,858,"view.page",0) [ RunTime:0.0203s ]
SQL: INSERT INTO ht_power(role_id,form_id,function_name,function_type)values(249,859,"view.page",0) [ RunTime:0.0203s ]
SQL: INSERT INTO ht_power(role_id,form_id,function_name,function_type)values(249,618,"view.page",0) [ RunTime:0.0203s ]
SQL: INSERT INTO ht_power(role_id,form_id,function_name,function_type)values(249,802,"view.page",0) [ RunTime:0.0203s ]
SQL: INSERT INTO ht_power(role_id,form_id,function_name,function_type)values(249,804,"view.page",0) [ RunTime:0.0188s ]
SQL: INSERT INTO ht_power(role_id,form_id,function_name,function_type)values(249,806,"view.page",0) [ RunTime:0.0203s ]
SQL: INSERT INTO ht_power(role_id,form_id,function_name,function_type)values(249,808,"view.page",0) [ RunTime:0.0201s ]
SQL: INSERT INTO ht_power(role_id,form_id,function_name,function_type)values(249,870,"view.page",0) [ RunTime:0.0208s ]
SQL: INSERT INTO ht_power(role_id,form_id,function_name,function_type)values(249,871,"view.page",0) [ RunTime:0.0177s ]
SQL: INSERT INTO ht_power(role_id,form_id,function_name,function_type)values(249,1913,"view.page",0) [ RunTime:0.0200s ]
SQL: INSERT INTO ht_power(role_id,form_id,function_name,function_type)values(249,1915,"view.page",0) [ RunTime:0.0227s ]
SQL: INSERT INTO ht_power(role_id,form_id,function_name,function_type)values(249,1916,"view.page",0) [ RunTime:0.0216s ]
SQL: INSERT INTO ht_power(role_id,form_id,function_name,function_type)values(249,1116,"view.page",0) [ RunTime:0.0202s ]
SQL: INSERT INTO ht_power(role_id,form_id,function_name,function_type)values(249,1119,"view.page",0) [ RunTime:0.0231s ]
SQL: INSERT INTO ht_power(role_id,form_id,function_name,function_type)values(249,1120,"view.page",0) [ RunTime:0.0203s ]
SQL: INSERT INTO ht_power(role_id,form_id,function_name,function_type)values(249,1147,"view.page",0) [ RunTime:0.0200s ]
INFO: [ app_end ] --START--
INFO: Run Behavior\ShowPageTraceBehavior [ RunTime:0.000101s ]
INFO: [ app_end ] --END-- [ RunTime:0.000173s ]

[ 2015-12-17T18:07:30+08:00 ] 14.208.193.173 /s/tp/wwwroot/index.php?s=/Power/index/upRole
INFO: [ app_init ] --START--
INFO: Run Behavior\BuildLiteBehavior [ RunTime:0.000021s ]
INFO: [ app_init ] --END-- [ RunTime:0.000156s ]
INFO: [ app_begin ] --START--
INFO: Run Behavior\ReadHtmlCacheBehavior [ RunTime:0.000056s ]
INFO: [ app_begin ] --END-- [ RunTime:0.000129s ]
SQL: delete from `ht_power` where role_id=249 and function_type=0 [ RunTime:0.0327s ]
SQL: INSERT INTO ht_power(role_id,form_id,function_name,function_type)values(249,204,"view.page",0) [ RunTime:0.0220s ]
SQL: INSERT INTO ht_power(role_id,form_id,function_name,function_type)values(249,1171,"view.page",0) [ RunTime:0.0202s ]
SQL: INSERT INTO ht_power(role_id,form_id,function_name,function_type)values(249,231,"view.page",0) [ RunTime:0.0203s ]
SQL: INSERT INTO ht_power(role_id,form_id,function_name,function_type)values(249,232,"view.page",0) [ RunTime:0.0182s ]
SQL: INSERT INTO ht_power(role_id,form_id,function_name,function_type)values(249,234,"view.page",0) [ RunTime:0.0221s ]
SQL: INSERT INTO ht_power(role_id,form_id,function_name,function_type)values(249,790,"view.page",0) [ RunTime:0.0185s ]
SQL: INSERT INTO ht_power(role_id,form_id,function_name,function_type)values(249,860,"view.page",0) [ RunTime:0.0203s ]
SQL: INSERT INTO ht_power(role_id,form_id,function_name,function_type)values(249,861,"view.page",0) [ RunTime:0.0179s ]
SQL: INSERT INTO ht_power(role_id,form_id,function_name,function_type)values(249,862,"view.page",0) [ RunTime:0.0203s ]
SQL: INSERT INTO ht_power(role_id,form_id,function_name,function_type)values(249,863,"view.page",0) [ RunTime:0.0208s ]
SQL: INSERT INTO ht_power(role_id,form_id,function_name,function_type)values(249,1172,"view.page",0) [ RunTime:0.0200s ]
SQL: INSERT INTO ht_power(role_id,form_id,function_name,function_type)values(249,864,"view.page",0) [ RunTime:0.0203s ]
SQL: INSERT INTO ht_power(role_id,form_id,function_name,function_type)values(249,865,"view.page",0) [ RunTime:0.0187s ]
SQL: INSERT INTO ht_power(role_id,form_id,function_name,function_type)values(249,868,"view.page",0) [ RunTime:0.0203s ]
SQL: INSERT INTO ht_power(role_id,form_id,function_name,function_type)values(249,869,"view.page",0) [ RunTime:0.0203s ]
SQL: INSERT INTO ht_power(role_id,form_id,function_name,function_type)values(249,732,"view.page",0) [ RunTime:0.0177s ]
SQL: INSERT INTO ht_power(role_id,form_id,function_name,function_type)values(249,733,"view.page",0) [ RunTime:0.0282s ]
SQL: INSERT INTO ht_power(role_id,form_id,function_name,function_type)values(249,734,"view.page",0) [ RunTime:0.0203s ]
SQL: INSERT INTO ht_power(role_id,form_id,function_name,function_type)values(249,736,"view.page",0) [ RunTime:0.1628s ]
SQL: INSERT INTO ht_power(role_id,form_id,function_name,function_type)values(249,752,"view.page",0) [ RunTime:0.0216s ]
SQL: INSERT INTO ht_power(role_id,form_id,function_name,function_type)values(249,758,"view.page",0) [ RunTime:0.0399s ]
SQL: INSERT INTO ht_power(role_id,form_id,function_name,function_type)values(249,759,"view.page",0) [ RunTime:0.0605s ]
SQL: INSERT INTO ht_power(role_id,form_id,function_name,function_type)values(249,760,"view.page",0) [ RunTime:0.0532s ]
SQL: INSERT INTO ht_power(role_id,form_id,function_name,function_type)values(249,761,"view.page",0) [ RunTime:0.0404s ]
SQL: INSERT INTO ht_power(role_id,form_id,function_name,function_type)values(249,762,"view.page",0) [ RunTime:0.0160s ]
SQL: INSERT INTO ht_power(role_id,form_id,function_name,function_type)values(249,768,"view.page",0) [ RunTime:0.0197s ]
SQL: INSERT INTO ht_power(role_id,form_id,function_name,function_type)values(249,326,"view.page",0) [ RunTime:0.0207s ]
SQL: INSERT INTO ht_power(role_id,form_id,function_name,function_type)values(249,128,"view.page",0) [ RunTime:0.0201s ]
SQL: INSERT INTO ht_power(role_id,form_id,function_name,function_type)values(249,328,"view.page",0) [ RunTime:0.0200s ]
SQL: INSERT INTO ht_power(role_id,form_id,function_name,function_type)values(249,600,"view.page",0) [ RunTime:0.0195s ]
SQL: INSERT INTO ht_power(role_id,form_id,function_name,function_type)values(249,610,"view.page",0) [ RunTime:0.0165s ]
SQL: INSERT INTO ht_power(role_id,form_id,function_name,function_type)values(249,643,"view.page",0) [ RunTime:0.0160s ]
SQL: INSERT INTO ht_power(role_id,form_id,function_name,function_type)values(249,730,"view.page",0) [ RunTime:0.0164s ]
SQL: INSERT INTO ht_power(role_id,form_id,function_name,function_type)values(249,611,"view.page",0) [ RunTime:0.0197s ]
SQL: INSERT INTO ht_power(role_id,form_id,function_name,function_type)values(249,866,"view.page",0) [ RunTime:0.0203s ]
SQL: INSERT INTO ht_power(role_id,form_id,function_name,function_type)values(249,867,"view.page",0) [ RunTime:0.0203s ]
SQL: INSERT INTO ht_power(role_id,form_id,function_name,function_type)values(249,612,"view.page",0) [ RunTime:0.0202s ]
SQL: INSERT INTO ht_power(role_id,form_id,function_name,function_type)values(249,757,"view.page",0) [ RunTime:0.0206s ]
SQL: INSERT INTO ht_power(role_id,form_id,function_name,function_type)values(249,799,"view.page",0) [ RunTime:0.0200s ]
SQL: INSERT INTO ht_power(role_id,form_id,function_name,function_type)values(249,800,"view.page",0) [ RunTime:0.0199s ]
SQL: INSERT INTO ht_power(role_id,form_id,function_name,function_type)values(249,803,"view.page",0) [ RunTime:0.0202s ]
SQL: INSERT INTO ht_power(role_id,form_id,function_name,function_type)values(249,805,"view.page",0) [ RunTime:0.0201s ]
SQL: INSERT INTO ht_power(role_id,form_id,function_name,function_type)values(249,807,"view.page",0) [ RunTime:0.0198s ]
SQL: INSERT INTO ht_power(role_id,form_id,function_name,function_type)values(249,809,"view.page",0) [ RunTime:0.0205s ]
SQL: INSERT INTO ht_power(role_id,form_id,function_name,function_type)values(249,810,"view.page",0) [ RunTime:0.0199s ]
SQL: INSERT INTO ht_power(role_id,form_id,function_name,function_type)values(249,811,"view.page",0) [ RunTime:0.0202s ]
SQL: INSERT INTO ht_power(role_id,form_id,function_name,function_type)values(249,812,"view.page",0) [ RunTime:0.0200s ]
SQL: INSERT INTO ht_power(role_id,form_id,function_name,function_type)values(249,813,"view.page",0) [ RunTime:0.0203s ]
SQL: INSERT INTO ht_power(role_id,form_id,function_name,function_type)values(249,814,"view.page",0) [ RunTime:0.0201s ]
SQL: INSERT INTO ht_power(role_id,form_id,function_name,function_type)values(249,815,"view.page",0) [ RunTime:0.0202s ]
SQL: INSERT INTO ht_power(role_id,form_id,function_name,function_type)values(249,816,"view.page",0) [ RunTime:0.0201s ]
SQL: INSERT INTO ht_power(role_id,form_id,function_name,function_type)values(249,817,"view.page",0) [ RunTime:0.0199s ]
SQL: INSERT INTO ht_power(role_id,form_id,function_name,function_type)values(249,818,"view.page",0) [ RunTime:0.0207s ]
SQL: INSERT INTO ht_power(role_id,form_id,function_name,function_type)values(249,819,"view.page",0) [ RunTime:0.0201s ]
SQL: INSERT INTO ht_power(role_id,form_id,function_name,function_type)values(249,820,"view.page",0) [ RunTime:0.0195s ]
SQL: INSERT INTO ht_power(role_id,form_id,function_name,function_type)values(249,821,"view.page",0) [ RunTime:0.0201s ]
SQL: INSERT INTO ht_power(role_id,form_id,function_name,function_type)values(249,822,"view.page",0) [ RunTime:0.0201s ]
SQL: INSERT INTO ht_power(role_id,form_id,function_name,function_type)values(249,823,"view.page",0) [ RunTime:0.0209s ]
SQL: INSERT INTO ht_power(role_id,form_id,function_name,function_type)values(249,824,"view.page",0) [ RunTime:0.0201s ]
SQL: INSERT INTO ht_power(role_id,form_id,function_name,function_type)values(249,825,"view.page",0) [ RunTime:0.0200s ]
SQL: INSERT INTO ht_power(role_id,form_id,function_name,function_type)values(249,826,"view.page",0) [ RunTime:0.0199s ]
SQL: INSERT INTO ht_power(role_id,form_id,function_name,function_type)values(249,827,"view.page",0) [ RunTime:0.0200s ]
SQL: INSERT INTO ht_power(role_id,form_id,function_name,function_type)values(249,828,"view.page",0) [ RunTime:0.0201s ]
SQL: INSERT INTO ht_power(role_id,form_id,function_name,function_type)values(249,829,"view.page",0) [ RunTime:0.0211s ]
SQL: INSERT INTO ht_power(role_id,form_id,function_name,function_type)values(249,830,"view.page",0) [ RunTime:0.0191s ]
SQL: INSERT INTO ht_power(role_id,form_id,function_name,function_type)values(249,831,"view.page",0) [ RunTime:0.0171s ]
SQL: INSERT INTO ht_power(role_id,form_id,function_name,function_type)values(249,832,"view.page",0) [ RunTime:0.0202s ]
SQL: INSERT INTO ht_power(role_id,form_id,function_name,function_type)values(249,833,"view.page",0) [ RunTime:0.0201s ]
SQL: INSERT INTO ht_power(role_id,form_id,function_name,function_type)values(249,834,"view.page",0) [ RunTime:0.0201s ]
SQL: INSERT INTO ht_power(role_id,form_id,function_name,function_type)values(249,835,"view.page",0) [ RunTime:0.0200s ]
SQL: INSERT INTO ht_power(role_id,form_id,function_name,function_type)values(249,836,"view.page",0) [ RunTime:0.0198s ]
SQL: INSERT INTO ht_power(role_id,form_id,function_name,function_type)values(249,837,"view.page",0) [ RunTime:0.0201s ]
SQL: INSERT INTO ht_power(role_id,form_id,function_name,function_type)values(249,838,"view.page",0) [ RunTime:0.0193s ]
SQL: INSERT INTO ht_power(role_id,form_id,function_name,function_type)values(249,839,"view.page",0) [ RunTime:0.0213s ]
SQL: INSERT INTO ht_power(role_id,form_id,function_name,function_type)values(249,840,"view.page",0) [ RunTime:0.0206s ]
SQL: INSERT INTO ht_power(role_id,form_id,function_name,function_type)values(249,841,"view.page",0) [ RunTime:0.0201s ]
SQL: INSERT INTO ht_power(role_id,form_id,function_name,function_type)values(249,842,"view.page",0) [ RunTime:0.0201s ]
SQL: INSERT INTO ht_power(role_id,form_id,function_name,function_type)values(249,843,"view.page",0) [ RunTime:0.0201s ]
SQL: INSERT INTO ht_power(role_id,form_id,function_name,function_type)values(249,844,"view.page",0) [ RunTime:0.0201s ]
SQL: INSERT INTO ht_power(role_id,form_id,function_name,function_type)values(249,845,"view.page",0) [ RunTime:0.0201s ]
SQL: INSERT INTO ht_power(role_id,form_id,function_name,function_type)values(249,846,"view.page",0) [ RunTime:0.0202s ]
SQL: INSERT INTO ht_power(role_id,form_id,function_name,function_type)values(249,847,"view.page",0) [ RunTime:0.0189s ]
SQL: INSERT INTO ht_power(role_id,form_id,function_name,function_type)values(249,848,"view.page",0) [ RunTime:0.0202s ]
SQL: INSERT INTO ht_power(role_id,form_id,function_name,function_type)values(249,849,"view.page",0) [ RunTime:0.0172s ]
SQL: INSERT INTO ht_power(role_id,form_id,function_name,function_type)values(249,850,"view.page",0) [ RunTime:0.0190s ]
SQL: INSERT INTO ht_power(role_id,form_id,function_name,function_type)values(249,851,"view.page",0) [ RunTime:0.0177s ]
SQL: INSERT INTO ht_power(role_id,form_id,function_name,function_type)values(249,852,"view.page",0) [ RunTime:0.0201s ]
SQL: INSERT INTO ht_power(role_id,form_id,function_name,function_type)values(249,853,"view.page",0) [ RunTime:0.0200s ]
SQL: INSERT INTO ht_power(role_id,form_id,function_name,function_type)values(249,854,"view.page",0) [ RunTime:0.0201s ]
SQL: INSERT INTO ht_power(role_id,form_id,function_name,function_type)values(249,855,"view.page",0) [ RunTime:0.0202s ]
SQL: INSERT INTO ht_power(role_id,form_id,function_name,function_type)values(249,856,"view.page",0) [ RunTime:0.0199s ]
SQL: INSERT INTO ht_power(role_id,form_id,function_name,function_type)values(249,613,"view.page",0) [ RunTime:0.0203s ]
SQL: INSERT INTO ht_power(role_id,form_id,function_name,function_type)values(249,614,"view.page",0) [ RunTime:0.0193s ]
SQL: INSERT INTO ht_power(role_id,form_id,function_name,function_type)values(249,615,"view.page",0) [ RunTime:0.0202s ]
SQL: INSERT INTO ht_power(role_id,form_id,function_name,function_type)values(249,616,"view.page",0) [ RunTime:0.0201s ]
SQL: INSERT INTO ht_power(role_id,form_id,function_name,function_type)values(249,617,"view.page",0) [ RunTime:0.0200s ]
SQL: INSERT INTO ht_power(role_id,form_id,function_name,function_type)values(249,636,"view.page",0) [ RunTime:0.0200s ]
SQL: INSERT INTO ht_power(role_id,form_id,function_name,function_type)values(249,637,"view.page",0) [ RunTime:0.0200s ]
SQL: INSERT INTO ht_power(role_id,form_id,function_name,function_type)values(249,644,"view.page",0) [ RunTime:0.0224s ]
SQL: INSERT INTO ht_power(role_id,form_id,function_name,function_type)values(249,717,"view.page",0) [ RunTime:0.0203s ]
SQL: INSERT INTO ht_power(role_id,form_id,function_name,function_type)values(249,769,"view.page",0) [ RunTime:0.0201s ]
SQL: INSERT INTO ht_power(role_id,form_id,function_name,function_type)values(249,777,"view.page",0) [ RunTime:0.0213s ]
SQL: INSERT INTO ht_power(role_id,form_id,function_name,function_type)values(249,858,"view.page",0) [ RunTime:0.0202s ]
SQL: INSERT INTO ht_power(role_id,form_id,function_name,function_type)values(249,859,"view.page",0) [ RunTime:0.0208s ]
SQL: INSERT INTO ht_power(role_id,form_id,function_name,function_type)values(249,618,"view.page",0) [ RunTime:0.0202s ]
SQL: INSERT INTO ht_power(role_id,form_id,function_name,function_type)values(249,802,"view.page",0) [ RunTime:0.0202s ]
SQL: INSERT INTO ht_power(role_id,form_id,function_name,function_type)values(249,804,"view.page",0) [ RunTime:0.0203s ]
SQL: INSERT INTO ht_power(role_id,form_id,function_name,function_type)values(249,806,"view.page",0) [ RunTime:0.0202s ]
SQL: INSERT INTO ht_power(role_id,form_id,function_name,function_type)values(249,808,"view.page",0) [ RunTime:0.0200s ]
SQL: INSERT INTO ht_power(role_id,form_id,function_name,function_type)values(249,870,"view.page",0) [ RunTime:0.0206s ]
SQL: INSERT INTO ht_power(role_id,form_id,function_name,function_type)values(249,871,"view.page",0) [ RunTime:0.0202s ]
SQL: INSERT INTO ht_power(role_id,form_id,function_name,function_type)values(249,1913,"view.page",0) [ RunTime:0.0202s ]
SQL: INSERT INTO ht_power(role_id,form_id,function_name,function_type)values(249,1915,"view.page",0) [ RunTime:0.0208s ]
SQL: INSERT INTO ht_power(role_id,form_id,function_name,function_type)values(249,1916,"view.page",0) [ RunTime:0.0163s ]
SQL: INSERT INTO ht_power(role_id,form_id,function_name,function_type)values(249,1116,"view.page",0) [ RunTime:0.0202s ]
SQL: INSERT INTO ht_power(role_id,form_id,function_name,function_type)values(249,1119,"view.page",0) [ RunTime:0.0202s ]
SQL: INSERT INTO ht_power(role_id,form_id,function_name,function_type)values(249,1120,"view.page",0) [ RunTime:0.0203s ]
SQL: INSERT INTO ht_power(role_id,form_id,function_name,function_type)values(249,1147,"view.page",0) [ RunTime:0.0205s ]
INFO: [ app_end ] --START--
INFO: Run Behavior\ShowPageTraceBehavior [ RunTime:0.000107s ]
INFO: [ app_end ] --END-- [ RunTime:0.000178s ]

