[ 2015-08-28T10:10:20+08:00 ] ::1 /s/tp/wwwroot/index.php?s=/demo/formdesign/form_id/143.html
INFO: [ app_init ] --START--
INFO: Run Behavior\BuildLiteBehavior [ RunTime:0.000000s ]
INFO: [ app_init ] --END-- [ RunTime:0.000000s ]
INFO: [ app_begin ] --START--
INFO: Run Behavior\ReadHtmlCacheBehavior [ RunTime:0.000000s ]
INFO: [ app_begin ] --END-- [ RunTime:0.000000s ]
SQL: SHOW COLUMNS FROM `ht_form` [ RunTime:0.0117s ]
SQL: SELECT * FROM `ht_form` WHERE `id` = 143 AND `is_del` = 0 LIMIT 1   [ RunTime:0.0020s ]
INFO: [ app_end ] --START--
INFO: Run Behavior\ShowPageTraceBehavior [ RunTime:0.000976s ]
INFO: [ app_end ] --END-- [ RunTime:0.000976s ]

[ 2015-08-28T10:10:47+08:00 ] ::1 /s/tp/wwwroot/index.php?s=/Home/Demo/add.html
INFO: [ app_init ] --START--
INFO: Run Behavior\BuildLiteBehavior [ RunTime:0.000000s ]
INFO: [ app_init ] --END-- [ RunTime:0.000000s ]
INFO: [ app_begin ] --START--
INFO: Run Behavior\ReadHtmlCacheBehavior [ RunTime:0.000976s ]
INFO: [ app_begin ] --END-- [ RunTime:0.000976s ]
SQL: SHOW COLUMNS FROM `ht_form` [ RunTime:0.0117s ]
SQL: INSERT INTO `ht_form` (`form_name`,`form_desc`,`updatetime`,`type`,`dateline`,`pid`,`creater_uid`) VALUES ('123','','1440727847','2','1440727847','52','18') [ RunTime:0.0049s ]
NOTIC: [2] unlink(../Application/Runtime/Temp/21d9a5adf0e55158019e1c301ccb9502.php): No such file or directory D:\¹¤³ÌÇø\dzxt\s\tp\ThinkPHP\Library\Think\Cache\Driver\File.class.php ç¬¬ 157 è¡Œ.
INFO: [ app_end ] --START--
INFO: Run Behavior\ShowPageTraceBehavior [ RunTime:0.000000s ]
INFO: [ app_end ] --END-- [ RunTime:0.000000s ]

[ 2015-08-28T14:03:48+08:00 ] ::1 /s/tp/wwwroot/index.php?s=/demo/formdesign/form_id/143.html
INFO: [ app_init ] --START--
INFO: Run Behavior\BuildLiteBehavior [ RunTime:0.000000s ]
INFO: [ app_init ] --END-- [ RunTime:0.000977s ]
INFO: [ app_begin ] --START--
INFO: Run Behavior\ReadHtmlCacheBehavior [ RunTime:0.000977s ]
INFO: [ app_begin ] --END-- [ RunTime:0.001953s ]
SQL: SHOW COLUMNS FROM `ht_form` [ RunTime:0.0000s ]
SQL: SELECT * FROM `ht_form` WHERE `id` = 143 AND `is_del` = 0 LIMIT 1   [ RunTime:0.0000s ]
INFO: [ app_end ] --START--
INFO: Run Behavior\ShowPageTraceBehavior [ RunTime:0.000000s ]
INFO: [ app_end ] --END-- [ RunTime:0.000000s ]

[ 2015-08-28T15:51:48+08:00 ] ::1 /s/tp/wwwroot/index.php?s=/demo/formdesign/form_id/143.html
INFO: [ app_init ] --START--
INFO: Run Behavior\BuildLiteBehavior [ RunTime:0.000000s ]
INFO: [ app_init ] --END-- [ RunTime:0.000000s ]
INFO: [ app_begin ] --START--
INFO: Run Behavior\ReadHtmlCacheBehavior [ RunTime:0.000977s ]
INFO: [ app_begin ] --END-- [ RunTime:0.000977s ]
ERR: SQLSTATE[HY000]: General error: 126 Incorrect key file for table '/tmp/#sql_53a_0.MYI'; try to repair it

[ 2015-08-28T15:51:53+08:00 ] ::1 /s/tp/wwwroot/index.php?s=/demo/formdesign/form_id/143.html
INFO: [ app_init ] --START--
INFO: Run Behavior\BuildLiteBehavior [ RunTime:0.000000s ]
INFO: [ app_init ] --END-- [ RunTime:0.000977s ]
INFO: [ app_begin ] --START--
INFO: Run Behavior\ReadHtmlCacheBehavior [ RunTime:0.000976s ]
INFO: [ app_begin ] --END-- [ RunTime:0.000976s ]
ERR: SQLSTATE[HY000]: General error: 126 Incorrect key file for table '/tmp/#sql_53a_0.MYI'; try to repair it

[ 2015-08-28T15:52:19+08:00 ] ::1 /s/tp/wwwroot/index.php?s=/demo/formdesign/form_id/143.html
INFO: [ app_init ] --START--
INFO: Run Behavior\BuildLiteBehavior [ RunTime:0.000000s ]
INFO: [ app_init ] --END-- [ RunTime:0.000000s ]
INFO: [ app_begin ] --START--
INFO: Run Behavior\ReadHtmlCacheBehavior [ RunTime:0.000000s ]
INFO: [ app_begin ] --END-- [ RunTime:0.000000s ]
ERR: SQLSTATE[HY000]: General error: 126 Incorrect key file for table '/tmp/#sql_53a_0.MYI'; try to repair it

[ 2015-08-28T15:53:30+08:00 ] ::1 /s/tp/wwwroot/index.php?s=/demo/formdesign/form_id/143.html
INFO: [ app_init ] --START--
INFO: Run Behavior\BuildLiteBehavior [ RunTime:0.000000s ]
INFO: [ app_init ] --END-- [ RunTime:0.000000s ]
INFO: [ app_begin ] --START--
INFO: Run Behavior\ReadHtmlCacheBehavior [ RunTime:0.000000s ]
INFO: [ app_begin ] --END-- [ RunTime:0.000000s ]
ERR: SQLSTATE[HY000]: General error: 126 Incorrect key file for table '/tmp/#sql_53a_0.MYI'; try to repair it

[ 2015-08-28T15:53:48+08:00 ] ::1 /s/tp/wwwroot/index.php?s=/demo/formdesign/form_id/143.html
INFO: [ app_init ] --START--
INFO: Run Behavior\BuildLiteBehavior [ RunTime:0.000000s ]
INFO: [ app_init ] --END-- [ RunTime:0.000000s ]
INFO: [ app_begin ] --START--
INFO: Run Behavior\ReadHtmlCacheBehavior [ RunTime:0.000977s ]
INFO: [ app_begin ] --END-- [ RunTime:0.000977s ]
ERR: SQLSTATE[HY000]: General error: 126 Incorrect key file for table '/tmp/#sql_53a_0.MYI'; try to repair it

[ 2015-08-28T15:53:50+08:00 ] ::1 /s/tp/wwwroot/index.php?s=/demo/formdesign/form_id/143.html
INFO: [ app_init ] --START--
INFO: Run Behavior\BuildLiteBehavior [ RunTime:0.000000s ]
INFO: [ app_init ] --END-- [ RunTime:0.000000s ]
INFO: [ app_begin ] --START--
INFO: Run Behavior\ReadHtmlCacheBehavior [ RunTime:0.000000s ]
INFO: [ app_begin ] --END-- [ RunTime:0.000000s ]
ERR: SQLSTATE[HY000]: General error: 126 Incorrect key file for table '/tmp/#sql_53a_0.MYI'; try to repair it

[ 2015-08-28T15:54:04+08:00 ] ::1 /s/tp/wwwroot/index.php?s=/demo/formdesign/form_id/143.html1
INFO: [ app_init ] --START--
INFO: Run Behavior\BuildLiteBehavior [ RunTime:0.000000s ]
INFO: [ app_init ] --END-- [ RunTime:0.000000s ]
INFO: [ app_begin ] --START--
INFO: Run Behavior\ReadHtmlCacheBehavior [ RunTime:0.000000s ]
INFO: [ app_begin ] --END-- [ RunTime:0.000000s ]
ERR: SQLSTATE[HY000]: General error: 126 Incorrect key file for table '/tmp/#sql_53a_0.MYI'; try to repair it

[ 2015-08-28T15:54:10+08:00 ] ::1 /s/tp/wwwroot/index.php?s=/demo/formdesign/form_id/143111.html
INFO: [ app_init ] --START--
INFO: Run Behavior\BuildLiteBehavior [ RunTime:0.000000s ]
INFO: [ app_init ] --END-- [ RunTime:0.000977s ]
INFO: [ app_begin ] --START--
INFO: Run Behavior\ReadHtmlCacheBehavior [ RunTime:0.000000s ]
INFO: [ app_begin ] --END-- [ RunTime:0.000000s ]
ERR: SQLSTATE[HY000]: General error: 126 Incorrect key file for table '/tmp/#sql_53a_0.MYI'; try to repair it

[ 2015-08-28T15:54:15+08:00 ] ::1 /s/tp/wwwroot/index.php?s=/demo/formdesign/form_id/143.html
INFO: [ app_init ] --START--
INFO: Run Behavior\BuildLiteBehavior [ RunTime:0.000000s ]
INFO: [ app_init ] --END-- [ RunTime:0.000000s ]
INFO: [ app_begin ] --START--
INFO: Run Behavior\ReadHtmlCacheBehavior [ RunTime:0.000000s ]
INFO: [ app_begin ] --END-- [ RunTime:0.000000s ]
ERR: SQLSTATE[HY000]: General error: 126 Incorrect key file for table '/tmp/#sql_53a_0.MYI'; try to repair it

[ 2015-08-28T15:54:19+08:00 ] ::1 /s/tp/wwwroot/index.php?s=/demo/formdesign/form_id111/143.html
INFO: [ app_init ] --START--
INFO: Run Behavior\BuildLiteBehavior [ RunTime:0.000000s ]
INFO: [ app_init ] --END-- [ RunTime:0.000000s ]
INFO: [ app_begin ] --START--
INFO: Run Behavior\ReadHtmlCacheBehavior [ RunTime:0.000000s ]
INFO: [ app_begin ] --END-- [ RunTime:0.000000s ]
INFO: [ view_parse ] --START--
INFO: [ template_filter ] --START--
INFO: Run Behavior\ContentReplaceBehavior [ RunTime:0.000000s ]
INFO: [ template_filter ] --END-- [ RunTime:0.000000s ]
INFO: Run Behavior\ParseTemplateBehavior [ RunTime:0.192383s ]
INFO: [ view_parse ] --END-- [ RunTime:0.192383s ]
INFO: [ view_filter ] --START--
INFO: Run Behavior\WriteHtmlCacheBehavior [ RunTime:0.012695s ]
INFO: [ view_filter ] --END-- [ RunTime:0.012695s ]

[ 2015-08-28T15:54:22+08:00 ] ::1 /s/tp/wwwroot/index.php?s=/demo/formdesign/form_id/143.html
INFO: [ app_init ] --START--
INFO: Run Behavior\BuildLiteBehavior [ RunTime:0.000000s ]
INFO: [ app_init ] --END-- [ RunTime:0.000000s ]
INFO: [ app_begin ] --START--
INFO: Run Behavior\ReadHtmlCacheBehavior [ RunTime:0.000976s ]
INFO: [ app_begin ] --END-- [ RunTime:0.000976s ]
ERR: SQLSTATE[HY000]: General error: 126 Incorrect key file for table '/tmp/#sql_53a_0.MYI'; try to repair it

[ 2015-08-28T15:54:26+08:00 ] ::1 /s/tp/wwwroot/index.php?s=/demo/formdesign/form_id/143111111.htm
INFO: [ app_init ] --START--
INFO: Run Behavior\BuildLiteBehavior [ RunTime:0.000000s ]
INFO: [ app_init ] --END-- [ RunTime:0.000977s ]
INFO: [ app_begin ] --START--
INFO: Run Behavior\ReadHtmlCacheBehavior [ RunTime:0.000977s ]
INFO: [ app_begin ] --END-- [ RunTime:0.000977s ]
ERR: SQLSTATE[HY000]: General error: 126 Incorrect key file for table '/tmp/#sql_53a_0.MYI'; try to repair it

[ 2015-08-28T15:54:30+08:00 ] ::1 /s/tp/wwwroot/index.php?s=/demo/formdesign/form_id/143.htm
INFO: [ app_init ] --START--
INFO: Run Behavior\BuildLiteBehavior [ RunTime:0.000000s ]
INFO: [ app_init ] --END-- [ RunTime:0.000976s ]
INFO: [ app_begin ] --START--
INFO: Run Behavior\ReadHtmlCacheBehavior [ RunTime:0.000977s ]
INFO: [ app_begin ] --END-- [ RunTime:0.000977s ]
ERR: SQLSTATE[HY000]: General error: 126 Incorrect key file for table '/tmp/#sql_53a_0.MYI'; try to repair it

[ 2015-08-28T15:55:57+08:00 ] ::1 /s/tp/wwwroot/index.php?s=/demo/formdesign/form_id/143.htm
INFO: [ app_init ] --START--
INFO: Run Behavior\BuildLiteBehavior [ RunTime:0.000000s ]
INFO: [ app_init ] --END-- [ RunTime:0.000976s ]
INFO: [ app_begin ] --START--
INFO: Run Behavior\ReadHtmlCacheBehavior [ RunTime:0.000000s ]
INFO: [ app_begin ] --END-- [ RunTime:0.000000s ]
SQL: SHOW COLUMNS FROM `ht_form` [ RunTime:0.0059s ]
SQL: SELECT * FROM `ht_form` WHERE `id` = 143 AND `is_del` = 0 LIMIT 1   [ RunTime:0.0020s ]
INFO: [ app_end ] --START--
INFO: Run Behavior\ShowPageTraceBehavior [ RunTime:0.018555s ]
INFO: [ app_end ] --END-- [ RunTime:0.018555s ]

[ 2015-08-28T16:33:02+08:00 ] ::1 /s/tp/wwwroot/index.php?s=/Home/Demo/add.html
INFO: [ app_init ] --START--
INFO: Run Behavior\BuildLiteBehavior [ RunTime:0.000000s ]
INFO: [ app_init ] --END-- [ RunTime:0.000000s ]
INFO: [ app_begin ] --START--
INFO: Run Behavior\ReadHtmlCacheBehavior [ RunTime:0.000000s ]
INFO: [ app_begin ] --END-- [ RunTime:0.000000s ]
SQL: SHOW COLUMNS FROM `ht_form` [ RunTime:0.0059s ]
SQL: INSERT INTO `ht_form` (`form_name`,`form_desc`,`updatetime`,`type`,`dateline`,`pid`,`creater_uid`) VALUES ('123','','1440750782','1','1440750782','56','18') [ RunTime:0.0049s ]
NOTIC: [2] unlink(../Application/Runtime/Temp/21d9a5adf0e55158019e1c301ccb9502.php): No such file or directory D:\¹¤³ÌÇø\dzxt\s\tp\ThinkPHP\Library\Think\Cache\Driver\File.class.php ç¬¬ 157 è¡Œ.
INFO: [ app_end ] --START--
INFO: Run Behavior\ShowPageTraceBehavior [ RunTime:0.000976s ]
INFO: [ app_end ] --END-- [ RunTime:0.000976s ]

[ 2015-08-28T16:33:19+08:00 ] ::1 /s/tp/wwwroot/index.php?s=/Home/Demo/del.html
INFO: [ app_init ] --START--
INFO: Run Behavior\BuildLiteBehavior [ RunTime:0.000000s ]
INFO: [ app_init ] --END-- [ RunTime:0.000000s ]
INFO: [ app_begin ] --START--
INFO: Run Behavior\ReadHtmlCacheBehavior [ RunTime:0.000977s ]
INFO: [ app_begin ] --END-- [ RunTime:0.000977s ]
SQL: SHOW COLUMNS FROM `ht_form` [ RunTime:0.0127s ]
SQL: SELECT * FROM `ht_form` WHERE `pid` = 164 LIMIT 1   [ RunTime:0.0029s ]
SQL: DELETE FROM `ht_form` WHERE `id` = 164 [ RunTime:0.0039s ]
SQL: SHOW COLUMNS FROM `ht_power` [ RunTime:0.0029s ]
SQL: DELETE FROM `ht_power` WHERE `form_id` = 164 [ RunTime:0.0000s ]
INFO: [ app_end ] --START--
INFO: Run Behavior\ShowPageTraceBehavior [ RunTime:0.000000s ]
INFO: [ app_end ] --END-- [ RunTime:0.000000s ]

