[ 2015-08-30T23:12:29+08:00 ] 120.82.18.1 /s/tp/wwwroot/index.php?s=/demo/formdesign/form_id/128.html
INFO: [ app_init ] --START--
INFO: Run Behavior\BuildLiteBehavior [ RunTime:0.000010s ]
INFO: [ app_init ] --END-- [ RunTime:0.000079s ]
INFO: [ app_begin ] --START--
INFO: Run Behavior\ReadHtmlCacheBehavior [ RunTime:0.000036s ]
INFO: [ app_begin ] --END-- [ RunTime:0.000065s ]
SQL: SHOW COLUMNS FROM `ht_form` [ RunTime:0.0009s ]
SQL: SELECT * FROM `ht_form` WHERE `id` = 128 AND `is_del` = 0 LIMIT 1   [ RunTime:0.0003s ]
INFO: [ app_end ] --START--
INFO: Run Behavior\ShowPageTraceBehavior [ RunTime:0.000036s ]
INFO: [ app_end ] --END-- [ RunTime:0.000066s ]

[ 2015-08-30T23:17:56+08:00 ] 120.82.18.1 /s/tp/wwwroot/index.php?s=/demo/formdesign/
INFO: [ app_init ] --START--
INFO: Run Behavior\BuildLiteBehavior [ RunTime:0.000010s ]
INFO: [ app_init ] --END-- [ RunTime:0.000084s ]
INFO: [ app_begin ] --START--
INFO: Run Behavior\ReadHtmlCacheBehavior [ RunTime:0.000035s ]
INFO: [ app_begin ] --END-- [ RunTime:0.000064s ]
SQL: SHOW COLUMNS FROM `ht_form` [ RunTime:0.0010s ]
SQL: SELECT * FROM `ht_form` WHERE `id` = 128 AND `is_del` = 0 LIMIT 1   [ RunTime:0.0001s ]
SQL: show tables like 'ht_form_data_128' [ RunTime:0.0004s ]
SQL: SHOW COLUMNS FROM `ht_form_data_128` [ RunTime:0.0006s ]
SQL: UPDATE `ht_form` SET `is_data_form`='1',`fields`='5',`content`='<h1 style=\"BORDER-BOTTOM: rgb(204,204,204) 2px solid; TEXT-ALIGN: center; PADDING-BOTTOM: 0px; MARGIN: 0px 0px 20px; PADDING-LEFT: 0px; PADDING-RIGHT: 4px; FONT-SIZE: 32px; FONT-WEIGHT: bold; PADDING-TOP: 0px\" label=\"标题居中\">请假表</h1><p>&nbsp;</p><table data-sort=\"sortDisabled\"><tbody><tr class=\"firstRow\"><td style=\"WORD-BREAK: break-all\" valign=\"top\" width=\"138\">请假人：</td><td valign=\"top\" colspan=\"3\"><input style=\"TEXT-ALIGN: left; WIDTH: 150px\" title=\"请假人\" name=\"data_1\" orgtype=\"text\" orgwidth=\"150\" orgalign=\"left\" orghide=\"0\" leipiplugins=\"text\"/></td></tr><tr><td style=\"WORD-BREAK: break-all\" valign=\"top\" width=\"138\">请假日期开始：</td><td style=\"WORD-BREAK: break-all\" valign=\"top\" width=\"252\"><input style=\"TEXT-ALIGN: left; WIDTH: 150px\" title=\"开始日期\" name=\"data_2\" orgtype=\"text\" orgwidth=\"150\" orgalign=\"left\" orghide=\"0\" leipiplugins=\"text\"/></td><td style=\"WORD-BREAK: break-all\" valign=\"top\" width=\"146\">请假日期结束：</td><td valign=\"top\" width=\"299\"><input style=\"TEXT-ALIGN: left; WIDTH: 150px\" title=\"结束日期\" name=\"data_3\" orgtype=\"text\" orgwidth=\"150\" orgalign=\"left\" orghide=\"0\" leipiplugins=\"text\"/></td></tr><tr><td style=\"WORD-BREAK: break-all\" valign=\"top\" width=\"138\">请假事由：</td><td valign=\"top\" colspan=\"3\"><textarea style=\"MARGIN: 0px; WIDTH: 730px; HEIGHT: 82px\" title=\"请假事由\" name=\"data_4\" value=\"\" orgwidth=\"300\" leipiplugins=\"textarea\" orgheight=\"80\" orgfontsize=\"\" orgrich=\"0\"></textarea></td></tr><tr><td style=\"WORD-BREAK: break-all\" valign=\"top\">审批意见：</td><td valign=\"top\" colspan=\"3\"><textarea style=\"MARGIN: 0px; WIDTH: 732px; HEIGHT: 89px\" title=\"审批意见\" name=\"data_5\" value=\"\" orgwidth=\"300\" leipiplugins=\"textarea\" orgheight=\"80\" orgfontsize=\"\" orgrich=\"0\"></textarea></td></tr></tbody></table><p><br/></p><p>&nbsp;</p><p><br/></p>',`content_parse`='<h1 style=\"BORDER-BOTTOM: rgb(204,204,204) 2px solid; TEXT-ALIGN: center; PADDING-BOTTOM: 0px; MARGIN: 0px 0px 20px; PADDING-LEFT: 0px; PADDING-RIGHT: 4px; FONT-SIZE: 32px; FONT-WEIGHT: bold; PADDING-TOP: 0px\" label=\"标题居中\">请假表</h1><p>&nbsp;</p><table data-sort=\"sortDisabled\"><tbody><tr class=\"firstRow\"><td style=\"WORD-BREAK: break-all\" valign=\"top\" width=\"138\">请假人：</td><td valign=\"top\" colspan=\"3\">{data_1}</td></tr><tr><td style=\"WORD-BREAK: break-all\" valign=\"top\" width=\"138\">请假日期开始：</td><td style=\"WORD-BREAK: break-all\" valign=\"top\" width=\"252\">{data_2}</td><td style=\"WORD-BREAK: break-all\" valign=\"top\" width=\"146\">请假日期结束：</td><td valign=\"top\" width=\"299\">{data_3}</td></tr><tr><td style=\"WORD-BREAK: break-all\" valign=\"top\" width=\"138\">请假事由：</td><td valign=\"top\" colspan=\"3\">{data_4}</td></tr><tr><td style=\"WORD-BREAK: break-all\" valign=\"top\">审批意见：</td><td valign=\"top\" colspan=\"3\">{data_5}</td></tr></tbody></table><p><br/></p><p>&nbsp;</p><p><br/></p>',`content_data`='a:5:{i:0;a:9:{s:5:\"style\";s:30:\"TEXT-ALIGN: left; WIDTH: 150px\";s:5:\"title\";s:9:\"请假人\";s:4:\"name\";s:6:\"data_1\";s:7:\"orgtype\";s:4:\"text\";s:8:\"orgwidth\";s:3:\"150\";s:8:\"orgalign\";s:4:\"left\";s:7:\"orghide\";s:1:\"0\";s:12:\"leipiplugins\";s:4:\"text\";s:7:\"content\";s:157:\"<input style=\"TEXT-ALIGN: left; WIDTH: 150px\" title=\"请假人\" name=\"data_1\" orgtype=\"text\" orgwidth=\"150\" orgalign=\"left\" orghide=\"0\" leipiplugins=\"text\"/>\";}i:1;a:9:{s:5:\"style\";s:30:\"TEXT-ALIGN: left; WIDTH: 150px\";s:5:\"title\";s:12:\"开始日期\";s:4:\"name\";s:6:\"data_2\";s:7:\"orgtype\";s:4:\"text\";s:8:\"orgwidth\";s:3:\"150\";s:8:\"orgalign\";s:4:\"left\";s:7:\"orghide\";s:1:\"0\";s:12:\"leipiplugins\";s:4:\"text\";s:7:\"content\";s:160:\"<input style=\"TEXT-ALIGN: left; WIDTH: 150px\" title=\"开始日期\" name=\"data_2\" orgtype=\"text\" orgwidth=\"150\" orgalign=\"left\" orghide=\"0\" leipiplugins=\"text\"/>\";}i:2;a:9:{s:5:\"style\";s:30:\"TEXT-ALIGN: left; WIDTH: 150px\";s:5:\"title\";s:12:\"结束日期\";s:4:\"name\";s:6:\"data_3\";s:7:\"orgtype\";s:4:\"text\";s:8:\"orgwidth\";s:3:\"150\";s:8:\"orgalign\";s:4:\"left\";s:7:\"orghide\";s:1:\"0\";s:12:\"leipiplugins\";s:4:\"text\";s:7:\"content\";s:160:\"<input style=\"TEXT-ALIGN: left; WIDTH: 150px\" title=\"结束日期\" name=\"data_3\" orgtype=\"text\" orgwidth=\"150\" orgalign=\"left\" orghide=\"0\" leipiplugins=\"text\"/>\";}i:3;a:10:{s:5:\"style\";s:39:\"MARGIN: 0px; WIDTH: 730px; HEIGHT: 82px\";s:5:\"title\";s:12:\"请假事由\";s:4:\"name\";s:6:\"data_4\";s:5:\"value\";s:0:\"\";s:8:\"orgwidth\";s:3:\"300\";s:12:\"leipiplugins\";s:8:\"textarea\";s:9:\"orgheight\";s:2:\"80\";s:11:\"orgfontsize\";s:0:\"\";s:7:\"orgrich\";s:1:\"0\";s:7:\"content\";s:194:\"<textarea style=\"MARGIN: 0px; WIDTH: 730px; HEIGHT: 82px\" title=\"请假事由\" name=\"data_4\" value=\"\" orgwidth=\"300\" leipiplugins=\"textarea\" orgheight=\"80\" orgfontsize=\"\" orgrich=\"0\"></textarea>\";}i:4;a:10:{s:5:\"style\";s:39:\"MARGIN: 0px; WIDTH: 732px; HEIGHT: 89px\";s:5:\"title\";s:12:\"审批意见\";s:4:\"name\";s:6:\"data_5\";s:5:\"value\";s:0:\"\";s:8:\"orgwidth\";s:3:\"300\";s:12:\"leipiplugins\";s:8:\"textarea\";s:9:\"orgheight\";s:2:\"80\";s:11:\"orgfontsize\";s:0:\"\";s:7:\"orgrich\";s:1:\"0\";s:7:\"content\";s:194:\"<textarea style=\"MARGIN: 0px; WIDTH: 732px; HEIGHT: 89px\" title=\"审批意见\" name=\"data_5\" value=\"\" orgwidth=\"300\" leipiplugins=\"textarea\" orgheight=\"80\" orgfontsize=\"\" orgrich=\"0\"></textarea>\";}}',`updatetime`='1440947876' WHERE `id` = 128 [ RunTime:0.0255s ]
NOTIC: [2] unlink(../Application/Runtime/Temp/21d9a5adf0e55158019e1c301ccb9502.php): No such file or directory /var/www/dzxt/s/tp/ThinkPHP/Library/Think/Cache/Driver/File.class.php 第 157 行.
INFO: [ app_end ] --START--
INFO: Run Behavior\ShowPageTraceBehavior [ RunTime:0.000040s ]
INFO: [ app_end ] --END-- [ RunTime:0.000071s ]

[ 2015-08-30T23:18:02+08:00 ] 120.82.18.1 /s/tp/wwwroot/index.php?s=/demo/formdesign/form_id/128.html
INFO: [ app_init ] --START--
INFO: Run Behavior\BuildLiteBehavior [ RunTime:0.000009s ]
INFO: [ app_init ] --END-- [ RunTime:0.000072s ]
INFO: [ app_begin ] --START--
INFO: Run Behavior\ReadHtmlCacheBehavior [ RunTime:0.000038s ]
INFO: [ app_begin ] --END-- [ RunTime:0.000068s ]
SQL: SHOW COLUMNS FROM `ht_form` [ RunTime:0.0009s ]
SQL: SELECT * FROM `ht_form` WHERE `id` = 128 AND `is_del` = 0 LIMIT 1   [ RunTime:0.0003s ]
INFO: [ app_end ] --START--
INFO: Run Behavior\ShowPageTraceBehavior [ RunTime:0.000036s ]
INFO: [ app_end ] --END-- [ RunTime:0.000067s ]

