[ 2015-10-06T09:21:32+08:00 ] 113.94.20.202 /s/tp/wwwroot/index.php?s=/Home/Demo/add.html
INFO: [ app_init ] --START--
INFO: Run Behavior\BuildLiteBehavior [ RunTime:0.000009s ]
INFO: [ app_init ] --END-- [ RunTime:0.000082s ]
INFO: [ app_begin ] --START--
INFO: Run Behavior\ReadHtmlCacheBehavior [ RunTime:0.000038s ]
INFO: [ app_begin ] --END-- [ RunTime:0.000068s ]
SQL: SHOW COLUMNS FROM `ht_form` [ RunTime:0.0009s ]
SQL: INSERT INTO `ht_form` (`form_name`,`form_desc`,`updatetime`,`type`,`dateline`,`pid`,`creater_uid`) VALUES ('存货盘点与账面调节表副','','1444094492','0','1444094492','612','176') [ RunTime:0.0305s ]
NOTIC: [2] unlink(../Application/Runtime/Temp/21d9a5adf0e55158019e1c301ccb9502.php): No such file or directory /var/www/dzxt/s/tp/ThinkPHP/Library/Think/Cache/Driver/File.class.php 第 157 行.
INFO: [ app_end ] --START--
INFO: Run Behavior\ShowPageTraceBehavior [ RunTime:0.000043s ]
INFO: [ app_end ] --END-- [ RunTime:0.000072s ]

[ 2015-10-06T09:21:56+08:00 ] 113.94.20.202 /s/tp/wwwroot/index.php?s=/demo/formdesign/form_id/853.html
INFO: [ app_init ] --START--
INFO: Run Behavior\BuildLiteBehavior [ RunTime:0.000010s ]
INFO: [ app_init ] --END-- [ RunTime:0.000086s ]
INFO: [ app_begin ] --START--
INFO: Run Behavior\ReadHtmlCacheBehavior [ RunTime:0.000040s ]
INFO: [ app_begin ] --END-- [ RunTime:0.000069s ]
SQL: SHOW COLUMNS FROM `ht_form` [ RunTime:0.0008s ]
SQL: SELECT * FROM `ht_form` WHERE `id` = 853 AND `is_del` = 0 LIMIT 1   [ RunTime:0.0002s ]
INFO: [ app_end ] --START--
INFO: Run Behavior\ShowPageTraceBehavior [ RunTime:0.000065s ]
INFO: [ app_end ] --END-- [ RunTime:0.000096s ]

[ 2015-10-06T10:03:06+08:00 ] 113.94.20.202 /s/tp/wwwroot/index.php?s=/demo/formdesign/
INFO: [ app_init ] --START--
INFO: Run Behavior\BuildLiteBehavior [ RunTime:0.000009s ]
INFO: [ app_init ] --END-- [ RunTime:0.000081s ]
INFO: [ app_begin ] --START--
INFO: Run Behavior\ReadHtmlCacheBehavior [ RunTime:0.000040s ]
INFO: [ app_begin ] --END-- [ RunTime:0.000069s ]
SQL: SHOW COLUMNS FROM `ht_form` [ RunTime:0.0009s ]
SQL: SELECT * FROM `ht_form` WHERE `id` = 853 AND `is_del` = 0 LIMIT 1   [ RunTime:0.0001s ]
SQL: show tables like 'ht_form_data_853' [ RunTime:0.0006s ]
SQL: CREATE TABLE `ht_form_data_853` (
              `id` int(10) unsigned NOT NULL AUTO_INCREMENT,
              `uid` int(10) unsigned NOT NULL DEFAULT '0',
              `foreign_id` int(10) unsigned NOT NULL DEFAULT '0',
              `data_1` varchar(255) NOT NULL DEFAULT '' comment '日期',`data_2` varchar(255) NOT NULL DEFAULT '' comment '盘点单编号',`data_3` varchar(255) NOT NULL DEFAULT '' comment '存货编号',`data_4` varchar(255) NOT NULL DEFAULT '' comment '品名/规格',`data_5` varchar(255) NOT NULL DEFAULT '' comment '单位',`data_6` varchar(255) NOT NULL DEFAULT '' comment '库存数量.盘点',`data_7` varchar(255) NOT NULL DEFAULT '' comment '库存数量.加',`data_8` varchar(255) NOT NULL DEFAULT '' comment '库存数量.减',`data_9` varchar(255) NOT NULL DEFAULT '' comment '库存数量.调整后',`data_10` varchar(255) NOT NULL DEFAULT '' comment '单价',`data_11` varchar(255) NOT NULL DEFAULT '' comment '金额',`data_12` varchar(255) NOT NULL DEFAULT '' comment '账面/会计数量',`data_13` varchar(255) NOT NULL DEFAULT '' comment '数量差异',`data_14` varchar(255) NOT NULL DEFAULT '' comment '单价差异',`data_15` varchar(255) NOT NULL DEFAULT '' comment '金额差异',`data_16` varchar(255) NOT NULL DEFAULT '' comment '备注',
              `is_del` tinyint(1) unsigned NOT NULL DEFAULT '0',
              `updatetime` int(10) unsigned NOT NULL DEFAULT '0',
              `dateline` int(10) unsigned NOT NULL DEFAULT '0',
              PRIMARY KEY (`id`),
              KEY `uid` (`uid`),
              KEY `foreign_id` (`foreign_id`)
            ) ENGINE=InnoDB DEFAULT CHARSET=utf8; [ RunTime:0.0731s ]
SQL: UPDATE `ht_form` SET `is_data_form`='1',`fields`='16',`content`='<p>存货盘点与账面调节表</p><table><tbody><tr class=\"firstRow\"><td style=\"word-break: break-all;\" align=\"center\" valign=\"middle\" width=\"121\">日期<br/></td><td style=\"word-break: break-all;\" align=\"center\" valign=\"middle\" width=\"103\"><input orgtype=\"text\" orgwidth=\"100\" orgalign=\"left\" style=\"text-align: left; width: 100px;\" orghide=\"0\" leipiplugins=\"text\" value=\"\" title=\"日期\" name=\"data_1\" type=\"text\"/></td><td style=\"word-break: break-all;\" align=\"center\" valign=\"middle\" width=\"106\">盘点单编号<br/></td><td align=\"center\" valign=\"middle\" width=\"98\"><input orgtype=\"text\" orgwidth=\"100\" orgalign=\"left\" style=\"text-align: left; width: 100px;\" orghide=\"0\" leipiplugins=\"text\" value=\"\" title=\"盘点单编号\" name=\"data_2\" type=\"text\"/></td></tr><tr><td style=\"word-break: break-all;\" align=\"center\" valign=\"middle\" width=\"121\">存货编号<br/></td><td style=\"word-break: break-all;\" align=\"center\" valign=\"middle\" width=\"103\"><input orgtype=\"text\" orgwidth=\"100\" orgalign=\"left\" style=\"text-align: left; width: 100px;\" orghide=\"0\" leipiplugins=\"text\" value=\"\" title=\"存货编号\" name=\"data_3\" type=\"text\"/></td><td style=\"word-break: break-all;\" align=\"center\" valign=\"middle\" width=\"106\">品名/规格<br/></td><td style=\"word-break: break-all;\" align=\"center\" valign=\"middle\" width=\"98\"><input orgtype=\"text\" orgwidth=\"100\" orgalign=\"left\" style=\"text-align: left; width: 100px;\" orghide=\"0\" leipiplugins=\"text\" value=\"\" title=\"品名/规格\" name=\"data_4\" type=\"text\"/></td></tr><tr><td style=\"word-break: break-all;\" align=\"center\" valign=\"middle\" width=\"121\">单位<br/></td><td align=\"center\" valign=\"middle\" width=\"103\"><input orgtype=\"text\" orgwidth=\"100\" orgalign=\"left\" style=\"text-align: left; width: 100px;\" orghide=\"0\" leipiplugins=\"text\" value=\"\" title=\"单位\" name=\"data_5\" type=\"text\"/></td><td style=\"word-break: break-all;\" align=\"center\" valign=\"middle\" width=\"106\">库存数量.盘点<br/></td><td align=\"center\" valign=\"middle\" width=\"98\"><input orgtype=\"text\" orgwidth=\"100\" orgalign=\"left\" style=\"text-align: left; width: 100px;\" orghide=\"0\" leipiplugins=\"text\" value=\"\" title=\"库存数量.盘点\" name=\"data_6\" type=\"text\"/></td></tr><tr><td style=\"word-break: break-all;\" align=\"center\" valign=\"middle\" width=\"121\">库存数量.加<br/></td><td align=\"center\" valign=\"middle\" width=\"103\"><input orgtype=\"text\" orgwidth=\"100\" orgalign=\"left\" style=\"text-align: left; width: 100px;\" orghide=\"0\" leipiplugins=\"text\" value=\"\" title=\"库存数量.加\" name=\"data_7\" type=\"text\"/></td><td style=\"word-break: break-all;\" align=\"center\" valign=\"middle\" width=\"106\">库存数量.减<br/></td><td align=\"center\" valign=\"middle\" width=\"98\"><input orgtype=\"text\" orgwidth=\"100\" orgalign=\"left\" style=\"text-align: left; width: 100px;\" orghide=\"0\" leipiplugins=\"text\" value=\"\" title=\"库存数量.减\" name=\"data_8\" type=\"text\"/></td></tr><tr><td style=\"word-break: break-all;\" align=\"center\" valign=\"middle\" width=\"121\">库存数量.调整后<br/></td><td align=\"center\" valign=\"middle\" width=\"103\"><input orgtype=\"text\" orgwidth=\"100\" orgalign=\"left\" style=\"text-align: left; width: 100px;\" orghide=\"0\" leipiplugins=\"text\" value=\"\" title=\"库存数量.调整后\" name=\"data_9\" type=\"text\"/></td><td style=\"word-break: break-all;\" align=\"center\" valign=\"middle\" width=\"106\">单价<br/></td><td align=\"center\" valign=\"middle\" width=\"98\"><input orgtype=\"text\" orgwidth=\"100\" orgalign=\"left\" style=\"text-align: left; width: 100px;\" orghide=\"0\" leipiplugins=\"text\" value=\"\" title=\"单价\" name=\"data_10\" type=\"text\"/></td></tr><tr><td style=\"word-break: break-all;\" rowspan=\"1\" colspan=\"1\" align=\"center\" valign=\"middle\" width=\"121\">金额<br/></td><td style=\"word-break: break-all;\" rowspan=\"1\" colspan=\"1\" align=\"center\" valign=\"middle\" width=\"103\"><input orgtype=\"text\" orgwidth=\"100\" orgalign=\"left\" style=\"text-align: left; width: 100px;\" orghide=\"0\" leipiplugins=\"text\" value=\"\" title=\"金额\" name=\"data_11\" type=\"text\"/></td><td style=\"word-break: break-all;\" rowspan=\"1\" colspan=\"1\" align=\"center\" valign=\"middle\" width=\"106\">账面/会计数量<br/></td><td rowspan=\"1\" colspan=\"1\" align=\"center\" valign=\"middle\" width=\"98\"><input orgtype=\"text\" orgwidth=\"100\" orgalign=\"left\" style=\"text-align: left; width: 100px;\" orghide=\"0\" leipiplugins=\"text\" value=\"\" title=\"账面/会计数量\" name=\"data_12\" type=\"text\"/></td></tr><tr><td style=\"word-break: break-all;\" rowspan=\"1\" colspan=\"1\" align=\"center\" valign=\"middle\" width=\"121\">数量差异<br/></td><td style=\"word-break: break-all;\" rowspan=\"1\" colspan=\"1\" align=\"center\" valign=\"middle\" width=\"103\"><input orgtype=\"text\" orgwidth=\"100\" orgalign=\"left\" style=\"text-align: left; width: 100px;\" orghide=\"0\" leipiplugins=\"text\" value=\"\" title=\"数量差异\" name=\"data_13\" type=\"text\"/></td><td style=\"word-break: break-all;\" rowspan=\"1\" colspan=\"1\" align=\"center\" valign=\"middle\" width=\"106\">单价差异<br/></td><td rowspan=\"1\" colspan=\"1\" align=\"center\" valign=\"middle\" width=\"98\"><input orgtype=\"text\" orgwidth=\"100\" orgalign=\"left\" style=\"text-align: left; width: 100px;\" orghide=\"0\" leipiplugins=\"text\" value=\"\" title=\"单价差异\" name=\"data_14\" type=\"text\"/></td></tr><tr><td style=\"word-break: break-all;\" align=\"center\" valign=\"middle\" width=\"121\">金额差异<br/></td><td style=\"word-break: break-all;\" align=\"center\" valign=\"middle\" width=\"103\"><input orgtype=\"text\" orgwidth=\"100\" orgalign=\"left\" style=\"text-align: left; width: 100px;\" orghide=\"0\" leipiplugins=\"text\" value=\"\" title=\"金额差异\" name=\"data_15\" type=\"text\"/></td><td style=\"word-break: break-all;\" align=\"center\" valign=\"middle\" width=\"106\">备注<br/></td><td align=\"center\" valign=\"middle\" width=\"98\"><input orgtype=\"text\" orgwidth=\"100\" orgalign=\"left\" style=\"text-align: left; width: 100px;\" orghide=\"0\" leipiplugins=\"text\" value=\"\" title=\"备注\" name=\"data_16\" type=\"text\"/></td></tr></tbody></table><p><br/></p>',`content_parse`='<p>存货盘点与账面调节表</p><table><tbody><tr class=\"firstRow\"><td style=\"word-break: break-all;\" align=\"center\" valign=\"middle\" width=\"121\">日期<br/></td><td style=\"word-break: break-all;\" align=\"center\" valign=\"middle\" width=\"103\">{data_1}</td><td style=\"word-break: break-all;\" align=\"center\" valign=\"middle\" width=\"106\">盘点单编号<br/></td><td align=\"center\" valign=\"middle\" width=\"98\">{data_2}</td></tr><tr><td style=\"word-break: break-all;\" align=\"center\" valign=\"middle\" width=\"121\">存货编号<br/></td><td style=\"word-break: break-all;\" align=\"center\" valign=\"middle\" width=\"103\">{data_3}</td><td style=\"word-break: break-all;\" align=\"center\" valign=\"middle\" width=\"106\">品名/规格<br/></td><td style=\"word-break: break-all;\" align=\"center\" valign=\"middle\" width=\"98\">{data_4}</td></tr><tr><td style=\"word-break: break-all;\" align=\"center\" valign=\"middle\" width=\"121\">单位<br/></td><td align=\"center\" valign=\"middle\" width=\"103\">{data_5}</td><td style=\"word-break: break-all;\" align=\"center\" valign=\"middle\" width=\"106\">库存数量.盘点<br/></td><td align=\"center\" valign=\"middle\" width=\"98\">{data_6}</td></tr><tr><td style=\"word-break: break-all;\" align=\"center\" valign=\"middle\" width=\"121\">库存数量.加<br/></td><td align=\"center\" valign=\"middle\" width=\"103\">{data_7}</td><td style=\"word-break: break-all;\" align=\"center\" valign=\"middle\" width=\"106\">库存数量.减<br/></td><td align=\"center\" valign=\"middle\" width=\"98\">{data_8}</td></tr><tr><td style=\"word-break: break-all;\" align=\"center\" valign=\"middle\" width=\"121\">库存数量.调整后<br/></td><td align=\"center\" valign=\"middle\" width=\"103\">{data_9}</td><td style=\"word-break: break-all;\" align=\"center\" valign=\"middle\" width=\"106\">单价<br/></td><td align=\"center\" valign=\"middle\" width=\"98\">{data_10}</td></tr><tr><td style=\"word-break: break-all;\" rowspan=\"1\" colspan=\"1\" align=\"center\" valign=\"middle\" width=\"121\">金额<br/></td><td style=\"word-break: break-all;\" rowspan=\"1\" colspan=\"1\" align=\"center\" valign=\"middle\" width=\"103\">{data_11}</td><td style=\"word-break: break-all;\" rowspan=\"1\" colspan=\"1\" align=\"center\" valign=\"middle\" width=\"106\">账面/会计数量<br/></td><td rowspan=\"1\" colspan=\"1\" align=\"center\" valign=\"middle\" width=\"98\">{data_12}</td></tr><tr><td style=\"word-break: break-all;\" rowspan=\"1\" colspan=\"1\" align=\"center\" valign=\"middle\" width=\"121\">数量差异<br/></td><td style=\"word-break: break-all;\" rowspan=\"1\" colspan=\"1\" align=\"center\" valign=\"middle\" width=\"103\">{data_13}</td><td style=\"word-break: break-all;\" rowspan=\"1\" colspan=\"1\" align=\"center\" valign=\"middle\" width=\"106\">单价差异<br/></td><td rowspan=\"1\" colspan=\"1\" align=\"center\" valign=\"middle\" width=\"98\">{data_14}</td></tr><tr><td style=\"word-break: break-all;\" align=\"center\" valign=\"middle\" width=\"121\">金额差异<br/></td><td style=\"word-break: break-all;\" align=\"center\" valign=\"middle\" width=\"103\">{data_15}</td><td style=\"word-break: break-all;\" align=\"center\" valign=\"middle\" width=\"106\">备注<br/></td><td align=\"center\" valign=\"middle\" width=\"98\">{data_16}</td></tr></tbody></table><p><br/></p>',`content_data`='a:16:{i:0;a:11:{s:7:\"orgtype\";s:4:\"text\";s:8:\"orgwidth\";s:3:\"100\";s:8:\"orgalign\";s:4:\"left\";s:5:\"style\";s:31:\"text-align: left; width: 100px;\";s:7:\"orghide\";s:1:\"0\";s:12:\"leipiplugins\";s:4:\"text\";s:5:\"value\";s:0:\"\";s:5:\"title\";s:6:\"日期\";s:4:\"name\";s:6:\"data_1\";s:4:\"type\";s:4:\"text\";s:7:\"content\";s:176:\"<input orgtype=\"text\" orgwidth=\"100\" orgalign=\"left\" style=\"text-align: left; width: 100px;\" orghide=\"0\" leipiplugins=\"text\" value=\"\" title=\"日期\" name=\"data_1\" type=\"text\"/>\";}i:1;a:11:{s:7:\"orgtype\";s:4:\"text\";s:8:\"orgwidth\";s:3:\"100\";s:8:\"orgalign\";s:4:\"left\";s:5:\"style\";s:31:\"text-align: left; width: 100px;\";s:7:\"orghide\";s:1:\"0\";s:12:\"leipiplugins\";s:4:\"text\";s:5:\"value\";s:0:\"\";s:5:\"title\";s:15:\"盘点单编号\";s:4:\"name\";s:6:\"data_2\";s:4:\"type\";s:4:\"text\";s:7:\"content\";s:185:\"<input orgtype=\"text\" orgwidth=\"100\" orgalign=\"left\" style=\"text-align: left; width: 100px;\" orghide=\"0\" leipiplugins=\"text\" value=\"\" title=\"盘点单编号\" name=\"data_2\" type=\"text\"/>\";}i:2;a:11:{s:7:\"orgtype\";s:4:\"text\";s:8:\"orgwidth\";s:3:\"100\";s:8:\"orgalign\";s:4:\"left\";s:5:\"style\";s:31:\"text-align: left; width: 100px;\";s:7:\"orghide\";s:1:\"0\";s:12:\"leipiplugins\";s:4:\"text\";s:5:\"value\";s:0:\"\";s:5:\"title\";s:12:\"存货编号\";s:4:\"name\";s:6:\"data_3\";s:4:\"type\";s:4:\"text\";s:7:\"content\";s:182:\"<input orgtype=\"text\" orgwidth=\"100\" orgalign=\"left\" style=\"text-align: left; width: 100px;\" orghide=\"0\" leipiplugins=\"text\" value=\"\" title=\"存货编号\" name=\"data_3\" type=\"text\"/>\";}i:3;a:11:{s:7:\"orgtype\";s:4:\"text\";s:8:\"orgwidth\";s:3:\"100\";s:8:\"orgalign\";s:4:\"left\";s:5:\"style\";s:31:\"text-align: left; width: 100px;\";s:7:\"orghide\";s:1:\"0\";s:12:\"leipiplugins\";s:4:\"text\";s:5:\"value\";s:0:\"\";s:5:\"title\";s:13:\"品名/规格\";s:4:\"name\";s:6:\"data_4\";s:4:\"type\";s:4:\"text\";s:7:\"content\";s:183:\"<input orgtype=\"text\" orgwidth=\"100\" orgalign=\"left\" style=\"text-align: left; width: 100px;\" orghide=\"0\" leipiplugins=\"text\" value=\"\" title=\"品名/规格\" name=\"data_4\" type=\"text\"/>\";}i:4;a:11:{s:7:\"orgtype\";s:4:\"text\";s:8:\"orgwidth\";s:3:\"100\";s:8:\"orgalign\";s:4:\"left\";s:5:\"style\";s:31:\"text-align: left; width: 100px;\";s:7:\"orghide\";s:1:\"0\";s:12:\"leipiplugins\";s:4:\"text\";s:5:\"value\";s:0:\"\";s:5:\"title\";s:6:\"单位\";s:4:\"name\";s:6:\"data_5\";s:4:\"type\";s:4:\"text\";s:7:\"content\";s:176:\"<input orgtype=\"text\" orgwidth=\"100\" orgalign=\"left\" style=\"text-align: left; width: 100px;\" orghide=\"0\" leipiplugins=\"text\" value=\"\" title=\"单位\" name=\"data_5\" type=\"text\"/>\";}i:5;a:11:{s:7:\"orgtype\";s:4:\"text\";s:8:\"orgwidth\";s:3:\"100\";s:8:\"orgalign\";s:4:\"left\";s:5:\"style\";s:31:\"text-align: left; width: 100px;\";s:7:\"orghide\";s:1:\"0\";s:12:\"leipiplugins\";s:4:\"text\";s:5:\"value\";s:0:\"\";s:5:\"title\";s:19:\"库存数量.盘点\";s:4:\"name\";s:6:\"data_6\";s:4:\"type\";s:4:\"text\";s:7:\"content\";s:189:\"<input orgtype=\"text\" orgwidth=\"100\" orgalign=\"left\" style=\"text-align: left; width: 100px;\" orghide=\"0\" leipiplugins=\"text\" value=\"\" title=\"库存数量.盘点\" name=\"data_6\" type=\"text\"/>\";}i:6;a:11:{s:7:\"orgtype\";s:4:\"text\";s:8:\"orgwidth\";s:3:\"100\";s:8:\"orgalign\";s:4:\"left\";s:5:\"style\";s:31:\"text-align: left; width: 100px;\";s:7:\"orghide\";s:1:\"0\";s:12:\"leipiplugins\";s:4:\"text\";s:5:\"value\";s:0:\"\";s:5:\"title\";s:16:\"库存数量.加\";s:4:\"name\";s:6:\"data_7\";s:4:\"type\";s:4:\"text\";s:7:\"content\";s:186:\"<input orgtype=\"text\" orgwidth=\"100\" orgalign=\"left\" style=\"text-align: left; width: 100px;\" orghide=\"0\" leipiplugins=\"text\" value=\"\" title=\"库存数量.加\" name=\"data_7\" type=\"text\"/>\";}i:7;a:11:{s:7:\"orgtype\";s:4:\"text\";s:8:\"orgwidth\";s:3:\"100\";s:8:\"orgalign\";s:4:\"left\";s:5:\"style\";s:31:\"text-align: left; width: 100px;\";s:7:\"orghide\";s:1:\"0\";s:12:\"leipiplugins\";s:4:\"text\";s:5:\"value\";s:0:\"\";s:5:\"title\";s:16:\"库存数量.减\";s:4:\"name\";s:6:\"data_8\";s:4:\"type\";s:4:\"text\";s:7:\"content\";s:186:\"<input orgtype=\"text\" orgwidth=\"100\" orgalign=\"left\" style=\"text-align: left; width: 100px;\" orghide=\"0\" leipiplugins=\"text\" value=\"\" title=\"库存数量.减\" name=\"data_8\" type=\"text\"/>\";}i:8;a:11:{s:7:\"orgtype\";s:4:\"text\";s:8:\"orgwidth\";s:3:\"100\";s:8:\"orgalign\";s:4:\"left\";s:5:\"style\";s:31:\"text-align: left; width: 100px;\";s:7:\"orghide\";s:1:\"0\";s:12:\"leipiplugins\";s:4:\"text\";s:5:\"value\";s:0:\"\";s:5:\"title\";s:22:\"库存数量.调整后\";s:4:\"name\";s:6:\"data_9\";s:4:\"type\";s:4:\"text\";s:7:\"content\";s:192:\"<input orgtype=\"text\" orgwidth=\"100\" orgalign=\"left\" style=\"text-align: left; width: 100px;\" orghide=\"0\" leipiplugins=\"text\" value=\"\" title=\"库存数量.调整后\" name=\"data_9\" type=\"text\"/>\";}i:9;a:11:{s:7:\"orgtype\";s:4:\"text\";s:8:\"orgwidth\";s:3:\"100\";s:8:\"orgalign\";s:4:\"left\";s:5:\"style\";s:31:\"text-align: left; width: 100px;\";s:7:\"orghide\";s:1:\"0\";s:12:\"leipiplugins\";s:4:\"text\";s:5:\"value\";s:0:\"\";s:5:\"title\";s:6:\"单价\";s:4:\"name\";s:7:\"data_10\";s:4:\"type\";s:4:\"text\";s:7:\"content\";s:177:\"<input orgtype=\"text\" orgwidth=\"100\" orgalign=\"left\" style=\"text-align: left; width: 100px;\" orghide=\"0\" leipiplugins=\"text\" value=\"\" title=\"单价\" name=\"data_10\" type=\"text\"/>\";}i:10;a:11:{s:7:\"orgtype\";s:4:\"text\";s:8:\"orgwidth\";s:3:\"100\";s:8:\"orgalign\";s:4:\"left\";s:5:\"style\";s:31:\"text-align: left; width: 100px;\";s:7:\"orghide\";s:1:\"0\";s:12:\"leipiplugins\";s:4:\"text\";s:5:\"value\";s:0:\"\";s:5:\"title\";s:6:\"金额\";s:4:\"name\";s:7:\"data_11\";s:4:\"type\";s:4:\"text\";s:7:\"content\";s:177:\"<input orgtype=\"text\" orgwidth=\"100\" orgalign=\"left\" style=\"text-align: left; width: 100px;\" orghide=\"0\" leipiplugins=\"text\" value=\"\" title=\"金额\" name=\"data_11\" type=\"text\"/>\";}i:11;a:11:{s:7:\"orgtype\";s:4:\"text\";s:8:\"orgwidth\";s:3:\"100\";s:8:\"orgalign\";s:4:\"left\";s:5:\"style\";s:31:\"text-align: left; width: 100px;\";s:7:\"orghide\";s:1:\"0\";s:12:\"leipiplugins\";s:4:\"text\";s:5:\"value\";s:0:\"\";s:5:\"title\";s:19:\"账面/会计数量\";s:4:\"name\";s:7:\"data_12\";s:4:\"type\";s:4:\"text\";s:7:\"content\";s:190:\"<input orgtype=\"text\" orgwidth=\"100\" orgalign=\"left\" style=\"text-align: left; width: 100px;\" orghide=\"0\" leipiplugins=\"text\" value=\"\" title=\"账面/会计数量\" name=\"data_12\" type=\"text\"/>\";}i:12;a:11:{s:7:\"orgtype\";s:4:\"text\";s:8:\"orgwidth\";s:3:\"100\";s:8:\"orgalign\";s:4:\"left\";s:5:\"style\";s:31:\"text-align: left; width: 100px;\";s:7:\"orghide\";s:1:\"0\";s:12:\"leipiplugins\";s:4:\"text\";s:5:\"value\";s:0:\"\";s:5:\"title\";s:12:\"数量差异\";s:4:\"name\";s:7:\"data_13\";s:4:\"type\";s:4:\"text\";s:7:\"content\";s:183:\"<input orgtype=\"text\" orgwidth=\"100\" orgalign=\"left\" style=\"text-align: left; width: 100px;\" orghide=\"0\" leipiplugins=\"text\" value=\"\" title=\"数量差异\" name=\"data_13\" type=\"text\"/>\";}i:13;a:11:{s:7:\"orgtype\";s:4:\"text\";s:8:\"orgwidth\";s:3:\"100\";s:8:\"orgalign\";s:4:\"left\";s:5:\"style\";s:31:\"text-align: left; width: 100px;\";s:7:\"orghide\";s:1:\"0\";s:12:\"leipiplugins\";s:4:\"text\";s:5:\"value\";s:0:\"\";s:5:\"title\";s:12:\"单价差异\";s:4:\"name\";s:7:\"data_14\";s:4:\"type\";s:4:\"text\";s:7:\"content\";s:183:\"<input orgtype=\"text\" orgwidth=\"100\" orgalign=\"left\" style=\"text-align: left; width: 100px;\" orghide=\"0\" leipiplugins=\"text\" value=\"\" title=\"单价差异\" name=\"data_14\" type=\"text\"/>\";}i:14;a:11:{s:7:\"orgtype\";s:4:\"text\";s:8:\"orgwidth\";s:3:\"100\";s:8:\"orgalign\";s:4:\"left\";s:5:\"style\";s:31:\"text-align: left; width: 100px;\";s:7:\"orghide\";s:1:\"0\";s:12:\"leipiplugins\";s:4:\"text\";s:5:\"value\";s:0:\"\";s:5:\"title\";s:12:\"金额差异\";s:4:\"name\";s:7:\"data_15\";s:4:\"type\";s:4:\"text\";s:7:\"content\";s:183:\"<input orgtype=\"text\" orgwidth=\"100\" orgalign=\"left\" style=\"text-align: left; width: 100px;\" orghide=\"0\" leipiplugins=\"text\" value=\"\" title=\"金额差异\" name=\"data_15\" type=\"text\"/>\";}i:15;a:11:{s:7:\"orgtype\";s:4:\"text\";s:8:\"orgwidth\";s:3:\"100\";s:8:\"orgalign\";s:4:\"left\";s:5:\"style\";s:31:\"text-align: left; width: 100px;\";s:7:\"orghide\";s:1:\"0\";s:12:\"leipiplugins\";s:4:\"text\";s:5:\"value\";s:0:\"\";s:5:\"title\";s:6:\"备注\";s:4:\"name\";s:7:\"data_16\";s:4:\"type\";s:4:\"text\";s:7:\"content\";s:177:\"<input orgtype=\"text\" orgwidth=\"100\" orgalign=\"left\" style=\"text-align: left; width: 100px;\" orghide=\"0\" leipiplugins=\"text\" value=\"\" title=\"备注\" name=\"data_16\" type=\"text\"/>\";}}',`updatetime`='1444096986' WHERE `id` = 853 [ RunTime:0.0197s ]
NOTIC: [2] unlink(../Application/Runtime/Temp/21d9a5adf0e55158019e1c301ccb9502.php): No such file or directory /var/www/dzxt/s/tp/ThinkPHP/Library/Think/Cache/Driver/File.class.php 第 157 行.
INFO: [ app_end ] --START--
INFO: Run Behavior\ShowPageTraceBehavior [ RunTime:0.000040s ]
INFO: [ app_end ] --END-- [ RunTime:0.000069s ]

[ 2015-10-06T10:03:08+08:00 ] 113.94.20.202 /s/tp/wwwroot/index.php?s=/demo/formdesign/form_id/853.html
INFO: [ app_init ] --START--
INFO: Run Behavior\BuildLiteBehavior [ RunTime:0.000009s ]
INFO: [ app_init ] --END-- [ RunTime:0.000070s ]
INFO: [ app_begin ] --START--
INFO: Run Behavior\ReadHtmlCacheBehavior [ RunTime:0.000033s ]
INFO: [ app_begin ] --END-- [ RunTime:0.000064s ]
SQL: SHOW COLUMNS FROM `ht_form` [ RunTime:0.0009s ]
SQL: SELECT * FROM `ht_form` WHERE `id` = 853 AND `is_del` = 0 LIMIT 1   [ RunTime:0.0003s ]
INFO: [ app_end ] --START--
INFO: Run Behavior\ShowPageTraceBehavior [ RunTime:0.000031s ]
INFO: [ app_end ] --END-- [ RunTime:0.000061s ]

[ 2015-10-06T10:03:27+08:00 ] 113.94.20.202 /s/tp/wwwroot/index.php?s=/demo/formdesign/form_id/800.html
INFO: [ app_init ] --START--
INFO: Run Behavior\BuildLiteBehavior [ RunTime:0.000011s ]
INFO: [ app_init ] --END-- [ RunTime:0.000092s ]
INFO: [ app_begin ] --START--
INFO: Run Behavior\ReadHtmlCacheBehavior [ RunTime:0.000043s ]
INFO: [ app_begin ] --END-- [ RunTime:0.000072s ]
SQL: SHOW COLUMNS FROM `ht_form` [ RunTime:0.0011s ]
SQL: SELECT * FROM `ht_form` WHERE `id` = 800 AND `is_del` = 0 LIMIT 1   [ RunTime:0.0003s ]
INFO: [ app_end ] --START--
INFO: Run Behavior\ShowPageTraceBehavior [ RunTime:0.000043s ]
INFO: [ app_end ] --END-- [ RunTime:0.000073s ]

[ 2015-10-06T10:03:34+08:00 ] 113.94.20.202 /s/tp/wwwroot/index.php?s=/Home/Demo/add.html
INFO: [ app_init ] --START--
INFO: Run Behavior\BuildLiteBehavior [ RunTime:0.000010s ]
INFO: [ app_init ] --END-- [ RunTime:0.000088s ]
INFO: [ app_begin ] --START--
INFO: Run Behavior\ReadHtmlCacheBehavior [ RunTime:0.000039s ]
INFO: [ app_begin ] --END-- [ RunTime:0.000068s ]
SQL: SHOW COLUMNS FROM `ht_form` [ RunTime:0.0010s ]
SQL: INSERT INTO `ht_form` (`form_name`,`form_desc`,`updatetime`,`type`,`dateline`,`pid`,`creater_uid`) VALUES ('存货盘点与账面调节表','','1444097014','0','1444097014','612','176') [ RunTime:0.0193s ]
NOTIC: [2] unlink(../Application/Runtime/Temp/21d9a5adf0e55158019e1c301ccb9502.php): No such file or directory /var/www/dzxt/s/tp/ThinkPHP/Library/Think/Cache/Driver/File.class.php 第 157 行.
INFO: [ app_end ] --START--
INFO: Run Behavior\ShowPageTraceBehavior [ RunTime:0.000039s ]
INFO: [ app_end ] --END-- [ RunTime:0.000068s ]

[ 2015-10-06T10:03:41+08:00 ] 113.94.20.202 /s/tp/wwwroot/index.php?s=/demo/formdesign/form_id/854.html
INFO: [ app_init ] --START--
INFO: Run Behavior\BuildLiteBehavior [ RunTime:0.000009s ]
INFO: [ app_init ] --END-- [ RunTime:0.000093s ]
INFO: [ app_begin ] --START--
INFO: Run Behavior\ReadHtmlCacheBehavior [ RunTime:0.000042s ]
INFO: [ app_begin ] --END-- [ RunTime:0.000072s ]
SQL: SHOW COLUMNS FROM `ht_form` [ RunTime:0.0009s ]
SQL: SELECT * FROM `ht_form` WHERE `id` = 854 AND `is_del` = 0 LIMIT 1   [ RunTime:0.0002s ]
INFO: [ app_end ] --START--
INFO: Run Behavior\ShowPageTraceBehavior [ RunTime:0.000091s ]
INFO: [ app_end ] --END-- [ RunTime:0.000122s ]

[ 2015-10-06T10:09:46+08:00 ] 113.94.20.202 /s/tp/wwwroot/index.php?s=/demo/formdesign/
INFO: [ app_init ] --START--
INFO: Run Behavior\BuildLiteBehavior [ RunTime:0.000011s ]
INFO: [ app_init ] --END-- [ RunTime:0.000082s ]
INFO: [ app_begin ] --START--
INFO: Run Behavior\ReadHtmlCacheBehavior [ RunTime:0.000035s ]
INFO: [ app_begin ] --END-- [ RunTime:0.000065s ]
SQL: SHOW COLUMNS FROM `ht_form` [ RunTime:0.0009s ]
SQL: SELECT * FROM `ht_form` WHERE `id` = 854 AND `is_del` = 0 LIMIT 1   [ RunTime:0.0001s ]
SQL: show tables like 'ht_form_data_854' [ RunTime:0.0006s ]
SQL: CREATE TABLE `ht_form_data_854` (
              `id` int(10) unsigned NOT NULL AUTO_INCREMENT,
              `uid` int(10) unsigned NOT NULL DEFAULT '0',
              `foreign_id` int(10) unsigned NOT NULL DEFAULT '0',
              `data_1` varchar(255) NOT NULL DEFAULT '' comment '存货盘点与账面调节表',
              `is_del` tinyint(1) unsigned NOT NULL DEFAULT '0',
              `updatetime` int(10) unsigned NOT NULL DEFAULT '0',
              `dateline` int(10) unsigned NOT NULL DEFAULT '0',
              PRIMARY KEY (`id`),
              KEY `uid` (`uid`),
              KEY `foreign_id` (`foreign_id`)
            ) ENGINE=InnoDB DEFAULT CHARSET=utf8; [ RunTime:0.0446s ]
SQL: UPDATE `ht_form` SET `is_data_form`='0',`fields`='1',`content`='<h1 style=\"font-size: 32px; font-weight: bold; border-bottom: 2px solid rgb(204, 204, 204); padding: 0px 4px 0px 0px; text-align: center; margin: 0px 0px 20px;\" label=\"标题居中\">存货盘点与帐面调节表</h1><p><input style=\"width: 100%;\" orghide=\"0\" orgfield=\"`data_1`,日期;`data_2`,盘点单编号;`data_3`,存货编号;`data_4`,品名/规格;`data_5`,单位;`data_6`,库存数量.盘点;`data_7`,库存数量.加;`data_8`,库存数量.减;`data_9`,库存数量.调整后;`data_10`,单价;`data_11`,金额;`data_12`,账面/会计数量;`data_13`,数量差异;`data_14`,单价差异;`data_15`,金额差异;`data_16`,备注\" orgformname=\"存货盘点与账面调节表副\" orgformid=\"853\" leipiplugins=\"sublist\" title=\"存货盘点与账面调节表\" value=\"{子列表}\" name=\"data_1\" type=\"text\"/></p>',`content_parse`='<h1 style=\"font-size: 32px; font-weight: bold; border-bottom: 2px solid rgb(204, 204, 204); padding: 0px 4px 0px 0px; text-align: center; margin: 0px 0px 20px;\" label=\"标题居中\">存货盘点与帐面调节表</h1><p>{data_1}</p>',`content_data`='a:1:{i:0;a:11:{s:5:\"style\";s:12:\"width: 100%;\";s:7:\"orghide\";s:1:\"0\";s:8:\"orgfield\";s:364:\"`data_1`,日期;`data_2`,盘点单编号;`data_3`,存货编号;`data_4`,品名/规格;`data_5`,单位;`data_6`,库存数量.盘点;`data_7`,库存数量.加;`data_8`,库存数量.减;`data_9`,库存数量.调整后;`data_10`,单价;`data_11`,金额;`data_12`,账面/会计数量;`data_13`,数量差异;`data_14`,单价差异;`data_15`,金额差异;`data_16`,备注\";s:11:\"orgformname\";s:33:\"存货盘点与账面调节表副\";s:9:\"orgformid\";s:3:\"853\";s:12:\"leipiplugins\";s:7:\"sublist\";s:5:\"title\";s:30:\"存货盘点与账面调节表\";s:5:\"value\";s:11:\"{子列表}\";s:4:\"name\";s:6:\"data_1\";s:4:\"type\";s:4:\"text\";s:7:\"content\";s:589:\"<input style=\"width: 100%;\" orghide=\"0\" orgfield=\"`data_1`,日期;`data_2`,盘点单编号;`data_3`,存货编号;`data_4`,品名/规格;`data_5`,单位;`data_6`,库存数量.盘点;`data_7`,库存数量.加;`data_8`,库存数量.减;`data_9`,库存数量.调整后;`data_10`,单价;`data_11`,金额;`data_12`,账面/会计数量;`data_13`,数量差异;`data_14`,单价差异;`data_15`,金额差异;`data_16`,备注\" orgformname=\"存货盘点与账面调节表副\" orgformid=\"853\" leipiplugins=\"sublist\" title=\"存货盘点与账面调节表\" value=\"{子列表}\" name=\"data_1\" type=\"text\"/>\";}}',`updatetime`='1444097386' WHERE `id` = 854 [ RunTime:0.0319s ]
NOTIC: [2] unlink(../Application/Runtime/Temp/21d9a5adf0e55158019e1c301ccb9502.php): No such file or directory /var/www/dzxt/s/tp/ThinkPHP/Library/Think/Cache/Driver/File.class.php 第 157 行.
INFO: [ app_end ] --START--
INFO: Run Behavior\ShowPageTraceBehavior [ RunTime:0.000040s ]
INFO: [ app_end ] --END-- [ RunTime:0.000070s ]

[ 2015-10-06T10:09:48+08:00 ] 113.94.20.202 /s/tp/wwwroot/index.php?s=/demo/formdesign/form_id/854.html
INFO: [ app_init ] --START--
INFO: Run Behavior\BuildLiteBehavior [ RunTime:0.000009s ]
INFO: [ app_init ] --END-- [ RunTime:0.000076s ]
INFO: [ app_begin ] --START--
INFO: Run Behavior\ReadHtmlCacheBehavior [ RunTime:0.000033s ]
INFO: [ app_begin ] --END-- [ RunTime:0.000062s ]
SQL: SHOW COLUMNS FROM `ht_form` [ RunTime:0.0009s ]
SQL: SELECT * FROM `ht_form` WHERE `id` = 854 AND `is_del` = 0 LIMIT 1   [ RunTime:0.0002s ]
INFO: [ app_end ] --START--
INFO: Run Behavior\ShowPageTraceBehavior [ RunTime:0.000032s ]
INFO: [ app_end ] --END-- [ RunTime:0.000060s ]

[ 2015-10-06T10:18:14+08:00 ] 113.94.20.202 /s/tp/wwwroot/index.php?s=/demo/formdesign/
INFO: [ app_init ] --START--
INFO: Run Behavior\BuildLiteBehavior [ RunTime:0.000009s ]
INFO: [ app_init ] --END-- [ RunTime:0.000080s ]
INFO: [ app_begin ] --START--
INFO: Run Behavior\ReadHtmlCacheBehavior [ RunTime:0.000037s ]
INFO: [ app_begin ] --END-- [ RunTime:0.000066s ]
SQL: SHOW COLUMNS FROM `ht_form` [ RunTime:0.0009s ]
SQL: SELECT * FROM `ht_form` WHERE `id` = 854 AND `is_del` = 0 LIMIT 1   [ RunTime:0.0001s ]
SQL: show tables like 'ht_form_data_854' [ RunTime:0.0006s ]
SQL: SHOW COLUMNS FROM `ht_form_data_854` [ RunTime:0.0005s ]
SQL: UPDATE `ht_form` SET `is_data_form`='0',`fields`='1',`content`='<h1 style=\"font-size: 32px; font-weight: bold; border-bottom: 2px solid rgb(204, 204, 204); padding: 0px 4px 0px 0px; text-align: center; margin: 0px 0px 20px;\" label=\"标题居中\">存货盘点与帐面调节表</h1><p><input style=\"width: 100%;\" orghide=\"0\" orgfield=\"`data_1`,日期;`data_2`,盘点单编号;`data_3`,存货编号;`data_4`,品名/规格;`data_5`,单位;`data_6`,库存数量.盘点;`data_7`,库存数量.加;`data_8`,库存数量.减;`data_9`,库存数量.调整后;`data_10`,单价;`data_11`,金额;`data_12`,账面/会计数量;`data_13`,数量差异;`data_14`,单价差异;`data_15`,金额差异;`data_16`,备注\" orgformname=\"存货盘点与账面调节表副\" orgformid=\"853\" leipiplugins=\"sublist\" title=\"存货盘点与账面调节表\" value=\"{子列表}\" name=\"data_1\" type=\"text\"/></p>',`content_parse`='<h1 style=\"font-size: 32px; font-weight: bold; border-bottom: 2px solid rgb(204, 204, 204); padding: 0px 4px 0px 0px; text-align: center; margin: 0px 0px 20px;\" label=\"标题居中\">存货盘点与帐面调节表</h1><p>{data_1}</p>',`content_data`='a:1:{i:0;a:11:{s:5:\"style\";s:12:\"width: 100%;\";s:7:\"orghide\";s:1:\"0\";s:8:\"orgfield\";s:364:\"`data_1`,日期;`data_2`,盘点单编号;`data_3`,存货编号;`data_4`,品名/规格;`data_5`,单位;`data_6`,库存数量.盘点;`data_7`,库存数量.加;`data_8`,库存数量.减;`data_9`,库存数量.调整后;`data_10`,单价;`data_11`,金额;`data_12`,账面/会计数量;`data_13`,数量差异;`data_14`,单价差异;`data_15`,金额差异;`data_16`,备注\";s:11:\"orgformname\";s:33:\"存货盘点与账面调节表副\";s:9:\"orgformid\";s:3:\"853\";s:12:\"leipiplugins\";s:7:\"sublist\";s:5:\"title\";s:30:\"存货盘点与账面调节表\";s:5:\"value\";s:11:\"{子列表}\";s:4:\"name\";s:6:\"data_1\";s:4:\"type\";s:4:\"text\";s:7:\"content\";s:589:\"<input style=\"width: 100%;\" orghide=\"0\" orgfield=\"`data_1`,日期;`data_2`,盘点单编号;`data_3`,存货编号;`data_4`,品名/规格;`data_5`,单位;`data_6`,库存数量.盘点;`data_7`,库存数量.加;`data_8`,库存数量.减;`data_9`,库存数量.调整后;`data_10`,单价;`data_11`,金额;`data_12`,账面/会计数量;`data_13`,数量差异;`data_14`,单价差异;`data_15`,金额差异;`data_16`,备注\" orgformname=\"存货盘点与账面调节表副\" orgformid=\"853\" leipiplugins=\"sublist\" title=\"存货盘点与账面调节表\" value=\"{子列表}\" name=\"data_1\" type=\"text\"/>\";}}',`updatetime`='1444097894' WHERE `id` = 854 [ RunTime:0.0202s ]
NOTIC: [2] unlink(../Application/Runtime/Temp/21d9a5adf0e55158019e1c301ccb9502.php): No such file or directory /var/www/dzxt/s/tp/ThinkPHP/Library/Think/Cache/Driver/File.class.php 第 157 行.
INFO: [ app_end ] --START--
INFO: Run Behavior\ShowPageTraceBehavior [ RunTime:0.000036s ]
INFO: [ app_end ] --END-- [ RunTime:0.000065s ]

[ 2015-10-06T10:18:15+08:00 ] 113.94.20.202 /s/tp/wwwroot/index.php?s=/demo/formdesign/form_id/854.html
INFO: [ app_init ] --START--
INFO: Run Behavior\BuildLiteBehavior [ RunTime:0.000009s ]
INFO: [ app_init ] --END-- [ RunTime:0.000074s ]
INFO: [ app_begin ] --START--
INFO: Run Behavior\ReadHtmlCacheBehavior [ RunTime:0.000034s ]
INFO: [ app_begin ] --END-- [ RunTime:0.000062s ]
SQL: SHOW COLUMNS FROM `ht_form` [ RunTime:0.0009s ]
SQL: SELECT * FROM `ht_form` WHERE `id` = 854 AND `is_del` = 0 LIMIT 1   [ RunTime:0.0003s ]
INFO: [ app_end ] --START--
INFO: Run Behavior\ShowPageTraceBehavior [ RunTime:0.000032s ]
INFO: [ app_end ] --END-- [ RunTime:0.000060s ]

[ 2015-10-06T10:18:41+08:00 ] 113.94.20.202 /s/tp/wwwroot/index.php?s=/Home/Demo/add.html
INFO: [ app_init ] --START--
INFO: Run Behavior\BuildLiteBehavior [ RunTime:0.000010s ]
INFO: [ app_init ] --END-- [ RunTime:0.000083s ]
INFO: [ app_begin ] --START--
INFO: Run Behavior\ReadHtmlCacheBehavior [ RunTime:0.000038s ]
INFO: [ app_begin ] --END-- [ RunTime:0.000067s ]
SQL: SHOW COLUMNS FROM `ht_form` [ RunTime:0.0009s ]
SQL: INSERT INTO `ht_form` (`form_name`,`form_desc`,`updatetime`,`type`,`dateline`,`pid`,`creater_uid`) VALUES ('存货盘点单副','','1444097921','0','1444097921','612','176') [ RunTime:0.0220s ]
NOTIC: [2] unlink(../Application/Runtime/Temp/21d9a5adf0e55158019e1c301ccb9502.php): No such file or directory /var/www/dzxt/s/tp/ThinkPHP/Library/Think/Cache/Driver/File.class.php 第 157 行.
INFO: [ app_end ] --START--
INFO: Run Behavior\ShowPageTraceBehavior [ RunTime:0.000047s ]
INFO: [ app_end ] --END-- [ RunTime:0.000077s ]

[ 2015-10-06T10:18:53+08:00 ] 113.94.20.202 /s/tp/wwwroot/index.php?s=/demo/formdesign/form_id/855.html
INFO: [ app_init ] --START--
INFO: Run Behavior\BuildLiteBehavior [ RunTime:0.000010s ]
INFO: [ app_init ] --END-- [ RunTime:0.000084s ]
INFO: [ app_begin ] --START--
INFO: Run Behavior\ReadHtmlCacheBehavior [ RunTime:0.000038s ]
INFO: [ app_begin ] --END-- [ RunTime:0.000067s ]
SQL: SHOW COLUMNS FROM `ht_form` [ RunTime:0.0009s ]
SQL: SELECT * FROM `ht_form` WHERE `id` = 855 AND `is_del` = 0 LIMIT 1   [ RunTime:0.0002s ]
INFO: [ app_end ] --START--
INFO: Run Behavior\ShowPageTraceBehavior [ RunTime:0.000039s ]
INFO: [ app_end ] --END-- [ RunTime:0.000068s ]

[ 2015-10-06T10:32:08+08:00 ] 113.94.20.202 /s/tp/wwwroot/index.php?s=/demo/formdesign/
INFO: [ app_init ] --START--
INFO: Run Behavior\BuildLiteBehavior [ RunTime:0.000010s ]
INFO: [ app_init ] --END-- [ RunTime:0.000115s ]
INFO: [ app_begin ] --START--
INFO: Run Behavior\ReadHtmlCacheBehavior [ RunTime:0.000038s ]
INFO: [ app_begin ] --END-- [ RunTime:0.000067s ]
SQL: SHOW COLUMNS FROM `ht_form` [ RunTime:0.0009s ]
SQL: SELECT * FROM `ht_form` WHERE `id` = 855 AND `is_del` = 0 LIMIT 1   [ RunTime:0.0001s ]
SQL: show tables like 'ht_form_data_855' [ RunTime:0.0006s ]
SQL: CREATE TABLE `ht_form_data_855` (
              `id` int(10) unsigned NOT NULL AUTO_INCREMENT,
              `uid` int(10) unsigned NOT NULL DEFAULT '0',
              `foreign_id` int(10) unsigned NOT NULL DEFAULT '0',
              `data_1` varchar(255) NOT NULL DEFAULT '' comment '盘点区号',`data_2` varchar(255) NOT NULL DEFAULT '' comment '盘点日期',`data_3` varchar(255) NOT NULL DEFAULT '' comment '编号',`data_4` varchar(255) NOT NULL DEFAULT '' comment '产品',`data_5` varchar(255) NOT NULL DEFAULT '' comment '规格',`data_6` varchar(255) NOT NULL DEFAULT '' comment '单位',`data_7` varchar(255) NOT NULL DEFAULT '' comment '盘点时物品位置',`data_8` varchar(255) NOT NULL DEFAULT '' comment '盘点数量',`data_9` varchar(255) NOT NULL DEFAULT '' comment '更正',`data_10` varchar(255) NOT NULL DEFAULT '' comment '存货状况',`data_11` varchar(255) NOT NULL DEFAULT '' comment '备注',`data_12` varchar(255) NOT NULL DEFAULT '' comment '复核员',`data_13` varchar(255) NOT NULL DEFAULT '' comment '记录员',`data_14` varchar(255) NOT NULL DEFAULT '' comment '盘点员',
              `is_del` tinyint(1) unsigned NOT NULL DEFAULT '0',
              `updatetime` int(10) unsigned NOT NULL DEFAULT '0',
              `dateline` int(10) unsigned NOT NULL DEFAULT '0',
              PRIMARY KEY (`id`),
              KEY `uid` (`uid`),
              KEY `foreign_id` (`foreign_id`)
            ) ENGINE=InnoDB DEFAULT CHARSET=utf8; [ RunTime:0.0409s ]
SQL: UPDATE `ht_form` SET `is_data_form`='1',`fields`='14',`content`='<p>存货盘点单</p><table><tbody><tr class=\"firstRow\"><td style=\"word-break: break-all;\" align=\"center\" valign=\"middle\" width=\"116\">盘点区号<br/></td><td style=\"word-break: break-all;\" align=\"center\" valign=\"middle\" width=\"116\"><input orgtype=\"text\" orgwidth=\"100\" orgalign=\"left\" style=\"text-align: left; width: 100px;\" orghide=\"0\" leipiplugins=\"text\" value=\"\" title=\"盘点区号\" name=\"data_1\" type=\"text\"/></td><td style=\"word-break: break-all;\" align=\"center\" valign=\"middle\" width=\"75\">盘点日期<br/></td><td align=\"center\" valign=\"middle\" width=\"87\"><input orgtype=\"text\" orgwidth=\"100\" orgalign=\"left\" style=\"text-align: left; width: 100px;\" orghide=\"0\" leipiplugins=\"text\" value=\"\" title=\"盘点日期\" name=\"data_2\" type=\"text\"/></td></tr><tr><td style=\"word-break: break-all;\" align=\"center\" valign=\"middle\" width=\"116\">编号<br/></td><td style=\"word-break: break-all;\" align=\"center\" valign=\"middle\" width=\"116\"><input orgtype=\"text\" orgwidth=\"100\" orgalign=\"left\" style=\"text-align: left; width: 100px;\" orghide=\"0\" leipiplugins=\"text\" value=\"\" title=\"编号\" name=\"data_3\" type=\"text\"/></td><td style=\"word-break: break-all;\" align=\"center\" valign=\"middle\" width=\"75\">产品<br/></td><td align=\"center\" valign=\"middle\" width=\"87\"><input orgtype=\"text\" orgwidth=\"100\" orgalign=\"left\" style=\"text-align: left; width: 100px;\" orghide=\"0\" leipiplugins=\"text\" value=\"\" title=\"产品\" name=\"data_4\" type=\"text\"/></td></tr><tr><td style=\"word-break: break-all;\" align=\"center\" valign=\"middle\" width=\"116\">规格<br/></td><td style=\"word-break: break-all;\" align=\"center\" valign=\"middle\" width=\"116\"><input orgtype=\"text\" orgwidth=\"100\" orgalign=\"left\" style=\"text-align: left; width: 100px;\" orghide=\"0\" leipiplugins=\"text\" value=\"\" title=\"规格\" name=\"data_5\" type=\"text\"/></td><td style=\"word-break: break-all;\" align=\"center\" valign=\"middle\" width=\"75\">单位<br/></td><td align=\"center\" valign=\"middle\" width=\"87\"><input orgtype=\"text\" orgwidth=\"100\" orgalign=\"left\" style=\"text-align: left; width: 100px;\" orghide=\"0\" leipiplugins=\"text\" value=\"\" title=\"单位\" name=\"data_6\" type=\"text\"/></td></tr><tr><td style=\"word-break: break-all;\" align=\"center\" valign=\"middle\" width=\"116\">盘点时本物位置<br/></td><td style=\"word-break: break-all;\" align=\"center\" valign=\"middle\" width=\"116\"><input orgtype=\"text\" orgwidth=\"100\" orgalign=\"left\" style=\"text-align: left; width: 100px;\" orghide=\"0\" leipiplugins=\"text\" value=\"\" title=\"盘点时物品位置\" name=\"data_7\" type=\"text\"/></td><td style=\"word-break: break-all;\" align=\"center\" valign=\"middle\" width=\"75\">盘点数量<br/></td><td align=\"center\" valign=\"middle\" width=\"87\"><input orgtype=\"text\" orgwidth=\"100\" orgalign=\"left\" style=\"text-align: left; width: 100px;\" orghide=\"0\" leipiplugins=\"text\" value=\"\" title=\"盘点数量\" name=\"data_8\" type=\"text\"/></td></tr><tr><td style=\"word-break: break-all;\" align=\"center\" valign=\"middle\" width=\"116\">更正<br/></td><td style=\"word-break: break-all;\" align=\"center\" valign=\"middle\" width=\"116\"><input orgtype=\"text\" orgwidth=\"100\" orgalign=\"left\" style=\"text-align: left; width: 100px;\" orghide=\"0\" leipiplugins=\"text\" value=\"\" title=\"更正\" name=\"data_9\" type=\"text\"/></td><td style=\"word-break: break-all;\" align=\"center\" valign=\"middle\" width=\"75\">存货状况<br/></td><td align=\"center\" valign=\"middle\" width=\"87\"><input orgtype=\"text\" orgwidth=\"100\" orgalign=\"left\" style=\"text-align: left; width: 100px;\" orghide=\"0\" leipiplugins=\"text\" value=\"\" title=\"存货状况\" name=\"data_10\" type=\"text\"/></td></tr><tr><td style=\"word-break: break-all;\" rowspan=\"1\" colspan=\"1\" align=\"center\" valign=\"middle\" width=\"116\">备注<br/></td><td style=\"word-break: break-all;\" rowspan=\"1\" colspan=\"1\" align=\"center\" valign=\"middle\" width=\"116\"><input orgtype=\"text\" orgwidth=\"100\" orgalign=\"left\" style=\"text-align: left; width: 100px;\" orghide=\"0\" leipiplugins=\"text\" value=\"\" title=\"备注\" name=\"data_11\" type=\"text\"/></td><td style=\"word-break: break-all;\" rowspan=\"1\" colspan=\"1\" align=\"center\" valign=\"middle\" width=\"75\">复核员<br/></td><td rowspan=\"1\" colspan=\"1\" align=\"center\" valign=\"middle\" width=\"87\"><input orgtype=\"text\" orgwidth=\"100\" orgalign=\"left\" style=\"text-align: left; width: 100px;\" orghide=\"0\" leipiplugins=\"text\" value=\"\" title=\"复核员\" name=\"data_12\" type=\"text\"/></td></tr><tr><td style=\"word-break: break-all;\" align=\"center\" valign=\"middle\" width=\"116\">记录员<br/></td><td style=\"word-break: break-all;\" align=\"center\" valign=\"middle\" width=\"116\"><input orgtype=\"text\" orgwidth=\"100\" orgalign=\"left\" style=\"text-align: left; width: 100px;\" orghide=\"0\" leipiplugins=\"text\" value=\"\" title=\"记录员\" name=\"data_13\" type=\"text\"/></td><td style=\"word-break: break-all;\" align=\"center\" valign=\"middle\" width=\"75\">盘点员<br/></td><td align=\"center\" valign=\"middle\" width=\"87\"><input orgtype=\"text\" orgwidth=\"100\" orgalign=\"left\" style=\"text-align: left; width: 100px;\" orghide=\"0\" leipiplugins=\"text\" value=\"\" title=\"盘点员\" name=\"data_14\" type=\"text\"/></td></tr></tbody></table><p><br/></p>',`content_parse`='<p>存货盘点单</p><table><tbody><tr class=\"firstRow\"><td style=\"word-break: break-all;\" align=\"center\" valign=\"middle\" width=\"116\">盘点区号<br/></td><td style=\"word-break: break-all;\" align=\"center\" valign=\"middle\" width=\"116\">{data_1}</td><td style=\"word-break: break-all;\" align=\"center\" valign=\"middle\" width=\"75\">盘点日期<br/></td><td align=\"center\" valign=\"middle\" width=\"87\">{data_2}</td></tr><tr><td style=\"word-break: break-all;\" align=\"center\" valign=\"middle\" width=\"116\">编号<br/></td><td style=\"word-break: break-all;\" align=\"center\" valign=\"middle\" width=\"116\">{data_3}</td><td style=\"word-break: break-all;\" align=\"center\" valign=\"middle\" width=\"75\">产品<br/></td><td align=\"center\" valign=\"middle\" width=\"87\">{data_4}</td></tr><tr><td style=\"word-break: break-all;\" align=\"center\" valign=\"middle\" width=\"116\">规格<br/></td><td style=\"word-break: break-all;\" align=\"center\" valign=\"middle\" width=\"116\">{data_5}</td><td style=\"word-break: break-all;\" align=\"center\" valign=\"middle\" width=\"75\">单位<br/></td><td align=\"center\" valign=\"middle\" width=\"87\">{data_6}</td></tr><tr><td style=\"word-break: break-all;\" align=\"center\" valign=\"middle\" width=\"116\">盘点时本物位置<br/></td><td style=\"word-break: break-all;\" align=\"center\" valign=\"middle\" width=\"116\">{data_7}</td><td style=\"word-break: break-all;\" align=\"center\" valign=\"middle\" width=\"75\">盘点数量<br/></td><td align=\"center\" valign=\"middle\" width=\"87\">{data_8}</td></tr><tr><td style=\"word-break: break-all;\" align=\"center\" valign=\"middle\" width=\"116\">更正<br/></td><td style=\"word-break: break-all;\" align=\"center\" valign=\"middle\" width=\"116\">{data_9}</td><td style=\"word-break: break-all;\" align=\"center\" valign=\"middle\" width=\"75\">存货状况<br/></td><td align=\"center\" valign=\"middle\" width=\"87\">{data_10}</td></tr><tr><td style=\"word-break: break-all;\" rowspan=\"1\" colspan=\"1\" align=\"center\" valign=\"middle\" width=\"116\">备注<br/></td><td style=\"word-break: break-all;\" rowspan=\"1\" colspan=\"1\" align=\"center\" valign=\"middle\" width=\"116\">{data_11}</td><td style=\"word-break: break-all;\" rowspan=\"1\" colspan=\"1\" align=\"center\" valign=\"middle\" width=\"75\">复核员<br/></td><td rowspan=\"1\" colspan=\"1\" align=\"center\" valign=\"middle\" width=\"87\">{data_12}</td></tr><tr><td style=\"word-break: break-all;\" align=\"center\" valign=\"middle\" width=\"116\">记录员<br/></td><td style=\"word-break: break-all;\" align=\"center\" valign=\"middle\" width=\"116\">{data_13}</td><td style=\"word-break: break-all;\" align=\"center\" valign=\"middle\" width=\"75\">盘点员<br/></td><td align=\"center\" valign=\"middle\" width=\"87\">{data_14}</td></tr></tbody></table><p><br/></p>',`content_data`='a:14:{i:0;a:11:{s:7:\"orgtype\";s:4:\"text\";s:8:\"orgwidth\";s:3:\"100\";s:8:\"orgalign\";s:4:\"left\";s:5:\"style\";s:31:\"text-align: left; width: 100px;\";s:7:\"orghide\";s:1:\"0\";s:12:\"leipiplugins\";s:4:\"text\";s:5:\"value\";s:0:\"\";s:5:\"title\";s:12:\"盘点区号\";s:4:\"name\";s:6:\"data_1\";s:4:\"type\";s:4:\"text\";s:7:\"content\";s:182:\"<input orgtype=\"text\" orgwidth=\"100\" orgalign=\"left\" style=\"text-align: left; width: 100px;\" orghide=\"0\" leipiplugins=\"text\" value=\"\" title=\"盘点区号\" name=\"data_1\" type=\"text\"/>\";}i:1;a:11:{s:7:\"orgtype\";s:4:\"text\";s:8:\"orgwidth\";s:3:\"100\";s:8:\"orgalign\";s:4:\"left\";s:5:\"style\";s:31:\"text-align: left; width: 100px;\";s:7:\"orghide\";s:1:\"0\";s:12:\"leipiplugins\";s:4:\"text\";s:5:\"value\";s:0:\"\";s:5:\"title\";s:12:\"盘点日期\";s:4:\"name\";s:6:\"data_2\";s:4:\"type\";s:4:\"text\";s:7:\"content\";s:182:\"<input orgtype=\"text\" orgwidth=\"100\" orgalign=\"left\" style=\"text-align: left; width: 100px;\" orghide=\"0\" leipiplugins=\"text\" value=\"\" title=\"盘点日期\" name=\"data_2\" type=\"text\"/>\";}i:2;a:11:{s:7:\"orgtype\";s:4:\"text\";s:8:\"orgwidth\";s:3:\"100\";s:8:\"orgalign\";s:4:\"left\";s:5:\"style\";s:31:\"text-align: left; width: 100px;\";s:7:\"orghide\";s:1:\"0\";s:12:\"leipiplugins\";s:4:\"text\";s:5:\"value\";s:0:\"\";s:5:\"title\";s:6:\"编号\";s:4:\"name\";s:6:\"data_3\";s:4:\"type\";s:4:\"text\";s:7:\"content\";s:176:\"<input orgtype=\"text\" orgwidth=\"100\" orgalign=\"left\" style=\"text-align: left; width: 100px;\" orghide=\"0\" leipiplugins=\"text\" value=\"\" title=\"编号\" name=\"data_3\" type=\"text\"/>\";}i:3;a:11:{s:7:\"orgtype\";s:4:\"text\";s:8:\"orgwidth\";s:3:\"100\";s:8:\"orgalign\";s:4:\"left\";s:5:\"style\";s:31:\"text-align: left; width: 100px;\";s:7:\"orghide\";s:1:\"0\";s:12:\"leipiplugins\";s:4:\"text\";s:5:\"value\";s:0:\"\";s:5:\"title\";s:6:\"产品\";s:4:\"name\";s:6:\"data_4\";s:4:\"type\";s:4:\"text\";s:7:\"content\";s:176:\"<input orgtype=\"text\" orgwidth=\"100\" orgalign=\"left\" style=\"text-align: left; width: 100px;\" orghide=\"0\" leipiplugins=\"text\" value=\"\" title=\"产品\" name=\"data_4\" type=\"text\"/>\";}i:4;a:11:{s:7:\"orgtype\";s:4:\"text\";s:8:\"orgwidth\";s:3:\"100\";s:8:\"orgalign\";s:4:\"left\";s:5:\"style\";s:31:\"text-align: left; width: 100px;\";s:7:\"orghide\";s:1:\"0\";s:12:\"leipiplugins\";s:4:\"text\";s:5:\"value\";s:0:\"\";s:5:\"title\";s:6:\"规格\";s:4:\"name\";s:6:\"data_5\";s:4:\"type\";s:4:\"text\";s:7:\"content\";s:176:\"<input orgtype=\"text\" orgwidth=\"100\" orgalign=\"left\" style=\"text-align: left; width: 100px;\" orghide=\"0\" leipiplugins=\"text\" value=\"\" title=\"规格\" name=\"data_5\" type=\"text\"/>\";}i:5;a:11:{s:7:\"orgtype\";s:4:\"text\";s:8:\"orgwidth\";s:3:\"100\";s:8:\"orgalign\";s:4:\"left\";s:5:\"style\";s:31:\"text-align: left; width: 100px;\";s:7:\"orghide\";s:1:\"0\";s:12:\"leipiplugins\";s:4:\"text\";s:5:\"value\";s:0:\"\";s:5:\"title\";s:6:\"单位\";s:4:\"name\";s:6:\"data_6\";s:4:\"type\";s:4:\"text\";s:7:\"content\";s:176:\"<input orgtype=\"text\" orgwidth=\"100\" orgalign=\"left\" style=\"text-align: left; width: 100px;\" orghide=\"0\" leipiplugins=\"text\" value=\"\" title=\"单位\" name=\"data_6\" type=\"text\"/>\";}i:6;a:11:{s:7:\"orgtype\";s:4:\"text\";s:8:\"orgwidth\";s:3:\"100\";s:8:\"orgalign\";s:4:\"left\";s:5:\"style\";s:31:\"text-align: left; width: 100px;\";s:7:\"orghide\";s:1:\"0\";s:12:\"leipiplugins\";s:4:\"text\";s:5:\"value\";s:0:\"\";s:5:\"title\";s:21:\"盘点时物品位置\";s:4:\"name\";s:6:\"data_7\";s:4:\"type\";s:4:\"text\";s:7:\"content\";s:191:\"<input orgtype=\"text\" orgwidth=\"100\" orgalign=\"left\" style=\"text-align: left; width: 100px;\" orghide=\"0\" leipiplugins=\"text\" value=\"\" title=\"盘点时物品位置\" name=\"data_7\" type=\"text\"/>\";}i:7;a:11:{s:7:\"orgtype\";s:4:\"text\";s:8:\"orgwidth\";s:3:\"100\";s:8:\"orgalign\";s:4:\"left\";s:5:\"style\";s:31:\"text-align: left; width: 100px;\";s:7:\"orghide\";s:1:\"0\";s:12:\"leipiplugins\";s:4:\"text\";s:5:\"value\";s:0:\"\";s:5:\"title\";s:12:\"盘点数量\";s:4:\"name\";s:6:\"data_8\";s:4:\"type\";s:4:\"text\";s:7:\"content\";s:182:\"<input orgtype=\"text\" orgwidth=\"100\" orgalign=\"left\" style=\"text-align: left; width: 100px;\" orghide=\"0\" leipiplugins=\"text\" value=\"\" title=\"盘点数量\" name=\"data_8\" type=\"text\"/>\";}i:8;a:11:{s:7:\"orgtype\";s:4:\"text\";s:8:\"orgwidth\";s:3:\"100\";s:8:\"orgalign\";s:4:\"left\";s:5:\"style\";s:31:\"text-align: left; width: 100px;\";s:7:\"orghide\";s:1:\"0\";s:12:\"leipiplugins\";s:4:\"text\";s:5:\"value\";s:0:\"\";s:5:\"title\";s:6:\"更正\";s:4:\"name\";s:6:\"data_9\";s:4:\"type\";s:4:\"text\";s:7:\"content\";s:176:\"<input orgtype=\"text\" orgwidth=\"100\" orgalign=\"left\" style=\"text-align: left; width: 100px;\" orghide=\"0\" leipiplugins=\"text\" value=\"\" title=\"更正\" name=\"data_9\" type=\"text\"/>\";}i:9;a:11:{s:7:\"orgtype\";s:4:\"text\";s:8:\"orgwidth\";s:3:\"100\";s:8:\"orgalign\";s:4:\"left\";s:5:\"style\";s:31:\"text-align: left; width: 100px;\";s:7:\"orghide\";s:1:\"0\";s:12:\"leipiplugins\";s:4:\"text\";s:5:\"value\";s:0:\"\";s:5:\"title\";s:12:\"存货状况\";s:4:\"name\";s:7:\"data_10\";s:4:\"type\";s:4:\"text\";s:7:\"content\";s:183:\"<input orgtype=\"text\" orgwidth=\"100\" orgalign=\"left\" style=\"text-align: left; width: 100px;\" orghide=\"0\" leipiplugins=\"text\" value=\"\" title=\"存货状况\" name=\"data_10\" type=\"text\"/>\";}i:10;a:11:{s:7:\"orgtype\";s:4:\"text\";s:8:\"orgwidth\";s:3:\"100\";s:8:\"orgalign\";s:4:\"left\";s:5:\"style\";s:31:\"text-align: left; width: 100px;\";s:7:\"orghide\";s:1:\"0\";s:12:\"leipiplugins\";s:4:\"text\";s:5:\"value\";s:0:\"\";s:5:\"title\";s:6:\"备注\";s:4:\"name\";s:7:\"data_11\";s:4:\"type\";s:4:\"text\";s:7:\"content\";s:177:\"<input orgtype=\"text\" orgwidth=\"100\" orgalign=\"left\" style=\"text-align: left; width: 100px;\" orghide=\"0\" leipiplugins=\"text\" value=\"\" title=\"备注\" name=\"data_11\" type=\"text\"/>\";}i:11;a:11:{s:7:\"orgtype\";s:4:\"text\";s:8:\"orgwidth\";s:3:\"100\";s:8:\"orgalign\";s:4:\"left\";s:5:\"style\";s:31:\"text-align: left; width: 100px;\";s:7:\"orghide\";s:1:\"0\";s:12:\"leipiplugins\";s:4:\"text\";s:5:\"value\";s:0:\"\";s:5:\"title\";s:9:\"复核员\";s:4:\"name\";s:7:\"data_12\";s:4:\"type\";s:4:\"text\";s:7:\"content\";s:180:\"<input orgtype=\"text\" orgwidth=\"100\" orgalign=\"left\" style=\"text-align: left; width: 100px;\" orghide=\"0\" leipiplugins=\"text\" value=\"\" title=\"复核员\" name=\"data_12\" type=\"text\"/>\";}i:12;a:11:{s:7:\"orgtype\";s:4:\"text\";s:8:\"orgwidth\";s:3:\"100\";s:8:\"orgalign\";s:4:\"left\";s:5:\"style\";s:31:\"text-align: left; width: 100px;\";s:7:\"orghide\";s:1:\"0\";s:12:\"leipiplugins\";s:4:\"text\";s:5:\"value\";s:0:\"\";s:5:\"title\";s:9:\"记录员\";s:4:\"name\";s:7:\"data_13\";s:4:\"type\";s:4:\"text\";s:7:\"content\";s:180:\"<input orgtype=\"text\" orgwidth=\"100\" orgalign=\"left\" style=\"text-align: left; width: 100px;\" orghide=\"0\" leipiplugins=\"text\" value=\"\" title=\"记录员\" name=\"data_13\" type=\"text\"/>\";}i:13;a:11:{s:7:\"orgtype\";s:4:\"text\";s:8:\"orgwidth\";s:3:\"100\";s:8:\"orgalign\";s:4:\"left\";s:5:\"style\";s:31:\"text-align: left; width: 100px;\";s:7:\"orghide\";s:1:\"0\";s:12:\"leipiplugins\";s:4:\"text\";s:5:\"value\";s:0:\"\";s:5:\"title\";s:9:\"盘点员\";s:4:\"name\";s:7:\"data_14\";s:4:\"type\";s:4:\"text\";s:7:\"content\";s:180:\"<input orgtype=\"text\" orgwidth=\"100\" orgalign=\"left\" style=\"text-align: left; width: 100px;\" orghide=\"0\" leipiplugins=\"text\" value=\"\" title=\"盘点员\" name=\"data_14\" type=\"text\"/>\";}}',`updatetime`='1444098728' WHERE `id` = 855 [ RunTime:0.0198s ]
NOTIC: [2] unlink(../Application/Runtime/Temp/21d9a5adf0e55158019e1c301ccb9502.php): No such file or directory /var/www/dzxt/s/tp/ThinkPHP/Library/Think/Cache/Driver/File.class.php 第 157 行.
INFO: [ app_end ] --START--
INFO: Run Behavior\ShowPageTraceBehavior [ RunTime:0.000040s ]
INFO: [ app_end ] --END-- [ RunTime:0.000072s ]

[ 2015-10-06T10:32:10+08:00 ] 113.94.20.202 /s/tp/wwwroot/index.php?s=/demo/formdesign/form_id/855.html
INFO: [ app_init ] --START--
INFO: Run Behavior\BuildLiteBehavior [ RunTime:0.000010s ]
INFO: [ app_init ] --END-- [ RunTime:0.000071s ]
INFO: [ app_begin ] --START--
INFO: Run Behavior\ReadHtmlCacheBehavior [ RunTime:0.000035s ]
INFO: [ app_begin ] --END-- [ RunTime:0.000065s ]
SQL: SHOW COLUMNS FROM `ht_form` [ RunTime:0.0009s ]
SQL: SELECT * FROM `ht_form` WHERE `id` = 855 AND `is_del` = 0 LIMIT 1   [ RunTime:0.0003s ]
INFO: [ app_end ] --START--
INFO: Run Behavior\ShowPageTraceBehavior [ RunTime:0.000031s ]
INFO: [ app_end ] --END-- [ RunTime:0.000062s ]

[ 2015-10-06T10:32:31+08:00 ] 113.94.20.202 /s/tp/wwwroot/index.php?s=/Home/Demo/add.html
INFO: [ app_init ] --START--
INFO: Run Behavior\BuildLiteBehavior [ RunTime:0.000010s ]
INFO: [ app_init ] --END-- [ RunTime:0.000076s ]
INFO: [ app_begin ] --START--
INFO: Run Behavior\ReadHtmlCacheBehavior [ RunTime:0.000034s ]
INFO: [ app_begin ] --END-- [ RunTime:0.000064s ]
SQL: SHOW COLUMNS FROM `ht_form` [ RunTime:0.0009s ]
SQL: INSERT INTO `ht_form` (`form_name`,`form_desc`,`updatetime`,`type`,`dateline`,`pid`,`creater_uid`) VALUES ('存货盘点单','','1444098751','0','1444098751','612','176') [ RunTime:0.0178s ]
NOTIC: [2] unlink(../Application/Runtime/Temp/21d9a5adf0e55158019e1c301ccb9502.php): No such file or directory /var/www/dzxt/s/tp/ThinkPHP/Library/Think/Cache/Driver/File.class.php 第 157 行.
INFO: [ app_end ] --START--
INFO: Run Behavior\ShowPageTraceBehavior [ RunTime:0.000035s ]
INFO: [ app_end ] --END-- [ RunTime:0.000063s ]

[ 2015-10-06T10:32:40+08:00 ] 113.94.20.202 /s/tp/wwwroot/index.php?s=/demo/formdesign/form_id/856.html
INFO: [ app_init ] --START--
INFO: Run Behavior\BuildLiteBehavior [ RunTime:0.000011s ]
INFO: [ app_init ] --END-- [ RunTime:0.000087s ]
INFO: [ app_begin ] --START--
INFO: Run Behavior\ReadHtmlCacheBehavior [ RunTime:0.000040s ]
INFO: [ app_begin ] --END-- [ RunTime:0.000069s ]
SQL: SHOW COLUMNS FROM `ht_form` [ RunTime:0.0010s ]
SQL: SELECT * FROM `ht_form` WHERE `id` = 856 AND `is_del` = 0 LIMIT 1   [ RunTime:0.0002s ]
INFO: [ app_end ] --START--
INFO: Run Behavior\ShowPageTraceBehavior [ RunTime:0.000038s ]
INFO: [ app_end ] --END-- [ RunTime:0.000068s ]

[ 2015-10-06T10:39:39+08:00 ] 113.94.20.202 /s/tp/wwwroot/index.php?s=/demo/formdesign/
INFO: [ app_init ] --START--
INFO: Run Behavior\BuildLiteBehavior [ RunTime:0.000010s ]
INFO: [ app_init ] --END-- [ RunTime:0.000082s ]
INFO: [ app_begin ] --START--
INFO: Run Behavior\ReadHtmlCacheBehavior [ RunTime:0.000035s ]
INFO: [ app_begin ] --END-- [ RunTime:0.000065s ]
SQL: SHOW COLUMNS FROM `ht_form` [ RunTime:0.0009s ]
SQL: SELECT * FROM `ht_form` WHERE `id` = 856 AND `is_del` = 0 LIMIT 1   [ RunTime:0.0001s ]
SQL: show tables like 'ht_form_data_856' [ RunTime:0.0006s ]
SQL: CREATE TABLE `ht_form_data_856` (
              `id` int(10) unsigned NOT NULL AUTO_INCREMENT,
              `uid` int(10) unsigned NOT NULL DEFAULT '0',
              `foreign_id` int(10) unsigned NOT NULL DEFAULT '0',
              `data_1` varchar(255) NOT NULL DEFAULT '' comment '存货盘点单',
              `is_del` tinyint(1) unsigned NOT NULL DEFAULT '0',
              `updatetime` int(10) unsigned NOT NULL DEFAULT '0',
              `dateline` int(10) unsigned NOT NULL DEFAULT '0',
              PRIMARY KEY (`id`),
              KEY `uid` (`uid`),
              KEY `foreign_id` (`foreign_id`)
            ) ENGINE=InnoDB DEFAULT CHARSET=utf8; [ RunTime:0.0584s ]
SQL: UPDATE `ht_form` SET `is_data_form`='0',`fields`='1',`content`='<h1 style=\"font-size: 32px; font-weight: bold; border-bottom: 2px solid rgb(204, 204, 204); padding: 0px 4px 0px 0px; text-align: center; margin: 0px 0px 20px;\" label=\"标题居中\">存货盘点单</h1><p><input style=\"width: 100%;\" orghide=\"0\" orgfield=\"`data_1`,盘点区号;`data_2`,盘点日期;`data_3`,编号;`data_4`,产品;`data_5`,规格;`data_6`,单位;`data_7`,盘点时物品位置;`data_8`,盘点数量;`data_10`,存货状况;`data_11`,备注;`data_12`,复核员;`data_13`,记录员;`data_14`,盘点员\" orgformname=\"存货盘点单副\" orgformid=\"855\" leipiplugins=\"sublist\" title=\"存货盘点单\" value=\"{子列表}\" name=\"data_1\" type=\"text\"/></p>',`content_parse`='<h1 style=\"font-size: 32px; font-weight: bold; border-bottom: 2px solid rgb(204, 204, 204); padding: 0px 4px 0px 0px; text-align: center; margin: 0px 0px 20px;\" label=\"标题居中\">存货盘点单</h1><p>{data_1}</p>',`content_data`='a:1:{i:0;a:11:{s:5:\"style\";s:12:\"width: 100%;\";s:7:\"orghide\";s:1:\"0\";s:8:\"orgfield\";s:260:\"`data_1`,盘点区号;`data_2`,盘点日期;`data_3`,编号;`data_4`,产品;`data_5`,规格;`data_6`,单位;`data_7`,盘点时物品位置;`data_8`,盘点数量;`data_10`,存货状况;`data_11`,备注;`data_12`,复核员;`data_13`,记录员;`data_14`,盘点员\";s:11:\"orgformname\";s:18:\"存货盘点单副\";s:9:\"orgformid\";s:3:\"855\";s:12:\"leipiplugins\";s:7:\"sublist\";s:5:\"title\";s:15:\"存货盘点单\";s:5:\"value\";s:11:\"{子列表}\";s:4:\"name\";s:6:\"data_1\";s:4:\"type\";s:4:\"text\";s:7:\"content\";s:455:\"<input style=\"width: 100%;\" orghide=\"0\" orgfield=\"`data_1`,盘点区号;`data_2`,盘点日期;`data_3`,编号;`data_4`,产品;`data_5`,规格;`data_6`,单位;`data_7`,盘点时物品位置;`data_8`,盘点数量;`data_10`,存货状况;`data_11`,备注;`data_12`,复核员;`data_13`,记录员;`data_14`,盘点员\" orgformname=\"存货盘点单副\" orgformid=\"855\" leipiplugins=\"sublist\" title=\"存货盘点单\" value=\"{子列表}\" name=\"data_1\" type=\"text\"/>\";}}',`updatetime`='1444099178' WHERE `id` = 856 [ RunTime:0.0198s ]
NOTIC: [2] unlink(../Application/Runtime/Temp/21d9a5adf0e55158019e1c301ccb9502.php): No such file or directory /var/www/dzxt/s/tp/ThinkPHP/Library/Think/Cache/Driver/File.class.php 第 157 行.
INFO: [ app_end ] --START--
INFO: Run Behavior\ShowPageTraceBehavior [ RunTime:0.000039s ]
INFO: [ app_end ] --END-- [ RunTime:0.000068s ]

[ 2015-10-06T10:39:40+08:00 ] 113.94.20.202 /s/tp/wwwroot/index.php?s=/demo/formdesign/form_id/856.html
INFO: [ app_init ] --START--
INFO: Run Behavior\BuildLiteBehavior [ RunTime:0.000009s ]
INFO: [ app_init ] --END-- [ RunTime:0.000064s ]
INFO: [ app_begin ] --START--
INFO: Run Behavior\ReadHtmlCacheBehavior [ RunTime:0.000032s ]
INFO: [ app_begin ] --END-- [ RunTime:0.000063s ]
SQL: SHOW COLUMNS FROM `ht_form` [ RunTime:0.0009s ]
SQL: SELECT * FROM `ht_form` WHERE `id` = 856 AND `is_del` = 0 LIMIT 1   [ RunTime:0.0002s ]
INFO: [ app_end ] --START--
INFO: Run Behavior\ShowPageTraceBehavior [ RunTime:0.000031s ]
INFO: [ app_end ] --END-- [ RunTime:0.000060s ]

[ 2015-10-06T14:26:39+08:00 ] 113.94.20.202 /s/tp/wwwroot/index.php?s=/Home/Demo/add.html
INFO: [ app_init ] --START--
INFO: Run Behavior\BuildLiteBehavior [ RunTime:0.000009s ]
INFO: [ app_init ] --END-- [ RunTime:0.000081s ]
INFO: [ app_begin ] --START--
INFO: Run Behavior\ReadHtmlCacheBehavior [ RunTime:0.000037s ]
INFO: [ app_begin ] --END-- [ RunTime:0.000067s ]
SQL: SHOW COLUMNS FROM `ht_form` [ RunTime:0.0009s ]
SQL: INSERT INTO `ht_form` (`form_name`,`form_desc`,`updatetime`,`type`,`dateline`,`pid`,`creater_uid`) VALUES ('存货表','','1444112799','0','1444112799','612','176') [ RunTime:0.0208s ]
NOTIC: [2] unlink(../Application/Runtime/Temp/21d9a5adf0e55158019e1c301ccb9502.php): No such file or directory /var/www/dzxt/s/tp/ThinkPHP/Library/Think/Cache/Driver/File.class.php 第 157 行.
INFO: [ app_end ] --START--
INFO: Run Behavior\ShowPageTraceBehavior [ RunTime:0.000039s ]
INFO: [ app_end ] --END-- [ RunTime:0.000068s ]

[ 2015-10-06T14:26:58+08:00 ] 113.94.20.202 /s/tp/wwwroot/index.php?s=/Home/Demo/edit.html
INFO: [ app_init ] --START--
INFO: Run Behavior\BuildLiteBehavior [ RunTime:0.000010s ]
INFO: [ app_init ] --END-- [ RunTime:0.000079s ]
INFO: [ app_begin ] --START--
INFO: Run Behavior\ReadHtmlCacheBehavior [ RunTime:0.000038s ]
INFO: [ app_begin ] --END-- [ RunTime:0.000069s ]
SQL: SHOW COLUMNS FROM `ht_form` [ RunTime:0.0008s ]
SQL: SELECT * FROM `ht_form` WHERE `id` = 857 AND `is_del` = 0 LIMIT 1   [ RunTime:0.0002s ]
SQL: UPDATE `ht_form` SET `form_name`='存货表副',`form_desc`='',`updatetime`='1444112818',`type`='0' WHERE `id` = 857 [ RunTime:0.0205s ]
NOTIC: [2] unlink(../Application/Runtime/Temp/21d9a5adf0e55158019e1c301ccb9502.php): No such file or directory /var/www/dzxt/s/tp/ThinkPHP/Library/Think/Cache/Driver/File.class.php 第 157 行.
INFO: [ app_end ] --START--
INFO: Run Behavior\ShowPageTraceBehavior [ RunTime:0.000045s ]
INFO: [ app_end ] --END-- [ RunTime:0.000075s ]

[ 2015-10-06T14:27:01+08:00 ] 113.94.20.202 /s/tp/wwwroot/index.php?s=/demo/formdesign/form_id/857.html
INFO: [ app_init ] --START--
INFO: Run Behavior\BuildLiteBehavior [ RunTime:0.000009s ]
INFO: [ app_init ] --END-- [ RunTime:0.000070s ]
INFO: [ app_begin ] --START--
INFO: Run Behavior\ReadHtmlCacheBehavior [ RunTime:0.000039s ]
INFO: [ app_begin ] --END-- [ RunTime:0.000069s ]
SQL: SHOW COLUMNS FROM `ht_form` [ RunTime:0.0008s ]
SQL: SELECT * FROM `ht_form` WHERE `id` = 857 AND `is_del` = 0 LIMIT 1   [ RunTime:0.0002s ]
INFO: [ app_end ] --START--
INFO: Run Behavior\ShowPageTraceBehavior [ RunTime:0.000036s ]
INFO: [ app_end ] --END-- [ RunTime:0.000064s ]

[ 2015-10-06T14:29:31+08:00 ] 113.94.20.202 /s/tp/wwwroot/index.php?s=/Home/Demo/del.html
INFO: [ app_init ] --START--
INFO: Run Behavior\BuildLiteBehavior [ RunTime:0.000010s ]
INFO: [ app_init ] --END-- [ RunTime:0.000079s ]
INFO: [ app_begin ] --START--
INFO: Run Behavior\ReadHtmlCacheBehavior [ RunTime:0.000035s ]
INFO: [ app_begin ] --END-- [ RunTime:0.000065s ]
SQL: SHOW COLUMNS FROM `ht_form` [ RunTime:0.0010s ]
SQL: SELECT * FROM `ht_form` WHERE `pid` = 857 LIMIT 1   [ RunTime:0.0048s ]
SQL: DELETE FROM `ht_form` WHERE `id` = 857 [ RunTime:0.0203s ]
SQL: SHOW COLUMNS FROM `ht_power` [ RunTime:0.0007s ]
SQL: DELETE FROM `ht_power` WHERE `form_id` = 857 [ RunTime:0.0215s ]
INFO: [ app_end ] --START--
INFO: Run Behavior\ShowPageTraceBehavior [ RunTime:0.000073s ]
INFO: [ app_end ] --END-- [ RunTime:0.000103s ]

[ 2015-10-06T14:29:36+08:00 ] 113.94.20.202 /s/tp/wwwroot/index.php?s=/demo/formdesign/form_id/856.html
INFO: [ app_init ] --START--
INFO: Run Behavior\BuildLiteBehavior [ RunTime:0.000011s ]
INFO: [ app_init ] --END-- [ RunTime:0.000094s ]
INFO: [ app_begin ] --START--
INFO: Run Behavior\ReadHtmlCacheBehavior [ RunTime:0.000040s ]
INFO: [ app_begin ] --END-- [ RunTime:0.000070s ]
SQL: SHOW COLUMNS FROM `ht_form` [ RunTime:0.0009s ]
SQL: SELECT * FROM `ht_form` WHERE `id` = 856 AND `is_del` = 0 LIMIT 1   [ RunTime:0.0002s ]
INFO: [ app_end ] --START--
INFO: Run Behavior\ShowPageTraceBehavior [ RunTime:0.000040s ]
INFO: [ app_end ] --END-- [ RunTime:0.000069s ]

[ 2015-10-06T16:39:19+08:00 ] 113.94.20.202 /s/tp/wwwroot/index.php?s=/Home/Demo/add.html
INFO: [ app_init ] --START--
INFO: Run Behavior\BuildLiteBehavior [ RunTime:0.000010s ]
INFO: [ app_init ] --END-- [ RunTime:0.000091s ]
INFO: [ app_begin ] --START--
INFO: Run Behavior\ReadHtmlCacheBehavior [ RunTime:0.000037s ]
INFO: [ app_begin ] --END-- [ RunTime:0.000067s ]
SQL: SHOW COLUMNS FROM `ht_form` [ RunTime:0.0010s ]
SQL: INSERT INTO `ht_form` (`form_name`,`form_desc`,`updatetime`,`type`,`dateline`,`pid`,`creater_uid`) VALUES ('专案控管表副','','1444120759','0','1444120759','617','176') [ RunTime:0.0221s ]
NOTIC: [2] unlink(../Application/Runtime/Temp/21d9a5adf0e55158019e1c301ccb9502.php): No such file or directory /var/www/dzxt/s/tp/ThinkPHP/Library/Think/Cache/Driver/File.class.php 第 157 行.
INFO: [ app_end ] --START--
INFO: Run Behavior\ShowPageTraceBehavior [ RunTime:0.000036s ]
INFO: [ app_end ] --END-- [ RunTime:0.000065s ]

[ 2015-10-06T16:39:24+08:00 ] 113.94.20.202 /s/tp/wwwroot/index.php?s=/demo/formdesign/form_id/858.html
INFO: [ app_init ] --START--
INFO: Run Behavior\BuildLiteBehavior [ RunTime:0.000011s ]
INFO: [ app_init ] --END-- [ RunTime:0.000090s ]
INFO: [ app_begin ] --START--
INFO: Run Behavior\ReadHtmlCacheBehavior [ RunTime:0.000043s ]
INFO: [ app_begin ] --END-- [ RunTime:0.000073s ]
SQL: SHOW COLUMNS FROM `ht_form` [ RunTime:0.0009s ]
SQL: SELECT * FROM `ht_form` WHERE `id` = 858 AND `is_del` = 0 LIMIT 1   [ RunTime:0.0002s ]
INFO: [ app_end ] --START--
INFO: Run Behavior\ShowPageTraceBehavior [ RunTime:0.000042s ]
INFO: [ app_end ] --END-- [ RunTime:0.000071s ]

[ 2015-10-06T17:18:51+08:00 ] 113.94.20.202 /s/tp/wwwroot/index.php?s=/demo/formdesign/
INFO: [ app_init ] --START--
INFO: Run Behavior\BuildLiteBehavior [ RunTime:0.000010s ]
INFO: [ app_init ] --END-- [ RunTime:0.000082s ]
INFO: [ app_begin ] --START--
INFO: Run Behavior\ReadHtmlCacheBehavior [ RunTime:0.000036s ]
INFO: [ app_begin ] --END-- [ RunTime:0.000065s ]
SQL: SHOW COLUMNS FROM `ht_form` [ RunTime:0.0009s ]
SQL: SELECT * FROM `ht_form` WHERE `id` = 858 AND `is_del` = 0 LIMIT 1   [ RunTime:0.0001s ]
SQL: show tables like 'ht_form_data_858' [ RunTime:0.0006s ]
SQL: CREATE TABLE `ht_form_data_858` (
              `id` int(10) unsigned NOT NULL AUTO_INCREMENT,
              `uid` int(10) unsigned NOT NULL DEFAULT '0',
              `foreign_id` int(10) unsigned NOT NULL DEFAULT '0',
              `data_1` varchar(255) NOT NULL DEFAULT '' comment '项目类别',`data_2` varchar(255) NOT NULL DEFAULT '' comment '专案项目名称',`data_3` varchar(255) NOT NULL DEFAULT '' comment '主要内容叙述',`data_4` varchar(255) NOT NULL DEFAULT '' comment '预计成果（成本和效果）',`data_5` varchar(255) NOT NULL DEFAULT '' comment '执行进度',`data_6` varchar(255) NOT NULL DEFAULT '' comment '开案日期',`data_7` varchar(255) NOT NULL DEFAULT '' comment '预计完成日期',`data_8` varchar(255) NOT NULL DEFAULT '' comment '实际完成日期',`data_9` varchar(255) NOT NULL DEFAULT '' comment '专案成果报告书',
              `is_del` tinyint(1) unsigned NOT NULL DEFAULT '0',
              `updatetime` int(10) unsigned NOT NULL DEFAULT '0',
              `dateline` int(10) unsigned NOT NULL DEFAULT '0',
              PRIMARY KEY (`id`),
              KEY `uid` (`uid`),
              KEY `foreign_id` (`foreign_id`)
            ) ENGINE=InnoDB DEFAULT CHARSET=utf8; [ RunTime:0.0409s ]
SQL: UPDATE `ht_form` SET `is_data_form`='1',`fields`='9',`content`='<p>专案控管表</p><table><tbody><tr class=\"firstRow\"><td style=\"word-break: break-all;\" align=\"center\" valign=\"middle\" width=\"118\">项目类别<br/></td><td style=\"word-break: break-all;\" align=\"center\" valign=\"middle\" width=\"103\"><input orgtype=\"text\" orgwidth=\"100\" orgalign=\"left\" style=\"text-align: left; width: 100px;\" orghide=\"0\" leipiplugins=\"text\" value=\"\" title=\"项目类别\" name=\"data_1\" type=\"text\"/></td><td style=\"word-break: break-all;\" align=\"center\" valign=\"middle\" width=\"179\">专案项目名称<br/></td><td align=\"center\" valign=\"middle\" width=\"99\"><input orgtype=\"text\" orgwidth=\"100\" orgalign=\"left\" style=\"text-align: left; width: 100px;\" orghide=\"0\" leipiplugins=\"text\" value=\"\" title=\"专案项目名称\" name=\"data_2\" type=\"text\"/></td></tr><tr><td style=\"word-break: break-all;\" align=\"center\" valign=\"middle\" width=\"118\">主要内容叙述<br/></td><td align=\"center\" valign=\"middle\" width=\"103\"><input orgtype=\"text\" orgwidth=\"100\" orgalign=\"left\" style=\"text-align: left; width: 100px;\" orghide=\"0\" leipiplugins=\"text\" value=\"\" title=\"主要内容叙述\" name=\"data_3\" type=\"text\"/></td><td style=\"word-break: break-all;\" align=\"center\" valign=\"middle\" width=\"179\">预计成果（成本和效果）<br/></td><td align=\"center\" valign=\"middle\" width=\"99\"><input orgtype=\"text\" orgwidth=\"100\" orgalign=\"left\" style=\"text-align: left; width: 100px;\" orghide=\"0\" leipiplugins=\"text\" value=\"\" title=\"预计成果（成本和效果）\" name=\"data_4\" type=\"text\"/></td></tr><tr><td style=\"word-break: break-all;\" align=\"center\" valign=\"middle\" width=\"118\">执行进度<br/></td><td align=\"center\" valign=\"middle\" width=\"103\"><input orgtype=\"text\" orgwidth=\"100\" orgalign=\"left\" style=\"text-align: left; width: 100px;\" orghide=\"0\" leipiplugins=\"text\" value=\"\" title=\"执行进度\" name=\"data_5\" type=\"text\"/></td><td style=\"word-break: break-all;\" align=\"center\" valign=\"middle\" width=\"179\">开案日期<br/></td><td align=\"center\" valign=\"middle\" width=\"99\"><input orgtype=\"text\" orgwidth=\"100\" orgalign=\"left\" style=\"text-align: left; width: 100px;\" orghide=\"0\" leipiplugins=\"text\" value=\"\" title=\"开案日期\" name=\"data_6\" type=\"text\"/></td></tr><tr><td style=\"word-break: break-all;\" align=\"center\" valign=\"middle\" width=\"118\">预计完成日期<br/></td><td style=\"word-break: break-all;\" align=\"center\" valign=\"middle\" width=\"103\"><input orgtype=\"text\" orgwidth=\"100\" orgalign=\"left\" style=\"text-align: left; width: 100px;\" orghide=\"0\" leipiplugins=\"text\" value=\"\" title=\"预计完成日期\" name=\"data_7\" type=\"text\"/></td><td style=\"word-break: break-all;\" align=\"center\" valign=\"middle\" width=\"179\">实际完成日期<br/></td><td align=\"center\" valign=\"middle\" width=\"99\"><input orgtype=\"text\" orgwidth=\"100\" orgalign=\"left\" style=\"text-align: left; width: 100px;\" orghide=\"0\" leipiplugins=\"text\" value=\"\" title=\"实际完成日期\" name=\"data_8\" type=\"text\"/></td></tr><tr><td style=\"word-break: break-all;\" align=\"center\" valign=\"middle\" width=\"118\">专案成果报告书<br/></td><td align=\"center\" valign=\"middle\" width=\"103\"><input orgtype=\"text\" orgwidth=\"100\" orgalign=\"left\" style=\"text-align: left; width: 100px;\" orghide=\"0\" leipiplugins=\"text\" value=\"\" title=\"专案成果报告书\" name=\"data_9\" type=\"text\"/></td><td align=\"center\" valign=\"middle\" width=\"179\"><br/></td><td align=\"center\" valign=\"middle\" width=\"99\"><br/></td></tr></tbody></table><p><br/></p>',`content_parse`='<p>专案控管表</p><table><tbody><tr class=\"firstRow\"><td style=\"word-break: break-all;\" align=\"center\" valign=\"middle\" width=\"118\">项目类别<br/></td><td style=\"word-break: break-all;\" align=\"center\" valign=\"middle\" width=\"103\">{data_1}</td><td style=\"word-break: break-all;\" align=\"center\" valign=\"middle\" width=\"179\">专案项目名称<br/></td><td align=\"center\" valign=\"middle\" width=\"99\">{data_2}</td></tr><tr><td style=\"word-break: break-all;\" align=\"center\" valign=\"middle\" width=\"118\">主要内容叙述<br/></td><td align=\"center\" valign=\"middle\" width=\"103\">{data_3}</td><td style=\"word-break: break-all;\" align=\"center\" valign=\"middle\" width=\"179\">预计成果（成本和效果）<br/></td><td align=\"center\" valign=\"middle\" width=\"99\">{data_4}</td></tr><tr><td style=\"word-break: break-all;\" align=\"center\" valign=\"middle\" width=\"118\">执行进度<br/></td><td align=\"center\" valign=\"middle\" width=\"103\">{data_5}</td><td style=\"word-break: break-all;\" align=\"center\" valign=\"middle\" width=\"179\">开案日期<br/></td><td align=\"center\" valign=\"middle\" width=\"99\">{data_6}</td></tr><tr><td style=\"word-break: break-all;\" align=\"center\" valign=\"middle\" width=\"118\">预计完成日期<br/></td><td style=\"word-break: break-all;\" align=\"center\" valign=\"middle\" width=\"103\">{data_7}</td><td style=\"word-break: break-all;\" align=\"center\" valign=\"middle\" width=\"179\">实际完成日期<br/></td><td align=\"center\" valign=\"middle\" width=\"99\">{data_8}</td></tr><tr><td style=\"word-break: break-all;\" align=\"center\" valign=\"middle\" width=\"118\">专案成果报告书<br/></td><td align=\"center\" valign=\"middle\" width=\"103\">{data_9}</td><td align=\"center\" valign=\"middle\" width=\"179\"><br/></td><td align=\"center\" valign=\"middle\" width=\"99\"><br/></td></tr></tbody></table><p><br/></p>',`content_data`='a:9:{i:0;a:11:{s:7:\"orgtype\";s:4:\"text\";s:8:\"orgwidth\";s:3:\"100\";s:8:\"orgalign\";s:4:\"left\";s:5:\"style\";s:31:\"text-align: left; width: 100px;\";s:7:\"orghide\";s:1:\"0\";s:12:\"leipiplugins\";s:4:\"text\";s:5:\"value\";s:0:\"\";s:5:\"title\";s:12:\"项目类别\";s:4:\"name\";s:6:\"data_1\";s:4:\"type\";s:4:\"text\";s:7:\"content\";s:182:\"<input orgtype=\"text\" orgwidth=\"100\" orgalign=\"left\" style=\"text-align: left; width: 100px;\" orghide=\"0\" leipiplugins=\"text\" value=\"\" title=\"项目类别\" name=\"data_1\" type=\"text\"/>\";}i:1;a:11:{s:7:\"orgtype\";s:4:\"text\";s:8:\"orgwidth\";s:3:\"100\";s:8:\"orgalign\";s:4:\"left\";s:5:\"style\";s:31:\"text-align: left; width: 100px;\";s:7:\"orghide\";s:1:\"0\";s:12:\"leipiplugins\";s:4:\"text\";s:5:\"value\";s:0:\"\";s:5:\"title\";s:18:\"专案项目名称\";s:4:\"name\";s:6:\"data_2\";s:4:\"type\";s:4:\"text\";s:7:\"content\";s:188:\"<input orgtype=\"text\" orgwidth=\"100\" orgalign=\"left\" style=\"text-align: left; width: 100px;\" orghide=\"0\" leipiplugins=\"text\" value=\"\" title=\"专案项目名称\" name=\"data_2\" type=\"text\"/>\";}i:2;a:11:{s:7:\"orgtype\";s:4:\"text\";s:8:\"orgwidth\";s:3:\"100\";s:8:\"orgalign\";s:4:\"left\";s:5:\"style\";s:31:\"text-align: left; width: 100px;\";s:7:\"orghide\";s:1:\"0\";s:12:\"leipiplugins\";s:4:\"text\";s:5:\"value\";s:0:\"\";s:5:\"title\";s:18:\"主要内容叙述\";s:4:\"name\";s:6:\"data_3\";s:4:\"type\";s:4:\"text\";s:7:\"content\";s:188:\"<input orgtype=\"text\" orgwidth=\"100\" orgalign=\"left\" style=\"text-align: left; width: 100px;\" orghide=\"0\" leipiplugins=\"text\" value=\"\" title=\"主要内容叙述\" name=\"data_3\" type=\"text\"/>\";}i:3;a:11:{s:7:\"orgtype\";s:4:\"text\";s:8:\"orgwidth\";s:3:\"100\";s:8:\"orgalign\";s:4:\"left\";s:5:\"style\";s:31:\"text-align: left; width: 100px;\";s:7:\"orghide\";s:1:\"0\";s:12:\"leipiplugins\";s:4:\"text\";s:5:\"value\";s:0:\"\";s:5:\"title\";s:33:\"预计成果（成本和效果）\";s:4:\"name\";s:6:\"data_4\";s:4:\"type\";s:4:\"text\";s:7:\"content\";s:203:\"<input orgtype=\"text\" orgwidth=\"100\" orgalign=\"left\" style=\"text-align: left; width: 100px;\" orghide=\"0\" leipiplugins=\"text\" value=\"\" title=\"预计成果（成本和效果）\" name=\"data_4\" type=\"text\"/>\";}i:4;a:11:{s:7:\"orgtype\";s:4:\"text\";s:8:\"orgwidth\";s:3:\"100\";s:8:\"orgalign\";s:4:\"left\";s:5:\"style\";s:31:\"text-align: left; width: 100px;\";s:7:\"orghide\";s:1:\"0\";s:12:\"leipiplugins\";s:4:\"text\";s:5:\"value\";s:0:\"\";s:5:\"title\";s:12:\"执行进度\";s:4:\"name\";s:6:\"data_5\";s:4:\"type\";s:4:\"text\";s:7:\"content\";s:182:\"<input orgtype=\"text\" orgwidth=\"100\" orgalign=\"left\" style=\"text-align: left; width: 100px;\" orghide=\"0\" leipiplugins=\"text\" value=\"\" title=\"执行进度\" name=\"data_5\" type=\"text\"/>\";}i:5;a:11:{s:7:\"orgtype\";s:4:\"text\";s:8:\"orgwidth\";s:3:\"100\";s:8:\"orgalign\";s:4:\"left\";s:5:\"style\";s:31:\"text-align: left; width: 100px;\";s:7:\"orghide\";s:1:\"0\";s:12:\"leipiplugins\";s:4:\"text\";s:5:\"value\";s:0:\"\";s:5:\"title\";s:12:\"开案日期\";s:4:\"name\";s:6:\"data_6\";s:4:\"type\";s:4:\"text\";s:7:\"content\";s:182:\"<input orgtype=\"text\" orgwidth=\"100\" orgalign=\"left\" style=\"text-align: left; width: 100px;\" orghide=\"0\" leipiplugins=\"text\" value=\"\" title=\"开案日期\" name=\"data_6\" type=\"text\"/>\";}i:6;a:11:{s:7:\"orgtype\";s:4:\"text\";s:8:\"orgwidth\";s:3:\"100\";s:8:\"orgalign\";s:4:\"left\";s:5:\"style\";s:31:\"text-align: left; width: 100px;\";s:7:\"orghide\";s:1:\"0\";s:12:\"leipiplugins\";s:4:\"text\";s:5:\"value\";s:0:\"\";s:5:\"title\";s:18:\"预计完成日期\";s:4:\"name\";s:6:\"data_7\";s:4:\"type\";s:4:\"text\";s:7:\"content\";s:188:\"<input orgtype=\"text\" orgwidth=\"100\" orgalign=\"left\" style=\"text-align: left; width: 100px;\" orghide=\"0\" leipiplugins=\"text\" value=\"\" title=\"预计完成日期\" name=\"data_7\" type=\"text\"/>\";}i:7;a:11:{s:7:\"orgtype\";s:4:\"text\";s:8:\"orgwidth\";s:3:\"100\";s:8:\"orgalign\";s:4:\"left\";s:5:\"style\";s:31:\"text-align: left; width: 100px;\";s:7:\"orghide\";s:1:\"0\";s:12:\"leipiplugins\";s:4:\"text\";s:5:\"value\";s:0:\"\";s:5:\"title\";s:18:\"实际完成日期\";s:4:\"name\";s:6:\"data_8\";s:4:\"type\";s:4:\"text\";s:7:\"content\";s:188:\"<input orgtype=\"text\" orgwidth=\"100\" orgalign=\"left\" style=\"text-align: left; width: 100px;\" orghide=\"0\" leipiplugins=\"text\" value=\"\" title=\"实际完成日期\" name=\"data_8\" type=\"text\"/>\";}i:8;a:11:{s:7:\"orgtype\";s:4:\"text\";s:8:\"orgwidth\";s:3:\"100\";s:8:\"orgalign\";s:4:\"left\";s:5:\"style\";s:31:\"text-align: left; width: 100px;\";s:7:\"orghide\";s:1:\"0\";s:12:\"leipiplugins\";s:4:\"text\";s:5:\"value\";s:0:\"\";s:5:\"title\";s:21:\"专案成果报告书\";s:4:\"name\";s:6:\"data_9\";s:4:\"type\";s:4:\"text\";s:7:\"content\";s:191:\"<input orgtype=\"text\" orgwidth=\"100\" orgalign=\"left\" style=\"text-align: left; width: 100px;\" orghide=\"0\" leipiplugins=\"text\" value=\"\" title=\"专案成果报告书\" name=\"data_9\" type=\"text\"/>\";}}',`updatetime`='1444123131' WHERE `id` = 858 [ RunTime:0.0238s ]
NOTIC: [2] unlink(../Application/Runtime/Temp/21d9a5adf0e55158019e1c301ccb9502.php): No such file or directory /var/www/dzxt/s/tp/ThinkPHP/Library/Think/Cache/Driver/File.class.php 第 157 行.
INFO: [ app_end ] --START--
INFO: Run Behavior\ShowPageTraceBehavior [ RunTime:0.000038s ]
INFO: [ app_end ] --END-- [ RunTime:0.000068s ]

[ 2015-10-06T17:18:54+08:00 ] 113.94.20.202 /s/tp/wwwroot/index.php?s=/demo/formdesign/form_id/858.html
INFO: [ app_init ] --START--
INFO: Run Behavior\BuildLiteBehavior [ RunTime:0.000010s ]
INFO: [ app_init ] --END-- [ RunTime:0.000081s ]
INFO: [ app_begin ] --START--
INFO: Run Behavior\ReadHtmlCacheBehavior [ RunTime:0.000042s ]
INFO: [ app_begin ] --END-- [ RunTime:0.000072s ]
SQL: SHOW COLUMNS FROM `ht_form` [ RunTime:0.0009s ]
SQL: SELECT * FROM `ht_form` WHERE `id` = 858 AND `is_del` = 0 LIMIT 1   [ RunTime:0.0002s ]
INFO: [ app_end ] --START--
INFO: Run Behavior\ShowPageTraceBehavior [ RunTime:0.000038s ]
INFO: [ app_end ] --END-- [ RunTime:0.000068s ]

[ 2015-10-06T17:19:04+08:00 ] 113.94.20.202 /s/tp/wwwroot/index.php?s=/Home/Demo/add.html
INFO: [ app_init ] --START--
INFO: Run Behavior\BuildLiteBehavior [ RunTime:0.000010s ]
INFO: [ app_init ] --END-- [ RunTime:0.000080s ]
INFO: [ app_begin ] --START--
INFO: Run Behavior\ReadHtmlCacheBehavior [ RunTime:0.000037s ]
INFO: [ app_begin ] --END-- [ RunTime:0.000067s ]
SQL: SHOW COLUMNS FROM `ht_form` [ RunTime:0.0010s ]
SQL: INSERT INTO `ht_form` (`form_name`,`form_desc`,`updatetime`,`type`,`dateline`,`pid`,`creater_uid`) VALUES ('专案控管表','','1444123144','0','1444123144','617','176') [ RunTime:0.0224s ]
NOTIC: [2] unlink(../Application/Runtime/Temp/21d9a5adf0e55158019e1c301ccb9502.php): No such file or directory /var/www/dzxt/s/tp/ThinkPHP/Library/Think/Cache/Driver/File.class.php 第 157 行.
INFO: [ app_end ] --START--
INFO: Run Behavior\ShowPageTraceBehavior [ RunTime:0.000036s ]
INFO: [ app_end ] --END-- [ RunTime:0.000066s ]

[ 2015-10-06T17:19:07+08:00 ] 113.94.20.202 /s/tp/wwwroot/index.php?s=/demo/formdesign/form_id/859.html
INFO: [ app_init ] --START--
INFO: Run Behavior\BuildLiteBehavior [ RunTime:0.000010s ]
INFO: [ app_init ] --END-- [ RunTime:0.000088s ]
INFO: [ app_begin ] --START--
INFO: Run Behavior\ReadHtmlCacheBehavior [ RunTime:0.000040s ]
INFO: [ app_begin ] --END-- [ RunTime:0.000069s ]
SQL: SHOW COLUMNS FROM `ht_form` [ RunTime:0.0010s ]
SQL: SELECT * FROM `ht_form` WHERE `id` = 859 AND `is_del` = 0 LIMIT 1   [ RunTime:0.0002s ]
INFO: [ app_end ] --START--
INFO: Run Behavior\ShowPageTraceBehavior [ RunTime:0.000043s ]
INFO: [ app_end ] --END-- [ RunTime:0.000073s ]

[ 2015-10-06T17:20:38+08:00 ] 113.94.20.202 /s/tp/wwwroot/index.php?s=/demo/formdesign/
INFO: [ app_init ] --START--
INFO: Run Behavior\BuildLiteBehavior [ RunTime:0.000009s ]
INFO: [ app_init ] --END-- [ RunTime:0.000089s ]
INFO: [ app_begin ] --START--
INFO: Run Behavior\ReadHtmlCacheBehavior [ RunTime:0.000037s ]
INFO: [ app_begin ] --END-- [ RunTime:0.000066s ]
SQL: SHOW COLUMNS FROM `ht_form` [ RunTime:0.0009s ]
SQL: SELECT * FROM `ht_form` WHERE `id` = 859 AND `is_del` = 0 LIMIT 1   [ RunTime:0.0001s ]
SQL: show tables like 'ht_form_data_859' [ RunTime:0.0006s ]
SQL: CREATE TABLE `ht_form_data_859` (
              `id` int(10) unsigned NOT NULL AUTO_INCREMENT,
              `uid` int(10) unsigned NOT NULL DEFAULT '0',
              `foreign_id` int(10) unsigned NOT NULL DEFAULT '0',
              `data_1` varchar(255) NOT NULL DEFAULT '' comment '专案控管表',
              `is_del` tinyint(1) unsigned NOT NULL DEFAULT '0',
              `updatetime` int(10) unsigned NOT NULL DEFAULT '0',
              `dateline` int(10) unsigned NOT NULL DEFAULT '0',
              PRIMARY KEY (`id`),
              KEY `uid` (`uid`),
              KEY `foreign_id` (`foreign_id`)
            ) ENGINE=InnoDB DEFAULT CHARSET=utf8; [ RunTime:0.0389s ]
SQL: UPDATE `ht_form` SET `is_data_form`='0',`fields`='1',`content`='<h1 style=\"font-size: 32px; font-weight: bold; border-bottom: 2px solid rgb(204, 204, 204); padding: 0px 4px 0px 0px; text-align: center; margin: 0px 0px 20px;\" label=\"标题居中\">专案控管表</h1><p><input style=\"width: 100%;\" orghide=\"0\" orgfield=\"`data_1`,项目类别;`data_2`,专案项目名称;`data_3`,主要内容叙述;`data_4`,预计成果（成本和效果）;`data_5`,执行进度;`data_6`,开案日期;`data_7`,预计完成日期;`data_8`,实际完成日期;`data_9`,专案成果报告书\" orgformname=\"专案控管表副\" orgformid=\"858\" leipiplugins=\"sublist\" title=\"专案控管表\" value=\"{子列表}\" name=\"data_1\" type=\"text\"/></p>',`content_parse`='<h1 style=\"font-size: 32px; font-weight: bold; border-bottom: 2px solid rgb(204, 204, 204); padding: 0px 4px 0px 0px; text-align: center; margin: 0px 0px 20px;\" label=\"标题居中\">专案控管表</h1><p>{data_1}</p>',`content_data`='a:1:{i:0;a:11:{s:5:\"style\";s:12:\"width: 100%;\";s:7:\"orghide\";s:1:\"0\";s:8:\"orgfield\";s:251:\"`data_1`,项目类别;`data_2`,专案项目名称;`data_3`,主要内容叙述;`data_4`,预计成果（成本和效果）;`data_5`,执行进度;`data_6`,开案日期;`data_7`,预计完成日期;`data_8`,实际完成日期;`data_9`,专案成果报告书\";s:11:\"orgformname\";s:18:\"专案控管表副\";s:9:\"orgformid\";s:3:\"858\";s:12:\"leipiplugins\";s:7:\"sublist\";s:5:\"title\";s:15:\"专案控管表\";s:5:\"value\";s:11:\"{子列表}\";s:4:\"name\";s:6:\"data_1\";s:4:\"type\";s:4:\"text\";s:7:\"content\";s:446:\"<input style=\"width: 100%;\" orghide=\"0\" orgfield=\"`data_1`,项目类别;`data_2`,专案项目名称;`data_3`,主要内容叙述;`data_4`,预计成果（成本和效果）;`data_5`,执行进度;`data_6`,开案日期;`data_7`,预计完成日期;`data_8`,实际完成日期;`data_9`,专案成果报告书\" orgformname=\"专案控管表副\" orgformid=\"858\" leipiplugins=\"sublist\" title=\"专案控管表\" value=\"{子列表}\" name=\"data_1\" type=\"text\"/>\";}}',`updatetime`='1444123238' WHERE `id` = 859 [ RunTime:0.0278s ]
NOTIC: [2] unlink(../Application/Runtime/Temp/21d9a5adf0e55158019e1c301ccb9502.php): No such file or directory /var/www/dzxt/s/tp/ThinkPHP/Library/Think/Cache/Driver/File.class.php 第 157 行.
INFO: [ app_end ] --START--
INFO: Run Behavior\ShowPageTraceBehavior [ RunTime:0.000037s ]
INFO: [ app_end ] --END-- [ RunTime:0.000066s ]

[ 2015-10-06T17:20:40+08:00 ] 113.94.20.202 /s/tp/wwwroot/index.php?s=/demo/formdesign/form_id/859.html
INFO: [ app_init ] --START--
INFO: Run Behavior\BuildLiteBehavior [ RunTime:0.000009s ]
INFO: [ app_init ] --END-- [ RunTime:0.000071s ]
INFO: [ app_begin ] --START--
INFO: Run Behavior\ReadHtmlCacheBehavior [ RunTime:0.000033s ]
INFO: [ app_begin ] --END-- [ RunTime:0.000062s ]
SQL: SHOW COLUMNS FROM `ht_form` [ RunTime:0.0010s ]
SQL: SELECT * FROM `ht_form` WHERE `id` = 859 AND `is_del` = 0 LIMIT 1   [ RunTime:0.0002s ]
INFO: [ app_end ] --START--
INFO: Run Behavior\ShowPageTraceBehavior [ RunTime:0.000033s ]
INFO: [ app_end ] --END-- [ RunTime:0.000063s ]

[ 2015-10-06T17:50:01+08:00 ] 113.94.20.202 /s/tp/wwwroot/index.php/Home/Demodata/view3/form_id/328/id/43
INFO: [ app_init ] --START--
INFO: Run Behavior\BuildLiteBehavior [ RunTime:0.000010s ]
INFO: [ app_init ] --END-- [ RunTime:0.000080s ]
INFO: [ app_begin ] --START--
INFO: Run Behavior\ReadHtmlCacheBehavior [ RunTime:0.000036s ]
INFO: [ app_begin ] --END-- [ RunTime:0.000068s ]
SQL: SHOW COLUMNS FROM `ht_form` [ RunTime:0.0010s ]
SQL: SELECT * FROM `ht_form` WHERE `id` = 328 AND `is_del` = 0 LIMIT 1   [ RunTime:0.0001s ]
SQL: SHOW COLUMNS FROM `ht_form_data_328` [ RunTime:0.0010s ]
SQL: SELECT * FROM `ht_form_data_328` WHERE `id` = 43 AND `is_del` = 0 LIMIT 1   [ RunTime:0.0003s ]
INFO: [ view_parse ] --START--
INFO: [ template_filter ] --START--
INFO: Run Behavior\ContentReplaceBehavior [ RunTime:0.000034s ]
INFO: [ template_filter ] --END-- [ RunTime:0.000067s ]
INFO: Run Behavior\ParseTemplateBehavior [ RunTime:0.002416s ]
INFO: [ view_parse ] --END-- [ RunTime:0.002454s ]
INFO: [ view_filter ] --START--
INFO: Run Behavior\WriteHtmlCacheBehavior [ RunTime:0.000038s ]
INFO: [ view_filter ] --END-- [ RunTime:0.000066s ]
INFO: [ app_end ] --START--
INFO: Run Behavior\ShowPageTraceBehavior [ RunTime:0.000039s ]
INFO: [ app_end ] --END-- [ RunTime:0.000067s ]

