[ 2015-11-26T15:06:27+08:00 ] 127.0.0.1 /s/tp/wwwroot/index.php?s=/Home/Demo/add.html
INFO: [ app_init ] --START--
INFO: Run Behavior\BuildLiteBehavior [ RunTime:0.000000s ]
INFO: [ app_init ] --END-- [ RunTime:0.000976s ]
INFO: [ app_begin ] --START--
INFO: Run Behavior\ReadHtmlCacheBehavior [ RunTime:0.000977s ]
INFO: [ app_begin ] --END-- [ RunTime:0.000977s ]
SQL: SHOW COLUMNS FROM `ht_form` [ RunTime:0.0117s ]
SQL: INSERT INTO `ht_form` (`form_name`,`form_desc`,`updatetime`,`type`,`dateline`,`pid`,`creater_uid`) VALUES ('6789','','1448521587','0','1448521587','56','79') [ RunTime:0.0098s ]
NOTIC: [2] unlink(../Application/Runtime/Temp/21d9a5adf0e55158019e1c301ccb9502.php): No such file or directory D:\wamp64\www\dzxt\s\tp\ThinkPHP\Library\Think\Cache\Driver\File.class.php 第 157 行.
INFO: [ app_end ] --START--
INFO: Run Behavior\ShowPageTraceBehavior [ RunTime:0.000976s ]
INFO: [ app_end ] --END-- [ RunTime:0.001953s ]

[ 2015-11-26T15:06:49+08:00 ] 127.0.0.1 /s/tp/wwwroot/index.php?s=/demo/formdesign/form_id/278.html
INFO: [ app_init ] --START--
INFO: Run Behavior\BuildLiteBehavior [ RunTime:0.000000s ]
INFO: [ app_init ] --END-- [ RunTime:0.000976s ]
INFO: [ app_begin ] --START--
INFO: Run Behavior\ReadHtmlCacheBehavior [ RunTime:0.000977s ]
INFO: [ app_begin ] --END-- [ RunTime:0.000977s ]
SQL: SHOW COLUMNS FROM `ht_form` [ RunTime:0.0039s ]
SQL: SELECT * FROM `ht_form` WHERE `id` = 278 AND `is_del` = 0 LIMIT 1   [ RunTime:0.0010s ]
INFO: [ app_end ] --START--
INFO: Run Behavior\ShowPageTraceBehavior [ RunTime:0.000977s ]
INFO: [ app_end ] --END-- [ RunTime:0.000977s ]

[ 2015-11-26T16:30:06+08:00 ] 127.0.0.1 /s/tp/wwwroot/index.php?s=/Home/Demo/add.html
INFO: [ app_init ] --START--
INFO: Run Behavior\BuildLiteBehavior [ RunTime:0.000000s ]
INFO: [ app_init ] --END-- [ RunTime:0.001953s ]
INFO: [ app_begin ] --START--
INFO: Run Behavior\ReadHtmlCacheBehavior [ RunTime:0.001953s ]
INFO: [ app_begin ] --END-- [ RunTime:0.001953s ]
SQL: SHOW COLUMNS FROM `ht_form` [ RunTime:0.0107s ]
SQL: INSERT INTO `ht_form` (`form_name`,`form_desc`,`updatetime`,`type`,`dateline`,`pid`,`creater_uid`) VALUES ('yuyuyuyuyu88','','1448526606','0','1448526606','244','79') [ RunTime:0.0088s ]
NOTIC: [2] unlink(../Application/Runtime/Temp/21d9a5adf0e55158019e1c301ccb9502.php): No such file or directory D:\wamp64\www\dzxt\s\tp\ThinkPHP\Library\Think\Cache\Driver\File.class.php 第 157 行.
INFO: [ app_end ] --START--
INFO: Run Behavior\ShowPageTraceBehavior [ RunTime:0.000976s ]
INFO: [ app_end ] --END-- [ RunTime:0.000976s ]

