[ 2016-02-27T09:47:52+08:00 ] 14.208.190.192 /s/tp/wwwroot/index.php?s=/Home/Demo/add.html
INFO: [ app_init ] --START--
INFO: Run Behavior\BuildLiteBehavior [ RunTime:0.000023s ]
INFO: [ app_init ] --END-- [ RunTime:0.006403s ]
INFO: [ app_begin ] --START--
INFO: Run Behavior\ReadHtmlCacheBehavior [ RunTime:0.000982s ]
INFO: [ app_begin ] --END-- [ RunTime:0.001057s ]
SQL: SHOW COLUMNS FROM `ht_form` [ RunTime:0.0009s ]
SQL: INSERT INTO `ht_form` (`form_name`,`form_desc`,`updatetime`,`type`,`dateline`,`pid`,`creater_uid`) VALUES ('研发每日工作报表','','1456537672','0','1456537672','1213','176') [ RunTime:0.0272s ]
NOTIC: [2] unlink(../Application/Runtime/Temp/21d9a5adf0e55158019e1c301ccb9502.php): No such file or directory /var/www/dzxt/s/tp/ThinkPHP/Library/Think/Cache/Driver/File.class.php 第 157 行.
INFO: [ app_end ] --START--
INFO: Run Behavior\ShowPageTraceBehavior [ RunTime:0.008869s ]
INFO: [ app_end ] --END-- [ RunTime:0.008946s ]

[ 2016-02-27T09:49:58+08:00 ] 14.208.190.192 /s/tp/wwwroot/index.php?s=/demo/formdesign/form_id/1924.html
INFO: [ app_init ] --START--
INFO: Run Behavior\BuildLiteBehavior [ RunTime:0.000022s ]
INFO: [ app_init ] --END-- [ RunTime:0.000156s ]
INFO: [ app_begin ] --START--
INFO: Run Behavior\ReadHtmlCacheBehavior [ RunTime:0.000073s ]
INFO: [ app_begin ] --END-- [ RunTime:0.000144s ]
SQL: SHOW COLUMNS FROM `ht_form` [ RunTime:0.0009s ]
SQL: SELECT * FROM `ht_form` WHERE `id` = 1924 AND `is_del` = 0 LIMIT 1   [ RunTime:0.0003s ]
INFO: [ app_end ] --START--
INFO: Run Behavior\ShowPageTraceBehavior [ RunTime:0.000086s ]
INFO: [ app_end ] --END-- [ RunTime:0.000156s ]

[ 2016-02-27T10:59:26+08:00 ] 14.208.190.192 /s/tp/wwwroot/index.php?s=/demo/formdesign/
INFO: [ app_init ] --START--
INFO: Run Behavior\BuildLiteBehavior [ RunTime:0.000022s ]
INFO: [ app_init ] --END-- [ RunTime:0.000179s ]
INFO: [ app_begin ] --START--
INFO: Run Behavior\ReadHtmlCacheBehavior [ RunTime:0.000068s ]
INFO: [ app_begin ] --END-- [ RunTime:0.000149s ]
SQL: SHOW COLUMNS FROM `ht_form` [ RunTime:0.0008s ]
SQL: SELECT * FROM `ht_form` WHERE `id` = 1924 AND `is_del` = 0 LIMIT 1   [ RunTime:0.0001s ]
SQL: show tables like 'ht_form_data_1924' [ RunTime:0.0015s ]
SQL: CREATE TABLE `ht_form_data_1924` (
              `id` int(10) unsigned NOT NULL AUTO_INCREMENT,
              `uid` int(10) unsigned NOT NULL DEFAULT '0',
              `foreign_id` int(10) unsigned NOT NULL DEFAULT '0',
              `data_1` varchar(255) NOT NULL DEFAULT '' comment '日期',`data_2` varchar(255) NOT NULL DEFAULT '' comment '部门',`data_3` varchar(255) NOT NULL DEFAULT '' comment '职位',`data_4` varchar(255) NOT NULL DEFAULT '' comment '姓名',`data_5` varchar(255) NOT NULL DEFAULT '' comment '项目名称',`data_6` text NOT NULL comment '模块',`data_7` text NOT NULL comment '页面',`data_8` text NOT NULL comment '功能',`data_9` text NOT NULL comment '方法',
              `is_del` tinyint(1) unsigned NOT NULL DEFAULT '0',
              `updatetime` int(10) unsigned NOT NULL DEFAULT '0',
              `dateline` int(10) unsigned NOT NULL DEFAULT '0',
              PRIMARY KEY (`id`),
              KEY `uid` (`uid`),
              KEY `foreign_id` (`foreign_id`)
            ) ENGINE=InnoDB DEFAULT CHARSET=utf8; [ RunTime:0.0388s ]
SQL: UPDATE `ht_form` SET `is_data_form`='1',`fields`='9',`content`='<h1 style=\"font-size: 32px; font-weight: bold; border-bottom: 2px solid rgb(204, 204, 204); padding: 0px 4px 0px 0px; text-align: center; margin: 0px 0px 20px;\" label=\"标题居中\">研发每日工作报表</h1><p>日期<input orgtype=\"text\" orgwidth=\"100\" orgalign=\"left\" style=\"text-align: left; width: 100px;\" orghide=\"0\" leipiplugins=\"text\" value=\"\" title=\"日期\" name=\"data_1\" type=\"text\"/>&nbsp;&nbsp; 部门<input orgtype=\"text\" orgwidth=\"100\" orgalign=\"left\" style=\"text-align: left; width: 100px;\" orghide=\"0\" leipiplugins=\"text\" value=\"\" title=\"部门\" name=\"data_2\" type=\"text\"/>&nbsp;&nbsp; 职位<input orgtype=\"text\" orgwidth=\"100\" orgalign=\"left\" style=\"text-align: left; width: 100px;\" orghide=\"0\" leipiplugins=\"text\" value=\"\" title=\"职位\" name=\"data_3\" type=\"text\"/>&nbsp;&nbsp; 姓名<input orgtype=\"text\" orgwidth=\"100\" orgalign=\"left\" style=\"text-align: left; width: 100px;\" orghide=\"0\" leipiplugins=\"text\" value=\"\" title=\"姓名\" name=\"data_4\" type=\"text\"/>&nbsp;&nbsp; 项目名称<input orgtype=\"text\" orgwidth=\"200\" orgalign=\"left\" style=\"text-align: left; width: 200px;\" orghide=\"0\" leipiplugins=\"text\" value=\"\" title=\"项目名称\" name=\"data_5\" type=\"text\"/></p><table data-sort=\"sortDisabled\"><tbody><tr class=\"firstRow\"><td style=\"word-break: break-all;\" align=\"center\" valign=\"middle\" width=\"211\"><strong>模块<br/></strong></td><td style=\"word-break: break-all;\" align=\"center\" valign=\"middle\" width=\"211\"><strong>页面<br/></strong></td><td style=\"word-break: break-all;\" align=\"center\" valign=\"middle\" width=\"211\"><strong>功能<br/></strong></td><td style=\"word-break: break-all;\" align=\"center\" valign=\"middle\" width=\"211\"><strong>方法<br/></strong></td></tr><tr><td valign=\"top\" width=\"211\"><textarea title=\"模块\" name=\"data_6\" leipiplugins=\"textarea\" value=\"\" orgrich=\"0\" orgfontsize=\"\" orgwidth=\"200\" orgheight=\"90\" style=\"width: 200px; height: 90px;\"></textarea></td><td valign=\"top\" width=\"211\"><textarea title=\"页面\" name=\"data_7\" leipiplugins=\"textarea\" value=\"\" orgrich=\"0\" orgfontsize=\"\" orgwidth=\"200\" orgheight=\"90\" style=\"width: 200px; height: 90px;\"></textarea></td><td valign=\"top\" width=\"211\"><textarea title=\"功能\" name=\"data_8\" leipiplugins=\"textarea\" value=\"\" orgrich=\"0\" orgfontsize=\"\" orgwidth=\"200\" orgheight=\"90\" style=\"width: 200px; height: 90px;\"></textarea></td><td valign=\"top\" width=\"211\"><textarea title=\"方法\" name=\"data_9\" leipiplugins=\"textarea\" value=\"\" orgrich=\"0\" orgfontsize=\"\" orgwidth=\"200\" orgheight=\"90\" style=\"width: 200px; height: 90px;\"></textarea></td></tr><tr><td style=\"word-break: break-all;\" colspan=\"4\" rowspan=\"1\" valign=\"top\">备注：每天工作进度量化填写此表格。<br/></td></tr></tbody></table><p><br/></p>',`content_parse`='<h1 style=\"font-size: 32px; font-weight: bold; border-bottom: 2px solid rgb(204, 204, 204); padding: 0px 4px 0px 0px; text-align: center; margin: 0px 0px 20px;\" label=\"标题居中\">研发每日工作报表</h1><p>日期{data_1}&nbsp;&nbsp; 部门{data_2}&nbsp;&nbsp; 职位{data_3}&nbsp;&nbsp; 姓名{data_4}&nbsp;&nbsp; 项目名称{data_5}</p><table data-sort=\"sortDisabled\"><tbody><tr class=\"firstRow\"><td style=\"word-break: break-all;\" align=\"center\" valign=\"middle\" width=\"211\"><strong>模块<br/></strong></td><td style=\"word-break: break-all;\" align=\"center\" valign=\"middle\" width=\"211\"><strong>页面<br/></strong></td><td style=\"word-break: break-all;\" align=\"center\" valign=\"middle\" width=\"211\"><strong>功能<br/></strong></td><td style=\"word-break: break-all;\" align=\"center\" valign=\"middle\" width=\"211\"><strong>方法<br/></strong></td></tr><tr><td valign=\"top\" width=\"211\">{data_6}</td><td valign=\"top\" width=\"211\">{data_7}</td><td valign=\"top\" width=\"211\">{data_8}</td><td valign=\"top\" width=\"211\">{data_9}</td></tr><tr><td style=\"word-break: break-all;\" colspan=\"4\" rowspan=\"1\" valign=\"top\">备注：每天工作进度量化填写此表格。<br/></td></tr></tbody></table><p><br/></p>',`content_data`='a:9:{i:0;a:11:{s:7:\"orgtype\";s:4:\"text\";s:8:\"orgwidth\";s:3:\"100\";s:8:\"orgalign\";s:4:\"left\";s:5:\"style\";s:31:\"text-align: left; width: 100px;\";s:7:\"orghide\";s:1:\"0\";s:12:\"leipiplugins\";s:4:\"text\";s:5:\"value\";s:0:\"\";s:5:\"title\";s:6:\"日期\";s:4:\"name\";s:6:\"data_1\";s:4:\"type\";s:4:\"text\";s:7:\"content\";s:176:\"<input orgtype=\"text\" orgwidth=\"100\" orgalign=\"left\" style=\"text-align: left; width: 100px;\" orghide=\"0\" leipiplugins=\"text\" value=\"\" title=\"日期\" name=\"data_1\" type=\"text\"/>\";}i:1;a:11:{s:7:\"orgtype\";s:4:\"text\";s:8:\"orgwidth\";s:3:\"100\";s:8:\"orgalign\";s:4:\"left\";s:5:\"style\";s:31:\"text-align: left; width: 100px;\";s:7:\"orghide\";s:1:\"0\";s:12:\"leipiplugins\";s:4:\"text\";s:5:\"value\";s:0:\"\";s:5:\"title\";s:6:\"部门\";s:4:\"name\";s:6:\"data_2\";s:4:\"type\";s:4:\"text\";s:7:\"content\";s:176:\"<input orgtype=\"text\" orgwidth=\"100\" orgalign=\"left\" style=\"text-align: left; width: 100px;\" orghide=\"0\" leipiplugins=\"text\" value=\"\" title=\"部门\" name=\"data_2\" type=\"text\"/>\";}i:2;a:11:{s:7:\"orgtype\";s:4:\"text\";s:8:\"orgwidth\";s:3:\"100\";s:8:\"orgalign\";s:4:\"left\";s:5:\"style\";s:31:\"text-align: left; width: 100px;\";s:7:\"orghide\";s:1:\"0\";s:12:\"leipiplugins\";s:4:\"text\";s:5:\"value\";s:0:\"\";s:5:\"title\";s:6:\"职位\";s:4:\"name\";s:6:\"data_3\";s:4:\"type\";s:4:\"text\";s:7:\"content\";s:176:\"<input orgtype=\"text\" orgwidth=\"100\" orgalign=\"left\" style=\"text-align: left; width: 100px;\" orghide=\"0\" leipiplugins=\"text\" value=\"\" title=\"职位\" name=\"data_3\" type=\"text\"/>\";}i:3;a:11:{s:7:\"orgtype\";s:4:\"text\";s:8:\"orgwidth\";s:3:\"100\";s:8:\"orgalign\";s:4:\"left\";s:5:\"style\";s:31:\"text-align: left; width: 100px;\";s:7:\"orghide\";s:1:\"0\";s:12:\"leipiplugins\";s:4:\"text\";s:5:\"value\";s:0:\"\";s:5:\"title\";s:6:\"姓名\";s:4:\"name\";s:6:\"data_4\";s:4:\"type\";s:4:\"text\";s:7:\"content\";s:176:\"<input orgtype=\"text\" orgwidth=\"100\" orgalign=\"left\" style=\"text-align: left; width: 100px;\" orghide=\"0\" leipiplugins=\"text\" value=\"\" title=\"姓名\" name=\"data_4\" type=\"text\"/>\";}i:4;a:11:{s:7:\"orgtype\";s:4:\"text\";s:8:\"orgwidth\";s:3:\"200\";s:8:\"orgalign\";s:4:\"left\";s:5:\"style\";s:31:\"text-align: left; width: 200px;\";s:7:\"orghide\";s:1:\"0\";s:12:\"leipiplugins\";s:4:\"text\";s:5:\"value\";s:0:\"\";s:5:\"title\";s:12:\"项目名称\";s:4:\"name\";s:6:\"data_5\";s:4:\"type\";s:4:\"text\";s:7:\"content\";s:182:\"<input orgtype=\"text\" orgwidth=\"200\" orgalign=\"left\" style=\"text-align: left; width: 200px;\" orghide=\"0\" leipiplugins=\"text\" value=\"\" title=\"项目名称\" name=\"data_5\" type=\"text\"/>\";}i:5;a:10:{s:5:\"title\";s:6:\"模块\";s:4:\"name\";s:6:\"data_6\";s:12:\"leipiplugins\";s:8:\"textarea\";s:5:\"value\";s:0:\"\";s:7:\"orgrich\";s:1:\"0\";s:11:\"orgfontsize\";s:0:\"\";s:8:\"orgwidth\";s:3:\"200\";s:9:\"orgheight\";s:2:\"90\";s:5:\"style\";s:27:\"width: 200px; height: 90px;\";s:7:\"content\";s:176:\"<textarea title=\"模块\" name=\"data_6\" leipiplugins=\"textarea\" value=\"\" orgrich=\"0\" orgfontsize=\"\" orgwidth=\"200\" orgheight=\"90\" style=\"width: 200px; height: 90px;\"></textarea>\";}i:6;a:10:{s:5:\"title\";s:6:\"页面\";s:4:\"name\";s:6:\"data_7\";s:12:\"leipiplugins\";s:8:\"textarea\";s:5:\"value\";s:0:\"\";s:7:\"orgrich\";s:1:\"0\";s:11:\"orgfontsize\";s:0:\"\";s:8:\"orgwidth\";s:3:\"200\";s:9:\"orgheight\";s:2:\"90\";s:5:\"style\";s:27:\"width: 200px; height: 90px;\";s:7:\"content\";s:176:\"<textarea title=\"页面\" name=\"data_7\" leipiplugins=\"textarea\" value=\"\" orgrich=\"0\" orgfontsize=\"\" orgwidth=\"200\" orgheight=\"90\" style=\"width: 200px; height: 90px;\"></textarea>\";}i:7;a:10:{s:5:\"title\";s:6:\"功能\";s:4:\"name\";s:6:\"data_8\";s:12:\"leipiplugins\";s:8:\"textarea\";s:5:\"value\";s:0:\"\";s:7:\"orgrich\";s:1:\"0\";s:11:\"orgfontsize\";s:0:\"\";s:8:\"orgwidth\";s:3:\"200\";s:9:\"orgheight\";s:2:\"90\";s:5:\"style\";s:27:\"width: 200px; height: 90px;\";s:7:\"content\";s:176:\"<textarea title=\"功能\" name=\"data_8\" leipiplugins=\"textarea\" value=\"\" orgrich=\"0\" orgfontsize=\"\" orgwidth=\"200\" orgheight=\"90\" style=\"width: 200px; height: 90px;\"></textarea>\";}i:8;a:10:{s:5:\"title\";s:6:\"方法\";s:4:\"name\";s:6:\"data_9\";s:12:\"leipiplugins\";s:8:\"textarea\";s:5:\"value\";s:0:\"\";s:7:\"orgrich\";s:1:\"0\";s:11:\"orgfontsize\";s:0:\"\";s:8:\"orgwidth\";s:3:\"200\";s:9:\"orgheight\";s:2:\"90\";s:5:\"style\";s:27:\"width: 200px; height: 90px;\";s:7:\"content\";s:176:\"<textarea title=\"方法\" name=\"data_9\" leipiplugins=\"textarea\" value=\"\" orgrich=\"0\" orgfontsize=\"\" orgwidth=\"200\" orgheight=\"90\" style=\"width: 200px; height: 90px;\"></textarea>\";}}',`updatetime`='1456541966' WHERE `id` = 1924 [ RunTime:0.0354s ]
NOTIC: [2] unlink(../Application/Runtime/Temp/21d9a5adf0e55158019e1c301ccb9502.php): No such file or directory /var/www/dzxt/s/tp/ThinkPHP/Library/Think/Cache/Driver/File.class.php 第 157 行.
INFO: [ app_end ] --START--
INFO: Run Behavior\ShowPageTraceBehavior [ RunTime:0.000067s ]
INFO: [ app_end ] --END-- [ RunTime:0.000139s ]

[ 2016-02-27T10:59:29+08:00 ] 14.208.190.192 /s/tp/wwwroot/index.php?s=/demo/formdesign/form_id/1924.html
INFO: [ app_init ] --START--
INFO: Run Behavior\BuildLiteBehavior [ RunTime:0.000020s ]
INFO: [ app_init ] --END-- [ RunTime:0.000153s ]
INFO: [ app_begin ] --START--
INFO: Run Behavior\ReadHtmlCacheBehavior [ RunTime:0.000073s ]
INFO: [ app_begin ] --END-- [ RunTime:0.000145s ]
SQL: SHOW COLUMNS FROM `ht_form` [ RunTime:0.0009s ]
SQL: SELECT * FROM `ht_form` WHERE `id` = 1924 AND `is_del` = 0 LIMIT 1   [ RunTime:0.0003s ]
INFO: [ app_end ] --START--
INFO: Run Behavior\ShowPageTraceBehavior [ RunTime:0.000106s ]
INFO: [ app_end ] --END-- [ RunTime:0.000178s ]

[ 2016-02-27T11:01:01+08:00 ] 14.208.190.192 /s/tp/wwwroot/index.php?s=/demo/formdesign/
INFO: [ app_init ] --START--
INFO: Run Behavior\BuildLiteBehavior [ RunTime:0.000021s ]
INFO: [ app_init ] --END-- [ RunTime:0.000159s ]
INFO: [ app_begin ] --START--
INFO: Run Behavior\ReadHtmlCacheBehavior [ RunTime:0.000067s ]
INFO: [ app_begin ] --END-- [ RunTime:0.000174s ]
SQL: SHOW COLUMNS FROM `ht_form` [ RunTime:0.0009s ]
SQL: SELECT * FROM `ht_form` WHERE `id` = 1924 AND `is_del` = 0 LIMIT 1   [ RunTime:0.0001s ]
SQL: show tables like 'ht_form_data_1924' [ RunTime:0.0015s ]
SQL: SHOW COLUMNS FROM `ht_form_data_1924` [ RunTime:0.0007s ]
SQL: ALTER TABLE `ht_form_data_1924`  CHANGE `data_1` `data_1` varchar(255) NOT NULL DEFAULT '' COMMENT '日期', CHANGE `data_2` `data_2` varchar(255) NOT NULL DEFAULT '' COMMENT '部门', CHANGE `data_3` `data_3` varchar(255) NOT NULL DEFAULT '' COMMENT '职位', CHANGE `data_4` `data_4` varchar(255) NOT NULL DEFAULT '' COMMENT '姓名', CHANGE `data_5` `data_5` varchar(255) NOT NULL DEFAULT '' COMMENT '项目名称', CHANGE `data_6` `data_6` text NOT NULL COMMENT '模块', CHANGE `data_7` `data_7` text NOT NULL COMMENT '页面', CHANGE `data_8` `data_8` text NOT NULL COMMENT '功能', CHANGE `data_9` `data_9` text NOT NULL COMMENT '方法'; [ RunTime:0.0136s ]
SQL: UPDATE `ht_form` SET `is_data_form`='1',`fields`='9',`content`='<h1 style=\"font-size: 32px; font-weight: bold; border-bottom: 2px solid rgb(204, 204, 204); padding: 0px 4px 0px 0px; text-align: center; margin: 0px 0px 20px;\" label=\"标题居中\">研发每日工作报表</h1><p>日期<input orgtype=\"text\" orgwidth=\"100\" orgalign=\"left\" style=\"text-align: left; width: 100px;\" orghide=\"0\" leipiplugins=\"text\" value=\"\" title=\"日期\" name=\"data_1\" type=\"text\"/>&nbsp;&nbsp; 部门<input orgtype=\"text\" orgwidth=\"100\" orgalign=\"left\" style=\"text-align: left; width: 100px;\" orghide=\"0\" leipiplugins=\"text\" value=\"\" title=\"部门\" name=\"data_2\" type=\"text\"/>&nbsp;&nbsp; 职位<input orgtype=\"text\" orgwidth=\"100\" orgalign=\"left\" style=\"text-align: left; width: 100px;\" orghide=\"0\" leipiplugins=\"text\" value=\"\" title=\"职位\" name=\"data_3\" type=\"text\"/>&nbsp;&nbsp; 姓名<input orgtype=\"text\" orgwidth=\"100\" orgalign=\"left\" style=\"text-align: left; width: 100px;\" orghide=\"0\" leipiplugins=\"text\" value=\"\" title=\"姓名\" name=\"data_4\" type=\"text\"/>&nbsp;&nbsp; 项目名称<input orgtype=\"text\" orgwidth=\"200\" orgalign=\"left\" style=\"text-align: left; width: 200px;\" orghide=\"0\" leipiplugins=\"text\" value=\"\" title=\"项目名称\" name=\"data_5\" type=\"text\"/></p><table data-sort=\"sortDisabled\"><tbody><tr class=\"firstRow\"><td style=\"word-break: break-all;\" align=\"center\" valign=\"middle\" width=\"211\"><strong>模块<br/></strong></td><td style=\"word-break: break-all;\" align=\"center\" valign=\"middle\" width=\"211\"><strong>页面<br/></strong></td><td style=\"word-break: break-all;\" align=\"center\" valign=\"middle\" width=\"211\"><strong>功能<br/></strong></td><td style=\"word-break: break-all;\" align=\"center\" valign=\"middle\" width=\"211\"><strong>方法<br/></strong></td></tr><tr><td valign=\"top\" width=\"211\"><textarea title=\"模块\" name=\"data_6\" leipiplugins=\"textarea\" value=\"\" orgrich=\"0\" orgfontsize=\"\" orgwidth=\"200\" orgheight=\"90\" style=\"width: 200px; height: 90px;\"></textarea></td><td valign=\"top\" width=\"211\"><textarea title=\"页面\" name=\"data_7\" leipiplugins=\"textarea\" value=\"\" orgrich=\"0\" orgfontsize=\"\" orgwidth=\"200\" orgheight=\"90\" style=\"width: 200px; height: 90px;\"></textarea></td><td valign=\"top\" width=\"211\"><textarea title=\"功能\" name=\"data_8\" leipiplugins=\"textarea\" value=\"\" orgrich=\"0\" orgfontsize=\"\" orgwidth=\"200\" orgheight=\"90\" style=\"width: 200px; height: 90px;\"></textarea></td><td valign=\"top\" width=\"211\"><textarea title=\"方法\" name=\"data_9\" leipiplugins=\"textarea\" value=\"\" orgrich=\"0\" orgfontsize=\"\" orgwidth=\"200\" orgheight=\"90\" style=\"width: 200px; height: 90px;\"></textarea></td></tr><tr><td style=\"word-break: break-all;\" colspan=\"4\" rowspan=\"1\" valign=\"top\">备注：每天工作进度量化填写此表格。<br/></td></tr></tbody></table><p><br/></p>',`content_parse`='<h1 style=\"font-size: 32px; font-weight: bold; border-bottom: 2px solid rgb(204, 204, 204); padding: 0px 4px 0px 0px; text-align: center; margin: 0px 0px 20px;\" label=\"标题居中\">研发每日工作报表</h1><p>日期{data_1}&nbsp;&nbsp; 部门{data_2}&nbsp;&nbsp; 职位{data_3}&nbsp;&nbsp; 姓名{data_4}&nbsp;&nbsp; 项目名称{data_5}</p><table data-sort=\"sortDisabled\"><tbody><tr class=\"firstRow\"><td style=\"word-break: break-all;\" align=\"center\" valign=\"middle\" width=\"211\"><strong>模块<br/></strong></td><td style=\"word-break: break-all;\" align=\"center\" valign=\"middle\" width=\"211\"><strong>页面<br/></strong></td><td style=\"word-break: break-all;\" align=\"center\" valign=\"middle\" width=\"211\"><strong>功能<br/></strong></td><td style=\"word-break: break-all;\" align=\"center\" valign=\"middle\" width=\"211\"><strong>方法<br/></strong></td></tr><tr><td valign=\"top\" width=\"211\">{data_6}</td><td valign=\"top\" width=\"211\">{data_7}</td><td valign=\"top\" width=\"211\">{data_8}</td><td valign=\"top\" width=\"211\">{data_9}</td></tr><tr><td style=\"word-break: break-all;\" colspan=\"4\" rowspan=\"1\" valign=\"top\">备注：每天工作进度量化填写此表格。<br/></td></tr></tbody></table><p><br/></p>',`content_data`='a:9:{i:0;a:11:{s:7:\"orgtype\";s:4:\"text\";s:8:\"orgwidth\";s:3:\"100\";s:8:\"orgalign\";s:4:\"left\";s:5:\"style\";s:31:\"text-align: left; width: 100px;\";s:7:\"orghide\";s:1:\"0\";s:12:\"leipiplugins\";s:4:\"text\";s:5:\"value\";s:0:\"\";s:5:\"title\";s:6:\"日期\";s:4:\"name\";s:6:\"data_1\";s:4:\"type\";s:4:\"text\";s:7:\"content\";s:176:\"<input orgtype=\"text\" orgwidth=\"100\" orgalign=\"left\" style=\"text-align: left; width: 100px;\" orghide=\"0\" leipiplugins=\"text\" value=\"\" title=\"日期\" name=\"data_1\" type=\"text\"/>\";}i:1;a:11:{s:7:\"orgtype\";s:4:\"text\";s:8:\"orgwidth\";s:3:\"100\";s:8:\"orgalign\";s:4:\"left\";s:5:\"style\";s:31:\"text-align: left; width: 100px;\";s:7:\"orghide\";s:1:\"0\";s:12:\"leipiplugins\";s:4:\"text\";s:5:\"value\";s:0:\"\";s:5:\"title\";s:6:\"部门\";s:4:\"name\";s:6:\"data_2\";s:4:\"type\";s:4:\"text\";s:7:\"content\";s:176:\"<input orgtype=\"text\" orgwidth=\"100\" orgalign=\"left\" style=\"text-align: left; width: 100px;\" orghide=\"0\" leipiplugins=\"text\" value=\"\" title=\"部门\" name=\"data_2\" type=\"text\"/>\";}i:2;a:11:{s:7:\"orgtype\";s:4:\"text\";s:8:\"orgwidth\";s:3:\"100\";s:8:\"orgalign\";s:4:\"left\";s:5:\"style\";s:31:\"text-align: left; width: 100px;\";s:7:\"orghide\";s:1:\"0\";s:12:\"leipiplugins\";s:4:\"text\";s:5:\"value\";s:0:\"\";s:5:\"title\";s:6:\"职位\";s:4:\"name\";s:6:\"data_3\";s:4:\"type\";s:4:\"text\";s:7:\"content\";s:176:\"<input orgtype=\"text\" orgwidth=\"100\" orgalign=\"left\" style=\"text-align: left; width: 100px;\" orghide=\"0\" leipiplugins=\"text\" value=\"\" title=\"职位\" name=\"data_3\" type=\"text\"/>\";}i:3;a:11:{s:7:\"orgtype\";s:4:\"text\";s:8:\"orgwidth\";s:3:\"100\";s:8:\"orgalign\";s:4:\"left\";s:5:\"style\";s:31:\"text-align: left; width: 100px;\";s:7:\"orghide\";s:1:\"0\";s:12:\"leipiplugins\";s:4:\"text\";s:5:\"value\";s:0:\"\";s:5:\"title\";s:6:\"姓名\";s:4:\"name\";s:6:\"data_4\";s:4:\"type\";s:4:\"text\";s:7:\"content\";s:176:\"<input orgtype=\"text\" orgwidth=\"100\" orgalign=\"left\" style=\"text-align: left; width: 100px;\" orghide=\"0\" leipiplugins=\"text\" value=\"\" title=\"姓名\" name=\"data_4\" type=\"text\"/>\";}i:4;a:11:{s:7:\"orgtype\";s:4:\"text\";s:8:\"orgwidth\";s:3:\"200\";s:8:\"orgalign\";s:4:\"left\";s:5:\"style\";s:31:\"text-align: left; width: 200px;\";s:7:\"orghide\";s:1:\"0\";s:12:\"leipiplugins\";s:4:\"text\";s:5:\"value\";s:0:\"\";s:5:\"title\";s:12:\"项目名称\";s:4:\"name\";s:6:\"data_5\";s:4:\"type\";s:4:\"text\";s:7:\"content\";s:182:\"<input orgtype=\"text\" orgwidth=\"200\" orgalign=\"left\" style=\"text-align: left; width: 200px;\" orghide=\"0\" leipiplugins=\"text\" value=\"\" title=\"项目名称\" name=\"data_5\" type=\"text\"/>\";}i:5;a:10:{s:5:\"title\";s:6:\"模块\";s:4:\"name\";s:6:\"data_6\";s:12:\"leipiplugins\";s:8:\"textarea\";s:5:\"value\";s:0:\"\";s:7:\"orgrich\";s:1:\"0\";s:11:\"orgfontsize\";s:0:\"\";s:8:\"orgwidth\";s:3:\"200\";s:9:\"orgheight\";s:2:\"90\";s:5:\"style\";s:27:\"width: 200px; height: 90px;\";s:7:\"content\";s:176:\"<textarea title=\"模块\" name=\"data_6\" leipiplugins=\"textarea\" value=\"\" orgrich=\"0\" orgfontsize=\"\" orgwidth=\"200\" orgheight=\"90\" style=\"width: 200px; height: 90px;\"></textarea>\";}i:6;a:10:{s:5:\"title\";s:6:\"页面\";s:4:\"name\";s:6:\"data_7\";s:12:\"leipiplugins\";s:8:\"textarea\";s:5:\"value\";s:0:\"\";s:7:\"orgrich\";s:1:\"0\";s:11:\"orgfontsize\";s:0:\"\";s:8:\"orgwidth\";s:3:\"200\";s:9:\"orgheight\";s:2:\"90\";s:5:\"style\";s:27:\"width: 200px; height: 90px;\";s:7:\"content\";s:176:\"<textarea title=\"页面\" name=\"data_7\" leipiplugins=\"textarea\" value=\"\" orgrich=\"0\" orgfontsize=\"\" orgwidth=\"200\" orgheight=\"90\" style=\"width: 200px; height: 90px;\"></textarea>\";}i:7;a:10:{s:5:\"title\";s:6:\"功能\";s:4:\"name\";s:6:\"data_8\";s:12:\"leipiplugins\";s:8:\"textarea\";s:5:\"value\";s:0:\"\";s:7:\"orgrich\";s:1:\"0\";s:11:\"orgfontsize\";s:0:\"\";s:8:\"orgwidth\";s:3:\"200\";s:9:\"orgheight\";s:2:\"90\";s:5:\"style\";s:27:\"width: 200px; height: 90px;\";s:7:\"content\";s:176:\"<textarea title=\"功能\" name=\"data_8\" leipiplugins=\"textarea\" value=\"\" orgrich=\"0\" orgfontsize=\"\" orgwidth=\"200\" orgheight=\"90\" style=\"width: 200px; height: 90px;\"></textarea>\";}i:8;a:10:{s:5:\"title\";s:6:\"方法\";s:4:\"name\";s:6:\"data_9\";s:12:\"leipiplugins\";s:8:\"textarea\";s:5:\"value\";s:0:\"\";s:7:\"orgrich\";s:1:\"0\";s:11:\"orgfontsize\";s:0:\"\";s:8:\"orgwidth\";s:3:\"200\";s:9:\"orgheight\";s:2:\"90\";s:5:\"style\";s:27:\"width: 200px; height: 90px;\";s:7:\"content\";s:176:\"<textarea title=\"方法\" name=\"data_9\" leipiplugins=\"textarea\" value=\"\" orgrich=\"0\" orgfontsize=\"\" orgwidth=\"200\" orgheight=\"90\" style=\"width: 200px; height: 90px;\"></textarea>\";}}',`updatetime`='1456542061' WHERE `id` = 1924 [ RunTime:0.0198s ]
NOTIC: [2] unlink(../Application/Runtime/Temp/21d9a5adf0e55158019e1c301ccb9502.php): No such file or directory /var/www/dzxt/s/tp/ThinkPHP/Library/Think/Cache/Driver/File.class.php 第 157 行.
INFO: [ app_end ] --START--
INFO: Run Behavior\ShowPageTraceBehavior [ RunTime:0.000059s ]
INFO: [ app_end ] --END-- [ RunTime:0.000129s ]

[ 2016-02-27T11:01:04+08:00 ] 14.208.190.192 /s/tp/wwwroot/index.php?s=/demo/formdesign/form_id/1924.html
INFO: [ app_init ] --START--
INFO: Run Behavior\BuildLiteBehavior [ RunTime:0.000022s ]
INFO: [ app_init ] --END-- [ RunTime:0.000155s ]
INFO: [ app_begin ] --START--
INFO: Run Behavior\ReadHtmlCacheBehavior [ RunTime:0.000063s ]
INFO: [ app_begin ] --END-- [ RunTime:0.000135s ]
SQL: SHOW COLUMNS FROM `ht_form` [ RunTime:0.0009s ]
SQL: SELECT * FROM `ht_form` WHERE `id` = 1924 AND `is_del` = 0 LIMIT 1   [ RunTime:0.0003s ]
INFO: [ app_end ] --START--
INFO: Run Behavior\ShowPageTraceBehavior [ RunTime:0.000058s ]
INFO: [ app_end ] --END-- [ RunTime:0.000129s ]

[ 2016-02-27T11:03:27+08:00 ] 14.208.190.192 /s/tp/wwwroot/index.php?s=/demo/formdesign/form_id/1924.html
INFO: [ app_init ] --START--
INFO: Run Behavior\BuildLiteBehavior [ RunTime:0.000019s ]
INFO: [ app_init ] --END-- [ RunTime:0.000135s ]
INFO: [ app_begin ] --START--
INFO: Run Behavior\ReadHtmlCacheBehavior [ RunTime:0.000061s ]
INFO: [ app_begin ] --END-- [ RunTime:0.000133s ]
SQL: SHOW COLUMNS FROM `ht_form` [ RunTime:0.0008s ]
SQL: SELECT * FROM `ht_form` WHERE `id` = 1924 AND `is_del` = 0 LIMIT 1   [ RunTime:0.0003s ]
INFO: [ app_end ] --START--
INFO: Run Behavior\ShowPageTraceBehavior [ RunTime:0.000074s ]
INFO: [ app_end ] --END-- [ RunTime:0.000146s ]

[ 2016-02-27T11:04:57+08:00 ] 14.208.190.192 /s/tp/wwwroot/index.php?s=/demo/formdesign/
INFO: [ app_init ] --START--
INFO: Run Behavior\BuildLiteBehavior [ RunTime:0.000022s ]
INFO: [ app_init ] --END-- [ RunTime:0.000176s ]
INFO: [ app_begin ] --START--
INFO: Run Behavior\ReadHtmlCacheBehavior [ RunTime:0.000067s ]
INFO: [ app_begin ] --END-- [ RunTime:0.000141s ]
SQL: SHOW COLUMNS FROM `ht_form` [ RunTime:0.0009s ]
SQL: SELECT * FROM `ht_form` WHERE `id` = 1924 AND `is_del` = 0 LIMIT 1   [ RunTime:0.0002s ]
SQL: show tables like 'ht_form_data_1924' [ RunTime:0.0014s ]
SQL: SHOW COLUMNS FROM `ht_form_data_1924` [ RunTime:0.0006s ]
SQL: ALTER TABLE `ht_form_data_1924`  CHANGE `data_1` `data_1` varchar(255) NOT NULL DEFAULT '' COMMENT '日期', CHANGE `data_2` `data_2` varchar(255) NOT NULL DEFAULT '' COMMENT '部门', CHANGE `data_3` `data_3` varchar(255) NOT NULL DEFAULT '' COMMENT '职位', CHANGE `data_4` `data_4` varchar(255) NOT NULL DEFAULT '' COMMENT '姓名', CHANGE `data_5` `data_5` varchar(255) NOT NULL DEFAULT '' COMMENT '项目名称', CHANGE `data_6` `data_6` text NOT NULL COMMENT '模      块', CHANGE `data_7` `data_7` text NOT NULL COMMENT '页      面', CHANGE `data_8` `data_8` text NOT NULL COMMENT '功      能', CHANGE `data_9` `data_9` text NOT NULL COMMENT '方      法'; [ RunTime:0.0188s ]
SQL: UPDATE `ht_form` SET `is_data_form`='1',`fields`='9',`content`='<h1 style=\"font-size: 32px; font-weight: bold; border-bottom: 2px solid rgb(204, 204, 204); padding: 0px 4px 0px 0px; text-align: center; margin: 0px 0px 20px;\" label=\"标题居中\">研发每日工作报表</h1><p>日期<input orgtype=\"text\" orgwidth=\"100\" orgalign=\"left\" style=\"text-align: left; width: 100px;\" orghide=\"0\" leipiplugins=\"text\" value=\"\" title=\"日期\" name=\"data_1\" type=\"text\"/>&nbsp;&nbsp; 部门<input orgtype=\"text\" orgwidth=\"100\" orgalign=\"left\" style=\"text-align: left; width: 100px;\" orghide=\"0\" leipiplugins=\"text\" value=\"\" title=\"部门\" name=\"data_2\" type=\"text\"/>&nbsp;&nbsp; 职位<input orgtype=\"text\" orgwidth=\"100\" orgalign=\"left\" style=\"text-align: left; width: 100px;\" orghide=\"0\" leipiplugins=\"text\" value=\"\" title=\"职位\" name=\"data_3\" type=\"text\"/>&nbsp;&nbsp; 姓名<input orgtype=\"text\" orgwidth=\"100\" orgalign=\"left\" style=\"text-align: left; width: 100px;\" orghide=\"0\" leipiplugins=\"text\" value=\"\" title=\"姓名\" name=\"data_4\" type=\"text\"/>&nbsp;&nbsp; 项目名称<input orgtype=\"text\" orgwidth=\"200\" orgalign=\"left\" style=\"text-align: left; width: 200px;\" orghide=\"0\" leipiplugins=\"text\" value=\"\" title=\"项目名称\" name=\"data_5\" type=\"text\"/></p><table data-sort=\"sortDisabled\"><tbody><tr class=\"firstRow\"><td style=\"word-break: break-all;\" align=\"center\" valign=\"middle\" width=\"211\"><strong>模块<br/></strong></td><td style=\"word-break: break-all;\" align=\"center\" valign=\"middle\" width=\"211\"><strong>页面<br/></strong></td><td style=\"word-break: break-all;\" align=\"center\" valign=\"middle\" width=\"211\"><strong>功能<br/></strong></td><td style=\"word-break: break-all;\" align=\"center\" valign=\"middle\" width=\"211\"><strong>方法<br/></strong></td></tr><tr><td valign=\"top\" width=\"211\"><textarea title=\"模      块\" name=\"data_6\" leipiplugins=\"textarea\" value=\"\" orgrich=\"0\" orgfontsize=\"\" orgwidth=\"200\" orgheight=\"90\" style=\"width: 200px; height: 90px;\"></textarea></td><td valign=\"top\" width=\"211\"><textarea title=\"页      面\" name=\"data_7\" leipiplugins=\"textarea\" value=\"\" orgrich=\"0\" orgfontsize=\"\" orgwidth=\"200\" orgheight=\"90\" style=\"width: 200px; height: 90px;\"></textarea></td><td valign=\"top\" width=\"211\"><textarea title=\"功      能\" name=\"data_8\" leipiplugins=\"textarea\" value=\"\" orgrich=\"0\" orgfontsize=\"\" orgwidth=\"200\" orgheight=\"90\" style=\"width: 200px; height: 90px;\"></textarea></td><td valign=\"top\" width=\"211\"><textarea title=\"方      法\" name=\"data_9\" leipiplugins=\"textarea\" value=\"\" orgrich=\"0\" orgfontsize=\"\" orgwidth=\"200\" orgheight=\"90\" style=\"width: 200px; height: 90px;\"></textarea></td></tr><tr><td style=\"word-break: break-all;\" colspan=\"4\" rowspan=\"1\" valign=\"top\">备注：每天工作进度量化填写此表格。<br/></td></tr></tbody></table><p><br/></p>',`content_parse`='<h1 style=\"font-size: 32px; font-weight: bold; border-bottom: 2px solid rgb(204, 204, 204); padding: 0px 4px 0px 0px; text-align: center; margin: 0px 0px 20px;\" label=\"标题居中\">研发每日工作报表</h1><p>日期{data_1}&nbsp;&nbsp; 部门{data_2}&nbsp;&nbsp; 职位{data_3}&nbsp;&nbsp; 姓名{data_4}&nbsp;&nbsp; 项目名称{data_5}</p><table data-sort=\"sortDisabled\"><tbody><tr class=\"firstRow\"><td style=\"word-break: break-all;\" align=\"center\" valign=\"middle\" width=\"211\"><strong>模块<br/></strong></td><td style=\"word-break: break-all;\" align=\"center\" valign=\"middle\" width=\"211\"><strong>页面<br/></strong></td><td style=\"word-break: break-all;\" align=\"center\" valign=\"middle\" width=\"211\"><strong>功能<br/></strong></td><td style=\"word-break: break-all;\" align=\"center\" valign=\"middle\" width=\"211\"><strong>方法<br/></strong></td></tr><tr><td valign=\"top\" width=\"211\">{data_6}</td><td valign=\"top\" width=\"211\">{data_7}</td><td valign=\"top\" width=\"211\">{data_8}</td><td valign=\"top\" width=\"211\">{data_9}</td></tr><tr><td style=\"word-break: break-all;\" colspan=\"4\" rowspan=\"1\" valign=\"top\">备注：每天工作进度量化填写此表格。<br/></td></tr></tbody></table><p><br/></p>',`content_data`='a:9:{i:0;a:11:{s:7:\"orgtype\";s:4:\"text\";s:8:\"orgwidth\";s:3:\"100\";s:8:\"orgalign\";s:4:\"left\";s:5:\"style\";s:31:\"text-align: left; width: 100px;\";s:7:\"orghide\";s:1:\"0\";s:12:\"leipiplugins\";s:4:\"text\";s:5:\"value\";s:0:\"\";s:5:\"title\";s:6:\"日期\";s:4:\"name\";s:6:\"data_1\";s:4:\"type\";s:4:\"text\";s:7:\"content\";s:176:\"<input orgtype=\"text\" orgwidth=\"100\" orgalign=\"left\" style=\"text-align: left; width: 100px;\" orghide=\"0\" leipiplugins=\"text\" value=\"\" title=\"日期\" name=\"data_1\" type=\"text\"/>\";}i:1;a:11:{s:7:\"orgtype\";s:4:\"text\";s:8:\"orgwidth\";s:3:\"100\";s:8:\"orgalign\";s:4:\"left\";s:5:\"style\";s:31:\"text-align: left; width: 100px;\";s:7:\"orghide\";s:1:\"0\";s:12:\"leipiplugins\";s:4:\"text\";s:5:\"value\";s:0:\"\";s:5:\"title\";s:6:\"部门\";s:4:\"name\";s:6:\"data_2\";s:4:\"type\";s:4:\"text\";s:7:\"content\";s:176:\"<input orgtype=\"text\" orgwidth=\"100\" orgalign=\"left\" style=\"text-align: left; width: 100px;\" orghide=\"0\" leipiplugins=\"text\" value=\"\" title=\"部门\" name=\"data_2\" type=\"text\"/>\";}i:2;a:11:{s:7:\"orgtype\";s:4:\"text\";s:8:\"orgwidth\";s:3:\"100\";s:8:\"orgalign\";s:4:\"left\";s:5:\"style\";s:31:\"text-align: left; width: 100px;\";s:7:\"orghide\";s:1:\"0\";s:12:\"leipiplugins\";s:4:\"text\";s:5:\"value\";s:0:\"\";s:5:\"title\";s:6:\"职位\";s:4:\"name\";s:6:\"data_3\";s:4:\"type\";s:4:\"text\";s:7:\"content\";s:176:\"<input orgtype=\"text\" orgwidth=\"100\" orgalign=\"left\" style=\"text-align: left; width: 100px;\" orghide=\"0\" leipiplugins=\"text\" value=\"\" title=\"职位\" name=\"data_3\" type=\"text\"/>\";}i:3;a:11:{s:7:\"orgtype\";s:4:\"text\";s:8:\"orgwidth\";s:3:\"100\";s:8:\"orgalign\";s:4:\"left\";s:5:\"style\";s:31:\"text-align: left; width: 100px;\";s:7:\"orghide\";s:1:\"0\";s:12:\"leipiplugins\";s:4:\"text\";s:5:\"value\";s:0:\"\";s:5:\"title\";s:6:\"姓名\";s:4:\"name\";s:6:\"data_4\";s:4:\"type\";s:4:\"text\";s:7:\"content\";s:176:\"<input orgtype=\"text\" orgwidth=\"100\" orgalign=\"left\" style=\"text-align: left; width: 100px;\" orghide=\"0\" leipiplugins=\"text\" value=\"\" title=\"姓名\" name=\"data_4\" type=\"text\"/>\";}i:4;a:11:{s:7:\"orgtype\";s:4:\"text\";s:8:\"orgwidth\";s:3:\"200\";s:8:\"orgalign\";s:4:\"left\";s:5:\"style\";s:31:\"text-align: left; width: 200px;\";s:7:\"orghide\";s:1:\"0\";s:12:\"leipiplugins\";s:4:\"text\";s:5:\"value\";s:0:\"\";s:5:\"title\";s:12:\"项目名称\";s:4:\"name\";s:6:\"data_5\";s:4:\"type\";s:4:\"text\";s:7:\"content\";s:182:\"<input orgtype=\"text\" orgwidth=\"200\" orgalign=\"left\" style=\"text-align: left; width: 200px;\" orghide=\"0\" leipiplugins=\"text\" value=\"\" title=\"项目名称\" name=\"data_5\" type=\"text\"/>\";}i:5;a:10:{s:5:\"title\";s:12:\"模      块\";s:4:\"name\";s:6:\"data_6\";s:12:\"leipiplugins\";s:8:\"textarea\";s:5:\"value\";s:0:\"\";s:7:\"orgrich\";s:1:\"0\";s:11:\"orgfontsize\";s:0:\"\";s:8:\"orgwidth\";s:3:\"200\";s:9:\"orgheight\";s:2:\"90\";s:5:\"style\";s:27:\"width: 200px; height: 90px;\";s:7:\"content\";s:182:\"<textarea title=\"模      块\" name=\"data_6\" leipiplugins=\"textarea\" value=\"\" orgrich=\"0\" orgfontsize=\"\" orgwidth=\"200\" orgheight=\"90\" style=\"width: 200px; height: 90px;\"></textarea>\";}i:6;a:10:{s:5:\"title\";s:12:\"页      面\";s:4:\"name\";s:6:\"data_7\";s:12:\"leipiplugins\";s:8:\"textarea\";s:5:\"value\";s:0:\"\";s:7:\"orgrich\";s:1:\"0\";s:11:\"orgfontsize\";s:0:\"\";s:8:\"orgwidth\";s:3:\"200\";s:9:\"orgheight\";s:2:\"90\";s:5:\"style\";s:27:\"width: 200px; height: 90px;\";s:7:\"content\";s:182:\"<textarea title=\"页      面\" name=\"data_7\" leipiplugins=\"textarea\" value=\"\" orgrich=\"0\" orgfontsize=\"\" orgwidth=\"200\" orgheight=\"90\" style=\"width: 200px; height: 90px;\"></textarea>\";}i:7;a:10:{s:5:\"title\";s:12:\"功      能\";s:4:\"name\";s:6:\"data_8\";s:12:\"leipiplugins\";s:8:\"textarea\";s:5:\"value\";s:0:\"\";s:7:\"orgrich\";s:1:\"0\";s:11:\"orgfontsize\";s:0:\"\";s:8:\"orgwidth\";s:3:\"200\";s:9:\"orgheight\";s:2:\"90\";s:5:\"style\";s:27:\"width: 200px; height: 90px;\";s:7:\"content\";s:182:\"<textarea title=\"功      能\" name=\"data_8\" leipiplugins=\"textarea\" value=\"\" orgrich=\"0\" orgfontsize=\"\" orgwidth=\"200\" orgheight=\"90\" style=\"width: 200px; height: 90px;\"></textarea>\";}i:8;a:10:{s:5:\"title\";s:12:\"方      法\";s:4:\"name\";s:6:\"data_9\";s:12:\"leipiplugins\";s:8:\"textarea\";s:5:\"value\";s:0:\"\";s:7:\"orgrich\";s:1:\"0\";s:11:\"orgfontsize\";s:0:\"\";s:8:\"orgwidth\";s:3:\"200\";s:9:\"orgheight\";s:2:\"90\";s:5:\"style\";s:27:\"width: 200px; height: 90px;\";s:7:\"content\";s:182:\"<textarea title=\"方      法\" name=\"data_9\" leipiplugins=\"textarea\" value=\"\" orgrich=\"0\" orgfontsize=\"\" orgwidth=\"200\" orgheight=\"90\" style=\"width: 200px; height: 90px;\"></textarea>\";}}',`updatetime`='1456542297' WHERE `id` = 1924 [ RunTime:0.0317s ]
NOTIC: [2] unlink(../Application/Runtime/Temp/21d9a5adf0e55158019e1c301ccb9502.php): No such file or directory /var/www/dzxt/s/tp/ThinkPHP/Library/Think/Cache/Driver/File.class.php 第 157 行.
INFO: [ app_end ] --START--
INFO: Run Behavior\ShowPageTraceBehavior [ RunTime:0.000062s ]
INFO: [ app_end ] --END-- [ RunTime:0.000132s ]

[ 2016-02-27T11:05:01+08:00 ] 14.208.190.192 /s/tp/wwwroot/index.php?s=/demo/formdesign/form_id/1924.html
INFO: [ app_init ] --START--
INFO: Run Behavior\BuildLiteBehavior [ RunTime:0.000023s ]
INFO: [ app_init ] --END-- [ RunTime:0.000187s ]
INFO: [ app_begin ] --START--
INFO: Run Behavior\ReadHtmlCacheBehavior [ RunTime:0.000077s ]
INFO: [ app_begin ] --END-- [ RunTime:0.000152s ]
SQL: SHOW COLUMNS FROM `ht_form` [ RunTime:0.0009s ]
SQL: SELECT * FROM `ht_form` WHERE `id` = 1924 AND `is_del` = 0 LIMIT 1   [ RunTime:0.0003s ]
INFO: [ app_end ] --START--
INFO: Run Behavior\ShowPageTraceBehavior [ RunTime:0.000065s ]
INFO: [ app_end ] --END-- [ RunTime:0.000136s ]

