[ 2015-09-08T16:59:15+08:00 ] ::1 /s/tp/wwwroot/index.php?s=/Flow/run/add/flow_id/14.html
INFO: [ app_init ] --START--
INFO: Run Behavior\BuildLiteBehavior [ RunTime:0.000000s ]
INFO: [ app_init ] --END-- [ RunTime:0.035156s ]
INFO: [ app_begin ] --START--
INFO: Run Behavior\ReadHtmlCacheBehavior [ RunTime:0.015625s ]
INFO: [ app_begin ] --END-- [ RunTime:0.015625s ]
SQL: SHOW COLUMNS FROM `ht_flow` [ RunTime:0.0107s ]
SQL: SELECT * FROM `ht_flow` WHERE `id` = 14 AND `is_del` = 0 LIMIT 1   [ RunTime:0.0059s ]
SQL: SHOW COLUMNS FROM `ht_flow_process` [ RunTime:0.0156s ]
SQL: SELECT `id`,`flow_id`,`process_name`,`process_type`,`process_to`,`child_id`,`child_relation`,`child_after`,`child_back_process`,`return_sponsor_ids`,`return_respon_ids`,`write_fields`,`secret_fields`,`lock_fields`,`check_fields`,`auto_person`,`auto_unlock`,`auto_sponsor_ids`,`auto_sponsor_text`,`auto_respon_ids`,`auto_respon_text`,`auto_role_ids`,`auto_role_text`,`auto_process_sponsor`,`range_user_ids`,`range_user_text`,`range_dept_ids`,`range_dept_text`,`range_role_ids`,`range_role_text`,`receive_type`,`is_user_end`,`is_userop_pass`,`is_sing`,`sign_look`,`is_back`,`out_condition`,`setleft`,`settop`,`style` FROM `ht_flow_process` WHERE `flow_id` = 14 AND `is_del` = 0 ORDER BY id asc  [ RunTime:0.0029s ]
SQL: SHOW COLUMNS FROM `ht_form` [ RunTime:0.0059s ]
SQL: SELECT * FROM `ht_form` WHERE `id` = 142 AND `is_del` = 0 LIMIT 1   [ RunTime:0.0020s ]
SQL: SHOW COLUMNS FROM `ht_run` [ RunTime:0.0068s ]
SQL: INSERT INTO `ht_run` (`pid`,`uid`,`flow_id`,`run_name`,`run_flow_id`,`run_flow_process`,`dateline`) VALUES ('0','18','14','自动统计流程(2015-09-08 16:59:15)','14','121','1441702754') [ RunTime:0.0020s ]
SQL: SHOW COLUMNS FROM `ht_run_process` [ RunTime:0.0068s ]
SQL: INSERT INTO `ht_run_process` (`uid`,`run_id`,`run_flow`,`run_flow_process`,`parent_flow`,`parent_flow_process`,`run_child`,`remark`,`is_sponsor`,`status`,`js_time`,`bl_time`,`dateline`) VALUES ('18','1203','14','121','0','0','0','','1','1','1441702754','1441702754','1441702754') [ RunTime:0.0010s ]
SQL: SHOW COLUMNS FROM `ht_run_cache` [ RunTime:0.0059s ]
SQL: INSERT INTO `ht_run_cache` (`run_id`,`form_id`,`flow_id`,`run_form`,`run_flow`,`run_flow_process`,`dateline`) VALUES ('1203','142','14','{\"id\":\"142\",\"form_name\":\"\\u6536\\u5165\\u8868\",\"form_desc\":\"\",\"content\":\"<p>\\u6536\\u5165\\u91d1\\u989d\\uff1a<input orgtype=\\\"text\\\" orgwidth=\\\"150\\\" orgalign=\\\"left\\\" style=\\\"text-align: left; width: 150px;\\\" orghide=\\\"0\\\" leipiplugins=\\\"text\\\" value=\\\"\\\" title=\\\"money\\\" name=\\\"data_1\\\" type=\\\"text\\\"\\/><\\/p><p>\\u7a0e\\u6536\\u91d1\\u989d\\uff1a<input orgtype=\\\"text\\\" orgwidth=\\\"150\\\" orgalign=\\\"left\\\" style=\\\"text-align: left; width: 150px;\\\" orghide=\\\"0\\\" leipiplugins=\\\"text\\\" value=\\\"\\\" title=\\\"shui\\\" name=\\\"data_2\\\" type=\\\"text\\\"\\/><\\/p>\",\"content_parse\":\"<p>\\u6536\\u5165\\u91d1\\u989d\\uff1a{data_1}<\\/p><p>\\u7a0e\\u6536\\u91d1\\u989d\\uff1a{data_2}<\\/p>\",\"content_data\":\"a:2:{i:0;a:11:{s:7:\\\"orgtype\\\";s:4:\\\"text\\\";s:8:\\\"orgwidth\\\";s:3:\\\"150\\\";s:8:\\\"orgalign\\\";s:4:\\\"left\\\";s:5:\\\"style\\\";s:31:\\\"text-align: left; width: 150px;\\\";s:7:\\\"orghide\\\";s:1:\\\"0\\\";s:12:\\\"leipiplugins\\\";s:4:\\\"text\\\";s:5:\\\"value\\\";s:0:\\\"\\\";s:5:\\\"title\\\";s:5:\\\"money\\\";s:4:\\\"name\\\";s:6:\\\"data_1\\\";s:4:\\\"type\\\";s:4:\\\"text\\\";s:7:\\\"content\\\";s:175:\\\"<input orgtype=\\\"text\\\" orgwidth=\\\"150\\\" orgalign=\\\"left\\\" style=\\\"text-align: left; width: 150px;\\\" orghide=\\\"0\\\" leipiplugins=\\\"text\\\" value=\\\"\\\" title=\\\"money\\\" name=\\\"data_1\\\" type=\\\"text\\\"\\/>\\\";}i:1;a:11:{s:7:\\\"orgtype\\\";s:4:\\\"text\\\";s:8:\\\"orgwidth\\\";s:3:\\\"150\\\";s:8:\\\"orgalign\\\";s:4:\\\"left\\\";s:5:\\\"style\\\";s:31:\\\"text-align: left; width: 150px;\\\";s:7:\\\"orghide\\\";s:1:\\\"0\\\";s:12:\\\"leipiplugins\\\";s:4:\\\"text\\\";s:5:\\\"value\\\";s:0:\\\"\\\";s:5:\\\"title\\\";s:4:\\\"shui\\\";s:4:\\\"name\\\";s:6:\\\"data_2\\\";s:4:\\\"type\\\";s:4:\\\"text\\\";s:7:\\\"content\\\";s:174:\\\"<input orgtype=\\\"text\\\" orgwidth=\\\"150\\\" orgalign=\\\"left\\\" style=\\\"text-align: left; width: 150px;\\\" orghide=\\\"0\\\" leipiplugins=\\\"text\\\" value=\\\"\\\" title=\\\"shui\\\" name=\\\"data_2\\\" type=\\\"text\\\"\\/>\\\";}}\",\"fields\":\"2\",\"is_del\":\"0\",\"updatetime\":\"1440493196\",\"dateline\":\"1440493055\",\"pid\":\"56\",\"type\":\"0\",\"is_data_form\":\"1\",\"creater_uid\":\"18\",\"sort\":\"0\"}','{\"id\":\"14\",\"cat_id\":\"0\",\"form_id\":\"142\",\"flow_type\":\"0\",\"flow_name\":\"\\u81ea\\u52a8\\u7edf\\u8ba1\\u6d41\\u7a0b\",\"flow_desc\":\"\\u81ea\\u52a8\\u7edf\\u8ba1\\u65e5\\uff0c\\u6708\\uff0c\\u5e74\\u6536\\u5165\\u53ca\\u652f\\u51fa\",\"sort_order\":\"0\",\"status\":\"0\",\"is_del\":\"0\",\"updatetime\":\"1440493263\",\"dateline\":\"1440493263\"}','[{\"id\":\"121\",\"flow_id\":\"14\",\"process_name\":\"\\u65b0\\u5efa\\u6b65\\u9aa4\",\"process_type\":\"is_one\",\"process_to\":\"\",\"child_id\":\"0\",\"child_relation\":\"\",\"child_after\":\"1\",\"child_back_process\":\"0\",\"return_sponsor_ids\":\"\",\"return_respon_ids\":\"\",\"write_fields\":\"\",\"secret_fields\":\"\",\"lock_fields\":\"\",\"check_fields\":\"\",\"auto_person\":\"0\",\"auto_unlock\":\"1\",\"auto_sponsor_ids\":\"18\",\"auto_sponsor_text\":\"admin\",\"auto_respon_ids\":\"\",\"auto_respon_text\":\"\",\"auto_role_ids\":\"\",\"auto_role_text\":\"\",\"auto_process_sponsor\":\"0\",\"range_user_ids\":\"\",\"range_user_text\":\"\",\"range_dept_ids\":\"\",\"range_dept_text\":\"\",\"range_role_ids\":\"\",\"range_role_text\":\"\",\"receive_type\":\"0\",\"is_user_end\":\"0\",\"is_userop_pass\":\"0\",\"is_sing\":\"0\",\"sign_look\":\"0\",\"is_back\":\"0\",\"out_condition\":\"\",\"setleft\":\"596\",\"settop\":\"291\",\"style\":\"{\\\"icon\\\":\\\"icon-star\\\",\\\"width\\\":\\\"120\\\",\\\"height\\\":\\\"30\\\",\\\"color\\\":\\\"#0e76a8\\\"}\"}]','1441702754') [ RunTime:0.0039s ]

[ 2015-09-08T16:59:15+08:00 ] ::1 /s/tp/wwwroot/index.php?s=/Flow/run/edit/process_id/2020.html
INFO: [ app_init ] --START--
INFO: Run Behavior\BuildLiteBehavior [ RunTime:0.000000s ]
INFO: [ app_init ] --END-- [ RunTime:0.000000s ]
INFO: [ app_begin ] --START--
INFO: Run Behavior\ReadHtmlCacheBehavior [ RunTime:0.000977s ]
INFO: [ app_begin ] --END-- [ RunTime:0.000977s ]
SQL: SHOW COLUMNS FROM `ht_run_process` [ RunTime:0.0049s ]
SQL: SELECT `id`,`uid`,`run_id`,`run_flow`,`run_flow_process`,`parent_flow`,`parent_flow_process`,`run_child`,`remark`,`is_receive_type`,`is_sponsor`,`is_singpost`,`is_back`,`status`,`js_time`,`bl_time`,`jj_time` FROM `ht_run_process` WHERE `id` = 2020 AND `is_del` = 0 LIMIT 1   [ RunTime:0.0010s ]
SQL: SHOW COLUMNS FROM `ht_run` [ RunTime:0.0078s ]
SQL: SELECT * FROM `ht_run` WHERE `id` = 1203 LIMIT 1   [ RunTime:0.0020s ]
SQL: SHOW COLUMNS FROM `ht_run_cache` [ RunTime:0.0029s ]
SQL: SELECT * FROM `ht_run_cache` WHERE `run_id` = 1203 LIMIT 1   [ RunTime:0.0020s ]
INFO: [ view_parse ] --START--
INFO: [ template_filter ] --START--
INFO: Run Behavior\ContentReplaceBehavior [ RunTime:0.000000s ]
INFO: [ template_filter ] --END-- [ RunTime:0.000000s ]
INFO: Run Behavior\ParseTemplateBehavior [ RunTime:0.168946s ]
INFO: [ view_parse ] --END-- [ RunTime:0.168946s ]
INFO: [ view_filter ] --START--
INFO: Run Behavior\WriteHtmlCacheBehavior [ RunTime:0.015625s ]
INFO: [ view_filter ] --END-- [ RunTime:0.015625s ]
INFO: [ app_end ] --START--
INFO: Run Behavior\ShowPageTraceBehavior [ RunTime:0.022461s ]
INFO: [ app_end ] --END-- [ RunTime:0.022461s ]

[ 2015-09-08T17:13:40+08:00 ] ::1 /s/tp/wwwroot/index.php?s=/Flow/run/add/flow_id/14.html
INFO: [ app_init ] --START--
INFO: Run Behavior\BuildLiteBehavior [ RunTime:0.000000s ]
INFO: [ app_init ] --END-- [ RunTime:0.472657s ]
INFO: [ app_begin ] --START--
INFO: Run Behavior\ReadHtmlCacheBehavior [ RunTime:0.032226s ]
INFO: [ app_begin ] --END-- [ RunTime:0.032226s ]
SQL: SHOW COLUMNS FROM `ht_flow` [ RunTime:0.0107s ]
SQL: SELECT * FROM `ht_flow` WHERE `id` = 14 AND `is_del` = 0 LIMIT 1   [ RunTime:0.0020s ]
SQL: SHOW COLUMNS FROM `ht_flow_process` [ RunTime:0.0146s ]
SQL: SELECT `id`,`flow_id`,`process_name`,`process_type`,`process_to`,`child_id`,`child_relation`,`child_after`,`child_back_process`,`return_sponsor_ids`,`return_respon_ids`,`write_fields`,`secret_fields`,`lock_fields`,`check_fields`,`auto_person`,`auto_unlock`,`auto_sponsor_ids`,`auto_sponsor_text`,`auto_respon_ids`,`auto_respon_text`,`auto_role_ids`,`auto_role_text`,`auto_process_sponsor`,`range_user_ids`,`range_user_text`,`range_dept_ids`,`range_dept_text`,`range_role_ids`,`range_role_text`,`receive_type`,`is_user_end`,`is_userop_pass`,`is_sing`,`sign_look`,`is_back`,`out_condition`,`setleft`,`settop`,`style` FROM `ht_flow_process` WHERE `flow_id` = 14 AND `is_del` = 0 ORDER BY id asc  [ RunTime:0.0020s ]
SQL: SHOW COLUMNS FROM `ht_form` [ RunTime:0.0059s ]
SQL: SELECT * FROM `ht_form` WHERE `id` = 142 AND `is_del` = 0 LIMIT 1   [ RunTime:0.0020s ]
SQL: SHOW COLUMNS FROM `ht_run` [ RunTime:0.0059s ]
SQL: INSERT INTO `ht_run` (`pid`,`uid`,`flow_id`,`run_name`,`run_flow_id`,`run_flow_process`,`dateline`) VALUES ('0','18','14','自动统计流程(2015-09-08 17:13:40)','14','121','1441703617') [ RunTime:0.0010s ]
SQL: SHOW COLUMNS FROM `ht_run_process` [ RunTime:0.0068s ]
SQL: INSERT INTO `ht_run_process` (`uid`,`run_id`,`run_flow`,`run_flow_process`,`parent_flow`,`parent_flow_process`,`run_child`,`remark`,`is_sponsor`,`status`,`js_time`,`bl_time`,`dateline`) VALUES ('18','1204','14','121','0','0','0','','1','1','1441703617','1441703617','1441703617') [ RunTime:0.0010s ]
SQL: SHOW COLUMNS FROM `ht_run_cache` [ RunTime:0.0049s ]
SQL: INSERT INTO `ht_run_cache` (`run_id`,`form_id`,`flow_id`,`run_form`,`run_flow`,`run_flow_process`,`dateline`) VALUES ('1204','142','14','{\"id\":\"142\",\"form_name\":\"\\u6536\\u5165\\u8868\",\"form_desc\":\"\",\"content\":\"<p>\\u6536\\u5165\\u91d1\\u989d\\uff1a<input orgtype=\\\"text\\\" orgwidth=\\\"150\\\" orgalign=\\\"left\\\" style=\\\"text-align: left; width: 150px;\\\" orghide=\\\"0\\\" leipiplugins=\\\"text\\\" value=\\\"\\\" title=\\\"money\\\" name=\\\"data_1\\\" type=\\\"text\\\"\\/><\\/p><p>\\u7a0e\\u6536\\u91d1\\u989d\\uff1a<input orgtype=\\\"text\\\" orgwidth=\\\"150\\\" orgalign=\\\"left\\\" style=\\\"text-align: left; width: 150px;\\\" orghide=\\\"0\\\" leipiplugins=\\\"text\\\" value=\\\"\\\" title=\\\"shui\\\" name=\\\"data_2\\\" type=\\\"text\\\"\\/><\\/p>\",\"content_parse\":\"<p>\\u6536\\u5165\\u91d1\\u989d\\uff1a{data_1}<\\/p><p>\\u7a0e\\u6536\\u91d1\\u989d\\uff1a{data_2}<\\/p>\",\"content_data\":\"a:2:{i:0;a:11:{s:7:\\\"orgtype\\\";s:4:\\\"text\\\";s:8:\\\"orgwidth\\\";s:3:\\\"150\\\";s:8:\\\"orgalign\\\";s:4:\\\"left\\\";s:5:\\\"style\\\";s:31:\\\"text-align: left; width: 150px;\\\";s:7:\\\"orghide\\\";s:1:\\\"0\\\";s:12:\\\"leipiplugins\\\";s:4:\\\"text\\\";s:5:\\\"value\\\";s:0:\\\"\\\";s:5:\\\"title\\\";s:5:\\\"money\\\";s:4:\\\"name\\\";s:6:\\\"data_1\\\";s:4:\\\"type\\\";s:4:\\\"text\\\";s:7:\\\"content\\\";s:175:\\\"<input orgtype=\\\"text\\\" orgwidth=\\\"150\\\" orgalign=\\\"left\\\" style=\\\"text-align: left; width: 150px;\\\" orghide=\\\"0\\\" leipiplugins=\\\"text\\\" value=\\\"\\\" title=\\\"money\\\" name=\\\"data_1\\\" type=\\\"text\\\"\\/>\\\";}i:1;a:11:{s:7:\\\"orgtype\\\";s:4:\\\"text\\\";s:8:\\\"orgwidth\\\";s:3:\\\"150\\\";s:8:\\\"orgalign\\\";s:4:\\\"left\\\";s:5:\\\"style\\\";s:31:\\\"text-align: left; width: 150px;\\\";s:7:\\\"orghide\\\";s:1:\\\"0\\\";s:12:\\\"leipiplugins\\\";s:4:\\\"text\\\";s:5:\\\"value\\\";s:0:\\\"\\\";s:5:\\\"title\\\";s:4:\\\"shui\\\";s:4:\\\"name\\\";s:6:\\\"data_2\\\";s:4:\\\"type\\\";s:4:\\\"text\\\";s:7:\\\"content\\\";s:174:\\\"<input orgtype=\\\"text\\\" orgwidth=\\\"150\\\" orgalign=\\\"left\\\" style=\\\"text-align: left; width: 150px;\\\" orghide=\\\"0\\\" leipiplugins=\\\"text\\\" value=\\\"\\\" title=\\\"shui\\\" name=\\\"data_2\\\" type=\\\"text\\\"\\/>\\\";}}\",\"fields\":\"2\",\"is_del\":\"0\",\"updatetime\":\"1440493196\",\"dateline\":\"1440493055\",\"pid\":\"56\",\"type\":\"0\",\"is_data_form\":\"1\",\"creater_uid\":\"18\",\"sort\":\"0\"}','{\"id\":\"14\",\"cat_id\":\"0\",\"form_id\":\"142\",\"flow_type\":\"0\",\"flow_name\":\"\\u81ea\\u52a8\\u7edf\\u8ba1\\u6d41\\u7a0b\",\"flow_desc\":\"\\u81ea\\u52a8\\u7edf\\u8ba1\\u65e5\\uff0c\\u6708\\uff0c\\u5e74\\u6536\\u5165\\u53ca\\u652f\\u51fa\",\"sort_order\":\"0\",\"status\":\"0\",\"is_del\":\"0\",\"updatetime\":\"1440493263\",\"dateline\":\"1440493263\"}','[{\"id\":\"121\",\"flow_id\":\"14\",\"process_name\":\"\\u65b0\\u5efa\\u6b65\\u9aa4\",\"process_type\":\"is_one\",\"process_to\":\"\",\"child_id\":\"0\",\"child_relation\":\"\",\"child_after\":\"1\",\"child_back_process\":\"0\",\"return_sponsor_ids\":\"\",\"return_respon_ids\":\"\",\"write_fields\":\"\",\"secret_fields\":\"\",\"lock_fields\":\"\",\"check_fields\":\"\",\"auto_person\":\"0\",\"auto_unlock\":\"1\",\"auto_sponsor_ids\":\"18\",\"auto_sponsor_text\":\"admin\",\"auto_respon_ids\":\"\",\"auto_respon_text\":\"\",\"auto_role_ids\":\"\",\"auto_role_text\":\"\",\"auto_process_sponsor\":\"0\",\"range_user_ids\":\"\",\"range_user_text\":\"\",\"range_dept_ids\":\"\",\"range_dept_text\":\"\",\"range_role_ids\":\"\",\"range_role_text\":\"\",\"receive_type\":\"0\",\"is_user_end\":\"0\",\"is_userop_pass\":\"0\",\"is_sing\":\"0\",\"sign_look\":\"0\",\"is_back\":\"0\",\"out_condition\":\"\",\"setleft\":\"596\",\"settop\":\"291\",\"style\":\"{\\\"icon\\\":\\\"icon-star\\\",\\\"width\\\":\\\"120\\\",\\\"height\\\":\\\"30\\\",\\\"color\\\":\\\"#0e76a8\\\"}\"}]','1441703617') [ RunTime:0.0020s ]

[ 2015-09-08T17:13:42+08:00 ] ::1 /s/tp/wwwroot/index.php?s=/Flow/run/edit/process_id/2021.html
INFO: [ app_init ] --START--
INFO: Run Behavior\BuildLiteBehavior [ RunTime:0.000000s ]
INFO: [ app_init ] --END-- [ RunTime:0.000000s ]
INFO: [ app_begin ] --START--
INFO: Run Behavior\ReadHtmlCacheBehavior [ RunTime:0.000977s ]
INFO: [ app_begin ] --END-- [ RunTime:0.000977s ]
SQL: SHOW COLUMNS FROM `ht_run_process` [ RunTime:0.0146s ]
SQL: SELECT `id`,`uid`,`run_id`,`run_flow`,`run_flow_process`,`parent_flow`,`parent_flow_process`,`run_child`,`remark`,`is_receive_type`,`is_sponsor`,`is_singpost`,`is_back`,`status`,`js_time`,`bl_time`,`jj_time` FROM `ht_run_process` WHERE `id` = 2021 AND `is_del` = 0 LIMIT 1   [ RunTime:0.0029s ]
SQL: SHOW COLUMNS FROM `ht_run` [ RunTime:0.0107s ]
SQL: SELECT * FROM `ht_run` WHERE `id` = 1204 LIMIT 1   [ RunTime:0.0010s ]
SQL: SHOW COLUMNS FROM `ht_run_cache` [ RunTime:0.0049s ]
SQL: SELECT * FROM `ht_run_cache` WHERE `run_id` = 1204 LIMIT 1   [ RunTime:0.0029s ]
INFO: [ view_parse ] --START--
INFO: [ template_filter ] --START--
INFO: Run Behavior\ContentReplaceBehavior [ RunTime:0.000000s ]
INFO: [ template_filter ] --END-- [ RunTime:0.000000s ]
INFO: Run Behavior\ParseTemplateBehavior [ RunTime:0.144531s ]
INFO: [ view_parse ] --END-- [ RunTime:0.145508s ]
INFO: [ view_filter ] --START--
INFO: Run Behavior\WriteHtmlCacheBehavior [ RunTime:0.014649s ]
INFO: [ view_filter ] --END-- [ RunTime:0.014649s ]
INFO: [ app_end ] --START--
INFO: Run Behavior\ShowPageTraceBehavior [ RunTime:0.014648s ]
INFO: [ app_end ] --END-- [ RunTime:0.014648s ]

[ 2015-09-08T17:15:26+08:00 ] ::1 /s/tp/wwwroot/index.php?s=/Flow/run/add/flow_id/14.html
INFO: [ app_init ] --START--
INFO: Run Behavior\BuildLiteBehavior [ RunTime:0.000000s ]
INFO: [ app_init ] --END-- [ RunTime:0.000000s ]
INFO: [ app_begin ] --START--
INFO: Run Behavior\ReadHtmlCacheBehavior [ RunTime:0.000977s ]
INFO: [ app_begin ] --END-- [ RunTime:0.000977s ]
SQL: SHOW COLUMNS FROM `ht_flow` [ RunTime:0.0049s ]
SQL: SELECT * FROM `ht_flow` WHERE `id` = 14 AND `is_del` = 0 LIMIT 1   [ RunTime:0.0020s ]
SQL: SHOW COLUMNS FROM `ht_flow_process` [ RunTime:0.0107s ]
SQL: SELECT `id`,`flow_id`,`process_name`,`process_type`,`process_to`,`child_id`,`child_relation`,`child_after`,`child_back_process`,`return_sponsor_ids`,`return_respon_ids`,`write_fields`,`secret_fields`,`lock_fields`,`check_fields`,`auto_person`,`auto_unlock`,`auto_sponsor_ids`,`auto_sponsor_text`,`auto_respon_ids`,`auto_respon_text`,`auto_role_ids`,`auto_role_text`,`auto_process_sponsor`,`range_user_ids`,`range_user_text`,`range_dept_ids`,`range_dept_text`,`range_role_ids`,`range_role_text`,`receive_type`,`is_user_end`,`is_userop_pass`,`is_sing`,`sign_look`,`is_back`,`out_condition`,`setleft`,`settop`,`style` FROM `ht_flow_process` WHERE `flow_id` = 14 AND `is_del` = 0 ORDER BY id asc  [ RunTime:0.0020s ]
SQL: SHOW COLUMNS FROM `ht_form` [ RunTime:0.0049s ]
SQL: SELECT * FROM `ht_form` WHERE `id` = 142 AND `is_del` = 0 LIMIT 1   [ RunTime:0.0010s ]
SQL: SHOW COLUMNS FROM `ht_run` [ RunTime:0.0059s ]
SQL: INSERT INTO `ht_run` (`pid`,`uid`,`flow_id`,`run_name`,`run_flow_id`,`run_flow_process`,`dateline`) VALUES ('0','18','14','自动统计流程(2015-09-08 17:15:26)','14','121','1441703724') [ RunTime:0.0020s ]
SQL: SHOW COLUMNS FROM `ht_run_process` [ RunTime:0.0068s ]
SQL: INSERT INTO `ht_run_process` (`uid`,`run_id`,`run_flow`,`run_flow_process`,`parent_flow`,`parent_flow_process`,`run_child`,`remark`,`is_sponsor`,`status`,`js_time`,`bl_time`,`dateline`) VALUES ('18','1205','14','121','0','0','0','','1','1','1441703724','1441703724','1441703724') [ RunTime:0.0010s ]
SQL: SHOW COLUMNS FROM `ht_run_cache` [ RunTime:0.0049s ]
SQL: INSERT INTO `ht_run_cache` (`run_id`,`form_id`,`flow_id`,`run_form`,`run_flow`,`run_flow_process`,`dateline`) VALUES ('1205','142','14','{\"id\":\"142\",\"form_name\":\"\\u6536\\u5165\\u8868\",\"form_desc\":\"\",\"content\":\"<p>\\u6536\\u5165\\u91d1\\u989d\\uff1a<input orgtype=\\\"text\\\" orgwidth=\\\"150\\\" orgalign=\\\"left\\\" style=\\\"text-align: left; width: 150px;\\\" orghide=\\\"0\\\" leipiplugins=\\\"text\\\" value=\\\"\\\" title=\\\"money\\\" name=\\\"data_1\\\" type=\\\"text\\\"\\/><\\/p><p>\\u7a0e\\u6536\\u91d1\\u989d\\uff1a<input orgtype=\\\"text\\\" orgwidth=\\\"150\\\" orgalign=\\\"left\\\" style=\\\"text-align: left; width: 150px;\\\" orghide=\\\"0\\\" leipiplugins=\\\"text\\\" value=\\\"\\\" title=\\\"shui\\\" name=\\\"data_2\\\" type=\\\"text\\\"\\/><\\/p>\",\"content_parse\":\"<p>\\u6536\\u5165\\u91d1\\u989d\\uff1a{data_1}<\\/p><p>\\u7a0e\\u6536\\u91d1\\u989d\\uff1a{data_2}<\\/p>\",\"content_data\":\"a:2:{i:0;a:11:{s:7:\\\"orgtype\\\";s:4:\\\"text\\\";s:8:\\\"orgwidth\\\";s:3:\\\"150\\\";s:8:\\\"orgalign\\\";s:4:\\\"left\\\";s:5:\\\"style\\\";s:31:\\\"text-align: left; width: 150px;\\\";s:7:\\\"orghide\\\";s:1:\\\"0\\\";s:12:\\\"leipiplugins\\\";s:4:\\\"text\\\";s:5:\\\"value\\\";s:0:\\\"\\\";s:5:\\\"title\\\";s:5:\\\"money\\\";s:4:\\\"name\\\";s:6:\\\"data_1\\\";s:4:\\\"type\\\";s:4:\\\"text\\\";s:7:\\\"content\\\";s:175:\\\"<input orgtype=\\\"text\\\" orgwidth=\\\"150\\\" orgalign=\\\"left\\\" style=\\\"text-align: left; width: 150px;\\\" orghide=\\\"0\\\" leipiplugins=\\\"text\\\" value=\\\"\\\" title=\\\"money\\\" name=\\\"data_1\\\" type=\\\"text\\\"\\/>\\\";}i:1;a:11:{s:7:\\\"orgtype\\\";s:4:\\\"text\\\";s:8:\\\"orgwidth\\\";s:3:\\\"150\\\";s:8:\\\"orgalign\\\";s:4:\\\"left\\\";s:5:\\\"style\\\";s:31:\\\"text-align: left; width: 150px;\\\";s:7:\\\"orghide\\\";s:1:\\\"0\\\";s:12:\\\"leipiplugins\\\";s:4:\\\"text\\\";s:5:\\\"value\\\";s:0:\\\"\\\";s:5:\\\"title\\\";s:4:\\\"shui\\\";s:4:\\\"name\\\";s:6:\\\"data_2\\\";s:4:\\\"type\\\";s:4:\\\"text\\\";s:7:\\\"content\\\";s:174:\\\"<input orgtype=\\\"text\\\" orgwidth=\\\"150\\\" orgalign=\\\"left\\\" style=\\\"text-align: left; width: 150px;\\\" orghide=\\\"0\\\" leipiplugins=\\\"text\\\" value=\\\"\\\" title=\\\"shui\\\" name=\\\"data_2\\\" type=\\\"text\\\"\\/>\\\";}}\",\"fields\":\"2\",\"is_del\":\"0\",\"updatetime\":\"1440493196\",\"dateline\":\"1440493055\",\"pid\":\"56\",\"type\":\"0\",\"is_data_form\":\"1\",\"creater_uid\":\"18\",\"sort\":\"0\"}','{\"id\":\"14\",\"cat_id\":\"0\",\"form_id\":\"142\",\"flow_type\":\"0\",\"flow_name\":\"\\u81ea\\u52a8\\u7edf\\u8ba1\\u6d41\\u7a0b\",\"flow_desc\":\"\\u81ea\\u52a8\\u7edf\\u8ba1\\u65e5\\uff0c\\u6708\\uff0c\\u5e74\\u6536\\u5165\\u53ca\\u652f\\u51fa\",\"sort_order\":\"0\",\"status\":\"0\",\"is_del\":\"0\",\"updatetime\":\"1440493263\",\"dateline\":\"1440493263\"}','[{\"id\":\"121\",\"flow_id\":\"14\",\"process_name\":\"\\u65b0\\u5efa\\u6b65\\u9aa4\",\"process_type\":\"is_one\",\"process_to\":\"\",\"child_id\":\"0\",\"child_relation\":\"\",\"child_after\":\"1\",\"child_back_process\":\"0\",\"return_sponsor_ids\":\"\",\"return_respon_ids\":\"\",\"write_fields\":\"\",\"secret_fields\":\"\",\"lock_fields\":\"\",\"check_fields\":\"\",\"auto_person\":\"0\",\"auto_unlock\":\"1\",\"auto_sponsor_ids\":\"18\",\"auto_sponsor_text\":\"admin\",\"auto_respon_ids\":\"\",\"auto_respon_text\":\"\",\"auto_role_ids\":\"\",\"auto_role_text\":\"\",\"auto_process_sponsor\":\"0\",\"range_user_ids\":\"\",\"range_user_text\":\"\",\"range_dept_ids\":\"\",\"range_dept_text\":\"\",\"range_role_ids\":\"\",\"range_role_text\":\"\",\"receive_type\":\"0\",\"is_user_end\":\"0\",\"is_userop_pass\":\"0\",\"is_sing\":\"0\",\"sign_look\":\"0\",\"is_back\":\"0\",\"out_condition\":\"\",\"setleft\":\"596\",\"settop\":\"291\",\"style\":\"{\\\"icon\\\":\\\"icon-star\\\",\\\"width\\\":\\\"120\\\",\\\"height\\\":\\\"30\\\",\\\"color\\\":\\\"#0e76a8\\\"}\"}]','1441703724') [ RunTime:0.0020s ]

[ 2015-09-08T17:15:27+08:00 ] ::1 /s/tp/wwwroot/index.php?s=/Flow/run/add/flow_id/14.html
INFO: [ app_init ] --START--
INFO: Run Behavior\BuildLiteBehavior [ RunTime:0.000000s ]
INFO: [ app_init ] --END-- [ RunTime:0.000000s ]
INFO: [ app_begin ] --START--
INFO: Run Behavior\ReadHtmlCacheBehavior [ RunTime:0.000000s ]
INFO: [ app_begin ] --END-- [ RunTime:0.000000s ]
SQL: SHOW COLUMNS FROM `ht_flow` [ RunTime:0.0049s ]
SQL: SELECT * FROM `ht_flow` WHERE `id` = 14 AND `is_del` = 0 LIMIT 1   [ RunTime:0.0010s ]
SQL: SHOW COLUMNS FROM `ht_flow_process` [ RunTime:0.0088s ]
SQL: SELECT `id`,`flow_id`,`process_name`,`process_type`,`process_to`,`child_id`,`child_relation`,`child_after`,`child_back_process`,`return_sponsor_ids`,`return_respon_ids`,`write_fields`,`secret_fields`,`lock_fields`,`check_fields`,`auto_person`,`auto_unlock`,`auto_sponsor_ids`,`auto_sponsor_text`,`auto_respon_ids`,`auto_respon_text`,`auto_role_ids`,`auto_role_text`,`auto_process_sponsor`,`range_user_ids`,`range_user_text`,`range_dept_ids`,`range_dept_text`,`range_role_ids`,`range_role_text`,`receive_type`,`is_user_end`,`is_userop_pass`,`is_sing`,`sign_look`,`is_back`,`out_condition`,`setleft`,`settop`,`style` FROM `ht_flow_process` WHERE `flow_id` = 14 AND `is_del` = 0 ORDER BY id asc  [ RunTime:0.0020s ]
SQL: SHOW COLUMNS FROM `ht_form` [ RunTime:0.0039s ]
SQL: SELECT * FROM `ht_form` WHERE `id` = 142 AND `is_del` = 0 LIMIT 1   [ RunTime:0.0020s ]
SQL: SHOW COLUMNS FROM `ht_run` [ RunTime:0.0039s ]
SQL: INSERT INTO `ht_run` (`pid`,`uid`,`flow_id`,`run_name`,`run_flow_id`,`run_flow_process`,`dateline`) VALUES ('0','18','14','自动统计流程(2015-09-08 17:15:27)','14','121','1441703727') [ RunTime:0.0010s ]
SQL: SHOW COLUMNS FROM `ht_run_process` [ RunTime:0.0049s ]
SQL: INSERT INTO `ht_run_process` (`uid`,`run_id`,`run_flow`,`run_flow_process`,`parent_flow`,`parent_flow_process`,`run_child`,`remark`,`is_sponsor`,`status`,`js_time`,`bl_time`,`dateline`) VALUES ('18','1206','14','121','0','0','0','','1','1','1441703727','1441703727','1441703727') [ RunTime:0.0010s ]
SQL: SHOW COLUMNS FROM `ht_run_cache` [ RunTime:0.0029s ]
SQL: INSERT INTO `ht_run_cache` (`run_id`,`form_id`,`flow_id`,`run_form`,`run_flow`,`run_flow_process`,`dateline`) VALUES ('1206','142','14','{\"id\":\"142\",\"form_name\":\"\\u6536\\u5165\\u8868\",\"form_desc\":\"\",\"content\":\"<p>\\u6536\\u5165\\u91d1\\u989d\\uff1a<input orgtype=\\\"text\\\" orgwidth=\\\"150\\\" orgalign=\\\"left\\\" style=\\\"text-align: left; width: 150px;\\\" orghide=\\\"0\\\" leipiplugins=\\\"text\\\" value=\\\"\\\" title=\\\"money\\\" name=\\\"data_1\\\" type=\\\"text\\\"\\/><\\/p><p>\\u7a0e\\u6536\\u91d1\\u989d\\uff1a<input orgtype=\\\"text\\\" orgwidth=\\\"150\\\" orgalign=\\\"left\\\" style=\\\"text-align: left; width: 150px;\\\" orghide=\\\"0\\\" leipiplugins=\\\"text\\\" value=\\\"\\\" title=\\\"shui\\\" name=\\\"data_2\\\" type=\\\"text\\\"\\/><\\/p>\",\"content_parse\":\"<p>\\u6536\\u5165\\u91d1\\u989d\\uff1a{data_1}<\\/p><p>\\u7a0e\\u6536\\u91d1\\u989d\\uff1a{data_2}<\\/p>\",\"content_data\":\"a:2:{i:0;a:11:{s:7:\\\"orgtype\\\";s:4:\\\"text\\\";s:8:\\\"orgwidth\\\";s:3:\\\"150\\\";s:8:\\\"orgalign\\\";s:4:\\\"left\\\";s:5:\\\"style\\\";s:31:\\\"text-align: left; width: 150px;\\\";s:7:\\\"orghide\\\";s:1:\\\"0\\\";s:12:\\\"leipiplugins\\\";s:4:\\\"text\\\";s:5:\\\"value\\\";s:0:\\\"\\\";s:5:\\\"title\\\";s:5:\\\"money\\\";s:4:\\\"name\\\";s:6:\\\"data_1\\\";s:4:\\\"type\\\";s:4:\\\"text\\\";s:7:\\\"content\\\";s:175:\\\"<input orgtype=\\\"text\\\" orgwidth=\\\"150\\\" orgalign=\\\"left\\\" style=\\\"text-align: left; width: 150px;\\\" orghide=\\\"0\\\" leipiplugins=\\\"text\\\" value=\\\"\\\" title=\\\"money\\\" name=\\\"data_1\\\" type=\\\"text\\\"\\/>\\\";}i:1;a:11:{s:7:\\\"orgtype\\\";s:4:\\\"text\\\";s:8:\\\"orgwidth\\\";s:3:\\\"150\\\";s:8:\\\"orgalign\\\";s:4:\\\"left\\\";s:5:\\\"style\\\";s:31:\\\"text-align: left; width: 150px;\\\";s:7:\\\"orghide\\\";s:1:\\\"0\\\";s:12:\\\"leipiplugins\\\";s:4:\\\"text\\\";s:5:\\\"value\\\";s:0:\\\"\\\";s:5:\\\"title\\\";s:4:\\\"shui\\\";s:4:\\\"name\\\";s:6:\\\"data_2\\\";s:4:\\\"type\\\";s:4:\\\"text\\\";s:7:\\\"content\\\";s:174:\\\"<input orgtype=\\\"text\\\" orgwidth=\\\"150\\\" orgalign=\\\"left\\\" style=\\\"text-align: left; width: 150px;\\\" orghide=\\\"0\\\" leipiplugins=\\\"text\\\" value=\\\"\\\" title=\\\"shui\\\" name=\\\"data_2\\\" type=\\\"text\\\"\\/>\\\";}}\",\"fields\":\"2\",\"is_del\":\"0\",\"updatetime\":\"1440493196\",\"dateline\":\"1440493055\",\"pid\":\"56\",\"type\":\"0\",\"is_data_form\":\"1\",\"creater_uid\":\"18\",\"sort\":\"0\"}','{\"id\":\"14\",\"cat_id\":\"0\",\"form_id\":\"142\",\"flow_type\":\"0\",\"flow_name\":\"\\u81ea\\u52a8\\u7edf\\u8ba1\\u6d41\\u7a0b\",\"flow_desc\":\"\\u81ea\\u52a8\\u7edf\\u8ba1\\u65e5\\uff0c\\u6708\\uff0c\\u5e74\\u6536\\u5165\\u53ca\\u652f\\u51fa\",\"sort_order\":\"0\",\"status\":\"0\",\"is_del\":\"0\",\"updatetime\":\"1440493263\",\"dateline\":\"1440493263\"}','[{\"id\":\"121\",\"flow_id\":\"14\",\"process_name\":\"\\u65b0\\u5efa\\u6b65\\u9aa4\",\"process_type\":\"is_one\",\"process_to\":\"\",\"child_id\":\"0\",\"child_relation\":\"\",\"child_after\":\"1\",\"child_back_process\":\"0\",\"return_sponsor_ids\":\"\",\"return_respon_ids\":\"\",\"write_fields\":\"\",\"secret_fields\":\"\",\"lock_fields\":\"\",\"check_fields\":\"\",\"auto_person\":\"0\",\"auto_unlock\":\"1\",\"auto_sponsor_ids\":\"18\",\"auto_sponsor_text\":\"admin\",\"auto_respon_ids\":\"\",\"auto_respon_text\":\"\",\"auto_role_ids\":\"\",\"auto_role_text\":\"\",\"auto_process_sponsor\":\"0\",\"range_user_ids\":\"\",\"range_user_text\":\"\",\"range_dept_ids\":\"\",\"range_dept_text\":\"\",\"range_role_ids\":\"\",\"range_role_text\":\"\",\"receive_type\":\"0\",\"is_user_end\":\"0\",\"is_userop_pass\":\"0\",\"is_sing\":\"0\",\"sign_look\":\"0\",\"is_back\":\"0\",\"out_condition\":\"\",\"setleft\":\"596\",\"settop\":\"291\",\"style\":\"{\\\"icon\\\":\\\"icon-star\\\",\\\"width\\\":\\\"120\\\",\\\"height\\\":\\\"30\\\",\\\"color\\\":\\\"#0e76a8\\\"}\"}]','1441703727') [ RunTime:0.0010s ]

[ 2015-09-08T17:15:28+08:00 ] ::1 /s/tp/wwwroot/index.php?s=/Flow/run/edit/process_id/2023.html
INFO: [ app_init ] --START--
INFO: Run Behavior\BuildLiteBehavior [ RunTime:0.000000s ]
INFO: [ app_init ] --END-- [ RunTime:0.000000s ]
INFO: [ app_begin ] --START--
INFO: Run Behavior\ReadHtmlCacheBehavior [ RunTime:0.000000s ]
INFO: [ app_begin ] --END-- [ RunTime:0.000000s ]
SQL: SHOW COLUMNS FROM `ht_run_process` [ RunTime:0.0068s ]
SQL: SELECT `id`,`uid`,`run_id`,`run_flow`,`run_flow_process`,`parent_flow`,`parent_flow_process`,`run_child`,`remark`,`is_receive_type`,`is_sponsor`,`is_singpost`,`is_back`,`status`,`js_time`,`bl_time`,`jj_time` FROM `ht_run_process` WHERE `id` = 2023 AND `is_del` = 0 LIMIT 1   [ RunTime:0.0020s ]
SQL: SHOW COLUMNS FROM `ht_run` [ RunTime:0.0068s ]
SQL: SELECT * FROM `ht_run` WHERE `id` = 1206 LIMIT 1   [ RunTime:0.0029s ]
SQL: SHOW COLUMNS FROM `ht_run_cache` [ RunTime:0.0078s ]
SQL: SELECT * FROM `ht_run_cache` WHERE `run_id` = 1206 LIMIT 1   [ RunTime:0.0029s ]
INFO: [ view_parse ] --START--
INFO: [ template_filter ] --START--
INFO: Run Behavior\ContentReplaceBehavior [ RunTime:0.000000s ]
INFO: [ template_filter ] --END-- [ RunTime:0.000000s ]
INFO: Run Behavior\ParseTemplateBehavior [ RunTime:0.023437s ]
INFO: [ view_parse ] --END-- [ RunTime:0.023437s ]
INFO: [ view_filter ] --START--
INFO: Run Behavior\WriteHtmlCacheBehavior [ RunTime:0.000000s ]
INFO: [ view_filter ] --END-- [ RunTime:0.000977s ]
INFO: [ app_end ] --START--
INFO: Run Behavior\ShowPageTraceBehavior [ RunTime:0.000000s ]
INFO: [ app_end ] --END-- [ RunTime:0.000000s ]

