[ 2015-08-21T09:03:22+08:00 ] ::1 /s/tp/wwwroot/index.php?s=/Flow/demo/index/getflow/ok.html
INFO: [ app_init ] --START--
INFO: Run Behavior\BuildLiteBehavior [ RunTime:0.000000s ]
INFO: [ app_init ] --END-- [ RunTime:0.044922s ]
INFO: [ app_begin ] --START--
INFO: Run Behavior\ReadHtmlCacheBehavior [ RunTime:0.010742s ]
INFO: [ app_begin ] --END-- [ RunTime:0.011719s ]
SQL: SHOW COLUMNS FROM `ht_flow` [ RunTime:0.0137s ]
SQL: SELECT COUNT(id) AS tp_count FROM `ht_flow` WHERE `is_del` = 0 LIMIT 1   [ RunTime:0.0010s ]
NOTIC: [8] Undefined variable: p D:\¹¤³ÌÇø\dzxt\s\tp\Application\Flow\Controller\DemoController.class.php ç¬¬ 22 è¡Œ.
NOTIC: [8] Trying to get property of non-object D:\¹¤³ÌÇø\dzxt\s\tp\Application\Flow\Controller\DemoController.class.php ç¬¬ 22 è¡Œ.
NOTIC: [8] Undefined variable: p D:\¹¤³ÌÇø\dzxt\s\tp\Application\Flow\Controller\DemoController.class.php ç¬¬ 22 è¡Œ.
NOTIC: [8] Trying to get property of non-object D:\¹¤³ÌÇø\dzxt\s\tp\Application\Flow\Controller\DemoController.class.php ç¬¬ 22 è¡Œ.
SQL: SELECT `id`,`form_id`,`flow_name`,`flow_desc`,`updatetime`,`dateline` FROM `ht_flow` WHERE `is_del` = 0 ORDER BY id desc  [ RunTime:0.0010s ]
SQL: SHOW COLUMNS FROM `ht_form` [ RunTime:0.0049s ]
SQL: SELECT * FROM `ht_form` WHERE ( 1=1 AND id='52' ) LIMIT 1   [ RunTime:0.0029s ]
SQL: SELECT * FROM `ht_form` WHERE ( 1=1 AND id='53' ) LIMIT 1   [ RunTime:0.0010s ]
SQL: SELECT * FROM `ht_form` WHERE ( 1=1 AND id='53' ) LIMIT 1   [ RunTime:0.0010s ]
SQL: SELECT * FROM `ht_form` WHERE ( 1=1 AND id='58' ) LIMIT 1   [ RunTime:0.0020s ]
INFO: [ app_end ] --START--
INFO: Run Behavior\ShowPageTraceBehavior [ RunTime:0.029297s ]
INFO: [ app_end ] --END-- [ RunTime:0.029297s ]

[ 2015-08-21T09:04:55+08:00 ] ::1 /s/tp/wwwroot/index.php?s=/Flow/demo/index/getflow/ok.html
INFO: [ app_init ] --START--
INFO: Run Behavior\BuildLiteBehavior [ RunTime:0.000000s ]
INFO: [ app_init ] --END-- [ RunTime:0.000976s ]
INFO: [ app_begin ] --START--
INFO: Run Behavior\ReadHtmlCacheBehavior [ RunTime:0.000977s ]
INFO: [ app_begin ] --END-- [ RunTime:0.000977s ]
SQL: SHOW COLUMNS FROM `ht_flow` [ RunTime:0.0088s ]
SQL: SELECT COUNT(id) AS tp_count FROM `ht_flow` WHERE `is_del` = 0 LIMIT 1   [ RunTime:0.0020s ]
NOTIC: [8] Undefined variable: p D:\¹¤³ÌÇø\dzxt\s\tp\Application\Flow\Controller\DemoController.class.php ç¬¬ 22 è¡Œ.
NOTIC: [8] Trying to get property of non-object D:\¹¤³ÌÇø\dzxt\s\tp\Application\Flow\Controller\DemoController.class.php ç¬¬ 22 è¡Œ.
NOTIC: [8] Undefined variable: p D:\¹¤³ÌÇø\dzxt\s\tp\Application\Flow\Controller\DemoController.class.php ç¬¬ 22 è¡Œ.
NOTIC: [8] Trying to get property of non-object D:\¹¤³ÌÇø\dzxt\s\tp\Application\Flow\Controller\DemoController.class.php ç¬¬ 22 è¡Œ.
SQL: SELECT `id`,`form_id`,`flow_name`,`flow_desc`,`updatetime`,`dateline` FROM `ht_flow` WHERE `is_del` = 0 ORDER BY id desc  [ RunTime:0.0020s ]
SQL: SHOW COLUMNS FROM `ht_form` [ RunTime:0.0088s ]
SQL: SELECT * FROM `ht_form` WHERE ( 1=1 AND id='52' ) LIMIT 1   [ RunTime:0.0029s ]
SQL: SELECT * FROM `ht_form` WHERE ( 1=1 AND id='53' ) LIMIT 1   [ RunTime:0.0020s ]
SQL: SELECT * FROM `ht_form` WHERE ( 1=1 AND id='53' ) LIMIT 1   [ RunTime:0.0020s ]
SQL: SELECT * FROM `ht_form` WHERE ( 1=1 AND id='58' ) LIMIT 1   [ RunTime:0.0020s ]
INFO: [ app_end ] --START--
INFO: Run Behavior\ShowPageTraceBehavior [ RunTime:0.000000s ]
INFO: [ app_end ] --END-- [ RunTime:0.000000s ]

[ 2015-08-21T11:45:31+08:00 ] ::1 /s/tp/wwwroot/index.php?s=/Flow/demo/index/getflow/ok.html
INFO: [ app_init ] --START--
INFO: Run Behavior\BuildLiteBehavior [ RunTime:0.000000s ]
INFO: [ app_init ] --END-- [ RunTime:0.000977s ]
INFO: [ app_begin ] --START--
INFO: Run Behavior\ReadHtmlCacheBehavior [ RunTime:0.000976s ]
INFO: [ app_begin ] --END-- [ RunTime:0.000976s ]
SQL: SHOW COLUMNS FROM `ht_flow` [ RunTime:0.0039s ]
SQL: SELECT COUNT(id) AS tp_count FROM `ht_flow` WHERE `is_del` = 0 LIMIT 1   [ RunTime:0.0010s ]
NOTIC: [8] Undefined variable: p D:\¹¤³ÌÇø\dzxt\s\tp\Application\Flow\Controller\DemoController.class.php ç¬¬ 22 è¡Œ.
NOTIC: [8] Trying to get property of non-object D:\¹¤³ÌÇø\dzxt\s\tp\Application\Flow\Controller\DemoController.class.php ç¬¬ 22 è¡Œ.
NOTIC: [8] Undefined variable: p D:\¹¤³ÌÇø\dzxt\s\tp\Application\Flow\Controller\DemoController.class.php ç¬¬ 22 è¡Œ.
NOTIC: [8] Trying to get property of non-object D:\¹¤³ÌÇø\dzxt\s\tp\Application\Flow\Controller\DemoController.class.php ç¬¬ 22 è¡Œ.
SQL: SELECT `id`,`form_id`,`flow_name`,`flow_desc`,`updatetime`,`dateline` FROM `ht_flow` WHERE `is_del` = 0 ORDER BY id desc  [ RunTime:0.0010s ]
SQL: SHOW COLUMNS FROM `ht_form` [ RunTime:0.0029s ]
SQL: SELECT * FROM `ht_form` WHERE ( 1=1 AND id='136' ) LIMIT 1   [ RunTime:0.0020s ]
SQL: SELECT * FROM `ht_form` WHERE ( 1=1 AND id='52' ) LIMIT 1   [ RunTime:0.0020s ]
SQL: SELECT * FROM `ht_form` WHERE ( 1=1 AND id='53' ) LIMIT 1   [ RunTime:0.0010s ]
SQL: SELECT * FROM `ht_form` WHERE ( 1=1 AND id='135' ) LIMIT 1   [ RunTime:0.0020s ]
SQL: SELECT * FROM `ht_form` WHERE ( 1=1 AND id='58' ) LIMIT 1   [ RunTime:0.0010s ]
INFO: [ app_end ] --START--
INFO: Run Behavior\ShowPageTraceBehavior [ RunTime:0.000976s ]
INFO: [ app_end ] --END-- [ RunTime:0.000976s ]

[ 2015-08-21T11:45:38+08:00 ] ::1 /s/tp/wwwroot/index.php?s=/Flow/flowdesign/index/flow_id/12.html?r=0.14797143707983196
INFO: [ app_init ] --START--
INFO: Run Behavior\BuildLiteBehavior [ RunTime:0.000000s ]
INFO: [ app_init ] --END-- [ RunTime:0.000000s ]
INFO: [ app_begin ] --START--
INFO: Run Behavior\ReadHtmlCacheBehavior [ RunTime:0.000977s ]
INFO: [ app_begin ] --END-- [ RunTime:0.000977s ]
SQL: SHOW COLUMNS FROM `ht_flow` [ RunTime:0.0039s ]
SQL: SELECT * FROM `ht_flow` WHERE `id` = 12 AND `is_del` = 0 LIMIT 1   [ RunTime:0.0020s ]
SQL: SHOW COLUMNS FROM `ht_flow_process` [ RunTime:0.0088s ]
SQL: SELECT * FROM `ht_flow_process` WHERE `flow_id` = 12 AND `is_del` = 0 ORDER BY id asc  [ RunTime:0.0029s ]
INFO: [ view_parse ] --START--
INFO: [ template_filter ] --START--
INFO: Run Behavior\ContentReplaceBehavior [ RunTime:0.000000s ]
INFO: [ template_filter ] --END-- [ RunTime:0.000000s ]
INFO: Run Behavior\ParseTemplateBehavior [ RunTime:0.193360s ]
INFO: [ view_parse ] --END-- [ RunTime:0.193360s ]
INFO: [ view_filter ] --START--
INFO: Run Behavior\WriteHtmlCacheBehavior [ RunTime:0.033203s ]
INFO: [ view_filter ] --END-- [ RunTime:0.033203s ]
INFO: [ app_end ] --START--
INFO: Run Behavior\ShowPageTraceBehavior [ RunTime:0.000976s ]
INFO: [ app_end ] --END-- [ RunTime:0.000976s ]

[ 2015-08-21T11:46:31+08:00 ] ::1 /s/tp/wwwroot/index.php?s=/Flow/run/add/flow_id/9.html
INFO: [ app_init ] --START--
INFO: Run Behavior\BuildLiteBehavior [ RunTime:0.000000s ]
INFO: [ app_init ] --END-- [ RunTime:0.000000s ]
INFO: [ app_begin ] --START--
INFO: Run Behavior\ReadHtmlCacheBehavior [ RunTime:0.000977s ]
INFO: [ app_begin ] --END-- [ RunTime:0.000977s ]
SQL: SHOW COLUMNS FROM `ht_flow` [ RunTime:0.0039s ]
SQL: SELECT * FROM `ht_flow` WHERE `id` = 9 AND `is_del` = 0 LIMIT 1   [ RunTime:0.0010s ]
SQL: SHOW COLUMNS FROM `ht_flow_process` [ RunTime:0.0049s ]
SQL: SELECT `id`,`flow_id`,`process_name`,`process_type`,`process_to`,`child_id`,`child_relation`,`child_after`,`child_back_process`,`return_sponsor_ids`,`return_respon_ids`,`write_fields`,`secret_fields`,`lock_fields`,`check_fields`,`auto_person`,`auto_unlock`,`auto_sponsor_ids`,`auto_sponsor_text`,`auto_respon_ids`,`auto_respon_text`,`auto_role_ids`,`auto_role_text`,`auto_process_sponsor`,`range_user_ids`,`range_user_text`,`range_dept_ids`,`range_dept_text`,`range_role_ids`,`range_role_text`,`receive_type`,`is_user_end`,`is_userop_pass`,`is_sing`,`sign_look`,`is_back`,`out_condition`,`setleft`,`settop`,`style` FROM `ht_flow_process` WHERE `flow_id` = 9 AND `is_del` = 0 ORDER BY id asc  [ RunTime:0.0020s ]
SQL: SHOW COLUMNS FROM `ht_form` [ RunTime:0.0029s ]
SQL: SELECT * FROM `ht_form` WHERE `id` = 53 AND `is_del` = 0 LIMIT 1   [ RunTime:0.0010s ]

[ 2015-08-21T11:48:48+08:00 ] ::1 /s/tp/wwwroot/index.php?s=/Flow/run/add/flow_id/9.html
INFO: [ app_init ] --START--
INFO: Run Behavior\BuildLiteBehavior [ RunTime:0.000000s ]
INFO: [ app_init ] --END-- [ RunTime:0.000977s ]
INFO: [ app_begin ] --START--
INFO: Run Behavior\ReadHtmlCacheBehavior [ RunTime:0.000000s ]
INFO: [ app_begin ] --END-- [ RunTime:0.000977s ]
SQL: SHOW COLUMNS FROM `ht_flow` [ RunTime:0.0059s ]
SQL: SELECT * FROM `ht_flow` WHERE `id` = 9 AND `is_del` = 0 LIMIT 1   [ RunTime:0.0010s ]
SQL: SHOW COLUMNS FROM `ht_flow_process` [ RunTime:0.0098s ]
SQL: SELECT `id`,`flow_id`,`process_name`,`process_type`,`process_to`,`child_id`,`child_relation`,`child_after`,`child_back_process`,`return_sponsor_ids`,`return_respon_ids`,`write_fields`,`secret_fields`,`lock_fields`,`check_fields`,`auto_person`,`auto_unlock`,`auto_sponsor_ids`,`auto_sponsor_text`,`auto_respon_ids`,`auto_respon_text`,`auto_role_ids`,`auto_role_text`,`auto_process_sponsor`,`range_user_ids`,`range_user_text`,`range_dept_ids`,`range_dept_text`,`range_role_ids`,`range_role_text`,`receive_type`,`is_user_end`,`is_userop_pass`,`is_sing`,`sign_look`,`is_back`,`out_condition`,`setleft`,`settop`,`style` FROM `ht_flow_process` WHERE `flow_id` = 9 AND `is_del` = 0 ORDER BY id asc  [ RunTime:0.0029s ]
SQL: SHOW COLUMNS FROM `ht_form` [ RunTime:0.0049s ]
SQL: SELECT * FROM `ht_form` WHERE `id` = 53 AND `is_del` = 0 LIMIT 1   [ RunTime:0.0010s ]

[ 2015-08-21T11:49:15+08:00 ] ::1 /s/tp/wwwroot/index.php?s=/Flow/run/add/flow_id/9.html
INFO: [ app_init ] --START--
INFO: Run Behavior\BuildLiteBehavior [ RunTime:0.000000s ]
INFO: [ app_init ] --END-- [ RunTime:0.000000s ]
INFO: [ app_begin ] --START--
INFO: Run Behavior\ReadHtmlCacheBehavior [ RunTime:0.000977s ]
INFO: [ app_begin ] --END-- [ RunTime:0.000977s ]
SQL: SHOW COLUMNS FROM `ht_flow` [ RunTime:0.0039s ]
SQL: SELECT * FROM `ht_flow` WHERE `id` = 9 AND `is_del` = 0 LIMIT 1   [ RunTime:0.0020s ]
SQL: SHOW COLUMNS FROM `ht_flow_process` [ RunTime:0.0088s ]
SQL: SELECT `id`,`flow_id`,`process_name`,`process_type`,`process_to`,`child_id`,`child_relation`,`child_after`,`child_back_process`,`return_sponsor_ids`,`return_respon_ids`,`write_fields`,`secret_fields`,`lock_fields`,`check_fields`,`auto_person`,`auto_unlock`,`auto_sponsor_ids`,`auto_sponsor_text`,`auto_respon_ids`,`auto_respon_text`,`auto_role_ids`,`auto_role_text`,`auto_process_sponsor`,`range_user_ids`,`range_user_text`,`range_dept_ids`,`range_dept_text`,`range_role_ids`,`range_role_text`,`receive_type`,`is_user_end`,`is_userop_pass`,`is_sing`,`sign_look`,`is_back`,`out_condition`,`setleft`,`settop`,`style` FROM `ht_flow_process` WHERE `flow_id` = 9 AND `is_del` = 0 ORDER BY id asc  [ RunTime:0.0020s ]
SQL: SHOW COLUMNS FROM `ht_form` [ RunTime:0.0049s ]
SQL: SELECT * FROM `ht_form` WHERE `id` = 53 AND `is_del` = 0 LIMIT 1   [ RunTime:0.0020s ]

[ 2015-08-21T11:49:25+08:00 ] ::1 /s/tp/wwwroot/index.php?s=/Flow/run/add/flow_id/9.html
INFO: [ app_init ] --START--
INFO: Run Behavior\BuildLiteBehavior [ RunTime:0.000000s ]
INFO: [ app_init ] --END-- [ RunTime:0.000000s ]
INFO: [ app_begin ] --START--
INFO: Run Behavior\ReadHtmlCacheBehavior [ RunTime:0.000000s ]
INFO: [ app_begin ] --END-- [ RunTime:0.000000s ]
SQL: SHOW COLUMNS FROM `ht_flow` [ RunTime:0.0039s ]
SQL: SELECT * FROM `ht_flow` WHERE `id` = 9 AND `is_del` = 0 LIMIT 1   [ RunTime:0.0020s ]
SQL: SHOW COLUMNS FROM `ht_flow_process` [ RunTime:0.0088s ]
SQL: SELECT `id`,`flow_id`,`process_name`,`process_type`,`process_to`,`child_id`,`child_relation`,`child_after`,`child_back_process`,`return_sponsor_ids`,`return_respon_ids`,`write_fields`,`secret_fields`,`lock_fields`,`check_fields`,`auto_person`,`auto_unlock`,`auto_sponsor_ids`,`auto_sponsor_text`,`auto_respon_ids`,`auto_respon_text`,`auto_role_ids`,`auto_role_text`,`auto_process_sponsor`,`range_user_ids`,`range_user_text`,`range_dept_ids`,`range_dept_text`,`range_role_ids`,`range_role_text`,`receive_type`,`is_user_end`,`is_userop_pass`,`is_sing`,`sign_look`,`is_back`,`out_condition`,`setleft`,`settop`,`style` FROM `ht_flow_process` WHERE `flow_id` = 9 AND `is_del` = 0 ORDER BY id asc  [ RunTime:0.0029s ]
SQL: SHOW COLUMNS FROM `ht_form` [ RunTime:0.0039s ]
SQL: SELECT * FROM `ht_form` WHERE `id` = 53 AND `is_del` = 0 LIMIT 1   [ RunTime:0.0010s ]

[ 2015-08-21T11:50:06+08:00 ] ::1 /s/tp/wwwroot/index.php?s=/Flow/run/add/flow_id/9.html
INFO: [ app_init ] --START--
INFO: Run Behavior\BuildLiteBehavior [ RunTime:0.000000s ]
INFO: [ app_init ] --END-- [ RunTime:0.000000s ]
INFO: [ app_begin ] --START--
INFO: Run Behavior\ReadHtmlCacheBehavior [ RunTime:0.000976s ]
INFO: [ app_begin ] --END-- [ RunTime:0.000976s ]
SQL: SHOW COLUMNS FROM `ht_flow` [ RunTime:0.0049s ]
SQL: SELECT * FROM `ht_flow` WHERE `id` = 9 AND `is_del` = 0 LIMIT 1   [ RunTime:0.0020s ]
SQL: SHOW COLUMNS FROM `ht_flow_process` [ RunTime:0.0088s ]
SQL: SELECT `id`,`flow_id`,`process_name`,`process_type`,`process_to`,`child_id`,`child_relation`,`child_after`,`child_back_process`,`return_sponsor_ids`,`return_respon_ids`,`write_fields`,`secret_fields`,`lock_fields`,`check_fields`,`auto_person`,`auto_unlock`,`auto_sponsor_ids`,`auto_sponsor_text`,`auto_respon_ids`,`auto_respon_text`,`auto_role_ids`,`auto_role_text`,`auto_process_sponsor`,`range_user_ids`,`range_user_text`,`range_dept_ids`,`range_dept_text`,`range_role_ids`,`range_role_text`,`receive_type`,`is_user_end`,`is_userop_pass`,`is_sing`,`sign_look`,`is_back`,`out_condition`,`setleft`,`settop`,`style` FROM `ht_flow_process` WHERE `flow_id` = 9 AND `is_del` = 0 ORDER BY id asc  [ RunTime:0.0029s ]
SQL: SHOW COLUMNS FROM `ht_form` [ RunTime:0.0049s ]
SQL: SELECT * FROM `ht_form` WHERE `id` = 53 AND `is_del` = 0 LIMIT 1   [ RunTime:0.0020s ]

[ 2015-08-21T11:50:50+08:00 ] ::1 /s/tp/wwwroot/index.php?s=/Flow/run/add/flow_id/9.html
INFO: [ app_init ] --START--
INFO: Run Behavior\BuildLiteBehavior [ RunTime:0.000000s ]
INFO: [ app_init ] --END-- [ RunTime:0.000000s ]
INFO: [ app_begin ] --START--
INFO: Run Behavior\ReadHtmlCacheBehavior [ RunTime:0.000977s ]
INFO: [ app_begin ] --END-- [ RunTime:0.000977s ]
SQL: SHOW COLUMNS FROM `ht_flow` [ RunTime:0.0088s ]
SQL: SELECT * FROM `ht_flow` WHERE `id` = 9 AND `is_del` = 0 LIMIT 1   [ RunTime:0.0029s ]
SQL: SHOW COLUMNS FROM `ht_flow_process` [ RunTime:0.0156s ]
SQL: SELECT `id`,`flow_id`,`process_name`,`process_type`,`process_to`,`child_id`,`child_relation`,`child_after`,`child_back_process`,`return_sponsor_ids`,`return_respon_ids`,`write_fields`,`secret_fields`,`lock_fields`,`check_fields`,`auto_person`,`auto_unlock`,`auto_sponsor_ids`,`auto_sponsor_text`,`auto_respon_ids`,`auto_respon_text`,`auto_role_ids`,`auto_role_text`,`auto_process_sponsor`,`range_user_ids`,`range_user_text`,`range_dept_ids`,`range_dept_text`,`range_role_ids`,`range_role_text`,`receive_type`,`is_user_end`,`is_userop_pass`,`is_sing`,`sign_look`,`is_back`,`out_condition`,`setleft`,`settop`,`style` FROM `ht_flow_process` WHERE `flow_id` = 9 AND `is_del` = 0 ORDER BY id asc  [ RunTime:0.0059s ]
SQL: SHOW COLUMNS FROM `ht_form` [ RunTime:0.0088s ]
SQL: SELECT * FROM `ht_form` WHERE `id` = 53 AND `is_del` = 0 LIMIT 1   [ RunTime:0.0010s ]

[ 2015-08-21T11:50:52+08:00 ] ::1 /s/tp/wwwroot/index.php?s=/Flow/run/add/flow_id/9.html
INFO: [ app_init ] --START--
INFO: Run Behavior\BuildLiteBehavior [ RunTime:0.000000s ]
INFO: [ app_init ] --END-- [ RunTime:0.000977s ]
INFO: [ app_begin ] --START--
INFO: Run Behavior\ReadHtmlCacheBehavior [ RunTime:0.000976s ]
INFO: [ app_begin ] --END-- [ RunTime:0.000976s ]
SQL: SHOW COLUMNS FROM `ht_flow` [ RunTime:0.0029s ]
SQL: SELECT * FROM `ht_flow` WHERE `id` = 9 AND `is_del` = 0 LIMIT 1   [ RunTime:0.0010s ]
SQL: SHOW COLUMNS FROM `ht_flow_process` [ RunTime:0.0049s ]
SQL: SELECT `id`,`flow_id`,`process_name`,`process_type`,`process_to`,`child_id`,`child_relation`,`child_after`,`child_back_process`,`return_sponsor_ids`,`return_respon_ids`,`write_fields`,`secret_fields`,`lock_fields`,`check_fields`,`auto_person`,`auto_unlock`,`auto_sponsor_ids`,`auto_sponsor_text`,`auto_respon_ids`,`auto_respon_text`,`auto_role_ids`,`auto_role_text`,`auto_process_sponsor`,`range_user_ids`,`range_user_text`,`range_dept_ids`,`range_dept_text`,`range_role_ids`,`range_role_text`,`receive_type`,`is_user_end`,`is_userop_pass`,`is_sing`,`sign_look`,`is_back`,`out_condition`,`setleft`,`settop`,`style` FROM `ht_flow_process` WHERE `flow_id` = 9 AND `is_del` = 0 ORDER BY id asc  [ RunTime:0.0020s ]
SQL: SHOW COLUMNS FROM `ht_form` [ RunTime:0.0029s ]
SQL: SELECT * FROM `ht_form` WHERE `id` = 53 AND `is_del` = 0 LIMIT 1   [ RunTime:0.0010s ]

[ 2015-08-21T12:29:36+08:00 ] ::1 /s/tp/wwwroot/index.php?s=/Flow/demo/index/getflow/ok.html
INFO: [ app_init ] --START--
INFO: Run Behavior\BuildLiteBehavior [ RunTime:0.000000s ]
INFO: [ app_init ] --END-- [ RunTime:0.000000s ]
INFO: [ app_begin ] --START--
INFO: Run Behavior\ReadHtmlCacheBehavior [ RunTime:0.000977s ]
INFO: [ app_begin ] --END-- [ RunTime:0.000977s ]
SQL: SHOW COLUMNS FROM `ht_flow` [ RunTime:0.0059s ]
SQL: SELECT COUNT(id) AS tp_count FROM `ht_flow` WHERE `is_del` = 0 LIMIT 1   [ RunTime:0.0010s ]
NOTIC: [8] Undefined variable: p D:\¹¤³ÌÇø\dzxt\s\tp\Application\Flow\Controller\DemoController.class.php ç¬¬ 22 è¡Œ.
NOTIC: [8] Trying to get property of non-object D:\¹¤³ÌÇø\dzxt\s\tp\Application\Flow\Controller\DemoController.class.php ç¬¬ 22 è¡Œ.
NOTIC: [8] Undefined variable: p D:\¹¤³ÌÇø\dzxt\s\tp\Application\Flow\Controller\DemoController.class.php ç¬¬ 22 è¡Œ.
NOTIC: [8] Trying to get property of non-object D:\¹¤³ÌÇø\dzxt\s\tp\Application\Flow\Controller\DemoController.class.php ç¬¬ 22 è¡Œ.
SQL: SELECT `id`,`form_id`,`flow_name`,`flow_desc`,`updatetime`,`dateline` FROM `ht_flow` WHERE `is_del` = 0 ORDER BY id desc  [ RunTime:0.0010s ]
SQL: SHOW COLUMNS FROM `ht_form` [ RunTime:0.0049s ]
SQL: SELECT * FROM `ht_form` WHERE ( 1=1 AND id='136' ) LIMIT 1   [ RunTime:0.0020s ]
SQL: SELECT * FROM `ht_form` WHERE ( 1=1 AND id='52' ) LIMIT 1   [ RunTime:0.0020s ]
SQL: SELECT * FROM `ht_form` WHERE ( 1=1 AND id='53' ) LIMIT 1   [ RunTime:0.0010s ]
SQL: SELECT * FROM `ht_form` WHERE ( 1=1 AND id='135' ) LIMIT 1   [ RunTime:0.0010s ]
SQL: SELECT * FROM `ht_form` WHERE ( 1=1 AND id='58' ) LIMIT 1   [ RunTime:0.0020s ]
INFO: [ app_end ] --START--
INFO: Run Behavior\ShowPageTraceBehavior [ RunTime:0.000000s ]
INFO: [ app_end ] --END-- [ RunTime:0.000000s ]

[ 2015-08-21T12:29:39+08:00 ] ::1 /s/tp/wwwroot/index.php?s=/Flow/flowdesign/index/flow_id/10.html?r=0.5467170220799744
INFO: [ app_init ] --START--
INFO: Run Behavior\BuildLiteBehavior [ RunTime:0.000000s ]
INFO: [ app_init ] --END-- [ RunTime:0.000000s ]
INFO: [ app_begin ] --START--
INFO: Run Behavior\ReadHtmlCacheBehavior [ RunTime:0.000000s ]
INFO: [ app_begin ] --END-- [ RunTime:0.000000s ]
SQL: SHOW COLUMNS FROM `ht_flow` [ RunTime:0.0029s ]
SQL: SELECT * FROM `ht_flow` WHERE `id` = 10 AND `is_del` = 0 LIMIT 1   [ RunTime:0.0010s ]
SQL: SHOW COLUMNS FROM `ht_flow_process` [ RunTime:0.0059s ]
SQL: SELECT * FROM `ht_flow_process` WHERE `flow_id` = 10 AND `is_del` = 0 ORDER BY id asc  [ RunTime:0.0020s ]
INFO: [ view_parse ] --START--
INFO: [ template_filter ] --START--
INFO: Run Behavior\ContentReplaceBehavior [ RunTime:0.000000s ]
INFO: [ template_filter ] --END-- [ RunTime:0.000000s ]
INFO: Run Behavior\ParseTemplateBehavior [ RunTime:0.025390s ]
INFO: [ view_parse ] --END-- [ RunTime:0.026367s ]
INFO: [ view_filter ] --START--
INFO: Run Behavior\WriteHtmlCacheBehavior [ RunTime:0.000000s ]
INFO: [ view_filter ] --END-- [ RunTime:0.000977s ]
INFO: [ app_end ] --START--
INFO: Run Behavior\ShowPageTraceBehavior [ RunTime:0.000977s ]
INFO: [ app_end ] --END-- [ RunTime:0.000977s ]

[ 2015-08-21T12:29:43+08:00 ] ::1 /s/tp/wwwroot/index.php?s=/Flow/demo.html
INFO: [ app_init ] --START--
INFO: Run Behavior\BuildLiteBehavior [ RunTime:0.000000s ]
INFO: [ app_init ] --END-- [ RunTime:0.000000s ]
INFO: [ app_begin ] --START--
INFO: Run Behavior\ReadHtmlCacheBehavior [ RunTime:0.000000s ]
INFO: [ app_begin ] --END-- [ RunTime:0.000000s ]
SQL: SHOW COLUMNS FROM `ht_flow` [ RunTime:0.0029s ]
SQL: SELECT COUNT(id) AS tp_count FROM `ht_flow` WHERE `is_del` = 0 LIMIT 1   [ RunTime:0.0010s ]
SQL: SELECT `id`,`form_id`,`flow_name`,`flow_desc`,`updatetime`,`dateline` FROM `ht_flow` WHERE `is_del` = 0 ORDER BY id desc LIMIT 0,5   [ RunTime:0.0010s ]
SQL: SHOW COLUMNS FROM `ht_form` [ RunTime:0.0029s ]
SQL: SELECT * FROM `ht_form` WHERE ( 1=1 AND id='136' ) LIMIT 1   [ RunTime:0.0010s ]
SQL: SELECT * FROM `ht_form` WHERE ( 1=1 AND id='52' ) LIMIT 1   [ RunTime:0.0020s ]
SQL: SELECT * FROM `ht_form` WHERE ( 1=1 AND id='53' ) LIMIT 1   [ RunTime:0.0000s ]
SQL: SELECT * FROM `ht_form` WHERE ( 1=1 AND id='135' ) LIMIT 1   [ RunTime:0.0010s ]
SQL: SELECT * FROM `ht_form` WHERE ( 1=1 AND id='58' ) LIMIT 1   [ RunTime:0.0010s ]
INFO: [ view_parse ] --START--
INFO: [ template_filter ] --START--
INFO: Run Behavior\ContentReplaceBehavior [ RunTime:0.000000s ]
INFO: [ template_filter ] --END-- [ RunTime:0.000000s ]
NOTIC: [8] Undefined index: fields D:\¹¤³ÌÇø\dzxt\s\tp\Application\Runtime\Cache\Flow\662ed522db5feac180987a31498d338d.php ç¬¬ 61 è¡Œ.
NOTIC: [8] Undefined index: fields D:\¹¤³ÌÇø\dzxt\s\tp\Application\Runtime\Cache\Flow\662ed522db5feac180987a31498d338d.php ç¬¬ 61 è¡Œ.
NOTIC: [8] Undefined index: fields D:\¹¤³ÌÇø\dzxt\s\tp\Application\Runtime\Cache\Flow\662ed522db5feac180987a31498d338d.php ç¬¬ 61 è¡Œ.
NOTIC: [8] Undefined index: fields D:\¹¤³ÌÇø\dzxt\s\tp\Application\Runtime\Cache\Flow\662ed522db5feac180987a31498d338d.php ç¬¬ 61 è¡Œ.
NOTIC: [8] Undefined index: fields D:\¹¤³ÌÇø\dzxt\s\tp\Application\Runtime\Cache\Flow\662ed522db5feac180987a31498d338d.php ç¬¬ 61 è¡Œ.
INFO: Run Behavior\ParseTemplateBehavior [ RunTime:0.033204s ]
INFO: [ view_parse ] --END-- [ RunTime:0.033204s ]
INFO: [ view_filter ] --START--
INFO: Run Behavior\WriteHtmlCacheBehavior [ RunTime:0.000976s ]
INFO: [ view_filter ] --END-- [ RunTime:0.000976s ]
INFO: [ app_end ] --START--
INFO: Run Behavior\ShowPageTraceBehavior [ RunTime:0.000000s ]
INFO: [ app_end ] --END-- [ RunTime:0.000000s ]

[ 2015-08-21T14:49:40+08:00 ] ::1 /s/tp/wwwroot/index.php?s=/Flow/demo/index/getflow/ok.html
INFO: [ app_init ] --START--
INFO: Run Behavior\BuildLiteBehavior [ RunTime:0.000000s ]
INFO: [ app_init ] --END-- [ RunTime:0.000000s ]
INFO: [ app_begin ] --START--
INFO: Run Behavior\ReadHtmlCacheBehavior [ RunTime:0.000976s ]
INFO: [ app_begin ] --END-- [ RunTime:0.000976s ]
SQL: SHOW COLUMNS FROM `ht_flow` [ RunTime:0.0029s ]
SQL: SELECT COUNT(id) AS tp_count FROM `ht_flow` WHERE `is_del` = 0 LIMIT 1   [ RunTime:0.0010s ]
NOTIC: [8] Undefined variable: p D:\¹¤³ÌÇø\dzxt\s\tp\Application\Flow\Controller\DemoController.class.php ç¬¬ 22 è¡Œ.
NOTIC: [8] Trying to get property of non-object D:\¹¤³ÌÇø\dzxt\s\tp\Application\Flow\Controller\DemoController.class.php ç¬¬ 22 è¡Œ.
NOTIC: [8] Undefined variable: p D:\¹¤³ÌÇø\dzxt\s\tp\Application\Flow\Controller\DemoController.class.php ç¬¬ 22 è¡Œ.
NOTIC: [8] Trying to get property of non-object D:\¹¤³ÌÇø\dzxt\s\tp\Application\Flow\Controller\DemoController.class.php ç¬¬ 22 è¡Œ.
SQL: SELECT `id`,`form_id`,`flow_name`,`flow_desc`,`updatetime`,`dateline` FROM `ht_flow` WHERE `is_del` = 0 ORDER BY id desc  [ RunTime:0.0010s ]
SQL: SHOW COLUMNS FROM `ht_form` [ RunTime:0.0029s ]
SQL: SELECT * FROM `ht_form` WHERE ( 1=1 AND id='136' ) LIMIT 1   [ RunTime:0.0010s ]
SQL: SELECT * FROM `ht_form` WHERE ( 1=1 AND id='52' ) LIMIT 1   [ RunTime:0.0020s ]
SQL: SELECT * FROM `ht_form` WHERE ( 1=1 AND id='53' ) LIMIT 1   [ RunTime:0.0010s ]
SQL: SELECT * FROM `ht_form` WHERE ( 1=1 AND id='135' ) LIMIT 1   [ RunTime:0.0010s ]
SQL: SELECT * FROM `ht_form` WHERE ( 1=1 AND id='58' ) LIMIT 1   [ RunTime:0.0010s ]
INFO: [ app_end ] --START--
INFO: Run Behavior\ShowPageTraceBehavior [ RunTime:0.000000s ]
INFO: [ app_end ] --END-- [ RunTime:0.000977s ]

[ 2015-08-21T14:49:44+08:00 ] ::1 /s/tp/wwwroot/index.php?s=/Flow/demo/index/getflow/ok.html
INFO: [ app_init ] --START--
INFO: Run Behavior\BuildLiteBehavior [ RunTime:0.000000s ]
INFO: [ app_init ] --END-- [ RunTime:0.000976s ]
INFO: [ app_begin ] --START--
INFO: Run Behavior\ReadHtmlCacheBehavior [ RunTime:0.000977s ]
INFO: [ app_begin ] --END-- [ RunTime:0.000977s ]
SQL: SHOW COLUMNS FROM `ht_flow` [ RunTime:0.0078s ]
SQL: SELECT COUNT(id) AS tp_count FROM `ht_flow` WHERE `is_del` = 0 LIMIT 1   [ RunTime:0.0020s ]
NOTIC: [8] Undefined variable: p D:\¹¤³ÌÇø\dzxt\s\tp\Application\Flow\Controller\DemoController.class.php ç¬¬ 22 è¡Œ.
NOTIC: [8] Trying to get property of non-object D:\¹¤³ÌÇø\dzxt\s\tp\Application\Flow\Controller\DemoController.class.php ç¬¬ 22 è¡Œ.
NOTIC: [8] Undefined variable: p D:\¹¤³ÌÇø\dzxt\s\tp\Application\Flow\Controller\DemoController.class.php ç¬¬ 22 è¡Œ.
NOTIC: [8] Trying to get property of non-object D:\¹¤³ÌÇø\dzxt\s\tp\Application\Flow\Controller\DemoController.class.php ç¬¬ 22 è¡Œ.
SQL: SELECT `id`,`form_id`,`flow_name`,`flow_desc`,`updatetime`,`dateline` FROM `ht_flow` WHERE `is_del` = 0 ORDER BY id desc  [ RunTime:0.0020s ]
SQL: SHOW COLUMNS FROM `ht_form` [ RunTime:0.0088s ]
SQL: SELECT * FROM `ht_form` WHERE ( 1=1 AND id='136' ) LIMIT 1   [ RunTime:0.0029s ]
SQL: SELECT * FROM `ht_form` WHERE ( 1=1 AND id='52' ) LIMIT 1   [ RunTime:0.0039s ]
SQL: SELECT * FROM `ht_form` WHERE ( 1=1 AND id='53' ) LIMIT 1   [ RunTime:0.0020s ]
SQL: SELECT * FROM `ht_form` WHERE ( 1=1 AND id='135' ) LIMIT 1   [ RunTime:0.0020s ]
SQL: SELECT * FROM `ht_form` WHERE ( 1=1 AND id='58' ) LIMIT 1   [ RunTime:0.0020s ]
INFO: [ app_end ] --START--
INFO: Run Behavior\ShowPageTraceBehavior [ RunTime:0.000976s ]
INFO: [ app_end ] --END-- [ RunTime:0.000976s ]

[ 2015-08-21T14:49:48+08:00 ] ::1 /s/tp/wwwroot/index.php?s=/Flow/demo/index/getflow/ok.html
INFO: [ app_init ] --START--
INFO: Run Behavior\BuildLiteBehavior [ RunTime:0.000000s ]
INFO: [ app_init ] --END-- [ RunTime:0.000000s ]
INFO: [ app_begin ] --START--
INFO: Run Behavior\ReadHtmlCacheBehavior [ RunTime:0.000977s ]
INFO: [ app_begin ] --END-- [ RunTime:0.000977s ]
SQL: SHOW COLUMNS FROM `ht_flow` [ RunTime:0.0039s ]
SQL: SELECT COUNT(id) AS tp_count FROM `ht_flow` WHERE `is_del` = 0 LIMIT 1   [ RunTime:0.0010s ]
NOTIC: [8] Undefined variable: p D:\¹¤³ÌÇø\dzxt\s\tp\Application\Flow\Controller\DemoController.class.php ç¬¬ 22 è¡Œ.
NOTIC: [8] Trying to get property of non-object D:\¹¤³ÌÇø\dzxt\s\tp\Application\Flow\Controller\DemoController.class.php ç¬¬ 22 è¡Œ.
NOTIC: [8] Undefined variable: p D:\¹¤³ÌÇø\dzxt\s\tp\Application\Flow\Controller\DemoController.class.php ç¬¬ 22 è¡Œ.
NOTIC: [8] Trying to get property of non-object D:\¹¤³ÌÇø\dzxt\s\tp\Application\Flow\Controller\DemoController.class.php ç¬¬ 22 è¡Œ.
SQL: SELECT `id`,`form_id`,`flow_name`,`flow_desc`,`updatetime`,`dateline` FROM `ht_flow` WHERE `is_del` = 0 ORDER BY id desc  [ RunTime:0.0020s ]
SQL: SHOW COLUMNS FROM `ht_form` [ RunTime:0.0049s ]
SQL: SELECT * FROM `ht_form` WHERE ( 1=1 AND id='136' ) LIMIT 1   [ RunTime:0.0029s ]
SQL: SELECT * FROM `ht_form` WHERE ( 1=1 AND id='52' ) LIMIT 1   [ RunTime:0.0029s ]
SQL: SELECT * FROM `ht_form` WHERE ( 1=1 AND id='53' ) LIMIT 1   [ RunTime:0.0010s ]
SQL: SELECT * FROM `ht_form` WHERE ( 1=1 AND id='135' ) LIMIT 1   [ RunTime:0.0020s ]
SQL: SELECT * FROM `ht_form` WHERE ( 1=1 AND id='58' ) LIMIT 1   [ RunTime:0.0020s ]
INFO: [ app_end ] --START--
INFO: Run Behavior\ShowPageTraceBehavior [ RunTime:0.000000s ]
INFO: [ app_end ] --END-- [ RunTime:0.000977s ]

[ 2015-08-21T14:49:52+08:00 ] ::1 /s/tp/wwwroot/index.php?s=/Flow/demo/index/getflow/ok.html
INFO: [ app_init ] --START--
INFO: Run Behavior\BuildLiteBehavior [ RunTime:0.000000s ]
INFO: [ app_init ] --END-- [ RunTime:0.002929s ]
INFO: [ app_begin ] --START--
INFO: Run Behavior\ReadHtmlCacheBehavior [ RunTime:0.000977s ]
INFO: [ app_begin ] --END-- [ RunTime:0.000977s ]
SQL: SHOW COLUMNS FROM `ht_flow` [ RunTime:0.0078s ]
SQL: SELECT COUNT(id) AS tp_count FROM `ht_flow` WHERE `is_del` = 0 LIMIT 1   [ RunTime:0.0020s ]
NOTIC: [8] Undefined variable: p D:\¹¤³ÌÇø\dzxt\s\tp\Application\Flow\Controller\DemoController.class.php ç¬¬ 22 è¡Œ.
NOTIC: [8] Trying to get property of non-object D:\¹¤³ÌÇø\dzxt\s\tp\Application\Flow\Controller\DemoController.class.php ç¬¬ 22 è¡Œ.
NOTIC: [8] Undefined variable: p D:\¹¤³ÌÇø\dzxt\s\tp\Application\Flow\Controller\DemoController.class.php ç¬¬ 22 è¡Œ.
NOTIC: [8] Trying to get property of non-object D:\¹¤³ÌÇø\dzxt\s\tp\Application\Flow\Controller\DemoController.class.php ç¬¬ 22 è¡Œ.
SQL: SELECT `id`,`form_id`,`flow_name`,`flow_desc`,`updatetime`,`dateline` FROM `ht_flow` WHERE `is_del` = 0 ORDER BY id desc  [ RunTime:0.0020s ]
SQL: SHOW COLUMNS FROM `ht_form` [ RunTime:0.0088s ]
SQL: SELECT * FROM `ht_form` WHERE ( 1=1 AND id='136' ) LIMIT 1   [ RunTime:0.0020s ]
SQL: SELECT * FROM `ht_form` WHERE ( 1=1 AND id='52' ) LIMIT 1   [ RunTime:0.0029s ]
SQL: SELECT * FROM `ht_form` WHERE ( 1=1 AND id='53' ) LIMIT 1   [ RunTime:0.0010s ]
SQL: SELECT * FROM `ht_form` WHERE ( 1=1 AND id='135' ) LIMIT 1   [ RunTime:0.0020s ]
SQL: SELECT * FROM `ht_form` WHERE ( 1=1 AND id='58' ) LIMIT 1   [ RunTime:0.0010s ]
INFO: [ app_end ] --START--
INFO: Run Behavior\ShowPageTraceBehavior [ RunTime:0.000977s ]
INFO: [ app_end ] --END-- [ RunTime:0.000977s ]

[ 2015-08-21T14:50:05+08:00 ] ::1 /s/tp/wwwroot/index.php?s=/Flow/demo/index/getflow/ok.html
INFO: [ app_init ] --START--
INFO: Run Behavior\BuildLiteBehavior [ RunTime:0.000000s ]
INFO: [ app_init ] --END-- [ RunTime:0.000000s ]
INFO: [ app_begin ] --START--
INFO: Run Behavior\ReadHtmlCacheBehavior [ RunTime:0.000000s ]
INFO: [ app_begin ] --END-- [ RunTime:0.000000s ]
SQL: SHOW COLUMNS FROM `ht_flow` [ RunTime:0.0088s ]
SQL: SELECT COUNT(id) AS tp_count FROM `ht_flow` WHERE `is_del` = 0 LIMIT 1   [ RunTime:0.0020s ]
NOTIC: [8] Undefined variable: p D:\¹¤³ÌÇø\dzxt\s\tp\Application\Flow\Controller\DemoController.class.php ç¬¬ 22 è¡Œ.
NOTIC: [8] Trying to get property of non-object D:\¹¤³ÌÇø\dzxt\s\tp\Application\Flow\Controller\DemoController.class.php ç¬¬ 22 è¡Œ.
NOTIC: [8] Undefined variable: p D:\¹¤³ÌÇø\dzxt\s\tp\Application\Flow\Controller\DemoController.class.php ç¬¬ 22 è¡Œ.
NOTIC: [8] Trying to get property of non-object D:\¹¤³ÌÇø\dzxt\s\tp\Application\Flow\Controller\DemoController.class.php ç¬¬ 22 è¡Œ.
SQL: SELECT `id`,`form_id`,`flow_name`,`flow_desc`,`updatetime`,`dateline` FROM `ht_flow` WHERE `is_del` = 0 ORDER BY id desc  [ RunTime:0.0029s ]
SQL: SHOW COLUMNS FROM `ht_form` [ RunTime:0.0049s ]
SQL: SELECT * FROM `ht_form` WHERE ( 1=1 AND id='136' ) LIMIT 1   [ RunTime:0.0020s ]
SQL: SELECT * FROM `ht_form` WHERE ( 1=1 AND id='52' ) LIMIT 1   [ RunTime:0.0029s ]
SQL: SELECT * FROM `ht_form` WHERE ( 1=1 AND id='53' ) LIMIT 1   [ RunTime:0.0020s ]
SQL: SELECT * FROM `ht_form` WHERE ( 1=1 AND id='135' ) LIMIT 1   [ RunTime:0.0020s ]
SQL: SELECT * FROM `ht_form` WHERE ( 1=1 AND id='58' ) LIMIT 1   [ RunTime:0.0020s ]
INFO: [ app_end ] --START--
INFO: Run Behavior\ShowPageTraceBehavior [ RunTime:0.000976s ]
INFO: [ app_end ] --END-- [ RunTime:0.000976s ]

[ 2015-08-21T14:50:06+08:00 ] ::1 /s/tp/wwwroot/index.php?s=/Flow/run/index.html
INFO: [ app_init ] --START--
INFO: Run Behavior\BuildLiteBehavior [ RunTime:0.000000s ]
INFO: [ app_init ] --END-- [ RunTime:0.000977s ]
INFO: [ app_begin ] --START--
INFO: Run Behavior\ReadHtmlCacheBehavior [ RunTime:0.000976s ]
INFO: [ app_begin ] --END-- [ RunTime:0.000976s ]
SQL: SHOW COLUMNS FROM `ht_flow` [ RunTime:0.0088s ]
SQL: SELECT COUNT(id) AS tp_count FROM `ht_flow` WHERE `is_del` = 0 LIMIT 1   [ RunTime:0.0020s ]
SQL: SELECT `id`,`form_id`,`flow_name`,`flow_desc`,`updatetime`,`dateline` FROM `ht_flow` WHERE `is_del` = 0 ORDER BY id desc LIMIT 0,5   [ RunTime:0.0020s ]
SQL: SHOW COLUMNS FROM `ht_form` [ RunTime:0.0088s ]
SQL: SELECT * FROM `ht_form` WHERE ( 1=1 AND id='136' ) LIMIT 1   [ RunTime:0.0020s ]
SQL: SELECT * FROM `ht_form` WHERE ( 1=1 AND id='52' ) LIMIT 1   [ RunTime:0.0029s ]
SQL: SELECT * FROM `ht_form` WHERE ( 1=1 AND id='53' ) LIMIT 1   [ RunTime:0.0020s ]
SQL: SELECT * FROM `ht_form` WHERE ( 1=1 AND id='135' ) LIMIT 1   [ RunTime:0.0020s ]
SQL: SELECT * FROM `ht_form` WHERE ( 1=1 AND id='58' ) LIMIT 1   [ RunTime:0.0020s ]
INFO: [ view_parse ] --START--
INFO: [ template_filter ] --START--
INFO: Run Behavior\ContentReplaceBehavior [ RunTime:0.000000s ]
INFO: [ template_filter ] --END-- [ RunTime:0.000000s ]
NOTIC: [8] Undefined index: fields D:\¹¤³ÌÇø\dzxt\s\tp\Application\Runtime\Cache\Flow\181c1c2e35e3e8c6e22fa9acf82a2d1a.php ç¬¬ 75 è¡Œ.
NOTIC: [8] Undefined index: fields D:\¹¤³ÌÇø\dzxt\s\tp\Application\Runtime\Cache\Flow\181c1c2e35e3e8c6e22fa9acf82a2d1a.php ç¬¬ 75 è¡Œ.
NOTIC: [8] Undefined index: fields D:\¹¤³ÌÇø\dzxt\s\tp\Application\Runtime\Cache\Flow\181c1c2e35e3e8c6e22fa9acf82a2d1a.php ç¬¬ 75 è¡Œ.
NOTIC: [8] Undefined index: fields D:\¹¤³ÌÇø\dzxt\s\tp\Application\Runtime\Cache\Flow\181c1c2e35e3e8c6e22fa9acf82a2d1a.php ç¬¬ 75 è¡Œ.
NOTIC: [8] Undefined index: fields D:\¹¤³ÌÇø\dzxt\s\tp\Application\Runtime\Cache\Flow\181c1c2e35e3e8c6e22fa9acf82a2d1a.php ç¬¬ 75 è¡Œ.
INFO: Run Behavior\ParseTemplateBehavior [ RunTime:0.131836s ]
INFO: [ view_parse ] --END-- [ RunTime:0.131836s ]
INFO: [ view_filter ] --START--
INFO: Run Behavior\WriteHtmlCacheBehavior [ RunTime:0.045899s ]
INFO: [ view_filter ] --END-- [ RunTime:0.045899s ]
INFO: [ app_end ] --START--
INFO: Run Behavior\ShowPageTraceBehavior [ RunTime:0.000976s ]
INFO: [ app_end ] --END-- [ RunTime:0.000976s ]

[ 2015-08-21T14:50:11+08:00 ] ::1 /s/tp/wwwroot/index.php?s=/Flow/run/index.html
INFO: [ app_init ] --START--
INFO: Run Behavior\BuildLiteBehavior [ RunTime:0.000000s ]
INFO: [ app_init ] --END-- [ RunTime:0.000000s ]
INFO: [ app_begin ] --START--
INFO: Run Behavior\ReadHtmlCacheBehavior [ RunTime:0.000000s ]
INFO: [ app_begin ] --END-- [ RunTime:0.000000s ]
SQL: SHOW COLUMNS FROM `ht_flow` [ RunTime:0.0039s ]
SQL: SELECT COUNT(id) AS tp_count FROM `ht_flow` WHERE `is_del` = 0 LIMIT 1   [ RunTime:0.0010s ]
SQL: SELECT `id`,`form_id`,`flow_name`,`flow_desc`,`updatetime`,`dateline` FROM `ht_flow` WHERE `is_del` = 0 ORDER BY id desc LIMIT 0,5   [ RunTime:0.0010s ]
SQL: SHOW COLUMNS FROM `ht_form` [ RunTime:0.0049s ]
SQL: SELECT * FROM `ht_form` WHERE ( 1=1 AND id='136' ) LIMIT 1   [ RunTime:0.0020s ]
SQL: SELECT * FROM `ht_form` WHERE ( 1=1 AND id='52' ) LIMIT 1   [ RunTime:0.0020s ]
SQL: SELECT * FROM `ht_form` WHERE ( 1=1 AND id='53' ) LIMIT 1   [ RunTime:0.0010s ]
SQL: SELECT * FROM `ht_form` WHERE ( 1=1 AND id='135' ) LIMIT 1   [ RunTime:0.0010s ]
SQL: SELECT * FROM `ht_form` WHERE ( 1=1 AND id='58' ) LIMIT 1   [ RunTime:0.0020s ]
INFO: [ view_parse ] --START--
INFO: [ template_filter ] --START--
INFO: Run Behavior\ContentReplaceBehavior [ RunTime:0.000000s ]
INFO: [ template_filter ] --END-- [ RunTime:0.000000s ]
NOTIC: [8] Undefined index: fields D:\¹¤³ÌÇø\dzxt\s\tp\Application\Runtime\Cache\Flow\181c1c2e35e3e8c6e22fa9acf82a2d1a.php ç¬¬ 75 è¡Œ.
NOTIC: [8] Undefined index: fields D:\¹¤³ÌÇø\dzxt\s\tp\Application\Runtime\Cache\Flow\181c1c2e35e3e8c6e22fa9acf82a2d1a.php ç¬¬ 75 è¡Œ.
NOTIC: [8] Undefined index: fields D:\¹¤³ÌÇø\dzxt\s\tp\Application\Runtime\Cache\Flow\181c1c2e35e3e8c6e22fa9acf82a2d1a.php ç¬¬ 75 è¡Œ.
NOTIC: [8] Undefined index: fields D:\¹¤³ÌÇø\dzxt\s\tp\Application\Runtime\Cache\Flow\181c1c2e35e3e8c6e22fa9acf82a2d1a.php ç¬¬ 75 è¡Œ.
NOTIC: [8] Undefined index: fields D:\¹¤³ÌÇø\dzxt\s\tp\Application\Runtime\Cache\Flow\181c1c2e35e3e8c6e22fa9acf82a2d1a.php ç¬¬ 75 è¡Œ.
INFO: Run Behavior\ParseTemplateBehavior [ RunTime:0.012695s ]
INFO: [ view_parse ] --END-- [ RunTime:0.012695s ]
INFO: [ view_filter ] --START--
INFO: Run Behavior\WriteHtmlCacheBehavior [ RunTime:0.000000s ]
INFO: [ view_filter ] --END-- [ RunTime:0.000000s ]
INFO: [ app_end ] --START--
INFO: Run Behavior\ShowPageTraceBehavior [ RunTime:0.000977s ]
INFO: [ app_end ] --END-- [ RunTime:0.000977s ]

