[ 2015-11-19T10:10:39+08:00 ] 183.21.22.158 /s/tp/wwwroot/index.php?s=/Flow/run/getflow/flow_id/18.html
INFO: [ app_init ] --START--
INFO: Run Behavior\BuildLiteBehavior [ RunTime:0.000022s ]
INFO: [ app_init ] --END-- [ RunTime:0.000543s ]
INFO: [ app_begin ] --START--
INFO: Run Behavior\ReadHtmlCacheBehavior [ RunTime:0.000702s ]
INFO: [ app_begin ] --END-- [ RunTime:0.000791s ]
NOTIC: [2048] Declaration of Flow\Controller\RunController::show() should be compatible with Think\Controller::show($content, $charset = '', $contentType = '', $prefix = '') /var/www/dzxt/s/tp/Application/Flow/Controller/RunController.class.php 第 4 行.
SQL: SHOW COLUMNS FROM `ht_flow_process` [ RunTime:0.0111s ]
SQL: SHOW COLUMNS FROM `ht_flow` [ RunTime:0.0006s ]
SQL: SELECT * FROM `ht_flow` WHERE `id` = 18 AND `is_del` = 0 LIMIT 1   [ RunTime:0.0002s ]
SQL: SELECT * FROM `ht_flow_process` WHERE `flow_id` = 18 AND `is_del` = 0 AND `process_type` = 'is_one' LIMIT 1   [ RunTime:0.0002s ]
NOTIC: [8] Undefined index: powers /var/www/dzxt/s/tp/Application/Flow/Controller/RunController.class.php 第 158 行.
NOTIC: [8] Undefined index: form_id /var/www/dzxt/s/tp/Application/Flow/Controller/RunController.class.php 第 164 行.
NOTIC: [8] Undefined index: form_id /var/www/dzxt/s/tp/Application/Flow/Controller/RunController.class.php 第 169 行.
NOTIC: [8] Undefined index: nav /var/www/dzxt/s/tp/Application/Flow/Controller/RunController.class.php 第 191 行.
NOTIC: [8] Undefined index: formcon /var/www/dzxt/s/tp/Application/Flow/Controller/RunController.class.php 第 201 行.
INFO: [ app_end ] --START--
INFO: Run Behavior\ShowPageTraceBehavior [ RunTime:0.000838s ]
INFO: [ app_end ] --END-- [ RunTime:0.000924s ]

[ 2015-11-19T17:34:17+08:00 ] 14.113.207.89 /s/tp/wwwroot/index.php?s=/Flow/run/getflowlist/type/getmyflow
INFO: [ app_init ] --START--
INFO: Run Behavior\BuildLiteBehavior [ RunTime:0.000021s ]
INFO: [ app_init ] --END-- [ RunTime:0.000163s ]
INFO: [ app_begin ] --START--
INFO: Run Behavior\ReadHtmlCacheBehavior [ RunTime:0.000073s ]
INFO: [ app_begin ] --END-- [ RunTime:0.000160s ]
NOTIC: [2048] Declaration of Flow\Controller\RunController::show() should be compatible with Think\Controller::show($content, $charset = '', $contentType = '', $prefix = '') /var/www/dzxt/s/tp/Application/Flow/Controller/RunController.class.php 第 4 行.
SQL: SHOW COLUMNS FROM `ht_run` [ RunTime:0.0082s ]
SQL: SELECT * FROM `ht_run` WHERE `uid` = '178'  [ RunTime:0.0008s ]
NOTIC: [8] Undefined variable: is_finish /var/www/dzxt/s/tp/Application/Flow/Controller/RunController.class.php 第 466 行.
NOTIC: [8] Undefined variable: is_finish /var/www/dzxt/s/tp/Application/Flow/Controller/RunController.class.php 第 466 行.
NOTIC: [8] Undefined variable: is_finish /var/www/dzxt/s/tp/Application/Flow/Controller/RunController.class.php 第 466 行.
NOTIC: [8] Undefined variable: is_finish /var/www/dzxt/s/tp/Application/Flow/Controller/RunController.class.php 第 466 行.
NOTIC: [8] Undefined variable: is_finish /var/www/dzxt/s/tp/Application/Flow/Controller/RunController.class.php 第 466 行.
NOTIC: [8] Undefined variable: is_finish /var/www/dzxt/s/tp/Application/Flow/Controller/RunController.class.php 第 466 行.
NOTIC: [8] Undefined variable: is_finish /var/www/dzxt/s/tp/Application/Flow/Controller/RunController.class.php 第 466 行.
NOTIC: [8] Undefined variable: is_finish /var/www/dzxt/s/tp/Application/Flow/Controller/RunController.class.php 第 466 行.
NOTIC: [8] Undefined variable: is_finish /var/www/dzxt/s/tp/Application/Flow/Controller/RunController.class.php 第 466 行.
NOTIC: [8] Undefined variable: is_finish /var/www/dzxt/s/tp/Application/Flow/Controller/RunController.class.php 第 466 行.
NOTIC: [8] Undefined variable: is_finish /var/www/dzxt/s/tp/Application/Flow/Controller/RunController.class.php 第 466 行.
NOTIC: [8] Undefined variable: is_finish /var/www/dzxt/s/tp/Application/Flow/Controller/RunController.class.php 第 466 行.
NOTIC: [8] Undefined variable: is_finish /var/www/dzxt/s/tp/Application/Flow/Controller/RunController.class.php 第 466 行.
NOTIC: [8] Undefined variable: is_finish /var/www/dzxt/s/tp/Application/Flow/Controller/RunController.class.php 第 466 行.
NOTIC: [8] Undefined variable: is_finish /var/www/dzxt/s/tp/Application/Flow/Controller/RunController.class.php 第 466 行.
NOTIC: [8] Undefined variable: is_finish /var/www/dzxt/s/tp/Application/Flow/Controller/RunController.class.php 第 466 行.
NOTIC: [8] Undefined variable: is_finish /var/www/dzxt/s/tp/Application/Flow/Controller/RunController.class.php 第 466 行.
NOTIC: [8] Undefined variable: is_finish /var/www/dzxt/s/tp/Application/Flow/Controller/RunController.class.php 第 466 行.
NOTIC: [8] Undefined variable: is_finish /var/www/dzxt/s/tp/Application/Flow/Controller/RunController.class.php 第 466 行.
NOTIC: [8] Undefined variable: is_finish /var/www/dzxt/s/tp/Application/Flow/Controller/RunController.class.php 第 466 行.
NOTIC: [8] Undefined variable: is_finish /var/www/dzxt/s/tp/Application/Flow/Controller/RunController.class.php 第 466 行.
NOTIC: [8] Undefined variable: is_finish /var/www/dzxt/s/tp/Application/Flow/Controller/RunController.class.php 第 466 行.
NOTIC: [8] Undefined variable: is_finish /var/www/dzxt/s/tp/Application/Flow/Controller/RunController.class.php 第 466 行.
NOTIC: [8] Undefined variable: is_finish /var/www/dzxt/s/tp/Application/Flow/Controller/RunController.class.php 第 466 行.
NOTIC: [8] Undefined variable: is_finish /var/www/dzxt/s/tp/Application/Flow/Controller/RunController.class.php 第 466 行.
NOTIC: [8] Undefined variable: is_finish /var/www/dzxt/s/tp/Application/Flow/Controller/RunController.class.php 第 466 行.
NOTIC: [8] Undefined variable: is_finish /var/www/dzxt/s/tp/Application/Flow/Controller/RunController.class.php 第 466 行.
NOTIC: [8] Undefined variable: is_finish /var/www/dzxt/s/tp/Application/Flow/Controller/RunController.class.php 第 466 行.
NOTIC: [8] Undefined variable: is_finish /var/www/dzxt/s/tp/Application/Flow/Controller/RunController.class.php 第 466 行.
NOTIC: [8] Undefined variable: is_finish /var/www/dzxt/s/tp/Application/Flow/Controller/RunController.class.php 第 466 行.
NOTIC: [8] Undefined variable: is_finish /var/www/dzxt/s/tp/Application/Flow/Controller/RunController.class.php 第 466 行.
NOTIC: [8] Undefined variable: is_finish /var/www/dzxt/s/tp/Application/Flow/Controller/RunController.class.php 第 466 行.
NOTIC: [8] Undefined variable: is_finish /var/www/dzxt/s/tp/Application/Flow/Controller/RunController.class.php 第 466 行.
NOTIC: [8] Undefined variable: is_finish /var/www/dzxt/s/tp/Application/Flow/Controller/RunController.class.php 第 466 行.
NOTIC: [8] Undefined variable: is_finish /var/www/dzxt/s/tp/Application/Flow/Controller/RunController.class.php 第 466 行.
NOTIC: [8] Undefined variable: is_finish /var/www/dzxt/s/tp/Application/Flow/Controller/RunController.class.php 第 466 行.
NOTIC: [8] Undefined variable: is_finish /var/www/dzxt/s/tp/Application/Flow/Controller/RunController.class.php 第 466 行.
NOTIC: [8] Undefined variable: is_finish /var/www/dzxt/s/tp/Application/Flow/Controller/RunController.class.php 第 466 行.
NOTIC: [8] Undefined variable: is_finish /var/www/dzxt/s/tp/Application/Flow/Controller/RunController.class.php 第 466 行.
NOTIC: [8] Undefined variable: is_finish /var/www/dzxt/s/tp/Application/Flow/Controller/RunController.class.php 第 466 行.
NOTIC: [8] Undefined variable: is_finish /var/www/dzxt/s/tp/Application/Flow/Controller/RunController.class.php 第 466 行.
NOTIC: [8] Undefined variable: is_finish /var/www/dzxt/s/tp/Application/Flow/Controller/RunController.class.php 第 466 行.
NOTIC: [8] Undefined variable: is_finish /var/www/dzxt/s/tp/Application/Flow/Controller/RunController.class.php 第 466 行.
NOTIC: [8] Undefined variable: is_finish /var/www/dzxt/s/tp/Application/Flow/Controller/RunController.class.php 第 466 行.
NOTIC: [8] Undefined variable: is_finish /var/www/dzxt/s/tp/Application/Flow/Controller/RunController.class.php 第 466 行.
NOTIC: [8] Undefined variable: is_finish /var/www/dzxt/s/tp/Application/Flow/Controller/RunController.class.php 第 466 行.
NOTIC: [8] Undefined variable: is_finish /var/www/dzxt/s/tp/Application/Flow/Controller/RunController.class.php 第 466 行.
NOTIC: [8] Undefined variable: is_finish /var/www/dzxt/s/tp/Application/Flow/Controller/RunController.class.php 第 466 行.
NOTIC: [8] Undefined variable: is_finish /var/www/dzxt/s/tp/Application/Flow/Controller/RunController.class.php 第 466 行.
NOTIC: [8] Undefined variable: is_finish /var/www/dzxt/s/tp/Application/Flow/Controller/RunController.class.php 第 466 行.
NOTIC: [8] Undefined variable: is_finish /var/www/dzxt/s/tp/Application/Flow/Controller/RunController.class.php 第 466 行.
NOTIC: [8] Undefined variable: is_finish /var/www/dzxt/s/tp/Application/Flow/Controller/RunController.class.php 第 466 行.
NOTIC: [8] Undefined variable: is_finish /var/www/dzxt/s/tp/Application/Flow/Controller/RunController.class.php 第 466 行.
NOTIC: [8] Undefined variable: is_finish /var/www/dzxt/s/tp/Application/Flow/Controller/RunController.class.php 第 466 行.
NOTIC: [8] Undefined variable: is_finish /var/www/dzxt/s/tp/Application/Flow/Controller/RunController.class.php 第 466 行.
NOTIC: [8] Undefined variable: is_finish /var/www/dzxt/s/tp/Application/Flow/Controller/RunController.class.php 第 466 行.
NOTIC: [8] Undefined variable: is_finish /var/www/dzxt/s/tp/Application/Flow/Controller/RunController.class.php 第 466 行.
NOTIC: [8] Undefined variable: is_finish /var/www/dzxt/s/tp/Application/Flow/Controller/RunController.class.php 第 466 行.
NOTIC: [8] Undefined variable: is_finish /var/www/dzxt/s/tp/Application/Flow/Controller/RunController.class.php 第 466 行.
NOTIC: [8] Undefined variable: is_finish /var/www/dzxt/s/tp/Application/Flow/Controller/RunController.class.php 第 466 行.
NOTIC: [8] Undefined variable: is_finish /var/www/dzxt/s/tp/Application/Flow/Controller/RunController.class.php 第 466 行.
NOTIC: [8] Undefined variable: is_finish /var/www/dzxt/s/tp/Application/Flow/Controller/RunController.class.php 第 466 行.
NOTIC: [8] Undefined variable: is_finish /var/www/dzxt/s/tp/Application/Flow/Controller/RunController.class.php 第 466 行.
NOTIC: [8] Undefined variable: is_finish /var/www/dzxt/s/tp/Application/Flow/Controller/RunController.class.php 第 466 行.
NOTIC: [8] Undefined variable: is_finish /var/www/dzxt/s/tp/Application/Flow/Controller/RunController.class.php 第 466 行.
NOTIC: [8] Undefined variable: is_finish /var/www/dzxt/s/tp/Application/Flow/Controller/RunController.class.php 第 466 行.
NOTIC: [8] Undefined variable: is_finish /var/www/dzxt/s/tp/Application/Flow/Controller/RunController.class.php 第 466 行.
NOTIC: [8] Undefined variable: is_finish /var/www/dzxt/s/tp/Application/Flow/Controller/RunController.class.php 第 466 行.
NOTIC: [8] Undefined variable: is_finish /var/www/dzxt/s/tp/Application/Flow/Controller/RunController.class.php 第 466 行.
NOTIC: [8] Undefined variable: is_finish /var/www/dzxt/s/tp/Application/Flow/Controller/RunController.class.php 第 466 行.
NOTIC: [8] Undefined variable: is_finish /var/www/dzxt/s/tp/Application/Flow/Controller/RunController.class.php 第 466 行.
NOTIC: [8] Undefined variable: is_finish /var/www/dzxt/s/tp/Application/Flow/Controller/RunController.class.php 第 466 行.
NOTIC: [8] Undefined variable: is_finish /var/www/dzxt/s/tp/Application/Flow/Controller/RunController.class.php 第 466 行.
NOTIC: [8] Undefined variable: is_finish /var/www/dzxt/s/tp/Application/Flow/Controller/RunController.class.php 第 466 行.
NOTIC: [8] Undefined variable: is_finish /var/www/dzxt/s/tp/Application/Flow/Controller/RunController.class.php 第 466 行.
NOTIC: [8] Undefined variable: is_finish /var/www/dzxt/s/tp/Application/Flow/Controller/RunController.class.php 第 466 行.
NOTIC: [8] Undefined variable: is_finish /var/www/dzxt/s/tp/Application/Flow/Controller/RunController.class.php 第 466 行.
NOTIC: [8] Undefined variable: is_finish /var/www/dzxt/s/tp/Application/Flow/Controller/RunController.class.php 第 466 行.
NOTIC: [8] Undefined variable: is_finish /var/www/dzxt/s/tp/Application/Flow/Controller/RunController.class.php 第 466 行.
NOTIC: [8] Undefined variable: is_finish /var/www/dzxt/s/tp/Application/Flow/Controller/RunController.class.php 第 466 行.
NOTIC: [8] Undefined variable: is_finish /var/www/dzxt/s/tp/Application/Flow/Controller/RunController.class.php 第 466 行.
NOTIC: [8] Undefined variable: is_finish /var/www/dzxt/s/tp/Application/Flow/Controller/RunController.class.php 第 466 行.
NOTIC: [8] Undefined variable: is_finish /var/www/dzxt/s/tp/Application/Flow/Controller/RunController.class.php 第 466 行.
NOTIC: [8] Undefined variable: is_finish /var/www/dzxt/s/tp/Application/Flow/Controller/RunController.class.php 第 466 行.
NOTIC: [8] Undefined variable: is_finish /var/www/dzxt/s/tp/Application/Flow/Controller/RunController.class.php 第 466 行.
NOTIC: [8] Undefined variable: is_finish /var/www/dzxt/s/tp/Application/Flow/Controller/RunController.class.php 第 466 行.
NOTIC: [8] Undefined variable: is_finish /var/www/dzxt/s/tp/Application/Flow/Controller/RunController.class.php 第 466 行.
NOTIC: [8] Undefined variable: is_finish /var/www/dzxt/s/tp/Application/Flow/Controller/RunController.class.php 第 466 行.
NOTIC: [8] Undefined variable: is_finish /var/www/dzxt/s/tp/Application/Flow/Controller/RunController.class.php 第 466 行.
NOTIC: [8] Undefined variable: is_finish /var/www/dzxt/s/tp/Application/Flow/Controller/RunController.class.php 第 466 行.
NOTIC: [8] Undefined variable: is_finish /var/www/dzxt/s/tp/Application/Flow/Controller/RunController.class.php 第 466 行.
NOTIC: [8] Undefined variable: is_finish /var/www/dzxt/s/tp/Application/Flow/Controller/RunController.class.php 第 466 行.
NOTIC: [8] Undefined variable: is_finish /var/www/dzxt/s/tp/Application/Flow/Controller/RunController.class.php 第 466 行.
NOTIC: [8] Undefined variable: is_finish /var/www/dzxt/s/tp/Application/Flow/Controller/RunController.class.php 第 466 行.
NOTIC: [8] Undefined variable: is_finish /var/www/dzxt/s/tp/Application/Flow/Controller/RunController.class.php 第 466 行.
NOTIC: [8] Undefined variable: is_finish /var/www/dzxt/s/tp/Application/Flow/Controller/RunController.class.php 第 466 行.
INFO: [ view_parse ] --START--
INFO: [ template_filter ] --START--
INFO: Run Behavior\ContentReplaceBehavior [ RunTime:0.000053s ]
INFO: [ template_filter ] --END-- [ RunTime:0.000149s ]
INFO: Run Behavior\ParseTemplateBehavior [ RunTime:0.009345s ]
INFO: [ view_parse ] --END-- [ RunTime:0.009433s ]
INFO: [ view_filter ] --START--
INFO: Run Behavior\WriteHtmlCacheBehavior [ RunTime:0.000193s ]
INFO: [ view_filter ] --END-- [ RunTime:0.000294s ]
INFO: [ app_end ] --START--
INFO: Run Behavior\ShowPageTraceBehavior [ RunTime:0.000078s ]
INFO: [ app_end ] --END-- [ RunTime:0.000158s ]

[ 2015-11-19T17:34:19+08:00 ] 14.113.207.89 /s/tp/wwwroot/index.php?s=/Flow/run/getflow/flow_id/18.html
INFO: [ app_init ] --START--
INFO: Run Behavior\BuildLiteBehavior [ RunTime:0.000021s ]
INFO: [ app_init ] --END-- [ RunTime:0.000141s ]
INFO: [ app_begin ] --START--
INFO: Run Behavior\ReadHtmlCacheBehavior [ RunTime:0.000057s ]
INFO: [ app_begin ] --END-- [ RunTime:0.000142s ]
NOTIC: [2048] Declaration of Flow\Controller\RunController::show() should be compatible with Think\Controller::show($content, $charset = '', $contentType = '', $prefix = '') /var/www/dzxt/s/tp/Application/Flow/Controller/RunController.class.php 第 4 行.
SQL: SHOW COLUMNS FROM `ht_flow_process` [ RunTime:0.0014s ]
SQL: SHOW COLUMNS FROM `ht_flow` [ RunTime:0.0005s ]
SQL: SELECT * FROM `ht_flow` WHERE `id` = 18 AND `is_del` = 0 LIMIT 1   [ RunTime:0.0002s ]
SQL: SELECT * FROM `ht_flow_process` WHERE `flow_id` = 18 AND `is_del` = 0 AND `process_type` = 'is_one' LIMIT 1   [ RunTime:0.0002s ]
NOTIC: [8] Undefined index: powers /var/www/dzxt/s/tp/Application/Flow/Controller/RunController.class.php 第 158 行.
NOTIC: [8] Undefined index: form_id /var/www/dzxt/s/tp/Application/Flow/Controller/RunController.class.php 第 164 行.
NOTIC: [8] Undefined index: form_id /var/www/dzxt/s/tp/Application/Flow/Controller/RunController.class.php 第 169 行.
NOTIC: [8] Undefined index: nav /var/www/dzxt/s/tp/Application/Flow/Controller/RunController.class.php 第 191 行.
NOTIC: [8] Undefined index: formcon /var/www/dzxt/s/tp/Application/Flow/Controller/RunController.class.php 第 201 行.
INFO: [ app_end ] --START--
INFO: Run Behavior\ShowPageTraceBehavior [ RunTime:0.000056s ]
INFO: [ app_end ] --END-- [ RunTime:0.000136s ]

[ 2015-11-19T17:34:39+08:00 ] 14.113.207.89 /s/tp/wwwroot/index.php?s=/Flow/run/flowsave.html
INFO: [ app_init ] --START--
INFO: Run Behavior\BuildLiteBehavior [ RunTime:0.000020s ]
INFO: [ app_init ] --END-- [ RunTime:0.000146s ]
INFO: [ app_begin ] --START--
INFO: Run Behavior\ReadHtmlCacheBehavior [ RunTime:0.000054s ]
INFO: [ app_begin ] --END-- [ RunTime:0.000139s ]
NOTIC: [2048] Declaration of Flow\Controller\RunController::show() should be compatible with Think\Controller::show($content, $charset = '', $contentType = '', $prefix = '') /var/www/dzxt/s/tp/Application/Flow/Controller/RunController.class.php 第 4 行.
SQL: SHOW COLUMNS FROM `ht_run_process` [ RunTime:0.0083s ]
SQL: SHOW COLUMNS FROM `ht_run` [ RunTime:0.0007s ]
SQL: INSERT INTO `ht_run` (`uid`,`flow_id`,`run_name`,`run_flow_process`,`updatetime`,`dateline`) VALUES ('178','18','2015年11月19日工作日报表','128','1447925679','1447925679') [ RunTime:0.0003s ]
SQL: SHOW COLUMNS FROM `ht_message` [ RunTime:0.0004s ]
SQL: INSERT INTO `ht_message` (`send_user`,`receive_user`,`send_date`,`message`) VALUES ('1','178','1447925679','<strong style=\"color:#ff0000\">2015年11月19日工作日报表 申请成功</strong>  相关信息正在处理中...') [ RunTime:0.0002s ]
SQL: SHOW COLUMNS FROM `ht_flow_process` [ RunTime:0.0012s ]
SQL: SELECT `process_name`,`process_to`,`auto_sponsor_ids`,`out_condition` FROM `ht_flow_process` WHERE ( id=128 ) LIMIT 1   [ RunTime:0.0002s ]
NOTIC: [8] Undefined variable: form_data_id /var/www/dzxt/s/tp/Application/Flow/Controller/RunController.class.php 第 287 行.
SQL: INSERT INTO `ht_run_process` (`uid`,`run_flow_process`,`updatetime`,`dateline`,`run_id`,`js_time`,`bl_time`,`jj_time`,`status`,`run_flow`) VALUES ('18','128','1447925679','1447925679','2006','1447925679','1447925679','1447925679','2','18') [ RunTime:0.0002s ]
SQL: SELECT * FROM `ht_flow_process` WHERE ( id=129 ) LIMIT 1   [ RunTime:0.0002s ]
SQL: INSERT INTO `ht_run_process` (`uid`,`run_id`,`run_flow`,`js_time`,`bl_time`,`jj_time`,`status`,`run_flow_process`,`updatetime`,`dateline`) VALUES ('18','2006','18','1447925679','1447925679','1447925679','1','129','1447925679','1447925679') [ RunTime:0.0272s ]
SQL: INSERT INTO `ht_message` (`send_user`,`receive_user`,`send_date`,`message`) VALUES ('1','18','1447925679','<strong style=\"color:#ff0000\">审核</strong>  最新信息') [ RunTime:0.0197s ]
INFO: [ app_end ] --START--
INFO: Run Behavior\ShowPageTraceBehavior [ RunTime:0.000074s ]
INFO: [ app_end ] --END-- [ RunTime:0.000157s ]

[ 2015-11-19T17:34:41+08:00 ] 14.113.207.89 /s/tp/wwwroot/index.php?s=/Flow/Run/getflowlist/type/chulinode.html
INFO: [ app_init ] --START--
INFO: Run Behavior\BuildLiteBehavior [ RunTime:0.000019s ]
INFO: [ app_init ] --END-- [ RunTime:0.000126s ]
INFO: [ app_begin ] --START--
INFO: Run Behavior\ReadHtmlCacheBehavior [ RunTime:0.000054s ]
INFO: [ app_begin ] --END-- [ RunTime:0.000137s ]
NOTIC: [2048] Declaration of Flow\Controller\RunController::show() should be compatible with Think\Controller::show($content, $charset = '', $contentType = '', $prefix = '') /var/www/dzxt/s/tp/Application/Flow/Controller/RunController.class.php 第 4 行.
SQL: SHOW COLUMNS FROM `ht_run_process` [ RunTime:0.0010s ]
SQL: SELECT * FROM `ht_run_process` WHERE `uid` = 178 AND `status` = 1  [ RunTime:0.0003s ]
NOTIC: [2] Invalid argument supplied for foreach() /var/www/dzxt/s/tp/Application/Flow/Controller/RunController.class.php 第 375 行.
INFO: [ view_parse ] --START--
INFO: [ template_filter ] --START--
INFO: Run Behavior\ContentReplaceBehavior [ RunTime:0.000048s ]
INFO: [ template_filter ] --END-- [ RunTime:0.000129s ]
INFO: Run Behavior\ParseTemplateBehavior [ RunTime:0.002646s ]
INFO: [ view_parse ] --END-- [ RunTime:0.002730s ]
INFO: [ view_filter ] --START--
INFO: Run Behavior\WriteHtmlCacheBehavior [ RunTime:0.000055s ]
INFO: [ view_filter ] --END-- [ RunTime:0.000134s ]
INFO: [ app_end ] --START--
INFO: Run Behavior\ShowPageTraceBehavior [ RunTime:0.000051s ]
INFO: [ app_end ] --END-- [ RunTime:0.000130s ]

[ 2015-11-19T17:35:40+08:00 ] 119.134.124.20 /s/tp/wwwroot/index.php?s=/Flow/run/getflow/flow_id/18.html
INFO: [ app_init ] --START--
INFO: Run Behavior\BuildLiteBehavior [ RunTime:0.000021s ]
INFO: [ app_init ] --END-- [ RunTime:0.000152s ]
INFO: [ app_begin ] --START--
INFO: Run Behavior\ReadHtmlCacheBehavior [ RunTime:0.000062s ]
INFO: [ app_begin ] --END-- [ RunTime:0.000146s ]
NOTIC: [2048] Declaration of Flow\Controller\RunController::show() should be compatible with Think\Controller::show($content, $charset = '', $contentType = '', $prefix = '') /var/www/dzxt/s/tp/Application/Flow/Controller/RunController.class.php 第 4 行.
SQL: SHOW COLUMNS FROM `ht_flow_process` [ RunTime:0.0016s ]
SQL: SHOW COLUMNS FROM `ht_flow` [ RunTime:0.0005s ]
SQL: SELECT * FROM `ht_flow` WHERE `id` = 18 AND `is_del` = 0 LIMIT 1   [ RunTime:0.0001s ]
SQL: SELECT * FROM `ht_flow_process` WHERE `flow_id` = 18 AND `is_del` = 0 AND `process_type` = 'is_one' LIMIT 1   [ RunTime:0.0001s ]
NOTIC: [8] Undefined index: powers /var/www/dzxt/s/tp/Application/Flow/Controller/RunController.class.php 第 158 行.
NOTIC: [8] Undefined index: form_id /var/www/dzxt/s/tp/Application/Flow/Controller/RunController.class.php 第 164 行.
NOTIC: [8] Undefined index: form_id /var/www/dzxt/s/tp/Application/Flow/Controller/RunController.class.php 第 169 行.
NOTIC: [8] Undefined index: nav /var/www/dzxt/s/tp/Application/Flow/Controller/RunController.class.php 第 191 行.
NOTIC: [8] Undefined index: formcon /var/www/dzxt/s/tp/Application/Flow/Controller/RunController.class.php 第 201 行.
INFO: [ app_end ] --START--
INFO: Run Behavior\ShowPageTraceBehavior [ RunTime:0.000059s ]
INFO: [ app_end ] --END-- [ RunTime:0.000140s ]

[ 2015-11-19T17:35:56+08:00 ] 119.134.124.20 /s/tp/wwwroot/index.php?s=/Flow/run/flowsave.html
INFO: [ app_init ] --START--
INFO: Run Behavior\BuildLiteBehavior [ RunTime:0.000020s ]
INFO: [ app_init ] --END-- [ RunTime:0.000147s ]
INFO: [ app_begin ] --START--
INFO: Run Behavior\ReadHtmlCacheBehavior [ RunTime:0.000051s ]
INFO: [ app_begin ] --END-- [ RunTime:0.000136s ]
NOTIC: [2048] Declaration of Flow\Controller\RunController::show() should be compatible with Think\Controller::show($content, $charset = '', $contentType = '', $prefix = '') /var/www/dzxt/s/tp/Application/Flow/Controller/RunController.class.php 第 4 行.
SQL: SHOW COLUMNS FROM `ht_run_process` [ RunTime:0.0010s ]
SQL: SHOW COLUMNS FROM `ht_run` [ RunTime:0.0006s ]
SQL: INSERT INTO `ht_run` (`uid`,`flow_id`,`run_name`,`run_flow_process`,`updatetime`,`dateline`) VALUES ('148','18','','128','1447925756','1447925756') [ RunTime:0.0003s ]
SQL: SHOW COLUMNS FROM `ht_message` [ RunTime:0.0004s ]
SQL: INSERT INTO `ht_message` (`send_user`,`receive_user`,`send_date`,`message`) VALUES ('1','148','1447925756','<strong style=\"color:#ff0000\"> 申请成功</strong>  相关信息正在处理中...') [ RunTime:0.0002s ]
SQL: SHOW COLUMNS FROM `ht_flow_process` [ RunTime:0.0012s ]
SQL: SELECT `process_name`,`process_to`,`auto_sponsor_ids`,`out_condition` FROM `ht_flow_process` WHERE ( id=128 ) LIMIT 1   [ RunTime:0.0001s ]
NOTIC: [8] Undefined variable: form_data_id /var/www/dzxt/s/tp/Application/Flow/Controller/RunController.class.php 第 287 行.
SQL: INSERT INTO `ht_run_process` (`uid`,`run_flow_process`,`updatetime`,`dateline`,`run_id`,`js_time`,`bl_time`,`jj_time`,`status`,`run_flow`) VALUES ('18','128','1447925756','1447925756','2007','1447925756','1447925756','1447925756','2','18') [ RunTime:0.0002s ]
SQL: SELECT * FROM `ht_flow_process` WHERE ( id=129 ) LIMIT 1   [ RunTime:0.0001s ]
SQL: INSERT INTO `ht_run_process` (`uid`,`run_id`,`run_flow`,`js_time`,`bl_time`,`jj_time`,`status`,`run_flow_process`,`updatetime`,`dateline`) VALUES ('18','2007','18','1447925756','1447925756','1447925756','1','129','1447925756','1447925756') [ RunTime:0.0193s ]
SQL: INSERT INTO `ht_message` (`send_user`,`receive_user`,`send_date`,`message`) VALUES ('1','18','1447925756','<strong style=\"color:#ff0000\">审核</strong>  最新信息') [ RunTime:0.0197s ]
INFO: [ app_end ] --START--
INFO: Run Behavior\ShowPageTraceBehavior [ RunTime:0.000093s ]
INFO: [ app_end ] --END-- [ RunTime:0.000178s ]

[ 2015-11-19T17:35:57+08:00 ] 119.134.124.20 /s/tp/wwwroot/index.php?s=/Flow/Run/getflowlist/type/chulinode.html
INFO: [ app_init ] --START--
INFO: Run Behavior\BuildLiteBehavior [ RunTime:0.000019s ]
INFO: [ app_init ] --END-- [ RunTime:0.000130s ]
INFO: [ app_begin ] --START--
INFO: Run Behavior\ReadHtmlCacheBehavior [ RunTime:0.000055s ]
INFO: [ app_begin ] --END-- [ RunTime:0.000139s ]
NOTIC: [2048] Declaration of Flow\Controller\RunController::show() should be compatible with Think\Controller::show($content, $charset = '', $contentType = '', $prefix = '') /var/www/dzxt/s/tp/Application/Flow/Controller/RunController.class.php 第 4 行.
SQL: SHOW COLUMNS FROM `ht_run_process` [ RunTime:0.0009s ]
SQL: SELECT * FROM `ht_run_process` WHERE `uid` = 148 AND `status` = 1  [ RunTime:0.0003s ]
NOTIC: [2] Invalid argument supplied for foreach() /var/www/dzxt/s/tp/Application/Flow/Controller/RunController.class.php 第 375 行.
INFO: [ view_parse ] --START--
INFO: [ template_filter ] --START--
INFO: Run Behavior\ContentReplaceBehavior [ RunTime:0.000050s ]
INFO: [ template_filter ] --END-- [ RunTime:0.000134s ]
INFO: Run Behavior\ParseTemplateBehavior [ RunTime:0.003136s ]
INFO: [ view_parse ] --END-- [ RunTime:0.003220s ]
INFO: [ view_filter ] --START--
INFO: Run Behavior\WriteHtmlCacheBehavior [ RunTime:0.000059s ]
INFO: [ view_filter ] --END-- [ RunTime:0.000139s ]
INFO: [ app_end ] --START--
INFO: Run Behavior\ShowPageTraceBehavior [ RunTime:0.000052s ]
INFO: [ app_end ] --END-- [ RunTime:0.000132s ]

[ 2015-11-19T17:36:21+08:00 ] 119.134.124.20 /s/tp/wwwroot/index.php?s=/Flow/run/getflow/flow_id/18.html
INFO: [ app_init ] --START--
INFO: Run Behavior\BuildLiteBehavior [ RunTime:0.000020s ]
INFO: [ app_init ] --END-- [ RunTime:0.000145s ]
INFO: [ app_begin ] --START--
INFO: Run Behavior\ReadHtmlCacheBehavior [ RunTime:0.000062s ]
INFO: [ app_begin ] --END-- [ RunTime:0.000147s ]
NOTIC: [2048] Declaration of Flow\Controller\RunController::show() should be compatible with Think\Controller::show($content, $charset = '', $contentType = '', $prefix = '') /var/www/dzxt/s/tp/Application/Flow/Controller/RunController.class.php 第 4 行.
SQL: SHOW COLUMNS FROM `ht_flow_process` [ RunTime:0.0016s ]
SQL: SHOW COLUMNS FROM `ht_flow` [ RunTime:0.0006s ]
SQL: SELECT * FROM `ht_flow` WHERE `id` = 18 AND `is_del` = 0 LIMIT 1   [ RunTime:0.0001s ]
SQL: SELECT * FROM `ht_flow_process` WHERE `flow_id` = 18 AND `is_del` = 0 AND `process_type` = 'is_one' LIMIT 1   [ RunTime:0.0001s ]
NOTIC: [8] Undefined index: powers /var/www/dzxt/s/tp/Application/Flow/Controller/RunController.class.php 第 158 行.
NOTIC: [8] Undefined index: form_id /var/www/dzxt/s/tp/Application/Flow/Controller/RunController.class.php 第 164 行.
NOTIC: [8] Undefined index: form_id /var/www/dzxt/s/tp/Application/Flow/Controller/RunController.class.php 第 169 行.
NOTIC: [8] Undefined index: nav /var/www/dzxt/s/tp/Application/Flow/Controller/RunController.class.php 第 191 行.
NOTIC: [8] Undefined index: formcon /var/www/dzxt/s/tp/Application/Flow/Controller/RunController.class.php 第 201 行.
INFO: [ app_end ] --START--
INFO: Run Behavior\ShowPageTraceBehavior [ RunTime:0.000060s ]
INFO: [ app_end ] --END-- [ RunTime:0.000141s ]

[ 2015-11-19T17:44:58+08:00 ] 14.113.207.89 /s/tp/wwwroot/index.php?s=/Flow/run/getflowlist/type/getmyflow
INFO: [ app_init ] --START--
INFO: Run Behavior\BuildLiteBehavior [ RunTime:0.000021s ]
INFO: [ app_init ] --END-- [ RunTime:0.000150s ]
INFO: [ app_begin ] --START--
INFO: Run Behavior\ReadHtmlCacheBehavior [ RunTime:0.000071s ]
INFO: [ app_begin ] --END-- [ RunTime:0.000160s ]
NOTIC: [2048] Declaration of Flow\Controller\RunController::show() should be compatible with Think\Controller::show($content, $charset = '', $contentType = '', $prefix = '') /var/www/dzxt/s/tp/Application/Flow/Controller/RunController.class.php 第 4 行.
SQL: SHOW COLUMNS FROM `ht_run` [ RunTime:0.0010s ]
SQL: SELECT * FROM `ht_run` WHERE `uid` = '130'  [ RunTime:0.0005s ]
NOTIC: [8] Undefined variable: is_finish /var/www/dzxt/s/tp/Application/Flow/Controller/RunController.class.php 第 466 行.
NOTIC: [8] Undefined variable: is_finish /var/www/dzxt/s/tp/Application/Flow/Controller/RunController.class.php 第 466 行.
NOTIC: [8] Undefined variable: is_finish /var/www/dzxt/s/tp/Application/Flow/Controller/RunController.class.php 第 466 行.
NOTIC: [8] Undefined variable: is_finish /var/www/dzxt/s/tp/Application/Flow/Controller/RunController.class.php 第 466 行.
NOTIC: [8] Undefined variable: is_finish /var/www/dzxt/s/tp/Application/Flow/Controller/RunController.class.php 第 466 行.
NOTIC: [8] Undefined variable: is_finish /var/www/dzxt/s/tp/Application/Flow/Controller/RunController.class.php 第 466 行.
NOTIC: [8] Undefined variable: is_finish /var/www/dzxt/s/tp/Application/Flow/Controller/RunController.class.php 第 466 行.
NOTIC: [8] Undefined variable: is_finish /var/www/dzxt/s/tp/Application/Flow/Controller/RunController.class.php 第 466 行.
NOTIC: [8] Undefined variable: is_finish /var/www/dzxt/s/tp/Application/Flow/Controller/RunController.class.php 第 466 行.
NOTIC: [8] Undefined variable: is_finish /var/www/dzxt/s/tp/Application/Flow/Controller/RunController.class.php 第 466 行.
NOTIC: [8] Undefined variable: is_finish /var/www/dzxt/s/tp/Application/Flow/Controller/RunController.class.php 第 466 行.
NOTIC: [8] Undefined variable: is_finish /var/www/dzxt/s/tp/Application/Flow/Controller/RunController.class.php 第 466 行.
NOTIC: [8] Undefined variable: is_finish /var/www/dzxt/s/tp/Application/Flow/Controller/RunController.class.php 第 466 行.
NOTIC: [8] Undefined variable: is_finish /var/www/dzxt/s/tp/Application/Flow/Controller/RunController.class.php 第 466 行.
NOTIC: [8] Undefined variable: is_finish /var/www/dzxt/s/tp/Application/Flow/Controller/RunController.class.php 第 466 行.
NOTIC: [8] Undefined variable: is_finish /var/www/dzxt/s/tp/Application/Flow/Controller/RunController.class.php 第 466 行.
NOTIC: [8] Undefined variable: is_finish /var/www/dzxt/s/tp/Application/Flow/Controller/RunController.class.php 第 466 行.
NOTIC: [8] Undefined variable: is_finish /var/www/dzxt/s/tp/Application/Flow/Controller/RunController.class.php 第 466 行.
NOTIC: [8] Undefined variable: is_finish /var/www/dzxt/s/tp/Application/Flow/Controller/RunController.class.php 第 466 行.
NOTIC: [8] Undefined variable: is_finish /var/www/dzxt/s/tp/Application/Flow/Controller/RunController.class.php 第 466 行.
NOTIC: [8] Undefined variable: is_finish /var/www/dzxt/s/tp/Application/Flow/Controller/RunController.class.php 第 466 行.
NOTIC: [8] Undefined variable: is_finish /var/www/dzxt/s/tp/Application/Flow/Controller/RunController.class.php 第 466 行.
NOTIC: [8] Undefined variable: is_finish /var/www/dzxt/s/tp/Application/Flow/Controller/RunController.class.php 第 466 行.
NOTIC: [8] Undefined variable: is_finish /var/www/dzxt/s/tp/Application/Flow/Controller/RunController.class.php 第 466 行.
NOTIC: [8] Undefined variable: is_finish /var/www/dzxt/s/tp/Application/Flow/Controller/RunController.class.php 第 466 行.
NOTIC: [8] Undefined variable: is_finish /var/www/dzxt/s/tp/Application/Flow/Controller/RunController.class.php 第 466 行.
NOTIC: [8] Undefined variable: is_finish /var/www/dzxt/s/tp/Application/Flow/Controller/RunController.class.php 第 466 行.
NOTIC: [8] Undefined variable: is_finish /var/www/dzxt/s/tp/Application/Flow/Controller/RunController.class.php 第 466 行.
NOTIC: [8] Undefined variable: is_finish /var/www/dzxt/s/tp/Application/Flow/Controller/RunController.class.php 第 466 行.
NOTIC: [8] Undefined variable: is_finish /var/www/dzxt/s/tp/Application/Flow/Controller/RunController.class.php 第 466 行.
NOTIC: [8] Undefined variable: is_finish /var/www/dzxt/s/tp/Application/Flow/Controller/RunController.class.php 第 466 行.
NOTIC: [8] Undefined variable: is_finish /var/www/dzxt/s/tp/Application/Flow/Controller/RunController.class.php 第 466 行.
NOTIC: [8] Undefined variable: is_finish /var/www/dzxt/s/tp/Application/Flow/Controller/RunController.class.php 第 466 行.
NOTIC: [8] Undefined variable: is_finish /var/www/dzxt/s/tp/Application/Flow/Controller/RunController.class.php 第 466 行.
NOTIC: [8] Undefined variable: is_finish /var/www/dzxt/s/tp/Application/Flow/Controller/RunController.class.php 第 466 行.
NOTIC: [8] Undefined variable: is_finish /var/www/dzxt/s/tp/Application/Flow/Controller/RunController.class.php 第 466 行.
NOTIC: [8] Undefined variable: is_finish /var/www/dzxt/s/tp/Application/Flow/Controller/RunController.class.php 第 466 行.
NOTIC: [8] Undefined variable: is_finish /var/www/dzxt/s/tp/Application/Flow/Controller/RunController.class.php 第 466 行.
NOTIC: [8] Undefined variable: is_finish /var/www/dzxt/s/tp/Application/Flow/Controller/RunController.class.php 第 466 行.
NOTIC: [8] Undefined variable: is_finish /var/www/dzxt/s/tp/Application/Flow/Controller/RunController.class.php 第 466 行.
NOTIC: [8] Undefined variable: is_finish /var/www/dzxt/s/tp/Application/Flow/Controller/RunController.class.php 第 466 行.
NOTIC: [8] Undefined variable: is_finish /var/www/dzxt/s/tp/Application/Flow/Controller/RunController.class.php 第 466 行.
NOTIC: [8] Undefined variable: is_finish /var/www/dzxt/s/tp/Application/Flow/Controller/RunController.class.php 第 466 行.
INFO: [ view_parse ] --START--
INFO: [ template_filter ] --START--
INFO: Run Behavior\ContentReplaceBehavior [ RunTime:0.000049s ]
INFO: [ template_filter ] --END-- [ RunTime:0.000137s ]
INFO: Run Behavior\ParseTemplateBehavior [ RunTime:0.003122s ]
INFO: [ view_parse ] --END-- [ RunTime:0.003213s ]
INFO: [ view_filter ] --START--
INFO: Run Behavior\WriteHtmlCacheBehavior [ RunTime:0.000059s ]
INFO: [ view_filter ] --END-- [ RunTime:0.000137s ]
INFO: [ app_end ] --START--
INFO: Run Behavior\ShowPageTraceBehavior [ RunTime:0.000074s ]
INFO: [ app_end ] --END-- [ RunTime:0.000153s ]

[ 2015-11-19T17:45:09+08:00 ] 14.113.207.89 /s/tp/wwwroot/index.php?s=/Flow/run/getflow/flow_id/18.html
INFO: [ app_init ] --START--
INFO: Run Behavior\BuildLiteBehavior [ RunTime:0.000021s ]
INFO: [ app_init ] --END-- [ RunTime:0.000164s ]
INFO: [ app_begin ] --START--
INFO: Run Behavior\ReadHtmlCacheBehavior [ RunTime:0.000060s ]
INFO: [ app_begin ] --END-- [ RunTime:0.000150s ]
NOTIC: [2048] Declaration of Flow\Controller\RunController::show() should be compatible with Think\Controller::show($content, $charset = '', $contentType = '', $prefix = '') /var/www/dzxt/s/tp/Application/Flow/Controller/RunController.class.php 第 4 行.
SQL: SHOW COLUMNS FROM `ht_flow_process` [ RunTime:0.0016s ]
SQL: SHOW COLUMNS FROM `ht_flow` [ RunTime:0.0005s ]
SQL: SELECT * FROM `ht_flow` WHERE `id` = 18 AND `is_del` = 0 LIMIT 1   [ RunTime:0.0002s ]
SQL: SELECT * FROM `ht_flow_process` WHERE `flow_id` = 18 AND `is_del` = 0 AND `process_type` = 'is_one' LIMIT 1   [ RunTime:0.0002s ]
NOTIC: [8] Undefined index: powers /var/www/dzxt/s/tp/Application/Flow/Controller/RunController.class.php 第 158 行.
NOTIC: [8] Undefined index: form_id /var/www/dzxt/s/tp/Application/Flow/Controller/RunController.class.php 第 164 行.
NOTIC: [8] Undefined index: form_id /var/www/dzxt/s/tp/Application/Flow/Controller/RunController.class.php 第 169 行.
NOTIC: [8] Undefined index: nav /var/www/dzxt/s/tp/Application/Flow/Controller/RunController.class.php 第 191 行.
NOTIC: [8] Undefined index: formcon /var/www/dzxt/s/tp/Application/Flow/Controller/RunController.class.php 第 201 行.
INFO: [ app_end ] --START--
INFO: Run Behavior\ShowPageTraceBehavior [ RunTime:0.000063s ]
INFO: [ app_end ] --END-- [ RunTime:0.000214s ]

