[ 2016-04-20T08:34:40+08:00 ] 14.208.195.14 /s/tp/wwwroot/index.php?s=/Flow/run/getflow/flow_id/32.html
INFO: [ app_init ] --START--
INFO: Run Behavior\BuildLiteBehavior [ RunTime:0.000020s ]
INFO: [ app_init ] --END-- [ RunTime:0.000150s ]
INFO: [ app_begin ] --START--
INFO: Run Behavior\ReadHtmlCacheBehavior [ RunTime:0.000081s ]
INFO: [ app_begin ] --END-- [ RunTime:0.000165s ]
NOTIC: [2048] Declaration of Flow\Controller\RunController::show() should be compatible with Think\Controller::show($content, $charset = '', $contentType = '', $prefix = '') /var/www/dzxt/s/tp/Application/Flow/Controller/RunController.class.php 第 4 行.
SQL: SHOW COLUMNS FROM `ht_flow_process` [ RunTime:0.0016s ]
SQL: SHOW COLUMNS FROM `ht_flow` [ RunTime:0.0006s ]
SQL: SELECT * FROM `ht_flow` WHERE `id` = 32 AND `is_del` = 0 LIMIT 1   [ RunTime:0.0002s ]
SQL: SELECT * FROM `ht_flow_process` WHERE `flow_id` = 32 AND `is_del` = 0 AND `process_type` = 'is_one' LIMIT 1   [ RunTime:0.0003s ]
NOTIC: [8] Undefined index: powers /var/www/dzxt/s/tp/Application/Flow/Controller/RunController.class.php 第 158 行.
NOTIC: [8] Undefined index: form_id /var/www/dzxt/s/tp/Application/Flow/Controller/RunController.class.php 第 164 行.
NOTIC: [8] Undefined index: form_id /var/www/dzxt/s/tp/Application/Flow/Controller/RunController.class.php 第 169 行.
NOTIC: [8] Undefined index: nav /var/www/dzxt/s/tp/Application/Flow/Controller/RunController.class.php 第 191 行.
NOTIC: [8] Undefined index: formcon /var/www/dzxt/s/tp/Application/Flow/Controller/RunController.class.php 第 201 行.
INFO: [ app_end ] --START--
INFO: Run Behavior\ShowPageTraceBehavior [ RunTime:0.000814s ]
INFO: [ app_end ] --END-- [ RunTime:0.000898s ]

[ 2016-04-20T10:16:26+08:00 ] 14.208.195.14 /s/tp/wwwroot/index.php?s=/Flow/demo/index/getflow/ok.html
INFO: [ app_init ] --START--
INFO: Run Behavior\BuildLiteBehavior [ RunTime:0.000021s ]
INFO: [ app_init ] --END-- [ RunTime:0.000152s ]
INFO: [ app_begin ] --START--
INFO: Run Behavior\ReadHtmlCacheBehavior [ RunTime:0.000070s ]
INFO: [ app_begin ] --END-- [ RunTime:0.000143s ]
SQL: SHOW COLUMNS FROM `ht_flow` [ RunTime:0.0009s ]
SQL: SELECT COUNT(id) AS tp_count FROM `ht_flow` WHERE `is_del` = 0 LIMIT 1   [ RunTime:0.0002s ]
NOTIC: [8] Undefined variable: p /var/www/dzxt/s/tp/Application/Flow/Controller/DemoController.class.php 第 22 行.
NOTIC: [8] Trying to get property of non-object /var/www/dzxt/s/tp/Application/Flow/Controller/DemoController.class.php 第 22 行.
NOTIC: [8] Undefined variable: p /var/www/dzxt/s/tp/Application/Flow/Controller/DemoController.class.php 第 22 行.
NOTIC: [8] Trying to get property of non-object /var/www/dzxt/s/tp/Application/Flow/Controller/DemoController.class.php 第 22 行.
SQL: SELECT `id`,`form_id`,`flow_name`,`flow_desc`,`updatetime`,`dateline` FROM `ht_flow` WHERE `is_del` = 0 ORDER BY id desc  [ RunTime:0.0002s ]
SQL: SHOW COLUMNS FROM `ht_form` [ RunTime:0.0006s ]
SQL: SELECT * FROM `ht_form` WHERE ( 1=1 AND id='757' ) LIMIT 1   [ RunTime:0.0003s ]
SQL: SELECT * FROM `ht_form` WHERE ( 1=1 AND id='775' ) LIMIT 1   [ RunTime:0.0002s ]
SQL: SELECT * FROM `ht_form` WHERE ( 1=1 AND id='772' ) LIMIT 1   [ RunTime:0.0002s ]
SQL: SELECT * FROM `ht_form` WHERE ( 1=1 AND id='769' ) LIMIT 1   [ RunTime:0.0002s ]
SQL: SELECT * FROM `ht_form` WHERE ( 1=1 AND id='746' ) LIMIT 1   [ RunTime:0.0001s ]
SQL: SELECT * FROM `ht_form` WHERE ( 1=1 AND id='730' ) LIMIT 1   [ RunTime:0.0001s ]
SQL: SELECT * FROM `ht_form` WHERE ( 1=1 AND id='587' ) LIMIT 1   [ RunTime:0.0002s ]
SQL: SELECT * FROM `ht_form` WHERE ( 1=1 AND id='266' ) LIMIT 1   [ RunTime:0.0001s ]
SQL: SELECT * FROM `ht_form` WHERE ( 1=1 AND id='328' ) LIMIT 1   [ RunTime:0.0002s ]
SQL: SELECT * FROM `ht_form` WHERE ( 1=1 AND id='329' ) LIMIT 1   [ RunTime:0.0001s ]
INFO: [ app_end ] --START--
INFO: Run Behavior\ShowPageTraceBehavior [ RunTime:0.000075s ]
INFO: [ app_end ] --END-- [ RunTime:0.000146s ]

[ 2016-04-20T10:55:31+08:00 ] 14.208.195.14 /s/tp/wwwroot/index.php?s=/Flow/run/getflowlist/type/getmyflow
INFO: [ app_init ] --START--
INFO: Run Behavior\BuildLiteBehavior [ RunTime:0.000021s ]
INFO: [ app_init ] --END-- [ RunTime:0.000527s ]
INFO: [ app_begin ] --START--
INFO: Run Behavior\ReadHtmlCacheBehavior [ RunTime:0.000707s ]
INFO: [ app_begin ] --END-- [ RunTime:0.000793s ]
NOTIC: [2048] Declaration of Flow\Controller\RunController::show() should be compatible with Think\Controller::show($content, $charset = '', $contentType = '', $prefix = '') /var/www/dzxt/s/tp/Application/Flow/Controller/RunController.class.php 第 4 行.
SQL: SHOW COLUMNS FROM `ht_run` [ RunTime:0.0010s ]
SQL: SELECT * FROM `ht_run` WHERE `uid` = '188'  [ RunTime:0.0003s ]
NOTIC: [8] Undefined variable: is_finish /var/www/dzxt/s/tp/Application/Flow/Controller/RunController.class.php 第 466 行.
NOTIC: [8] Undefined variable: is_finish /var/www/dzxt/s/tp/Application/Flow/Controller/RunController.class.php 第 466 行.
NOTIC: [8] Undefined variable: is_finish /var/www/dzxt/s/tp/Application/Flow/Controller/RunController.class.php 第 466 行.
INFO: [ view_parse ] --START--
INFO: [ template_filter ] --START--
INFO: Run Behavior\ContentReplaceBehavior [ RunTime:0.000053s ]
INFO: [ template_filter ] --END-- [ RunTime:0.000141s ]
INFO: Run Behavior\ParseTemplateBehavior [ RunTime:0.023170s ]
INFO: [ view_parse ] --END-- [ RunTime:0.023256s ]
INFO: [ view_filter ] --START--
INFO: Run Behavior\WriteHtmlCacheBehavior [ RunTime:0.001652s ]
INFO: [ view_filter ] --END-- [ RunTime:0.001731s ]
INFO: [ app_end ] --START--
INFO: Run Behavior\ShowPageTraceBehavior [ RunTime:0.000789s ]
INFO: [ app_end ] --END-- [ RunTime:0.000871s ]

[ 2016-04-20T10:55:32+08:00 ] 14.208.195.14 /s/tp/wwwroot/index.php?s=/Flow/run/getflowlist/type/chulinode
INFO: [ app_init ] --START--
INFO: Run Behavior\BuildLiteBehavior [ RunTime:0.000020s ]
INFO: [ app_init ] --END-- [ RunTime:0.000141s ]
INFO: [ app_begin ] --START--
INFO: Run Behavior\ReadHtmlCacheBehavior [ RunTime:0.000056s ]
INFO: [ app_begin ] --END-- [ RunTime:0.000141s ]
NOTIC: [2048] Declaration of Flow\Controller\RunController::show() should be compatible with Think\Controller::show($content, $charset = '', $contentType = '', $prefix = '') /var/www/dzxt/s/tp/Application/Flow/Controller/RunController.class.php 第 4 行.
SQL: SHOW COLUMNS FROM `ht_run_process` [ RunTime:0.0012s ]
SQL: SELECT * FROM `ht_run_process` WHERE `uid` = 188 AND `status` = 1  [ RunTime:0.0003s ]
NOTIC: [2] Invalid argument supplied for foreach() /var/www/dzxt/s/tp/Application/Flow/Controller/RunController.class.php 第 375 行.
INFO: [ view_parse ] --START--
INFO: [ template_filter ] --START--
INFO: Run Behavior\ContentReplaceBehavior [ RunTime:0.000051s ]
INFO: [ template_filter ] --END-- [ RunTime:0.000132s ]
INFO: Run Behavior\ParseTemplateBehavior [ RunTime:0.002703s ]
INFO: [ view_parse ] --END-- [ RunTime:0.002786s ]
INFO: [ view_filter ] --START--
INFO: Run Behavior\WriteHtmlCacheBehavior [ RunTime:0.000051s ]
INFO: [ view_filter ] --END-- [ RunTime:0.000128s ]
INFO: [ app_end ] --START--
INFO: Run Behavior\ShowPageTraceBehavior [ RunTime:0.000053s ]
INFO: [ app_end ] --END-- [ RunTime:0.000131s ]

[ 2016-04-20T10:55:38+08:00 ] 14.208.195.14 /s/tp/wwwroot/index.php?s=/Flow/run/getflow/flow_id/33.html
INFO: [ app_init ] --START--
INFO: Run Behavior\BuildLiteBehavior [ RunTime:0.000020s ]
INFO: [ app_init ] --END-- [ RunTime:0.000152s ]
INFO: [ app_begin ] --START--
INFO: Run Behavior\ReadHtmlCacheBehavior [ RunTime:0.000075s ]
INFO: [ app_begin ] --END-- [ RunTime:0.000158s ]
NOTIC: [2048] Declaration of Flow\Controller\RunController::show() should be compatible with Think\Controller::show($content, $charset = '', $contentType = '', $prefix = '') /var/www/dzxt/s/tp/Application/Flow/Controller/RunController.class.php 第 4 行.
SQL: SHOW COLUMNS FROM `ht_flow_process` [ RunTime:0.0015s ]
SQL: SHOW COLUMNS FROM `ht_flow` [ RunTime:0.0006s ]
SQL: SELECT * FROM `ht_flow` WHERE `id` = 33 AND `is_del` = 0 LIMIT 1   [ RunTime:0.0002s ]
SQL: SELECT * FROM `ht_flow_process` WHERE `flow_id` = 33 AND `is_del` = 0 AND `process_type` = 'is_one' LIMIT 1   [ RunTime:0.0003s ]
NOTIC: [8] Undefined index: powers /var/www/dzxt/s/tp/Application/Flow/Controller/RunController.class.php 第 158 行.
NOTIC: [8] Undefined index: form_id /var/www/dzxt/s/tp/Application/Flow/Controller/RunController.class.php 第 164 行.
NOTIC: [8] Undefined index: form_id /var/www/dzxt/s/tp/Application/Flow/Controller/RunController.class.php 第 169 行.
NOTIC: [8] Undefined index: nav /var/www/dzxt/s/tp/Application/Flow/Controller/RunController.class.php 第 191 行.
NOTIC: [8] Undefined index: formcon /var/www/dzxt/s/tp/Application/Flow/Controller/RunController.class.php 第 201 行.
INFO: [ app_end ] --START--
INFO: Run Behavior\ShowPageTraceBehavior [ RunTime:0.000087s ]
INFO: [ app_end ] --END-- [ RunTime:0.000167s ]

[ 2016-04-20T11:04:37+08:00 ] 14.208.195.14 /s/tp/wwwroot/index.php?s=/Flow/run/getflowlist/type/getmyflow
INFO: [ app_init ] --START--
INFO: Run Behavior\BuildLiteBehavior [ RunTime:0.000021s ]
INFO: [ app_init ] --END-- [ RunTime:0.000169s ]
INFO: [ app_begin ] --START--
INFO: Run Behavior\ReadHtmlCacheBehavior [ RunTime:0.000076s ]
INFO: [ app_begin ] --END-- [ RunTime:0.000168s ]
NOTIC: [2048] Declaration of Flow\Controller\RunController::show() should be compatible with Think\Controller::show($content, $charset = '', $contentType = '', $prefix = '') /var/www/dzxt/s/tp/Application/Flow/Controller/RunController.class.php 第 4 行.
SQL: SHOW COLUMNS FROM `ht_run` [ RunTime:0.0010s ]
SQL: SELECT * FROM `ht_run` WHERE `uid` = '79'  [ RunTime:0.0003s ]
NOTIC: [8] Undefined variable: is_finish /var/www/dzxt/s/tp/Application/Flow/Controller/RunController.class.php 第 466 行.
INFO: [ view_parse ] --START--
INFO: [ template_filter ] --START--
INFO: Run Behavior\ContentReplaceBehavior [ RunTime:0.000050s ]
INFO: [ template_filter ] --END-- [ RunTime:0.000141s ]
INFO: Run Behavior\ParseTemplateBehavior [ RunTime:0.003116s ]
INFO: [ view_parse ] --END-- [ RunTime:0.003207s ]
INFO: [ view_filter ] --START--
INFO: Run Behavior\WriteHtmlCacheBehavior [ RunTime:0.000058s ]
INFO: [ view_filter ] --END-- [ RunTime:0.000135s ]
INFO: [ app_end ] --START--
INFO: Run Behavior\ShowPageTraceBehavior [ RunTime:0.000064s ]
INFO: [ app_end ] --END-- [ RunTime:0.000142s ]

[ 2016-04-20T11:04:39+08:00 ] 14.208.195.14 /s/tp/wwwroot/index.php?s=/Flow/run/getflowlist/type/getnoendflow
INFO: [ app_init ] --START--
INFO: Run Behavior\BuildLiteBehavior [ RunTime:0.000019s ]
INFO: [ app_init ] --END-- [ RunTime:0.000133s ]
INFO: [ app_begin ] --START--
INFO: Run Behavior\ReadHtmlCacheBehavior [ RunTime:0.000065s ]
INFO: [ app_begin ] --END-- [ RunTime:0.000148s ]
NOTIC: [2048] Declaration of Flow\Controller\RunController::show() should be compatible with Think\Controller::show($content, $charset = '', $contentType = '', $prefix = '') /var/www/dzxt/s/tp/Application/Flow/Controller/RunController.class.php 第 4 行.
SQL: SHOW COLUMNS FROM `ht_run` [ RunTime:0.0010s ]
SQL: SELECT * FROM `ht_run` WHERE `uid` = '79' AND ( `is_finish` = 2 OR `is_finish` = 4 )  [ RunTime:0.0003s ]
NOTIC: [2] Invalid argument supplied for foreach() /var/www/dzxt/s/tp/Application/Flow/Controller/RunController.class.php 第 457 行.
INFO: [ view_parse ] --START--
INFO: [ template_filter ] --START--
INFO: Run Behavior\ContentReplaceBehavior [ RunTime:0.000060s ]
INFO: [ template_filter ] --END-- [ RunTime:0.000144s ]
INFO: Run Behavior\ParseTemplateBehavior [ RunTime:0.003054s ]
INFO: [ view_parse ] --END-- [ RunTime:0.003135s ]
INFO: [ view_filter ] --START--
INFO: Run Behavior\WriteHtmlCacheBehavior [ RunTime:0.000051s ]
INFO: [ view_filter ] --END-- [ RunTime:0.000128s ]
INFO: [ app_end ] --START--
INFO: Run Behavior\ShowPageTraceBehavior [ RunTime:0.000058s ]
INFO: [ app_end ] --END-- [ RunTime:0.000135s ]

[ 2016-04-20T11:22:42+08:00 ] 14.208.195.14 /s/tp/wwwroot/index.php?s=/Flow/run/getflowlist/type/getmyflow
INFO: [ app_init ] --START--
INFO: Run Behavior\BuildLiteBehavior [ RunTime:0.000020s ]
INFO: [ app_init ] --END-- [ RunTime:0.000147s ]
INFO: [ app_begin ] --START--
INFO: Run Behavior\ReadHtmlCacheBehavior [ RunTime:0.000071s ]
INFO: [ app_begin ] --END-- [ RunTime:0.000153s ]
NOTIC: [2048] Declaration of Flow\Controller\RunController::show() should be compatible with Think\Controller::show($content, $charset = '', $contentType = '', $prefix = '') /var/www/dzxt/s/tp/Application/Flow/Controller/RunController.class.php 第 4 行.
SQL: SHOW COLUMNS FROM `ht_run` [ RunTime:0.0009s ]
SQL: SELECT * FROM `ht_run` WHERE `uid` = '79'  [ RunTime:0.0002s ]
NOTIC: [8] Undefined variable: is_finish /var/www/dzxt/s/tp/Application/Flow/Controller/RunController.class.php 第 466 行.
INFO: [ view_parse ] --START--
INFO: [ template_filter ] --START--
INFO: Run Behavior\ContentReplaceBehavior [ RunTime:0.000050s ]
INFO: [ template_filter ] --END-- [ RunTime:0.000131s ]
INFO: Run Behavior\ParseTemplateBehavior [ RunTime:0.002702s ]
INFO: [ view_parse ] --END-- [ RunTime:0.002785s ]
INFO: [ view_filter ] --START--
INFO: Run Behavior\WriteHtmlCacheBehavior [ RunTime:0.000059s ]
INFO: [ view_filter ] --END-- [ RunTime:0.000136s ]
INFO: [ app_end ] --START--
INFO: Run Behavior\ShowPageTraceBehavior [ RunTime:0.000058s ]
INFO: [ app_end ] --END-- [ RunTime:0.000136s ]

[ 2016-04-20T11:22:42+08:00 ] 14.208.195.14 /s/tp/wwwroot/index.php?s=/Flow/run/getflowlist/type/getnoendflow
INFO: [ app_init ] --START--
INFO: Run Behavior\BuildLiteBehavior [ RunTime:0.000022s ]
INFO: [ app_init ] --END-- [ RunTime:0.000150s ]
INFO: [ app_begin ] --START--
INFO: Run Behavior\ReadHtmlCacheBehavior [ RunTime:0.000069s ]
INFO: [ app_begin ] --END-- [ RunTime:0.000152s ]
NOTIC: [2048] Declaration of Flow\Controller\RunController::show() should be compatible with Think\Controller::show($content, $charset = '', $contentType = '', $prefix = '') /var/www/dzxt/s/tp/Application/Flow/Controller/RunController.class.php 第 4 行.
SQL: SHOW COLUMNS FROM `ht_run` [ RunTime:0.0008s ]
SQL: SELECT * FROM `ht_run` WHERE `uid` = '79' AND ( `is_finish` = 2 OR `is_finish` = 4 )  [ RunTime:0.0002s ]
NOTIC: [2] Invalid argument supplied for foreach() /var/www/dzxt/s/tp/Application/Flow/Controller/RunController.class.php 第 457 行.
INFO: [ view_parse ] --START--
INFO: [ template_filter ] --START--
INFO: Run Behavior\ContentReplaceBehavior [ RunTime:0.000049s ]
INFO: [ template_filter ] --END-- [ RunTime:0.000131s ]
INFO: Run Behavior\ParseTemplateBehavior [ RunTime:0.002583s ]
INFO: [ view_parse ] --END-- [ RunTime:0.002665s ]
INFO: [ view_filter ] --START--
INFO: Run Behavior\WriteHtmlCacheBehavior [ RunTime:0.000050s ]
INFO: [ view_filter ] --END-- [ RunTime:0.000126s ]
INFO: [ app_end ] --START--
INFO: Run Behavior\ShowPageTraceBehavior [ RunTime:0.000051s ]
INFO: [ app_end ] --END-- [ RunTime:0.000129s ]

[ 2016-04-20T16:31:09+08:00 ] 119.134.122.45 /s/tp/wwwroot/index.php?s=/Flow/demo/index/getflow/ok.html
INFO: [ app_init ] --START--
INFO: Run Behavior\BuildLiteBehavior [ RunTime:0.000023s ]
INFO: [ app_init ] --END-- [ RunTime:0.000177s ]
INFO: [ app_begin ] --START--
INFO: Run Behavior\ReadHtmlCacheBehavior [ RunTime:0.000068s ]
INFO: [ app_begin ] --END-- [ RunTime:0.000140s ]
SQL: SHOW COLUMNS FROM `ht_flow` [ RunTime:0.0010s ]
SQL: SELECT COUNT(id) AS tp_count FROM `ht_flow` WHERE `is_del` = 0 LIMIT 1   [ RunTime:0.0002s ]
NOTIC: [8] Undefined variable: p /var/www/dzxt/s/tp/Application/Flow/Controller/DemoController.class.php 第 22 行.
NOTIC: [8] Trying to get property of non-object /var/www/dzxt/s/tp/Application/Flow/Controller/DemoController.class.php 第 22 行.
NOTIC: [8] Undefined variable: p /var/www/dzxt/s/tp/Application/Flow/Controller/DemoController.class.php 第 22 行.
NOTIC: [8] Trying to get property of non-object /var/www/dzxt/s/tp/Application/Flow/Controller/DemoController.class.php 第 22 行.
SQL: SELECT `id`,`form_id`,`flow_name`,`flow_desc`,`updatetime`,`dateline` FROM `ht_flow` WHERE `is_del` = 0 ORDER BY id desc  [ RunTime:0.0002s ]
SQL: SHOW COLUMNS FROM `ht_form` [ RunTime:0.0007s ]
SQL: SELECT * FROM `ht_form` WHERE ( 1=1 AND id='757' ) LIMIT 1   [ RunTime:0.0003s ]
SQL: SELECT * FROM `ht_form` WHERE ( 1=1 AND id='775' ) LIMIT 1   [ RunTime:0.0002s ]
SQL: SELECT * FROM `ht_form` WHERE ( 1=1 AND id='772' ) LIMIT 1   [ RunTime:0.0002s ]
SQL: SELECT * FROM `ht_form` WHERE ( 1=1 AND id='769' ) LIMIT 1   [ RunTime:0.0002s ]
SQL: SELECT * FROM `ht_form` WHERE ( 1=1 AND id='746' ) LIMIT 1   [ RunTime:0.0001s ]
SQL: SELECT * FROM `ht_form` WHERE ( 1=1 AND id='730' ) LIMIT 1   [ RunTime:0.0001s ]
SQL: SELECT * FROM `ht_form` WHERE ( 1=1 AND id='587' ) LIMIT 1   [ RunTime:0.0002s ]
SQL: SELECT * FROM `ht_form` WHERE ( 1=1 AND id='266' ) LIMIT 1   [ RunTime:0.0001s ]
SQL: SELECT * FROM `ht_form` WHERE ( 1=1 AND id='328' ) LIMIT 1   [ RunTime:0.0002s ]
SQL: SELECT * FROM `ht_form` WHERE ( 1=1 AND id='329' ) LIMIT 1   [ RunTime:0.0001s ]
INFO: [ app_end ] --START--
INFO: Run Behavior\ShowPageTraceBehavior [ RunTime:0.000084s ]
INFO: [ app_end ] --END-- [ RunTime:0.000152s ]

[ 2016-04-20T16:57:30+08:00 ] 119.134.122.45 /s/tp/wwwroot/index.php?s=/Flow/demo/index/getflow/ok.html
INFO: [ app_init ] --START--
INFO: Run Behavior\BuildLiteBehavior [ RunTime:0.000021s ]
INFO: [ app_init ] --END-- [ RunTime:0.000152s ]
INFO: [ app_begin ] --START--
INFO: Run Behavior\ReadHtmlCacheBehavior [ RunTime:0.000053s ]
INFO: [ app_begin ] --END-- [ RunTime:0.000131s ]
SQL: SHOW COLUMNS FROM `ht_flow` [ RunTime:0.0009s ]
SQL: SELECT COUNT(id) AS tp_count FROM `ht_flow` WHERE `is_del` = 0 LIMIT 1   [ RunTime:0.0002s ]
NOTIC: [8] Undefined variable: p /var/www/dzxt/s/tp/Application/Flow/Controller/DemoController.class.php 第 22 行.
NOTIC: [8] Trying to get property of non-object /var/www/dzxt/s/tp/Application/Flow/Controller/DemoController.class.php 第 22 行.
NOTIC: [8] Undefined variable: p /var/www/dzxt/s/tp/Application/Flow/Controller/DemoController.class.php 第 22 行.
NOTIC: [8] Trying to get property of non-object /var/www/dzxt/s/tp/Application/Flow/Controller/DemoController.class.php 第 22 行.
SQL: SELECT `id`,`form_id`,`flow_name`,`flow_desc`,`updatetime`,`dateline` FROM `ht_flow` WHERE `is_del` = 0 ORDER BY id desc  [ RunTime:0.0002s ]
SQL: SHOW COLUMNS FROM `ht_form` [ RunTime:0.0007s ]
SQL: SELECT * FROM `ht_form` WHERE ( 1=1 AND id='757' ) LIMIT 1   [ RunTime:0.0002s ]
SQL: SELECT * FROM `ht_form` WHERE ( 1=1 AND id='775' ) LIMIT 1   [ RunTime:0.0002s ]
SQL: SELECT * FROM `ht_form` WHERE ( 1=1 AND id='772' ) LIMIT 1   [ RunTime:0.0003s ]
SQL: SELECT * FROM `ht_form` WHERE ( 1=1 AND id='769' ) LIMIT 1   [ RunTime:0.0002s ]
SQL: SELECT * FROM `ht_form` WHERE ( 1=1 AND id='746' ) LIMIT 1   [ RunTime:0.0001s ]
SQL: SELECT * FROM `ht_form` WHERE ( 1=1 AND id='730' ) LIMIT 1   [ RunTime:0.0001s ]
SQL: SELECT * FROM `ht_form` WHERE ( 1=1 AND id='587' ) LIMIT 1   [ RunTime:0.0002s ]
SQL: SELECT * FROM `ht_form` WHERE ( 1=1 AND id='266' ) LIMIT 1   [ RunTime:0.0001s ]
SQL: SELECT * FROM `ht_form` WHERE ( 1=1 AND id='328' ) LIMIT 1   [ RunTime:0.0002s ]
SQL: SELECT * FROM `ht_form` WHERE ( 1=1 AND id='329' ) LIMIT 1   [ RunTime:0.0001s ]
INFO: [ app_end ] --START--
INFO: Run Behavior\ShowPageTraceBehavior [ RunTime:0.000081s ]
INFO: [ app_end ] --END-- [ RunTime:0.000151s ]

