[ 2015-09-26T16:52:10+08:00 ] 127.0.0.1 /s/tp/wwwroot/index.php?s=/Power/Index/getform.html
INFO: [ app_init ] --START--
INFO: Run Behavior\BuildLiteBehavior [ RunTime:0.000000s ]
INFO: [ app_init ] --END-- [ RunTime:0.000976s ]
INFO: [ app_begin ] --START--
INFO: Run Behavior\ReadHtmlCacheBehavior [ RunTime:0.000977s ]
INFO: [ app_begin ] --END-- [ RunTime:0.001953s ]
SQL: SHOW COLUMNS FROM `ht_form` [ RunTime:0.0059s ]
SQL: SELECT `id`,`form_name`,`pid`,`type` FROM `ht_form` WHERE `pid` = 0  [ RunTime:0.0020s ]
SQL: SELECT `id`,`form_name`,`pid`,`type` FROM `ht_form` WHERE `pid` = 52  [ RunTime:0.0010s ]
SQL: SELECT `id`,`form_name`,`pid`,`type` FROM `ht_form` WHERE `pid` = 56  [ RunTime:0.0010s ]
SQL: SELECT `id`,`form_name`,`pid`,`type` FROM `ht_form` WHERE `pid` = 58  [ RunTime:0.0020s ]
SQL: SELECT `id`,`form_name`,`pid`,`type` FROM `ht_form` WHERE `pid` = 62  [ RunTime:0.0010s ]
NOTIC: [2] Invalid argument supplied for foreach() D:\project\dzxt\s\tp\Application\Power\Controller\IndexController.class.php 第 60 行.
SQL: SELECT `id`,`form_name`,`pid`,`type` FROM `ht_form` WHERE `pid` = 135  [ RunTime:0.0010s ]
NOTIC: [2] Invalid argument supplied for foreach() D:\project\dzxt\s\tp\Application\Power\Controller\IndexController.class.php 第 60 行.
SQL: SELECT `id`,`form_name`,`pid`,`type` FROM `ht_form` WHERE `pid` = 142  [ RunTime:0.0010s ]
NOTIC: [2] Invalid argument supplied for foreach() D:\project\dzxt\s\tp\Application\Power\Controller\IndexController.class.php 第 60 行.
SQL: SELECT `id`,`form_name`,`pid`,`type` FROM `ht_form` WHERE `pid` = 145  [ RunTime:0.0010s ]
NOTIC: [2] Invalid argument supplied for foreach() D:\project\dzxt\s\tp\Application\Power\Controller\IndexController.class.php 第 60 行.
SQL: SELECT `id`,`form_name`,`pid`,`type` FROM `ht_form` WHERE `pid` = 146  [ RunTime:0.0020s ]
NOTIC: [2] Invalid argument supplied for foreach() D:\project\dzxt\s\tp\Application\Power\Controller\IndexController.class.php 第 60 行.
SQL: SELECT `id`,`form_name`,`pid`,`type` FROM `ht_form` WHERE `pid` = 147  [ RunTime:0.0020s ]
NOTIC: [2] Invalid argument supplied for foreach() D:\project\dzxt\s\tp\Application\Power\Controller\IndexController.class.php 第 60 行.
SQL: SELECT `id`,`form_name`,`pid`,`type` FROM `ht_form` WHERE `pid` = 177  [ RunTime:0.0010s ]
NOTIC: [2] Invalid argument supplied for foreach() D:\project\dzxt\s\tp\Application\Power\Controller\IndexController.class.php 第 60 行.
SQL: SELECT `id`,`form_name`,`pid`,`type` FROM `ht_form` WHERE `pid` = 191  [ RunTime:0.0010s ]
NOTIC: [2] Invalid argument supplied for foreach() D:\project\dzxt\s\tp\Application\Power\Controller\IndexController.class.php 第 60 行.
SQL: SELECT `id`,`form_name`,`pid`,`type` FROM `ht_form` WHERE `pid` = 129  [ RunTime:0.0020s ]
SQL: SELECT `id`,`form_name`,`pid`,`type` FROM `ht_form` WHERE `pid` = 137  [ RunTime:0.0020s ]
NOTIC: [2] Invalid argument supplied for foreach() D:\project\dzxt\s\tp\Application\Power\Controller\IndexController.class.php 第 60 行.
SQL: SELECT `id`,`form_name`,`pid`,`type` FROM `ht_form` WHERE `pid` = 138  [ RunTime:0.0010s ]
NOTIC: [2] Invalid argument supplied for foreach() D:\project\dzxt\s\tp\Application\Power\Controller\IndexController.class.php 第 60 行.
SQL: SELECT `id`,`form_name`,`pid`,`type` FROM `ht_form` WHERE `pid` = 140  [ RunTime:0.0020s ]
SQL: SELECT `id`,`form_name`,`pid`,`type` FROM `ht_form` WHERE `pid` = 141  [ RunTime:0.0020s ]
NOTIC: [2] Invalid argument supplied for foreach() D:\project\dzxt\s\tp\Application\Power\Controller\IndexController.class.php 第 60 行.
SQL: SELECT `id`,`form_name`,`pid`,`type` FROM `ht_form` WHERE `pid` = 157  [ RunTime:0.0020s ]
NOTIC: [2] Invalid argument supplied for foreach() D:\project\dzxt\s\tp\Application\Power\Controller\IndexController.class.php 第 60 行.
SQL: SELECT `id`,`form_name`,`pid`,`type` FROM `ht_form` WHERE `pid` = 160  [ RunTime:0.0020s ]
NOTIC: [2] Invalid argument supplied for foreach() D:\project\dzxt\s\tp\Application\Power\Controller\IndexController.class.php 第 60 行.
SQL: SELECT `id`,`form_name`,`pid`,`type` FROM `ht_form` WHERE `pid` = 173  [ RunTime:0.0010s ]
NOTIC: [2] Invalid argument supplied for foreach() D:\project\dzxt\s\tp\Application\Power\Controller\IndexController.class.php 第 60 行.
SQL: SELECT `id`,`form_name`,`pid`,`type` FROM `ht_form` WHERE `pid` = 144  [ RunTime:0.0020s ]
NOTIC: [2] Invalid argument supplied for foreach() D:\project\dzxt\s\tp\Application\Power\Controller\IndexController.class.php 第 60 行.
SQL: SELECT `id`,`form_name`,`pid`,`type` FROM `ht_form` WHERE `pid` = 149  [ RunTime:0.0020s ]
NOTIC: [2] Invalid argument supplied for foreach() D:\project\dzxt\s\tp\Application\Power\Controller\IndexController.class.php 第 60 行.
SQL: SELECT `id`,`form_name`,`pid`,`type` FROM `ht_form` WHERE `pid` = 150  [ RunTime:0.0010s ]
NOTIC: [2] Invalid argument supplied for foreach() D:\project\dzxt\s\tp\Application\Power\Controller\IndexController.class.php 第 60 行.
SQL: SELECT `id`,`form_name`,`pid`,`type` FROM `ht_form` WHERE `pid` = 151  [ RunTime:0.0020s ]
NOTIC: [2] Invalid argument supplied for foreach() D:\project\dzxt\s\tp\Application\Power\Controller\IndexController.class.php 第 60 行.
SQL: SELECT `id`,`form_name`,`pid`,`type` FROM `ht_form` WHERE `pid` = 155  [ RunTime:0.0010s ]
NOTIC: [2] Invalid argument supplied for foreach() D:\project\dzxt\s\tp\Application\Power\Controller\IndexController.class.php 第 60 行.
SQL: SELECT `id`,`form_name`,`pid`,`type` FROM `ht_form` WHERE `pid` = 156  [ RunTime:0.0020s ]
NOTIC: [2] Invalid argument supplied for foreach() D:\project\dzxt\s\tp\Application\Power\Controller\IndexController.class.php 第 60 行.
SQL: SELECT `id`,`form_name`,`pid`,`type` FROM `ht_form` WHERE `pid` = 143  [ RunTime:0.0010s ]
NOTIC: [2] Invalid argument supplied for foreach() D:\project\dzxt\s\tp\Application\Power\Controller\IndexController.class.php 第 60 行.
SQL: SELECT `id`,`form_name`,`pid`,`type` FROM `ht_form` WHERE `pid` = 163  [ RunTime:0.0020s ]
NOTIC: [2] Invalid argument supplied for foreach() D:\project\dzxt\s\tp\Application\Power\Controller\IndexController.class.php 第 60 行.
SQL: SELECT `id`,`form_name`,`pid`,`type` FROM `ht_form` WHERE `pid` = 165  [ RunTime:0.0020s ]
SQL: SELECT `id`,`form_name`,`pid`,`type` FROM `ht_form` WHERE `pid` = 54  [ RunTime:0.0010s ]
SQL: SELECT `id`,`form_name`,`pid`,`type` FROM `ht_form` WHERE `pid` = 92  [ RunTime:0.0010s ]
NOTIC: [2] Invalid argument supplied for foreach() D:\project\dzxt\s\tp\Application\Power\Controller\IndexController.class.php 第 60 行.
SQL: SELECT `id`,`form_name`,`pid`,`type` FROM `ht_form` WHERE `pid` = 93  [ RunTime:0.0010s ]
NOTIC: [2] Invalid argument supplied for foreach() D:\project\dzxt\s\tp\Application\Power\Controller\IndexController.class.php 第 60 行.
SQL: SELECT `id`,`form_name`,`pid`,`type` FROM `ht_form` WHERE `pid` = 95  [ RunTime:0.0010s ]
NOTIC: [2] Invalid argument supplied for foreach() D:\project\dzxt\s\tp\Application\Power\Controller\IndexController.class.php 第 60 行.
SQL: SELECT `id`,`form_name`,`pid`,`type` FROM `ht_form` WHERE `pid` = 97  [ RunTime:0.0020s ]
NOTIC: [2] Invalid argument supplied for foreach() D:\project\dzxt\s\tp\Application\Power\Controller\IndexController.class.php 第 60 行.
SQL: SELECT `id`,`form_name`,`pid`,`type` FROM `ht_form` WHERE `pid` = 98  [ RunTime:0.0010s ]
NOTIC: [2] Invalid argument supplied for foreach() D:\project\dzxt\s\tp\Application\Power\Controller\IndexController.class.php 第 60 行.
SQL: SELECT `id`,`form_name`,`pid`,`type` FROM `ht_form` WHERE `pid` = 100  [ RunTime:0.0020s ]
NOTIC: [2] Invalid argument supplied for foreach() D:\project\dzxt\s\tp\Application\Power\Controller\IndexController.class.php 第 60 行.
SQL: SELECT `id`,`form_name`,`pid`,`type` FROM `ht_form` WHERE `pid` = 167  [ RunTime:0.0020s ]
SQL: SELECT `id`,`form_name`,`pid`,`type` FROM `ht_form` WHERE `pid` = 175  [ RunTime:0.0010s ]
SQL: SELECT `id`,`form_name`,`pid`,`type` FROM `ht_form` WHERE `pid` = 139  [ RunTime:0.0010s ]
NOTIC: [2] Invalid argument supplied for foreach() D:\project\dzxt\s\tp\Application\Power\Controller\IndexController.class.php 第 60 行.
SQL: SELECT `id`,`form_name`,`pid`,`type` FROM `ht_form` WHERE `pid` = 189  [ RunTime:0.0010s ]
NOTIC: [2] Invalid argument supplied for foreach() D:\project\dzxt\s\tp\Application\Power\Controller\IndexController.class.php 第 60 行.
SQL: SELECT `id`,`form_name`,`pid`,`type` FROM `ht_form` WHERE `pid` = 192  [ RunTime:0.0020s ]
NOTIC: [2] Invalid argument supplied for foreach() D:\project\dzxt\s\tp\Application\Power\Controller\IndexController.class.php 第 60 行.
SQL: SELECT `id`,`form_name`,`pid`,`type` FROM `ht_form` WHERE `pid` = 193  [ RunTime:0.0010s ]
NOTIC: [2] Invalid argument supplied for foreach() D:\project\dzxt\s\tp\Application\Power\Controller\IndexController.class.php 第 60 行.
SQL: SELECT `id`,`form_name`,`pid`,`type` FROM `ht_form` WHERE `pid` = 190  [ RunTime:0.0020s ]
NOTIC: [2] Invalid argument supplied for foreach() D:\project\dzxt\s\tp\Application\Power\Controller\IndexController.class.php 第 60 行.
SQL: SELECT `id`,`form_name`,`pid`,`type` FROM `ht_form` WHERE `pid` = 176  [ RunTime:0.0010s ]
NOTIC: [2] Invalid argument supplied for foreach() D:\project\dzxt\s\tp\Application\Power\Controller\IndexController.class.php 第 60 行.
SQL: SELECT `id`,`form_name`,`pid`,`type` FROM `ht_form` WHERE `pid` = 178  [ RunTime:0.0020s ]
NOTIC: [2] Invalid argument supplied for foreach() D:\project\dzxt\s\tp\Application\Power\Controller\IndexController.class.php 第 60 行.
SQL: SELECT `id`,`form_name`,`pid`,`type` FROM `ht_form` WHERE `pid` = 179  [ RunTime:0.0010s ]
NOTIC: [2] Invalid argument supplied for foreach() D:\project\dzxt\s\tp\Application\Power\Controller\IndexController.class.php 第 60 行.
SQL: SELECT `id`,`form_name`,`pid`,`type` FROM `ht_form` WHERE `pid` = 180  [ RunTime:0.0020s ]
NOTIC: [2] Invalid argument supplied for foreach() D:\project\dzxt\s\tp\Application\Power\Controller\IndexController.class.php 第 60 行.
SQL: SELECT `id`,`form_name`,`pid`,`type` FROM `ht_form` WHERE `pid` = 181  [ RunTime:0.0010s ]
NOTIC: [2] Invalid argument supplied for foreach() D:\project\dzxt\s\tp\Application\Power\Controller\IndexController.class.php 第 60 行.
SQL: SELECT `id`,`form_name`,`pid`,`type` FROM `ht_form` WHERE `pid` = 182  [ RunTime:0.0020s ]
NOTIC: [2] Invalid argument supplied for foreach() D:\project\dzxt\s\tp\Application\Power\Controller\IndexController.class.php 第 60 行.
SQL: SELECT `id`,`form_name`,`pid`,`type` FROM `ht_form` WHERE `pid` = 183  [ RunTime:0.0020s ]
NOTIC: [2] Invalid argument supplied for foreach() D:\project\dzxt\s\tp\Application\Power\Controller\IndexController.class.php 第 60 行.
SQL: SELECT `id`,`form_name`,`pid`,`type` FROM `ht_form` WHERE `pid` = 184  [ RunTime:0.0010s ]
NOTIC: [2] Invalid argument supplied for foreach() D:\project\dzxt\s\tp\Application\Power\Controller\IndexController.class.php 第 60 行.
SQL: SELECT `id`,`form_name`,`pid`,`type` FROM `ht_form` WHERE `pid` = 185  [ RunTime:0.0020s ]
NOTIC: [2] Invalid argument supplied for foreach() D:\project\dzxt\s\tp\Application\Power\Controller\IndexController.class.php 第 60 行.
SQL: SELECT `id`,`form_name`,`pid`,`type` FROM `ht_form` WHERE `pid` = 186  [ RunTime:0.0020s ]
NOTIC: [2] Invalid argument supplied for foreach() D:\project\dzxt\s\tp\Application\Power\Controller\IndexController.class.php 第 60 行.
INFO: [ app_end ] --START--
INFO: Run Behavior\ShowPageTraceBehavior [ RunTime:0.001953s ]
INFO: [ app_end ] --END-- [ RunTime:0.001953s ]

[ 2015-09-26T16:52:10+08:00 ] 127.0.0.1 /s/tp/wwwroot/index.php?s=/Power/index/getUserRole/role_id/1.html
INFO: [ app_init ] --START--
INFO: Run Behavior\BuildLiteBehavior [ RunTime:0.000976s ]
INFO: [ app_init ] --END-- [ RunTime:0.000976s ]
INFO: [ app_begin ] --START--
INFO: Run Behavior\ReadHtmlCacheBehavior [ RunTime:0.000977s ]
INFO: [ app_begin ] --END-- [ RunTime:0.000977s ]
SQL: SELECT form_id FROM `ht_power` WHERE function_type=0 and role_id=1 [ RunTime:0.0020s ]
INFO: [ app_end ] --START--
INFO: Run Behavior\ShowPageTraceBehavior [ RunTime:0.000977s ]
INFO: [ app_end ] --END-- [ RunTime:0.000977s ]

[ 2015-09-26T16:52:37+08:00 ] 127.0.0.1 /s/tp/wwwroot/index.php?s=/Power/index/upRole
INFO: [ app_init ] --START--
INFO: Run Behavior\BuildLiteBehavior [ RunTime:0.000000s ]
INFO: [ app_init ] --END-- [ RunTime:0.000000s ]
INFO: [ app_begin ] --START--
INFO: Run Behavior\ReadHtmlCacheBehavior [ RunTime:0.000977s ]
INFO: [ app_begin ] --END-- [ RunTime:0.001953s ]
SQL: delete from `ht_power` where role_id=1 [ RunTime:0.0146s ]
SQL: INSERT INTO ht_power(role_id,form_id,function_name,function_type)values(1,52,"view.page",0) [ RunTime:0.0029s ]
SQL: INSERT INTO ht_power(role_id,form_id,function_name,function_type)values(1,56,"view.page",0) [ RunTime:0.0020s ]
SQL: INSERT INTO ht_power(role_id,form_id,function_name,function_type)values(1,58,"view.page",0) [ RunTime:0.0020s ]
SQL: INSERT INTO ht_power(role_id,form_id,function_name,function_type)values(1,135,"view.page",0) [ RunTime:0.0029s ]
SQL: INSERT INTO ht_power(role_id,form_id,function_name,function_type)values(1,142,"view.page",0) [ RunTime:0.0020s ]
SQL: INSERT INTO ht_power(role_id,form_id,function_name,function_type)values(1,145,"view.page",0) [ RunTime:0.0029s ]
SQL: INSERT INTO ht_power(role_id,form_id,function_name,function_type)values(1,146,"view.page",0) [ RunTime:0.0020s ]
SQL: INSERT INTO ht_power(role_id,form_id,function_name,function_type)values(1,147,"view.page",0) [ RunTime:0.0029s ]
SQL: INSERT INTO ht_power(role_id,form_id,function_name,function_type)values(1,177,"view.page",0) [ RunTime:0.0010s ]
SQL: INSERT INTO ht_power(role_id,form_id,function_name,function_type)values(1,191,"view.page",0) [ RunTime:0.0020s ]
SQL: INSERT INTO ht_power(role_id,form_id,function_name,function_type)values(1,129,"view.page",0) [ RunTime:0.0010s ]
SQL: INSERT INTO ht_power(role_id,form_id,function_name,function_type)values(1,137,"view.page",0) [ RunTime:0.0039s ]
SQL: INSERT INTO ht_power(role_id,form_id,function_name,function_type)values(1,138,"view.page",0) [ RunTime:0.0020s ]
SQL: INSERT INTO ht_power(role_id,form_id,function_name,function_type)values(1,140,"view.page",0) [ RunTime:0.0020s ]
SQL: INSERT INTO ht_power(role_id,form_id,function_name,function_type)values(1,141,"view.page",0) [ RunTime:0.0029s ]
SQL: INSERT INTO ht_power(role_id,form_id,function_name,function_type)values(1,157,"view.page",0) [ RunTime:0.0020s ]
SQL: INSERT INTO ht_power(role_id,form_id,function_name,function_type)values(1,160,"view.page",0) [ RunTime:0.0020s ]
SQL: INSERT INTO ht_power(role_id,form_id,function_name,function_type)values(1,173,"view.page",0) [ RunTime:0.0020s ]
SQL: INSERT INTO ht_power(role_id,form_id,function_name,function_type)values(1,144,"view.page",0) [ RunTime:0.0020s ]
SQL: INSERT INTO ht_power(role_id,form_id,function_name,function_type)values(1,149,"view.page",0) [ RunTime:0.0010s ]
SQL: INSERT INTO ht_power(role_id,form_id,function_name,function_type)values(1,150,"view.page",0) [ RunTime:0.0020s ]
SQL: INSERT INTO ht_power(role_id,form_id,function_name,function_type)values(1,151,"view.page",0) [ RunTime:0.0020s ]
SQL: INSERT INTO ht_power(role_id,form_id,function_name,function_type)values(1,155,"view.page",0) [ RunTime:0.0020s ]
SQL: INSERT INTO ht_power(role_id,form_id,function_name,function_type)values(1,156,"view.page",0) [ RunTime:0.0020s ]
SQL: INSERT INTO ht_power(role_id,form_id,function_name,function_type)values(1,143,"view.page",0) [ RunTime:0.0020s ]
SQL: INSERT INTO ht_power(role_id,form_id,function_name,function_type)values(1,163,"view.page",0) [ RunTime:0.0010s ]
SQL: INSERT INTO ht_power(role_id,form_id,function_name,function_type)values(1,165,"view.page",0) [ RunTime:0.0020s ]
SQL: INSERT INTO ht_power(role_id,form_id,function_name,function_type)values(1,54,"view.page",0) [ RunTime:0.0010s ]
SQL: INSERT INTO ht_power(role_id,form_id,function_name,function_type)values(1,92,"view.page",0) [ RunTime:0.0010s ]
SQL: INSERT INTO ht_power(role_id,form_id,function_name,function_type)values(1,93,"view.page",0) [ RunTime:0.0010s ]
SQL: INSERT INTO ht_power(role_id,form_id,function_name,function_type)values(1,95,"view.page",0) [ RunTime:0.0010s ]
SQL: INSERT INTO ht_power(role_id,form_id,function_name,function_type)values(1,97,"view.page",0) [ RunTime:0.0010s ]
SQL: INSERT INTO ht_power(role_id,form_id,function_name,function_type)values(1,98,"view.page",0) [ RunTime:0.0020s ]
SQL: INSERT INTO ht_power(role_id,form_id,function_name,function_type)values(1,100,"view.page",0) [ RunTime:0.0020s ]
SQL: INSERT INTO ht_power(role_id,form_id,function_name,function_type)values(1,167,"view.page",0) [ RunTime:0.0010s ]
SQL: INSERT INTO ht_power(role_id,form_id,function_name,function_type)values(1,175,"view.page",0) [ RunTime:0.0010s ]
SQL: INSERT INTO ht_power(role_id,form_id,function_name,function_type)values(1,139,"view.page",0) [ RunTime:0.0029s ]
SQL: INSERT INTO ht_power(role_id,form_id,function_name,function_type)values(1,189,"view.page",0) [ RunTime:0.0010s ]
SQL: INSERT INTO ht_power(role_id,form_id,function_name,function_type)values(1,192,"view.page",0) [ RunTime:0.0010s ]
SQL: INSERT INTO ht_power(role_id,form_id,function_name,function_type)values(1,193,"view.page",0) [ RunTime:0.0010s ]
SQL: INSERT INTO ht_power(role_id,form_id,function_name,function_type)values(1,190,"view.page",0) [ RunTime:0.0010s ]
SQL: INSERT INTO ht_power(role_id,form_id,function_name,function_type)values(1,176,"view.page",0) [ RunTime:0.0010s ]
SQL: INSERT INTO ht_power(role_id,form_id,function_name,function_type)values(1,178,"view.page",0) [ RunTime:0.0020s ]
SQL: INSERT INTO ht_power(role_id,form_id,function_name,function_type)values(1,179,"view.page",0) [ RunTime:0.0010s ]
SQL: INSERT INTO ht_power(role_id,form_id,function_name,function_type)values(1,181,"view.page",0) [ RunTime:0.0039s ]
SQL: INSERT INTO ht_power(role_id,form_id,function_name,function_type)values(1,182,"view.page",0) [ RunTime:0.0010s ]
SQL: INSERT INTO ht_power(role_id,form_id,function_name,function_type)values(1,183,"view.page",0) [ RunTime:0.0020s ]
INFO: [ app_end ] --START--
INFO: Run Behavior\ShowPageTraceBehavior [ RunTime:0.000976s ]
INFO: [ app_end ] --END-- [ RunTime:0.000976s ]

