[ 2015-08-24T09:11:58+08:00 ] ::1 /s/tp/wwwroot/index.php?s=/Power/Index/getform.html
INFO: [ app_init ] --START--
INFO: Run Behavior\BuildLiteBehavior [ RunTime:0.000000s ]
INFO: [ app_init ] --END-- [ RunTime:0.036132s ]
INFO: [ app_begin ] --START--
INFO: Run Behavior\ReadHtmlCacheBehavior [ RunTime:0.011719s ]
INFO: [ app_begin ] --END-- [ RunTime:0.011719s ]
SQL: SHOW COLUMNS FROM `ht_form` [ RunTime:0.0098s ]
SQL: SELECT `id`,`form_name`,`pid`,`type` FROM `ht_form` WHERE `pid` = 0  [ RunTime:0.0020s ]
SQL: SELECT `id`,`form_name`,`pid`,`type` FROM `ht_form` WHERE `pid` = 52  [ RunTime:0.0020s ]
SQL: SELECT `id`,`form_name`,`pid`,`type` FROM `ht_form` WHERE `pid` = 54  [ RunTime:0.0020s ]
SQL: SELECT `id`,`form_name`,`pid`,`type` FROM `ht_form` WHERE `pid` = 92  [ RunTime:0.0010s ]
NOTIC: [2] Invalid argument supplied for foreach() D:\¹¤³ÌÇø\dzxt\s\tp\Application\Power\Controller\IndexController.class.php ç¬¬ 59 è¡Œ.
SQL: SELECT `id`,`form_name`,`pid`,`type` FROM `ht_form` WHERE `pid` = 93  [ RunTime:0.0020s ]
NOTIC: [2] Invalid argument supplied for foreach() D:\¹¤³ÌÇø\dzxt\s\tp\Application\Power\Controller\IndexController.class.php ç¬¬ 59 è¡Œ.
SQL: SELECT `id`,`form_name`,`pid`,`type` FROM `ht_form` WHERE `pid` = 94  [ RunTime:0.0020s ]
NOTIC: [2] Invalid argument supplied for foreach() D:\¹¤³ÌÇø\dzxt\s\tp\Application\Power\Controller\IndexController.class.php ç¬¬ 59 è¡Œ.
SQL: SELECT `id`,`form_name`,`pid`,`type` FROM `ht_form` WHERE `pid` = 95  [ RunTime:0.0020s ]
NOTIC: [2] Invalid argument supplied for foreach() D:\¹¤³ÌÇø\dzxt\s\tp\Application\Power\Controller\IndexController.class.php ç¬¬ 59 è¡Œ.
SQL: SELECT `id`,`form_name`,`pid`,`type` FROM `ht_form` WHERE `pid` = 96  [ RunTime:0.0020s ]
NOTIC: [2] Invalid argument supplied for foreach() D:\¹¤³ÌÇø\dzxt\s\tp\Application\Power\Controller\IndexController.class.php ç¬¬ 59 è¡Œ.
SQL: SELECT `id`,`form_name`,`pid`,`type` FROM `ht_form` WHERE `pid` = 97  [ RunTime:0.0020s ]
NOTIC: [2] Invalid argument supplied for foreach() D:\¹¤³ÌÇø\dzxt\s\tp\Application\Power\Controller\IndexController.class.php ç¬¬ 59 è¡Œ.
SQL: SELECT `id`,`form_name`,`pid`,`type` FROM `ht_form` WHERE `pid` = 98  [ RunTime:0.0020s ]
NOTIC: [2] Invalid argument supplied for foreach() D:\¹¤³ÌÇø\dzxt\s\tp\Application\Power\Controller\IndexController.class.php ç¬¬ 59 è¡Œ.
SQL: SELECT `id`,`form_name`,`pid`,`type` FROM `ht_form` WHERE `pid` = 99  [ RunTime:0.0020s ]
NOTIC: [2] Invalid argument supplied for foreach() D:\¹¤³ÌÇø\dzxt\s\tp\Application\Power\Controller\IndexController.class.php ç¬¬ 59 è¡Œ.
SQL: SELECT `id`,`form_name`,`pid`,`type` FROM `ht_form` WHERE `pid` = 100  [ RunTime:0.0010s ]
NOTIC: [2] Invalid argument supplied for foreach() D:\¹¤³ÌÇø\dzxt\s\tp\Application\Power\Controller\IndexController.class.php ç¬¬ 59 è¡Œ.
SQL: SELECT `id`,`form_name`,`pid`,`type` FROM `ht_form` WHERE `pid` = 102  [ RunTime:0.0010s ]
NOTIC: [2] Invalid argument supplied for foreach() D:\¹¤³ÌÇø\dzxt\s\tp\Application\Power\Controller\IndexController.class.php ç¬¬ 59 è¡Œ.
SQL: SELECT `id`,`form_name`,`pid`,`type` FROM `ht_form` WHERE `pid` = 103  [ RunTime:0.0020s ]
NOTIC: [2] Invalid argument supplied for foreach() D:\¹¤³ÌÇø\dzxt\s\tp\Application\Power\Controller\IndexController.class.php ç¬¬ 59 è¡Œ.
SQL: SELECT `id`,`form_name`,`pid`,`type` FROM `ht_form` WHERE `pid` = 56  [ RunTime:0.0010s ]
SQL: SELECT `id`,`form_name`,`pid`,`type` FROM `ht_form` WHERE `pid` = 58  [ RunTime:0.0020s ]
SQL: SELECT `id`,`form_name`,`pid`,`type` FROM `ht_form` WHERE `pid` = 62  [ RunTime:0.0010s ]
NOTIC: [2] Invalid argument supplied for foreach() D:\¹¤³ÌÇø\dzxt\s\tp\Application\Power\Controller\IndexController.class.php ç¬¬ 59 è¡Œ.
SQL: SELECT `id`,`form_name`,`pid`,`type` FROM `ht_form` WHERE `pid` = 135  [ RunTime:0.0020s ]
NOTIC: [2] Invalid argument supplied for foreach() D:\¹¤³ÌÇø\dzxt\s\tp\Application\Power\Controller\IndexController.class.php ç¬¬ 59 è¡Œ.
SQL: SELECT `id`,`form_name`,`pid`,`type` FROM `ht_form` WHERE `pid` = 136  [ RunTime:0.0010s ]
NOTIC: [2] Invalid argument supplied for foreach() D:\¹¤³ÌÇø\dzxt\s\tp\Application\Power\Controller\IndexController.class.php ç¬¬ 59 è¡Œ.
SQL: SELECT `id`,`form_name`,`pid`,`type` FROM `ht_form` WHERE `pid` = 57  [ RunTime:0.0020s ]
NOTIC: [2] Invalid argument supplied for foreach() D:\¹¤³ÌÇø\dzxt\s\tp\Application\Power\Controller\IndexController.class.php ç¬¬ 59 è¡Œ.
SQL: SELECT `id`,`form_name`,`pid`,`type` FROM `ht_form` WHERE `pid` = 129  [ RunTime:0.0010s ]
SQL: SELECT `id`,`form_name`,`pid`,`type` FROM `ht_form` WHERE `pid` = 137  [ RunTime:0.0010s ]
NOTIC: [2] Invalid argument supplied for foreach() D:\¹¤³ÌÇø\dzxt\s\tp\Application\Power\Controller\IndexController.class.php ç¬¬ 59 è¡Œ.
SQL: SELECT `id`,`form_name`,`pid`,`type` FROM `ht_form` WHERE `pid` = 138  [ RunTime:0.0010s ]
NOTIC: [2] Invalid argument supplied for foreach() D:\¹¤³ÌÇø\dzxt\s\tp\Application\Power\Controller\IndexController.class.php ç¬¬ 59 è¡Œ.
SQL: SELECT `id`,`form_name`,`pid`,`type` FROM `ht_form` WHERE `pid` = 139  [ RunTime:0.0020s ]
NOTIC: [2] Invalid argument supplied for foreach() D:\¹¤³ÌÇø\dzxt\s\tp\Application\Power\Controller\IndexController.class.php ç¬¬ 59 è¡Œ.
SQL: SELECT `id`,`form_name`,`pid`,`type` FROM `ht_form` WHERE `pid` = 140  [ RunTime:0.0010s ]
SQL: SELECT `id`,`form_name`,`pid`,`type` FROM `ht_form` WHERE `pid` = 141  [ RunTime:0.0010s ]
NOTIC: [2] Invalid argument supplied for foreach() D:\¹¤³ÌÇø\dzxt\s\tp\Application\Power\Controller\IndexController.class.php ç¬¬ 59 è¡Œ.
INFO: [ app_end ] --START--
INFO: Run Behavior\ShowPageTraceBehavior [ RunTime:0.012695s ]
INFO: [ app_end ] --END-- [ RunTime:0.012695s ]

[ 2015-08-24T09:11:58+08:00 ] ::1 /s/tp/wwwroot/index.php?s=/Power/Index/index.html
INFO: [ app_init ] --START--
INFO: Run Behavior\BuildLiteBehavior [ RunTime:0.000000s ]
INFO: [ app_init ] --END-- [ RunTime:0.036132s ]
INFO: [ app_begin ] --START--
INFO: Run Behavior\ReadHtmlCacheBehavior [ RunTime:0.011719s ]
INFO: [ app_begin ] --END-- [ RunTime:0.011719s ]
SQL: SHOW COLUMNS FROM `ht_role` [ RunTime:0.0029s ]
SQL: SELECT * FROM `ht_role` ORDER BY id asc  [ RunTime:0.0010s ]
SQL: SELECT * FROM `ht_role` WHERE `pid` = 0  [ RunTime:0.0010s ]
SQL: SELECT * FROM `ht_role` WHERE `pid` = 1  [ RunTime:0.0010s ]
SQL: SELECT * FROM `ht_role` WHERE `pid` = 7  [ RunTime:0.0010s ]
NOTIC: [2] Invalid argument supplied for foreach() D:\¹¤³ÌÇø\dzxt\s\tp\Application\Power\Controller\IndexController.class.php ç¬¬ 22 è¡Œ.
INFO: [ app_end ] --START--
INFO: Run Behavior\ShowPageTraceBehavior [ RunTime:0.000976s ]
INFO: [ app_end ] --END-- [ RunTime:0.000976s ]

[ 2015-08-24T09:12:01+08:00 ] ::1 /s/tp/wwwroot/index.php?s=/Power/Index/getuser.html
INFO: [ app_init ] --START--
INFO: Run Behavior\BuildLiteBehavior [ RunTime:0.000000s ]
INFO: [ app_init ] --END-- [ RunTime:0.000000s ]
INFO: [ app_begin ] --START--
INFO: Run Behavior\ReadHtmlCacheBehavior [ RunTime:0.000000s ]
INFO: [ app_begin ] --END-- [ RunTime:0.000000s ]
SQL: SELECT u.uid,u.username FROM `ht_role_user` AS r LEFT JOIN `ht_user` AS u ON r.uid=u.uid WHERE r.role_id=1 [ RunTime:0.0010s ]
INFO: [ app_end ] --START--
INFO: Run Behavior\ShowPageTraceBehavior [ RunTime:0.000000s ]
INFO: [ app_end ] --END-- [ RunTime:0.000000s ]

[ 2015-08-24T09:12:01+08:00 ] ::1 /s/tp/wwwroot/index.php?s=/Power/index/getUserRole/role_id/1.html
INFO: [ app_init ] --START--
INFO: Run Behavior\BuildLiteBehavior [ RunTime:0.000000s ]
INFO: [ app_init ] --END-- [ RunTime:0.000977s ]
INFO: [ app_begin ] --START--
INFO: Run Behavior\ReadHtmlCacheBehavior [ RunTime:0.000976s ]
INFO: [ app_begin ] --END-- [ RunTime:0.000976s ]
SQL: SELECT form_id FROM `ht_power` WHERE function_type=0 and role_id=1 [ RunTime:0.0020s ]
INFO: [ app_end ] --START--
INFO: Run Behavior\ShowPageTraceBehavior [ RunTime:0.000000s ]
INFO: [ app_end ] --END-- [ RunTime:0.000977s ]

[ 2015-08-24T10:33:31+08:00 ] ::1 /s/tp/wwwroot/index.php?s=/Power/Index/getform.html
INFO: [ app_init ] --START--
INFO: Run Behavior\BuildLiteBehavior [ RunTime:0.000000s ]
INFO: [ app_init ] --END-- [ RunTime:0.036133s ]
INFO: [ app_begin ] --START--
INFO: Run Behavior\ReadHtmlCacheBehavior [ RunTime:0.000977s ]
INFO: [ app_begin ] --END-- [ RunTime:0.000977s ]
SQL: SHOW COLUMNS FROM `ht_form` [ RunTime:0.0000s ]
SQL: SELECT `id`,`form_name`,`pid`,`type` FROM `ht_form` WHERE `pid` = 0  [ RunTime:0.0000s ]
SQL: SELECT `id`,`form_name`,`pid`,`type` FROM `ht_form` WHERE `pid` = 52  [ RunTime:0.0000s ]
SQL: SELECT `id`,`form_name`,`pid`,`type` FROM `ht_form` WHERE `pid` = 54  [ RunTime:0.0000s ]
SQL: SELECT `id`,`form_name`,`pid`,`type` FROM `ht_form` WHERE `pid` = 92  [ RunTime:0.0000s ]
NOTIC: [2] Invalid argument supplied for foreach() D:\¹¤³ÌÇø\dzxt\s\tp\Application\Power\Controller\IndexController.class.php ç¬¬ 59 è¡Œ.
SQL: SELECT `id`,`form_name`,`pid`,`type` FROM `ht_form` WHERE `pid` = 93  [ RunTime:0.0156s ]
NOTIC: [2] Invalid argument supplied for foreach() D:\¹¤³ÌÇø\dzxt\s\tp\Application\Power\Controller\IndexController.class.php ç¬¬ 59 è¡Œ.
SQL: SELECT `id`,`form_name`,`pid`,`type` FROM `ht_form` WHERE `pid` = 94  [ RunTime:0.0000s ]
NOTIC: [2] Invalid argument supplied for foreach() D:\¹¤³ÌÇø\dzxt\s\tp\Application\Power\Controller\IndexController.class.php ç¬¬ 59 è¡Œ.
SQL: SELECT `id`,`form_name`,`pid`,`type` FROM `ht_form` WHERE `pid` = 95  [ RunTime:0.0000s ]
NOTIC: [2] Invalid argument supplied for foreach() D:\¹¤³ÌÇø\dzxt\s\tp\Application\Power\Controller\IndexController.class.php ç¬¬ 59 è¡Œ.
SQL: SELECT `id`,`form_name`,`pid`,`type` FROM `ht_form` WHERE `pid` = 96  [ RunTime:0.0000s ]
NOTIC: [2] Invalid argument supplied for foreach() D:\¹¤³ÌÇø\dzxt\s\tp\Application\Power\Controller\IndexController.class.php ç¬¬ 59 è¡Œ.
SQL: SELECT `id`,`form_name`,`pid`,`type` FROM `ht_form` WHERE `pid` = 97  [ RunTime:0.0000s ]
NOTIC: [2] Invalid argument supplied for foreach() D:\¹¤³ÌÇø\dzxt\s\tp\Application\Power\Controller\IndexController.class.php ç¬¬ 59 è¡Œ.
SQL: SELECT `id`,`form_name`,`pid`,`type` FROM `ht_form` WHERE `pid` = 98  [ RunTime:0.0000s ]
NOTIC: [2] Invalid argument supplied for foreach() D:\¹¤³ÌÇø\dzxt\s\tp\Application\Power\Controller\IndexController.class.php ç¬¬ 59 è¡Œ.
SQL: SELECT `id`,`form_name`,`pid`,`type` FROM `ht_form` WHERE `pid` = 99  [ RunTime:0.0000s ]
NOTIC: [2] Invalid argument supplied for foreach() D:\¹¤³ÌÇø\dzxt\s\tp\Application\Power\Controller\IndexController.class.php ç¬¬ 59 è¡Œ.
SQL: SELECT `id`,`form_name`,`pid`,`type` FROM `ht_form` WHERE `pid` = 100  [ RunTime:0.0000s ]
NOTIC: [2] Invalid argument supplied for foreach() D:\¹¤³ÌÇø\dzxt\s\tp\Application\Power\Controller\IndexController.class.php ç¬¬ 59 è¡Œ.
SQL: SELECT `id`,`form_name`,`pid`,`type` FROM `ht_form` WHERE `pid` = 102  [ RunTime:0.0000s ]
NOTIC: [2] Invalid argument supplied for foreach() D:\¹¤³ÌÇø\dzxt\s\tp\Application\Power\Controller\IndexController.class.php ç¬¬ 59 è¡Œ.
SQL: SELECT `id`,`form_name`,`pid`,`type` FROM `ht_form` WHERE `pid` = 103  [ RunTime:0.0000s ]
NOTIC: [2] Invalid argument supplied for foreach() D:\¹¤³ÌÇø\dzxt\s\tp\Application\Power\Controller\IndexController.class.php ç¬¬ 59 è¡Œ.
SQL: SELECT `id`,`form_name`,`pid`,`type` FROM `ht_form` WHERE `pid` = 56  [ RunTime:0.0000s ]
SQL: SELECT `id`,`form_name`,`pid`,`type` FROM `ht_form` WHERE `pid` = 58  [ RunTime:0.0000s ]
SQL: SELECT `id`,`form_name`,`pid`,`type` FROM `ht_form` WHERE `pid` = 62  [ RunTime:0.0000s ]
NOTIC: [2] Invalid argument supplied for foreach() D:\¹¤³ÌÇø\dzxt\s\tp\Application\Power\Controller\IndexController.class.php ç¬¬ 59 è¡Œ.
SQL: SELECT `id`,`form_name`,`pid`,`type` FROM `ht_form` WHERE `pid` = 135  [ RunTime:0.0000s ]
NOTIC: [2] Invalid argument supplied for foreach() D:\¹¤³ÌÇø\dzxt\s\tp\Application\Power\Controller\IndexController.class.php ç¬¬ 59 è¡Œ.
SQL: SELECT `id`,`form_name`,`pid`,`type` FROM `ht_form` WHERE `pid` = 136  [ RunTime:0.0166s ]
NOTIC: [2] Invalid argument supplied for foreach() D:\¹¤³ÌÇø\dzxt\s\tp\Application\Power\Controller\IndexController.class.php ç¬¬ 59 è¡Œ.
SQL: SELECT `id`,`form_name`,`pid`,`type` FROM `ht_form` WHERE `pid` = 57  [ RunTime:0.0010s ]
NOTIC: [2] Invalid argument supplied for foreach() D:\¹¤³ÌÇø\dzxt\s\tp\Application\Power\Controller\IndexController.class.php ç¬¬ 59 è¡Œ.
SQL: SELECT `id`,`form_name`,`pid`,`type` FROM `ht_form` WHERE `pid` = 129  [ RunTime:0.0020s ]
SQL: SELECT `id`,`form_name`,`pid`,`type` FROM `ht_form` WHERE `pid` = 137  [ RunTime:0.0010s ]
NOTIC: [2] Invalid argument supplied for foreach() D:\¹¤³ÌÇø\dzxt\s\tp\Application\Power\Controller\IndexController.class.php ç¬¬ 59 è¡Œ.
SQL: SELECT `id`,`form_name`,`pid`,`type` FROM `ht_form` WHERE `pid` = 138  [ RunTime:0.0010s ]
NOTIC: [2] Invalid argument supplied for foreach() D:\¹¤³ÌÇø\dzxt\s\tp\Application\Power\Controller\IndexController.class.php ç¬¬ 59 è¡Œ.
SQL: SELECT `id`,`form_name`,`pid`,`type` FROM `ht_form` WHERE `pid` = 139  [ RunTime:0.0010s ]
NOTIC: [2] Invalid argument supplied for foreach() D:\¹¤³ÌÇø\dzxt\s\tp\Application\Power\Controller\IndexController.class.php ç¬¬ 59 è¡Œ.
SQL: SELECT `id`,`form_name`,`pid`,`type` FROM `ht_form` WHERE `pid` = 140  [ RunTime:0.0010s ]
SQL: SELECT `id`,`form_name`,`pid`,`type` FROM `ht_form` WHERE `pid` = 141  [ RunTime:0.0010s ]
NOTIC: [2] Invalid argument supplied for foreach() D:\¹¤³ÌÇø\dzxt\s\tp\Application\Power\Controller\IndexController.class.php ç¬¬ 59 è¡Œ.
INFO: [ app_end ] --START--
INFO: Run Behavior\ShowPageTraceBehavior [ RunTime:0.000976s ]
INFO: [ app_end ] --END-- [ RunTime:0.000976s ]

[ 2015-08-24T10:33:31+08:00 ] ::1 /s/tp/wwwroot/index.php?s=/Power/Index/index.html
INFO: [ app_init ] --START--
INFO: Run Behavior\BuildLiteBehavior [ RunTime:0.000000s ]
INFO: [ app_init ] --END-- [ RunTime:0.036133s ]
INFO: [ app_begin ] --START--
INFO: Run Behavior\ReadHtmlCacheBehavior [ RunTime:0.000977s ]
INFO: [ app_begin ] --END-- [ RunTime:0.000977s ]
SQL: SHOW COLUMNS FROM `ht_role` [ RunTime:0.0029s ]
SQL: SELECT * FROM `ht_role` ORDER BY id asc  [ RunTime:0.0010s ]
SQL: SELECT * FROM `ht_role` WHERE `pid` = 0  [ RunTime:0.0010s ]
SQL: SELECT * FROM `ht_role` WHERE `pid` = 1  [ RunTime:0.0010s ]
SQL: SELECT * FROM `ht_role` WHERE `pid` = 7  [ RunTime:0.0010s ]
NOTIC: [2] Invalid argument supplied for foreach() D:\¹¤³ÌÇø\dzxt\s\tp\Application\Power\Controller\IndexController.class.php ç¬¬ 22 è¡Œ.
INFO: [ app_end ] --START--
INFO: Run Behavior\ShowPageTraceBehavior [ RunTime:0.000000s ]
INFO: [ app_end ] --END-- [ RunTime:0.000000s ]

[ 2015-08-24T10:33:33+08:00 ] ::1 /s/tp/wwwroot/index.php?s=/Power/index/getUserRole/role_id/1.html
INFO: [ app_init ] --START--
INFO: Run Behavior\BuildLiteBehavior [ RunTime:0.000000s ]
INFO: [ app_init ] --END-- [ RunTime:0.000000s ]
INFO: [ app_begin ] --START--
INFO: Run Behavior\ReadHtmlCacheBehavior [ RunTime:0.000977s ]
INFO: [ app_begin ] --END-- [ RunTime:0.000977s ]
SQL: SELECT form_id FROM `ht_power` WHERE function_type=0 and role_id=1 [ RunTime:0.0000s ]
INFO: [ app_end ] --START--
INFO: Run Behavior\ShowPageTraceBehavior [ RunTime:0.000000s ]
INFO: [ app_end ] --END-- [ RunTime:0.000000s ]

[ 2015-08-24T10:33:34+08:00 ] ::1 /s/tp/wwwroot/index.php?s=/Power/index/getUserRole/role_id/7.html
INFO: [ app_init ] --START--
INFO: Run Behavior\BuildLiteBehavior [ RunTime:0.000000s ]
INFO: [ app_init ] --END-- [ RunTime:0.000976s ]
INFO: [ app_begin ] --START--
INFO: Run Behavior\ReadHtmlCacheBehavior [ RunTime:0.000000s ]
INFO: [ app_begin ] --END-- [ RunTime:0.000977s ]
SQL: SELECT form_id FROM `ht_power` WHERE function_type=0 and role_id=7 [ RunTime:0.0020s ]
INFO: [ app_end ] --START--
INFO: Run Behavior\ShowPageTraceBehavior [ RunTime:0.000977s ]
INFO: [ app_end ] --END-- [ RunTime:0.000977s ]

[ 2015-08-24T10:33:35+08:00 ] ::1 /s/tp/wwwroot/index.php?s=/Power/index/getUserRole/role_id/1.html
INFO: [ app_init ] --START--
INFO: Run Behavior\BuildLiteBehavior [ RunTime:0.000000s ]
INFO: [ app_init ] --END-- [ RunTime:0.000000s ]
INFO: [ app_begin ] --START--
INFO: Run Behavior\ReadHtmlCacheBehavior [ RunTime:0.000000s ]
INFO: [ app_begin ] --END-- [ RunTime:0.000000s ]
SQL: SELECT form_id FROM `ht_power` WHERE function_type=0 and role_id=1 [ RunTime:0.0010s ]
INFO: [ app_end ] --START--
INFO: Run Behavior\ShowPageTraceBehavior [ RunTime:0.000000s ]
INFO: [ app_end ] --END-- [ RunTime:0.000000s ]

[ 2015-08-24T10:33:36+08:00 ] ::1 /s/tp/wwwroot/index.php?s=/Power/index/getUserRole/role_id/7.html
INFO: [ app_init ] --START--
INFO: Run Behavior\BuildLiteBehavior [ RunTime:0.000000s ]
INFO: [ app_init ] --END-- [ RunTime:0.000000s ]
INFO: [ app_begin ] --START--
INFO: Run Behavior\ReadHtmlCacheBehavior [ RunTime:0.000000s ]
INFO: [ app_begin ] --END-- [ RunTime:0.000976s ]
SQL: SELECT form_id FROM `ht_power` WHERE function_type=0 and role_id=7 [ RunTime:0.0010s ]
INFO: [ app_end ] --START--
INFO: Run Behavior\ShowPageTraceBehavior [ RunTime:0.000000s ]
INFO: [ app_end ] --END-- [ RunTime:0.000000s ]

[ 2015-08-24T10:33:36+08:00 ] ::1 /s/tp/wwwroot/index.php?s=/Power/index/getUserRole/role_id/1.html
INFO: [ app_init ] --START--
INFO: Run Behavior\BuildLiteBehavior [ RunTime:0.000000s ]
INFO: [ app_init ] --END-- [ RunTime:0.000000s ]
INFO: [ app_begin ] --START--
INFO: Run Behavior\ReadHtmlCacheBehavior [ RunTime:0.000976s ]
INFO: [ app_begin ] --END-- [ RunTime:0.000976s ]
SQL: SELECT form_id FROM `ht_power` WHERE function_type=0 and role_id=1 [ RunTime:0.0020s ]
INFO: [ app_end ] --START--
INFO: Run Behavior\ShowPageTraceBehavior [ RunTime:0.000000s ]
INFO: [ app_end ] --END-- [ RunTime:0.000000s ]

[ 2015-08-24T10:33:37+08:00 ] ::1 /s/tp/wwwroot/index.php?s=/Power/index/getUserRole/role_id/7.html
INFO: [ app_init ] --START--
INFO: Run Behavior\BuildLiteBehavior [ RunTime:0.000000s ]
INFO: [ app_init ] --END-- [ RunTime:0.000977s ]
INFO: [ app_begin ] --START--
INFO: Run Behavior\ReadHtmlCacheBehavior [ RunTime:0.000000s ]
INFO: [ app_begin ] --END-- [ RunTime:0.000000s ]
SQL: SELECT form_id FROM `ht_power` WHERE function_type=0 and role_id=7 [ RunTime:0.0010s ]
INFO: [ app_end ] --START--
INFO: Run Behavior\ShowPageTraceBehavior [ RunTime:0.000977s ]
INFO: [ app_end ] --END-- [ RunTime:0.000977s ]

[ 2015-08-24T10:33:37+08:00 ] ::1 /s/tp/wwwroot/index.php?s=/Power/index/getUserRole/role_id/1.html
INFO: [ app_init ] --START--
INFO: Run Behavior\BuildLiteBehavior [ RunTime:0.000000s ]
INFO: [ app_init ] --END-- [ RunTime:0.000976s ]
INFO: [ app_begin ] --START--
INFO: Run Behavior\ReadHtmlCacheBehavior [ RunTime:0.000977s ]
INFO: [ app_begin ] --END-- [ RunTime:0.000977s ]
SQL: SELECT form_id FROM `ht_power` WHERE function_type=0 and role_id=1 [ RunTime:0.0020s ]
INFO: [ app_end ] --START--
INFO: Run Behavior\ShowPageTraceBehavior [ RunTime:0.000977s ]
INFO: [ app_end ] --END-- [ RunTime:0.000977s ]

[ 2015-08-24T10:33:38+08:00 ] ::1 /s/tp/wwwroot/index.php?s=/Power/index/getUserRole/role_id/7.html
INFO: [ app_init ] --START--
INFO: Run Behavior\BuildLiteBehavior [ RunTime:0.000000s ]
INFO: [ app_init ] --END-- [ RunTime:0.000000s ]
INFO: [ app_begin ] --START--
INFO: Run Behavior\ReadHtmlCacheBehavior [ RunTime:0.000000s ]
INFO: [ app_begin ] --END-- [ RunTime:0.000000s ]
SQL: SELECT form_id FROM `ht_power` WHERE function_type=0 and role_id=7 [ RunTime:0.0010s ]
INFO: [ app_end ] --START--
INFO: Run Behavior\ShowPageTraceBehavior [ RunTime:0.000977s ]
INFO: [ app_end ] --END-- [ RunTime:0.000977s ]

[ 2015-08-24T10:33:40+08:00 ] ::1 /s/tp/wwwroot/index.php?s=/Power/index/getUserRole/role_id/1.html
INFO: [ app_init ] --START--
INFO: Run Behavior\BuildLiteBehavior [ RunTime:0.000000s ]
INFO: [ app_init ] --END-- [ RunTime:0.000000s ]
INFO: [ app_begin ] --START--
INFO: Run Behavior\ReadHtmlCacheBehavior [ RunTime:0.000977s ]
INFO: [ app_begin ] --END-- [ RunTime:0.000977s ]
SQL: SELECT form_id FROM `ht_power` WHERE function_type=0 and role_id=1 [ RunTime:0.0010s ]
INFO: [ app_end ] --START--
INFO: Run Behavior\ShowPageTraceBehavior [ RunTime:0.000000s ]
INFO: [ app_end ] --END-- [ RunTime:0.000000s ]

[ 2015-08-24T10:33:42+08:00 ] ::1 /s/tp/wwwroot/index.php?s=/Power/index/upRole
INFO: [ app_init ] --START--
INFO: Run Behavior\BuildLiteBehavior [ RunTime:0.000000s ]
INFO: [ app_init ] --END-- [ RunTime:0.000976s ]
INFO: [ app_begin ] --START--
INFO: Run Behavior\ReadHtmlCacheBehavior [ RunTime:0.000000s ]
INFO: [ app_begin ] --END-- [ RunTime:0.000977s ]
SQL: delete from `ht_power` where role_id=1 [ RunTime:0.0117s ]
SQL: INSERT INTO ht_power(role_id,form_id,function_name,function_type)values(1,54,"view.page",0) [ RunTime:0.0029s ]
SQL: INSERT INTO ht_power(role_id,form_id,function_name,function_type)values(1,92,"view.page",0) [ RunTime:0.0020s ]
SQL: INSERT INTO ht_power(role_id,form_id,function_name,function_type)values(1,93,"view.page",0) [ RunTime:0.0020s ]
SQL: INSERT INTO ht_power(role_id,form_id,function_name,function_type)values(1,94,"view.page",0) [ RunTime:0.0020s ]
SQL: INSERT INTO ht_power(role_id,form_id,function_name,function_type)values(1,95,"view.page",0) [ RunTime:0.0029s ]
SQL: INSERT INTO ht_power(role_id,form_id,function_name,function_type)values(1,96,"view.page",0) [ RunTime:0.0020s ]
SQL: INSERT INTO ht_power(role_id,form_id,function_name,function_type)values(1,97,"view.page",0) [ RunTime:0.0020s ]
SQL: INSERT INTO ht_power(role_id,form_id,function_name,function_type)values(1,98,"view.page",0) [ RunTime:0.0020s ]
SQL: INSERT INTO ht_power(role_id,form_id,function_name,function_type)values(1,99,"view.page",0) [ RunTime:0.0029s ]
SQL: INSERT INTO ht_power(role_id,form_id,function_name,function_type)values(1,100,"view.page",0) [ RunTime:0.0010s ]
SQL: INSERT INTO ht_power(role_id,form_id,function_name,function_type)values(1,102,"view.page",0) [ RunTime:0.0039s ]
SQL: INSERT INTO ht_power(role_id,form_id,function_name,function_type)values(1,103,"view.page",0) [ RunTime:0.0029s ]
SQL: INSERT INTO ht_power(role_id,form_id,function_name,function_type)values(1,56,"view.page",0) [ RunTime:0.0020s ]
SQL: INSERT INTO ht_power(role_id,form_id,function_name,function_type)values(1,58,"view.page",0) [ RunTime:0.0010s ]
SQL: INSERT INTO ht_power(role_id,form_id,function_name,function_type)values(1,135,"view.page",0) [ RunTime:0.0020s ]
SQL: INSERT INTO ht_power(role_id,form_id,function_name,function_type)values(1,136,"view.page",0) [ RunTime:0.0010s ]
SQL: INSERT INTO ht_power(role_id,form_id,function_name,function_type)values(1,57,"view.page",0) [ RunTime:0.0020s ]
SQL: INSERT INTO ht_power(role_id,form_id,function_name,function_type)values(1,138,"view.page",0) [ RunTime:0.0029s ]
INFO: [ app_end ] --START--
INFO: Run Behavior\ShowPageTraceBehavior [ RunTime:0.000977s ]
INFO: [ app_end ] --END-- [ RunTime:0.000977s ]

[ 2015-08-24T14:44:25+08:00 ] ::1 /s/tp/wwwroot/index.php?s=/Power/Index/getform.html
INFO: [ app_init ] --START--
INFO: Run Behavior\BuildLiteBehavior [ RunTime:0.000000s ]
INFO: [ app_init ] --END-- [ RunTime:0.000000s ]
INFO: [ app_begin ] --START--
INFO: Run Behavior\ReadHtmlCacheBehavior [ RunTime:0.000000s ]
INFO: [ app_begin ] --END-- [ RunTime:0.000000s ]
SQL: SHOW COLUMNS FROM `ht_form` [ RunTime:0.0049s ]
SQL: SELECT `id`,`form_name`,`pid`,`type` FROM `ht_form` WHERE `pid` = 0  [ RunTime:0.0010s ]
SQL: SELECT `id`,`form_name`,`pid`,`type` FROM `ht_form` WHERE `pid` = 52  [ RunTime:0.0010s ]
SQL: SELECT `id`,`form_name`,`pid`,`type` FROM `ht_form` WHERE `pid` = 54  [ RunTime:0.0020s ]
SQL: SELECT `id`,`form_name`,`pid`,`type` FROM `ht_form` WHERE `pid` = 92  [ RunTime:0.0010s ]
NOTIC: [2] Invalid argument supplied for foreach() D:\¹¤³ÌÇø\dzxt\s\tp\Application\Power\Controller\IndexController.class.php ç¬¬ 59 è¡Œ.
SQL: SELECT `id`,`form_name`,`pid`,`type` FROM `ht_form` WHERE `pid` = 93  [ RunTime:0.0088s ]
NOTIC: [2] Invalid argument supplied for foreach() D:\¹¤³ÌÇø\dzxt\s\tp\Application\Power\Controller\IndexController.class.php ç¬¬ 59 è¡Œ.
SQL: SELECT `id`,`form_name`,`pid`,`type` FROM `ht_form` WHERE `pid` = 94  [ RunTime:0.0010s ]
NOTIC: [2] Invalid argument supplied for foreach() D:\¹¤³ÌÇø\dzxt\s\tp\Application\Power\Controller\IndexController.class.php ç¬¬ 59 è¡Œ.
SQL: SELECT `id`,`form_name`,`pid`,`type` FROM `ht_form` WHERE `pid` = 95  [ RunTime:0.0020s ]
NOTIC: [2] Invalid argument supplied for foreach() D:\¹¤³ÌÇø\dzxt\s\tp\Application\Power\Controller\IndexController.class.php ç¬¬ 59 è¡Œ.
SQL: SELECT `id`,`form_name`,`pid`,`type` FROM `ht_form` WHERE `pid` = 96  [ RunTime:0.0049s ]
NOTIC: [2] Invalid argument supplied for foreach() D:\¹¤³ÌÇø\dzxt\s\tp\Application\Power\Controller\IndexController.class.php ç¬¬ 59 è¡Œ.
SQL: SELECT `id`,`form_name`,`pid`,`type` FROM `ht_form` WHERE `pid` = 97  [ RunTime:0.0010s ]
NOTIC: [2] Invalid argument supplied for foreach() D:\¹¤³ÌÇø\dzxt\s\tp\Application\Power\Controller\IndexController.class.php ç¬¬ 59 è¡Œ.
SQL: SELECT `id`,`form_name`,`pid`,`type` FROM `ht_form` WHERE `pid` = 98  [ RunTime:0.0039s ]
NOTIC: [2] Invalid argument supplied for foreach() D:\¹¤³ÌÇø\dzxt\s\tp\Application\Power\Controller\IndexController.class.php ç¬¬ 59 è¡Œ.
SQL: SELECT `id`,`form_name`,`pid`,`type` FROM `ht_form` WHERE `pid` = 99  [ RunTime:0.0010s ]
NOTIC: [2] Invalid argument supplied for foreach() D:\¹¤³ÌÇø\dzxt\s\tp\Application\Power\Controller\IndexController.class.php ç¬¬ 59 è¡Œ.
SQL: SELECT `id`,`form_name`,`pid`,`type` FROM `ht_form` WHERE `pid` = 100  [ RunTime:0.0010s ]
NOTIC: [2] Invalid argument supplied for foreach() D:\¹¤³ÌÇø\dzxt\s\tp\Application\Power\Controller\IndexController.class.php ç¬¬ 59 è¡Œ.
SQL: SELECT `id`,`form_name`,`pid`,`type` FROM `ht_form` WHERE `pid` = 102  [ RunTime:0.0166s ]
NOTIC: [2] Invalid argument supplied for foreach() D:\¹¤³ÌÇø\dzxt\s\tp\Application\Power\Controller\IndexController.class.php ç¬¬ 59 è¡Œ.
SQL: SELECT `id`,`form_name`,`pid`,`type` FROM `ht_form` WHERE `pid` = 103  [ RunTime:0.0000s ]
NOTIC: [2] Invalid argument supplied for foreach() D:\¹¤³ÌÇø\dzxt\s\tp\Application\Power\Controller\IndexController.class.php ç¬¬ 59 è¡Œ.
SQL: SELECT `id`,`form_name`,`pid`,`type` FROM `ht_form` WHERE `pid` = 56  [ RunTime:0.0000s ]
SQL: SELECT `id`,`form_name`,`pid`,`type` FROM `ht_form` WHERE `pid` = 58  [ RunTime:0.0000s ]
SQL: SELECT `id`,`form_name`,`pid`,`type` FROM `ht_form` WHERE `pid` = 62  [ RunTime:0.0000s ]
NOTIC: [2] Invalid argument supplied for foreach() D:\¹¤³ÌÇø\dzxt\s\tp\Application\Power\Controller\IndexController.class.php ç¬¬ 59 è¡Œ.
SQL: SELECT `id`,`form_name`,`pid`,`type` FROM `ht_form` WHERE `pid` = 135  [ RunTime:0.0000s ]
NOTIC: [2] Invalid argument supplied for foreach() D:\¹¤³ÌÇø\dzxt\s\tp\Application\Power\Controller\IndexController.class.php ç¬¬ 59 è¡Œ.
SQL: SELECT `id`,`form_name`,`pid`,`type` FROM `ht_form` WHERE `pid` = 136  [ RunTime:0.0166s ]
NOTIC: [2] Invalid argument supplied for foreach() D:\¹¤³ÌÇø\dzxt\s\tp\Application\Power\Controller\IndexController.class.php ç¬¬ 59 è¡Œ.
SQL: SELECT `id`,`form_name`,`pid`,`type` FROM `ht_form` WHERE `pid` = 57  [ RunTime:0.0010s ]
NOTIC: [2] Invalid argument supplied for foreach() D:\¹¤³ÌÇø\dzxt\s\tp\Application\Power\Controller\IndexController.class.php ç¬¬ 59 è¡Œ.
SQL: SELECT `id`,`form_name`,`pid`,`type` FROM `ht_form` WHERE `pid` = 129  [ RunTime:0.0029s ]
SQL: SELECT `id`,`form_name`,`pid`,`type` FROM `ht_form` WHERE `pid` = 137  [ RunTime:0.0059s ]
NOTIC: [2] Invalid argument supplied for foreach() D:\¹¤³ÌÇø\dzxt\s\tp\Application\Power\Controller\IndexController.class.php ç¬¬ 59 è¡Œ.
SQL: SELECT `id`,`form_name`,`pid`,`type` FROM `ht_form` WHERE `pid` = 138  [ RunTime:0.0010s ]
NOTIC: [2] Invalid argument supplied for foreach() D:\¹¤³ÌÇø\dzxt\s\tp\Application\Power\Controller\IndexController.class.php ç¬¬ 59 è¡Œ.
SQL: SELECT `id`,`form_name`,`pid`,`type` FROM `ht_form` WHERE `pid` = 139  [ RunTime:0.0010s ]
NOTIC: [2] Invalid argument supplied for foreach() D:\¹¤³ÌÇø\dzxt\s\tp\Application\Power\Controller\IndexController.class.php ç¬¬ 59 è¡Œ.
SQL: SELECT `id`,`form_name`,`pid`,`type` FROM `ht_form` WHERE `pid` = 140  [ RunTime:0.0010s ]
SQL: SELECT `id`,`form_name`,`pid`,`type` FROM `ht_form` WHERE `pid` = 141  [ RunTime:0.0010s ]
NOTIC: [2] Invalid argument supplied for foreach() D:\¹¤³ÌÇø\dzxt\s\tp\Application\Power\Controller\IndexController.class.php ç¬¬ 59 è¡Œ.
INFO: [ app_end ] --START--
INFO: Run Behavior\ShowPageTraceBehavior [ RunTime:0.000976s ]
INFO: [ app_end ] --END-- [ RunTime:0.000976s ]

[ 2015-08-24T14:44:25+08:00 ] ::1 /s/tp/wwwroot/index.php?s=/Power/Index/index.html
INFO: [ app_init ] --START--
INFO: Run Behavior\BuildLiteBehavior [ RunTime:0.000000s ]
INFO: [ app_init ] --END-- [ RunTime:0.000000s ]
INFO: [ app_begin ] --START--
INFO: Run Behavior\ReadHtmlCacheBehavior [ RunTime:0.000000s ]
INFO: [ app_begin ] --END-- [ RunTime:0.000976s ]
SQL: SHOW COLUMNS FROM `ht_role` [ RunTime:0.0029s ]
SQL: SELECT * FROM `ht_role` ORDER BY id asc  [ RunTime:0.0020s ]
SQL: SELECT * FROM `ht_role` WHERE `pid` = 0  [ RunTime:0.0010s ]
SQL: SELECT * FROM `ht_role` WHERE `pid` = 1  [ RunTime:0.0010s ]
SQL: SELECT * FROM `ht_role` WHERE `pid` = 7  [ RunTime:0.0010s ]
NOTIC: [2] Invalid argument supplied for foreach() D:\¹¤³ÌÇø\dzxt\s\tp\Application\Power\Controller\IndexController.class.php ç¬¬ 22 è¡Œ.
INFO: [ app_end ] --START--
INFO: Run Behavior\ShowPageTraceBehavior [ RunTime:0.000977s ]
INFO: [ app_end ] --END-- [ RunTime:0.000977s ]

[ 2015-08-24T14:44:28+08:00 ] ::1 /s/tp/wwwroot/index.php?s=/Power/index/getUserRole/role_id/1.html
INFO: [ app_init ] --START--
INFO: Run Behavior\BuildLiteBehavior [ RunTime:0.000000s ]
INFO: [ app_init ] --END-- [ RunTime:0.000977s ]
INFO: [ app_begin ] --START--
INFO: Run Behavior\ReadHtmlCacheBehavior [ RunTime:0.000976s ]
INFO: [ app_begin ] --END-- [ RunTime:0.000976s ]
SQL: SELECT form_id FROM `ht_power` WHERE function_type=0 and role_id=1 [ RunTime:0.0029s ]
INFO: [ app_end ] --START--
INFO: Run Behavior\ShowPageTraceBehavior [ RunTime:0.000000s ]
INFO: [ app_end ] --END-- [ RunTime:0.000000s ]

[ 2015-08-24T14:44:36+08:00 ] ::1 /s/tp/wwwroot/index.php?s=/Power/index/upRole
INFO: [ app_init ] --START--
INFO: Run Behavior\BuildLiteBehavior [ RunTime:0.000000s ]
INFO: [ app_init ] --END-- [ RunTime:0.000977s ]
INFO: [ app_begin ] --START--
INFO: Run Behavior\ReadHtmlCacheBehavior [ RunTime:0.000976s ]
INFO: [ app_begin ] --END-- [ RunTime:0.000976s ]
SQL: delete from `ht_power` where role_id=1 [ RunTime:0.0098s ]
SQL: INSERT INTO ht_power(role_id,form_id,function_name,function_type)values(1,52,"view.page",0) [ RunTime:0.0020s ]
SQL: INSERT INTO ht_power(role_id,form_id,function_name,function_type)values(1,54,"view.page",0) [ RunTime:0.0020s ]
SQL: INSERT INTO ht_power(role_id,form_id,function_name,function_type)values(1,92,"view.page",0) [ RunTime:0.0010s ]
SQL: INSERT INTO ht_power(role_id,form_id,function_name,function_type)values(1,93,"view.page",0) [ RunTime:0.0020s ]
SQL: INSERT INTO ht_power(role_id,form_id,function_name,function_type)values(1,94,"view.page",0) [ RunTime:0.0020s ]
SQL: INSERT INTO ht_power(role_id,form_id,function_name,function_type)values(1,95,"view.page",0) [ RunTime:0.0029s ]
SQL: INSERT INTO ht_power(role_id,form_id,function_name,function_type)values(1,96,"view.page",0) [ RunTime:0.0020s ]
SQL: INSERT INTO ht_power(role_id,form_id,function_name,function_type)values(1,97,"view.page",0) [ RunTime:0.0020s ]
SQL: INSERT INTO ht_power(role_id,form_id,function_name,function_type)values(1,98,"view.page",0) [ RunTime:0.0029s ]
SQL: INSERT INTO ht_power(role_id,form_id,function_name,function_type)values(1,99,"view.page",0) [ RunTime:0.0029s ]
SQL: INSERT INTO ht_power(role_id,form_id,function_name,function_type)values(1,100,"view.page",0) [ RunTime:0.0020s ]
SQL: INSERT INTO ht_power(role_id,form_id,function_name,function_type)values(1,102,"view.page",0) [ RunTime:0.0156s ]
SQL: INSERT INTO ht_power(role_id,form_id,function_name,function_type)values(1,103,"view.page",0) [ RunTime:0.0000s ]
SQL: INSERT INTO ht_power(role_id,form_id,function_name,function_type)values(1,56,"view.page",0) [ RunTime:0.0000s ]
SQL: INSERT INTO ht_power(role_id,form_id,function_name,function_type)values(1,58,"view.page",0) [ RunTime:0.0000s ]
SQL: INSERT INTO ht_power(role_id,form_id,function_name,function_type)values(1,135,"view.page",0) [ RunTime:0.0000s ]
SQL: INSERT INTO ht_power(role_id,form_id,function_name,function_type)values(1,136,"view.page",0) [ RunTime:0.0000s ]
SQL: INSERT INTO ht_power(role_id,form_id,function_name,function_type)values(1,57,"view.page",0) [ RunTime:0.0000s ]
SQL: INSERT INTO ht_power(role_id,form_id,function_name,function_type)values(1,129,"view.page",0) [ RunTime:0.0000s ]
SQL: INSERT INTO ht_power(role_id,form_id,function_name,function_type)values(1,137,"view.page",0) [ RunTime:0.0166s ]
SQL: INSERT INTO ht_power(role_id,form_id,function_name,function_type)values(1,138,"view.page",0) [ RunTime:0.0020s ]
SQL: INSERT INTO ht_power(role_id,form_id,function_name,function_type)values(1,139,"view.page",0) [ RunTime:0.0010s ]
SQL: INSERT INTO ht_power(role_id,form_id,function_name,function_type)values(1,140,"view.page",0) [ RunTime:0.0010s ]
SQL: INSERT INTO ht_power(role_id,form_id,function_name,function_type)values(1,141,"view.page",0) [ RunTime:0.0029s ]
INFO: [ app_end ] --START--
INFO: Run Behavior\ShowPageTraceBehavior [ RunTime:0.000000s ]
INFO: [ app_end ] --END-- [ RunTime:0.000977s ]

[ 2015-08-24T14:44:53+08:00 ] ::1 /s/tp/wwwroot/index.php?s=/Power/Index/getform.html
INFO: [ app_init ] --START--
INFO: Run Behavior\BuildLiteBehavior [ RunTime:0.000000s ]
INFO: [ app_init ] --END-- [ RunTime:0.000977s ]
INFO: [ app_begin ] --START--
INFO: Run Behavior\ReadHtmlCacheBehavior [ RunTime:0.000976s ]
INFO: [ app_begin ] --END-- [ RunTime:0.000976s ]
SQL: SHOW COLUMNS FROM `ht_form` [ RunTime:0.0039s ]
SQL: SELECT `id`,`form_name`,`pid`,`type` FROM `ht_form` WHERE `pid` = 0  [ RunTime:0.0010s ]
SQL: SELECT `id`,`form_name`,`pid`,`type` FROM `ht_form` WHERE `pid` = 52  [ RunTime:0.0010s ]
SQL: SELECT `id`,`form_name`,`pid`,`type` FROM `ht_form` WHERE `pid` = 54  [ RunTime:0.0010s ]
SQL: SELECT `id`,`form_name`,`pid`,`type` FROM `ht_form` WHERE `pid` = 92  [ RunTime:0.0010s ]
NOTIC: [2] Invalid argument supplied for foreach() D:\¹¤³ÌÇø\dzxt\s\tp\Application\Power\Controller\IndexController.class.php ç¬¬ 59 è¡Œ.
SQL: SELECT `id`,`form_name`,`pid`,`type` FROM `ht_form` WHERE `pid` = 93  [ RunTime:0.0020s ]
NOTIC: [2] Invalid argument supplied for foreach() D:\¹¤³ÌÇø\dzxt\s\tp\Application\Power\Controller\IndexController.class.php ç¬¬ 59 è¡Œ.
SQL: SELECT `id`,`form_name`,`pid`,`type` FROM `ht_form` WHERE `pid` = 94  [ RunTime:0.0010s ]
NOTIC: [2] Invalid argument supplied for foreach() D:\¹¤³ÌÇø\dzxt\s\tp\Application\Power\Controller\IndexController.class.php ç¬¬ 59 è¡Œ.
SQL: SELECT `id`,`form_name`,`pid`,`type` FROM `ht_form` WHERE `pid` = 95  [ RunTime:0.0010s ]
NOTIC: [2] Invalid argument supplied for foreach() D:\¹¤³ÌÇø\dzxt\s\tp\Application\Power\Controller\IndexController.class.php ç¬¬ 59 è¡Œ.
SQL: SELECT `id`,`form_name`,`pid`,`type` FROM `ht_form` WHERE `pid` = 96  [ RunTime:0.0010s ]
NOTIC: [2] Invalid argument supplied for foreach() D:\¹¤³ÌÇø\dzxt\s\tp\Application\Power\Controller\IndexController.class.php ç¬¬ 59 è¡Œ.
SQL: SELECT `id`,`form_name`,`pid`,`type` FROM `ht_form` WHERE `pid` = 97  [ RunTime:0.0010s ]
NOTIC: [2] Invalid argument supplied for foreach() D:\¹¤³ÌÇø\dzxt\s\tp\Application\Power\Controller\IndexController.class.php ç¬¬ 59 è¡Œ.
SQL: SELECT `id`,`form_name`,`pid`,`type` FROM `ht_form` WHERE `pid` = 98  [ RunTime:0.0010s ]
NOTIC: [2] Invalid argument supplied for foreach() D:\¹¤³ÌÇø\dzxt\s\tp\Application\Power\Controller\IndexController.class.php ç¬¬ 59 è¡Œ.
SQL: SELECT `id`,`form_name`,`pid`,`type` FROM `ht_form` WHERE `pid` = 99  [ RunTime:0.0010s ]
NOTIC: [2] Invalid argument supplied for foreach() D:\¹¤³ÌÇø\dzxt\s\tp\Application\Power\Controller\IndexController.class.php ç¬¬ 59 è¡Œ.
SQL: SELECT `id`,`form_name`,`pid`,`type` FROM `ht_form` WHERE `pid` = 100  [ RunTime:0.0010s ]
NOTIC: [2] Invalid argument supplied for foreach() D:\¹¤³ÌÇø\dzxt\s\tp\Application\Power\Controller\IndexController.class.php ç¬¬ 59 è¡Œ.
SQL: SELECT `id`,`form_name`,`pid`,`type` FROM `ht_form` WHERE `pid` = 102  [ RunTime:0.0010s ]
NOTIC: [2] Invalid argument supplied for foreach() D:\¹¤³ÌÇø\dzxt\s\tp\Application\Power\Controller\IndexController.class.php ç¬¬ 59 è¡Œ.
SQL: SELECT `id`,`form_name`,`pid`,`type` FROM `ht_form` WHERE `pid` = 103  [ RunTime:0.0010s ]
NOTIC: [2] Invalid argument supplied for foreach() D:\¹¤³ÌÇø\dzxt\s\tp\Application\Power\Controller\IndexController.class.php ç¬¬ 59 è¡Œ.
SQL: SELECT `id`,`form_name`,`pid`,`type` FROM `ht_form` WHERE `pid` = 56  [ RunTime:0.0010s ]
SQL: SELECT `id`,`form_name`,`pid`,`type` FROM `ht_form` WHERE `pid` = 58  [ RunTime:0.0010s ]
SQL: SELECT `id`,`form_name`,`pid`,`type` FROM `ht_form` WHERE `pid` = 62  [ RunTime:0.0010s ]
NOTIC: [2] Invalid argument supplied for foreach() D:\¹¤³ÌÇø\dzxt\s\tp\Application\Power\Controller\IndexController.class.php ç¬¬ 59 è¡Œ.
SQL: SELECT `id`,`form_name`,`pid`,`type` FROM `ht_form` WHERE `pid` = 135  [ RunTime:0.0010s ]
NOTIC: [2] Invalid argument supplied for foreach() D:\¹¤³ÌÇø\dzxt\s\tp\Application\Power\Controller\IndexController.class.php ç¬¬ 59 è¡Œ.
SQL: SELECT `id`,`form_name`,`pid`,`type` FROM `ht_form` WHERE `pid` = 136  [ RunTime:0.0137s ]
NOTIC: [2] Invalid argument supplied for foreach() D:\¹¤³ÌÇø\dzxt\s\tp\Application\Power\Controller\IndexController.class.php ç¬¬ 59 è¡Œ.
SQL: SELECT `id`,`form_name`,`pid`,`type` FROM `ht_form` WHERE `pid` = 57  [ RunTime:0.0010s ]
NOTIC: [2] Invalid argument supplied for foreach() D:\¹¤³ÌÇø\dzxt\s\tp\Application\Power\Controller\IndexController.class.php ç¬¬ 59 è¡Œ.
SQL: SELECT `id`,`form_name`,`pid`,`type` FROM `ht_form` WHERE `pid` = 129  [ RunTime:0.0010s ]
SQL: SELECT `id`,`form_name`,`pid`,`type` FROM `ht_form` WHERE `pid` = 137  [ RunTime:0.0010s ]
NOTIC: [2] Invalid argument supplied for foreach() D:\¹¤³ÌÇø\dzxt\s\tp\Application\Power\Controller\IndexController.class.php ç¬¬ 59 è¡Œ.
SQL: SELECT `id`,`form_name`,`pid`,`type` FROM `ht_form` WHERE `pid` = 138  [ RunTime:0.0010s ]
NOTIC: [2] Invalid argument supplied for foreach() D:\¹¤³ÌÇø\dzxt\s\tp\Application\Power\Controller\IndexController.class.php ç¬¬ 59 è¡Œ.
SQL: SELECT `id`,`form_name`,`pid`,`type` FROM `ht_form` WHERE `pid` = 139  [ RunTime:0.0010s ]
NOTIC: [2] Invalid argument supplied for foreach() D:\¹¤³ÌÇø\dzxt\s\tp\Application\Power\Controller\IndexController.class.php ç¬¬ 59 è¡Œ.
SQL: SELECT `id`,`form_name`,`pid`,`type` FROM `ht_form` WHERE `pid` = 140  [ RunTime:0.0010s ]
SQL: SELECT `id`,`form_name`,`pid`,`type` FROM `ht_form` WHERE `pid` = 141  [ RunTime:0.0010s ]
NOTIC: [2] Invalid argument supplied for foreach() D:\¹¤³ÌÇø\dzxt\s\tp\Application\Power\Controller\IndexController.class.php ç¬¬ 59 è¡Œ.
INFO: [ app_end ] --START--
INFO: Run Behavior\ShowPageTraceBehavior [ RunTime:0.000976s ]
INFO: [ app_end ] --END-- [ RunTime:0.000976s ]

[ 2015-08-24T14:44:53+08:00 ] ::1 /s/tp/wwwroot/index.php?s=/Power/Index/index.html
INFO: [ app_init ] --START--
INFO: Run Behavior\BuildLiteBehavior [ RunTime:0.000000s ]
INFO: [ app_init ] --END-- [ RunTime:0.000000s ]
INFO: [ app_begin ] --START--
INFO: Run Behavior\ReadHtmlCacheBehavior [ RunTime:0.000000s ]
INFO: [ app_begin ] --END-- [ RunTime:0.000000s ]
SQL: SHOW COLUMNS FROM `ht_role` [ RunTime:0.0039s ]
SQL: SELECT * FROM `ht_role` ORDER BY id asc  [ RunTime:0.0010s ]
SQL: SELECT * FROM `ht_role` WHERE `pid` = 0  [ RunTime:0.0010s ]
SQL: SELECT * FROM `ht_role` WHERE `pid` = 1  [ RunTime:0.0020s ]
SQL: SELECT * FROM `ht_role` WHERE `pid` = 7  [ RunTime:0.0010s ]
NOTIC: [2] Invalid argument supplied for foreach() D:\¹¤³ÌÇø\dzxt\s\tp\Application\Power\Controller\IndexController.class.php ç¬¬ 22 è¡Œ.
INFO: [ app_end ] --START--
INFO: Run Behavior\ShowPageTraceBehavior [ RunTime:0.000977s ]
INFO: [ app_end ] --END-- [ RunTime:0.000977s ]

[ 2015-08-24T14:44:55+08:00 ] ::1 /s/tp/wwwroot/index.php?s=/Power/index/getUserRole/role_id/1.html
INFO: [ app_init ] --START--
INFO: Run Behavior\BuildLiteBehavior [ RunTime:0.000000s ]
INFO: [ app_init ] --END-- [ RunTime:0.000000s ]
INFO: [ app_begin ] --START--
INFO: Run Behavior\ReadHtmlCacheBehavior [ RunTime:0.000976s ]
INFO: [ app_begin ] --END-- [ RunTime:0.000976s ]
SQL: SELECT form_id FROM `ht_power` WHERE function_type=0 and role_id=1 [ RunTime:0.0166s ]
INFO: [ app_end ] --START--
INFO: Run Behavior\ShowPageTraceBehavior [ RunTime:0.000000s ]
INFO: [ app_end ] --END-- [ RunTime:0.000000s ]

[ 2015-08-24T14:46:26+08:00 ] ::1 /s/tp/wwwroot/index.php?s=/Power/Index/getform.html
INFO: [ app_init ] --START--
INFO: Run Behavior\BuildLiteBehavior [ RunTime:0.000000s ]
INFO: [ app_init ] --END-- [ RunTime:0.000000s ]
INFO: [ app_begin ] --START--
INFO: Run Behavior\ReadHtmlCacheBehavior [ RunTime:0.000977s ]
INFO: [ app_begin ] --END-- [ RunTime:0.000977s ]
SQL: SHOW COLUMNS FROM `ht_form` [ RunTime:0.0098s ]
SQL: SELECT `id`,`form_name`,`pid`,`type` FROM `ht_form` WHERE `pid` = 0  [ RunTime:0.0020s ]
SQL: SELECT `id`,`form_name`,`pid`,`type` FROM `ht_form` WHERE `pid` = 52  [ RunTime:0.0020s ]
SQL: SELECT `id`,`form_name`,`pid`,`type` FROM `ht_form` WHERE `pid` = 54  [ RunTime:0.0020s ]
SQL: SELECT `id`,`form_name`,`pid`,`type` FROM `ht_form` WHERE `pid` = 92  [ RunTime:0.0186s ]
NOTIC: [2] Invalid argument supplied for foreach() D:\¹¤³ÌÇø\dzxt\s\tp\Application\Power\Controller\IndexController.class.php ç¬¬ 59 è¡Œ.
SQL: SELECT `id`,`form_name`,`pid`,`type` FROM `ht_form` WHERE `pid` = 93  [ RunTime:0.0020s ]
NOTIC: [2] Invalid argument supplied for foreach() D:\¹¤³ÌÇø\dzxt\s\tp\Application\Power\Controller\IndexController.class.php ç¬¬ 59 è¡Œ.
SQL: SELECT `id`,`form_name`,`pid`,`type` FROM `ht_form` WHERE `pid` = 94  [ RunTime:0.0020s ]
NOTIC: [2] Invalid argument supplied for foreach() D:\¹¤³ÌÇø\dzxt\s\tp\Application\Power\Controller\IndexController.class.php ç¬¬ 59 è¡Œ.
SQL: SELECT `id`,`form_name`,`pid`,`type` FROM `ht_form` WHERE `pid` = 95  [ RunTime:0.0020s ]
NOTIC: [2] Invalid argument supplied for foreach() D:\¹¤³ÌÇø\dzxt\s\tp\Application\Power\Controller\IndexController.class.php ç¬¬ 59 è¡Œ.
SQL: SELECT `id`,`form_name`,`pid`,`type` FROM `ht_form` WHERE `pid` = 96  [ RunTime:0.0020s ]
NOTIC: [2] Invalid argument supplied for foreach() D:\¹¤³ÌÇø\dzxt\s\tp\Application\Power\Controller\IndexController.class.php ç¬¬ 59 è¡Œ.
SQL: SELECT `id`,`form_name`,`pid`,`type` FROM `ht_form` WHERE `pid` = 97  [ RunTime:0.0020s ]
NOTIC: [2] Invalid argument supplied for foreach() D:\¹¤³ÌÇø\dzxt\s\tp\Application\Power\Controller\IndexController.class.php ç¬¬ 59 è¡Œ.
SQL: SELECT `id`,`form_name`,`pid`,`type` FROM `ht_form` WHERE `pid` = 98  [ RunTime:0.0020s ]
NOTIC: [2] Invalid argument supplied for foreach() D:\¹¤³ÌÇø\dzxt\s\tp\Application\Power\Controller\IndexController.class.php ç¬¬ 59 è¡Œ.
SQL: SELECT `id`,`form_name`,`pid`,`type` FROM `ht_form` WHERE `pid` = 99  [ RunTime:0.0020s ]
NOTIC: [2] Invalid argument supplied for foreach() D:\¹¤³ÌÇø\dzxt\s\tp\Application\Power\Controller\IndexController.class.php ç¬¬ 59 è¡Œ.
SQL: SELECT `id`,`form_name`,`pid`,`type` FROM `ht_form` WHERE `pid` = 100  [ RunTime:0.0010s ]
NOTIC: [2] Invalid argument supplied for foreach() D:\¹¤³ÌÇø\dzxt\s\tp\Application\Power\Controller\IndexController.class.php ç¬¬ 59 è¡Œ.
SQL: SELECT `id`,`form_name`,`pid`,`type` FROM `ht_form` WHERE `pid` = 102  [ RunTime:0.0039s ]
NOTIC: [2] Invalid argument supplied for foreach() D:\¹¤³ÌÇø\dzxt\s\tp\Application\Power\Controller\IndexController.class.php ç¬¬ 59 è¡Œ.
SQL: SELECT `id`,`form_name`,`pid`,`type` FROM `ht_form` WHERE `pid` = 103  [ RunTime:0.0020s ]
NOTIC: [2] Invalid argument supplied for foreach() D:\¹¤³ÌÇø\dzxt\s\tp\Application\Power\Controller\IndexController.class.php ç¬¬ 59 è¡Œ.
SQL: SELECT `id`,`form_name`,`pid`,`type` FROM `ht_form` WHERE `pid` = 56  [ RunTime:0.0020s ]
SQL: SELECT `id`,`form_name`,`pid`,`type` FROM `ht_form` WHERE `pid` = 58  [ RunTime:0.0020s ]
SQL: SELECT `id`,`form_name`,`pid`,`type` FROM `ht_form` WHERE `pid` = 62  [ RunTime:0.0020s ]
NOTIC: [2] Invalid argument supplied for foreach() D:\¹¤³ÌÇø\dzxt\s\tp\Application\Power\Controller\IndexController.class.php ç¬¬ 59 è¡Œ.
SQL: SELECT `id`,`form_name`,`pid`,`type` FROM `ht_form` WHERE `pid` = 135  [ RunTime:0.0020s ]
NOTIC: [2] Invalid argument supplied for foreach() D:\¹¤³ÌÇø\dzxt\s\tp\Application\Power\Controller\IndexController.class.php ç¬¬ 59 è¡Œ.
SQL: SELECT `id`,`form_name`,`pid`,`type` FROM `ht_form` WHERE `pid` = 136  [ RunTime:0.0020s ]
NOTIC: [2] Invalid argument supplied for foreach() D:\¹¤³ÌÇø\dzxt\s\tp\Application\Power\Controller\IndexController.class.php ç¬¬ 59 è¡Œ.
SQL: SELECT `id`,`form_name`,`pid`,`type` FROM `ht_form` WHERE `pid` = 57  [ RunTime:0.0020s ]
NOTIC: [2] Invalid argument supplied for foreach() D:\¹¤³ÌÇø\dzxt\s\tp\Application\Power\Controller\IndexController.class.php ç¬¬ 59 è¡Œ.
SQL: SELECT `id`,`form_name`,`pid`,`type` FROM `ht_form` WHERE `pid` = 129  [ RunTime:0.0020s ]
SQL: SELECT `id`,`form_name`,`pid`,`type` FROM `ht_form` WHERE `pid` = 137  [ RunTime:0.0020s ]
NOTIC: [2] Invalid argument supplied for foreach() D:\¹¤³ÌÇø\dzxt\s\tp\Application\Power\Controller\IndexController.class.php ç¬¬ 59 è¡Œ.
SQL: SELECT `id`,`form_name`,`pid`,`type` FROM `ht_form` WHERE `pid` = 138  [ RunTime:0.0020s ]
NOTIC: [2] Invalid argument supplied for foreach() D:\¹¤³ÌÇø\dzxt\s\tp\Application\Power\Controller\IndexController.class.php ç¬¬ 59 è¡Œ.
SQL: SELECT `id`,`form_name`,`pid`,`type` FROM `ht_form` WHERE `pid` = 139  [ RunTime:0.0029s ]
NOTIC: [2] Invalid argument supplied for foreach() D:\¹¤³ÌÇø\dzxt\s\tp\Application\Power\Controller\IndexController.class.php ç¬¬ 59 è¡Œ.
SQL: SELECT `id`,`form_name`,`pid`,`type` FROM `ht_form` WHERE `pid` = 140  [ RunTime:0.0020s ]
SQL: SELECT `id`,`form_name`,`pid`,`type` FROM `ht_form` WHERE `pid` = 141  [ RunTime:0.0020s ]
NOTIC: [2] Invalid argument supplied for foreach() D:\¹¤³ÌÇø\dzxt\s\tp\Application\Power\Controller\IndexController.class.php ç¬¬ 59 è¡Œ.
INFO: [ app_end ] --START--
INFO: Run Behavior\ShowPageTraceBehavior [ RunTime:0.000977s ]
INFO: [ app_end ] --END-- [ RunTime:0.000977s ]

[ 2015-08-24T14:46:26+08:00 ] ::1 /s/tp/wwwroot/index.php?s=/Power/Index/index.html
INFO: [ app_init ] --START--
INFO: Run Behavior\BuildLiteBehavior [ RunTime:0.000000s ]
INFO: [ app_init ] --END-- [ RunTime:0.000000s ]
INFO: [ app_begin ] --START--
INFO: Run Behavior\ReadHtmlCacheBehavior [ RunTime:0.000000s ]
INFO: [ app_begin ] --END-- [ RunTime:0.000000s ]
SQL: SHOW COLUMNS FROM `ht_role` [ RunTime:0.0068s ]
SQL: SELECT * FROM `ht_role` ORDER BY id asc  [ RunTime:0.0029s ]
SQL: SELECT * FROM `ht_role` WHERE `pid` = 0  [ RunTime:0.0010s ]
SQL: SELECT * FROM `ht_role` WHERE `pid` = 1  [ RunTime:0.0010s ]
SQL: SELECT * FROM `ht_role` WHERE `pid` = 7  [ RunTime:0.0010s ]
NOTIC: [2] Invalid argument supplied for foreach() D:\¹¤³ÌÇø\dzxt\s\tp\Application\Power\Controller\IndexController.class.php ç¬¬ 22 è¡Œ.
INFO: [ app_end ] --START--
INFO: Run Behavior\ShowPageTraceBehavior [ RunTime:0.000977s ]
INFO: [ app_end ] --END-- [ RunTime:0.000977s ]

[ 2015-08-24T17:42:42+08:00 ] ::1 /s/tp/wwwroot/index.php?s=/Power/Index/getform.html
INFO: [ app_init ] --START--
INFO: Run Behavior\BuildLiteBehavior [ RunTime:0.000000s ]
INFO: [ app_init ] --END-- [ RunTime:0.000000s ]
INFO: [ app_begin ] --START--
INFO: Run Behavior\ReadHtmlCacheBehavior [ RunTime:0.000977s ]
INFO: [ app_begin ] --END-- [ RunTime:0.000977s ]
SQL: SHOW COLUMNS FROM `ht_form` [ RunTime:0.0068s ]
SQL: SELECT `id`,`form_name`,`pid`,`type` FROM `ht_form` WHERE `pid` = 0  [ RunTime:0.0010s ]
SQL: SELECT `id`,`form_name`,`pid`,`type` FROM `ht_form` WHERE `pid` = 52  [ RunTime:0.0010s ]
SQL: SELECT `id`,`form_name`,`pid`,`type` FROM `ht_form` WHERE `pid` = 54  [ RunTime:0.0010s ]
SQL: SELECT `id`,`form_name`,`pid`,`type` FROM `ht_form` WHERE `pid` = 92  [ RunTime:0.0010s ]
NOTIC: [2] Invalid argument supplied for foreach() D:\¹¤³ÌÇø\dzxt\s\tp\Application\Power\Controller\IndexController.class.php ç¬¬ 59 è¡Œ.
SQL: SELECT `id`,`form_name`,`pid`,`type` FROM `ht_form` WHERE `pid` = 93  [ RunTime:0.0010s ]
NOTIC: [2] Invalid argument supplied for foreach() D:\¹¤³ÌÇø\dzxt\s\tp\Application\Power\Controller\IndexController.class.php ç¬¬ 59 è¡Œ.
SQL: SELECT `id`,`form_name`,`pid`,`type` FROM `ht_form` WHERE `pid` = 94  [ RunTime:0.0010s ]
NOTIC: [2] Invalid argument supplied for foreach() D:\¹¤³ÌÇø\dzxt\s\tp\Application\Power\Controller\IndexController.class.php ç¬¬ 59 è¡Œ.
SQL: SELECT `id`,`form_name`,`pid`,`type` FROM `ht_form` WHERE `pid` = 95  [ RunTime:0.0010s ]
NOTIC: [2] Invalid argument supplied for foreach() D:\¹¤³ÌÇø\dzxt\s\tp\Application\Power\Controller\IndexController.class.php ç¬¬ 59 è¡Œ.
SQL: SELECT `id`,`form_name`,`pid`,`type` FROM `ht_form` WHERE `pid` = 96  [ RunTime:0.0010s ]
NOTIC: [2] Invalid argument supplied for foreach() D:\¹¤³ÌÇø\dzxt\s\tp\Application\Power\Controller\IndexController.class.php ç¬¬ 59 è¡Œ.
SQL: SELECT `id`,`form_name`,`pid`,`type` FROM `ht_form` WHERE `pid` = 97  [ RunTime:0.0010s ]
NOTIC: [2] Invalid argument supplied for foreach() D:\¹¤³ÌÇø\dzxt\s\tp\Application\Power\Controller\IndexController.class.php ç¬¬ 59 è¡Œ.
SQL: SELECT `id`,`form_name`,`pid`,`type` FROM `ht_form` WHERE `pid` = 98  [ RunTime:0.0010s ]
NOTIC: [2] Invalid argument supplied for foreach() D:\¹¤³ÌÇø\dzxt\s\tp\Application\Power\Controller\IndexController.class.php ç¬¬ 59 è¡Œ.
SQL: SELECT `id`,`form_name`,`pid`,`type` FROM `ht_form` WHERE `pid` = 99  [ RunTime:0.0010s ]
NOTIC: [2] Invalid argument supplied for foreach() D:\¹¤³ÌÇø\dzxt\s\tp\Application\Power\Controller\IndexController.class.php ç¬¬ 59 è¡Œ.
SQL: SELECT `id`,`form_name`,`pid`,`type` FROM `ht_form` WHERE `pid` = 100  [ RunTime:0.0010s ]
NOTIC: [2] Invalid argument supplied for foreach() D:\¹¤³ÌÇø\dzxt\s\tp\Application\Power\Controller\IndexController.class.php ç¬¬ 59 è¡Œ.
SQL: SELECT `id`,`form_name`,`pid`,`type` FROM `ht_form` WHERE `pid` = 102  [ RunTime:0.0010s ]
NOTIC: [2] Invalid argument supplied for foreach() D:\¹¤³ÌÇø\dzxt\s\tp\Application\Power\Controller\IndexController.class.php ç¬¬ 59 è¡Œ.
SQL: SELECT `id`,`form_name`,`pid`,`type` FROM `ht_form` WHERE `pid` = 103  [ RunTime:0.0020s ]
NOTIC: [2] Invalid argument supplied for foreach() D:\¹¤³ÌÇø\dzxt\s\tp\Application\Power\Controller\IndexController.class.php ç¬¬ 59 è¡Œ.
SQL: SELECT `id`,`form_name`,`pid`,`type` FROM `ht_form` WHERE `pid` = 56  [ RunTime:0.0010s ]
SQL: SELECT `id`,`form_name`,`pid`,`type` FROM `ht_form` WHERE `pid` = 58  [ RunTime:0.0010s ]
SQL: SELECT `id`,`form_name`,`pid`,`type` FROM `ht_form` WHERE `pid` = 62  [ RunTime:0.0010s ]
NOTIC: [2] Invalid argument supplied for foreach() D:\¹¤³ÌÇø\dzxt\s\tp\Application\Power\Controller\IndexController.class.php ç¬¬ 59 è¡Œ.
SQL: SELECT `id`,`form_name`,`pid`,`type` FROM `ht_form` WHERE `pid` = 135  [ RunTime:0.0010s ]
NOTIC: [2] Invalid argument supplied for foreach() D:\¹¤³ÌÇø\dzxt\s\tp\Application\Power\Controller\IndexController.class.php ç¬¬ 59 è¡Œ.
SQL: SELECT `id`,`form_name`,`pid`,`type` FROM `ht_form` WHERE `pid` = 136  [ RunTime:0.0010s ]
NOTIC: [2] Invalid argument supplied for foreach() D:\¹¤³ÌÇø\dzxt\s\tp\Application\Power\Controller\IndexController.class.php ç¬¬ 59 è¡Œ.
SQL: SELECT `id`,`form_name`,`pid`,`type` FROM `ht_form` WHERE `pid` = 57  [ RunTime:0.0010s ]
NOTIC: [2] Invalid argument supplied for foreach() D:\¹¤³ÌÇø\dzxt\s\tp\Application\Power\Controller\IndexController.class.php ç¬¬ 59 è¡Œ.
SQL: SELECT `id`,`form_name`,`pid`,`type` FROM `ht_form` WHERE `pid` = 129  [ RunTime:0.0020s ]
SQL: SELECT `id`,`form_name`,`pid`,`type` FROM `ht_form` WHERE `pid` = 137  [ RunTime:0.0010s ]
NOTIC: [2] Invalid argument supplied for foreach() D:\¹¤³ÌÇø\dzxt\s\tp\Application\Power\Controller\IndexController.class.php ç¬¬ 59 è¡Œ.
SQL: SELECT `id`,`form_name`,`pid`,`type` FROM `ht_form` WHERE `pid` = 138  [ RunTime:0.0010s ]
NOTIC: [2] Invalid argument supplied for foreach() D:\¹¤³ÌÇø\dzxt\s\tp\Application\Power\Controller\IndexController.class.php ç¬¬ 59 è¡Œ.
SQL: SELECT `id`,`form_name`,`pid`,`type` FROM `ht_form` WHERE `pid` = 139  [ RunTime:0.0010s ]
NOTIC: [2] Invalid argument supplied for foreach() D:\¹¤³ÌÇø\dzxt\s\tp\Application\Power\Controller\IndexController.class.php ç¬¬ 59 è¡Œ.
SQL: SELECT `id`,`form_name`,`pid`,`type` FROM `ht_form` WHERE `pid` = 140  [ RunTime:0.0010s ]
SQL: SELECT `id`,`form_name`,`pid`,`type` FROM `ht_form` WHERE `pid` = 141  [ RunTime:0.0010s ]
NOTIC: [2] Invalid argument supplied for foreach() D:\¹¤³ÌÇø\dzxt\s\tp\Application\Power\Controller\IndexController.class.php ç¬¬ 59 è¡Œ.
INFO: [ app_end ] --START--
INFO: Run Behavior\ShowPageTraceBehavior [ RunTime:0.000000s ]
INFO: [ app_end ] --END-- [ RunTime:0.000976s ]

[ 2015-08-24T17:42:42+08:00 ] ::1 /s/tp/wwwroot/index.php?s=/Power/Index/index.html
INFO: [ app_init ] --START--
INFO: Run Behavior\BuildLiteBehavior [ RunTime:0.000000s ]
INFO: [ app_init ] --END-- [ RunTime:0.000976s ]
INFO: [ app_begin ] --START--
INFO: Run Behavior\ReadHtmlCacheBehavior [ RunTime:0.000976s ]
INFO: [ app_begin ] --END-- [ RunTime:0.000976s ]
SQL: SHOW COLUMNS FROM `ht_role` [ RunTime:0.0088s ]
SQL: SELECT * FROM `ht_role` ORDER BY id asc  [ RunTime:0.0029s ]
SQL: SELECT * FROM `ht_role` WHERE `pid` = 0  [ RunTime:0.0020s ]
SQL: SELECT * FROM `ht_role` WHERE `pid` = 1  [ RunTime:0.0020s ]
SQL: SELECT * FROM `ht_role` WHERE `pid` = 7  [ RunTime:0.0000s ]
NOTIC: [2] Invalid argument supplied for foreach() D:\¹¤³ÌÇø\dzxt\s\tp\Application\Power\Controller\IndexController.class.php ç¬¬ 22 è¡Œ.
INFO: [ app_end ] --START--
INFO: Run Behavior\ShowPageTraceBehavior [ RunTime:0.000000s ]
INFO: [ app_end ] --END-- [ RunTime:0.000000s ]

[ 2015-08-24T17:43:25+08:00 ] ::1 /s/tp/wwwroot/index.php?s=/Power/Index/getform.html
INFO: [ app_init ] --START--
INFO: Run Behavior\BuildLiteBehavior [ RunTime:0.000000s ]
INFO: [ app_init ] --END-- [ RunTime:0.000000s ]
INFO: [ app_begin ] --START--
INFO: Run Behavior\ReadHtmlCacheBehavior [ RunTime:0.000976s ]
INFO: [ app_begin ] --END-- [ RunTime:0.000976s ]
SQL: SHOW COLUMNS FROM `ht_form` [ RunTime:0.0039s ]
SQL: SELECT `id`,`form_name`,`pid`,`type` FROM `ht_form` WHERE `pid` = 0  [ RunTime:0.0010s ]
SQL: SELECT `id`,`form_name`,`pid`,`type` FROM `ht_form` WHERE `pid` = 52  [ RunTime:0.0000s ]
SQL: SELECT `id`,`form_name`,`pid`,`type` FROM `ht_form` WHERE `pid` = 54  [ RunTime:0.0000s ]
SQL: SELECT `id`,`form_name`,`pid`,`type` FROM `ht_form` WHERE `pid` = 92  [ RunTime:0.0000s ]
NOTIC: [2] Invalid argument supplied for foreach() D:\¹¤³ÌÇø\dzxt\s\tp\Application\Power\Controller\IndexController.class.php ç¬¬ 59 è¡Œ.
SQL: SELECT `id`,`form_name`,`pid`,`type` FROM `ht_form` WHERE `pid` = 93  [ RunTime:0.0010s ]
NOTIC: [2] Invalid argument supplied for foreach() D:\¹¤³ÌÇø\dzxt\s\tp\Application\Power\Controller\IndexController.class.php ç¬¬ 59 è¡Œ.
SQL: SELECT `id`,`form_name`,`pid`,`type` FROM `ht_form` WHERE `pid` = 94  [ RunTime:0.0010s ]
NOTIC: [2] Invalid argument supplied for foreach() D:\¹¤³ÌÇø\dzxt\s\tp\Application\Power\Controller\IndexController.class.php ç¬¬ 59 è¡Œ.
SQL: SELECT `id`,`form_name`,`pid`,`type` FROM `ht_form` WHERE `pid` = 95  [ RunTime:0.0010s ]
NOTIC: [2] Invalid argument supplied for foreach() D:\¹¤³ÌÇø\dzxt\s\tp\Application\Power\Controller\IndexController.class.php ç¬¬ 59 è¡Œ.
SQL: SELECT `id`,`form_name`,`pid`,`type` FROM `ht_form` WHERE `pid` = 96  [ RunTime:0.0010s ]
NOTIC: [2] Invalid argument supplied for foreach() D:\¹¤³ÌÇø\dzxt\s\tp\Application\Power\Controller\IndexController.class.php ç¬¬ 59 è¡Œ.
SQL: SELECT `id`,`form_name`,`pid`,`type` FROM `ht_form` WHERE `pid` = 97  [ RunTime:0.0010s ]
NOTIC: [2] Invalid argument supplied for foreach() D:\¹¤³ÌÇø\dzxt\s\tp\Application\Power\Controller\IndexController.class.php ç¬¬ 59 è¡Œ.
SQL: SELECT `id`,`form_name`,`pid`,`type` FROM `ht_form` WHERE `pid` = 98  [ RunTime:0.0010s ]
NOTIC: [2] Invalid argument supplied for foreach() D:\¹¤³ÌÇø\dzxt\s\tp\Application\Power\Controller\IndexController.class.php ç¬¬ 59 è¡Œ.
SQL: SELECT `id`,`form_name`,`pid`,`type` FROM `ht_form` WHERE `pid` = 99  [ RunTime:0.0000s ]
NOTIC: [2] Invalid argument supplied for foreach() D:\¹¤³ÌÇø\dzxt\s\tp\Application\Power\Controller\IndexController.class.php ç¬¬ 59 è¡Œ.
SQL: SELECT `id`,`form_name`,`pid`,`type` FROM `ht_form` WHERE `pid` = 100  [ RunTime:0.0000s ]
NOTIC: [2] Invalid argument supplied for foreach() D:\¹¤³ÌÇø\dzxt\s\tp\Application\Power\Controller\IndexController.class.php ç¬¬ 59 è¡Œ.
SQL: SELECT `id`,`form_name`,`pid`,`type` FROM `ht_form` WHERE `pid` = 102  [ RunTime:0.0010s ]
NOTIC: [2] Invalid argument supplied for foreach() D:\¹¤³ÌÇø\dzxt\s\tp\Application\Power\Controller\IndexController.class.php ç¬¬ 59 è¡Œ.
SQL: SELECT `id`,`form_name`,`pid`,`type` FROM `ht_form` WHERE `pid` = 103  [ RunTime:0.0010s ]
NOTIC: [2] Invalid argument supplied for foreach() D:\¹¤³ÌÇø\dzxt\s\tp\Application\Power\Controller\IndexController.class.php ç¬¬ 59 è¡Œ.
SQL: SELECT `id`,`form_name`,`pid`,`type` FROM `ht_form` WHERE `pid` = 56  [ RunTime:0.0010s ]
SQL: SELECT `id`,`form_name`,`pid`,`type` FROM `ht_form` WHERE `pid` = 58  [ RunTime:0.0010s ]
SQL: SELECT `id`,`form_name`,`pid`,`type` FROM `ht_form` WHERE `pid` = 62  [ RunTime:0.0010s ]
NOTIC: [2] Invalid argument supplied for foreach() D:\¹¤³ÌÇø\dzxt\s\tp\Application\Power\Controller\IndexController.class.php ç¬¬ 59 è¡Œ.
SQL: SELECT `id`,`form_name`,`pid`,`type` FROM `ht_form` WHERE `pid` = 135  [ RunTime:0.0010s ]
NOTIC: [2] Invalid argument supplied for foreach() D:\¹¤³ÌÇø\dzxt\s\tp\Application\Power\Controller\IndexController.class.php ç¬¬ 59 è¡Œ.
SQL: SELECT `id`,`form_name`,`pid`,`type` FROM `ht_form` WHERE `pid` = 136  [ RunTime:0.0010s ]
NOTIC: [2] Invalid argument supplied for foreach() D:\¹¤³ÌÇø\dzxt\s\tp\Application\Power\Controller\IndexController.class.php ç¬¬ 59 è¡Œ.
SQL: SELECT `id`,`form_name`,`pid`,`type` FROM `ht_form` WHERE `pid` = 57  [ RunTime:0.0000s ]
NOTIC: [2] Invalid argument supplied for foreach() D:\¹¤³ÌÇø\dzxt\s\tp\Application\Power\Controller\IndexController.class.php ç¬¬ 59 è¡Œ.
SQL: SELECT `id`,`form_name`,`pid`,`type` FROM `ht_form` WHERE `pid` = 129  [ RunTime:0.0000s ]
SQL: SELECT `id`,`form_name`,`pid`,`type` FROM `ht_form` WHERE `pid` = 137  [ RunTime:0.0010s ]
NOTIC: [2] Invalid argument supplied for foreach() D:\¹¤³ÌÇø\dzxt\s\tp\Application\Power\Controller\IndexController.class.php ç¬¬ 59 è¡Œ.
SQL: SELECT `id`,`form_name`,`pid`,`type` FROM `ht_form` WHERE `pid` = 138  [ RunTime:0.0010s ]
NOTIC: [2] Invalid argument supplied for foreach() D:\¹¤³ÌÇø\dzxt\s\tp\Application\Power\Controller\IndexController.class.php ç¬¬ 59 è¡Œ.
SQL: SELECT `id`,`form_name`,`pid`,`type` FROM `ht_form` WHERE `pid` = 139  [ RunTime:0.0010s ]
NOTIC: [2] Invalid argument supplied for foreach() D:\¹¤³ÌÇø\dzxt\s\tp\Application\Power\Controller\IndexController.class.php ç¬¬ 59 è¡Œ.
SQL: SELECT `id`,`form_name`,`pid`,`type` FROM `ht_form` WHERE `pid` = 140  [ RunTime:0.0010s ]
SQL: SELECT `id`,`form_name`,`pid`,`type` FROM `ht_form` WHERE `pid` = 141  [ RunTime:0.0010s ]
NOTIC: [2] Invalid argument supplied for foreach() D:\¹¤³ÌÇø\dzxt\s\tp\Application\Power\Controller\IndexController.class.php ç¬¬ 59 è¡Œ.
INFO: [ app_end ] --START--
INFO: Run Behavior\ShowPageTraceBehavior [ RunTime:0.000000s ]
INFO: [ app_end ] --END-- [ RunTime:0.000976s ]

[ 2015-08-24T17:43:25+08:00 ] ::1 /s/tp/wwwroot/index.php?s=/Power/Index/index.html
INFO: [ app_init ] --START--
INFO: Run Behavior\BuildLiteBehavior [ RunTime:0.000000s ]
INFO: [ app_init ] --END-- [ RunTime:0.000000s ]
INFO: [ app_begin ] --START--
INFO: Run Behavior\ReadHtmlCacheBehavior [ RunTime:0.000000s ]
INFO: [ app_begin ] --END-- [ RunTime:0.000000s ]
SQL: SHOW COLUMNS FROM `ht_role` [ RunTime:0.0029s ]
SQL: SELECT * FROM `ht_role` ORDER BY id asc  [ RunTime:0.0010s ]
SQL: SELECT * FROM `ht_role` WHERE `pid` = 0  [ RunTime:0.0068s ]
SQL: SELECT * FROM `ht_role` WHERE `pid` = 1  [ RunTime:0.0010s ]
SQL: SELECT * FROM `ht_role` WHERE `pid` = 7  [ RunTime:0.0010s ]
NOTIC: [2] Invalid argument supplied for foreach() D:\¹¤³ÌÇø\dzxt\s\tp\Application\Power\Controller\IndexController.class.php ç¬¬ 22 è¡Œ.
INFO: [ app_end ] --START--
INFO: Run Behavior\ShowPageTraceBehavior [ RunTime:0.000977s ]
INFO: [ app_end ] --END-- [ RunTime:0.000977s ]

