[ 2016-01-04T17:40:34+08:00 ] 14.208.195.131 /s/tp/wwwroot/index.php?s=/Power/index/getUserRole/role_id/214.html
INFO: [ app_init ] --START--
INFO: Run Behavior\BuildLiteBehavior [ RunTime:0.000022s ]
INFO: [ app_init ] --END-- [ RunTime:0.000154s ]
INFO: [ app_begin ] --START--
INFO: Run Behavior\ReadHtmlCacheBehavior [ RunTime:0.000062s ]
INFO: [ app_begin ] --END-- [ RunTime:0.000135s ]
SQL: SELECT form_id FROM `ht_power` WHERE function_type=0 and role_id=214 [ RunTime:0.0028s ]
INFO: [ app_end ] --START--
INFO: Run Behavior\ShowPageTraceBehavior [ RunTime:0.000056s ]
INFO: [ app_end ] --END-- [ RunTime:0.000127s ]

[ 2016-01-04T17:40:35+08:00 ] 14.208.195.131 /s/tp/wwwroot/index.php?s=/Power/index/getUserRole/role_id/215.html
INFO: [ app_init ] --START--
INFO: Run Behavior\BuildLiteBehavior [ RunTime:0.000021s ]
INFO: [ app_init ] --END-- [ RunTime:0.000150s ]
INFO: [ app_begin ] --START--
INFO: Run Behavior\ReadHtmlCacheBehavior [ RunTime:0.000058s ]
INFO: [ app_begin ] --END-- [ RunTime:0.000129s ]
SQL: SELECT form_id FROM `ht_power` WHERE function_type=0 and role_id=215 [ RunTime:0.0030s ]
INFO: [ app_end ] --START--
INFO: Run Behavior\ShowPageTraceBehavior [ RunTime:0.000057s ]
INFO: [ app_end ] --END-- [ RunTime:0.000126s ]

[ 2016-01-04T17:40:40+08:00 ] 14.208.195.131 /s/tp/wwwroot/index.php?s=/Power/index/getUserRole/role_id/210.html
INFO: [ app_init ] --START--
INFO: Run Behavior\BuildLiteBehavior [ RunTime:0.000021s ]
INFO: [ app_init ] --END-- [ RunTime:0.000157s ]
INFO: [ app_begin ] --START--
INFO: Run Behavior\ReadHtmlCacheBehavior [ RunTime:0.000065s ]
INFO: [ app_begin ] --END-- [ RunTime:0.000137s ]
SQL: SELECT form_id FROM `ht_power` WHERE function_type=0 and role_id=210 [ RunTime:0.0027s ]
INFO: [ app_end ] --START--
INFO: Run Behavior\ShowPageTraceBehavior [ RunTime:0.000085s ]
INFO: [ app_end ] --END-- [ RunTime:0.000160s ]

[ 2016-01-04T17:40:41+08:00 ] 14.208.195.131 /s/tp/wwwroot/index.php?s=/Power/index/getUserRole/role_id/208.html
INFO: [ app_init ] --START--
INFO: Run Behavior\BuildLiteBehavior [ RunTime:0.000019s ]
INFO: [ app_init ] --END-- [ RunTime:0.000127s ]
INFO: [ app_begin ] --START--
INFO: Run Behavior\ReadHtmlCacheBehavior [ RunTime:0.000055s ]
INFO: [ app_begin ] --END-- [ RunTime:0.000128s ]
SQL: SELECT form_id FROM `ht_power` WHERE function_type=0 and role_id=208 [ RunTime:0.0027s ]
INFO: [ app_end ] --START--
INFO: Run Behavior\ShowPageTraceBehavior [ RunTime:0.000072s ]
INFO: [ app_end ] --END-- [ RunTime:0.000147s ]

[ 2016-01-04T17:40:42+08:00 ] 14.208.195.131 /s/tp/wwwroot/index.php?s=/Power/index/getUserRole/role_id/218.html
INFO: [ app_init ] --START--
INFO: Run Behavior\BuildLiteBehavior [ RunTime:0.000020s ]
INFO: [ app_init ] --END-- [ RunTime:0.000131s ]
INFO: [ app_begin ] --START--
INFO: Run Behavior\ReadHtmlCacheBehavior [ RunTime:0.000057s ]
INFO: [ app_begin ] --END-- [ RunTime:0.000127s ]
SQL: SELECT form_id FROM `ht_power` WHERE function_type=0 and role_id=218 [ RunTime:0.0029s ]
INFO: [ app_end ] --START--
INFO: Run Behavior\ShowPageTraceBehavior [ RunTime:0.000050s ]
INFO: [ app_end ] --END-- [ RunTime:0.000121s ]

[ 2016-01-04T17:40:44+08:00 ] 14.208.195.131 /s/tp/wwwroot/index.php?s=/Power/index/getUserRole/role_id/208.html
INFO: [ app_init ] --START--
INFO: Run Behavior\BuildLiteBehavior [ RunTime:0.000021s ]
INFO: [ app_init ] --END-- [ RunTime:0.000145s ]
INFO: [ app_begin ] --START--
INFO: Run Behavior\ReadHtmlCacheBehavior [ RunTime:0.000071s ]
INFO: [ app_begin ] --END-- [ RunTime:0.000202s ]
SQL: SELECT form_id FROM `ht_power` WHERE function_type=0 and role_id=208 [ RunTime:0.0001s ]
INFO: [ app_end ] --START--
INFO: Run Behavior\ShowPageTraceBehavior [ RunTime:0.000053s ]
INFO: [ app_end ] --END-- [ RunTime:0.000124s ]

[ 2016-01-04T17:40:45+08:00 ] 14.208.195.131 /s/tp/wwwroot/index.php?s=/Power/index/getUserRole/role_id/210.html
INFO: [ app_init ] --START--
INFO: Run Behavior\BuildLiteBehavior [ RunTime:0.000019s ]
INFO: [ app_init ] --END-- [ RunTime:0.000131s ]
INFO: [ app_begin ] --START--
INFO: Run Behavior\ReadHtmlCacheBehavior [ RunTime:0.000055s ]
INFO: [ app_begin ] --END-- [ RunTime:0.000127s ]
SQL: SELECT form_id FROM `ht_power` WHERE function_type=0 and role_id=210 [ RunTime:0.0001s ]
INFO: [ app_end ] --START--
INFO: Run Behavior\ShowPageTraceBehavior [ RunTime:0.000048s ]
INFO: [ app_end ] --END-- [ RunTime:0.000125s ]

[ 2016-01-04T17:40:46+08:00 ] 14.208.195.131 /s/tp/wwwroot/index.php?s=/Power/index/getUserRole/role_id/218.html
INFO: [ app_init ] --START--
INFO: Run Behavior\BuildLiteBehavior [ RunTime:0.000019s ]
INFO: [ app_init ] --END-- [ RunTime:0.000132s ]
INFO: [ app_begin ] --START--
INFO: Run Behavior\ReadHtmlCacheBehavior [ RunTime:0.000056s ]
INFO: [ app_begin ] --END-- [ RunTime:0.000127s ]
SQL: SELECT form_id FROM `ht_power` WHERE function_type=0 and role_id=218 [ RunTime:0.0001s ]
INFO: [ app_end ] --START--
INFO: Run Behavior\ShowPageTraceBehavior [ RunTime:0.000048s ]
INFO: [ app_end ] --END-- [ RunTime:0.000120s ]

[ 2016-01-04T17:41:02+08:00 ] 14.208.195.131 /s/tp/wwwroot/index.php?s=/Power/index/getUserRole/role_id/210.html
INFO: [ app_init ] --START--
INFO: Run Behavior\BuildLiteBehavior [ RunTime:0.000022s ]
INFO: [ app_init ] --END-- [ RunTime:0.000172s ]
INFO: [ app_begin ] --START--
INFO: Run Behavior\ReadHtmlCacheBehavior [ RunTime:0.000063s ]
INFO: [ app_begin ] --END-- [ RunTime:0.000139s ]
SQL: SELECT form_id FROM `ht_power` WHERE function_type=0 and role_id=210 [ RunTime:0.0001s ]
INFO: [ app_end ] --START--
INFO: Run Behavior\ShowPageTraceBehavior [ RunTime:0.000090s ]
INFO: [ app_end ] --END-- [ RunTime:0.000164s ]

[ 2016-01-04T17:41:21+08:00 ] 14.208.195.131 /s/tp/wwwroot/index.php?s=/Power/index/getUserRole/role_id/210.html
INFO: [ app_init ] --START--
INFO: Run Behavior\BuildLiteBehavior [ RunTime:0.000020s ]
INFO: [ app_init ] --END-- [ RunTime:0.000148s ]
INFO: [ app_begin ] --START--
INFO: Run Behavior\ReadHtmlCacheBehavior [ RunTime:0.000060s ]
INFO: [ app_begin ] --END-- [ RunTime:0.000132s ]
SQL: SELECT form_id FROM `ht_power` WHERE function_type=0 and role_id=210 [ RunTime:0.0001s ]
INFO: [ app_end ] --START--
INFO: Run Behavior\ShowPageTraceBehavior [ RunTime:0.000056s ]
INFO: [ app_end ] --END-- [ RunTime:0.000126s ]

[ 2016-01-04T17:42:58+08:00 ] 14.208.195.131 /s/tp/wwwroot/index.php?s=/Power/index/upRole
INFO: [ app_init ] --START--
INFO: Run Behavior\BuildLiteBehavior [ RunTime:0.000021s ]
INFO: [ app_init ] --END-- [ RunTime:0.000153s ]
INFO: [ app_begin ] --START--
INFO: Run Behavior\ReadHtmlCacheBehavior [ RunTime:0.000056s ]
INFO: [ app_begin ] --END-- [ RunTime:0.000130s ]
SQL: delete from `ht_power` where role_id=210 and function_type=0 [ RunTime:0.0269s ]
SQL: INSERT INTO ht_power(role_id,form_id,function_name,function_type)values(210,265,"view.page",0) [ RunTime:0.0211s ]
SQL: INSERT INTO ht_power(role_id,form_id,function_name,function_type)values(210,215,"view.page",0) [ RunTime:0.0199s ]
SQL: INSERT INTO ht_power(role_id,form_id,function_name,function_type)values(210,216,"view.page",0) [ RunTime:0.0186s ]
SQL: INSERT INTO ht_power(role_id,form_id,function_name,function_type)values(210,217,"view.page",0) [ RunTime:0.0200s ]
SQL: INSERT INTO ht_power(role_id,form_id,function_name,function_type)values(210,218,"view.page",0) [ RunTime:0.0200s ]
SQL: INSERT INTO ht_power(role_id,form_id,function_name,function_type)values(210,219,"view.page",0) [ RunTime:0.0200s ]
SQL: INSERT INTO ht_power(role_id,form_id,function_name,function_type)values(210,220,"view.page",0) [ RunTime:0.0200s ]
SQL: INSERT INTO ht_power(role_id,form_id,function_name,function_type)values(210,221,"view.page",0) [ RunTime:0.0200s ]
SQL: INSERT INTO ht_power(role_id,form_id,function_name,function_type)values(210,222,"view.page",0) [ RunTime:0.0200s ]
SQL: INSERT INTO ht_power(role_id,form_id,function_name,function_type)values(210,223,"view.page",0) [ RunTime:0.0200s ]
SQL: INSERT INTO ht_power(role_id,form_id,function_name,function_type)values(210,224,"view.page",0) [ RunTime:0.0200s ]
SQL: INSERT INTO ht_power(role_id,form_id,function_name,function_type)values(210,225,"view.page",0) [ RunTime:0.0200s ]
SQL: INSERT INTO ht_power(role_id,form_id,function_name,function_type)values(210,226,"view.page",0) [ RunTime:0.0200s ]
SQL: INSERT INTO ht_power(role_id,form_id,function_name,function_type)values(210,227,"view.page",0) [ RunTime:0.0200s ]
SQL: INSERT INTO ht_power(role_id,form_id,function_name,function_type)values(210,228,"view.page",0) [ RunTime:0.0171s ]
SQL: INSERT INTO ht_power(role_id,form_id,function_name,function_type)values(210,230,"view.page",0) [ RunTime:0.0199s ]
SQL: INSERT INTO ht_power(role_id,form_id,function_name,function_type)values(210,233,"view.page",0) [ RunTime:0.0200s ]
SQL: INSERT INTO ht_power(role_id,form_id,function_name,function_type)values(210,238,"view.page",0) [ RunTime:0.0199s ]
SQL: INSERT INTO ht_power(role_id,form_id,function_name,function_type)values(210,241,"view.page",0) [ RunTime:0.0200s ]
SQL: INSERT INTO ht_power(role_id,form_id,function_name,function_type)values(210,244,"view.page",0) [ RunTime:0.0200s ]
SQL: INSERT INTO ht_power(role_id,form_id,function_name,function_type)values(210,245,"view.page",0) [ RunTime:0.0199s ]
SQL: INSERT INTO ht_power(role_id,form_id,function_name,function_type)values(210,250,"view.page",0) [ RunTime:0.0200s ]
SQL: INSERT INTO ht_power(role_id,form_id,function_name,function_type)values(210,251,"view.page",0) [ RunTime:0.0194s ]
SQL: INSERT INTO ht_power(role_id,form_id,function_name,function_type)values(210,252,"view.page",0) [ RunTime:0.0200s ]
SQL: INSERT INTO ht_power(role_id,form_id,function_name,function_type)values(210,256,"view.page",0) [ RunTime:0.0205s ]
SQL: INSERT INTO ht_power(role_id,form_id,function_name,function_type)values(210,257,"view.page",0) [ RunTime:0.0160s ]
SQL: INSERT INTO ht_power(role_id,form_id,function_name,function_type)values(210,259,"view.page",0) [ RunTime:0.0160s ]
SQL: INSERT INTO ht_power(role_id,form_id,function_name,function_type)values(210,262,"view.page",0) [ RunTime:0.0160s ]
SQL: INSERT INTO ht_power(role_id,form_id,function_name,function_type)values(210,268,"view.page",0) [ RunTime:0.0160s ]
SQL: INSERT INTO ht_power(role_id,form_id,function_name,function_type)values(210,271,"view.page",0) [ RunTime:0.0200s ]
SQL: INSERT INTO ht_power(role_id,form_id,function_name,function_type)values(210,273,"view.page",0) [ RunTime:0.0200s ]
SQL: INSERT INTO ht_power(role_id,form_id,function_name,function_type)values(210,274,"view.page",0) [ RunTime:0.0200s ]
SQL: INSERT INTO ht_power(role_id,form_id,function_name,function_type)values(210,276,"view.page",0) [ RunTime:0.0200s ]
SQL: INSERT INTO ht_power(role_id,form_id,function_name,function_type)values(210,277,"view.page",0) [ RunTime:0.0200s ]
SQL: INSERT INTO ht_power(role_id,form_id,function_name,function_type)values(210,279,"view.page",0) [ RunTime:0.0200s ]
SQL: INSERT INTO ht_power(role_id,form_id,function_name,function_type)values(210,280,"view.page",0) [ RunTime:0.0200s ]
SQL: INSERT INTO ht_power(role_id,form_id,function_name,function_type)values(210,281,"view.page",0) [ RunTime:0.0200s ]
SQL: INSERT INTO ht_power(role_id,form_id,function_name,function_type)values(210,282,"view.page",0) [ RunTime:0.0200s ]
SQL: INSERT INTO ht_power(role_id,form_id,function_name,function_type)values(210,283,"view.page",0) [ RunTime:0.0201s ]
SQL: INSERT INTO ht_power(role_id,form_id,function_name,function_type)values(210,284,"view.page",0) [ RunTime:0.0199s ]
SQL: INSERT INTO ht_power(role_id,form_id,function_name,function_type)values(210,285,"view.page",0) [ RunTime:0.0200s ]
SQL: INSERT INTO ht_power(role_id,form_id,function_name,function_type)values(210,287,"view.page",0) [ RunTime:0.0200s ]
SQL: INSERT INTO ht_power(role_id,form_id,function_name,function_type)values(210,288,"view.page",0) [ RunTime:0.0200s ]
SQL: INSERT INTO ht_power(role_id,form_id,function_name,function_type)values(210,294,"view.page",0) [ RunTime:0.0200s ]
SQL: INSERT INTO ht_power(role_id,form_id,function_name,function_type)values(210,296,"view.page",0) [ RunTime:0.0200s ]
SQL: INSERT INTO ht_power(role_id,form_id,function_name,function_type)values(210,297,"view.page",0) [ RunTime:0.0200s ]
SQL: INSERT INTO ht_power(role_id,form_id,function_name,function_type)values(210,298,"view.page",0) [ RunTime:0.0195s ]
SQL: INSERT INTO ht_power(role_id,form_id,function_name,function_type)values(210,301,"view.page",0) [ RunTime:0.0165s ]
SQL: INSERT INTO ht_power(role_id,form_id,function_name,function_type)values(210,304,"view.page",0) [ RunTime:0.0200s ]
SQL: INSERT INTO ht_power(role_id,form_id,function_name,function_type)values(210,306,"view.page",0) [ RunTime:0.0160s ]
SQL: INSERT INTO ht_power(role_id,form_id,function_name,function_type)values(210,312,"view.page",0) [ RunTime:0.0160s ]
SQL: INSERT INTO ht_power(role_id,form_id,function_name,function_type)values(210,315,"view.page",0) [ RunTime:0.0160s ]
SQL: INSERT INTO ht_power(role_id,form_id,function_name,function_type)values(210,317,"view.page",0) [ RunTime:0.0160s ]
SQL: INSERT INTO ht_power(role_id,form_id,function_name,function_type)values(210,319,"view.page",0) [ RunTime:0.0160s ]
SQL: INSERT INTO ht_power(role_id,form_id,function_name,function_type)values(210,321,"view.page",0) [ RunTime:0.0160s ]
SQL: INSERT INTO ht_power(role_id,form_id,function_name,function_type)values(210,322,"view.page",0) [ RunTime:0.0160s ]
SQL: INSERT INTO ht_power(role_id,form_id,function_name,function_type)values(210,323,"view.page",0) [ RunTime:0.0160s ]
SQL: INSERT INTO ht_power(role_id,form_id,function_name,function_type)values(210,324,"view.page",0) [ RunTime:0.0165s ]
SQL: INSERT INTO ht_power(role_id,form_id,function_name,function_type)values(210,495,"view.page",0) [ RunTime:0.0200s ]
SQL: INSERT INTO ht_power(role_id,form_id,function_name,function_type)values(210,496,"view.page",0) [ RunTime:0.0200s ]
SQL: INSERT INTO ht_power(role_id,form_id,function_name,function_type)values(210,497,"view.page",0) [ RunTime:0.0200s ]
SQL: INSERT INTO ht_power(role_id,form_id,function_name,function_type)values(210,498,"view.page",0) [ RunTime:0.0200s ]
SQL: INSERT INTO ht_power(role_id,form_id,function_name,function_type)values(210,499,"view.page",0) [ RunTime:0.0200s ]
SQL: INSERT INTO ht_power(role_id,form_id,function_name,function_type)values(210,500,"view.page",0) [ RunTime:0.0200s ]
SQL: INSERT INTO ht_power(role_id,form_id,function_name,function_type)values(210,501,"view.page",0) [ RunTime:0.0200s ]
SQL: INSERT INTO ht_power(role_id,form_id,function_name,function_type)values(210,502,"view.page",0) [ RunTime:0.0200s ]
SQL: INSERT INTO ht_power(role_id,form_id,function_name,function_type)values(210,503,"view.page",0) [ RunTime:0.0200s ]
SQL: INSERT INTO ht_power(role_id,form_id,function_name,function_type)values(210,504,"view.page",0) [ RunTime:0.0200s ]
SQL: INSERT INTO ht_power(role_id,form_id,function_name,function_type)values(210,505,"view.page",0) [ RunTime:0.0200s ]
SQL: INSERT INTO ht_power(role_id,form_id,function_name,function_type)values(210,506,"view.page",0) [ RunTime:0.0200s ]
SQL: INSERT INTO ht_power(role_id,form_id,function_name,function_type)values(210,507,"view.page",0) [ RunTime:0.0200s ]
SQL: INSERT INTO ht_power(role_id,form_id,function_name,function_type)values(210,508,"view.page",0) [ RunTime:0.0181s ]
SQL: INSERT INTO ht_power(role_id,form_id,function_name,function_type)values(210,509,"view.page",0) [ RunTime:0.0199s ]
SQL: INSERT INTO ht_power(role_id,form_id,function_name,function_type)values(210,510,"view.page",0) [ RunTime:0.0200s ]
SQL: INSERT INTO ht_power(role_id,form_id,function_name,function_type)values(210,511,"view.page",0) [ RunTime:0.0199s ]
SQL: INSERT INTO ht_power(role_id,form_id,function_name,function_type)values(210,512,"view.page",0) [ RunTime:0.0200s ]
SQL: INSERT INTO ht_power(role_id,form_id,function_name,function_type)values(210,513,"view.page",0) [ RunTime:0.0200s ]
SQL: INSERT INTO ht_power(role_id,form_id,function_name,function_type)values(210,514,"view.page",0) [ RunTime:0.0199s ]
SQL: INSERT INTO ht_power(role_id,form_id,function_name,function_type)values(210,515,"view.page",0) [ RunTime:0.0200s ]
SQL: INSERT INTO ht_power(role_id,form_id,function_name,function_type)values(210,516,"view.page",0) [ RunTime:0.0199s ]
SQL: INSERT INTO ht_power(role_id,form_id,function_name,function_type)values(210,732,"view.page",0) [ RunTime:0.0200s ]
SQL: INSERT INTO ht_power(role_id,form_id,function_name,function_type)values(210,733,"view.page",0) [ RunTime:0.0199s ]
SQL: INSERT INTO ht_power(role_id,form_id,function_name,function_type)values(210,734,"view.page",0) [ RunTime:0.0200s ]
SQL: INSERT INTO ht_power(role_id,form_id,function_name,function_type)values(210,736,"view.page",0) [ RunTime:0.0200s ]
SQL: INSERT INTO ht_power(role_id,form_id,function_name,function_type)values(210,752,"view.page",0) [ RunTime:0.0199s ]
SQL: INSERT INTO ht_power(role_id,form_id,function_name,function_type)values(210,758,"view.page",0) [ RunTime:0.0228s ]
SQL: INSERT INTO ht_power(role_id,form_id,function_name,function_type)values(210,759,"view.page",0) [ RunTime:0.0171s ]
SQL: INSERT INTO ht_power(role_id,form_id,function_name,function_type)values(210,760,"view.page",0) [ RunTime:0.0200s ]
SQL: INSERT INTO ht_power(role_id,form_id,function_name,function_type)values(210,761,"view.page",0) [ RunTime:0.0199s ]
SQL: INSERT INTO ht_power(role_id,form_id,function_name,function_type)values(210,762,"view.page",0) [ RunTime:0.0200s ]
SQL: INSERT INTO ht_power(role_id,form_id,function_name,function_type)values(210,768,"view.page",0) [ RunTime:0.0200s ]
SQL: INSERT INTO ht_power(role_id,form_id,function_name,function_type)values(210,326,"view.page",0) [ RunTime:0.0199s ]
SQL: INSERT INTO ht_power(role_id,form_id,function_name,function_type)values(210,128,"view.page",0) [ RunTime:0.0200s ]
SQL: INSERT INTO ht_power(role_id,form_id,function_name,function_type)values(210,328,"view.page",0) [ RunTime:0.0199s ]
SQL: INSERT INTO ht_power(role_id,form_id,function_name,function_type)values(210,600,"view.page",0) [ RunTime:0.0200s ]
SQL: INSERT INTO ht_power(role_id,form_id,function_name,function_type)values(210,610,"view.page",0) [ RunTime:0.0199s ]
SQL: INSERT INTO ht_power(role_id,form_id,function_name,function_type)values(210,643,"view.page",0) [ RunTime:0.0200s ]
SQL: INSERT INTO ht_power(role_id,form_id,function_name,function_type)values(210,730,"view.page",0) [ RunTime:0.0200s ]
SQL: INSERT INTO ht_power(role_id,form_id,function_name,function_type)values(210,611,"view.page",0) [ RunTime:0.0200s ]
SQL: INSERT INTO ht_power(role_id,form_id,function_name,function_type)values(210,866,"view.page",0) [ RunTime:0.0200s ]
SQL: INSERT INTO ht_power(role_id,form_id,function_name,function_type)values(210,867,"view.page",0) [ RunTime:0.0200s ]
SQL: INSERT INTO ht_power(role_id,form_id,function_name,function_type)values(210,612,"view.page",0) [ RunTime:0.0200s ]
SQL: INSERT INTO ht_power(role_id,form_id,function_name,function_type)values(210,757,"view.page",0) [ RunTime:0.0200s ]
SQL: INSERT INTO ht_power(role_id,form_id,function_name,function_type)values(210,799,"view.page",0) [ RunTime:0.0200s ]
SQL: INSERT INTO ht_power(role_id,form_id,function_name,function_type)values(210,800,"view.page",0) [ RunTime:0.0160s ]
SQL: INSERT INTO ht_power(role_id,form_id,function_name,function_type)values(210,803,"view.page",0) [ RunTime:0.0160s ]
SQL: INSERT INTO ht_power(role_id,form_id,function_name,function_type)values(210,805,"view.page",0) [ RunTime:0.0160s ]
SQL: INSERT INTO ht_power(role_id,form_id,function_name,function_type)values(210,807,"view.page",0) [ RunTime:0.0160s ]
SQL: INSERT INTO ht_power(role_id,form_id,function_name,function_type)values(210,809,"view.page",0) [ RunTime:0.0160s ]
SQL: INSERT INTO ht_power(role_id,form_id,function_name,function_type)values(210,810,"view.page",0) [ RunTime:0.0160s ]
SQL: INSERT INTO ht_power(role_id,form_id,function_name,function_type)values(210,811,"view.page",0) [ RunTime:0.0200s ]
SQL: INSERT INTO ht_power(role_id,form_id,function_name,function_type)values(210,812,"view.page",0) [ RunTime:0.0160s ]
SQL: INSERT INTO ht_power(role_id,form_id,function_name,function_type)values(210,813,"view.page",0) [ RunTime:0.0200s ]
SQL: INSERT INTO ht_power(role_id,form_id,function_name,function_type)values(210,814,"view.page",0) [ RunTime:0.0160s ]
SQL: INSERT INTO ht_power(role_id,form_id,function_name,function_type)values(210,815,"view.page",0) [ RunTime:0.0160s ]
SQL: INSERT INTO ht_power(role_id,form_id,function_name,function_type)values(210,816,"view.page",0) [ RunTime:0.0160s ]
SQL: INSERT INTO ht_power(role_id,form_id,function_name,function_type)values(210,817,"view.page",0) [ RunTime:0.0160s ]
SQL: INSERT INTO ht_power(role_id,form_id,function_name,function_type)values(210,818,"view.page",0) [ RunTime:0.0160s ]
SQL: INSERT INTO ht_power(role_id,form_id,function_name,function_type)values(210,819,"view.page",0) [ RunTime:0.0200s ]
SQL: INSERT INTO ht_power(role_id,form_id,function_name,function_type)values(210,820,"view.page",0) [ RunTime:0.0200s ]
SQL: INSERT INTO ht_power(role_id,form_id,function_name,function_type)values(210,821,"view.page",0) [ RunTime:0.0200s ]
SQL: INSERT INTO ht_power(role_id,form_id,function_name,function_type)values(210,822,"view.page",0) [ RunTime:0.0205s ]
SQL: INSERT INTO ht_power(role_id,form_id,function_name,function_type)values(210,823,"view.page",0) [ RunTime:0.0200s ]
SQL: INSERT INTO ht_power(role_id,form_id,function_name,function_type)values(210,824,"view.page",0) [ RunTime:0.0200s ]
SQL: INSERT INTO ht_power(role_id,form_id,function_name,function_type)values(210,825,"view.page",0) [ RunTime:0.0200s ]
SQL: INSERT INTO ht_power(role_id,form_id,function_name,function_type)values(210,826,"view.page",0) [ RunTime:0.0200s ]
SQL: INSERT INTO ht_power(role_id,form_id,function_name,function_type)values(210,827,"view.page",0) [ RunTime:0.0200s ]
SQL: INSERT INTO ht_power(role_id,form_id,function_name,function_type)values(210,828,"view.page",0) [ RunTime:0.0182s ]
SQL: INSERT INTO ht_power(role_id,form_id,function_name,function_type)values(210,829,"view.page",0) [ RunTime:0.0199s ]
SQL: INSERT INTO ht_power(role_id,form_id,function_name,function_type)values(210,830,"view.page",0) [ RunTime:0.0200s ]
SQL: INSERT INTO ht_power(role_id,form_id,function_name,function_type)values(210,831,"view.page",0) [ RunTime:0.0199s ]
SQL: INSERT INTO ht_power(role_id,form_id,function_name,function_type)values(210,832,"view.page",0) [ RunTime:0.0200s ]
SQL: INSERT INTO ht_power(role_id,form_id,function_name,function_type)values(210,833,"view.page",0) [ RunTime:0.0200s ]
SQL: INSERT INTO ht_power(role_id,form_id,function_name,function_type)values(210,834,"view.page",0) [ RunTime:0.0199s ]
SQL: INSERT INTO ht_power(role_id,form_id,function_name,function_type)values(210,835,"view.page",0) [ RunTime:0.0200s ]
SQL: INSERT INTO ht_power(role_id,form_id,function_name,function_type)values(210,836,"view.page",0) [ RunTime:0.0183s ]
SQL: INSERT INTO ht_power(role_id,form_id,function_name,function_type)values(210,837,"view.page",0) [ RunTime:0.0200s ]
SQL: INSERT INTO ht_power(role_id,form_id,function_name,function_type)values(210,838,"view.page",0) [ RunTime:0.0200s ]
SQL: INSERT INTO ht_power(role_id,form_id,function_name,function_type)values(210,839,"view.page",0) [ RunTime:0.0200s ]
SQL: INSERT INTO ht_power(role_id,form_id,function_name,function_type)values(210,840,"view.page",0) [ RunTime:0.0200s ]
SQL: INSERT INTO ht_power(role_id,form_id,function_name,function_type)values(210,841,"view.page",0) [ RunTime:0.0200s ]
SQL: INSERT INTO ht_power(role_id,form_id,function_name,function_type)values(210,842,"view.page",0) [ RunTime:0.0240s ]
SQL: INSERT INTO ht_power(role_id,form_id,function_name,function_type)values(210,843,"view.page",0) [ RunTime:0.0200s ]
SQL: INSERT INTO ht_power(role_id,form_id,function_name,function_type)values(210,844,"view.page",0) [ RunTime:0.0200s ]
SQL: INSERT INTO ht_power(role_id,form_id,function_name,function_type)values(210,845,"view.page",0) [ RunTime:0.0200s ]
SQL: INSERT INTO ht_power(role_id,form_id,function_name,function_type)values(210,846,"view.page",0) [ RunTime:0.0200s ]
SQL: INSERT INTO ht_power(role_id,form_id,function_name,function_type)values(210,847,"view.page",0) [ RunTime:0.0200s ]
SQL: INSERT INTO ht_power(role_id,form_id,function_name,function_type)values(210,848,"view.page",0) [ RunTime:0.0200s ]
SQL: INSERT INTO ht_power(role_id,form_id,function_name,function_type)values(210,849,"view.page",0) [ RunTime:0.0213s ]
SQL: INSERT INTO ht_power(role_id,form_id,function_name,function_type)values(210,850,"view.page",0) [ RunTime:0.0199s ]
SQL: INSERT INTO ht_power(role_id,form_id,function_name,function_type)values(210,851,"view.page",0) [ RunTime:0.0188s ]
SQL: INSERT INTO ht_power(role_id,form_id,function_name,function_type)values(210,852,"view.page",0) [ RunTime:0.0200s ]
SQL: INSERT INTO ht_power(role_id,form_id,function_name,function_type)values(210,853,"view.page",0) [ RunTime:0.0200s ]
SQL: INSERT INTO ht_power(role_id,form_id,function_name,function_type)values(210,854,"view.page",0) [ RunTime:0.0200s ]
SQL: INSERT INTO ht_power(role_id,form_id,function_name,function_type)values(210,855,"view.page",0) [ RunTime:0.0250s ]
SQL: INSERT INTO ht_power(role_id,form_id,function_name,function_type)values(210,856,"view.page",0) [ RunTime:0.0200s ]
SQL: INSERT INTO ht_power(role_id,form_id,function_name,function_type)values(210,613,"view.page",0) [ RunTime:0.0200s ]
SQL: INSERT INTO ht_power(role_id,form_id,function_name,function_type)values(210,614,"view.page",0) [ RunTime:0.0200s ]
SQL: INSERT INTO ht_power(role_id,form_id,function_name,function_type)values(210,615,"view.page",0) [ RunTime:0.0200s ]
SQL: INSERT INTO ht_power(role_id,form_id,function_name,function_type)values(210,616,"view.page",0) [ RunTime:0.0200s ]
SQL: INSERT INTO ht_power(role_id,form_id,function_name,function_type)values(210,617,"view.page",0) [ RunTime:0.0200s ]
SQL: INSERT INTO ht_power(role_id,form_id,function_name,function_type)values(210,636,"view.page",0) [ RunTime:0.0200s ]
SQL: INSERT INTO ht_power(role_id,form_id,function_name,function_type)values(210,637,"view.page",0) [ RunTime:0.0200s ]
SQL: INSERT INTO ht_power(role_id,form_id,function_name,function_type)values(210,644,"view.page",0) [ RunTime:0.0240s ]
SQL: INSERT INTO ht_power(role_id,form_id,function_name,function_type)values(210,717,"view.page",0) [ RunTime:0.0200s ]
SQL: INSERT INTO ht_power(role_id,form_id,function_name,function_type)values(210,769,"view.page",0) [ RunTime:0.0200s ]
SQL: INSERT INTO ht_power(role_id,form_id,function_name,function_type)values(210,777,"view.page",0) [ RunTime:0.0190s ]
SQL: INSERT INTO ht_power(role_id,form_id,function_name,function_type)values(210,858,"view.page",0) [ RunTime:0.0211s ]
SQL: INSERT INTO ht_power(role_id,form_id,function_name,function_type)values(210,859,"view.page",0) [ RunTime:0.0233s ]
SQL: INSERT INTO ht_power(role_id,form_id,function_name,function_type)values(210,618,"view.page",0) [ RunTime:0.0167s ]
SQL: INSERT INTO ht_power(role_id,form_id,function_name,function_type)values(210,802,"view.page",0) [ RunTime:0.0160s ]
SQL: INSERT INTO ht_power(role_id,form_id,function_name,function_type)values(210,804,"view.page",0) [ RunTime:0.0231s ]
SQL: INSERT INTO ht_power(role_id,form_id,function_name,function_type)values(210,806,"view.page",0) [ RunTime:0.0169s ]
SQL: INSERT INTO ht_power(role_id,form_id,function_name,function_type)values(210,808,"view.page",0) [ RunTime:0.0200s ]
SQL: INSERT INTO ht_power(role_id,form_id,function_name,function_type)values(210,870,"view.page",0) [ RunTime:0.0200s ]
SQL: INSERT INTO ht_power(role_id,form_id,function_name,function_type)values(210,871,"view.page",0) [ RunTime:0.0200s ]
SQL: INSERT INTO ht_power(role_id,form_id,function_name,function_type)values(210,1915,"view.page",0) [ RunTime:0.0200s ]
SQL: INSERT INTO ht_power(role_id,form_id,function_name,function_type)values(210,1916,"view.page",0) [ RunTime:0.0200s ]
SQL: INSERT INTO ht_power(role_id,form_id,function_name,function_type)values(210,1917,"view.page",0) [ RunTime:0.0200s ]
SQL: INSERT INTO ht_power(role_id,form_id,function_name,function_type)values(210,1918,"view.page",0) [ RunTime:0.0200s ]
INFO: [ app_end ] --START--
INFO: Run Behavior\ShowPageTraceBehavior [ RunTime:0.000108s ]
INFO: [ app_end ] --END-- [ RunTime:0.000181s ]

[ 2016-01-04T17:43:02+08:00 ] 14.208.195.131 /s/tp/wwwroot/index.php?s=/Power/index/upRole
INFO: [ app_init ] --START--
INFO: Run Behavior\BuildLiteBehavior [ RunTime:0.000022s ]
INFO: [ app_init ] --END-- [ RunTime:0.000144s ]
INFO: [ app_begin ] --START--
INFO: Run Behavior\ReadHtmlCacheBehavior [ RunTime:0.000049s ]
INFO: [ app_begin ] --END-- [ RunTime:0.000120s ]
SQL: delete from `ht_power` where role_id=210 and function_type=0 [ RunTime:0.0269s ]
SQL: INSERT INTO ht_power(role_id,form_id,function_name,function_type)values(210,265,"view.page",0) [ RunTime:0.0199s ]
SQL: INSERT INTO ht_power(role_id,form_id,function_name,function_type)values(210,215,"view.page",0) [ RunTime:0.0206s ]
SQL: INSERT INTO ht_power(role_id,form_id,function_name,function_type)values(210,216,"view.page",0) [ RunTime:0.0176s ]
SQL: INSERT INTO ht_power(role_id,form_id,function_name,function_type)values(210,217,"view.page",0) [ RunTime:0.0160s ]
SQL: INSERT INTO ht_power(role_id,form_id,function_name,function_type)values(210,218,"view.page",0) [ RunTime:0.0200s ]
SQL: INSERT INTO ht_power(role_id,form_id,function_name,function_type)values(210,219,"view.page",0) [ RunTime:0.0199s ]
SQL: INSERT INTO ht_power(role_id,form_id,function_name,function_type)values(210,220,"view.page",0) [ RunTime:0.0200s ]
SQL: INSERT INTO ht_power(role_id,form_id,function_name,function_type)values(210,221,"view.page",0) [ RunTime:0.0199s ]
SQL: INSERT INTO ht_power(role_id,form_id,function_name,function_type)values(210,222,"view.page",0) [ RunTime:0.0200s ]
SQL: INSERT INTO ht_power(role_id,form_id,function_name,function_type)values(210,223,"view.page",0) [ RunTime:0.0199s ]
SQL: INSERT INTO ht_power(role_id,form_id,function_name,function_type)values(210,224,"view.page",0) [ RunTime:0.0200s ]
SQL: INSERT INTO ht_power(role_id,form_id,function_name,function_type)values(210,225,"view.page",0) [ RunTime:0.0200s ]
SQL: INSERT INTO ht_power(role_id,form_id,function_name,function_type)values(210,226,"view.page",0) [ RunTime:0.0199s ]
SQL: INSERT INTO ht_power(role_id,form_id,function_name,function_type)values(210,227,"view.page",0) [ RunTime:0.0200s ]
SQL: INSERT INTO ht_power(role_id,form_id,function_name,function_type)values(210,228,"view.page",0) [ RunTime:0.0199s ]
SQL: INSERT INTO ht_power(role_id,form_id,function_name,function_type)values(210,230,"view.page",0) [ RunTime:0.0200s ]
SQL: INSERT INTO ht_power(role_id,form_id,function_name,function_type)values(210,233,"view.page",0) [ RunTime:0.0199s ]
SQL: INSERT INTO ht_power(role_id,form_id,function_name,function_type)values(210,238,"view.page",0) [ RunTime:0.0200s ]
SQL: INSERT INTO ht_power(role_id,form_id,function_name,function_type)values(210,241,"view.page",0) [ RunTime:0.0205s ]
SQL: INSERT INTO ht_power(role_id,form_id,function_name,function_type)values(210,244,"view.page",0) [ RunTime:0.0199s ]
SQL: INSERT INTO ht_power(role_id,form_id,function_name,function_type)values(210,245,"view.page",0) [ RunTime:0.0200s ]
SQL: INSERT INTO ht_power(role_id,form_id,function_name,function_type)values(210,250,"view.page",0) [ RunTime:0.0193s ]
SQL: INSERT INTO ht_power(role_id,form_id,function_name,function_type)values(210,251,"view.page",0) [ RunTime:0.0200s ]
SQL: INSERT INTO ht_power(role_id,form_id,function_name,function_type)values(210,252,"view.page",0) [ RunTime:0.0200s ]
SQL: INSERT INTO ht_power(role_id,form_id,function_name,function_type)values(210,256,"view.page",0) [ RunTime:0.0200s ]
SQL: INSERT INTO ht_power(role_id,form_id,function_name,function_type)values(210,257,"view.page",0) [ RunTime:0.0200s ]
SQL: INSERT INTO ht_power(role_id,form_id,function_name,function_type)values(210,259,"view.page",0) [ RunTime:0.0200s ]
SQL: INSERT INTO ht_power(role_id,form_id,function_name,function_type)values(210,262,"view.page",0) [ RunTime:0.0163s ]
SQL: INSERT INTO ht_power(role_id,form_id,function_name,function_type)values(210,268,"view.page",0) [ RunTime:0.0198s ]
SQL: INSERT INTO ht_power(role_id,form_id,function_name,function_type)values(210,271,"view.page",0) [ RunTime:0.0161s ]
SQL: INSERT INTO ht_power(role_id,form_id,function_name,function_type)values(210,273,"view.page",0) [ RunTime:0.0165s ]
SQL: INSERT INTO ht_power(role_id,form_id,function_name,function_type)values(210,274,"view.page",0) [ RunTime:0.0200s ]
SQL: INSERT INTO ht_power(role_id,form_id,function_name,function_type)values(210,276,"view.page",0) [ RunTime:0.0200s ]
SQL: INSERT INTO ht_power(role_id,form_id,function_name,function_type)values(210,277,"view.page",0) [ RunTime:0.0200s ]
SQL: INSERT INTO ht_power(role_id,form_id,function_name,function_type)values(210,279,"view.page",0) [ RunTime:0.0232s ]
SQL: INSERT INTO ht_power(role_id,form_id,function_name,function_type)values(210,280,"view.page",0) [ RunTime:0.0208s ]
SQL: INSERT INTO ht_power(role_id,form_id,function_name,function_type)values(210,281,"view.page",0) [ RunTime:0.0200s ]
SQL: INSERT INTO ht_power(role_id,form_id,function_name,function_type)values(210,282,"view.page",0) [ RunTime:0.0200s ]
SQL: INSERT INTO ht_power(role_id,form_id,function_name,function_type)values(210,283,"view.page",0) [ RunTime:0.0189s ]
SQL: INSERT INTO ht_power(role_id,form_id,function_name,function_type)values(210,284,"view.page",0) [ RunTime:0.0200s ]
SQL: INSERT INTO ht_power(role_id,form_id,function_name,function_type)values(210,285,"view.page",0) [ RunTime:0.0199s ]
SQL: INSERT INTO ht_power(role_id,form_id,function_name,function_type)values(210,287,"view.page",0) [ RunTime:0.0200s ]
SQL: INSERT INTO ht_power(role_id,form_id,function_name,function_type)values(210,288,"view.page",0) [ RunTime:0.0214s ]
SQL: INSERT INTO ht_power(role_id,form_id,function_name,function_type)values(210,294,"view.page",0) [ RunTime:0.0200s ]
SQL: INSERT INTO ht_power(role_id,form_id,function_name,function_type)values(210,296,"view.page",0) [ RunTime:0.0200s ]
SQL: INSERT INTO ht_power(role_id,form_id,function_name,function_type)values(210,297,"view.page",0) [ RunTime:0.0200s ]
SQL: INSERT INTO ht_power(role_id,form_id,function_name,function_type)values(210,298,"view.page",0) [ RunTime:0.0200s ]
SQL: INSERT INTO ht_power(role_id,form_id,function_name,function_type)values(210,301,"view.page",0) [ RunTime:0.0200s ]
SQL: INSERT INTO ht_power(role_id,form_id,function_name,function_type)values(210,304,"view.page",0) [ RunTime:0.0200s ]
SQL: INSERT INTO ht_power(role_id,form_id,function_name,function_type)values(210,306,"view.page",0) [ RunTime:0.0200s ]
SQL: INSERT INTO ht_power(role_id,form_id,function_name,function_type)values(210,312,"view.page",0) [ RunTime:0.0200s ]
SQL: INSERT INTO ht_power(role_id,form_id,function_name,function_type)values(210,315,"view.page",0) [ RunTime:0.0200s ]
SQL: INSERT INTO ht_power(role_id,form_id,function_name,function_type)values(210,317,"view.page",0) [ RunTime:0.0200s ]
SQL: INSERT INTO ht_power(role_id,form_id,function_name,function_type)values(210,319,"view.page",0) [ RunTime:0.0200s ]
SQL: INSERT INTO ht_power(role_id,form_id,function_name,function_type)values(210,321,"view.page",0) [ RunTime:0.0201s ]
SQL: INSERT INTO ht_power(role_id,form_id,function_name,function_type)values(210,322,"view.page",0) [ RunTime:0.0200s ]
SQL: INSERT INTO ht_power(role_id,form_id,function_name,function_type)values(210,323,"view.page",0) [ RunTime:0.0200s ]
SQL: INSERT INTO ht_power(role_id,form_id,function_name,function_type)values(210,324,"view.page",0) [ RunTime:0.0200s ]
SQL: INSERT INTO ht_power(role_id,form_id,function_name,function_type)values(210,495,"view.page",0) [ RunTime:0.0179s ]
SQL: INSERT INTO ht_power(role_id,form_id,function_name,function_type)values(210,496,"view.page",0) [ RunTime:0.0200s ]
SQL: INSERT INTO ht_power(role_id,form_id,function_name,function_type)values(210,497,"view.page",0) [ RunTime:0.0228s ]
SQL: INSERT INTO ht_power(role_id,form_id,function_name,function_type)values(210,498,"view.page",0) [ RunTime:0.0171s ]
SQL: INSERT INTO ht_power(role_id,form_id,function_name,function_type)values(210,499,"view.page",0) [ RunTime:0.0200s ]
SQL: INSERT INTO ht_power(role_id,form_id,function_name,function_type)values(210,500,"view.page",0) [ RunTime:0.0199s ]
SQL: INSERT INTO ht_power(role_id,form_id,function_name,function_type)values(210,501,"view.page",0) [ RunTime:0.0200s ]
SQL: INSERT INTO ht_power(role_id,form_id,function_name,function_type)values(210,502,"view.page",0) [ RunTime:0.0199s ]
SQL: INSERT INTO ht_power(role_id,form_id,function_name,function_type)values(210,503,"view.page",0) [ RunTime:0.0200s ]
SQL: INSERT INTO ht_power(role_id,form_id,function_name,function_type)values(210,504,"view.page",0) [ RunTime:0.0200s ]
SQL: INSERT INTO ht_power(role_id,form_id,function_name,function_type)values(210,505,"view.page",0) [ RunTime:0.0199s ]
SQL: INSERT INTO ht_power(role_id,form_id,function_name,function_type)values(210,506,"view.page",0) [ RunTime:0.0200s ]
SQL: INSERT INTO ht_power(role_id,form_id,function_name,function_type)values(210,507,"view.page",0) [ RunTime:0.0199s ]
SQL: INSERT INTO ht_power(role_id,form_id,function_name,function_type)values(210,508,"view.page",0) [ RunTime:0.0200s ]
SQL: INSERT INTO ht_power(role_id,form_id,function_name,function_type)values(210,509,"view.page",0) [ RunTime:0.0199s ]
SQL: INSERT INTO ht_power(role_id,form_id,function_name,function_type)values(210,510,"view.page",0) [ RunTime:0.0200s ]
SQL: INSERT INTO ht_power(role_id,form_id,function_name,function_type)values(210,511,"view.page",0) [ RunTime:0.0200s ]
SQL: INSERT INTO ht_power(role_id,form_id,function_name,function_type)values(210,512,"view.page",0) [ RunTime:0.0199s ]
SQL: INSERT INTO ht_power(role_id,form_id,function_name,function_type)values(210,513,"view.page",0) [ RunTime:0.0200s ]
SQL: INSERT INTO ht_power(role_id,form_id,function_name,function_type)values(210,514,"view.page",0) [ RunTime:0.0200s ]
SQL: INSERT INTO ht_power(role_id,form_id,function_name,function_type)values(210,515,"view.page",0) [ RunTime:0.0200s ]
SQL: INSERT INTO ht_power(role_id,form_id,function_name,function_type)values(210,516,"view.page",0) [ RunTime:0.0197s ]
SQL: INSERT INTO ht_power(role_id,form_id,function_name,function_type)values(210,732,"view.page",0) [ RunTime:0.0163s ]
SQL: INSERT INTO ht_power(role_id,form_id,function_name,function_type)values(210,733,"view.page",0) [ RunTime:0.0160s ]
SQL: INSERT INTO ht_power(role_id,form_id,function_name,function_type)values(210,734,"view.page",0) [ RunTime:0.0160s ]
SQL: INSERT INTO ht_power(role_id,form_id,function_name,function_type)values(210,736,"view.page",0) [ RunTime:0.0164s ]
SQL: INSERT INTO ht_power(role_id,form_id,function_name,function_type)values(210,752,"view.page",0) [ RunTime:0.0160s ]
SQL: INSERT INTO ht_power(role_id,form_id,function_name,function_type)values(210,758,"view.page",0) [ RunTime:0.0168s ]
SQL: INSERT INTO ht_power(role_id,form_id,function_name,function_type)values(210,759,"view.page",0) [ RunTime:0.0202s ]
SQL: INSERT INTO ht_power(role_id,form_id,function_name,function_type)values(210,760,"view.page",0) [ RunTime:0.0200s ]
SQL: INSERT INTO ht_power(role_id,form_id,function_name,function_type)values(210,761,"view.page",0) [ RunTime:0.0200s ]
SQL: INSERT INTO ht_power(role_id,form_id,function_name,function_type)values(210,762,"view.page",0) [ RunTime:0.0200s ]
SQL: INSERT INTO ht_power(role_id,form_id,function_name,function_type)values(210,768,"view.page",0) [ RunTime:0.0200s ]
SQL: INSERT INTO ht_power(role_id,form_id,function_name,function_type)values(210,326,"view.page",0) [ RunTime:0.0200s ]
SQL: INSERT INTO ht_power(role_id,form_id,function_name,function_type)values(210,128,"view.page",0) [ RunTime:0.0240s ]
SQL: INSERT INTO ht_power(role_id,form_id,function_name,function_type)values(210,328,"view.page",0) [ RunTime:0.0201s ]
SQL: INSERT INTO ht_power(role_id,form_id,function_name,function_type)values(210,600,"view.page",0) [ RunTime:0.0200s ]
SQL: INSERT INTO ht_power(role_id,form_id,function_name,function_type)values(210,610,"view.page",0) [ RunTime:0.0201s ]
SQL: INSERT INTO ht_power(role_id,form_id,function_name,function_type)values(210,643,"view.page",0) [ RunTime:0.0200s ]
SQL: INSERT INTO ht_power(role_id,form_id,function_name,function_type)values(210,730,"view.page",0) [ RunTime:0.0200s ]
SQL: INSERT INTO ht_power(role_id,form_id,function_name,function_type)values(210,611,"view.page",0) [ RunTime:0.0200s ]
SQL: INSERT INTO ht_power(role_id,form_id,function_name,function_type)values(210,866,"view.page",0) [ RunTime:0.0182s ]
SQL: INSERT INTO ht_power(role_id,form_id,function_name,function_type)values(210,867,"view.page",0) [ RunTime:0.0178s ]
SQL: INSERT INTO ht_power(role_id,form_id,function_name,function_type)values(210,612,"view.page",0) [ RunTime:0.0200s ]
SQL: INSERT INTO ht_power(role_id,form_id,function_name,function_type)values(210,757,"view.page",0) [ RunTime:0.0200s ]
SQL: INSERT INTO ht_power(role_id,form_id,function_name,function_type)values(210,799,"view.page",0) [ RunTime:0.0200s ]
SQL: INSERT INTO ht_power(role_id,form_id,function_name,function_type)values(210,800,"view.page",0) [ RunTime:0.0200s ]
SQL: INSERT INTO ht_power(role_id,form_id,function_name,function_type)values(210,803,"view.page",0) [ RunTime:0.0200s ]
SQL: INSERT INTO ht_power(role_id,form_id,function_name,function_type)values(210,805,"view.page",0) [ RunTime:0.0200s ]
SQL: INSERT INTO ht_power(role_id,form_id,function_name,function_type)values(210,807,"view.page",0) [ RunTime:0.0200s ]
SQL: INSERT INTO ht_power(role_id,form_id,function_name,function_type)values(210,809,"view.page",0) [ RunTime:0.0200s ]
SQL: INSERT INTO ht_power(role_id,form_id,function_name,function_type)values(210,810,"view.page",0) [ RunTime:0.0200s ]
SQL: INSERT INTO ht_power(role_id,form_id,function_name,function_type)values(210,811,"view.page",0) [ RunTime:0.0179s ]
SQL: INSERT INTO ht_power(role_id,form_id,function_name,function_type)values(210,812,"view.page",0) [ RunTime:0.0200s ]
SQL: INSERT INTO ht_power(role_id,form_id,function_name,function_type)values(210,813,"view.page",0) [ RunTime:0.0199s ]
SQL: INSERT INTO ht_power(role_id,form_id,function_name,function_type)values(210,814,"view.page",0) [ RunTime:0.0200s ]
SQL: INSERT INTO ht_power(role_id,form_id,function_name,function_type)values(210,815,"view.page",0) [ RunTime:0.0199s ]
SQL: INSERT INTO ht_power(role_id,form_id,function_name,function_type)values(210,816,"view.page",0) [ RunTime:0.0200s ]
SQL: INSERT INTO ht_power(role_id,form_id,function_name,function_type)values(210,817,"view.page",0) [ RunTime:0.0200s ]
SQL: INSERT INTO ht_power(role_id,form_id,function_name,function_type)values(210,818,"view.page",0) [ RunTime:0.0199s ]
SQL: INSERT INTO ht_power(role_id,form_id,function_name,function_type)values(210,819,"view.page",0) [ RunTime:0.0200s ]
SQL: INSERT INTO ht_power(role_id,form_id,function_name,function_type)values(210,820,"view.page",0) [ RunTime:0.0199s ]
SQL: INSERT INTO ht_power(role_id,form_id,function_name,function_type)values(210,821,"view.page",0) [ RunTime:0.0200s ]
SQL: INSERT INTO ht_power(role_id,form_id,function_name,function_type)values(210,822,"view.page",0) [ RunTime:0.0199s ]
SQL: INSERT INTO ht_power(role_id,form_id,function_name,function_type)values(210,823,"view.page",0) [ RunTime:0.0200s ]
SQL: INSERT INTO ht_power(role_id,form_id,function_name,function_type)values(210,824,"view.page",0) [ RunTime:0.0200s ]
SQL: INSERT INTO ht_power(role_id,form_id,function_name,function_type)values(210,825,"view.page",0) [ RunTime:0.0199s ]
SQL: INSERT INTO ht_power(role_id,form_id,function_name,function_type)values(210,826,"view.page",0) [ RunTime:0.0200s ]
SQL: INSERT INTO ht_power(role_id,form_id,function_name,function_type)values(210,827,"view.page",0) [ RunTime:0.0199s ]
SQL: INSERT INTO ht_power(role_id,form_id,function_name,function_type)values(210,828,"view.page",0) [ RunTime:0.0160s ]
SQL: INSERT INTO ht_power(role_id,form_id,function_name,function_type)values(210,829,"view.page",0) [ RunTime:0.0160s ]
SQL: INSERT INTO ht_power(role_id,form_id,function_name,function_type)values(210,830,"view.page",0) [ RunTime:0.0160s ]
SQL: INSERT INTO ht_power(role_id,form_id,function_name,function_type)values(210,831,"view.page",0) [ RunTime:0.0160s ]
SQL: INSERT INTO ht_power(role_id,form_id,function_name,function_type)values(210,832,"view.page",0) [ RunTime:0.0160s ]
SQL: INSERT INTO ht_power(role_id,form_id,function_name,function_type)values(210,833,"view.page",0) [ RunTime:0.0160s ]
SQL: INSERT INTO ht_power(role_id,form_id,function_name,function_type)values(210,834,"view.page",0) [ RunTime:0.0160s ]
SQL: INSERT INTO ht_power(role_id,form_id,function_name,function_type)values(210,835,"view.page",0) [ RunTime:0.0160s ]
SQL: INSERT INTO ht_power(role_id,form_id,function_name,function_type)values(210,836,"view.page",0) [ RunTime:0.0160s ]
SQL: INSERT INTO ht_power(role_id,form_id,function_name,function_type)values(210,837,"view.page",0) [ RunTime:0.0160s ]
SQL: INSERT INTO ht_power(role_id,form_id,function_name,function_type)values(210,838,"view.page",0) [ RunTime:0.0160s ]
SQL: INSERT INTO ht_power(role_id,form_id,function_name,function_type)values(210,839,"view.page",0) [ RunTime:0.0200s ]
SQL: INSERT INTO ht_power(role_id,form_id,function_name,function_type)values(210,840,"view.page",0) [ RunTime:0.0200s ]
SQL: INSERT INTO ht_power(role_id,form_id,function_name,function_type)values(210,841,"view.page",0) [ RunTime:0.0200s ]
SQL: INSERT INTO ht_power(role_id,form_id,function_name,function_type)values(210,842,"view.page",0) [ RunTime:0.0200s ]
SQL: INSERT INTO ht_power(role_id,form_id,function_name,function_type)values(210,843,"view.page",0) [ RunTime:0.0205s ]
SQL: INSERT INTO ht_power(role_id,form_id,function_name,function_type)values(210,844,"view.page",0) [ RunTime:0.0200s ]
SQL: INSERT INTO ht_power(role_id,form_id,function_name,function_type)values(210,845,"view.page",0) [ RunTime:0.0200s ]
SQL: INSERT INTO ht_power(role_id,form_id,function_name,function_type)values(210,846,"view.page",0) [ RunTime:0.0200s ]
SQL: INSERT INTO ht_power(role_id,form_id,function_name,function_type)values(210,847,"view.page",0) [ RunTime:0.0200s ]
SQL: INSERT INTO ht_power(role_id,form_id,function_name,function_type)values(210,848,"view.page",0) [ RunTime:0.0200s ]
SQL: INSERT INTO ht_power(role_id,form_id,function_name,function_type)values(210,849,"view.page",0) [ RunTime:0.0200s ]
SQL: INSERT INTO ht_power(role_id,form_id,function_name,function_type)values(210,850,"view.page",0) [ RunTime:0.0200s ]
SQL: INSERT INTO ht_power(role_id,form_id,function_name,function_type)values(210,851,"view.page",0) [ RunTime:0.0184s ]
SQL: INSERT INTO ht_power(role_id,form_id,function_name,function_type)values(210,852,"view.page",0) [ RunTime:0.0200s ]
SQL: INSERT INTO ht_power(role_id,form_id,function_name,function_type)values(210,853,"view.page",0) [ RunTime:0.0199s ]
SQL: INSERT INTO ht_power(role_id,form_id,function_name,function_type)values(210,854,"view.page",0) [ RunTime:0.0200s ]
SQL: INSERT INTO ht_power(role_id,form_id,function_name,function_type)values(210,855,"view.page",0) [ RunTime:0.0199s ]
SQL: INSERT INTO ht_power(role_id,form_id,function_name,function_type)values(210,856,"view.page",0) [ RunTime:0.0200s ]
SQL: INSERT INTO ht_power(role_id,form_id,function_name,function_type)values(210,613,"view.page",0) [ RunTime:0.0200s ]
SQL: INSERT INTO ht_power(role_id,form_id,function_name,function_type)values(210,614,"view.page",0) [ RunTime:0.0199s ]
SQL: INSERT INTO ht_power(role_id,form_id,function_name,function_type)values(210,615,"view.page",0) [ RunTime:0.0222s ]
SQL: INSERT INTO ht_power(role_id,form_id,function_name,function_type)values(210,616,"view.page",0) [ RunTime:0.0200s ]
SQL: INSERT INTO ht_power(role_id,form_id,function_name,function_type)values(210,617,"view.page",0) [ RunTime:0.0200s ]
SQL: INSERT INTO ht_power(role_id,form_id,function_name,function_type)values(210,636,"view.page",0) [ RunTime:0.0200s ]
SQL: INSERT INTO ht_power(role_id,form_id,function_name,function_type)values(210,637,"view.page",0) [ RunTime:0.0240s ]
SQL: INSERT INTO ht_power(role_id,form_id,function_name,function_type)values(210,644,"view.page",0) [ RunTime:0.0201s ]
SQL: INSERT INTO ht_power(role_id,form_id,function_name,function_type)values(210,717,"view.page",0) [ RunTime:0.0200s ]
SQL: INSERT INTO ht_power(role_id,form_id,function_name,function_type)values(210,769,"view.page",0) [ RunTime:0.0173s ]
SQL: INSERT INTO ht_power(role_id,form_id,function_name,function_type)values(210,777,"view.page",0) [ RunTime:0.0199s ]
SQL: INSERT INTO ht_power(role_id,form_id,function_name,function_type)values(210,858,"view.page",0) [ RunTime:0.0200s ]
SQL: INSERT INTO ht_power(role_id,form_id,function_name,function_type)values(210,859,"view.page",0) [ RunTime:0.0199s ]
SQL: INSERT INTO ht_power(role_id,form_id,function_name,function_type)values(210,618,"view.page",0) [ RunTime:0.0200s ]
SQL: INSERT INTO ht_power(role_id,form_id,function_name,function_type)values(210,802,"view.page",0) [ RunTime:0.0199s ]
SQL: INSERT INTO ht_power(role_id,form_id,function_name,function_type)values(210,804,"view.page",0) [ RunTime:0.0199s ]
SQL: INSERT INTO ht_power(role_id,form_id,function_name,function_type)values(210,806,"view.page",0) [ RunTime:0.0200s ]
SQL: INSERT INTO ht_power(role_id,form_id,function_name,function_type)values(210,808,"view.page",0) [ RunTime:0.0199s ]
SQL: INSERT INTO ht_power(role_id,form_id,function_name,function_type)values(210,870,"view.page",0) [ RunTime:0.0205s ]
SQL: INSERT INTO ht_power(role_id,form_id,function_name,function_type)values(210,871,"view.page",0) [ RunTime:0.0235s ]
SQL: INSERT INTO ht_power(role_id,form_id,function_name,function_type)values(210,1915,"view.page",0) [ RunTime:0.0204s ]
SQL: INSERT INTO ht_power(role_id,form_id,function_name,function_type)values(210,1916,"view.page",0) [ RunTime:0.0200s ]
SQL: INSERT INTO ht_power(role_id,form_id,function_name,function_type)values(210,1917,"view.page",0) [ RunTime:0.0199s ]
SQL: INSERT INTO ht_power(role_id,form_id,function_name,function_type)values(210,1918,"view.page",0) [ RunTime:0.0200s ]
INFO: [ app_end ] --START--
INFO: Run Behavior\ShowPageTraceBehavior [ RunTime:0.000064s ]
INFO: [ app_end ] --END-- [ RunTime:0.000135s ]

