[ 2015-09-01T08:48:25+08:00 ] ::1 /s/tp/wwwroot/index.php?s=/demo/formdesign/form_id/98.html
INFO: [ app_init ] --START--
INFO: Run Behavior\BuildLiteBehavior [ RunTime:0.000000s ]
INFO: [ app_init ] --END-- [ RunTime:0.000000s ]
INFO: [ app_begin ] --START--
INFO: Run Behavior\ReadHtmlCacheBehavior [ RunTime:0.000000s ]
INFO: [ app_begin ] --END-- [ RunTime:0.000000s ]
SQL: SHOW COLUMNS FROM `ht_form` [ RunTime:0.0117s ]
SQL: SELECT * FROM `ht_form` WHERE `id` = 98 AND `is_del` = 0 LIMIT 1   [ RunTime:0.0020s ]
INFO: [ app_end ] --START--
INFO: Run Behavior\ShowPageTraceBehavior [ RunTime:0.000977s ]
INFO: [ app_end ] --END-- [ RunTime:0.000977s ]

[ 2015-09-01T08:48:30+08:00 ] ::1 /s/tp/wwwroot/index.php?s=/demo/formdesign/form_id/96.html
INFO: [ app_init ] --START--
INFO: Run Behavior\BuildLiteBehavior [ RunTime:0.000000s ]
INFO: [ app_init ] --END-- [ RunTime:0.000000s ]
INFO: [ app_begin ] --START--
INFO: Run Behavior\ReadHtmlCacheBehavior [ RunTime:0.000977s ]
INFO: [ app_begin ] --END-- [ RunTime:0.000977s ]
SQL: SHOW COLUMNS FROM `ht_form` [ RunTime:0.0059s ]
SQL: SELECT * FROM `ht_form` WHERE `id` = 96 AND `is_del` = 0 LIMIT 1   [ RunTime:0.0020s ]
INFO: [ app_end ] --START--
INFO: Run Behavior\ShowPageTraceBehavior [ RunTime:0.000977s ]
INFO: [ app_end ] --END-- [ RunTime:0.000977s ]

[ 2015-09-01T10:39:05+08:00 ] 119.134.112.150 /s/tp/wwwroot/index.php?s=/demo/formdesign/form_id/412.html
INFO: [ app_init ] --START--
INFO: Run Behavior\BuildLiteBehavior [ RunTime:0.000011s ]
INFO: [ app_init ] --END-- [ RunTime:0.000243s ]
INFO: [ app_begin ] --START--
INFO: Run Behavior\ReadHtmlCacheBehavior [ RunTime:0.000313s ]
INFO: [ app_begin ] --END-- [ RunTime:0.000345s ]
SQL: SHOW COLUMNS FROM `ht_form` [ RunTime:0.0010s ]
SQL: SELECT * FROM `ht_form` WHERE `id` = 412 AND `is_del` = 0 LIMIT 1   [ RunTime:0.0003s ]
INFO: [ app_end ] --START--
INFO: Run Behavior\ShowPageTraceBehavior [ RunTime:0.000328s ]
INFO: [ app_end ] --END-- [ RunTime:0.000363s ]

[ 2015-09-01T17:44:44+08:00 ] 119.134.112.150 /s/tp/wwwroot/index.php?s=/Home/Demo/add.html
INFO: [ app_init ] --START--
INFO: Run Behavior\BuildLiteBehavior [ RunTime:0.000010s ]
INFO: [ app_init ] --END-- [ RunTime:0.000230s ]
INFO: [ app_begin ] --START--
INFO: Run Behavior\ReadHtmlCacheBehavior [ RunTime:0.000300s ]
INFO: [ app_begin ] --END-- [ RunTime:0.000334s ]
SQL: SHOW COLUMNS FROM `ht_form` [ RunTime:0.0010s ]
SQL: INSERT INTO `ht_form` (`form_name`,`form_desc`,`updatetime`,`type`,`dateline`,`pid`,`creater_uid`) VALUES ('版本更新记录','','1441100684','0','1441100684','1','18') [ RunTime:0.0358s ]
NOTIC: [2] unlink(../Application/Runtime/Temp/21d9a5adf0e55158019e1c301ccb9502.php): No such file or directory /var/www/dzxt/s/tp/ThinkPHP/Library/Think/Cache/Driver/File.class.php 第 157 行.
INFO: [ app_end ] --START--
INFO: Run Behavior\ShowPageTraceBehavior [ RunTime:0.000311s ]
INFO: [ app_end ] --END-- [ RunTime:0.000346s ]

[ 2015-09-01T17:44:47+08:00 ] 119.134.112.150 /s/tp/wwwroot/index.php?s=/demo/formdesign/form_id/564.html
INFO: [ app_init ] --START--
INFO: Run Behavior\BuildLiteBehavior [ RunTime:0.000011s ]
INFO: [ app_init ] --END-- [ RunTime:0.000232s ]
INFO: [ app_begin ] --START--
INFO: Run Behavior\ReadHtmlCacheBehavior [ RunTime:0.000307s ]
INFO: [ app_begin ] --END-- [ RunTime:0.000340s ]
SQL: SHOW COLUMNS FROM `ht_form` [ RunTime:0.0010s ]
SQL: SELECT * FROM `ht_form` WHERE `id` = 564 AND `is_del` = 0 LIMIT 1   [ RunTime:0.0003s ]
INFO: [ app_end ] --START--
INFO: Run Behavior\ShowPageTraceBehavior [ RunTime:0.000312s ]
INFO: [ app_end ] --END-- [ RunTime:0.000346s ]

[ 2015-09-01T17:47:13+08:00 ] 119.134.112.150 /s/tp/wwwroot/index.php?s=/demo/formdesign/
INFO: [ app_init ] --START--
INFO: Run Behavior\BuildLiteBehavior [ RunTime:0.000011s ]
INFO: [ app_init ] --END-- [ RunTime:0.000241s ]
INFO: [ app_begin ] --START--
INFO: Run Behavior\ReadHtmlCacheBehavior [ RunTime:0.000296s ]
INFO: [ app_begin ] --END-- [ RunTime:0.000330s ]
SQL: SHOW COLUMNS FROM `ht_form` [ RunTime:0.0010s ]
SQL: SELECT * FROM `ht_form` WHERE `id` = 564 AND `is_del` = 0 LIMIT 1   [ RunTime:0.0001s ]
SQL: show tables like 'ht_form_data_564' [ RunTime:0.0004s ]
SQL: CREATE TABLE `ht_form_data_564` (
              `id` int(10) unsigned NOT NULL AUTO_INCREMENT,
              `uid` int(10) unsigned NOT NULL DEFAULT '0',
              `foreign_id` int(10) unsigned NOT NULL DEFAULT '0',
              
              `is_del` tinyint(1) unsigned NOT NULL DEFAULT '0',
              `updatetime` int(10) unsigned NOT NULL DEFAULT '0',
              `dateline` int(10) unsigned NOT NULL DEFAULT '0',
              PRIMARY KEY (`id`),
              KEY `uid` (`uid`),
              KEY `foreign_id` (`foreign_id`)
            ) ENGINE=InnoDB DEFAULT CHARSET=utf8; [ RunTime:0.0365s ]
SQL: UPDATE `ht_form` SET `is_data_form`='0',`fields`='0',`content`='<h1 label=\"标题居中\" style=\"font-size: 32px; font-weight: bold; border-bottom-color: rgb(204, 204, 204); border-bottom-width: 2px; border-bottom-style: solid; padding: 0px 4px 0px 0px; text-align: center; margin: 0px 0px 20px;\">版本更新记录</h1><p>2015/9/1<br/></p><p>表单、文件夹能更改上级节点</p><p>更改警告、成功提示等信息的弹出框风格，能自动隐藏成功提示信息</p><p>个人配置中加入头像功能</p>',`content_parse`='<h1 label=\"标题居中\" style=\"font-size: 32px; font-weight: bold; border-bottom-color: rgb(204, 204, 204); border-bottom-width: 2px; border-bottom-style: solid; padding: 0px 4px 0px 0px; text-align: center; margin: 0px 0px 20px;\">版本更新记录</h1><p>2015/9/1<br/></p><p>表单、文件夹能更改上级节点</p><p>更改警告、成功提示等信息的弹出框风格，能自动隐藏成功提示信息</p><p>个人配置中加入头像功能</p>',`content_data`='a:0:{}',`updatetime`='1441100833' WHERE `id` = 564 [ RunTime:0.0161s ]
NOTIC: [2] unlink(../Application/Runtime/Temp/21d9a5adf0e55158019e1c301ccb9502.php): No such file or directory /var/www/dzxt/s/tp/ThinkPHP/Library/Think/Cache/Driver/File.class.php 第 157 行.
INFO: [ app_end ] --START--
INFO: Run Behavior\ShowPageTraceBehavior [ RunTime:0.000300s ]
INFO: [ app_end ] --END-- [ RunTime:0.000336s ]

[ 2015-09-01T17:47:14+08:00 ] 119.134.112.150 /s/tp/wwwroot/index.php?s=/demo/formdesign/form_id/564.html
INFO: [ app_init ] --START--
INFO: Run Behavior\BuildLiteBehavior [ RunTime:0.000011s ]
INFO: [ app_init ] --END-- [ RunTime:0.000227s ]
INFO: [ app_begin ] --START--
INFO: Run Behavior\ReadHtmlCacheBehavior [ RunTime:0.000302s ]
INFO: [ app_begin ] --END-- [ RunTime:0.000334s ]
SQL: SHOW COLUMNS FROM `ht_form` [ RunTime:0.0010s ]
SQL: SELECT * FROM `ht_form` WHERE `id` = 564 AND `is_del` = 0 LIMIT 1   [ RunTime:0.0003s ]
INFO: [ app_end ] --START--
INFO: Run Behavior\ShowPageTraceBehavior [ RunTime:0.000314s ]
INFO: [ app_end ] --END-- [ RunTime:0.000349s ]

[ 2015-09-01T17:47:58+08:00 ] 119.134.112.150 /s/tp/wwwroot/index.php?s=/demo/formdesign/form_id/412.html
INFO: [ app_init ] --START--
INFO: Run Behavior\BuildLiteBehavior [ RunTime:0.000010s ]
INFO: [ app_init ] --END-- [ RunTime:0.000247s ]
INFO: [ app_begin ] --START--
INFO: Run Behavior\ReadHtmlCacheBehavior [ RunTime:0.000299s ]
INFO: [ app_begin ] --END-- [ RunTime:0.000332s ]
SQL: SHOW COLUMNS FROM `ht_form` [ RunTime:0.0010s ]
SQL: SELECT * FROM `ht_form` WHERE `id` = 412 AND `is_del` = 0 LIMIT 1   [ RunTime:0.0003s ]
INFO: [ app_end ] --START--
INFO: Run Behavior\ShowPageTraceBehavior [ RunTime:0.000317s ]
INFO: [ app_end ] --END-- [ RunTime:0.000352s ]

[ 2015-09-01T17:52:36+08:00 ] 119.134.112.150 /s/tp/wwwroot/index.php?s=/demo/formdesign/form_id/564.html
INFO: [ app_init ] --START--
INFO: Run Behavior\BuildLiteBehavior [ RunTime:0.000010s ]
INFO: [ app_init ] --END-- [ RunTime:0.000236s ]
INFO: [ app_begin ] --START--
INFO: Run Behavior\ReadHtmlCacheBehavior [ RunTime:0.000302s ]
INFO: [ app_begin ] --END-- [ RunTime:0.000334s ]
SQL: SHOW COLUMNS FROM `ht_form` [ RunTime:0.0010s ]
SQL: SELECT * FROM `ht_form` WHERE `id` = 564 AND `is_del` = 0 LIMIT 1   [ RunTime:0.0001s ]
INFO: [ app_end ] --START--
INFO: Run Behavior\ShowPageTraceBehavior [ RunTime:0.000317s ]
INFO: [ app_end ] --END-- [ RunTime:0.000351s ]

[ 2015-09-01T17:52:41+08:00 ] 119.134.112.150 /s/tp/wwwroot/index.php?s=/demo/formdesign/form_id/564.html
INFO: [ app_init ] --START--
INFO: Run Behavior\BuildLiteBehavior [ RunTime:0.000011s ]
INFO: [ app_init ] --END-- [ RunTime:0.000238s ]
INFO: [ app_begin ] --START--
INFO: Run Behavior\ReadHtmlCacheBehavior [ RunTime:0.000306s ]
INFO: [ app_begin ] --END-- [ RunTime:0.000339s ]
SQL: SHOW COLUMNS FROM `ht_form` [ RunTime:0.0010s ]
SQL: SELECT * FROM `ht_form` WHERE `id` = 564 AND `is_del` = 0 LIMIT 1   [ RunTime:0.0001s ]
INFO: [ app_end ] --START--
INFO: Run Behavior\ShowPageTraceBehavior [ RunTime:0.000320s ]
INFO: [ app_end ] --END-- [ RunTime:0.000355s ]

[ 2015-09-01T17:52:57+08:00 ] 119.134.112.150 /s/tp/wwwroot/index.php?s=/demo/formdesign/form_id/377.html
INFO: [ app_init ] --START--
INFO: Run Behavior\BuildLiteBehavior [ RunTime:0.000011s ]
INFO: [ app_init ] --END-- [ RunTime:0.000231s ]
INFO: [ app_begin ] --START--
INFO: Run Behavior\ReadHtmlCacheBehavior [ RunTime:0.000300s ]
INFO: [ app_begin ] --END-- [ RunTime:0.000333s ]
SQL: SHOW COLUMNS FROM `ht_form` [ RunTime:0.0009s ]
SQL: SELECT * FROM `ht_form` WHERE `id` = 377 AND `is_del` = 0 LIMIT 1   [ RunTime:0.0002s ]
INFO: [ app_end ] --START--
INFO: Run Behavior\ShowPageTraceBehavior [ RunTime:0.000392s ]
INFO: [ app_end ] --END-- [ RunTime:0.000433s ]

[ 2015-09-01T17:53:01+08:00 ] 119.134.112.150 /s/tp/wwwroot/index.php?s=/demo/formdesign/form_id/564.html
INFO: [ app_init ] --START--
INFO: Run Behavior\BuildLiteBehavior [ RunTime:0.000016s ]
INFO: [ app_init ] --END-- [ RunTime:0.000253s ]
INFO: [ app_begin ] --START--
INFO: Run Behavior\ReadHtmlCacheBehavior [ RunTime:0.000308s ]
INFO: [ app_begin ] --END-- [ RunTime:0.000340s ]
SQL: SHOW COLUMNS FROM `ht_form` [ RunTime:0.0009s ]
SQL: SELECT * FROM `ht_form` WHERE `id` = 564 AND `is_del` = 0 LIMIT 1   [ RunTime:0.0001s ]
INFO: [ app_end ] --START--
INFO: Run Behavior\ShowPageTraceBehavior [ RunTime:0.000398s ]
INFO: [ app_end ] --END-- [ RunTime:0.000436s ]

[ 2015-09-01T18:00:32+08:00 ] 119.134.112.150 /s/tp/wwwroot/index.php?s=/demo/formdesign/form_id/128.html
INFO: [ app_init ] --START--
INFO: Run Behavior\BuildLiteBehavior [ RunTime:0.000011s ]
INFO: [ app_init ] --END-- [ RunTime:0.000232s ]
INFO: [ app_begin ] --START--
INFO: Run Behavior\ReadHtmlCacheBehavior [ RunTime:0.000301s ]
INFO: [ app_begin ] --END-- [ RunTime:0.000351s ]
SQL: SHOW COLUMNS FROM `ht_form` [ RunTime:0.0010s ]
SQL: SELECT * FROM `ht_form` WHERE `id` = 128 AND `is_del` = 0 LIMIT 1   [ RunTime:0.0003s ]
INFO: [ app_end ] --START--
INFO: Run Behavior\ShowPageTraceBehavior [ RunTime:0.000318s ]
INFO: [ app_end ] --END-- [ RunTime:0.000354s ]

[ 2015-09-01T18:00:37+08:00 ] 119.134.112.150 /s/tp/wwwroot/index.php?s=/demo/formdesign/form_id/327.html
INFO: [ app_init ] --START--
INFO: Run Behavior\BuildLiteBehavior [ RunTime:0.000011s ]
INFO: [ app_init ] --END-- [ RunTime:0.000230s ]
INFO: [ app_begin ] --START--
INFO: Run Behavior\ReadHtmlCacheBehavior [ RunTime:0.000298s ]
INFO: [ app_begin ] --END-- [ RunTime:0.000331s ]
SQL: SHOW COLUMNS FROM `ht_form` [ RunTime:0.0010s ]
SQL: SELECT * FROM `ht_form` WHERE `id` = 327 AND `is_del` = 0 LIMIT 1   [ RunTime:0.0003s ]
INFO: [ app_end ] --START--
INFO: Run Behavior\ShowPageTraceBehavior [ RunTime:0.000318s ]
INFO: [ app_end ] --END-- [ RunTime:0.000353s ]

[ 2015-09-01T18:00:40+08:00 ] 119.134.112.150 /s/tp/wwwroot/index.php?s=/demo/formdesign/form_id/564.html
INFO: [ app_init ] --START--
INFO: Run Behavior\BuildLiteBehavior [ RunTime:0.000010s ]
INFO: [ app_init ] --END-- [ RunTime:0.000223s ]
INFO: [ app_begin ] --START--
INFO: Run Behavior\ReadHtmlCacheBehavior [ RunTime:0.000301s ]
INFO: [ app_begin ] --END-- [ RunTime:0.000352s ]
SQL: SHOW COLUMNS FROM `ht_form` [ RunTime:0.0010s ]
SQL: SELECT * FROM `ht_form` WHERE `id` = 564 AND `is_del` = 0 LIMIT 1   [ RunTime:0.0001s ]
INFO: [ app_end ] --START--
INFO: Run Behavior\ShowPageTraceBehavior [ RunTime:0.000312s ]
INFO: [ app_end ] --END-- [ RunTime:0.000347s ]

[ 2015-09-01T18:01:03+08:00 ] 119.134.112.150 /s/tp/wwwroot/index.php?s=/demo/formdesign/form_id/201.html
INFO: [ app_init ] --START--
INFO: Run Behavior\BuildLiteBehavior [ RunTime:0.000010s ]
INFO: [ app_init ] --END-- [ RunTime:0.000236s ]
INFO: [ app_begin ] --START--
INFO: Run Behavior\ReadHtmlCacheBehavior [ RunTime:0.000307s ]
INFO: [ app_begin ] --END-- [ RunTime:0.000340s ]
SQL: SHOW COLUMNS FROM `ht_form` [ RunTime:0.0010s ]
SQL: SELECT * FROM `ht_form` WHERE `id` = 201 AND `is_del` = 0 LIMIT 1   [ RunTime:0.0003s ]
INFO: [ app_end ] --START--
INFO: Run Behavior\ShowPageTraceBehavior [ RunTime:0.000326s ]
INFO: [ app_end ] --END-- [ RunTime:0.000361s ]

[ 2015-09-01T18:04:01+08:00 ] 119.134.112.150 /s/tp/wwwroot/index.php?s=/demo/formdesign/form_id/564.html
INFO: [ app_init ] --START--
INFO: Run Behavior\BuildLiteBehavior [ RunTime:0.000011s ]
INFO: [ app_init ] --END-- [ RunTime:0.000234s ]
INFO: [ app_begin ] --START--
INFO: Run Behavior\ReadHtmlCacheBehavior [ RunTime:0.000303s ]
INFO: [ app_begin ] --END-- [ RunTime:0.000336s ]
SQL: SHOW COLUMNS FROM `ht_form` [ RunTime:0.0011s ]
SQL: SELECT * FROM `ht_form` WHERE `id` = 564 AND `is_del` = 0 LIMIT 1   [ RunTime:0.0001s ]
INFO: [ app_end ] --START--
INFO: Run Behavior\ShowPageTraceBehavior [ RunTime:0.000315s ]
INFO: [ app_end ] --END-- [ RunTime:0.000349s ]

[ 2015-09-01T22:05:50+08:00 ] 120.82.18.6 /s/tp/wwwroot/index.php?s=/demo/formdesign/form_id/564.html
INFO: [ app_init ] --START--
INFO: Run Behavior\BuildLiteBehavior [ RunTime:0.000011s ]
INFO: [ app_init ] --END-- [ RunTime:0.000239s ]
INFO: [ app_begin ] --START--
INFO: Run Behavior\ReadHtmlCacheBehavior [ RunTime:0.000303s ]
INFO: [ app_begin ] --END-- [ RunTime:0.000336s ]
SQL: SHOW COLUMNS FROM `ht_form` [ RunTime:0.0010s ]
SQL: SELECT * FROM `ht_form` WHERE `id` = 564 AND `is_del` = 0 LIMIT 1   [ RunTime:0.0001s ]
INFO: [ app_end ] --START--
INFO: Run Behavior\ShowPageTraceBehavior [ RunTime:0.000317s ]
INFO: [ app_end ] --END-- [ RunTime:0.000351s ]

[ 2015-09-01T22:09:24+08:00 ] 120.82.18.6 /s/tp/wwwroot/index.php?s=/demo/formdesign/form_id/375.html
INFO: [ app_init ] --START--
INFO: Run Behavior\BuildLiteBehavior [ RunTime:0.000011s ]
INFO: [ app_init ] --END-- [ RunTime:0.000232s ]
INFO: [ app_begin ] --START--
INFO: Run Behavior\ReadHtmlCacheBehavior [ RunTime:0.000298s ]
INFO: [ app_begin ] --END-- [ RunTime:0.000330s ]
SQL: SHOW COLUMNS FROM `ht_form` [ RunTime:0.0010s ]
SQL: SELECT * FROM `ht_form` WHERE `id` = 375 AND `is_del` = 0 LIMIT 1   [ RunTime:0.0003s ]
INFO: [ app_end ] --START--
INFO: Run Behavior\ShowPageTraceBehavior [ RunTime:0.000320s ]
INFO: [ app_end ] --END-- [ RunTime:0.000356s ]

[ 2015-09-01T22:13:33+08:00 ] 120.82.18.6 /s/tp/wwwroot/index.php?s=/demo/formdesign/
INFO: [ app_init ] --START--
INFO: Run Behavior\BuildLiteBehavior [ RunTime:0.000011s ]
INFO: [ app_init ] --END-- [ RunTime:0.000228s ]
INFO: [ app_begin ] --START--
INFO: Run Behavior\ReadHtmlCacheBehavior [ RunTime:0.000298s ]
INFO: [ app_begin ] --END-- [ RunTime:0.000331s ]
SQL: SHOW COLUMNS FROM `ht_form` [ RunTime:0.0010s ]
SQL: SELECT * FROM `ht_form` WHERE `id` = 375 AND `is_del` = 0 LIMIT 1   [ RunTime:0.0001s ]
NOTIC: [8] Undefined index: value /var/www/dzxt/s/tp/Application/Home/Org/Formdesign.class.php 第 78 行.
SQL: show tables like 'ht_form_data_375' [ RunTime:0.0005s ]
SQL: SHOW COLUMNS FROM `ht_form_data_375` [ RunTime:0.0005s ]
SQL: ALTER TABLE `ht_form_data_375` ADD COLUMN `data_1` varchar(255) NOT NULL DEFAULT '' comment '发',ADD COLUMN `data_2` text NOT NULL comment '发发',ADD COLUMN `data_3` varchar(255) NOT NULL DEFAULT '' comment '发生',ADD COLUMN `data_4` varchar(255) NOT NULL DEFAULT '' comment '去',ADD COLUMN `data_5` varchar(255) NOT NULL DEFAULT '' comment '且无疼痛',ADD COLUMN `data_6` varchar(255) NOT NULL DEFAULT '' comment '认为',ADD COLUMN `data_7` varchar(255) NOT NULL DEFAULT '' comment '认为'; [ RunTime:0.1026s ]
SQL: UPDATE `ht_form` SET `is_data_form`='1',`fields`='7',`content`='<table><tbody><tr class=\"firstRow\"><td valign=\"top\" width=\"92\"></td><td valign=\"top\" width=\"92\"></td><td valign=\"top\" width=\"92\"></td><td valign=\"top\" width=\"92\"></td><td valign=\"top\" width=\"92\"></td><td valign=\"top\" width=\"92\"></td><td valign=\"top\" width=\"92\"></td><td valign=\"top\" width=\"92\"></td></tr><tr><td valign=\"top\" width=\"92\"></td><td valign=\"top\" width=\"92\"></td><td valign=\"top\" width=\"92\"></td><td valign=\"top\" width=\"92\"></td><td valign=\"top\" width=\"92\"></td><td valign=\"top\" width=\"92\"></td><td valign=\"top\" width=\"92\"></td><td valign=\"top\" width=\"92\"></td></tr><tr><td valign=\"top\" width=\"92\"></td><td valign=\"top\" width=\"92\"></td><td valign=\"top\" width=\"92\"></td><td valign=\"top\" width=\"92\"></td><td valign=\"top\" width=\"92\"></td><td valign=\"top\" width=\"92\"></td><td valign=\"top\" width=\"92\"></td><td valign=\"top\" width=\"92\"></td></tr><tr><td valign=\"top\" width=\"92\"></td><td valign=\"top\" width=\"92\"></td><td valign=\"top\" width=\"92\"></td><td valign=\"top\" width=\"92\"></td><td valign=\"top\" width=\"92\"></td><td valign=\"top\" width=\"92\"></td><td valign=\"top\" width=\"92\"></td><td valign=\"top\" width=\"92\"></td></tr><tr><td valign=\"top\" width=\"92\"></td><td valign=\"top\" width=\"92\"></td><td valign=\"top\" width=\"92\"></td><td valign=\"top\" width=\"92\"></td><td valign=\"top\" width=\"92\"></td><td valign=\"top\" width=\"92\"></td><td valign=\"top\" width=\"92\"></td><td valign=\"top\" width=\"92\"></td></tr><tr><td valign=\"top\" width=\"92\"></td><td valign=\"top\" width=\"92\"></td><td valign=\"top\" width=\"92\"></td><td valign=\"top\" width=\"92\"></td><td valign=\"top\" width=\"92\"></td><td valign=\"top\" width=\"92\"></td><td valign=\"top\" width=\"92\"></td><td valign=\"top\" width=\"92\"></td></tr><tr><td valign=\"top\" width=\"92\"></td><td valign=\"top\" width=\"92\"></td><td valign=\"top\" width=\"92\"></td><td valign=\"top\" width=\"92\"></td><td valign=\"top\" width=\"92\"></td><td valign=\"top\" width=\"92\"></td><td valign=\"top\" width=\"92\"></td><td valign=\"top\" width=\"92\"></td></tr></tbody></table><p>预计于8-21号新版上线，届时系统的权限功能会投入使用，权限会要求不同的账号查看到不同的表单与内容，所以<input style=\"TEXT-ALIGN: left; WIDTH: 150px\" title=\"发\" name=\"data_1\" value=\"个\" orgtype=\"text\" orgwidth=\"150\" orghide=\"0\" leipiplugins=\"text\" orgalign=\"left\"/><textarea style=\"WIDTH: 300px; HEIGHT: 80px\" title=\"发发\" name=\"data_2\" value=\"\" orgwidth=\"300\" orgfontsize=\"\" leipiplugins=\"textarea\" orgheight=\"80\" orgrich=\"0\"></textarea>{|-<span leipiplugins=\"select\"><select style=\"WIDTH: 150px\" title=\"发生\" size=\"1\" name=\"data_3\" orgwidth=\"150\" leipiplugins=\"select\"><option selected=\"\" value=\" \"></option><option value=\"发生\">发生</option><option value=\"发放\">发放</option><option value=\" \"></option></select>&nbsp;&nbsp;</span>-|}{|-<span leipiplugins=\"radios\" name=\"data_4\" title=\"去\"><input type=\"radio\" name=\"data_4\" value=\"个人\"  />个人&nbsp;</span>-|}<input style=\"WIDTH: 150px\" title=\"且无疼痛\" name=\"data_5\" value=\"{macros}\" orgtype=\"sys_datetime\" orgwidth=\"150\" orghide=\"0\" orgformid=\"\" orgformname=\"\" orgfieldname=\"\" orgyear=\"\" orgmonth=\"\" orgfield=\"\" orgfun=\"\" leipiplugins=\"macros\"/><input style=\"WIDTH: 150px\" title=\"认为\" name=\"data_6\" value=\"{macros}\" orgtype=\"sys_datetime\" orgwidth=\"150\" orghide=\"0\" orgformid=\"\" orgformname=\"\" orgfieldname=\"\" orgyear=\"\" orgmonth=\"\" orgfield=\"\" orgfun=\"\" leipiplugins=\"macros\"/><input style=\"TEXT-ALIGN: left; WIDTH: 150px\" title=\"认为\" name=\"data_7\" orgtype=\"text\" orgwidth=\"150\" orghide=\"0\" leipiplugins=\"text\" orgalign=\"left\"/></p><p>请各部门规划好表单的权限。</p><p><br/></p>',`content_parse`='<table><tbody><tr class=\"firstRow\"><td valign=\"top\" width=\"92\"></td><td valign=\"top\" width=\"92\"></td><td valign=\"top\" width=\"92\"></td><td valign=\"top\" width=\"92\"></td><td valign=\"top\" width=\"92\"></td><td valign=\"top\" width=\"92\"></td><td valign=\"top\" width=\"92\"></td><td valign=\"top\" width=\"92\"></td></tr><tr><td valign=\"top\" width=\"92\"></td><td valign=\"top\" width=\"92\"></td><td valign=\"top\" width=\"92\"></td><td valign=\"top\" width=\"92\"></td><td valign=\"top\" width=\"92\"></td><td valign=\"top\" width=\"92\"></td><td valign=\"top\" width=\"92\"></td><td valign=\"top\" width=\"92\"></td></tr><tr><td valign=\"top\" width=\"92\"></td><td valign=\"top\" width=\"92\"></td><td valign=\"top\" width=\"92\"></td><td valign=\"top\" width=\"92\"></td><td valign=\"top\" width=\"92\"></td><td valign=\"top\" width=\"92\"></td><td valign=\"top\" width=\"92\"></td><td valign=\"top\" width=\"92\"></td></tr><tr><td valign=\"top\" width=\"92\"></td><td valign=\"top\" width=\"92\"></td><td valign=\"top\" width=\"92\"></td><td valign=\"top\" width=\"92\"></td><td valign=\"top\" width=\"92\"></td><td valign=\"top\" width=\"92\"></td><td valign=\"top\" width=\"92\"></td><td valign=\"top\" width=\"92\"></td></tr><tr><td valign=\"top\" width=\"92\"></td><td valign=\"top\" width=\"92\"></td><td valign=\"top\" width=\"92\"></td><td valign=\"top\" width=\"92\"></td><td valign=\"top\" width=\"92\"></td><td valign=\"top\" width=\"92\"></td><td valign=\"top\" width=\"92\"></td><td valign=\"top\" width=\"92\"></td></tr><tr><td valign=\"top\" width=\"92\"></td><td valign=\"top\" width=\"92\"></td><td valign=\"top\" width=\"92\"></td><td valign=\"top\" width=\"92\"></td><td valign=\"top\" width=\"92\"></td><td valign=\"top\" width=\"92\"></td><td valign=\"top\" width=\"92\"></td><td valign=\"top\" width=\"92\"></td></tr><tr><td valign=\"top\" width=\"92\"></td><td valign=\"top\" width=\"92\"></td><td valign=\"top\" width=\"92\"></td><td valign=\"top\" width=\"92\"></td><td valign=\"top\" width=\"92\"></td><td valign=\"top\" width=\"92\"></td><td valign=\"top\" width=\"92\"></td><td valign=\"top\" width=\"92\"></td></tr></tbody></table><p>预计于8-21号新版上线，届时系统的权限功能会投入使用，权限会要求不同的账号查看到不同的表单与内容，所以{data_1}{data_2}{data_3}{data_4}{data_5}{data_6}{data_7}</p><p>请各部门规划好表单的权限。</p><p><br/></p>',`content_data`='a:7:{i:0;a:10:{s:5:\"style\";s:30:\"TEXT-ALIGN: left; WIDTH: 150px\";s:5:\"title\";s:3:\"发\";s:4:\"name\";s:6:\"data_1\";s:5:\"value\";s:3:\"个\";s:7:\"orgtype\";s:4:\"text\";s:8:\"orgwidth\";s:3:\"150\";s:7:\"orghide\";s:1:\"0\";s:12:\"leipiplugins\";s:4:\"text\";s:8:\"orgalign\";s:4:\"left\";s:7:\"content\";s:163:\"<input style=\"TEXT-ALIGN: left; WIDTH: 150px\" title=\"发\" name=\"data_1\" value=\"个\" orgtype=\"text\" orgwidth=\"150\" orghide=\"0\" leipiplugins=\"text\" orgalign=\"left\"/>\";}i:1;a:10:{s:5:\"style\";s:26:\"WIDTH: 300px; HEIGHT: 80px\";s:5:\"title\";s:6:\"发发\";s:4:\"name\";s:6:\"data_2\";s:5:\"value\";s:0:\"\";s:8:\"orgwidth\";s:3:\"300\";s:11:\"orgfontsize\";s:0:\"\";s:12:\"leipiplugins\";s:8:\"textarea\";s:9:\"orgheight\";s:2:\"80\";s:7:\"orgrich\";s:1:\"0\";s:7:\"content\";s:175:\"<textarea style=\"WIDTH: 300px; HEIGHT: 80px\" title=\"发发\" name=\"data_2\" value=\"\" orgwidth=\"300\" orgfontsize=\"\" leipiplugins=\"textarea\" orgheight=\"80\" orgrich=\"0\"></textarea>\";}i:2;a:9:{s:12:\"leipiplugins\";s:6:\"select\";s:5:\"style\";s:12:\"WIDTH: 150px\";s:5:\"title\";s:6:\"发生\";s:4:\"size\";s:1:\"1\";s:4:\"name\";s:6:\"data_3\";s:8:\"orgwidth\";s:3:\"150\";s:8:\"selected\";s:0:\"\";s:5:\"value\";s:17:\" ,发生,发放, \";s:7:\"content\";s:302:\"<span leipiplugins=\"select\"><select style=\"WIDTH: 150px\" title=\"发生\" size=\"1\" name=\"data_3\" orgwidth=\"150\" leipiplugins=\"select\"><option selected=\"\" value=\" \"></option><option value=\"发生\">发生</option><option value=\"发放\">发放</option><option value=\" \"></option></select>&nbsp;&nbsp;</span>\";}i:3;a:6:{s:5:\"title\";s:3:\"去\";s:4:\"name\";s:6:\"data_4\";s:12:\"leipiplugins\";s:6:\"radios\";s:5:\"value\";s:6:\"个人\";s:7:\"content\";s:125:\"<span leipiplugins=\"radios\" name=\"data_4\" title=\"去\"><input type=\"radio\" name=\"data_4\" value=\"个人\"  />个人&nbsp;</span>\";s:7:\"options\";a:1:{i:0;a:3:{s:4:\"name\";s:6:\"data_4\";s:5:\"value\";s:6:\"个人\";s:4:\"type\";s:5:\"radio\";}}}i:4;a:16:{s:5:\"style\";s:12:\"WIDTH: 150px\";s:5:\"title\";s:12:\"且无疼痛\";s:4:\"name\";s:6:\"data_5\";s:5:\"value\";s:8:\"{macros}\";s:7:\"orgtype\";s:12:\"sys_datetime\";s:8:\"orgwidth\";s:3:\"150\";s:7:\"orghide\";s:1:\"0\";s:9:\"orgformid\";s:0:\"\";s:11:\"orgformname\";s:0:\"\";s:12:\"orgfieldname\";s:0:\"\";s:7:\"orgyear\";s:0:\"\";s:8:\"orgmonth\";s:0:\"\";s:8:\"orgfield\";s:0:\"\";s:6:\"orgfun\";s:0:\"\";s:12:\"leipiplugins\";s:6:\"macros\";s:7:\"content\";s:242:\"<input style=\"WIDTH: 150px\" title=\"且无疼痛\" name=\"data_5\" value=\"{macros}\" orgtype=\"sys_datetime\" orgwidth=\"150\" orghide=\"0\" orgformid=\"\" orgformname=\"\" orgfieldname=\"\" orgyear=\"\" orgmonth=\"\" orgfield=\"\" orgfun=\"\" leipiplugins=\"macros\"/>\";}i:5;a:16:{s:5:\"style\";s:12:\"WIDTH: 150px\";s:5:\"title\";s:6:\"认为\";s:4:\"name\";s:6:\"data_6\";s:5:\"value\";s:8:\"{macros}\";s:7:\"orgtype\";s:12:\"sys_datetime\";s:8:\"orgwidth\";s:3:\"150\";s:7:\"orghide\";s:1:\"0\";s:9:\"orgformid\";s:0:\"\";s:11:\"orgformname\";s:0:\"\";s:12:\"orgfieldname\";s:0:\"\";s:7:\"orgyear\";s:0:\"\";s:8:\"orgmonth\";s:0:\"\";s:8:\"orgfield\";s:0:\"\";s:6:\"orgfun\";s:0:\"\";s:12:\"leipiplugins\";s:6:\"macros\";s:7:\"content\";s:236:\"<input style=\"WIDTH: 150px\" title=\"认为\" name=\"data_6\" value=\"{macros}\" orgtype=\"sys_datetime\" orgwidth=\"150\" orghide=\"0\" orgformid=\"\" orgformname=\"\" orgfieldname=\"\" orgyear=\"\" orgmonth=\"\" orgfield=\"\" orgfun=\"\" leipiplugins=\"macros\"/>\";}i:6;a:9:{s:5:\"style\";s:30:\"TEXT-ALIGN: left; WIDTH: 150px\";s:5:\"title\";s:6:\"认为\";s:4:\"name\";s:6:\"data_7\";s:7:\"orgtype\";s:4:\"text\";s:8:\"orgwidth\";s:3:\"150\";s:7:\"orghide\";s:1:\"0\";s:12:\"leipiplugins\";s:4:\"text\";s:8:\"orgalign\";s:4:\"left\";s:7:\"content\";s:154:\"<input style=\"TEXT-ALIGN: left; WIDTH: 150px\" title=\"认为\" name=\"data_7\" orgtype=\"text\" orgwidth=\"150\" orghide=\"0\" leipiplugins=\"text\" orgalign=\"left\"/>\";}}',`updatetime`='1441116812' WHERE `id` = 375 [ RunTime:0.0268s ]
NOTIC: [2] unlink(../Application/Runtime/Temp/21d9a5adf0e55158019e1c301ccb9502.php): No such file or directory /var/www/dzxt/s/tp/ThinkPHP/Library/Think/Cache/Driver/File.class.php 第 157 行.
INFO: [ app_end ] --START--
INFO: Run Behavior\ShowPageTraceBehavior [ RunTime:0.000307s ]
INFO: [ app_end ] --END-- [ RunTime:0.000343s ]

[ 2015-09-01T22:13:34+08:00 ] 120.82.18.6 /s/tp/wwwroot/index.php?s=/demo/formdesign/form_id/375.html
INFO: [ app_init ] --START--
INFO: Run Behavior\BuildLiteBehavior [ RunTime:0.000011s ]
INFO: [ app_init ] --END-- [ RunTime:0.000231s ]
INFO: [ app_begin ] --START--
INFO: Run Behavior\ReadHtmlCacheBehavior [ RunTime:0.000299s ]
INFO: [ app_begin ] --END-- [ RunTime:0.000332s ]
SQL: SHOW COLUMNS FROM `ht_form` [ RunTime:0.0010s ]
SQL: SELECT * FROM `ht_form` WHERE `id` = 375 AND `is_del` = 0 LIMIT 1   [ RunTime:0.0003s ]
INFO: [ app_end ] --START--
INFO: Run Behavior\ShowPageTraceBehavior [ RunTime:0.000408s ]
INFO: [ app_end ] --END-- [ RunTime:0.000446s ]

[ 2015-09-01T22:14:35+08:00 ] 120.82.18.6 /s/tp/wwwroot/index.php?s=/demo/formdesign/form_id/377.html
INFO: [ app_init ] --START--
INFO: Run Behavior\BuildLiteBehavior [ RunTime:0.000010s ]
INFO: [ app_init ] --END-- [ RunTime:0.000232s ]
INFO: [ app_begin ] --START--
INFO: Run Behavior\ReadHtmlCacheBehavior [ RunTime:0.000298s ]
INFO: [ app_begin ] --END-- [ RunTime:0.000330s ]
SQL: SHOW COLUMNS FROM `ht_form` [ RunTime:0.0010s ]
SQL: SELECT * FROM `ht_form` WHERE `id` = 377 AND `is_del` = 0 LIMIT 1   [ RunTime:0.0003s ]
INFO: [ app_end ] --START--
INFO: Run Behavior\ShowPageTraceBehavior [ RunTime:0.000317s ]
INFO: [ app_end ] --END-- [ RunTime:0.000353s ]

[ 2015-09-01T22:14:38+08:00 ] 120.82.18.6 /s/tp/wwwroot/index.php?s=/demo/formdesign/form_id/375.html
INFO: [ app_init ] --START--
INFO: Run Behavior\BuildLiteBehavior [ RunTime:0.000011s ]
INFO: [ app_init ] --END-- [ RunTime:0.000231s ]
INFO: [ app_begin ] --START--
INFO: Run Behavior\ReadHtmlCacheBehavior [ RunTime:0.000297s ]
INFO: [ app_begin ] --END-- [ RunTime:0.000330s ]
SQL: SHOW COLUMNS FROM `ht_form` [ RunTime:0.0010s ]
SQL: SELECT * FROM `ht_form` WHERE `id` = 375 AND `is_del` = 0 LIMIT 1   [ RunTime:0.0001s ]
INFO: [ app_end ] --START--
INFO: Run Behavior\ShowPageTraceBehavior [ RunTime:0.000313s ]
INFO: [ app_end ] --END-- [ RunTime:0.000348s ]

[ 2015-09-01T22:16:49+08:00 ] 120.82.18.6 /s/tp/wwwroot/index.php?s=/demo/formdesign/form_id/375.html
INFO: [ app_init ] --START--
INFO: Run Behavior\BuildLiteBehavior [ RunTime:0.000011s ]
INFO: [ app_init ] --END-- [ RunTime:0.000232s ]
INFO: [ app_begin ] --START--
INFO: Run Behavior\ReadHtmlCacheBehavior [ RunTime:0.000297s ]
INFO: [ app_begin ] --END-- [ RunTime:0.000330s ]
SQL: SHOW COLUMNS FROM `ht_form` [ RunTime:0.0010s ]
SQL: SELECT * FROM `ht_form` WHERE `id` = 375 AND `is_del` = 0 LIMIT 1   [ RunTime:0.0001s ]
INFO: [ app_end ] --START--
INFO: Run Behavior\ShowPageTraceBehavior [ RunTime:0.000318s ]
INFO: [ app_end ] --END-- [ RunTime:0.000353s ]

[ 2015-09-01T22:20:50+08:00 ] 120.82.18.6 /s/tp/wwwroot/index.php?s=/demo/formdesign/form_id/141.html
INFO: [ app_init ] --START--
INFO: Run Behavior\BuildLiteBehavior [ RunTime:0.000011s ]
INFO: [ app_init ] --END-- [ RunTime:0.000232s ]
INFO: [ app_begin ] --START--
INFO: Run Behavior\ReadHtmlCacheBehavior [ RunTime:0.000302s ]
INFO: [ app_begin ] --END-- [ RunTime:0.000334s ]
SQL: SHOW COLUMNS FROM `ht_form` [ RunTime:0.0011s ]
SQL: SELECT * FROM `ht_form` WHERE `id` = 141 AND `is_del` = 0 LIMIT 1   [ RunTime:0.0003s ]
INFO: [ app_end ] --START--
INFO: Run Behavior\ShowPageTraceBehavior [ RunTime:0.000316s ]
INFO: [ app_end ] --END-- [ RunTime:0.000351s ]

[ 2015-09-01T22:20:56+08:00 ] 120.82.18.6 /s/tp/wwwroot/index.php?s=/demo/formdesign/form_id/140.html
INFO: [ app_init ] --START--
INFO: Run Behavior\BuildLiteBehavior [ RunTime:0.000011s ]
INFO: [ app_init ] --END-- [ RunTime:0.000249s ]
INFO: [ app_begin ] --START--
INFO: Run Behavior\ReadHtmlCacheBehavior [ RunTime:0.000299s ]
INFO: [ app_begin ] --END-- [ RunTime:0.000332s ]
SQL: SHOW COLUMNS FROM `ht_form` [ RunTime:0.0010s ]
SQL: SELECT * FROM `ht_form` WHERE `id` = 140 AND `is_del` = 0 LIMIT 1   [ RunTime:0.0002s ]
INFO: [ app_end ] --START--
INFO: Run Behavior\ShowPageTraceBehavior [ RunTime:0.000313s ]
INFO: [ app_end ] --END-- [ RunTime:0.000349s ]

[ 2015-09-01T22:21:19+08:00 ] 120.82.18.6 /s/tp/wwwroot/index.php?s=/demo/formdesign/form_id/375.html
INFO: [ app_init ] --START--
INFO: Run Behavior\BuildLiteBehavior [ RunTime:0.000011s ]
INFO: [ app_init ] --END-- [ RunTime:0.000232s ]
INFO: [ app_begin ] --START--
INFO: Run Behavior\ReadHtmlCacheBehavior [ RunTime:0.000297s ]
INFO: [ app_begin ] --END-- [ RunTime:0.000330s ]
SQL: SHOW COLUMNS FROM `ht_form` [ RunTime:0.0009s ]
SQL: SELECT * FROM `ht_form` WHERE `id` = 375 AND `is_del` = 0 LIMIT 1   [ RunTime:0.0001s ]
INFO: [ app_end ] --START--
INFO: Run Behavior\ShowPageTraceBehavior [ RunTime:0.000431s ]
INFO: [ app_end ] --END-- [ RunTime:0.000469s ]

[ 2015-09-01T22:21:26+08:00 ] 120.82.18.6 /s/tp/wwwroot/index.php?s=/demo/formdesign/
INFO: [ app_init ] --START--
INFO: Run Behavior\BuildLiteBehavior [ RunTime:0.000010s ]
INFO: [ app_init ] --END-- [ RunTime:0.000228s ]
INFO: [ app_begin ] --START--
INFO: Run Behavior\ReadHtmlCacheBehavior [ RunTime:0.000297s ]
INFO: [ app_begin ] --END-- [ RunTime:0.000330s ]
SQL: SHOW COLUMNS FROM `ht_form` [ RunTime:0.0010s ]
SQL: SELECT * FROM `ht_form` WHERE `id` = 375 AND `is_del` = 0 LIMIT 1   [ RunTime:0.0001s ]
NOTIC: [8] Undefined index: value /var/www/dzxt/s/tp/Application/Home/Org/Formdesign.class.php 第 78 行.
SQL: show tables like 'ht_form_data_375' [ RunTime:0.0005s ]
SQL: SHOW COLUMNS FROM `ht_form_data_375` [ RunTime:0.0006s ]
SQL: UPDATE `ht_form` SET `is_data_form`='1',`fields`='7',`content`='<table><tbody><tr class=\"firstRow\"><td valign=\"top\" width=\"92\"></td><td valign=\"top\" width=\"92\"></td><td valign=\"top\" width=\"92\"></td><td valign=\"top\" width=\"92\"></td><td valign=\"top\" width=\"92\"></td><td valign=\"top\" width=\"92\"></td><td valign=\"top\" width=\"92\"></td><td valign=\"top\" width=\"92\"></td></tr><tr><td valign=\"top\" width=\"92\"></td><td valign=\"top\" width=\"92\"></td><td valign=\"top\" width=\"92\"></td><td valign=\"top\" width=\"92\"></td><td valign=\"top\" width=\"92\"></td><td valign=\"top\" width=\"92\"></td><td valign=\"top\" width=\"92\"></td><td valign=\"top\" width=\"92\"></td></tr><tr><td valign=\"top\" width=\"92\"></td><td valign=\"top\" width=\"92\"></td><td valign=\"top\" width=\"92\"></td><td valign=\"top\" width=\"92\"></td><td valign=\"top\" width=\"92\"></td><td valign=\"top\" width=\"92\"></td><td valign=\"top\" width=\"92\"></td><td valign=\"top\" width=\"92\"></td></tr><tr><td valign=\"top\" width=\"92\"></td><td valign=\"top\" width=\"92\"></td><td valign=\"top\" width=\"92\"></td><td valign=\"top\" width=\"92\"></td><td valign=\"top\" width=\"92\"></td><td valign=\"top\" width=\"92\"></td><td valign=\"top\" width=\"92\"></td><td valign=\"top\" width=\"92\"></td></tr><tr><td valign=\"top\" width=\"92\"></td><td valign=\"top\" width=\"92\"></td><td valign=\"top\" width=\"92\"></td><td valign=\"top\" width=\"92\"></td><td valign=\"top\" width=\"92\"></td><td valign=\"top\" width=\"92\"></td><td valign=\"top\" width=\"92\"></td><td valign=\"top\" width=\"92\"></td></tr><tr><td valign=\"top\" width=\"92\"></td><td valign=\"top\" width=\"92\"></td><td valign=\"top\" width=\"92\"></td><td valign=\"top\" width=\"92\"></td><td valign=\"top\" width=\"92\"></td><td valign=\"top\" width=\"92\"></td><td valign=\"top\" width=\"92\"></td><td valign=\"top\" width=\"92\"></td></tr><tr><td valign=\"top\" width=\"92\"></td><td valign=\"top\" width=\"92\"></td><td valign=\"top\" width=\"92\"></td><td valign=\"top\" width=\"92\"></td><td valign=\"top\" width=\"92\"></td><td valign=\"top\" width=\"92\"></td><td valign=\"top\" width=\"92\"></td><td valign=\"top\" width=\"92\"></td></tr></tbody></table><p>预计于8-21号新版上线，届时系统的权限功能会投入使用，权限会要求不同的账号查看到不同的表单与内容，所以<input style=\"TEXT-ALIGN: left; WIDTH: 150px\" title=\"发\" name=\"data_1\" value=\"个\" orgtype=\"text\" orgwidth=\"150\" orghide=\"0\" leipiplugins=\"text\" orgalign=\"left\"/><textarea style=\"WIDTH: 300px; HEIGHT: 80px\" title=\"发发\" name=\"data_2\" value=\"\" orgwidth=\"300\" orgfontsize=\"\" leipiplugins=\"textarea\" orgheight=\"80\" orgrich=\"0\"></textarea>{|-<span leipiplugins=\"select\"><select style=\"WIDTH: 150px\" title=\"发生\" size=\"1\" name=\"data_3\" orgwidth=\"150\" leipiplugins=\"select\"><option selected=\"\" value=\" \"></option><option value=\"发生\">发生</option><option value=\"发放\">发放</option><option value=\" \"></option></select>&nbsp;&nbsp;</span>-|}{|-<span leipiplugins=\"radios\" name=\"data_4\" title=\"去\"><input type=\"radio\" name=\"data_4\" value=\"个人\"  />个人&nbsp;</span>-|}<input style=\"WIDTH: 150px\" title=\"且无疼痛\" name=\"data_5\" value=\"{macros}\" orgtype=\"sys_datetime\" orgwidth=\"150\" orghide=\"0\" orgformid=\"\" orgformname=\"\" orgfieldname=\"\" orgyear=\"\" orgmonth=\"\" orgfield=\"\" orgfun=\"\" leipiplugins=\"macros\"/><input style=\"WIDTH: 150px\" title=\"认为\" name=\"data_6\" value=\"{macros}\" orgtype=\"sys_datetime\" orgwidth=\"150\" orghide=\"0\" orgformid=\"\" orgformname=\"\" orgfieldname=\"\" orgyear=\"\" orgmonth=\"\" orgfield=\"\" orgfun=\"\" leipiplugins=\"macros\"/><input style=\"TEXT-ALIGN: left; WIDTH: 150px\" title=\"认为\" name=\"data_7\" orgtype=\"text\" orgwidth=\"150\" orghide=\"0\" leipiplugins=\"text\" orgalign=\"left\"/></p><p>请各部门规划好表单的权限。</p><p><br/></p>',`content_parse`='<table><tbody><tr class=\"firstRow\"><td valign=\"top\" width=\"92\"></td><td valign=\"top\" width=\"92\"></td><td valign=\"top\" width=\"92\"></td><td valign=\"top\" width=\"92\"></td><td valign=\"top\" width=\"92\"></td><td valign=\"top\" width=\"92\"></td><td valign=\"top\" width=\"92\"></td><td valign=\"top\" width=\"92\"></td></tr><tr><td valign=\"top\" width=\"92\"></td><td valign=\"top\" width=\"92\"></td><td valign=\"top\" width=\"92\"></td><td valign=\"top\" width=\"92\"></td><td valign=\"top\" width=\"92\"></td><td valign=\"top\" width=\"92\"></td><td valign=\"top\" width=\"92\"></td><td valign=\"top\" width=\"92\"></td></tr><tr><td valign=\"top\" width=\"92\"></td><td valign=\"top\" width=\"92\"></td><td valign=\"top\" width=\"92\"></td><td valign=\"top\" width=\"92\"></td><td valign=\"top\" width=\"92\"></td><td valign=\"top\" width=\"92\"></td><td valign=\"top\" width=\"92\"></td><td valign=\"top\" width=\"92\"></td></tr><tr><td valign=\"top\" width=\"92\"></td><td valign=\"top\" width=\"92\"></td><td valign=\"top\" width=\"92\"></td><td valign=\"top\" width=\"92\"></td><td valign=\"top\" width=\"92\"></td><td valign=\"top\" width=\"92\"></td><td valign=\"top\" width=\"92\"></td><td valign=\"top\" width=\"92\"></td></tr><tr><td valign=\"top\" width=\"92\"></td><td valign=\"top\" width=\"92\"></td><td valign=\"top\" width=\"92\"></td><td valign=\"top\" width=\"92\"></td><td valign=\"top\" width=\"92\"></td><td valign=\"top\" width=\"92\"></td><td valign=\"top\" width=\"92\"></td><td valign=\"top\" width=\"92\"></td></tr><tr><td valign=\"top\" width=\"92\"></td><td valign=\"top\" width=\"92\"></td><td valign=\"top\" width=\"92\"></td><td valign=\"top\" width=\"92\"></td><td valign=\"top\" width=\"92\"></td><td valign=\"top\" width=\"92\"></td><td valign=\"top\" width=\"92\"></td><td valign=\"top\" width=\"92\"></td></tr><tr><td valign=\"top\" width=\"92\"></td><td valign=\"top\" width=\"92\"></td><td valign=\"top\" width=\"92\"></td><td valign=\"top\" width=\"92\"></td><td valign=\"top\" width=\"92\"></td><td valign=\"top\" width=\"92\"></td><td valign=\"top\" width=\"92\"></td><td valign=\"top\" width=\"92\"></td></tr></tbody></table><p>预计于8-21号新版上线，届时系统的权限功能会投入使用，权限会要求不同的账号查看到不同的表单与内容，所以{data_1}{data_2}{data_3}{data_4}{data_5}{data_6}{data_7}</p><p>请各部门规划好表单的权限。</p><p><br/></p>',`content_data`='a:7:{i:0;a:10:{s:5:\"style\";s:30:\"TEXT-ALIGN: left; WIDTH: 150px\";s:5:\"title\";s:3:\"发\";s:4:\"name\";s:6:\"data_1\";s:5:\"value\";s:3:\"个\";s:7:\"orgtype\";s:4:\"text\";s:8:\"orgwidth\";s:3:\"150\";s:7:\"orghide\";s:1:\"0\";s:12:\"leipiplugins\";s:4:\"text\";s:8:\"orgalign\";s:4:\"left\";s:7:\"content\";s:163:\"<input style=\"TEXT-ALIGN: left; WIDTH: 150px\" title=\"发\" name=\"data_1\" value=\"个\" orgtype=\"text\" orgwidth=\"150\" orghide=\"0\" leipiplugins=\"text\" orgalign=\"left\"/>\";}i:1;a:10:{s:5:\"style\";s:26:\"WIDTH: 300px; HEIGHT: 80px\";s:5:\"title\";s:6:\"发发\";s:4:\"name\";s:6:\"data_2\";s:5:\"value\";s:0:\"\";s:8:\"orgwidth\";s:3:\"300\";s:11:\"orgfontsize\";s:0:\"\";s:12:\"leipiplugins\";s:8:\"textarea\";s:9:\"orgheight\";s:2:\"80\";s:7:\"orgrich\";s:1:\"0\";s:7:\"content\";s:175:\"<textarea style=\"WIDTH: 300px; HEIGHT: 80px\" title=\"发发\" name=\"data_2\" value=\"\" orgwidth=\"300\" orgfontsize=\"\" leipiplugins=\"textarea\" orgheight=\"80\" orgrich=\"0\"></textarea>\";}i:2;a:9:{s:12:\"leipiplugins\";s:6:\"select\";s:5:\"style\";s:12:\"WIDTH: 150px\";s:5:\"title\";s:6:\"发生\";s:4:\"size\";s:1:\"1\";s:4:\"name\";s:6:\"data_3\";s:8:\"orgwidth\";s:3:\"150\";s:8:\"selected\";s:0:\"\";s:5:\"value\";s:17:\" ,发生,发放, \";s:7:\"content\";s:302:\"<span leipiplugins=\"select\"><select style=\"WIDTH: 150px\" title=\"发生\" size=\"1\" name=\"data_3\" orgwidth=\"150\" leipiplugins=\"select\"><option selected=\"\" value=\" \"></option><option value=\"发生\">发生</option><option value=\"发放\">发放</option><option value=\" \"></option></select>&nbsp;&nbsp;</span>\";}i:3;a:6:{s:5:\"title\";s:3:\"去\";s:4:\"name\";s:6:\"data_4\";s:12:\"leipiplugins\";s:6:\"radios\";s:5:\"value\";s:6:\"个人\";s:7:\"content\";s:125:\"<span leipiplugins=\"radios\" name=\"data_4\" title=\"去\"><input type=\"radio\" name=\"data_4\" value=\"个人\"  />个人&nbsp;</span>\";s:7:\"options\";a:1:{i:0;a:3:{s:4:\"name\";s:6:\"data_4\";s:5:\"value\";s:6:\"个人\";s:4:\"type\";s:5:\"radio\";}}}i:4;a:16:{s:5:\"style\";s:12:\"WIDTH: 150px\";s:5:\"title\";s:12:\"且无疼痛\";s:4:\"name\";s:6:\"data_5\";s:5:\"value\";s:8:\"{macros}\";s:7:\"orgtype\";s:12:\"sys_datetime\";s:8:\"orgwidth\";s:3:\"150\";s:7:\"orghide\";s:1:\"0\";s:9:\"orgformid\";s:0:\"\";s:11:\"orgformname\";s:0:\"\";s:12:\"orgfieldname\";s:0:\"\";s:7:\"orgyear\";s:0:\"\";s:8:\"orgmonth\";s:0:\"\";s:8:\"orgfield\";s:0:\"\";s:6:\"orgfun\";s:0:\"\";s:12:\"leipiplugins\";s:6:\"macros\";s:7:\"content\";s:242:\"<input style=\"WIDTH: 150px\" title=\"且无疼痛\" name=\"data_5\" value=\"{macros}\" orgtype=\"sys_datetime\" orgwidth=\"150\" orghide=\"0\" orgformid=\"\" orgformname=\"\" orgfieldname=\"\" orgyear=\"\" orgmonth=\"\" orgfield=\"\" orgfun=\"\" leipiplugins=\"macros\"/>\";}i:5;a:16:{s:5:\"style\";s:12:\"WIDTH: 150px\";s:5:\"title\";s:6:\"认为\";s:4:\"name\";s:6:\"data_6\";s:5:\"value\";s:8:\"{macros}\";s:7:\"orgtype\";s:12:\"sys_datetime\";s:8:\"orgwidth\";s:3:\"150\";s:7:\"orghide\";s:1:\"0\";s:9:\"orgformid\";s:0:\"\";s:11:\"orgformname\";s:0:\"\";s:12:\"orgfieldname\";s:0:\"\";s:7:\"orgyear\";s:0:\"\";s:8:\"orgmonth\";s:0:\"\";s:8:\"orgfield\";s:0:\"\";s:6:\"orgfun\";s:0:\"\";s:12:\"leipiplugins\";s:6:\"macros\";s:7:\"content\";s:236:\"<input style=\"WIDTH: 150px\" title=\"认为\" name=\"data_6\" value=\"{macros}\" orgtype=\"sys_datetime\" orgwidth=\"150\" orghide=\"0\" orgformid=\"\" orgformname=\"\" orgfieldname=\"\" orgyear=\"\" orgmonth=\"\" orgfield=\"\" orgfun=\"\" leipiplugins=\"macros\"/>\";}i:6;a:9:{s:5:\"style\";s:30:\"TEXT-ALIGN: left; WIDTH: 150px\";s:5:\"title\";s:6:\"认为\";s:4:\"name\";s:6:\"data_7\";s:7:\"orgtype\";s:4:\"text\";s:8:\"orgwidth\";s:3:\"150\";s:7:\"orghide\";s:1:\"0\";s:12:\"leipiplugins\";s:4:\"text\";s:8:\"orgalign\";s:4:\"left\";s:7:\"content\";s:154:\"<input style=\"TEXT-ALIGN: left; WIDTH: 150px\" title=\"认为\" name=\"data_7\" orgtype=\"text\" orgwidth=\"150\" orghide=\"0\" leipiplugins=\"text\" orgalign=\"left\"/>\";}}',`updatetime`='1441117286' WHERE `id` = 375 [ RunTime:0.0274s ]
NOTIC: [2] unlink(../Application/Runtime/Temp/21d9a5adf0e55158019e1c301ccb9502.php): No such file or directory /var/www/dzxt/s/tp/ThinkPHP/Library/Think/Cache/Driver/File.class.php 第 157 行.
INFO: [ app_end ] --START--
INFO: Run Behavior\ShowPageTraceBehavior [ RunTime:0.000305s ]
INFO: [ app_end ] --END-- [ RunTime:0.000341s ]

[ 2015-09-01T22:21:28+08:00 ] 120.82.18.6 /s/tp/wwwroot/index.php?s=/demo/formdesign/form_id/375.html
INFO: [ app_init ] --START--
INFO: Run Behavior\BuildLiteBehavior [ RunTime:0.000011s ]
INFO: [ app_init ] --END-- [ RunTime:0.000231s ]
INFO: [ app_begin ] --START--
INFO: Run Behavior\ReadHtmlCacheBehavior [ RunTime:0.000300s ]
INFO: [ app_begin ] --END-- [ RunTime:0.000333s ]
SQL: SHOW COLUMNS FROM `ht_form` [ RunTime:0.0010s ]
SQL: SELECT * FROM `ht_form` WHERE `id` = 375 AND `is_del` = 0 LIMIT 1   [ RunTime:0.0003s ]
INFO: [ app_end ] --START--
INFO: Run Behavior\ShowPageTraceBehavior [ RunTime:0.000319s ]
INFO: [ app_end ] --END-- [ RunTime:0.000354s ]

[ 2015-09-01T22:22:50+08:00 ] 120.82.18.6 /s/tp/wwwroot/index.php?s=/demo/formdesign/form_id/375.html
INFO: [ app_init ] --START--
INFO: Run Behavior\BuildLiteBehavior [ RunTime:0.000011s ]
INFO: [ app_init ] --END-- [ RunTime:0.000233s ]
INFO: [ app_begin ] --START--
INFO: Run Behavior\ReadHtmlCacheBehavior [ RunTime:0.000301s ]
INFO: [ app_begin ] --END-- [ RunTime:0.000333s ]
SQL: SHOW COLUMNS FROM `ht_form` [ RunTime:0.0010s ]
SQL: SELECT * FROM `ht_form` WHERE `id` = 375 AND `is_del` = 0 LIMIT 1   [ RunTime:0.0001s ]
INFO: [ app_end ] --START--
INFO: Run Behavior\ShowPageTraceBehavior [ RunTime:0.000313s ]
INFO: [ app_end ] --END-- [ RunTime:0.000347s ]

[ 2015-09-01T22:23:29+08:00 ] 120.82.18.6 /s/tp/wwwroot/index.php?s=/demo/formdesign/form_id/375.html
INFO: [ app_init ] --START--
INFO: Run Behavior\BuildLiteBehavior [ RunTime:0.000011s ]
INFO: [ app_init ] --END-- [ RunTime:0.000226s ]
INFO: [ app_begin ] --START--
INFO: Run Behavior\ReadHtmlCacheBehavior [ RunTime:0.000307s ]
INFO: [ app_begin ] --END-- [ RunTime:0.000341s ]
SQL: SHOW COLUMNS FROM `ht_form` [ RunTime:0.0010s ]
SQL: SELECT * FROM `ht_form` WHERE `id` = 375 AND `is_del` = 0 LIMIT 1   [ RunTime:0.0003s ]
INFO: [ app_end ] --START--
INFO: Run Behavior\ShowPageTraceBehavior [ RunTime:0.000316s ]
INFO: [ app_end ] --END-- [ RunTime:0.000351s ]

[ 2015-09-01T22:23:38+08:00 ] 120.82.18.6 /s/tp/wwwroot/index.php?s=/demo/formdesign/form_id/564.html
INFO: [ app_init ] --START--
INFO: Run Behavior\BuildLiteBehavior [ RunTime:0.000011s ]
INFO: [ app_init ] --END-- [ RunTime:0.000231s ]
INFO: [ app_begin ] --START--
INFO: Run Behavior\ReadHtmlCacheBehavior [ RunTime:0.000298s ]
INFO: [ app_begin ] --END-- [ RunTime:0.000330s ]
SQL: SHOW COLUMNS FROM `ht_form` [ RunTime:0.0010s ]
SQL: SELECT * FROM `ht_form` WHERE `id` = 564 AND `is_del` = 0 LIMIT 1   [ RunTime:0.0002s ]
INFO: [ app_end ] --START--
INFO: Run Behavior\ShowPageTraceBehavior [ RunTime:0.000317s ]
INFO: [ app_end ] --END-- [ RunTime:0.000352s ]

