[ 2015-08-31T16:48:20+08:00 ] ::1 /s/tp/wwwroot/index.php?s=/demo/formdesign/form_id/103.html
INFO: [ app_init ] --START--
INFO: Run Behavior\BuildLiteBehavior [ RunTime:0.000000s ]
INFO: [ app_init ] --END-- [ RunTime:0.041992s ]
INFO: [ app_begin ] --START--
INFO: Run Behavior\ReadHtmlCacheBehavior [ RunTime:0.000977s ]
INFO: [ app_begin ] --END-- [ RunTime:0.000977s ]
SQL: SHOW COLUMNS FROM `ht_form` [ RunTime:0.0117s ]
SQL: SELECT * FROM `ht_form` WHERE `id` = 103 AND `is_del` = 0 LIMIT 1   [ RunTime:0.0020s ]
INFO: [ app_end ] --START--
INFO: Run Behavior\ShowPageTraceBehavior [ RunTime:0.000976s ]
INFO: [ app_end ] --END-- [ RunTime:0.000976s ]

[ 2015-08-31T16:48:21+08:00 ] ::1 /s/tp/wwwroot/index.php?s=/Home/Demo/del.html
INFO: [ app_init ] --START--
INFO: Run Behavior\BuildLiteBehavior [ RunTime:0.000000s ]
INFO: [ app_init ] --END-- [ RunTime:0.000000s ]
INFO: [ app_begin ] --START--
INFO: Run Behavior\ReadHtmlCacheBehavior [ RunTime:0.000000s ]
INFO: [ app_begin ] --END-- [ RunTime:0.000000s ]
SQL: SHOW COLUMNS FROM `ht_form` [ RunTime:0.0068s ]
SQL: SELECT * FROM `ht_form` WHERE `pid` = 103 LIMIT 1   [ RunTime:0.0029s ]
SQL: DELETE FROM `ht_form` WHERE `id` = 103 [ RunTime:0.0029s ]
SQL: SHOW COLUMNS FROM `ht_power` [ RunTime:0.0049s ]
SQL: DELETE FROM `ht_power` WHERE `form_id` = 103 [ RunTime:0.0029s ]
INFO: [ app_end ] --START--
INFO: Run Behavior\ShowPageTraceBehavior [ RunTime:0.000976s ]
INFO: [ app_end ] --END-- [ RunTime:0.000976s ]

[ 2015-08-31T16:48:32+08:00 ] ::1 /s/tp/wwwroot/index.php?s=/demo/formdesign/form_id/102.html
INFO: [ app_init ] --START--
INFO: Run Behavior\BuildLiteBehavior [ RunTime:0.000000s ]
INFO: [ app_init ] --END-- [ RunTime:0.000977s ]
INFO: [ app_begin ] --START--
INFO: Run Behavior\ReadHtmlCacheBehavior [ RunTime:0.000976s ]
INFO: [ app_begin ] --END-- [ RunTime:0.000976s ]
SQL: SHOW COLUMNS FROM `ht_form` [ RunTime:0.0107s ]
SQL: SELECT * FROM `ht_form` WHERE `id` = 102 AND `is_del` = 0 LIMIT 1   [ RunTime:0.0020s ]
INFO: [ app_end ] --START--
INFO: Run Behavior\ShowPageTraceBehavior [ RunTime:0.000977s ]
INFO: [ app_end ] --END-- [ RunTime:0.000977s ]

[ 2015-08-31T16:48:33+08:00 ] ::1 /s/tp/wwwroot/index.php?s=/Home/Demo/del.html
INFO: [ app_init ] --START--
INFO: Run Behavior\BuildLiteBehavior [ RunTime:0.000977s ]
INFO: [ app_init ] --END-- [ RunTime:0.000977s ]
INFO: [ app_begin ] --START--
INFO: Run Behavior\ReadHtmlCacheBehavior [ RunTime:0.000976s ]
INFO: [ app_begin ] --END-- [ RunTime:0.000976s ]
SQL: SHOW COLUMNS FROM `ht_form` [ RunTime:0.0059s ]
SQL: SELECT * FROM `ht_form` WHERE `pid` = 102 LIMIT 1   [ RunTime:0.0020s ]
SQL: DELETE FROM `ht_form` WHERE `id` = 102 [ RunTime:0.0049s ]
SQL: SHOW COLUMNS FROM `ht_power` [ RunTime:0.0039s ]
SQL: DELETE FROM `ht_power` WHERE `form_id` = 102 [ RunTime:0.0020s ]
INFO: [ app_end ] --START--
INFO: Run Behavior\ShowPageTraceBehavior [ RunTime:0.000976s ]
INFO: [ app_end ] --END-- [ RunTime:0.000976s ]

[ 2015-08-31T16:48:38+08:00 ] ::1 /s/tp/wwwroot/index.php?s=/demo/formdesign/form_id/99.html
INFO: [ app_init ] --START--
INFO: Run Behavior\BuildLiteBehavior [ RunTime:0.000000s ]
INFO: [ app_init ] --END-- [ RunTime:0.000976s ]
INFO: [ app_begin ] --START--
INFO: Run Behavior\ReadHtmlCacheBehavior [ RunTime:0.000977s ]
INFO: [ app_begin ] --END-- [ RunTime:0.000977s ]
SQL: SHOW COLUMNS FROM `ht_form` [ RunTime:0.0107s ]
SQL: SELECT * FROM `ht_form` WHERE `id` = 99 AND `is_del` = 0 LIMIT 1   [ RunTime:0.0020s ]
INFO: [ app_end ] --START--
INFO: Run Behavior\ShowPageTraceBehavior [ RunTime:0.000976s ]
INFO: [ app_end ] --END-- [ RunTime:0.000976s ]

[ 2015-08-31T16:48:39+08:00 ] ::1 /s/tp/wwwroot/index.php?s=/Home/Demo/del.html
INFO: [ app_init ] --START--
INFO: Run Behavior\BuildLiteBehavior [ RunTime:0.000000s ]
INFO: [ app_init ] --END-- [ RunTime:0.000977s ]
INFO: [ app_begin ] --START--
INFO: Run Behavior\ReadHtmlCacheBehavior [ RunTime:0.000976s ]
INFO: [ app_begin ] --END-- [ RunTime:0.000976s ]
SQL: SHOW COLUMNS FROM `ht_form` [ RunTime:0.0127s ]
SQL: SELECT * FROM `ht_form` WHERE `pid` = 99 LIMIT 1   [ RunTime:0.0039s ]
SQL: DELETE FROM `ht_form` WHERE `id` = 99 [ RunTime:0.0098s ]
SQL: SHOW COLUMNS FROM `ht_power` [ RunTime:0.0078s ]
SQL: DELETE FROM `ht_power` WHERE `form_id` = 99 [ RunTime:0.0039s ]
INFO: [ app_end ] --START--
INFO: Run Behavior\ShowPageTraceBehavior [ RunTime:0.000976s ]
INFO: [ app_end ] --END-- [ RunTime:0.000976s ]

[ 2015-08-31T16:49:30+08:00 ] ::1 /s/tp/wwwroot/index.php?s=/demo/formdesign/form_id/94.html
INFO: [ app_init ] --START--
INFO: Run Behavior\BuildLiteBehavior [ RunTime:0.000000s ]
INFO: [ app_init ] --END-- [ RunTime:0.000000s ]
INFO: [ app_begin ] --START--
INFO: Run Behavior\ReadHtmlCacheBehavior [ RunTime:0.000000s ]
INFO: [ app_begin ] --END-- [ RunTime:0.000000s ]
SQL: SHOW COLUMNS FROM `ht_form` [ RunTime:0.0000s ]
SQL: SELECT * FROM `ht_form` WHERE `id` = 94 AND `is_del` = 0 LIMIT 1   [ RunTime:0.0000s ]
INFO: [ app_end ] --START--
INFO: Run Behavior\ShowPageTraceBehavior [ RunTime:0.000000s ]
INFO: [ app_end ] --END-- [ RunTime:0.000000s ]

[ 2015-08-31T16:49:33+08:00 ] ::1 /s/tp/wwwroot/index.php?s=/Home/Demo/del.html
INFO: [ app_init ] --START--
INFO: Run Behavior\BuildLiteBehavior [ RunTime:0.000000s ]
INFO: [ app_init ] --END-- [ RunTime:0.000000s ]
INFO: [ app_begin ] --START--
INFO: Run Behavior\ReadHtmlCacheBehavior [ RunTime:0.000000s ]
INFO: [ app_begin ] --END-- [ RunTime:0.000000s ]
SQL: SHOW COLUMNS FROM `ht_form` [ RunTime:0.0156s ]
SQL: SELECT * FROM `ht_form` WHERE `pid` = 94 LIMIT 1   [ RunTime:0.0000s ]
SQL: DELETE FROM `ht_form` WHERE `id` = 94 [ RunTime:0.0000s ]
SQL: SHOW COLUMNS FROM `ht_power` [ RunTime:0.0156s ]
SQL: DELETE FROM `ht_power` WHERE `form_id` = 94 [ RunTime:0.0000s ]
INFO: [ app_end ] --START--
INFO: Run Behavior\ShowPageTraceBehavior [ RunTime:0.000000s ]
INFO: [ app_end ] --END-- [ RunTime:0.000000s ]

