[ 2015-11-16T08:55:38+08:00 ] 127.0.0.1 /s/tp/wwwroot/index.php?s=/Home/Demo/add.html
INFO: [ app_init ] --START--
INFO: Run Behavior\BuildLiteBehavior [ RunTime:0.000000s ]
INFO: [ app_init ] --END-- [ RunTime:0.000000s ]
INFO: [ app_begin ] --START--
INFO: Run Behavior\ReadHtmlCacheBehavior [ RunTime:0.000000s ]
INFO: [ app_begin ] --END-- [ RunTime:0.000000s ]
SQL: SHOW COLUMNS FROM `ht_form` [ RunTime:0.0000s ]
SQL: INSERT INTO `ht_form` (`form_name`,`form_desc`,`updatetime`,`type`,`dateline`,`pid`,`creater_uid`) VALUES ('789789','','1447635338','0','1447635338','56','79') [ RunTime:0.0156s ]
NOTIC: [2] unlink(../Application/Runtime/Temp/21d9a5adf0e55158019e1c301ccb9502.php): No such file or directory D:\wamp64\www\dzxt\s\tp\ThinkPHP\Library\Think\Cache\Driver\File.class.php 第 157 行.
INFO: [ app_end ] --START--
INFO: Run Behavior\ShowPageTraceBehavior [ RunTime:0.000000s ]
INFO: [ app_end ] --END-- [ RunTime:0.000000s ]

[ 2015-11-16T08:58:40+08:00 ] 127.0.0.1 /s/tp/wwwroot/index.php?s=/Home/Demo/add.html
INFO: [ app_init ] --START--
INFO: Run Behavior\BuildLiteBehavior [ RunTime:0.000000s ]
INFO: [ app_init ] --END-- [ RunTime:0.000000s ]
INFO: [ app_begin ] --START--
INFO: Run Behavior\ReadHtmlCacheBehavior [ RunTime:0.000000s ]
INFO: [ app_begin ] --END-- [ RunTime:0.000000s ]
SQL: SHOW COLUMNS FROM `ht_form` [ RunTime:0.0000s ]
SQL: INSERT INTO `ht_form` (`form_name`,`form_desc`,`updatetime`,`type`,`dateline`,`pid`,`creater_uid`) VALUES ('gfgfg','','1447635520','0','1447635520','56','79') [ RunTime:0.0156s ]
NOTIC: [2] unlink(../Application/Runtime/Temp/21d9a5adf0e55158019e1c301ccb9502.php): No such file or directory D:\wamp64\www\dzxt\s\tp\ThinkPHP\Library\Think\Cache\Driver\File.class.php 第 157 行.
INFO: [ app_end ] --START--
INFO: Run Behavior\ShowPageTraceBehavior [ RunTime:0.000000s ]
INFO: [ app_end ] --END-- [ RunTime:0.000000s ]

[ 2015-11-16T09:03:51+08:00 ] 127.0.0.1 /s/tp/wwwroot/index.php?s=/Home/Demo/add.html
INFO: [ app_init ] --START--
INFO: Run Behavior\BuildLiteBehavior [ RunTime:0.000000s ]
INFO: [ app_init ] --END-- [ RunTime:0.000000s ]
INFO: [ app_begin ] --START--
INFO: Run Behavior\ReadHtmlCacheBehavior [ RunTime:0.000000s ]
INFO: [ app_begin ] --END-- [ RunTime:0.000000s ]
SQL: SHOW COLUMNS FROM `ht_form` [ RunTime:0.0156s ]
SQL: INSERT INTO `ht_form` (`form_name`,`form_desc`,`updatetime`,`type`,`dateline`,`pid`,`creater_uid`) VALUES ('7877878','','1447635830','0','1447635830','56','79') [ RunTime:0.0000s ]
NOTIC: [2] unlink(../Application/Runtime/Temp/21d9a5adf0e55158019e1c301ccb9502.php): No such file or directory D:\wamp64\www\dzxt\s\tp\ThinkPHP\Library\Think\Cache\Driver\File.class.php 第 157 行.
INFO: [ app_end ] --START--
INFO: Run Behavior\ShowPageTraceBehavior [ RunTime:0.000000s ]
INFO: [ app_end ] --END-- [ RunTime:0.000000s ]

[ 2015-11-16T09:10:28+08:00 ] 127.0.0.1 /s/tp/wwwroot/index.php?s=/Home/Demo/add.html
INFO: [ app_init ] --START--
INFO: Run Behavior\BuildLiteBehavior [ RunTime:0.000000s ]
INFO: [ app_init ] --END-- [ RunTime:0.000000s ]
INFO: [ app_begin ] --START--
INFO: Run Behavior\ReadHtmlCacheBehavior [ RunTime:0.000000s ]
INFO: [ app_begin ] --END-- [ RunTime:0.000000s ]
SQL: SHOW COLUMNS FROM `ht_form` [ RunTime:0.0156s ]
SQL: INSERT INTO `ht_form` (`form_name`,`form_desc`,`updatetime`,`type`,`dateline`,`pid`,`creater_uid`) VALUES ('wsewewe','','1447636228','0','1447636228','56','79') [ RunTime:0.0156s ]
NOTIC: [2] unlink(../Application/Runtime/Temp/21d9a5adf0e55158019e1c301ccb9502.php): No such file or directory D:\wamp64\www\dzxt\s\tp\ThinkPHP\Library\Think\Cache\Driver\File.class.php 第 157 行.
INFO: [ app_end ] --START--
INFO: Run Behavior\ShowPageTraceBehavior [ RunTime:0.000000s ]
INFO: [ app_end ] --END-- [ RunTime:0.000000s ]

[ 2015-11-16T09:12:47+08:00 ] 127.0.0.1 /s/tp/wwwroot/index.php?s=/Home/Demo/add.html
INFO: [ app_init ] --START--
INFO: Run Behavior\BuildLiteBehavior [ RunTime:0.000000s ]
INFO: [ app_init ] --END-- [ RunTime:0.000000s ]
INFO: [ app_begin ] --START--
INFO: Run Behavior\ReadHtmlCacheBehavior [ RunTime:0.000000s ]
INFO: [ app_begin ] --END-- [ RunTime:0.000000s ]
SQL: SHOW COLUMNS FROM `ht_form` [ RunTime:0.0156s ]
SQL: INSERT INTO `ht_form` (`form_name`,`form_desc`,`updatetime`,`type`,`dateline`,`pid`,`creater_uid`) VALUES ('ewewewewee','','1447636367','0','1447636367','56','79') [ RunTime:0.0156s ]
NOTIC: [2] unlink(../Application/Runtime/Temp/21d9a5adf0e55158019e1c301ccb9502.php): No such file or directory D:\wamp64\www\dzxt\s\tp\ThinkPHP\Library\Think\Cache\Driver\File.class.php 第 157 行.
INFO: [ app_end ] --START--
INFO: Run Behavior\ShowPageTraceBehavior [ RunTime:0.000000s ]
INFO: [ app_end ] --END-- [ RunTime:0.000000s ]

[ 2015-11-16T09:15:05+08:00 ] 127.0.0.1 /s/tp/wwwroot/index.php?s=/Home/Demo/add.html
INFO: [ app_init ] --START--
INFO: Run Behavior\BuildLiteBehavior [ RunTime:0.000000s ]
INFO: [ app_init ] --END-- [ RunTime:0.015625s ]
INFO: [ app_begin ] --START--
INFO: Run Behavior\ReadHtmlCacheBehavior [ RunTime:0.000000s ]
INFO: [ app_begin ] --END-- [ RunTime:0.000000s ]
SQL: SHOW COLUMNS FROM `ht_form` [ RunTime:0.0000s ]
SQL: INSERT INTO `ht_form` (`form_name`,`form_desc`,`updatetime`,`type`,`dateline`,`pid`,`creater_uid`) VALUES ('fffffffffffffffffffff','','1447636505','0','1447636505','56','79') [ RunTime:0.0156s ]
NOTIC: [2] unlink(../Application/Runtime/Temp/21d9a5adf0e55158019e1c301ccb9502.php): No such file or directory D:\wamp64\www\dzxt\s\tp\ThinkPHP\Library\Think\Cache\Driver\File.class.php 第 157 行.
INFO: [ app_end ] --START--
INFO: Run Behavior\ShowPageTraceBehavior [ RunTime:0.000000s ]
INFO: [ app_end ] --END-- [ RunTime:0.000000s ]

[ 2015-11-16T09:15:18+08:00 ] 127.0.0.1 /s/tp/wwwroot/index.php?s=/Home/Demo/add.html
INFO: [ app_init ] --START--
INFO: Run Behavior\BuildLiteBehavior [ RunTime:0.000000s ]
INFO: [ app_init ] --END-- [ RunTime:0.000000s ]
INFO: [ app_begin ] --START--
INFO: Run Behavior\ReadHtmlCacheBehavior [ RunTime:0.000000s ]
INFO: [ app_begin ] --END-- [ RunTime:0.000000s ]
SQL: SHOW COLUMNS FROM `ht_form` [ RunTime:0.0000s ]
SQL: INSERT INTO `ht_form` (`form_name`,`form_desc`,`updatetime`,`type`,`dateline`,`pid`,`creater_uid`) VALUES ('uuuuuuuuuu','','1447636518','0','1447636518','56','79') [ RunTime:0.0000s ]
NOTIC: [2] unlink(../Application/Runtime/Temp/21d9a5adf0e55158019e1c301ccb9502.php): No such file or directory D:\wamp64\www\dzxt\s\tp\ThinkPHP\Library\Think\Cache\Driver\File.class.php 第 157 行.
INFO: [ app_end ] --START--
INFO: Run Behavior\ShowPageTraceBehavior [ RunTime:0.000000s ]
INFO: [ app_end ] --END-- [ RunTime:0.000000s ]

[ 2015-11-16T09:57:21+08:00 ] 127.0.0.1 /s/tp/wwwroot/index.php?s=/Home/Demo/add.html
INFO: [ app_init ] --START--
INFO: Run Behavior\BuildLiteBehavior [ RunTime:0.000000s ]
INFO: [ app_init ] --END-- [ RunTime:0.000000s ]
INFO: [ app_begin ] --START--
INFO: Run Behavior\ReadHtmlCacheBehavior [ RunTime:0.000000s ]
INFO: [ app_begin ] --END-- [ RunTime:0.000000s ]
SQL: SHOW COLUMNS FROM `ht_form` [ RunTime:0.0156s ]
SQL: INSERT INTO `ht_form` (`form_name`,`form_desc`,`updatetime`,`type`,`dateline`,`pid`,`creater_uid`) VALUES ('tttt','','1447639041','0','1447639041','56','18') [ RunTime:0.0000s ]
NOTIC: [2] unlink(../Application/Runtime/Temp/21d9a5adf0e55158019e1c301ccb9502.php): No such file or directory D:\wamp64\www\dzxt\s\tp\ThinkPHP\Library\Think\Cache\Driver\File.class.php 第 157 行.
INFO: [ app_end ] --START--
INFO: Run Behavior\ShowPageTraceBehavior [ RunTime:0.000000s ]
INFO: [ app_end ] --END-- [ RunTime:0.000000s ]

