[ 2015-11-20T09:46:21+08:00 ] 14.113.207.89 /s/tp/wwwroot/index.php?s=/demo/formdesign/form_id/1227.html
INFO: [ app_init ] --START--
INFO: Run Behavior\BuildLiteBehavior [ RunTime:0.000022s ]
INFO: [ app_init ] --END-- [ RunTime:0.000567s ]
INFO: [ app_begin ] --START--
INFO: Run Behavior\ReadHtmlCacheBehavior [ RunTime:0.000751s ]
INFO: [ app_begin ] --END-- [ RunTime:0.000828s ]
SQL: SHOW COLUMNS FROM `ht_form` [ RunTime:0.0010s ]
SQL: SELECT * FROM `ht_form` WHERE `id` = 1227 AND `is_del` = 0 LIMIT 1   [ RunTime:0.0004s ]
INFO: [ app_end ] --START--
INFO: Run Behavior\ShowPageTraceBehavior [ RunTime:0.000978s ]
INFO: [ app_end ] --END-- [ RunTime:0.001055s ]

[ 2015-11-20T09:56:20+08:00 ] 14.113.207.89 /s/tp/wwwroot/index.php?s=/demo/formdesign/form_id/1278.html
INFO: [ app_init ] --START--
INFO: Run Behavior\BuildLiteBehavior [ RunTime:0.000022s ]
INFO: [ app_init ] --END-- [ RunTime:0.000533s ]
INFO: [ app_begin ] --START--
INFO: Run Behavior\ReadHtmlCacheBehavior [ RunTime:0.000705s ]
INFO: [ app_begin ] --END-- [ RunTime:0.000777s ]
SQL: SHOW COLUMNS FROM `ht_form` [ RunTime:0.0009s ]
SQL: SELECT * FROM `ht_form` WHERE `id` = 1278 AND `is_del` = 0 LIMIT 1   [ RunTime:0.0003s ]
INFO: [ app_end ] --START--
INFO: Run Behavior\ShowPageTraceBehavior [ RunTime:0.001256s ]
INFO: [ app_end ] --END-- [ RunTime:0.001332s ]

[ 2015-11-20T15:08:00+08:00 ] 14.113.207.89 /s/tp/wwwroot/index.php?s=/Home/Demo/add.html
INFO: [ app_init ] --START--
INFO: Run Behavior\BuildLiteBehavior [ RunTime:0.000022s ]
INFO: [ app_init ] --END-- [ RunTime:0.000544s ]
INFO: [ app_begin ] --START--
INFO: Run Behavior\ReadHtmlCacheBehavior [ RunTime:0.000712s ]
INFO: [ app_begin ] --END-- [ RunTime:0.000786s ]
SQL: SHOW COLUMNS FROM `ht_form` [ RunTime:0.0009s ]
SQL: INSERT INTO `ht_form` (`form_name`,`form_desc`,`updatetime`,`type`,`dateline`,`pid`,`creater_uid`) VALUES ('客服','','1448003280','0','1448003280','1460','176') [ RunTime:0.0291s ]
NOTIC: [2] unlink(../Application/Runtime/Temp/21d9a5adf0e55158019e1c301ccb9502.php): No such file or directory /var/www/dzxt/s/tp/ThinkPHP/Library/Think/Cache/Driver/File.class.php 第 157 行.
INFO: [ app_end ] --START--
INFO: Run Behavior\ShowPageTraceBehavior [ RunTime:0.000846s ]
INFO: [ app_end ] --END-- [ RunTime:0.000920s ]

[ 2015-11-20T15:08:24+08:00 ] 14.113.207.89 /s/tp/wwwroot/index.php?s=/demo/formdesign/form_id/1898.html
INFO: [ app_init ] --START--
INFO: Run Behavior\BuildLiteBehavior [ RunTime:0.000020s ]
INFO: [ app_init ] --END-- [ RunTime:0.000170s ]
INFO: [ app_begin ] --START--
INFO: Run Behavior\ReadHtmlCacheBehavior [ RunTime:0.000072s ]
INFO: [ app_begin ] --END-- [ RunTime:0.000144s ]
SQL: SHOW COLUMNS FROM `ht_form` [ RunTime:0.0009s ]
SQL: SELECT * FROM `ht_form` WHERE `id` = 1898 AND `is_del` = 0 LIMIT 1   [ RunTime:0.0002s ]
INFO: [ app_end ] --START--
INFO: Run Behavior\ShowPageTraceBehavior [ RunTime:0.000068s ]
INFO: [ app_end ] --END-- [ RunTime:0.000137s ]

[ 2015-11-20T15:11:23+08:00 ] 14.113.207.89 /s/tp/wwwroot/index.php?s=/demo/formdesign/
INFO: [ app_init ] --START--
INFO: Run Behavior\BuildLiteBehavior [ RunTime:0.000020s ]
INFO: [ app_init ] --END-- [ RunTime:0.000154s ]
INFO: [ app_begin ] --START--
INFO: Run Behavior\ReadHtmlCacheBehavior [ RunTime:0.000058s ]
INFO: [ app_begin ] --END-- [ RunTime:0.000130s ]
SQL: SHOW COLUMNS FROM `ht_form` [ RunTime:0.0009s ]
SQL: SELECT * FROM `ht_form` WHERE `id` = 1898 AND `is_del` = 0 LIMIT 1   [ RunTime:0.0001s ]
SQL: show tables like 'ht_form_data_1898' [ RunTime:0.0014s ]
SQL: CREATE TABLE `ht_form_data_1898` (
              `id` int(10) unsigned NOT NULL AUTO_INCREMENT,
              `uid` int(10) unsigned NOT NULL DEFAULT '0',
              `foreign_id` int(10) unsigned NOT NULL DEFAULT '0',
              `data_1` varchar(255) NOT NULL DEFAULT '' comment '飒飒',`data_2` varchar(255) NOT NULL DEFAULT '' comment '猜猜',
              `is_del` tinyint(1) unsigned NOT NULL DEFAULT '0',
              `updatetime` int(10) unsigned NOT NULL DEFAULT '0',
              `dateline` int(10) unsigned NOT NULL DEFAULT '0',
              PRIMARY KEY (`id`),
              KEY `uid` (`uid`),
              KEY `foreign_id` (`foreign_id`)
            ) ENGINE=InnoDB DEFAULT CHARSET=utf8; [ RunTime:0.0417s ]
SQL: UPDATE `ht_form` SET `is_data_form`='1',`fields`='2',`content`='<table data-sort=\"sortDisabled\"><tbody><tr class=\"firstRow\"><td valign=\"top\" width=\"134\"><input orgtype=\"text\" orgwidth=\"150\" orgalign=\"left\" style=\"text-align: left; width: 150px;\" orghide=\"0\" leipiplugins=\"text\" value=\"\" title=\"飒飒\" name=\"data_1\" type=\"text\"/></td><td valign=\"top\" width=\"134\"><input orgtype=\"text\" orgwidth=\"150\" orgalign=\"left\" style=\"text-align: left; width: 150px;\" orghide=\"0\" leipiplugins=\"text\" value=\"\" title=\"猜猜\" name=\"data_2\" type=\"text\"/></td><td valign=\"top\" width=\"134\"><br/></td><td valign=\"top\" width=\"134\"><br/></td><td valign=\"top\" width=\"134\"><br/></td><td valign=\"top\" width=\"134\"><br/></td></tr><tr><td colspan=\"6\" rowspan=\"1\" valign=\"top\"><form leipiplugins=\"uploadfile\" remarks=\"\" title=\"数学\" style=\"display: inline;\" name=\"leipiNewField\"><input name=\"file\" uploadfilecontrol=\"1\" type=\"file\"/>&nbsp;<input value=\"上传\" uploadfilecontrol=\"1\" type=\"submit\"/></form></td></tr></tbody></table><p><br/></p>',`content_parse`='<table data-sort=\"sortDisabled\"><tbody><tr class=\"firstRow\"><td valign=\"top\" width=\"134\">{data_1}</td><td valign=\"top\" width=\"134\">{data_2}</td><td valign=\"top\" width=\"134\"><br/></td><td valign=\"top\" width=\"134\"><br/></td><td valign=\"top\" width=\"134\"><br/></td><td valign=\"top\" width=\"134\"><br/></td></tr><tr><td colspan=\"6\" rowspan=\"1\" valign=\"top\"><form leipiplugins=\"uploadfile\" remarks=\"\" title=\"数学\" style=\"display: inline;\" name=\"leipiNewField\">{file}&nbsp;<input value=\"上传\" uploadfilecontrol=\"1\" type=\"submit\"/></form></td></tr></tbody></table><p><br/></p>',`content_data`='a:3:{i:0;a:11:{s:7:\"orgtype\";s:4:\"text\";s:8:\"orgwidth\";s:3:\"150\";s:8:\"orgalign\";s:4:\"left\";s:5:\"style\";s:31:\"text-align: left; width: 150px;\";s:7:\"orghide\";s:1:\"0\";s:12:\"leipiplugins\";s:4:\"text\";s:5:\"value\";s:0:\"\";s:5:\"title\";s:6:\"飒飒\";s:4:\"name\";s:6:\"data_1\";s:4:\"type\";s:4:\"text\";s:7:\"content\";s:176:\"<input orgtype=\"text\" orgwidth=\"150\" orgalign=\"left\" style=\"text-align: left; width: 150px;\" orghide=\"0\" leipiplugins=\"text\" value=\"\" title=\"飒飒\" name=\"data_1\" type=\"text\"/>\";}i:1;a:11:{s:7:\"orgtype\";s:4:\"text\";s:8:\"orgwidth\";s:3:\"150\";s:8:\"orgalign\";s:4:\"left\";s:5:\"style\";s:31:\"text-align: left; width: 150px;\";s:7:\"orghide\";s:1:\"0\";s:12:\"leipiplugins\";s:4:\"text\";s:5:\"value\";s:0:\"\";s:5:\"title\";s:6:\"猜猜\";s:4:\"name\";s:6:\"data_2\";s:4:\"type\";s:4:\"text\";s:7:\"content\";s:176:\"<input orgtype=\"text\" orgwidth=\"150\" orgalign=\"left\" style=\"text-align: left; width: 150px;\" orghide=\"0\" leipiplugins=\"text\" value=\"\" title=\"猜猜\" name=\"data_2\" type=\"text\"/>\";}i:2;a:4:{s:4:\"name\";s:4:\"file\";s:17:\"uploadfilecontrol\";s:1:\"1\";s:4:\"type\";s:4:\"file\";s:7:\"content\";s:54:\"<input name=\"file\" uploadfilecontrol=\"1\" type=\"file\"/>\";}}',`updatetime`='1448003483' WHERE `id` = 1898 [ RunTime:0.0190s ]
NOTIC: [2] unlink(../Application/Runtime/Temp/21d9a5adf0e55158019e1c301ccb9502.php): No such file or directory /var/www/dzxt/s/tp/ThinkPHP/Library/Think/Cache/Driver/File.class.php 第 157 行.
INFO: [ app_end ] --START--
INFO: Run Behavior\ShowPageTraceBehavior [ RunTime:0.000054s ]
INFO: [ app_end ] --END-- [ RunTime:0.000122s ]

[ 2015-11-20T15:17:11+08:00 ] 14.113.207.89 /s/tp/wwwroot/index.php?s=/demo/formdesign/form_id/1898.html
INFO: [ app_init ] --START--
INFO: Run Behavior\BuildLiteBehavior [ RunTime:0.000021s ]
INFO: [ app_init ] --END-- [ RunTime:0.000165s ]
INFO: [ app_begin ] --START--
INFO: Run Behavior\ReadHtmlCacheBehavior [ RunTime:0.000069s ]
INFO: [ app_begin ] --END-- [ RunTime:0.000142s ]
SQL: SHOW COLUMNS FROM `ht_form` [ RunTime:0.0009s ]
SQL: SELECT * FROM `ht_form` WHERE `id` = 1898 AND `is_del` = 0 LIMIT 1   [ RunTime:0.0003s ]
INFO: [ app_end ] --START--
INFO: Run Behavior\ShowPageTraceBehavior [ RunTime:0.000093s ]
INFO: [ app_end ] --END-- [ RunTime:0.000165s ]

[ 2015-11-20T15:17:20+08:00 ] 14.113.207.89 /s/tp/wwwroot/index.php?s=/demo/formdesign/
INFO: [ app_init ] --START--
INFO: Run Behavior\BuildLiteBehavior [ RunTime:0.000020s ]
INFO: [ app_init ] --END-- [ RunTime:0.000153s ]
INFO: [ app_begin ] --START--
INFO: Run Behavior\ReadHtmlCacheBehavior [ RunTime:0.000054s ]
INFO: [ app_begin ] --END-- [ RunTime:0.000125s ]
SQL: SHOW COLUMNS FROM `ht_form` [ RunTime:0.0009s ]
SQL: SELECT * FROM `ht_form` WHERE `id` = 1898 AND `is_del` = 0 LIMIT 1   [ RunTime:0.0001s ]
SQL: show tables like 'ht_form_data_1898' [ RunTime:0.0014s ]
SQL: SHOW COLUMNS FROM `ht_form_data_1898` [ RunTime:0.0005s ]
SQL: UPDATE `ht_form` SET `is_data_form`='2',`fields`='2',`content`='<table data-sort=\"sortDisabled\"><tbody><tr class=\"firstRow\"><td valign=\"top\" width=\"134\"><input orgtype=\"text\" orgwidth=\"150\" orgalign=\"left\" style=\"text-align: left; width: 150px;\" orghide=\"0\" leipiplugins=\"text\" value=\"\" title=\"飒飒\" name=\"data_1\" type=\"text\"/></td><td valign=\"top\" width=\"134\"><input orgtype=\"text\" orgwidth=\"150\" orgalign=\"left\" style=\"text-align: left; width: 150px;\" orghide=\"0\" leipiplugins=\"text\" value=\"\" title=\"猜猜\" name=\"data_2\" type=\"text\"/></td><td valign=\"top\" width=\"134\"><br/></td><td valign=\"top\" width=\"134\"><br/></td><td valign=\"top\" width=\"134\"><br/></td><td valign=\"top\" width=\"134\"><br/></td></tr><tr><td colspan=\"6\" rowspan=\"1\" valign=\"top\"><form leipiplugins=\"uploadfile\" remarks=\"\" title=\"数学\" style=\"display: inline;\" name=\"leipiNewField\"><input name=\"file\" uploadfilecontrol=\"1\" type=\"file\"/>&nbsp;<input value=\"上传\" uploadfilecontrol=\"1\" type=\"submit\"/></form></td></tr></tbody></table><p><br/></p>',`content_parse`='<table data-sort=\"sortDisabled\"><tbody><tr class=\"firstRow\"><td valign=\"top\" width=\"134\">{data_1}</td><td valign=\"top\" width=\"134\">{data_2}</td><td valign=\"top\" width=\"134\"><br/></td><td valign=\"top\" width=\"134\"><br/></td><td valign=\"top\" width=\"134\"><br/></td><td valign=\"top\" width=\"134\"><br/></td></tr><tr><td colspan=\"6\" rowspan=\"1\" valign=\"top\"><form leipiplugins=\"uploadfile\" remarks=\"\" title=\"数学\" style=\"display: inline;\" name=\"leipiNewField\">{file}&nbsp;<input value=\"上传\" uploadfilecontrol=\"1\" type=\"submit\"/></form></td></tr></tbody></table><p><br/></p>',`content_data`='a:3:{i:0;a:11:{s:7:\"orgtype\";s:4:\"text\";s:8:\"orgwidth\";s:3:\"150\";s:8:\"orgalign\";s:4:\"left\";s:5:\"style\";s:31:\"text-align: left; width: 150px;\";s:7:\"orghide\";s:1:\"0\";s:12:\"leipiplugins\";s:4:\"text\";s:5:\"value\";s:0:\"\";s:5:\"title\";s:6:\"飒飒\";s:4:\"name\";s:6:\"data_1\";s:4:\"type\";s:4:\"text\";s:7:\"content\";s:176:\"<input orgtype=\"text\" orgwidth=\"150\" orgalign=\"left\" style=\"text-align: left; width: 150px;\" orghide=\"0\" leipiplugins=\"text\" value=\"\" title=\"飒飒\" name=\"data_1\" type=\"text\"/>\";}i:1;a:11:{s:7:\"orgtype\";s:4:\"text\";s:8:\"orgwidth\";s:3:\"150\";s:8:\"orgalign\";s:4:\"left\";s:5:\"style\";s:31:\"text-align: left; width: 150px;\";s:7:\"orghide\";s:1:\"0\";s:12:\"leipiplugins\";s:4:\"text\";s:5:\"value\";s:0:\"\";s:5:\"title\";s:6:\"猜猜\";s:4:\"name\";s:6:\"data_2\";s:4:\"type\";s:4:\"text\";s:7:\"content\";s:176:\"<input orgtype=\"text\" orgwidth=\"150\" orgalign=\"left\" style=\"text-align: left; width: 150px;\" orghide=\"0\" leipiplugins=\"text\" value=\"\" title=\"猜猜\" name=\"data_2\" type=\"text\"/>\";}i:2;a:4:{s:4:\"name\";s:4:\"file\";s:17:\"uploadfilecontrol\";s:1:\"1\";s:4:\"type\";s:4:\"file\";s:7:\"content\";s:54:\"<input name=\"file\" uploadfilecontrol=\"1\" type=\"file\"/>\";}}',`updatetime`='1448003840' WHERE `id` = 1898 [ RunTime:0.0239s ]
NOTIC: [2] unlink(../Application/Runtime/Temp/21d9a5adf0e55158019e1c301ccb9502.php): No such file or directory /var/www/dzxt/s/tp/ThinkPHP/Library/Think/Cache/Driver/File.class.php 第 157 行.
INFO: [ app_end ] --START--
INFO: Run Behavior\ShowPageTraceBehavior [ RunTime:0.000054s ]
INFO: [ app_end ] --END-- [ RunTime:0.000124s ]

[ 2015-11-20T15:18:33+08:00 ] 14.113.207.89 /s/tp/wwwroot/index.php?s=/demo/formdesign/form_id/1898.html
INFO: [ app_init ] --START--
INFO: Run Behavior\BuildLiteBehavior [ RunTime:0.000020s ]
INFO: [ app_init ] --END-- [ RunTime:0.000151s ]
INFO: [ app_begin ] --START--
INFO: Run Behavior\ReadHtmlCacheBehavior [ RunTime:0.000068s ]
INFO: [ app_begin ] --END-- [ RunTime:0.000139s ]
SQL: SHOW COLUMNS FROM `ht_form` [ RunTime:0.0008s ]
SQL: SELECT * FROM `ht_form` WHERE `id` = 1898 AND `is_del` = 0 LIMIT 1   [ RunTime:0.0002s ]
INFO: [ app_end ] --START--
INFO: Run Behavior\ShowPageTraceBehavior [ RunTime:0.000062s ]
INFO: [ app_end ] --END-- [ RunTime:0.000132s ]

[ 2015-11-20T15:18:39+08:00 ] 14.113.207.89 /s/tp/wwwroot/index.php?s=/demo/formdesign/
INFO: [ app_init ] --START--
INFO: Run Behavior\BuildLiteBehavior [ RunTime:0.000020s ]
INFO: [ app_init ] --END-- [ RunTime:0.000147s ]
INFO: [ app_begin ] --START--
INFO: Run Behavior\ReadHtmlCacheBehavior [ RunTime:0.000061s ]
INFO: [ app_begin ] --END-- [ RunTime:0.000133s ]
SQL: SHOW COLUMNS FROM `ht_form` [ RunTime:0.0009s ]
SQL: SELECT * FROM `ht_form` WHERE `id` = 1898 AND `is_del` = 0 LIMIT 1   [ RunTime:0.0001s ]
SQL: show tables like 'ht_form_data_1898' [ RunTime:0.0014s ]
SQL: SHOW COLUMNS FROM `ht_form_data_1898` [ RunTime:0.0005s ]
SQL: UPDATE `ht_form` SET `is_data_form`='0',`fields`='2',`content`='<table data-sort=\"sortDisabled\"><tbody><tr class=\"firstRow\"><td valign=\"top\" width=\"134\"><input orgtype=\"text\" orgwidth=\"150\" orgalign=\"left\" style=\"text-align: left; width: 150px;\" orghide=\"0\" leipiplugins=\"text\" value=\"\" title=\"飒飒\" name=\"data_1\" type=\"text\"/></td><td valign=\"top\" width=\"134\"><input orgtype=\"text\" orgwidth=\"150\" orgalign=\"left\" style=\"text-align: left; width: 150px;\" orghide=\"0\" leipiplugins=\"text\" value=\"\" title=\"猜猜\" name=\"data_2\" type=\"text\"/></td><td valign=\"top\" width=\"134\"><br/></td><td valign=\"top\" width=\"134\"><br/></td><td valign=\"top\" width=\"134\"><br/></td><td valign=\"top\" width=\"134\"><br/></td></tr><tr><td colspan=\"6\" rowspan=\"1\" valign=\"top\"><form leipiplugins=\"uploadfile\" remarks=\"\" title=\"数学\" style=\"display: inline;\" name=\"leipiNewField\"><input name=\"file\" uploadfilecontrol=\"1\" type=\"file\"/>&nbsp;<input value=\"上传\" uploadfilecontrol=\"1\" type=\"submit\"/></form></td></tr></tbody></table><p><br/></p>',`content_parse`='<table data-sort=\"sortDisabled\"><tbody><tr class=\"firstRow\"><td valign=\"top\" width=\"134\">{data_1}</td><td valign=\"top\" width=\"134\">{data_2}</td><td valign=\"top\" width=\"134\"><br/></td><td valign=\"top\" width=\"134\"><br/></td><td valign=\"top\" width=\"134\"><br/></td><td valign=\"top\" width=\"134\"><br/></td></tr><tr><td colspan=\"6\" rowspan=\"1\" valign=\"top\"><form leipiplugins=\"uploadfile\" remarks=\"\" title=\"数学\" style=\"display: inline;\" name=\"leipiNewField\">{file}&nbsp;<input value=\"上传\" uploadfilecontrol=\"1\" type=\"submit\"/></form></td></tr></tbody></table><p><br/></p>',`content_data`='a:3:{i:0;a:11:{s:7:\"orgtype\";s:4:\"text\";s:8:\"orgwidth\";s:3:\"150\";s:8:\"orgalign\";s:4:\"left\";s:5:\"style\";s:31:\"text-align: left; width: 150px;\";s:7:\"orghide\";s:1:\"0\";s:12:\"leipiplugins\";s:4:\"text\";s:5:\"value\";s:0:\"\";s:5:\"title\";s:6:\"飒飒\";s:4:\"name\";s:6:\"data_1\";s:4:\"type\";s:4:\"text\";s:7:\"content\";s:176:\"<input orgtype=\"text\" orgwidth=\"150\" orgalign=\"left\" style=\"text-align: left; width: 150px;\" orghide=\"0\" leipiplugins=\"text\" value=\"\" title=\"飒飒\" name=\"data_1\" type=\"text\"/>\";}i:1;a:11:{s:7:\"orgtype\";s:4:\"text\";s:8:\"orgwidth\";s:3:\"150\";s:8:\"orgalign\";s:4:\"left\";s:5:\"style\";s:31:\"text-align: left; width: 150px;\";s:7:\"orghide\";s:1:\"0\";s:12:\"leipiplugins\";s:4:\"text\";s:5:\"value\";s:0:\"\";s:5:\"title\";s:6:\"猜猜\";s:4:\"name\";s:6:\"data_2\";s:4:\"type\";s:4:\"text\";s:7:\"content\";s:176:\"<input orgtype=\"text\" orgwidth=\"150\" orgalign=\"left\" style=\"text-align: left; width: 150px;\" orghide=\"0\" leipiplugins=\"text\" value=\"\" title=\"猜猜\" name=\"data_2\" type=\"text\"/>\";}i:2;a:4:{s:4:\"name\";s:4:\"file\";s:17:\"uploadfilecontrol\";s:1:\"1\";s:4:\"type\";s:4:\"file\";s:7:\"content\";s:54:\"<input name=\"file\" uploadfilecontrol=\"1\" type=\"file\"/>\";}}',`updatetime`='1448003919' WHERE `id` = 1898 [ RunTime:0.0277s ]
NOTIC: [2] unlink(../Application/Runtime/Temp/21d9a5adf0e55158019e1c301ccb9502.php): No such file or directory /var/www/dzxt/s/tp/ThinkPHP/Library/Think/Cache/Driver/File.class.php 第 157 行.
INFO: [ app_end ] --START--
INFO: Run Behavior\ShowPageTraceBehavior [ RunTime:0.000052s ]
INFO: [ app_end ] --END-- [ RunTime:0.000127s ]

[ 2015-11-20T15:49:14+08:00 ] 14.113.207.89 /s/tp/wwwroot/index.php?s=/Home/Demo/add.html
INFO: [ app_init ] --START--
INFO: Run Behavior\BuildLiteBehavior [ RunTime:0.000020s ]
INFO: [ app_init ] --END-- [ RunTime:0.000158s ]
INFO: [ app_begin ] --START--
INFO: Run Behavior\ReadHtmlCacheBehavior [ RunTime:0.000061s ]
INFO: [ app_begin ] --END-- [ RunTime:0.000132s ]
SQL: SHOW COLUMNS FROM `ht_form` [ RunTime:0.0008s ]
SQL: INSERT INTO `ht_form` (`form_name`,`form_desc`,`updatetime`,`type`,`dateline`,`pid`,`creater_uid`) VALUES ('恐慌感','','1448005754','0','1448005754','1612','176') [ RunTime:0.0263s ]
NOTIC: [2] unlink(../Application/Runtime/Temp/21d9a5adf0e55158019e1c301ccb9502.php): No such file or directory /var/www/dzxt/s/tp/ThinkPHP/Library/Think/Cache/Driver/File.class.php 第 157 行.
INFO: [ app_end ] --START--
INFO: Run Behavior\ShowPageTraceBehavior [ RunTime:0.000065s ]
INFO: [ app_end ] --END-- [ RunTime:0.000135s ]

[ 2015-11-20T15:49:43+08:00 ] 14.113.207.89 /s/tp/wwwroot/index.php?s=/demo/formdesign/form_id/1899.html
INFO: [ app_init ] --START--
INFO: Run Behavior\BuildLiteBehavior [ RunTime:0.000021s ]
INFO: [ app_init ] --END-- [ RunTime:0.000149s ]
INFO: [ app_begin ] --START--
INFO: Run Behavior\ReadHtmlCacheBehavior [ RunTime:0.000065s ]
INFO: [ app_begin ] --END-- [ RunTime:0.000135s ]
SQL: SHOW COLUMNS FROM `ht_form` [ RunTime:0.0009s ]
SQL: SELECT * FROM `ht_form` WHERE `id` = 1899 AND `is_del` = 0 LIMIT 1   [ RunTime:0.0003s ]
INFO: [ app_end ] --START--
INFO: Run Behavior\ShowPageTraceBehavior [ RunTime:0.000059s ]
INFO: [ app_end ] --END-- [ RunTime:0.000129s ]

[ 2015-11-20T15:53:15+08:00 ] 14.113.207.89 /s/tp/wwwroot/index.php?s=/demo/formdesign/
INFO: [ app_init ] --START--
INFO: Run Behavior\BuildLiteBehavior [ RunTime:0.000020s ]
INFO: [ app_init ] --END-- [ RunTime:0.000174s ]
INFO: [ app_begin ] --START--
INFO: Run Behavior\ReadHtmlCacheBehavior [ RunTime:0.000061s ]
INFO: [ app_begin ] --END-- [ RunTime:0.000133s ]
SQL: SHOW COLUMNS FROM `ht_form` [ RunTime:0.0009s ]
SQL: SELECT * FROM `ht_form` WHERE `id` = 1899 AND `is_del` = 0 LIMIT 1   [ RunTime:0.0001s ]
SQL: show tables like 'ht_form_data_1899' [ RunTime:0.0014s ]
SQL: CREATE TABLE `ht_form_data_1899` (
              `id` int(10) unsigned NOT NULL AUTO_INCREMENT,
              `uid` int(10) unsigned NOT NULL DEFAULT '0',
              `foreign_id` int(10) unsigned NOT NULL DEFAULT '0',
              `data_1` varchar(255) NOT NULL DEFAULT '' comment '看吉安帕， ',
              `is_del` tinyint(1) unsigned NOT NULL DEFAULT '0',
              `updatetime` int(10) unsigned NOT NULL DEFAULT '0',
              `dateline` int(10) unsigned NOT NULL DEFAULT '0',
              PRIMARY KEY (`id`),
              KEY `uid` (`uid`),
              KEY `foreign_id` (`foreign_id`)
            ) ENGINE=InnoDB DEFAULT CHARSET=utf8; [ RunTime:0.0478s ]
SQL: UPDATE `ht_form` SET `is_data_form`='1',`fields`='1',`content`='<table data-sort=\"sortDisabled\"><tbody><tr class=\"firstRow\"><td valign=\"top\" width=\"211\"><input orgtype=\"text\" orgwidth=\"150\" orgalign=\"left\" style=\"text-align: left; width: 150px;\" orghide=\"0\" leipiplugins=\"text\" value=\"\" title=\"看吉安帕， \" name=\"data_1\" type=\"text\"/></td><td valign=\"top\" width=\"211\"><br/></td><td valign=\"top\" width=\"211\"><br/></td><td valign=\"top\" width=\"211\"><br/></td></tr><tr><td colspan=\"3\" rowspan=\"1\" valign=\"top\"><form leipiplugins=\"uploadfile\" remarks=\"\" title=\"错误的\" style=\"display: inline;\" name=\"leipiNewField\"><input name=\"file\" uploadfilecontrol=\"1\" type=\"file\"/>&nbsp;<input value=\"上传\" uploadfilecontrol=\"1\" type=\"submit\"/></form></td><td valign=\"top\" width=\"211\"><br/></td></tr></tbody></table><p><br/></p>',`content_parse`='<table data-sort=\"sortDisabled\"><tbody><tr class=\"firstRow\"><td valign=\"top\" width=\"211\">{data_1}</td><td valign=\"top\" width=\"211\"><br/></td><td valign=\"top\" width=\"211\"><br/></td><td valign=\"top\" width=\"211\"><br/></td></tr><tr><td colspan=\"3\" rowspan=\"1\" valign=\"top\"><form leipiplugins=\"uploadfile\" remarks=\"\" title=\"错误的\" style=\"display: inline;\" name=\"leipiNewField\">{file}&nbsp;<input value=\"上传\" uploadfilecontrol=\"1\" type=\"submit\"/></form></td><td valign=\"top\" width=\"211\"><br/></td></tr></tbody></table><p><br/></p>',`content_data`='a:2:{i:0;a:11:{s:7:\"orgtype\";s:4:\"text\";s:8:\"orgwidth\";s:3:\"150\";s:8:\"orgalign\";s:4:\"left\";s:5:\"style\";s:31:\"text-align: left; width: 150px;\";s:7:\"orghide\";s:1:\"0\";s:12:\"leipiplugins\";s:4:\"text\";s:5:\"value\";s:0:\"\";s:5:\"title\";s:16:\"看吉安帕， \";s:4:\"name\";s:6:\"data_1\";s:4:\"type\";s:4:\"text\";s:7:\"content\";s:186:\"<input orgtype=\"text\" orgwidth=\"150\" orgalign=\"left\" style=\"text-align: left; width: 150px;\" orghide=\"0\" leipiplugins=\"text\" value=\"\" title=\"看吉安帕， \" name=\"data_1\" type=\"text\"/>\";}i:1;a:4:{s:4:\"name\";s:4:\"file\";s:17:\"uploadfilecontrol\";s:1:\"1\";s:4:\"type\";s:4:\"file\";s:7:\"content\";s:54:\"<input name=\"file\" uploadfilecontrol=\"1\" type=\"file\"/>\";}}',`updatetime`='1448005995' WHERE `id` = 1899 [ RunTime:0.0257s ]
NOTIC: [2] unlink(../Application/Runtime/Temp/21d9a5adf0e55158019e1c301ccb9502.php): No such file or directory /var/www/dzxt/s/tp/ThinkPHP/Library/Think/Cache/Driver/File.class.php 第 157 行.
INFO: [ app_end ] --START--
INFO: Run Behavior\ShowPageTraceBehavior [ RunTime:0.000060s ]
INFO: [ app_end ] --END-- [ RunTime:0.000128s ]

[ 2015-11-20T16:17:57+08:00 ] 14.113.207.89 /s/tp/wwwroot/index.php?s=/Home/Demo/del.html
INFO: [ app_init ] --START--
INFO: Run Behavior\BuildLiteBehavior [ RunTime:0.000020s ]
INFO: [ app_init ] --END-- [ RunTime:0.000156s ]
INFO: [ app_begin ] --START--
INFO: Run Behavior\ReadHtmlCacheBehavior [ RunTime:0.000060s ]
INFO: [ app_begin ] --END-- [ RunTime:0.000133s ]
SQL: SHOW COLUMNS FROM `ht_form` [ RunTime:0.0009s ]
SQL: SELECT * FROM `ht_form` WHERE `pid` = 1898 LIMIT 1   [ RunTime:0.0092s ]
SQL: DELETE FROM `ht_form` WHERE `id` = 1898 [ RunTime:0.0275s ]
SQL: SHOW COLUMNS FROM `ht_power` [ RunTime:0.0007s ]
SQL: DELETE FROM `ht_power` WHERE `form_id` = 1898 [ RunTime:0.0226s ]
INFO: [ app_end ] --START--
INFO: Run Behavior\ShowPageTraceBehavior [ RunTime:0.000115s ]
INFO: [ app_end ] --END-- [ RunTime:0.000186s ]

[ 2015-11-20T16:18:08+08:00 ] 14.113.207.89 /s/tp/wwwroot/index.php?s=/Home/Demo/del.html
INFO: [ app_init ] --START--
INFO: Run Behavior\BuildLiteBehavior [ RunTime:0.000021s ]
INFO: [ app_init ] --END-- [ RunTime:0.000154s ]
INFO: [ app_begin ] --START--
INFO: Run Behavior\ReadHtmlCacheBehavior [ RunTime:0.000061s ]
INFO: [ app_begin ] --END-- [ RunTime:0.000133s ]
SQL: SHOW COLUMNS FROM `ht_form` [ RunTime:0.0009s ]
SQL: SELECT * FROM `ht_form` WHERE `pid` = 1899 LIMIT 1   [ RunTime:0.0091s ]
SQL: DELETE FROM `ht_form` WHERE `id` = 1899 [ RunTime:0.0228s ]
SQL: SHOW COLUMNS FROM `ht_power` [ RunTime:0.0006s ]
SQL: DELETE FROM `ht_power` WHERE `form_id` = 1899 [ RunTime:0.0272s ]
INFO: [ app_end ] --START--
INFO: Run Behavior\ShowPageTraceBehavior [ RunTime:0.000107s ]
INFO: [ app_end ] --END-- [ RunTime:0.000177s ]

