[ 2015-11-11T14:28:27+08:00 ] 127.0.0.1 /s/tp/wwwroot/index.php?s=/demo/formdesign/form_id/135.html
INFO: [ app_init ] --START--
INFO: Run Behavior\BuildLiteBehavior [ RunTime:0.000000s ]
INFO: [ app_init ] --END-- [ RunTime:0.000977s ]
INFO: [ app_begin ] --START--
INFO: Run Behavior\ReadHtmlCacheBehavior [ RunTime:0.000977s ]
INFO: [ app_begin ] --END-- [ RunTime:0.001953s ]
SQL: SHOW COLUMNS FROM `ht_form` [ RunTime:0.0068s ]
SQL: SELECT * FROM `ht_form` WHERE `id` = 135 AND `is_del` = 0 LIMIT 1   [ RunTime:0.0020s ]
INFO: [ app_end ] --START--
INFO: Run Behavior\ShowPageTraceBehavior [ RunTime:0.000977s ]
INFO: [ app_end ] --END-- [ RunTime:0.001953s ]

[ 2015-11-11T14:29:17+08:00 ] 127.0.0.1 /s/tp/wwwroot/index.php?s=/demo/formdesign/form_id/142.html
INFO: [ app_init ] --START--
INFO: Run Behavior\BuildLiteBehavior [ RunTime:0.000000s ]
INFO: [ app_init ] --END-- [ RunTime:0.000977s ]
INFO: [ app_begin ] --START--
INFO: Run Behavior\ReadHtmlCacheBehavior [ RunTime:0.000977s ]
INFO: [ app_begin ] --END-- [ RunTime:0.000977s ]
SQL: SHOW COLUMNS FROM `ht_form` [ RunTime:0.0039s ]
SQL: SELECT * FROM `ht_form` WHERE `id` = 142 AND `is_del` = 0 LIMIT 1   [ RunTime:0.0020s ]
INFO: [ app_end ] --START--
INFO: Run Behavior\ShowPageTraceBehavior [ RunTime:0.001953s ]
INFO: [ app_end ] --END-- [ RunTime:0.001953s ]

[ 2015-11-11T14:29:20+08:00 ] 127.0.0.1 /s/tp/wwwroot/index.php?s=/demo/formdesign/form_id/135.html
INFO: [ app_init ] --START--
INFO: Run Behavior\BuildLiteBehavior [ RunTime:0.000000s ]
INFO: [ app_init ] --END-- [ RunTime:0.001953s ]
INFO: [ app_begin ] --START--
INFO: Run Behavior\ReadHtmlCacheBehavior [ RunTime:0.000977s ]
INFO: [ app_begin ] --END-- [ RunTime:0.000977s ]
SQL: SHOW COLUMNS FROM `ht_form` [ RunTime:0.0117s ]
SQL: SELECT * FROM `ht_form` WHERE `id` = 135 AND `is_del` = 0 LIMIT 1   [ RunTime:0.0029s ]
INFO: [ app_end ] --START--
INFO: Run Behavior\ShowPageTraceBehavior [ RunTime:0.001954s ]
INFO: [ app_end ] --END-- [ RunTime:0.001954s ]

[ 2015-11-11T14:30:08+08:00 ] 127.0.0.1 /s/tp/wwwroot/index.php?s=/demo/formdesign/
INFO: [ app_init ] --START--
INFO: Run Behavior\BuildLiteBehavior [ RunTime:0.000976s ]
INFO: [ app_init ] --END-- [ RunTime:0.000976s ]
INFO: [ app_begin ] --START--
INFO: Run Behavior\ReadHtmlCacheBehavior [ RunTime:0.000976s ]
INFO: [ app_begin ] --END-- [ RunTime:0.000976s ]
SQL: SHOW COLUMNS FROM `ht_form` [ RunTime:0.0078s ]
SQL: SELECT * FROM `ht_form` WHERE `id` = 135 AND `is_del` = 0 LIMIT 1   [ RunTime:0.0020s ]
SQL: show tables like 'ht_form_data_135' [ RunTime:0.0020s ]
SQL: SHOW COLUMNS FROM `ht_form_data_135` [ RunTime:0.0049s ]
SQL: UPDATE `ht_form` SET `is_data_form`='1',`fields`='3',`content`='<p>请假人：&nbsp;<input name=\"data_1\" title=\"请假人\" value=\"\" leipiplugins=\"text\" orghide=\"0\" orgalign=\"left\" orgwidth=\"150\" orgtype=\"text\" style=\"text-align: left; width: 150px;\" type=\"text\"/></p><p>请假时间：<input name=\"data_2\" value=\"{macros}\" title=\"请假时间\" leipiplugins=\"macros\" orgtype=\"sys_date_cn\" orghide=\"0\" orgwidth=\"150\" style=\"width: 150px;\" type=\"text\"/></p><p>请假天数：<input name=\"data_3\" title=\"请假天数\" value=\"\" leipiplugins=\"text\" orghide=\"0\" orgalign=\"left\" orgwidth=\"60\" orgtype=\"text\" style=\"text-align: left; width: 60px;\" type=\"text\"/>&nbsp;天</p>',`content_parse`='<p>请假人：&nbsp;{data_1}</p><p>请假时间：{data_2}</p><p>请假天数：{data_3}&nbsp;天</p>',`content_data`='a:3:{i:0;a:11:{s:4:\"name\";s:6:\"data_1\";s:5:\"title\";s:9:\"请假人\";s:5:\"value\";s:0:\"\";s:12:\"leipiplugins\";s:4:\"text\";s:7:\"orghide\";s:1:\"0\";s:8:\"orgalign\";s:4:\"left\";s:8:\"orgwidth\";s:3:\"150\";s:7:\"orgtype\";s:4:\"text\";s:5:\"style\";s:31:\"text-align: left; width: 150px;\";s:4:\"type\";s:4:\"text\";s:7:\"content\";s:179:\"<input name=\"data_1\" title=\"请假人\" value=\"\" leipiplugins=\"text\" orghide=\"0\" orgalign=\"left\" orgwidth=\"150\" orgtype=\"text\" style=\"text-align: left; width: 150px;\" type=\"text\"/>\";}i:1;a:10:{s:4:\"name\";s:6:\"data_2\";s:5:\"value\";s:8:\"{macros}\";s:5:\"title\";s:12:\"请假时间\";s:12:\"leipiplugins\";s:6:\"macros\";s:7:\"orgtype\";s:11:\"sys_date_cn\";s:7:\"orghide\";s:1:\"0\";s:8:\"orgwidth\";s:3:\"150\";s:5:\"style\";s:13:\"width: 150px;\";s:4:\"type\";s:4:\"text\";s:7:\"content\";s:165:\"<input name=\"data_2\" value=\"{macros}\" title=\"请假时间\" leipiplugins=\"macros\" orgtype=\"sys_date_cn\" orghide=\"0\" orgwidth=\"150\" style=\"width: 150px;\" type=\"text\"/>\";}i:2;a:11:{s:4:\"name\";s:6:\"data_3\";s:5:\"title\";s:12:\"请假天数\";s:5:\"value\";s:0:\"\";s:12:\"leipiplugins\";s:4:\"text\";s:7:\"orghide\";s:1:\"0\";s:8:\"orgalign\";s:4:\"left\";s:8:\"orgwidth\";s:2:\"60\";s:7:\"orgtype\";s:4:\"text\";s:5:\"style\";s:30:\"text-align: left; width: 60px;\";s:4:\"type\";s:4:\"text\";s:7:\"content\";s:180:\"<input name=\"data_3\" title=\"请假天数\" value=\"\" leipiplugins=\"text\" orghide=\"0\" orgalign=\"left\" orgwidth=\"60\" orgtype=\"text\" style=\"text-align: left; width: 60px;\" type=\"text\"/>\";}}',`updatetime`='1447223408' WHERE `id` = 135 [ RunTime:0.0088s ]
NOTIC: [2] unlink(../Application/Runtime/Temp/21d9a5adf0e55158019e1c301ccb9502.php): No such file or directory D:\wamp64\www\dzxt\s\tp\ThinkPHP\Library\Think\Cache\Driver\File.class.php 第 157 行.
INFO: [ app_end ] --START--
INFO: Run Behavior\ShowPageTraceBehavior [ RunTime:0.001953s ]
INFO: [ app_end ] --END-- [ RunTime:0.001953s ]

[ 2015-11-11T14:30:09+08:00 ] 127.0.0.1 /s/tp/wwwroot/index.php?s=/demo/formdesign/form_id/135.html
INFO: [ app_init ] --START--
INFO: Run Behavior\BuildLiteBehavior [ RunTime:0.000000s ]
INFO: [ app_init ] --END-- [ RunTime:0.000976s ]
INFO: [ app_begin ] --START--
INFO: Run Behavior\ReadHtmlCacheBehavior [ RunTime:0.000976s ]
INFO: [ app_begin ] --END-- [ RunTime:0.001953s ]
SQL: SHOW COLUMNS FROM `ht_form` [ RunTime:0.0059s ]
SQL: SELECT * FROM `ht_form` WHERE `id` = 135 AND `is_del` = 0 LIMIT 1   [ RunTime:0.0020s ]
INFO: [ app_end ] --START--
INFO: Run Behavior\ShowPageTraceBehavior [ RunTime:0.001953s ]
INFO: [ app_end ] --END-- [ RunTime:0.001953s ]

[ 2015-11-11T16:07:17+08:00 ] 127.0.0.1 /s/tp/wwwroot/index.php?s=/demo/formdesign/form_id/246.html
INFO: [ app_init ] --START--
INFO: Run Behavior\BuildLiteBehavior [ RunTime:0.000000s ]
INFO: [ app_init ] --END-- [ RunTime:0.000977s ]
INFO: [ app_begin ] --START--
INFO: Run Behavior\ReadHtmlCacheBehavior [ RunTime:0.001953s ]
INFO: [ app_begin ] --END-- [ RunTime:0.001953s ]
SQL: SHOW COLUMNS FROM `ht_form` [ RunTime:0.0117s ]
SQL: SELECT * FROM `ht_form` WHERE `id` = 246 AND `is_del` = 0 LIMIT 1   [ RunTime:0.0010s ]
INFO: [ app_end ] --START--
INFO: Run Behavior\ShowPageTraceBehavior [ RunTime:0.000977s ]
INFO: [ app_end ] --END-- [ RunTime:0.000977s ]

[ 2015-11-11T17:54:14+08:00 ] 127.0.0.1 /s/tp/wwwroot/index.php?s=/demo/formdesign/form_id/246.html
INFO: [ app_init ] --START--
INFO: Run Behavior\BuildLiteBehavior [ RunTime:0.000000s ]
INFO: [ app_init ] --END-- [ RunTime:0.000976s ]
INFO: [ app_begin ] --START--
INFO: Run Behavior\ReadHtmlCacheBehavior [ RunTime:0.000977s ]
INFO: [ app_begin ] --END-- [ RunTime:0.001953s ]
SQL: SHOW COLUMNS FROM `ht_form` [ RunTime:0.0117s ]
SQL: SELECT * FROM `ht_form` WHERE `id` = 246 AND `is_del` = 0 LIMIT 1   [ RunTime:0.0029s ]
INFO: [ app_end ] --START--
INFO: Run Behavior\ShowPageTraceBehavior [ RunTime:0.001953s ]
INFO: [ app_end ] --END-- [ RunTime:0.001953s ]

[ 2015-11-11T17:54:25+08:00 ] 127.0.0.1 /s/tp/wwwroot/index.php?s=/demo/formdesign/
INFO: [ app_init ] --START--
INFO: Run Behavior\BuildLiteBehavior [ RunTime:0.000000s ]
INFO: [ app_init ] --END-- [ RunTime:0.000977s ]
INFO: [ app_begin ] --START--
INFO: Run Behavior\ReadHtmlCacheBehavior [ RunTime:0.000977s ]
INFO: [ app_begin ] --END-- [ RunTime:0.000977s ]
SQL: SHOW COLUMNS FROM `ht_form` [ RunTime:0.0127s ]
SQL: SELECT * FROM `ht_form` WHERE `id` = 246 AND `is_del` = 0 LIMIT 1   [ RunTime:0.0029s ]
SQL: show tables like 'ht_form_data_246' [ RunTime:0.0039s ]
SQL: CREATE TABLE `ht_form_data_246` (
              `id` int(10) unsigned NOT NULL AUTO_INCREMENT,
              `uid` int(10) unsigned NOT NULL DEFAULT '0',
              `foreign_id` int(10) unsigned NOT NULL DEFAULT '0',
              `data_1` varchar(255) NOT NULL DEFAULT '' comment 'fsfsf',
              `is_del` tinyint(1) unsigned NOT NULL DEFAULT '0',
              `updatetime` int(10) unsigned NOT NULL DEFAULT '0',
              `dateline` int(10) unsigned NOT NULL DEFAULT '0',
              PRIMARY KEY (`id`),
              KEY `uid` (`uid`),
              KEY `foreign_id` (`foreign_id`)
            ) ENGINE=InnoDB DEFAULT CHARSET=utf8; [ RunTime:0.0225s ]
SQL: UPDATE `ht_form` SET `is_data_form`='0',`fields`='1',`content`='<p>dsdsff<input name=\"data_1\" type=\"text\" title=\"fsfsf\" value=\"\" leipiplugins=\"text\" orghide=\"0\" orgalign=\"left\" orgwidth=\"150\" orgtype=\"text\" style=\"text-align: left; width: 150px;\"/></p>',`content_parse`='<p>dsdsff{data_1}</p>',`content_data`='a:1:{i:0;a:11:{s:4:\"name\";s:6:\"data_1\";s:4:\"type\";s:4:\"text\";s:5:\"title\";s:5:\"fsfsf\";s:5:\"value\";s:0:\"\";s:12:\"leipiplugins\";s:4:\"text\";s:7:\"orghide\";s:1:\"0\";s:8:\"orgalign\";s:4:\"left\";s:8:\"orgwidth\";s:3:\"150\";s:7:\"orgtype\";s:4:\"text\";s:5:\"style\";s:31:\"text-align: left; width: 150px;\";s:7:\"content\";s:175:\"<input name=\"data_1\" type=\"text\" title=\"fsfsf\" value=\"\" leipiplugins=\"text\" orghide=\"0\" orgalign=\"left\" orgwidth=\"150\" orgtype=\"text\" style=\"text-align: left; width: 150px;\"/>\";}}',`updatetime`='1447235665' WHERE `id` = 246 [ RunTime:0.0039s ]
NOTIC: [2] unlink(../Application/Runtime/Temp/21d9a5adf0e55158019e1c301ccb9502.php): No such file or directory D:\wamp64\www\dzxt\s\tp\ThinkPHP\Library\Think\Cache\Driver\File.class.php 第 157 行.
INFO: [ app_end ] --START--
INFO: Run Behavior\ShowPageTraceBehavior [ RunTime:0.001953s ]
INFO: [ app_end ] --END-- [ RunTime:0.001953s ]

[ 2015-11-11T17:54:26+08:00 ] 127.0.0.1 /s/tp/wwwroot/index.php?s=/demo/formdesign/form_id/246.html
INFO: [ app_init ] --START--
INFO: Run Behavior\BuildLiteBehavior [ RunTime:0.000000s ]
INFO: [ app_init ] --END-- [ RunTime:0.000000s ]
INFO: [ app_begin ] --START--
INFO: Run Behavior\ReadHtmlCacheBehavior [ RunTime:0.000977s ]
INFO: [ app_begin ] --END-- [ RunTime:0.001953s ]
SQL: SHOW COLUMNS FROM `ht_form` [ RunTime:0.0117s ]
SQL: SELECT * FROM `ht_form` WHERE `id` = 246 AND `is_del` = 0 LIMIT 1   [ RunTime:0.0029s ]
INFO: [ app_end ] --START--
INFO: Run Behavior\ShowPageTraceBehavior [ RunTime:0.000977s ]
INFO: [ app_end ] --END-- [ RunTime:0.000977s ]

