[ 2015-11-10T17:54:00+08:00 ] 127.0.0.1 /s/tp/wwwroot/index.php?s=/Power/Index/getform.html
INFO: [ app_init ] --START--
INFO: Run Behavior\BuildLiteBehavior [ RunTime:0.000000s ]
INFO: [ app_init ] --END-- [ RunTime:0.000977s ]
INFO: [ app_begin ] --START--
INFO: Run Behavior\ReadHtmlCacheBehavior [ RunTime:0.000976s ]
INFO: [ app_begin ] --END-- [ RunTime:0.001953s ]
SQL: SHOW COLUMNS FROM `ht_form` [ RunTime:0.0059s ]
SQL: SELECT `id`,`form_name`,`pid`,`type` FROM `ht_form` WHERE `pid` = 0  [ RunTime:0.0020s ]
SQL: SELECT `id`,`form_name`,`pid`,`type` FROM `ht_form` WHERE `pid` = 52  [ RunTime:0.0020s ]
SQL: SELECT `id`,`form_name`,`pid`,`type` FROM `ht_form` WHERE `pid` = 56  [ RunTime:0.0020s ]
SQL: SELECT `id`,`form_name`,`pid`,`type` FROM `ht_form` WHERE `pid` = 58  [ RunTime:0.0010s ]
SQL: SELECT `id`,`form_name`,`pid`,`type` FROM `ht_form` WHERE `pid` = 62  [ RunTime:0.0020s ]
NOTIC: [2] Invalid argument supplied for foreach() D:\wamp64\www\dzxt\s\tp\Application\Power\Controller\IndexController.class.php 第 60 行.
SQL: SELECT `id`,`form_name`,`pid`,`type` FROM `ht_form` WHERE `pid` = 135  [ RunTime:0.0029s ]
NOTIC: [2] Invalid argument supplied for foreach() D:\wamp64\www\dzxt\s\tp\Application\Power\Controller\IndexController.class.php 第 60 行.
SQL: SELECT `id`,`form_name`,`pid`,`type` FROM `ht_form` WHERE `pid` = 142  [ RunTime:0.0020s ]
NOTIC: [2] Invalid argument supplied for foreach() D:\wamp64\www\dzxt\s\tp\Application\Power\Controller\IndexController.class.php 第 60 行.
SQL: SELECT `id`,`form_name`,`pid`,`type` FROM `ht_form` WHERE `pid` = 145  [ RunTime:0.0010s ]
NOTIC: [2] Invalid argument supplied for foreach() D:\wamp64\www\dzxt\s\tp\Application\Power\Controller\IndexController.class.php 第 60 行.
SQL: SELECT `id`,`form_name`,`pid`,`type` FROM `ht_form` WHERE `pid` = 146  [ RunTime:0.0000s ]
NOTIC: [2] Invalid argument supplied for foreach() D:\wamp64\www\dzxt\s\tp\Application\Power\Controller\IndexController.class.php 第 60 行.
SQL: SELECT `id`,`form_name`,`pid`,`type` FROM `ht_form` WHERE `pid` = 147  [ RunTime:0.0010s ]
NOTIC: [2] Invalid argument supplied for foreach() D:\wamp64\www\dzxt\s\tp\Application\Power\Controller\IndexController.class.php 第 60 行.
SQL: SELECT `id`,`form_name`,`pid`,`type` FROM `ht_form` WHERE `pid` = 177  [ RunTime:0.0010s ]
NOTIC: [2] Invalid argument supplied for foreach() D:\wamp64\www\dzxt\s\tp\Application\Power\Controller\IndexController.class.php 第 60 行.
SQL: SELECT `id`,`form_name`,`pid`,`type` FROM `ht_form` WHERE `pid` = 191  [ RunTime:0.0010s ]
NOTIC: [2] Invalid argument supplied for foreach() D:\wamp64\www\dzxt\s\tp\Application\Power\Controller\IndexController.class.php 第 60 行.
SQL: SELECT `id`,`form_name`,`pid`,`type` FROM `ht_form` WHERE `pid` = 244  [ RunTime:0.0010s ]
SQL: SELECT `id`,`form_name`,`pid`,`type` FROM `ht_form` WHERE `pid` = 245  [ RunTime:0.0010s ]
NOTIC: [2] Invalid argument supplied for foreach() D:\wamp64\www\dzxt\s\tp\Application\Power\Controller\IndexController.class.php 第 60 行.
SQL: SELECT `id`,`form_name`,`pid`,`type` FROM `ht_form` WHERE `pid` = 246  [ RunTime:0.0010s ]
NOTIC: [2] Invalid argument supplied for foreach() D:\wamp64\www\dzxt\s\tp\Application\Power\Controller\IndexController.class.php 第 60 行.
SQL: SELECT `id`,`form_name`,`pid`,`type` FROM `ht_form` WHERE `pid` = 247  [ RunTime:0.0010s ]
NOTIC: [2] Invalid argument supplied for foreach() D:\wamp64\www\dzxt\s\tp\Application\Power\Controller\IndexController.class.php 第 60 行.
SQL: SELECT `id`,`form_name`,`pid`,`type` FROM `ht_form` WHERE `pid` = 129  [ RunTime:0.0010s ]
SQL: SELECT `id`,`form_name`,`pid`,`type` FROM `ht_form` WHERE `pid` = 137  [ RunTime:0.0010s ]
NOTIC: [2] Invalid argument supplied for foreach() D:\wamp64\www\dzxt\s\tp\Application\Power\Controller\IndexController.class.php 第 60 行.
SQL: SELECT `id`,`form_name`,`pid`,`type` FROM `ht_form` WHERE `pid` = 138  [ RunTime:0.0010s ]
NOTIC: [2] Invalid argument supplied for foreach() D:\wamp64\www\dzxt\s\tp\Application\Power\Controller\IndexController.class.php 第 60 行.
SQL: SELECT `id`,`form_name`,`pid`,`type` FROM `ht_form` WHERE `pid` = 140  [ RunTime:0.0010s ]
SQL: SELECT `id`,`form_name`,`pid`,`type` FROM `ht_form` WHERE `pid` = 141  [ RunTime:0.0010s ]
NOTIC: [2] Invalid argument supplied for foreach() D:\wamp64\www\dzxt\s\tp\Application\Power\Controller\IndexController.class.php 第 60 行.
SQL: SELECT `id`,`form_name`,`pid`,`type` FROM `ht_form` WHERE `pid` = 157  [ RunTime:0.0010s ]
NOTIC: [2] Invalid argument supplied for foreach() D:\wamp64\www\dzxt\s\tp\Application\Power\Controller\IndexController.class.php 第 60 行.
SQL: SELECT `id`,`form_name`,`pid`,`type` FROM `ht_form` WHERE `pid` = 160  [ RunTime:0.0010s ]
NOTIC: [2] Invalid argument supplied for foreach() D:\wamp64\www\dzxt\s\tp\Application\Power\Controller\IndexController.class.php 第 60 行.
SQL: SELECT `id`,`form_name`,`pid`,`type` FROM `ht_form` WHERE `pid` = 173  [ RunTime:0.0000s ]
NOTIC: [2] Invalid argument supplied for foreach() D:\wamp64\www\dzxt\s\tp\Application\Power\Controller\IndexController.class.php 第 60 行.
SQL: SELECT `id`,`form_name`,`pid`,`type` FROM `ht_form` WHERE `pid` = 144  [ RunTime:0.0010s ]
NOTIC: [2] Invalid argument supplied for foreach() D:\wamp64\www\dzxt\s\tp\Application\Power\Controller\IndexController.class.php 第 60 行.
SQL: SELECT `id`,`form_name`,`pid`,`type` FROM `ht_form` WHERE `pid` = 149  [ RunTime:0.0010s ]
NOTIC: [2] Invalid argument supplied for foreach() D:\wamp64\www\dzxt\s\tp\Application\Power\Controller\IndexController.class.php 第 60 行.
SQL: SELECT `id`,`form_name`,`pid`,`type` FROM `ht_form` WHERE `pid` = 150  [ RunTime:0.0010s ]
NOTIC: [2] Invalid argument supplied for foreach() D:\wamp64\www\dzxt\s\tp\Application\Power\Controller\IndexController.class.php 第 60 行.
SQL: SELECT `id`,`form_name`,`pid`,`type` FROM `ht_form` WHERE `pid` = 151  [ RunTime:0.0010s ]
NOTIC: [2] Invalid argument supplied for foreach() D:\wamp64\www\dzxt\s\tp\Application\Power\Controller\IndexController.class.php 第 60 行.
SQL: SELECT `id`,`form_name`,`pid`,`type` FROM `ht_form` WHERE `pid` = 155  [ RunTime:0.0010s ]
NOTIC: [2] Invalid argument supplied for foreach() D:\wamp64\www\dzxt\s\tp\Application\Power\Controller\IndexController.class.php 第 60 行.
SQL: SELECT `id`,`form_name`,`pid`,`type` FROM `ht_form` WHERE `pid` = 156  [ RunTime:0.0010s ]
NOTIC: [2] Invalid argument supplied for foreach() D:\wamp64\www\dzxt\s\tp\Application\Power\Controller\IndexController.class.php 第 60 行.
SQL: SELECT `id`,`form_name`,`pid`,`type` FROM `ht_form` WHERE `pid` = 203  [ RunTime:0.0010s ]
NOTIC: [2] Invalid argument supplied for foreach() D:\wamp64\www\dzxt\s\tp\Application\Power\Controller\IndexController.class.php 第 60 行.
SQL: SELECT `id`,`form_name`,`pid`,`type` FROM `ht_form` WHERE `pid` = 143  [ RunTime:0.0010s ]
NOTIC: [2] Invalid argument supplied for foreach() D:\wamp64\www\dzxt\s\tp\Application\Power\Controller\IndexController.class.php 第 60 行.
SQL: SELECT `id`,`form_name`,`pid`,`type` FROM `ht_form` WHERE `pid` = 163  [ RunTime:0.0010s ]
NOTIC: [2] Invalid argument supplied for foreach() D:\wamp64\www\dzxt\s\tp\Application\Power\Controller\IndexController.class.php 第 60 行.
SQL: SELECT `id`,`form_name`,`pid`,`type` FROM `ht_form` WHERE `pid` = 165  [ RunTime:0.0010s ]
SQL: SELECT `id`,`form_name`,`pid`,`type` FROM `ht_form` WHERE `pid` = 54  [ RunTime:0.0010s ]
SQL: SELECT `id`,`form_name`,`pid`,`type` FROM `ht_form` WHERE `pid` = 92  [ RunTime:0.0000s ]
NOTIC: [2] Invalid argument supplied for foreach() D:\wamp64\www\dzxt\s\tp\Application\Power\Controller\IndexController.class.php 第 60 行.
SQL: SELECT `id`,`form_name`,`pid`,`type` FROM `ht_form` WHERE `pid` = 93  [ RunTime:0.0010s ]
NOTIC: [2] Invalid argument supplied for foreach() D:\wamp64\www\dzxt\s\tp\Application\Power\Controller\IndexController.class.php 第 60 行.
SQL: SELECT `id`,`form_name`,`pid`,`type` FROM `ht_form` WHERE `pid` = 95  [ RunTime:0.0010s ]
NOTIC: [2] Invalid argument supplied for foreach() D:\wamp64\www\dzxt\s\tp\Application\Power\Controller\IndexController.class.php 第 60 行.
SQL: SELECT `id`,`form_name`,`pid`,`type` FROM `ht_form` WHERE `pid` = 97  [ RunTime:0.0010s ]
NOTIC: [2] Invalid argument supplied for foreach() D:\wamp64\www\dzxt\s\tp\Application\Power\Controller\IndexController.class.php 第 60 行.
SQL: SELECT `id`,`form_name`,`pid`,`type` FROM `ht_form` WHERE `pid` = 98  [ RunTime:0.0010s ]
NOTIC: [2] Invalid argument supplied for foreach() D:\wamp64\www\dzxt\s\tp\Application\Power\Controller\IndexController.class.php 第 60 行.
SQL: SELECT `id`,`form_name`,`pid`,`type` FROM `ht_form` WHERE `pid` = 100  [ RunTime:0.0010s ]
NOTIC: [2] Invalid argument supplied for foreach() D:\wamp64\www\dzxt\s\tp\Application\Power\Controller\IndexController.class.php 第 60 行.
SQL: SELECT `id`,`form_name`,`pid`,`type` FROM `ht_form` WHERE `pid` = 167  [ RunTime:0.0010s ]
SQL: SELECT `id`,`form_name`,`pid`,`type` FROM `ht_form` WHERE `pid` = 175  [ RunTime:0.0010s ]
SQL: SELECT `id`,`form_name`,`pid`,`type` FROM `ht_form` WHERE `pid` = 139  [ RunTime:0.0010s ]
NOTIC: [2] Invalid argument supplied for foreach() D:\wamp64\www\dzxt\s\tp\Application\Power\Controller\IndexController.class.php 第 60 行.
SQL: SELECT `id`,`form_name`,`pid`,`type` FROM `ht_form` WHERE `pid` = 189  [ RunTime:0.0010s ]
NOTIC: [2] Invalid argument supplied for foreach() D:\wamp64\www\dzxt\s\tp\Application\Power\Controller\IndexController.class.php 第 60 行.
SQL: SELECT `id`,`form_name`,`pid`,`type` FROM `ht_form` WHERE `pid` = 192  [ RunTime:0.0010s ]
NOTIC: [2] Invalid argument supplied for foreach() D:\wamp64\www\dzxt\s\tp\Application\Power\Controller\IndexController.class.php 第 60 行.
SQL: SELECT `id`,`form_name`,`pid`,`type` FROM `ht_form` WHERE `pid` = 193  [ RunTime:0.0010s ]
NOTIC: [2] Invalid argument supplied for foreach() D:\wamp64\www\dzxt\s\tp\Application\Power\Controller\IndexController.class.php 第 60 行.
SQL: SELECT `id`,`form_name`,`pid`,`type` FROM `ht_form` WHERE `pid` = 190  [ RunTime:0.0010s ]
NOTIC: [2] Invalid argument supplied for foreach() D:\wamp64\www\dzxt\s\tp\Application\Power\Controller\IndexController.class.php 第 60 行.
SQL: SELECT `id`,`form_name`,`pid`,`type` FROM `ht_form` WHERE `pid` = 194  [ RunTime:0.0010s ]
NOTIC: [2] Invalid argument supplied for foreach() D:\wamp64\www\dzxt\s\tp\Application\Power\Controller\IndexController.class.php 第 60 行.
SQL: SELECT `id`,`form_name`,`pid`,`type` FROM `ht_form` WHERE `pid` = 195  [ RunTime:0.0010s ]
NOTIC: [2] Invalid argument supplied for foreach() D:\wamp64\www\dzxt\s\tp\Application\Power\Controller\IndexController.class.php 第 60 行.
SQL: SELECT `id`,`form_name`,`pid`,`type` FROM `ht_form` WHERE `pid` = 196  [ RunTime:0.0010s ]
NOTIC: [2] Invalid argument supplied for foreach() D:\wamp64\www\dzxt\s\tp\Application\Power\Controller\IndexController.class.php 第 60 行.
SQL: SELECT `id`,`form_name`,`pid`,`type` FROM `ht_form` WHERE `pid` = 197  [ RunTime:0.0010s ]
NOTIC: [2] Invalid argument supplied for foreach() D:\wamp64\www\dzxt\s\tp\Application\Power\Controller\IndexController.class.php 第 60 行.
SQL: SELECT `id`,`form_name`,`pid`,`type` FROM `ht_form` WHERE `pid` = 198  [ RunTime:0.0010s ]
NOTIC: [2] Invalid argument supplied for foreach() D:\wamp64\www\dzxt\s\tp\Application\Power\Controller\IndexController.class.php 第 60 行.
SQL: SELECT `id`,`form_name`,`pid`,`type` FROM `ht_form` WHERE `pid` = 199  [ RunTime:0.0010s ]
NOTIC: [2] Invalid argument supplied for foreach() D:\wamp64\www\dzxt\s\tp\Application\Power\Controller\IndexController.class.php 第 60 行.
SQL: SELECT `id`,`form_name`,`pid`,`type` FROM `ht_form` WHERE `pid` = 200  [ RunTime:0.0010s ]
NOTIC: [2] Invalid argument supplied for foreach() D:\wamp64\www\dzxt\s\tp\Application\Power\Controller\IndexController.class.php 第 60 行.
SQL: SELECT `id`,`form_name`,`pid`,`type` FROM `ht_form` WHERE `pid` = 201  [ RunTime:0.0010s ]
NOTIC: [2] Invalid argument supplied for foreach() D:\wamp64\www\dzxt\s\tp\Application\Power\Controller\IndexController.class.php 第 60 行.
SQL: SELECT `id`,`form_name`,`pid`,`type` FROM `ht_form` WHERE `pid` = 202  [ RunTime:0.0010s ]
NOTIC: [2] Invalid argument supplied for foreach() D:\wamp64\www\dzxt\s\tp\Application\Power\Controller\IndexController.class.php 第 60 行.
SQL: SELECT `id`,`form_name`,`pid`,`type` FROM `ht_form` WHERE `pid` = 204  [ RunTime:0.0010s ]
NOTIC: [2] Invalid argument supplied for foreach() D:\wamp64\www\dzxt\s\tp\Application\Power\Controller\IndexController.class.php 第 60 行.
SQL: SELECT `id`,`form_name`,`pid`,`type` FROM `ht_form` WHERE `pid` = 205  [ RunTime:0.0010s ]
NOTIC: [2] Invalid argument supplied for foreach() D:\wamp64\www\dzxt\s\tp\Application\Power\Controller\IndexController.class.php 第 60 行.
SQL: SELECT `id`,`form_name`,`pid`,`type` FROM `ht_form` WHERE `pid` = 206  [ RunTime:0.0010s ]
NOTIC: [2] Invalid argument supplied for foreach() D:\wamp64\www\dzxt\s\tp\Application\Power\Controller\IndexController.class.php 第 60 行.
SQL: SELECT `id`,`form_name`,`pid`,`type` FROM `ht_form` WHERE `pid` = 207  [ RunTime:0.0010s ]
NOTIC: [2] Invalid argument supplied for foreach() D:\wamp64\www\dzxt\s\tp\Application\Power\Controller\IndexController.class.php 第 60 行.
SQL: SELECT `id`,`form_name`,`pid`,`type` FROM `ht_form` WHERE `pid` = 208  [ RunTime:0.0010s ]
NOTIC: [2] Invalid argument supplied for foreach() D:\wamp64\www\dzxt\s\tp\Application\Power\Controller\IndexController.class.php 第 60 行.
SQL: SELECT `id`,`form_name`,`pid`,`type` FROM `ht_form` WHERE `pid` = 209  [ RunTime:0.0010s ]
NOTIC: [2] Invalid argument supplied for foreach() D:\wamp64\www\dzxt\s\tp\Application\Power\Controller\IndexController.class.php 第 60 行.
SQL: SELECT `id`,`form_name`,`pid`,`type` FROM `ht_form` WHERE `pid` = 210  [ RunTime:0.0010s ]
NOTIC: [2] Invalid argument supplied for foreach() D:\wamp64\www\dzxt\s\tp\Application\Power\Controller\IndexController.class.php 第 60 行.
SQL: SELECT `id`,`form_name`,`pid`,`type` FROM `ht_form` WHERE `pid` = 211  [ RunTime:0.0010s ]
SQL: SELECT `id`,`form_name`,`pid`,`type` FROM `ht_form` WHERE `pid` = 212  [ RunTime:0.0010s ]
NOTIC: [2] Invalid argument supplied for foreach() D:\wamp64\www\dzxt\s\tp\Application\Power\Controller\IndexController.class.php 第 60 行.
SQL: SELECT `id`,`form_name`,`pid`,`type` FROM `ht_form` WHERE `pid` = 213  [ RunTime:0.0010s ]
NOTIC: [2] Invalid argument supplied for foreach() D:\wamp64\www\dzxt\s\tp\Application\Power\Controller\IndexController.class.php 第 60 行.
SQL: SELECT `id`,`form_name`,`pid`,`type` FROM `ht_form` WHERE `pid` = 214  [ RunTime:0.0010s ]
NOTIC: [2] Invalid argument supplied for foreach() D:\wamp64\www\dzxt\s\tp\Application\Power\Controller\IndexController.class.php 第 60 行.
SQL: SELECT `id`,`form_name`,`pid`,`type` FROM `ht_form` WHERE `pid` = 215  [ RunTime:0.0010s ]
NOTIC: [2] Invalid argument supplied for foreach() D:\wamp64\www\dzxt\s\tp\Application\Power\Controller\IndexController.class.php 第 60 行.
SQL: SELECT `id`,`form_name`,`pid`,`type` FROM `ht_form` WHERE `pid` = 216  [ RunTime:0.0010s ]
NOTIC: [2] Invalid argument supplied for foreach() D:\wamp64\www\dzxt\s\tp\Application\Power\Controller\IndexController.class.php 第 60 行.
SQL: SELECT `id`,`form_name`,`pid`,`type` FROM `ht_form` WHERE `pid` = 217  [ RunTime:0.0010s ]
NOTIC: [2] Invalid argument supplied for foreach() D:\wamp64\www\dzxt\s\tp\Application\Power\Controller\IndexController.class.php 第 60 行.
SQL: SELECT `id`,`form_name`,`pid`,`type` FROM `ht_form` WHERE `pid` = 218  [ RunTime:0.0010s ]
NOTIC: [2] Invalid argument supplied for foreach() D:\wamp64\www\dzxt\s\tp\Application\Power\Controller\IndexController.class.php 第 60 行.
SQL: SELECT `id`,`form_name`,`pid`,`type` FROM `ht_form` WHERE `pid` = 219  [ RunTime:0.0010s ]
SQL: SELECT `id`,`form_name`,`pid`,`type` FROM `ht_form` WHERE `pid` = 225  [ RunTime:0.0010s ]
NOTIC: [2] Invalid argument supplied for foreach() D:\wamp64\www\dzxt\s\tp\Application\Power\Controller\IndexController.class.php 第 60 行.
SQL: SELECT `id`,`form_name`,`pid`,`type` FROM `ht_form` WHERE `pid` = 226  [ RunTime:0.0010s ]
NOTIC: [2] Invalid argument supplied for foreach() D:\wamp64\www\dzxt\s\tp\Application\Power\Controller\IndexController.class.php 第 60 行.
SQL: SELECT `id`,`form_name`,`pid`,`type` FROM `ht_form` WHERE `pid` = 227  [ RunTime:0.0010s ]
NOTIC: [2] Invalid argument supplied for foreach() D:\wamp64\www\dzxt\s\tp\Application\Power\Controller\IndexController.class.php 第 60 行.
SQL: SELECT `id`,`form_name`,`pid`,`type` FROM `ht_form` WHERE `pid` = 220  [ RunTime:0.0010s ]
NOTIC: [2] Invalid argument supplied for foreach() D:\wamp64\www\dzxt\s\tp\Application\Power\Controller\IndexController.class.php 第 60 行.
SQL: SELECT `id`,`form_name`,`pid`,`type` FROM `ht_form` WHERE `pid` = 221  [ RunTime:0.0010s ]
NOTIC: [2] Invalid argument supplied for foreach() D:\wamp64\www\dzxt\s\tp\Application\Power\Controller\IndexController.class.php 第 60 行.
SQL: SELECT `id`,`form_name`,`pid`,`type` FROM `ht_form` WHERE `pid` = 222  [ RunTime:0.0010s ]
NOTIC: [2] Invalid argument supplied for foreach() D:\wamp64\www\dzxt\s\tp\Application\Power\Controller\IndexController.class.php 第 60 行.
SQL: SELECT `id`,`form_name`,`pid`,`type` FROM `ht_form` WHERE `pid` = 230  [ RunTime:0.0010s ]
SQL: SELECT `id`,`form_name`,`pid`,`type` FROM `ht_form` WHERE `pid` = 231  [ RunTime:0.0010s ]
NOTIC: [2] Invalid argument supplied for foreach() D:\wamp64\www\dzxt\s\tp\Application\Power\Controller\IndexController.class.php 第 60 行.
SQL: SELECT `id`,`form_name`,`pid`,`type` FROM `ht_form` WHERE `pid` = 232  [ RunTime:0.0010s ]
NOTIC: [2] Invalid argument supplied for foreach() D:\wamp64\www\dzxt\s\tp\Application\Power\Controller\IndexController.class.php 第 60 行.
SQL: SELECT `id`,`form_name`,`pid`,`type` FROM `ht_form` WHERE `pid` = 233  [ RunTime:0.0010s ]
SQL: SELECT `id`,`form_name`,`pid`,`type` FROM `ht_form` WHERE `pid` = 234  [ RunTime:0.0010s ]
NOTIC: [2] Invalid argument supplied for foreach() D:\wamp64\www\dzxt\s\tp\Application\Power\Controller\IndexController.class.php 第 60 行.
SQL: SELECT `id`,`form_name`,`pid`,`type` FROM `ht_form` WHERE `pid` = 235  [ RunTime:0.0010s ]
NOTIC: [2] Invalid argument supplied for foreach() D:\wamp64\www\dzxt\s\tp\Application\Power\Controller\IndexController.class.php 第 60 行.
SQL: SELECT `id`,`form_name`,`pid`,`type` FROM `ht_form` WHERE `pid` = 236  [ RunTime:0.0010s ]
NOTIC: [2] Invalid argument supplied for foreach() D:\wamp64\www\dzxt\s\tp\Application\Power\Controller\IndexController.class.php 第 60 行.
SQL: SELECT `id`,`form_name`,`pid`,`type` FROM `ht_form` WHERE `pid` = 237  [ RunTime:0.0010s ]
SQL: SELECT `id`,`form_name`,`pid`,`type` FROM `ht_form` WHERE `pid` = 238  [ RunTime:0.0000s ]
NOTIC: [2] Invalid argument supplied for foreach() D:\wamp64\www\dzxt\s\tp\Application\Power\Controller\IndexController.class.php 第 60 行.
SQL: SELECT `id`,`form_name`,`pid`,`type` FROM `ht_form` WHERE `pid` = 239  [ RunTime:0.0000s ]
NOTIC: [2] Invalid argument supplied for foreach() D:\wamp64\www\dzxt\s\tp\Application\Power\Controller\IndexController.class.php 第 60 行.
SQL: SELECT `id`,`form_name`,`pid`,`type` FROM `ht_form` WHERE `pid` = 240  [ RunTime:0.0010s ]
NOTIC: [2] Invalid argument supplied for foreach() D:\wamp64\www\dzxt\s\tp\Application\Power\Controller\IndexController.class.php 第 60 行.
SQL: SELECT `id`,`form_name`,`pid`,`type` FROM `ht_form` WHERE `pid` = 241  [ RunTime:0.0010s ]
SQL: SELECT `id`,`form_name`,`pid`,`type` FROM `ht_form` WHERE `pid` = 242  [ RunTime:0.0010s ]
NOTIC: [2] Invalid argument supplied for foreach() D:\wamp64\www\dzxt\s\tp\Application\Power\Controller\IndexController.class.php 第 60 行.
SQL: SELECT `id`,`form_name`,`pid`,`type` FROM `ht_form` WHERE `pid` = 243  [ RunTime:0.0010s ]
NOTIC: [2] Invalid argument supplied for foreach() D:\wamp64\www\dzxt\s\tp\Application\Power\Controller\IndexController.class.php 第 60 行.
SQL: SELECT `id`,`form_name`,`pid`,`type` FROM `ht_form` WHERE `pid` = 176  [ RunTime:0.0010s ]
NOTIC: [2] Invalid argument supplied for foreach() D:\wamp64\www\dzxt\s\tp\Application\Power\Controller\IndexController.class.php 第 60 行.
SQL: SELECT `id`,`form_name`,`pid`,`type` FROM `ht_form` WHERE `pid` = 178  [ RunTime:0.0010s ]
NOTIC: [2] Invalid argument supplied for foreach() D:\wamp64\www\dzxt\s\tp\Application\Power\Controller\IndexController.class.php 第 60 行.
SQL: SELECT `id`,`form_name`,`pid`,`type` FROM `ht_form` WHERE `pid` = 179  [ RunTime:0.0010s ]
NOTIC: [2] Invalid argument supplied for foreach() D:\wamp64\www\dzxt\s\tp\Application\Power\Controller\IndexController.class.php 第 60 行.
SQL: SELECT `id`,`form_name`,`pid`,`type` FROM `ht_form` WHERE `pid` = 180  [ RunTime:0.0010s ]
NOTIC: [2] Invalid argument supplied for foreach() D:\wamp64\www\dzxt\s\tp\Application\Power\Controller\IndexController.class.php 第 60 行.
SQL: SELECT `id`,`form_name`,`pid`,`type` FROM `ht_form` WHERE `pid` = 181  [ RunTime:0.0010s ]
NOTIC: [2] Invalid argument supplied for foreach() D:\wamp64\www\dzxt\s\tp\Application\Power\Controller\IndexController.class.php 第 60 行.
SQL: SELECT `id`,`form_name`,`pid`,`type` FROM `ht_form` WHERE `pid` = 182  [ RunTime:0.0010s ]
NOTIC: [2] Invalid argument supplied for foreach() D:\wamp64\www\dzxt\s\tp\Application\Power\Controller\IndexController.class.php 第 60 行.
SQL: SELECT `id`,`form_name`,`pid`,`type` FROM `ht_form` WHERE `pid` = 183  [ RunTime:0.0010s ]
SQL: SELECT `id`,`form_name`,`pid`,`type` FROM `ht_form` WHERE `pid` = 223  [ RunTime:0.0010s ]
NOTIC: [2] Invalid argument supplied for foreach() D:\wamp64\www\dzxt\s\tp\Application\Power\Controller\IndexController.class.php 第 60 行.
SQL: SELECT `id`,`form_name`,`pid`,`type` FROM `ht_form` WHERE `pid` = 224  [ RunTime:0.0010s ]
NOTIC: [2] Invalid argument supplied for foreach() D:\wamp64\www\dzxt\s\tp\Application\Power\Controller\IndexController.class.php 第 60 行.
SQL: SELECT `id`,`form_name`,`pid`,`type` FROM `ht_form` WHERE `pid` = 184  [ RunTime:0.0010s ]
NOTIC: [2] Invalid argument supplied for foreach() D:\wamp64\www\dzxt\s\tp\Application\Power\Controller\IndexController.class.php 第 60 行.
SQL: SELECT `id`,`form_name`,`pid`,`type` FROM `ht_form` WHERE `pid` = 185  [ RunTime:0.0010s ]
NOTIC: [2] Invalid argument supplied for foreach() D:\wamp64\www\dzxt\s\tp\Application\Power\Controller\IndexController.class.php 第 60 行.
SQL: SELECT `id`,`form_name`,`pid`,`type` FROM `ht_form` WHERE `pid` = 186  [ RunTime:0.0000s ]
NOTIC: [2] Invalid argument supplied for foreach() D:\wamp64\www\dzxt\s\tp\Application\Power\Controller\IndexController.class.php 第 60 行.
INFO: [ app_end ] --START--
INFO: Run Behavior\ShowPageTraceBehavior [ RunTime:0.000976s ]
INFO: [ app_end ] --END-- [ RunTime:0.000976s ]

[ 2015-11-10T17:54:16+08:00 ] 127.0.0.1 /s/tp/wwwroot/index.php?s=/Power/Index/getform.html
INFO: [ app_init ] --START--
INFO: Run Behavior\BuildLiteBehavior [ RunTime:0.000000s ]
INFO: [ app_init ] --END-- [ RunTime:0.000977s ]
INFO: [ app_begin ] --START--
INFO: Run Behavior\ReadHtmlCacheBehavior [ RunTime:0.000977s ]
INFO: [ app_begin ] --END-- [ RunTime:0.000977s ]
SQL: SHOW COLUMNS FROM `ht_form` [ RunTime:0.0117s ]
SQL: SELECT `id`,`form_name`,`pid`,`type` FROM `ht_form` WHERE `pid` = 0  [ RunTime:0.0029s ]
SQL: SELECT `id`,`form_name`,`pid`,`type` FROM `ht_form` WHERE `pid` = 52  [ RunTime:0.0039s ]
SQL: SELECT `id`,`form_name`,`pid`,`type` FROM `ht_form` WHERE `pid` = 56  [ RunTime:0.0029s ]
SQL: SELECT `id`,`form_name`,`pid`,`type` FROM `ht_form` WHERE `pid` = 58  [ RunTime:0.0020s ]
SQL: SELECT `id`,`form_name`,`pid`,`type` FROM `ht_form` WHERE `pid` = 62  [ RunTime:0.0010s ]
NOTIC: [2] Invalid argument supplied for foreach() D:\wamp64\www\dzxt\s\tp\Application\Power\Controller\IndexController.class.php 第 60 行.
SQL: SELECT `id`,`form_name`,`pid`,`type` FROM `ht_form` WHERE `pid` = 135  [ RunTime:0.0010s ]
NOTIC: [2] Invalid argument supplied for foreach() D:\wamp64\www\dzxt\s\tp\Application\Power\Controller\IndexController.class.php 第 60 行.
SQL: SELECT `id`,`form_name`,`pid`,`type` FROM `ht_form` WHERE `pid` = 142  [ RunTime:0.0020s ]
NOTIC: [2] Invalid argument supplied for foreach() D:\wamp64\www\dzxt\s\tp\Application\Power\Controller\IndexController.class.php 第 60 行.
SQL: SELECT `id`,`form_name`,`pid`,`type` FROM `ht_form` WHERE `pid` = 145  [ RunTime:0.0020s ]
NOTIC: [2] Invalid argument supplied for foreach() D:\wamp64\www\dzxt\s\tp\Application\Power\Controller\IndexController.class.php 第 60 行.
SQL: SELECT `id`,`form_name`,`pid`,`type` FROM `ht_form` WHERE `pid` = 146  [ RunTime:0.0020s ]
NOTIC: [2] Invalid argument supplied for foreach() D:\wamp64\www\dzxt\s\tp\Application\Power\Controller\IndexController.class.php 第 60 行.
SQL: SELECT `id`,`form_name`,`pid`,`type` FROM `ht_form` WHERE `pid` = 147  [ RunTime:0.0010s ]
NOTIC: [2] Invalid argument supplied for foreach() D:\wamp64\www\dzxt\s\tp\Application\Power\Controller\IndexController.class.php 第 60 行.
SQL: SELECT `id`,`form_name`,`pid`,`type` FROM `ht_form` WHERE `pid` = 177  [ RunTime:0.0020s ]
NOTIC: [2] Invalid argument supplied for foreach() D:\wamp64\www\dzxt\s\tp\Application\Power\Controller\IndexController.class.php 第 60 行.
SQL: SELECT `id`,`form_name`,`pid`,`type` FROM `ht_form` WHERE `pid` = 191  [ RunTime:0.0020s ]
NOTIC: [2] Invalid argument supplied for foreach() D:\wamp64\www\dzxt\s\tp\Application\Power\Controller\IndexController.class.php 第 60 行.
SQL: SELECT `id`,`form_name`,`pid`,`type` FROM `ht_form` WHERE `pid` = 244  [ RunTime:0.0020s ]
SQL: SELECT `id`,`form_name`,`pid`,`type` FROM `ht_form` WHERE `pid` = 245  [ RunTime:0.0010s ]
NOTIC: [2] Invalid argument supplied for foreach() D:\wamp64\www\dzxt\s\tp\Application\Power\Controller\IndexController.class.php 第 60 行.
SQL: SELECT `id`,`form_name`,`pid`,`type` FROM `ht_form` WHERE `pid` = 246  [ RunTime:0.0020s ]
NOTIC: [2] Invalid argument supplied for foreach() D:\wamp64\www\dzxt\s\tp\Application\Power\Controller\IndexController.class.php 第 60 行.
SQL: SELECT `id`,`form_name`,`pid`,`type` FROM `ht_form` WHERE `pid` = 247  [ RunTime:0.0020s ]
NOTIC: [2] Invalid argument supplied for foreach() D:\wamp64\www\dzxt\s\tp\Application\Power\Controller\IndexController.class.php 第 60 行.
SQL: SELECT `id`,`form_name`,`pid`,`type` FROM `ht_form` WHERE `pid` = 129  [ RunTime:0.0020s ]
SQL: SELECT `id`,`form_name`,`pid`,`type` FROM `ht_form` WHERE `pid` = 137  [ RunTime:0.0020s ]
NOTIC: [2] Invalid argument supplied for foreach() D:\wamp64\www\dzxt\s\tp\Application\Power\Controller\IndexController.class.php 第 60 行.
SQL: SELECT `id`,`form_name`,`pid`,`type` FROM `ht_form` WHERE `pid` = 138  [ RunTime:0.0020s ]
NOTIC: [2] Invalid argument supplied for foreach() D:\wamp64\www\dzxt\s\tp\Application\Power\Controller\IndexController.class.php 第 60 行.
SQL: SELECT `id`,`form_name`,`pid`,`type` FROM `ht_form` WHERE `pid` = 140  [ RunTime:0.0020s ]
SQL: SELECT `id`,`form_name`,`pid`,`type` FROM `ht_form` WHERE `pid` = 141  [ RunTime:0.0020s ]
NOTIC: [2] Invalid argument supplied for foreach() D:\wamp64\www\dzxt\s\tp\Application\Power\Controller\IndexController.class.php 第 60 行.
SQL: SELECT `id`,`form_name`,`pid`,`type` FROM `ht_form` WHERE `pid` = 157  [ RunTime:0.0010s ]
NOTIC: [2] Invalid argument supplied for foreach() D:\wamp64\www\dzxt\s\tp\Application\Power\Controller\IndexController.class.php 第 60 行.
SQL: SELECT `id`,`form_name`,`pid`,`type` FROM `ht_form` WHERE `pid` = 160  [ RunTime:0.0020s ]
NOTIC: [2] Invalid argument supplied for foreach() D:\wamp64\www\dzxt\s\tp\Application\Power\Controller\IndexController.class.php 第 60 行.
SQL: SELECT `id`,`form_name`,`pid`,`type` FROM `ht_form` WHERE `pid` = 173  [ RunTime:0.0020s ]
NOTIC: [2] Invalid argument supplied for foreach() D:\wamp64\www\dzxt\s\tp\Application\Power\Controller\IndexController.class.php 第 60 行.
SQL: SELECT `id`,`form_name`,`pid`,`type` FROM `ht_form` WHERE `pid` = 144  [ RunTime:0.0020s ]
NOTIC: [2] Invalid argument supplied for foreach() D:\wamp64\www\dzxt\s\tp\Application\Power\Controller\IndexController.class.php 第 60 行.
SQL: SELECT `id`,`form_name`,`pid`,`type` FROM `ht_form` WHERE `pid` = 149  [ RunTime:0.0020s ]
NOTIC: [2] Invalid argument supplied for foreach() D:\wamp64\www\dzxt\s\tp\Application\Power\Controller\IndexController.class.php 第 60 行.
SQL: SELECT `id`,`form_name`,`pid`,`type` FROM `ht_form` WHERE `pid` = 150  [ RunTime:0.0020s ]
NOTIC: [2] Invalid argument supplied for foreach() D:\wamp64\www\dzxt\s\tp\Application\Power\Controller\IndexController.class.php 第 60 行.
SQL: SELECT `id`,`form_name`,`pid`,`type` FROM `ht_form` WHERE `pid` = 151  [ RunTime:0.0010s ]
NOTIC: [2] Invalid argument supplied for foreach() D:\wamp64\www\dzxt\s\tp\Application\Power\Controller\IndexController.class.php 第 60 行.
SQL: SELECT `id`,`form_name`,`pid`,`type` FROM `ht_form` WHERE `pid` = 155  [ RunTime:0.0020s ]
NOTIC: [2] Invalid argument supplied for foreach() D:\wamp64\www\dzxt\s\tp\Application\Power\Controller\IndexController.class.php 第 60 行.
SQL: SELECT `id`,`form_name`,`pid`,`type` FROM `ht_form` WHERE `pid` = 156  [ RunTime:0.0020s ]
NOTIC: [2] Invalid argument supplied for foreach() D:\wamp64\www\dzxt\s\tp\Application\Power\Controller\IndexController.class.php 第 60 行.
SQL: SELECT `id`,`form_name`,`pid`,`type` FROM `ht_form` WHERE `pid` = 203  [ RunTime:0.0020s ]
NOTIC: [2] Invalid argument supplied for foreach() D:\wamp64\www\dzxt\s\tp\Application\Power\Controller\IndexController.class.php 第 60 行.
SQL: SELECT `id`,`form_name`,`pid`,`type` FROM `ht_form` WHERE `pid` = 143  [ RunTime:0.0020s ]
NOTIC: [2] Invalid argument supplied for foreach() D:\wamp64\www\dzxt\s\tp\Application\Power\Controller\IndexController.class.php 第 60 行.
SQL: SELECT `id`,`form_name`,`pid`,`type` FROM `ht_form` WHERE `pid` = 163  [ RunTime:0.0020s ]
NOTIC: [2] Invalid argument supplied for foreach() D:\wamp64\www\dzxt\s\tp\Application\Power\Controller\IndexController.class.php 第 60 行.
SQL: SELECT `id`,`form_name`,`pid`,`type` FROM `ht_form` WHERE `pid` = 165  [ RunTime:0.0020s ]
SQL: SELECT `id`,`form_name`,`pid`,`type` FROM `ht_form` WHERE `pid` = 54  [ RunTime:0.0020s ]
SQL: SELECT `id`,`form_name`,`pid`,`type` FROM `ht_form` WHERE `pid` = 92  [ RunTime:0.0010s ]
NOTIC: [2] Invalid argument supplied for foreach() D:\wamp64\www\dzxt\s\tp\Application\Power\Controller\IndexController.class.php 第 60 行.
SQL: SELECT `id`,`form_name`,`pid`,`type` FROM `ht_form` WHERE `pid` = 93  [ RunTime:0.0020s ]
NOTIC: [2] Invalid argument supplied for foreach() D:\wamp64\www\dzxt\s\tp\Application\Power\Controller\IndexController.class.php 第 60 行.
SQL: SELECT `id`,`form_name`,`pid`,`type` FROM `ht_form` WHERE `pid` = 95  [ RunTime:0.0020s ]
NOTIC: [2] Invalid argument supplied for foreach() D:\wamp64\www\dzxt\s\tp\Application\Power\Controller\IndexController.class.php 第 60 行.
SQL: SELECT `id`,`form_name`,`pid`,`type` FROM `ht_form` WHERE `pid` = 97  [ RunTime:0.0010s ]
NOTIC: [2] Invalid argument supplied for foreach() D:\wamp64\www\dzxt\s\tp\Application\Power\Controller\IndexController.class.php 第 60 行.
SQL: SELECT `id`,`form_name`,`pid`,`type` FROM `ht_form` WHERE `pid` = 98  [ RunTime:0.0020s ]
NOTIC: [2] Invalid argument supplied for foreach() D:\wamp64\www\dzxt\s\tp\Application\Power\Controller\IndexController.class.php 第 60 行.
SQL: SELECT `id`,`form_name`,`pid`,`type` FROM `ht_form` WHERE `pid` = 100  [ RunTime:0.0020s ]
NOTIC: [2] Invalid argument supplied for foreach() D:\wamp64\www\dzxt\s\tp\Application\Power\Controller\IndexController.class.php 第 60 行.
SQL: SELECT `id`,`form_name`,`pid`,`type` FROM `ht_form` WHERE `pid` = 167  [ RunTime:0.0020s ]
SQL: SELECT `id`,`form_name`,`pid`,`type` FROM `ht_form` WHERE `pid` = 175  [ RunTime:0.0020s ]
SQL: SELECT `id`,`form_name`,`pid`,`type` FROM `ht_form` WHERE `pid` = 139  [ RunTime:0.0020s ]
NOTIC: [2] Invalid argument supplied for foreach() D:\wamp64\www\dzxt\s\tp\Application\Power\Controller\IndexController.class.php 第 60 行.
SQL: SELECT `id`,`form_name`,`pid`,`type` FROM `ht_form` WHERE `pid` = 189  [ RunTime:0.0020s ]
NOTIC: [2] Invalid argument supplied for foreach() D:\wamp64\www\dzxt\s\tp\Application\Power\Controller\IndexController.class.php 第 60 行.
SQL: SELECT `id`,`form_name`,`pid`,`type` FROM `ht_form` WHERE `pid` = 192  [ RunTime:0.0020s ]
NOTIC: [2] Invalid argument supplied for foreach() D:\wamp64\www\dzxt\s\tp\Application\Power\Controller\IndexController.class.php 第 60 行.
SQL: SELECT `id`,`form_name`,`pid`,`type` FROM `ht_form` WHERE `pid` = 193  [ RunTime:0.0010s ]
NOTIC: [2] Invalid argument supplied for foreach() D:\wamp64\www\dzxt\s\tp\Application\Power\Controller\IndexController.class.php 第 60 行.
SQL: SELECT `id`,`form_name`,`pid`,`type` FROM `ht_form` WHERE `pid` = 190  [ RunTime:0.0020s ]
NOTIC: [2] Invalid argument supplied for foreach() D:\wamp64\www\dzxt\s\tp\Application\Power\Controller\IndexController.class.php 第 60 行.
SQL: SELECT `id`,`form_name`,`pid`,`type` FROM `ht_form` WHERE `pid` = 194  [ RunTime:0.0020s ]
NOTIC: [2] Invalid argument supplied for foreach() D:\wamp64\www\dzxt\s\tp\Application\Power\Controller\IndexController.class.php 第 60 行.
SQL: SELECT `id`,`form_name`,`pid`,`type` FROM `ht_form` WHERE `pid` = 195  [ RunTime:0.0020s ]
NOTIC: [2] Invalid argument supplied for foreach() D:\wamp64\www\dzxt\s\tp\Application\Power\Controller\IndexController.class.php 第 60 行.
SQL: SELECT `id`,`form_name`,`pid`,`type` FROM `ht_form` WHERE `pid` = 196  [ RunTime:0.0010s ]
NOTIC: [2] Invalid argument supplied for foreach() D:\wamp64\www\dzxt\s\tp\Application\Power\Controller\IndexController.class.php 第 60 行.
SQL: SELECT `id`,`form_name`,`pid`,`type` FROM `ht_form` WHERE `pid` = 197  [ RunTime:0.0020s ]
NOTIC: [2] Invalid argument supplied for foreach() D:\wamp64\www\dzxt\s\tp\Application\Power\Controller\IndexController.class.php 第 60 行.
SQL: SELECT `id`,`form_name`,`pid`,`type` FROM `ht_form` WHERE `pid` = 198  [ RunTime:0.0020s ]
NOTIC: [2] Invalid argument supplied for foreach() D:\wamp64\www\dzxt\s\tp\Application\Power\Controller\IndexController.class.php 第 60 行.
SQL: SELECT `id`,`form_name`,`pid`,`type` FROM `ht_form` WHERE `pid` = 199  [ RunTime:0.0020s ]
NOTIC: [2] Invalid argument supplied for foreach() D:\wamp64\www\dzxt\s\tp\Application\Power\Controller\IndexController.class.php 第 60 行.
SQL: SELECT `id`,`form_name`,`pid`,`type` FROM `ht_form` WHERE `pid` = 200  [ RunTime:0.0010s ]
NOTIC: [2] Invalid argument supplied for foreach() D:\wamp64\www\dzxt\s\tp\Application\Power\Controller\IndexController.class.php 第 60 行.
SQL: SELECT `id`,`form_name`,`pid`,`type` FROM `ht_form` WHERE `pid` = 201  [ RunTime:0.0010s ]
NOTIC: [2] Invalid argument supplied for foreach() D:\wamp64\www\dzxt\s\tp\Application\Power\Controller\IndexController.class.php 第 60 行.
SQL: SELECT `id`,`form_name`,`pid`,`type` FROM `ht_form` WHERE `pid` = 202  [ RunTime:0.0020s ]
NOTIC: [2] Invalid argument supplied for foreach() D:\wamp64\www\dzxt\s\tp\Application\Power\Controller\IndexController.class.php 第 60 行.
SQL: SELECT `id`,`form_name`,`pid`,`type` FROM `ht_form` WHERE `pid` = 204  [ RunTime:0.0020s ]
NOTIC: [2] Invalid argument supplied for foreach() D:\wamp64\www\dzxt\s\tp\Application\Power\Controller\IndexController.class.php 第 60 行.
SQL: SELECT `id`,`form_name`,`pid`,`type` FROM `ht_form` WHERE `pid` = 205  [ RunTime:0.0010s ]
NOTIC: [2] Invalid argument supplied for foreach() D:\wamp64\www\dzxt\s\tp\Application\Power\Controller\IndexController.class.php 第 60 行.
SQL: SELECT `id`,`form_name`,`pid`,`type` FROM `ht_form` WHERE `pid` = 206  [ RunTime:0.0020s ]
NOTIC: [2] Invalid argument supplied for foreach() D:\wamp64\www\dzxt\s\tp\Application\Power\Controller\IndexController.class.php 第 60 行.
SQL: SELECT `id`,`form_name`,`pid`,`type` FROM `ht_form` WHERE `pid` = 207  [ RunTime:0.0029s ]
NOTIC: [2] Invalid argument supplied for foreach() D:\wamp64\www\dzxt\s\tp\Application\Power\Controller\IndexController.class.php 第 60 行.
SQL: SELECT `id`,`form_name`,`pid`,`type` FROM `ht_form` WHERE `pid` = 208  [ RunTime:0.0020s ]
NOTIC: [2] Invalid argument supplied for foreach() D:\wamp64\www\dzxt\s\tp\Application\Power\Controller\IndexController.class.php 第 60 行.
SQL: SELECT `id`,`form_name`,`pid`,`type` FROM `ht_form` WHERE `pid` = 209  [ RunTime:0.0010s ]
NOTIC: [2] Invalid argument supplied for foreach() D:\wamp64\www\dzxt\s\tp\Application\Power\Controller\IndexController.class.php 第 60 行.
SQL: SELECT `id`,`form_name`,`pid`,`type` FROM `ht_form` WHERE `pid` = 210  [ RunTime:0.0020s ]
NOTIC: [2] Invalid argument supplied for foreach() D:\wamp64\www\dzxt\s\tp\Application\Power\Controller\IndexController.class.php 第 60 行.
SQL: SELECT `id`,`form_name`,`pid`,`type` FROM `ht_form` WHERE `pid` = 211  [ RunTime:0.0020s ]
SQL: SELECT `id`,`form_name`,`pid`,`type` FROM `ht_form` WHERE `pid` = 212  [ RunTime:0.0020s ]
NOTIC: [2] Invalid argument supplied for foreach() D:\wamp64\www\dzxt\s\tp\Application\Power\Controller\IndexController.class.php 第 60 行.
SQL: SELECT `id`,`form_name`,`pid`,`type` FROM `ht_form` WHERE `pid` = 213  [ RunTime:0.0020s ]
NOTIC: [2] Invalid argument supplied for foreach() D:\wamp64\www\dzxt\s\tp\Application\Power\Controller\IndexController.class.php 第 60 行.
SQL: SELECT `id`,`form_name`,`pid`,`type` FROM `ht_form` WHERE `pid` = 214  [ RunTime:0.0010s ]
NOTIC: [2] Invalid argument supplied for foreach() D:\wamp64\www\dzxt\s\tp\Application\Power\Controller\IndexController.class.php 第 60 行.
SQL: SELECT `id`,`form_name`,`pid`,`type` FROM `ht_form` WHERE `pid` = 215  [ RunTime:0.0020s ]
NOTIC: [2] Invalid argument supplied for foreach() D:\wamp64\www\dzxt\s\tp\Application\Power\Controller\IndexController.class.php 第 60 行.
SQL: SELECT `id`,`form_name`,`pid`,`type` FROM `ht_form` WHERE `pid` = 216  [ RunTime:0.0020s ]
NOTIC: [2] Invalid argument supplied for foreach() D:\wamp64\www\dzxt\s\tp\Application\Power\Controller\IndexController.class.php 第 60 行.
SQL: SELECT `id`,`form_name`,`pid`,`type` FROM `ht_form` WHERE `pid` = 217  [ RunTime:0.0020s ]
NOTIC: [2] Invalid argument supplied for foreach() D:\wamp64\www\dzxt\s\tp\Application\Power\Controller\IndexController.class.php 第 60 行.
SQL: SELECT `id`,`form_name`,`pid`,`type` FROM `ht_form` WHERE `pid` = 218  [ RunTime:0.0010s ]
NOTIC: [2] Invalid argument supplied for foreach() D:\wamp64\www\dzxt\s\tp\Application\Power\Controller\IndexController.class.php 第 60 行.
SQL: SELECT `id`,`form_name`,`pid`,`type` FROM `ht_form` WHERE `pid` = 219  [ RunTime:0.0020s ]
SQL: SELECT `id`,`form_name`,`pid`,`type` FROM `ht_form` WHERE `pid` = 225  [ RunTime:0.0020s ]
NOTIC: [2] Invalid argument supplied for foreach() D:\wamp64\www\dzxt\s\tp\Application\Power\Controller\IndexController.class.php 第 60 行.
SQL: SELECT `id`,`form_name`,`pid`,`type` FROM `ht_form` WHERE `pid` = 226  [ RunTime:0.0020s ]
NOTIC: [2] Invalid argument supplied for foreach() D:\wamp64\www\dzxt\s\tp\Application\Power\Controller\IndexController.class.php 第 60 行.
SQL: SELECT `id`,`form_name`,`pid`,`type` FROM `ht_form` WHERE `pid` = 227  [ RunTime:0.0010s ]
NOTIC: [2] Invalid argument supplied for foreach() D:\wamp64\www\dzxt\s\tp\Application\Power\Controller\IndexController.class.php 第 60 行.
SQL: SELECT `id`,`form_name`,`pid`,`type` FROM `ht_form` WHERE `pid` = 220  [ RunTime:0.0020s ]
NOTIC: [2] Invalid argument supplied for foreach() D:\wamp64\www\dzxt\s\tp\Application\Power\Controller\IndexController.class.php 第 60 行.
SQL: SELECT `id`,`form_name`,`pid`,`type` FROM `ht_form` WHERE `pid` = 221  [ RunTime:0.0020s ]
NOTIC: [2] Invalid argument supplied for foreach() D:\wamp64\www\dzxt\s\tp\Application\Power\Controller\IndexController.class.php 第 60 行.
SQL: SELECT `id`,`form_name`,`pid`,`type` FROM `ht_form` WHERE `pid` = 222  [ RunTime:0.0020s ]
NOTIC: [2] Invalid argument supplied for foreach() D:\wamp64\www\dzxt\s\tp\Application\Power\Controller\IndexController.class.php 第 60 行.
SQL: SELECT `id`,`form_name`,`pid`,`type` FROM `ht_form` WHERE `pid` = 230  [ RunTime:0.0010s ]
SQL: SELECT `id`,`form_name`,`pid`,`type` FROM `ht_form` WHERE `pid` = 231  [ RunTime:0.0020s ]
NOTIC: [2] Invalid argument supplied for foreach() D:\wamp64\www\dzxt\s\tp\Application\Power\Controller\IndexController.class.php 第 60 行.
SQL: SELECT `id`,`form_name`,`pid`,`type` FROM `ht_form` WHERE `pid` = 232  [ RunTime:0.0020s ]
NOTIC: [2] Invalid argument supplied for foreach() D:\wamp64\www\dzxt\s\tp\Application\Power\Controller\IndexController.class.php 第 60 行.
SQL: SELECT `id`,`form_name`,`pid`,`type` FROM `ht_form` WHERE `pid` = 233  [ RunTime:0.0020s ]
SQL: SELECT `id`,`form_name`,`pid`,`type` FROM `ht_form` WHERE `pid` = 234  [ RunTime:0.0020s ]
NOTIC: [2] Invalid argument supplied for foreach() D:\wamp64\www\dzxt\s\tp\Application\Power\Controller\IndexController.class.php 第 60 行.
SQL: SELECT `id`,`form_name`,`pid`,`type` FROM `ht_form` WHERE `pid` = 235  [ RunTime:0.0020s ]
NOTIC: [2] Invalid argument supplied for foreach() D:\wamp64\www\dzxt\s\tp\Application\Power\Controller\IndexController.class.php 第 60 行.
SQL: SELECT `id`,`form_name`,`pid`,`type` FROM `ht_form` WHERE `pid` = 236  [ RunTime:0.0020s ]
NOTIC: [2] Invalid argument supplied for foreach() D:\wamp64\www\dzxt\s\tp\Application\Power\Controller\IndexController.class.php 第 60 行.
SQL: SELECT `id`,`form_name`,`pid`,`type` FROM `ht_form` WHERE `pid` = 237  [ RunTime:0.0010s ]
SQL: SELECT `id`,`form_name`,`pid`,`type` FROM `ht_form` WHERE `pid` = 238  [ RunTime:0.0020s ]
NOTIC: [2] Invalid argument supplied for foreach() D:\wamp64\www\dzxt\s\tp\Application\Power\Controller\IndexController.class.php 第 60 行.
SQL: SELECT `id`,`form_name`,`pid`,`type` FROM `ht_form` WHERE `pid` = 239  [ RunTime:0.0020s ]
NOTIC: [2] Invalid argument supplied for foreach() D:\wamp64\www\dzxt\s\tp\Application\Power\Controller\IndexController.class.php 第 60 行.
SQL: SELECT `id`,`form_name`,`pid`,`type` FROM `ht_form` WHERE `pid` = 240  [ RunTime:0.0020s ]
NOTIC: [2] Invalid argument supplied for foreach() D:\wamp64\www\dzxt\s\tp\Application\Power\Controller\IndexController.class.php 第 60 行.
SQL: SELECT `id`,`form_name`,`pid`,`type` FROM `ht_form` WHERE `pid` = 241  [ RunTime:0.0020s ]
SQL: SELECT `id`,`form_name`,`pid`,`type` FROM `ht_form` WHERE `pid` = 242  [ RunTime:0.0020s ]
NOTIC: [2] Invalid argument supplied for foreach() D:\wamp64\www\dzxt\s\tp\Application\Power\Controller\IndexController.class.php 第 60 行.
SQL: SELECT `id`,`form_name`,`pid`,`type` FROM `ht_form` WHERE `pid` = 243  [ RunTime:0.0020s ]
NOTIC: [2] Invalid argument supplied for foreach() D:\wamp64\www\dzxt\s\tp\Application\Power\Controller\IndexController.class.php 第 60 行.
SQL: SELECT `id`,`form_name`,`pid`,`type` FROM `ht_form` WHERE `pid` = 176  [ RunTime:0.0020s ]
NOTIC: [2] Invalid argument supplied for foreach() D:\wamp64\www\dzxt\s\tp\Application\Power\Controller\IndexController.class.php 第 60 行.
SQL: SELECT `id`,`form_name`,`pid`,`type` FROM `ht_form` WHERE `pid` = 178  [ RunTime:0.0020s ]
NOTIC: [2] Invalid argument supplied for foreach() D:\wamp64\www\dzxt\s\tp\Application\Power\Controller\IndexController.class.php 第 60 行.
SQL: SELECT `id`,`form_name`,`pid`,`type` FROM `ht_form` WHERE `pid` = 179  [ RunTime:0.0020s ]
NOTIC: [2] Invalid argument supplied for foreach() D:\wamp64\www\dzxt\s\tp\Application\Power\Controller\IndexController.class.php 第 60 行.
SQL: SELECT `id`,`form_name`,`pid`,`type` FROM `ht_form` WHERE `pid` = 180  [ RunTime:0.0020s ]
NOTIC: [2] Invalid argument supplied for foreach() D:\wamp64\www\dzxt\s\tp\Application\Power\Controller\IndexController.class.php 第 60 行.
SQL: SELECT `id`,`form_name`,`pid`,`type` FROM `ht_form` WHERE `pid` = 181  [ RunTime:0.0020s ]
NOTIC: [2] Invalid argument supplied for foreach() D:\wamp64\www\dzxt\s\tp\Application\Power\Controller\IndexController.class.php 第 60 行.
SQL: SELECT `id`,`form_name`,`pid`,`type` FROM `ht_form` WHERE `pid` = 182  [ RunTime:0.0020s ]
NOTIC: [2] Invalid argument supplied for foreach() D:\wamp64\www\dzxt\s\tp\Application\Power\Controller\IndexController.class.php 第 60 行.
SQL: SELECT `id`,`form_name`,`pid`,`type` FROM `ht_form` WHERE `pid` = 183  [ RunTime:0.0020s ]
SQL: SELECT `id`,`form_name`,`pid`,`type` FROM `ht_form` WHERE `pid` = 223  [ RunTime:0.0020s ]
NOTIC: [2] Invalid argument supplied for foreach() D:\wamp64\www\dzxt\s\tp\Application\Power\Controller\IndexController.class.php 第 60 行.
SQL: SELECT `id`,`form_name`,`pid`,`type` FROM `ht_form` WHERE `pid` = 224  [ RunTime:0.0010s ]
NOTIC: [2] Invalid argument supplied for foreach() D:\wamp64\www\dzxt\s\tp\Application\Power\Controller\IndexController.class.php 第 60 行.
SQL: SELECT `id`,`form_name`,`pid`,`type` FROM `ht_form` WHERE `pid` = 184  [ RunTime:0.0020s ]
NOTIC: [2] Invalid argument supplied for foreach() D:\wamp64\www\dzxt\s\tp\Application\Power\Controller\IndexController.class.php 第 60 行.
SQL: SELECT `id`,`form_name`,`pid`,`type` FROM `ht_form` WHERE `pid` = 185  [ RunTime:0.0020s ]
NOTIC: [2] Invalid argument supplied for foreach() D:\wamp64\www\dzxt\s\tp\Application\Power\Controller\IndexController.class.php 第 60 行.
SQL: SELECT `id`,`form_name`,`pid`,`type` FROM `ht_form` WHERE `pid` = 186  [ RunTime:0.0020s ]
NOTIC: [2] Invalid argument supplied for foreach() D:\wamp64\www\dzxt\s\tp\Application\Power\Controller\IndexController.class.php 第 60 行.
INFO: [ app_end ] --START--
INFO: Run Behavior\ShowPageTraceBehavior [ RunTime:0.000976s ]
INFO: [ app_end ] --END-- [ RunTime:0.000976s ]

[ 2015-11-10T17:54:23+08:00 ] 127.0.0.1 /s/tp/wwwroot/index.php?s=/Power/index/getUserRole/role_id/1.html
INFO: [ app_init ] --START--
INFO: Run Behavior\BuildLiteBehavior [ RunTime:0.000000s ]
INFO: [ app_init ] --END-- [ RunTime:0.000977s ]
INFO: [ app_begin ] --START--
INFO: Run Behavior\ReadHtmlCacheBehavior [ RunTime:0.000000s ]
INFO: [ app_begin ] --END-- [ RunTime:0.001953s ]
SQL: SELECT form_id FROM `ht_power` WHERE function_type=0 and role_id=1 [ RunTime:0.0039s ]
INFO: [ app_end ] --START--
INFO: Run Behavior\ShowPageTraceBehavior [ RunTime:0.000977s ]
INFO: [ app_end ] --END-- [ RunTime:0.000977s ]

[ 2015-11-10T17:54:26+08:00 ] 127.0.0.1 /s/tp/wwwroot/index.php?s=/Power/index/getUserRole/role_id/28.html
INFO: [ app_init ] --START--
INFO: Run Behavior\BuildLiteBehavior [ RunTime:0.000000s ]
INFO: [ app_init ] --END-- [ RunTime:0.000976s ]
INFO: [ app_begin ] --START--
INFO: Run Behavior\ReadHtmlCacheBehavior [ RunTime:0.011719s ]
INFO: [ app_begin ] --END-- [ RunTime:0.011719s ]
SQL: SELECT form_id FROM `ht_power` WHERE function_type=0 and role_id=28 [ RunTime:0.0039s ]
INFO: [ app_end ] --START--
INFO: Run Behavior\ShowPageTraceBehavior [ RunTime:0.000976s ]
INFO: [ app_end ] --END-- [ RunTime:0.000976s ]

[ 2015-11-10T17:54:28+08:00 ] 127.0.0.1 /s/tp/wwwroot/index.php?s=/Power/index/getUserRole/role_id/30.html
INFO: [ app_init ] --START--
INFO: Run Behavior\BuildLiteBehavior [ RunTime:0.000976s ]
INFO: [ app_init ] --END-- [ RunTime:0.000976s ]
INFO: [ app_begin ] --START--
INFO: Run Behavior\ReadHtmlCacheBehavior [ RunTime:0.000977s ]
INFO: [ app_begin ] --END-- [ RunTime:0.000977s ]
SQL: SELECT form_id FROM `ht_power` WHERE function_type=0 and role_id=30 [ RunTime:0.0010s ]
INFO: [ app_end ] --START--
INFO: Run Behavior\ShowPageTraceBehavior [ RunTime:0.000977s ]
INFO: [ app_end ] --END-- [ RunTime:0.000977s ]

[ 2015-11-10T17:54:29+08:00 ] 127.0.0.1 /s/tp/wwwroot/index.php?s=/Power/index/getUserRole/role_id/7.html
INFO: [ app_init ] --START--
INFO: Run Behavior\BuildLiteBehavior [ RunTime:0.000000s ]
INFO: [ app_init ] --END-- [ RunTime:0.000977s ]
INFO: [ app_begin ] --START--
INFO: Run Behavior\ReadHtmlCacheBehavior [ RunTime:0.000977s ]
INFO: [ app_begin ] --END-- [ RunTime:0.000977s ]
SQL: SELECT form_id FROM `ht_power` WHERE function_type=0 and role_id=7 [ RunTime:0.0020s ]
INFO: [ app_end ] --START--
INFO: Run Behavior\ShowPageTraceBehavior [ RunTime:0.000977s ]
INFO: [ app_end ] --END-- [ RunTime:0.000977s ]

[ 2015-11-10T17:54:30+08:00 ] 127.0.0.1 /s/tp/wwwroot/index.php?s=/Power/index/getUserRole/role_id/31.html
INFO: [ app_init ] --START--
INFO: Run Behavior\BuildLiteBehavior [ RunTime:0.000000s ]
INFO: [ app_init ] --END-- [ RunTime:0.000977s ]
INFO: [ app_begin ] --START--
INFO: Run Behavior\ReadHtmlCacheBehavior [ RunTime:0.000976s ]
INFO: [ app_begin ] --END-- [ RunTime:0.000976s ]
SQL: SELECT form_id FROM `ht_power` WHERE function_type=0 and role_id=31 [ RunTime:0.0078s ]
INFO: [ app_end ] --START--
INFO: Run Behavior\ShowPageTraceBehavior [ RunTime:0.001953s ]
INFO: [ app_end ] --END-- [ RunTime:0.001953s ]

[ 2015-11-10T17:54:41+08:00 ] 127.0.0.1 /s/tp/wwwroot/index.php?s=/Power/index/getUserRole/role_id/7.html
INFO: [ app_init ] --START--
INFO: Run Behavior\BuildLiteBehavior [ RunTime:0.000000s ]
INFO: [ app_init ] --END-- [ RunTime:0.000977s ]
INFO: [ app_begin ] --START--
INFO: Run Behavior\ReadHtmlCacheBehavior [ RunTime:0.000976s ]
INFO: [ app_begin ] --END-- [ RunTime:0.000976s ]
SQL: SELECT form_id FROM `ht_power` WHERE function_type=0 and role_id=7 [ RunTime:0.0020s ]
INFO: [ app_end ] --START--
INFO: Run Behavior\ShowPageTraceBehavior [ RunTime:0.000976s ]
INFO: [ app_end ] --END-- [ RunTime:0.000976s ]

[ 2015-11-10T17:54:59+08:00 ] 127.0.0.1 /s/tp/wwwroot/index.php?s=/Power/index/upRole
INFO: [ app_init ] --START--
INFO: Run Behavior\BuildLiteBehavior [ RunTime:0.000977s ]
INFO: [ app_init ] --END-- [ RunTime:0.000977s ]
INFO: [ app_begin ] --START--
INFO: Run Behavior\ReadHtmlCacheBehavior [ RunTime:0.000977s ]
INFO: [ app_begin ] --END-- [ RunTime:0.000977s ]
SQL: delete from `ht_power` where role_id=7 [ RunTime:0.0107s ]
SQL: INSERT INTO ht_power(role_id,form_id,function_name,function_type)values(7,58,"view.page",0) [ RunTime:0.0010s ]
SQL: INSERT INTO ht_power(role_id,form_id,function_name,function_type)values(7,135,"view.page",0) [ RunTime:0.0010s ]
SQL: INSERT INTO ht_power(role_id,form_id,function_name,function_type)values(7,142,"view.page",0) [ RunTime:0.0020s ]
SQL: INSERT INTO ht_power(role_id,form_id,function_name,function_type)values(7,146,"view.page",0) [ RunTime:0.0010s ]
SQL: INSERT INTO ht_power(role_id,form_id,function_name,function_type)values(7,244,"view.page",0) [ RunTime:0.0010s ]
SQL: INSERT INTO ht_power(role_id,form_id,function_name,function_type)values(7,245,"view.page",0) [ RunTime:0.0010s ]
SQL: INSERT INTO ht_power(role_id,form_id,function_name,function_type)values(7,246,"view.page",0) [ RunTime:0.0010s ]
SQL: INSERT INTO ht_power(role_id,form_id,function_name,function_type)values(7,247,"view.page",0) [ RunTime:0.0010s ]
SQL: INSERT INTO ht_power(role_id,form_id,function_name,function_type)values(7,141,"view.page",0) [ RunTime:0.0010s ]
SQL: INSERT INTO ht_power(role_id,form_id,function_name,function_type)values(7,173,"view.page",0) [ RunTime:0.0010s ]
SQL: INSERT INTO ht_power(role_id,form_id,function_name,function_type)values(7,230,"view.page",0) [ RunTime:0.0010s ]
SQL: INSERT INTO ht_power(role_id,form_id,function_name,function_type)values(7,231,"view.page",0) [ RunTime:0.0010s ]
INFO: [ app_end ] --START--
INFO: Run Behavior\ShowPageTraceBehavior [ RunTime:0.000977s ]
INFO: [ app_end ] --END-- [ RunTime:0.000977s ]

[ 2015-11-10T17:55:16+08:00 ] 127.0.0.1 /s/tp/wwwroot/index.php?s=/Power/Index/getform.html
INFO: [ app_init ] --START--
INFO: Run Behavior\BuildLiteBehavior [ RunTime:0.000000s ]
INFO: [ app_init ] --END-- [ RunTime:0.001953s ]
INFO: [ app_begin ] --START--
INFO: Run Behavior\ReadHtmlCacheBehavior [ RunTime:0.000977s ]
INFO: [ app_begin ] --END-- [ RunTime:0.001953s ]
SQL: SHOW COLUMNS FROM `ht_form` [ RunTime:0.0117s ]
SQL: SELECT `id`,`form_name`,`pid`,`type` FROM `ht_form` WHERE `pid` = 0  [ RunTime:0.0020s ]
SQL: SELECT `id`,`form_name`,`pid`,`type` FROM `ht_form` WHERE `pid` = 52  [ RunTime:0.0029s ]
SQL: SELECT `id`,`form_name`,`pid`,`type` FROM `ht_form` WHERE `pid` = 56  [ RunTime:0.0020s ]
SQL: SELECT `id`,`form_name`,`pid`,`type` FROM `ht_form` WHERE `pid` = 58  [ RunTime:0.0010s ]
SQL: SELECT `id`,`form_name`,`pid`,`type` FROM `ht_form` WHERE `pid` = 62  [ RunTime:0.0020s ]
NOTIC: [2] Invalid argument supplied for foreach() D:\wamp64\www\dzxt\s\tp\Application\Power\Controller\IndexController.class.php 第 60 行.
SQL: SELECT `id`,`form_name`,`pid`,`type` FROM `ht_form` WHERE `pid` = 135  [ RunTime:0.0020s ]
NOTIC: [2] Invalid argument supplied for foreach() D:\wamp64\www\dzxt\s\tp\Application\Power\Controller\IndexController.class.php 第 60 行.
SQL: SELECT `id`,`form_name`,`pid`,`type` FROM `ht_form` WHERE `pid` = 142  [ RunTime:0.0010s ]
NOTIC: [2] Invalid argument supplied for foreach() D:\wamp64\www\dzxt\s\tp\Application\Power\Controller\IndexController.class.php 第 60 行.
SQL: SELECT `id`,`form_name`,`pid`,`type` FROM `ht_form` WHERE `pid` = 145  [ RunTime:0.0068s ]
NOTIC: [2] Invalid argument supplied for foreach() D:\wamp64\www\dzxt\s\tp\Application\Power\Controller\IndexController.class.php 第 60 行.
SQL: SELECT `id`,`form_name`,`pid`,`type` FROM `ht_form` WHERE `pid` = 146  [ RunTime:0.0020s ]
NOTIC: [2] Invalid argument supplied for foreach() D:\wamp64\www\dzxt\s\tp\Application\Power\Controller\IndexController.class.php 第 60 行.
SQL: SELECT `id`,`form_name`,`pid`,`type` FROM `ht_form` WHERE `pid` = 147  [ RunTime:0.0020s ]
NOTIC: [2] Invalid argument supplied for foreach() D:\wamp64\www\dzxt\s\tp\Application\Power\Controller\IndexController.class.php 第 60 行.
SQL: SELECT `id`,`form_name`,`pid`,`type` FROM `ht_form` WHERE `pid` = 177  [ RunTime:0.0029s ]
NOTIC: [2] Invalid argument supplied for foreach() D:\wamp64\www\dzxt\s\tp\Application\Power\Controller\IndexController.class.php 第 60 行.
SQL: SELECT `id`,`form_name`,`pid`,`type` FROM `ht_form` WHERE `pid` = 191  [ RunTime:0.0020s ]
NOTIC: [2] Invalid argument supplied for foreach() D:\wamp64\www\dzxt\s\tp\Application\Power\Controller\IndexController.class.php 第 60 行.
SQL: SELECT `id`,`form_name`,`pid`,`type` FROM `ht_form` WHERE `pid` = 244  [ RunTime:0.0010s ]
SQL: SELECT `id`,`form_name`,`pid`,`type` FROM `ht_form` WHERE `pid` = 245  [ RunTime:0.0020s ]
NOTIC: [2] Invalid argument supplied for foreach() D:\wamp64\www\dzxt\s\tp\Application\Power\Controller\IndexController.class.php 第 60 行.
SQL: SELECT `id`,`form_name`,`pid`,`type` FROM `ht_form` WHERE `pid` = 246  [ RunTime:0.0020s ]
NOTIC: [2] Invalid argument supplied for foreach() D:\wamp64\www\dzxt\s\tp\Application\Power\Controller\IndexController.class.php 第 60 行.
SQL: SELECT `id`,`form_name`,`pid`,`type` FROM `ht_form` WHERE `pid` = 247  [ RunTime:0.0020s ]
NOTIC: [2] Invalid argument supplied for foreach() D:\wamp64\www\dzxt\s\tp\Application\Power\Controller\IndexController.class.php 第 60 行.
SQL: SELECT `id`,`form_name`,`pid`,`type` FROM `ht_form` WHERE `pid` = 129  [ RunTime:0.0029s ]
SQL: SELECT `id`,`form_name`,`pid`,`type` FROM `ht_form` WHERE `pid` = 137  [ RunTime:0.0020s ]
NOTIC: [2] Invalid argument supplied for foreach() D:\wamp64\www\dzxt\s\tp\Application\Power\Controller\IndexController.class.php 第 60 行.
SQL: SELECT `id`,`form_name`,`pid`,`type` FROM `ht_form` WHERE `pid` = 138  [ RunTime:0.0010s ]
NOTIC: [2] Invalid argument supplied for foreach() D:\wamp64\www\dzxt\s\tp\Application\Power\Controller\IndexController.class.php 第 60 行.
SQL: SELECT `id`,`form_name`,`pid`,`type` FROM `ht_form` WHERE `pid` = 140  [ RunTime:0.0020s ]
SQL: SELECT `id`,`form_name`,`pid`,`type` FROM `ht_form` WHERE `pid` = 141  [ RunTime:0.0010s ]
NOTIC: [2] Invalid argument supplied for foreach() D:\wamp64\www\dzxt\s\tp\Application\Power\Controller\IndexController.class.php 第 60 行.
SQL: SELECT `id`,`form_name`,`pid`,`type` FROM `ht_form` WHERE `pid` = 157  [ RunTime:0.0029s ]
NOTIC: [2] Invalid argument supplied for foreach() D:\wamp64\www\dzxt\s\tp\Application\Power\Controller\IndexController.class.php 第 60 行.
SQL: SELECT `id`,`form_name`,`pid`,`type` FROM `ht_form` WHERE `pid` = 160  [ RunTime:0.0020s ]
NOTIC: [2] Invalid argument supplied for foreach() D:\wamp64\www\dzxt\s\tp\Application\Power\Controller\IndexController.class.php 第 60 行.
SQL: SELECT `id`,`form_name`,`pid`,`type` FROM `ht_form` WHERE `pid` = 173  [ RunTime:0.0020s ]
NOTIC: [2] Invalid argument supplied for foreach() D:\wamp64\www\dzxt\s\tp\Application\Power\Controller\IndexController.class.php 第 60 行.
SQL: SELECT `id`,`form_name`,`pid`,`type` FROM `ht_form` WHERE `pid` = 144  [ RunTime:0.0010s ]
NOTIC: [2] Invalid argument supplied for foreach() D:\wamp64\www\dzxt\s\tp\Application\Power\Controller\IndexController.class.php 第 60 行.
SQL: SELECT `id`,`form_name`,`pid`,`type` FROM `ht_form` WHERE `pid` = 149  [ RunTime:0.0020s ]
NOTIC: [2] Invalid argument supplied for foreach() D:\wamp64\www\dzxt\s\tp\Application\Power\Controller\IndexController.class.php 第 60 行.
SQL: SELECT `id`,`form_name`,`pid`,`type` FROM `ht_form` WHERE `pid` = 150  [ RunTime:0.0020s ]
NOTIC: [2] Invalid argument supplied for foreach() D:\wamp64\www\dzxt\s\tp\Application\Power\Controller\IndexController.class.php 第 60 行.
SQL: SELECT `id`,`form_name`,`pid`,`type` FROM `ht_form` WHERE `pid` = 151  [ RunTime:0.0020s ]
NOTIC: [2] Invalid argument supplied for foreach() D:\wamp64\www\dzxt\s\tp\Application\Power\Controller\IndexController.class.php 第 60 行.
SQL: SELECT `id`,`form_name`,`pid`,`type` FROM `ht_form` WHERE `pid` = 155  [ RunTime:0.0020s ]
NOTIC: [2] Invalid argument supplied for foreach() D:\wamp64\www\dzxt\s\tp\Application\Power\Controller\IndexController.class.php 第 60 行.
SQL: SELECT `id`,`form_name`,`pid`,`type` FROM `ht_form` WHERE `pid` = 156  [ RunTime:0.0020s ]
NOTIC: [2] Invalid argument supplied for foreach() D:\wamp64\www\dzxt\s\tp\Application\Power\Controller\IndexController.class.php 第 60 行.
SQL: SELECT `id`,`form_name`,`pid`,`type` FROM `ht_form` WHERE `pid` = 203  [ RunTime:0.0020s ]
NOTIC: [2] Invalid argument supplied for foreach() D:\wamp64\www\dzxt\s\tp\Application\Power\Controller\IndexController.class.php 第 60 行.
SQL: SELECT `id`,`form_name`,`pid`,`type` FROM `ht_form` WHERE `pid` = 143  [ RunTime:0.0020s ]
NOTIC: [2] Invalid argument supplied for foreach() D:\wamp64\www\dzxt\s\tp\Application\Power\Controller\IndexController.class.php 第 60 行.
SQL: SELECT `id`,`form_name`,`pid`,`type` FROM `ht_form` WHERE `pid` = 163  [ RunTime:0.0020s ]
NOTIC: [2] Invalid argument supplied for foreach() D:\wamp64\www\dzxt\s\tp\Application\Power\Controller\IndexController.class.php 第 60 行.
SQL: SELECT `id`,`form_name`,`pid`,`type` FROM `ht_form` WHERE `pid` = 165  [ RunTime:0.0020s ]
SQL: SELECT `id`,`form_name`,`pid`,`type` FROM `ht_form` WHERE `pid` = 54  [ RunTime:0.0010s ]
SQL: SELECT `id`,`form_name`,`pid`,`type` FROM `ht_form` WHERE `pid` = 92  [ RunTime:0.0010s ]
NOTIC: [2] Invalid argument supplied for foreach() D:\wamp64\www\dzxt\s\tp\Application\Power\Controller\IndexController.class.php 第 60 行.
SQL: SELECT `id`,`form_name`,`pid`,`type` FROM `ht_form` WHERE `pid` = 93  [ RunTime:0.0020s ]
NOTIC: [2] Invalid argument supplied for foreach() D:\wamp64\www\dzxt\s\tp\Application\Power\Controller\IndexController.class.php 第 60 行.
SQL: SELECT `id`,`form_name`,`pid`,`type` FROM `ht_form` WHERE `pid` = 95  [ RunTime:0.0010s ]
NOTIC: [2] Invalid argument supplied for foreach() D:\wamp64\www\dzxt\s\tp\Application\Power\Controller\IndexController.class.php 第 60 行.
SQL: SELECT `id`,`form_name`,`pid`,`type` FROM `ht_form` WHERE `pid` = 97  [ RunTime:0.0020s ]
NOTIC: [2] Invalid argument supplied for foreach() D:\wamp64\www\dzxt\s\tp\Application\Power\Controller\IndexController.class.php 第 60 行.
SQL: SELECT `id`,`form_name`,`pid`,`type` FROM `ht_form` WHERE `pid` = 98  [ RunTime:0.0020s ]
NOTIC: [2] Invalid argument supplied for foreach() D:\wamp64\www\dzxt\s\tp\Application\Power\Controller\IndexController.class.php 第 60 行.
SQL: SELECT `id`,`form_name`,`pid`,`type` FROM `ht_form` WHERE `pid` = 100  [ RunTime:0.0020s ]
NOTIC: [2] Invalid argument supplied for foreach() D:\wamp64\www\dzxt\s\tp\Application\Power\Controller\IndexController.class.php 第 60 行.
SQL: SELECT `id`,`form_name`,`pid`,`type` FROM `ht_form` WHERE `pid` = 167  [ RunTime:0.0020s ]
SQL: SELECT `id`,`form_name`,`pid`,`type` FROM `ht_form` WHERE `pid` = 175  [ RunTime:0.0020s ]
SQL: SELECT `id`,`form_name`,`pid`,`type` FROM `ht_form` WHERE `pid` = 139  [ RunTime:0.0049s ]
NOTIC: [2] Invalid argument supplied for foreach() D:\wamp64\www\dzxt\s\tp\Application\Power\Controller\IndexController.class.php 第 60 行.
SQL: SELECT `id`,`form_name`,`pid`,`type` FROM `ht_form` WHERE `pid` = 189  [ RunTime:0.0020s ]
NOTIC: [2] Invalid argument supplied for foreach() D:\wamp64\www\dzxt\s\tp\Application\Power\Controller\IndexController.class.php 第 60 行.
SQL: SELECT `id`,`form_name`,`pid`,`type` FROM `ht_form` WHERE `pid` = 192  [ RunTime:0.0010s ]
NOTIC: [2] Invalid argument supplied for foreach() D:\wamp64\www\dzxt\s\tp\Application\Power\Controller\IndexController.class.php 第 60 行.
SQL: SELECT `id`,`form_name`,`pid`,`type` FROM `ht_form` WHERE `pid` = 193  [ RunTime:0.0010s ]
NOTIC: [2] Invalid argument supplied for foreach() D:\wamp64\www\dzxt\s\tp\Application\Power\Controller\IndexController.class.php 第 60 行.
SQL: SELECT `id`,`form_name`,`pid`,`type` FROM `ht_form` WHERE `pid` = 190  [ RunTime:0.0020s ]
NOTIC: [2] Invalid argument supplied for foreach() D:\wamp64\www\dzxt\s\tp\Application\Power\Controller\IndexController.class.php 第 60 行.
SQL: SELECT `id`,`form_name`,`pid`,`type` FROM `ht_form` WHERE `pid` = 194  [ RunTime:0.0029s ]
NOTIC: [2] Invalid argument supplied for foreach() D:\wamp64\www\dzxt\s\tp\Application\Power\Controller\IndexController.class.php 第 60 行.
SQL: SELECT `id`,`form_name`,`pid`,`type` FROM `ht_form` WHERE `pid` = 195  [ RunTime:0.0020s ]
NOTIC: [2] Invalid argument supplied for foreach() D:\wamp64\www\dzxt\s\tp\Application\Power\Controller\IndexController.class.php 第 60 行.
SQL: SELECT `id`,`form_name`,`pid`,`type` FROM `ht_form` WHERE `pid` = 196  [ RunTime:0.0020s ]
NOTIC: [2] Invalid argument supplied for foreach() D:\wamp64\www\dzxt\s\tp\Application\Power\Controller\IndexController.class.php 第 60 行.
SQL: SELECT `id`,`form_name`,`pid`,`type` FROM `ht_form` WHERE `pid` = 197  [ RunTime:0.0020s ]
NOTIC: [2] Invalid argument supplied for foreach() D:\wamp64\www\dzxt\s\tp\Application\Power\Controller\IndexController.class.php 第 60 行.
SQL: SELECT `id`,`form_name`,`pid`,`type` FROM `ht_form` WHERE `pid` = 198  [ RunTime:0.0020s ]
NOTIC: [2] Invalid argument supplied for foreach() D:\wamp64\www\dzxt\s\tp\Application\Power\Controller\IndexController.class.php 第 60 行.
SQL: SELECT `id`,`form_name`,`pid`,`type` FROM `ht_form` WHERE `pid` = 199  [ RunTime:0.0020s ]
NOTIC: [2] Invalid argument supplied for foreach() D:\wamp64\www\dzxt\s\tp\Application\Power\Controller\IndexController.class.php 第 60 行.
SQL: SELECT `id`,`form_name`,`pid`,`type` FROM `ht_form` WHERE `pid` = 200  [ RunTime:0.0020s ]
NOTIC: [2] Invalid argument supplied for foreach() D:\wamp64\www\dzxt\s\tp\Application\Power\Controller\IndexController.class.php 第 60 行.
SQL: SELECT `id`,`form_name`,`pid`,`type` FROM `ht_form` WHERE `pid` = 201  [ RunTime:0.0020s ]
NOTIC: [2] Invalid argument supplied for foreach() D:\wamp64\www\dzxt\s\tp\Application\Power\Controller\IndexController.class.php 第 60 行.
SQL: SELECT `id`,`form_name`,`pid`,`type` FROM `ht_form` WHERE `pid` = 202  [ RunTime:0.0020s ]
NOTIC: [2] Invalid argument supplied for foreach() D:\wamp64\www\dzxt\s\tp\Application\Power\Controller\IndexController.class.php 第 60 行.
SQL: SELECT `id`,`form_name`,`pid`,`type` FROM `ht_form` WHERE `pid` = 204  [ RunTime:0.0010s ]
NOTIC: [2] Invalid argument supplied for foreach() D:\wamp64\www\dzxt\s\tp\Application\Power\Controller\IndexController.class.php 第 60 行.
SQL: SELECT `id`,`form_name`,`pid`,`type` FROM `ht_form` WHERE `pid` = 205  [ RunTime:0.0020s ]
NOTIC: [2] Invalid argument supplied for foreach() D:\wamp64\www\dzxt\s\tp\Application\Power\Controller\IndexController.class.php 第 60 行.
SQL: SELECT `id`,`form_name`,`pid`,`type` FROM `ht_form` WHERE `pid` = 206  [ RunTime:0.0020s ]
NOTIC: [2] Invalid argument supplied for foreach() D:\wamp64\www\dzxt\s\tp\Application\Power\Controller\IndexController.class.php 第 60 行.
SQL: SELECT `id`,`form_name`,`pid`,`type` FROM `ht_form` WHERE `pid` = 207  [ RunTime:0.0020s ]
NOTIC: [2] Invalid argument supplied for foreach() D:\wamp64\www\dzxt\s\tp\Application\Power\Controller\IndexController.class.php 第 60 行.
SQL: SELECT `id`,`form_name`,`pid`,`type` FROM `ht_form` WHERE `pid` = 208  [ RunTime:0.0020s ]
NOTIC: [2] Invalid argument supplied for foreach() D:\wamp64\www\dzxt\s\tp\Application\Power\Controller\IndexController.class.php 第 60 行.
SQL: SELECT `id`,`form_name`,`pid`,`type` FROM `ht_form` WHERE `pid` = 209  [ RunTime:0.0020s ]
NOTIC: [2] Invalid argument supplied for foreach() D:\wamp64\www\dzxt\s\tp\Application\Power\Controller\IndexController.class.php 第 60 行.
SQL: SELECT `id`,`form_name`,`pid`,`type` FROM `ht_form` WHERE `pid` = 210  [ RunTime:0.0020s ]
NOTIC: [2] Invalid argument supplied for foreach() D:\wamp64\www\dzxt\s\tp\Application\Power\Controller\IndexController.class.php 第 60 行.
SQL: SELECT `id`,`form_name`,`pid`,`type` FROM `ht_form` WHERE `pid` = 211  [ RunTime:0.0020s ]
SQL: SELECT `id`,`form_name`,`pid`,`type` FROM `ht_form` WHERE `pid` = 212  [ RunTime:0.0020s ]
NOTIC: [2] Invalid argument supplied for foreach() D:\wamp64\www\dzxt\s\tp\Application\Power\Controller\IndexController.class.php 第 60 行.
SQL: SELECT `id`,`form_name`,`pid`,`type` FROM `ht_form` WHERE `pid` = 213  [ RunTime:0.0020s ]
NOTIC: [2] Invalid argument supplied for foreach() D:\wamp64\www\dzxt\s\tp\Application\Power\Controller\IndexController.class.php 第 60 行.
SQL: SELECT `id`,`form_name`,`pid`,`type` FROM `ht_form` WHERE `pid` = 214  [ RunTime:0.0020s ]
NOTIC: [2] Invalid argument supplied for foreach() D:\wamp64\www\dzxt\s\tp\Application\Power\Controller\IndexController.class.php 第 60 行.
SQL: SELECT `id`,`form_name`,`pid`,`type` FROM `ht_form` WHERE `pid` = 215  [ RunTime:0.0020s ]
NOTIC: [2] Invalid argument supplied for foreach() D:\wamp64\www\dzxt\s\tp\Application\Power\Controller\IndexController.class.php 第 60 行.
SQL: SELECT `id`,`form_name`,`pid`,`type` FROM `ht_form` WHERE `pid` = 216  [ RunTime:0.0020s ]
NOTIC: [2] Invalid argument supplied for foreach() D:\wamp64\www\dzxt\s\tp\Application\Power\Controller\IndexController.class.php 第 60 行.
SQL: SELECT `id`,`form_name`,`pid`,`type` FROM `ht_form` WHERE `pid` = 217  [ RunTime:0.0010s ]
NOTIC: [2] Invalid argument supplied for foreach() D:\wamp64\www\dzxt\s\tp\Application\Power\Controller\IndexController.class.php 第 60 行.
SQL: SELECT `id`,`form_name`,`pid`,`type` FROM `ht_form` WHERE `pid` = 218  [ RunTime:0.0020s ]
NOTIC: [2] Invalid argument supplied for foreach() D:\wamp64\www\dzxt\s\tp\Application\Power\Controller\IndexController.class.php 第 60 行.
SQL: SELECT `id`,`form_name`,`pid`,`type` FROM `ht_form` WHERE `pid` = 219  [ RunTime:0.0020s ]
SQL: SELECT `id`,`form_name`,`pid`,`type` FROM `ht_form` WHERE `pid` = 225  [ RunTime:0.0020s ]
NOTIC: [2] Invalid argument supplied for foreach() D:\wamp64\www\dzxt\s\tp\Application\Power\Controller\IndexController.class.php 第 60 行.
SQL: SELECT `id`,`form_name`,`pid`,`type` FROM `ht_form` WHERE `pid` = 226  [ RunTime:0.0020s ]
NOTIC: [2] Invalid argument supplied for foreach() D:\wamp64\www\dzxt\s\tp\Application\Power\Controller\IndexController.class.php 第 60 行.
SQL: SELECT `id`,`form_name`,`pid`,`type` FROM `ht_form` WHERE `pid` = 227  [ RunTime:0.0010s ]
NOTIC: [2] Invalid argument supplied for foreach() D:\wamp64\www\dzxt\s\tp\Application\Power\Controller\IndexController.class.php 第 60 行.
SQL: SELECT `id`,`form_name`,`pid`,`type` FROM `ht_form` WHERE `pid` = 220  [ RunTime:0.0020s ]
NOTIC: [2] Invalid argument supplied for foreach() D:\wamp64\www\dzxt\s\tp\Application\Power\Controller\IndexController.class.php 第 60 行.
SQL: SELECT `id`,`form_name`,`pid`,`type` FROM `ht_form` WHERE `pid` = 221  [ RunTime:0.0020s ]
NOTIC: [2] Invalid argument supplied for foreach() D:\wamp64\www\dzxt\s\tp\Application\Power\Controller\IndexController.class.php 第 60 行.
SQL: SELECT `id`,`form_name`,`pid`,`type` FROM `ht_form` WHERE `pid` = 222  [ RunTime:0.0020s ]
NOTIC: [2] Invalid argument supplied for foreach() D:\wamp64\www\dzxt\s\tp\Application\Power\Controller\IndexController.class.php 第 60 行.
SQL: SELECT `id`,`form_name`,`pid`,`type` FROM `ht_form` WHERE `pid` = 230  [ RunTime:0.0020s ]
SQL: SELECT `id`,`form_name`,`pid`,`type` FROM `ht_form` WHERE `pid` = 231  [ RunTime:0.0020s ]
NOTIC: [2] Invalid argument supplied for foreach() D:\wamp64\www\dzxt\s\tp\Application\Power\Controller\IndexController.class.php 第 60 行.
SQL: SELECT `id`,`form_name`,`pid`,`type` FROM `ht_form` WHERE `pid` = 232  [ RunTime:0.0020s ]
NOTIC: [2] Invalid argument supplied for foreach() D:\wamp64\www\dzxt\s\tp\Application\Power\Controller\IndexController.class.php 第 60 行.
SQL: SELECT `id`,`form_name`,`pid`,`type` FROM `ht_form` WHERE `pid` = 233  [ RunTime:0.0020s ]
SQL: SELECT `id`,`form_name`,`pid`,`type` FROM `ht_form` WHERE `pid` = 234  [ RunTime:0.0029s ]
NOTIC: [2] Invalid argument supplied for foreach() D:\wamp64\www\dzxt\s\tp\Application\Power\Controller\IndexController.class.php 第 60 行.
SQL: SELECT `id`,`form_name`,`pid`,`type` FROM `ht_form` WHERE `pid` = 235  [ RunTime:0.0020s ]
NOTIC: [2] Invalid argument supplied for foreach() D:\wamp64\www\dzxt\s\tp\Application\Power\Controller\IndexController.class.php 第 60 行.
SQL: SELECT `id`,`form_name`,`pid`,`type` FROM `ht_form` WHERE `pid` = 236  [ RunTime:0.0010s ]
NOTIC: [2] Invalid argument supplied for foreach() D:\wamp64\www\dzxt\s\tp\Application\Power\Controller\IndexController.class.php 第 60 行.
SQL: SELECT `id`,`form_name`,`pid`,`type` FROM `ht_form` WHERE `pid` = 237  [ RunTime:0.0020s ]
SQL: SELECT `id`,`form_name`,`pid`,`type` FROM `ht_form` WHERE `pid` = 238  [ RunTime:0.0020s ]
NOTIC: [2] Invalid argument supplied for foreach() D:\wamp64\www\dzxt\s\tp\Application\Power\Controller\IndexController.class.php 第 60 行.
SQL: SELECT `id`,`form_name`,`pid`,`type` FROM `ht_form` WHERE `pid` = 239  [ RunTime:0.0020s ]
NOTIC: [2] Invalid argument supplied for foreach() D:\wamp64\www\dzxt\s\tp\Application\Power\Controller\IndexController.class.php 第 60 行.
SQL: SELECT `id`,`form_name`,`pid`,`type` FROM `ht_form` WHERE `pid` = 240  [ RunTime:0.0020s ]
NOTIC: [2] Invalid argument supplied for foreach() D:\wamp64\www\dzxt\s\tp\Application\Power\Controller\IndexController.class.php 第 60 行.
SQL: SELECT `id`,`form_name`,`pid`,`type` FROM `ht_form` WHERE `pid` = 241  [ RunTime:0.0020s ]
SQL: SELECT `id`,`form_name`,`pid`,`type` FROM `ht_form` WHERE `pid` = 242  [ RunTime:0.0020s ]
NOTIC: [2] Invalid argument supplied for foreach() D:\wamp64\www\dzxt\s\tp\Application\Power\Controller\IndexController.class.php 第 60 行.
SQL: SELECT `id`,`form_name`,`pid`,`type` FROM `ht_form` WHERE `pid` = 243  [ RunTime:0.0020s ]
NOTIC: [2] Invalid argument supplied for foreach() D:\wamp64\www\dzxt\s\tp\Application\Power\Controller\IndexController.class.php 第 60 行.
SQL: SELECT `id`,`form_name`,`pid`,`type` FROM `ht_form` WHERE `pid` = 176  [ RunTime:0.0020s ]
NOTIC: [2] Invalid argument supplied for foreach() D:\wamp64\www\dzxt\s\tp\Application\Power\Controller\IndexController.class.php 第 60 行.
SQL: SELECT `id`,`form_name`,`pid`,`type` FROM `ht_form` WHERE `pid` = 178  [ RunTime:0.0020s ]
NOTIC: [2] Invalid argument supplied for foreach() D:\wamp64\www\dzxt\s\tp\Application\Power\Controller\IndexController.class.php 第 60 行.
SQL: SELECT `id`,`form_name`,`pid`,`type` FROM `ht_form` WHERE `pid` = 179  [ RunTime:0.0010s ]
NOTIC: [2] Invalid argument supplied for foreach() D:\wamp64\www\dzxt\s\tp\Application\Power\Controller\IndexController.class.php 第 60 行.
SQL: SELECT `id`,`form_name`,`pid`,`type` FROM `ht_form` WHERE `pid` = 180  [ RunTime:0.0020s ]
NOTIC: [2] Invalid argument supplied for foreach() D:\wamp64\www\dzxt\s\tp\Application\Power\Controller\IndexController.class.php 第 60 行.
SQL: SELECT `id`,`form_name`,`pid`,`type` FROM `ht_form` WHERE `pid` = 181  [ RunTime:0.0020s ]
NOTIC: [2] Invalid argument supplied for foreach() D:\wamp64\www\dzxt\s\tp\Application\Power\Controller\IndexController.class.php 第 60 行.
SQL: SELECT `id`,`form_name`,`pid`,`type` FROM `ht_form` WHERE `pid` = 182  [ RunTime:0.0020s ]
NOTIC: [2] Invalid argument supplied for foreach() D:\wamp64\www\dzxt\s\tp\Application\Power\Controller\IndexController.class.php 第 60 行.
SQL: SELECT `id`,`form_name`,`pid`,`type` FROM `ht_form` WHERE `pid` = 183  [ RunTime:0.0020s ]
SQL: SELECT `id`,`form_name`,`pid`,`type` FROM `ht_form` WHERE `pid` = 223  [ RunTime:0.0010s ]
NOTIC: [2] Invalid argument supplied for foreach() D:\wamp64\www\dzxt\s\tp\Application\Power\Controller\IndexController.class.php 第 60 行.
SQL: SELECT `id`,`form_name`,`pid`,`type` FROM `ht_form` WHERE `pid` = 224  [ RunTime:0.0020s ]
NOTIC: [2] Invalid argument supplied for foreach() D:\wamp64\www\dzxt\s\tp\Application\Power\Controller\IndexController.class.php 第 60 行.
SQL: SELECT `id`,`form_name`,`pid`,`type` FROM `ht_form` WHERE `pid` = 184  [ RunTime:0.0020s ]
NOTIC: [2] Invalid argument supplied for foreach() D:\wamp64\www\dzxt\s\tp\Application\Power\Controller\IndexController.class.php 第 60 行.
SQL: SELECT `id`,`form_name`,`pid`,`type` FROM `ht_form` WHERE `pid` = 185  [ RunTime:0.0020s ]
NOTIC: [2] Invalid argument supplied for foreach() D:\wamp64\www\dzxt\s\tp\Application\Power\Controller\IndexController.class.php 第 60 行.
SQL: SELECT `id`,`form_name`,`pid`,`type` FROM `ht_form` WHERE `pid` = 186  [ RunTime:0.0020s ]
NOTIC: [2] Invalid argument supplied for foreach() D:\wamp64\www\dzxt\s\tp\Application\Power\Controller\IndexController.class.php 第 60 行.
INFO: [ app_end ] --START--
INFO: Run Behavior\ShowPageTraceBehavior [ RunTime:0.000976s ]
INFO: [ app_end ] --END-- [ RunTime:0.000976s ]

[ 2015-11-10T17:55:19+08:00 ] 127.0.0.1 /s/tp/wwwroot/index.php?s=/Power/index/getUserRole/role_id/1.html
INFO: [ app_init ] --START--
INFO: Run Behavior\BuildLiteBehavior [ RunTime:0.000000s ]
INFO: [ app_init ] --END-- [ RunTime:0.000000s ]
INFO: [ app_begin ] --START--
INFO: Run Behavior\ReadHtmlCacheBehavior [ RunTime:0.000977s ]
INFO: [ app_begin ] --END-- [ RunTime:0.000977s ]
SQL: SELECT form_id FROM `ht_power` WHERE function_type=0 and role_id=1 [ RunTime:0.0029s ]
INFO: [ app_end ] --START--
INFO: Run Behavior\ShowPageTraceBehavior [ RunTime:0.000976s ]
INFO: [ app_end ] --END-- [ RunTime:0.000976s ]

[ 2015-11-10T17:55:20+08:00 ] 127.0.0.1 /s/tp/wwwroot/index.php?s=/Power/index/getUserRole/role_id/28.html
INFO: [ app_init ] --START--
INFO: Run Behavior\BuildLiteBehavior [ RunTime:0.000000s ]
INFO: [ app_init ] --END-- [ RunTime:0.000976s ]
INFO: [ app_begin ] --START--
INFO: Run Behavior\ReadHtmlCacheBehavior [ RunTime:0.000976s ]
INFO: [ app_begin ] --END-- [ RunTime:0.001953s ]
SQL: SELECT form_id FROM `ht_power` WHERE function_type=0 and role_id=28 [ RunTime:0.0039s ]
INFO: [ app_end ] --START--
INFO: Run Behavior\ShowPageTraceBehavior [ RunTime:0.001953s ]
INFO: [ app_end ] --END-- [ RunTime:0.001953s ]

[ 2015-11-10T17:55:32+08:00 ] 127.0.0.1 /s/tp/wwwroot/index.php?s=/Power/index/getUserRole/role_id/1.html
INFO: [ app_init ] --START--
INFO: Run Behavior\BuildLiteBehavior [ RunTime:0.000000s ]
INFO: [ app_init ] --END-- [ RunTime:0.000977s ]
INFO: [ app_begin ] --START--
INFO: Run Behavior\ReadHtmlCacheBehavior [ RunTime:0.000000s ]
INFO: [ app_begin ] --END-- [ RunTime:0.000976s ]
SQL: SELECT form_id FROM `ht_power` WHERE function_type=0 and role_id=1 [ RunTime:0.0020s ]
INFO: [ app_end ] --START--
INFO: Run Behavior\ShowPageTraceBehavior [ RunTime:0.000977s ]
INFO: [ app_end ] --END-- [ RunTime:0.000977s ]

[ 2015-11-10T17:55:35+08:00 ] 127.0.0.1 /s/tp/wwwroot/index.php?s=/Power/index/getUserRole/role_id/29.html
INFO: [ app_init ] --START--
INFO: Run Behavior\BuildLiteBehavior [ RunTime:0.000000s ]
INFO: [ app_init ] --END-- [ RunTime:0.000977s ]
INFO: [ app_begin ] --START--
INFO: Run Behavior\ReadHtmlCacheBehavior [ RunTime:0.001953s ]
INFO: [ app_begin ] --END-- [ RunTime:0.001953s ]
SQL: SELECT form_id FROM `ht_power` WHERE function_type=0 and role_id=29 [ RunTime:0.0010s ]
INFO: [ app_end ] --START--
INFO: Run Behavior\ShowPageTraceBehavior [ RunTime:0.000976s ]
INFO: [ app_end ] --END-- [ RunTime:0.000976s ]

[ 2015-11-10T17:55:40+08:00 ] 127.0.0.1 /s/tp/wwwroot/index.php?s=/Power/index/getUserRole/role_id/30.html
INFO: [ app_init ] --START--
INFO: Run Behavior\BuildLiteBehavior [ RunTime:0.000000s ]
INFO: [ app_init ] --END-- [ RunTime:0.000977s ]
INFO: [ app_begin ] --START--
INFO: Run Behavior\ReadHtmlCacheBehavior [ RunTime:0.000976s ]
INFO: [ app_begin ] --END-- [ RunTime:0.000976s ]
SQL: SELECT form_id FROM `ht_power` WHERE function_type=0 and role_id=30 [ RunTime:0.0029s ]
INFO: [ app_end ] --START--
INFO: Run Behavior\ShowPageTraceBehavior [ RunTime:0.000976s ]
INFO: [ app_end ] --END-- [ RunTime:0.000976s ]

[ 2015-11-10T17:55:45+08:00 ] 127.0.0.1 /s/tp/wwwroot/index.php?s=/Power/index/upRole
INFO: [ app_init ] --START--
INFO: Run Behavior\BuildLiteBehavior [ RunTime:0.000000s ]
INFO: [ app_init ] --END-- [ RunTime:0.000977s ]
INFO: [ app_begin ] --START--
INFO: Run Behavior\ReadHtmlCacheBehavior [ RunTime:0.000976s ]
INFO: [ app_begin ] --END-- [ RunTime:0.000976s ]
SQL: delete from `ht_power` where role_id=30 [ RunTime:0.0059s ]
SQL: INSERT INTO ht_power(role_id,form_id,function_name,function_type)values(30,142,"view.page",0) [ RunTime:0.0039s ]
SQL: INSERT INTO ht_power(role_id,form_id,function_name,function_type)values(30,145,"view.page",0) [ RunTime:0.0020s ]
SQL: INSERT INTO ht_power(role_id,form_id,function_name,function_type)values(30,230,"view.page",0) [ RunTime:0.0010s ]
SQL: INSERT INTO ht_power(role_id,form_id,function_name,function_type)values(30,231,"view.page",0) [ RunTime:0.0020s ]
INFO: [ app_end ] --START--
INFO: Run Behavior\ShowPageTraceBehavior [ RunTime:0.000977s ]
INFO: [ app_end ] --END-- [ RunTime:0.000977s ]

[ 2015-11-10T17:55:47+08:00 ] 127.0.0.1 /s/tp/wwwroot/index.php?s=/Power/index/getUserRole/role_id/29.html
INFO: [ app_init ] --START--
INFO: Run Behavior\BuildLiteBehavior [ RunTime:0.000000s ]
INFO: [ app_init ] --END-- [ RunTime:0.000977s ]
INFO: [ app_begin ] --START--
INFO: Run Behavior\ReadHtmlCacheBehavior [ RunTime:0.000977s ]
INFO: [ app_begin ] --END-- [ RunTime:0.000977s ]
SQL: SELECT form_id FROM `ht_power` WHERE function_type=0 and role_id=29 [ RunTime:0.0029s ]
INFO: [ app_end ] --START--
INFO: Run Behavior\ShowPageTraceBehavior [ RunTime:0.000976s ]
INFO: [ app_end ] --END-- [ RunTime:0.000976s ]

[ 2015-11-10T17:55:57+08:00 ] 127.0.0.1 /s/tp/wwwroot/index.php?s=/Power/index/upRole
INFO: [ app_init ] --START--
INFO: Run Behavior\BuildLiteBehavior [ RunTime:0.000000s ]
INFO: [ app_init ] --END-- [ RunTime:0.000977s ]
INFO: [ app_begin ] --START--
INFO: Run Behavior\ReadHtmlCacheBehavior [ RunTime:0.000977s ]
INFO: [ app_begin ] --END-- [ RunTime:0.000977s ]
SQL: delete from `ht_power` where role_id=29 [ RunTime:0.0020s ]
SQL: INSERT INTO ht_power(role_id,form_id,function_name,function_type)values(29,230,"view.page",0) [ RunTime:0.0059s ]
SQL: INSERT INTO ht_power(role_id,form_id,function_name,function_type)values(29,231,"view.page",0) [ RunTime:0.0020s ]
INFO: [ app_end ] --START--
INFO: Run Behavior\ShowPageTraceBehavior [ RunTime:0.000976s ]
INFO: [ app_end ] --END-- [ RunTime:0.000976s ]

