[ 2015-11-11T17:53:17+08:00 ] 127.0.0.1 /s/tp/wwwroot/index.php?s=/Power/Index/getform.html
INFO: [ app_init ] --START--
INFO: Run Behavior\BuildLiteBehavior [ RunTime:0.000000s ]
INFO: [ app_init ] --END-- [ RunTime:0.002929s ]
INFO: [ app_begin ] --START--
INFO: Run Behavior\ReadHtmlCacheBehavior [ RunTime:0.003906s ]
INFO: [ app_begin ] --END-- [ RunTime:0.003906s ]
SQL: SHOW COLUMNS FROM `ht_form` [ RunTime:0.0098s ]
SQL: SELECT `id`,`form_name`,`pid`,`type` FROM `ht_form` WHERE `pid` = 0  [ RunTime:0.0010s ]
SQL: SELECT `id`,`form_name`,`pid`,`type` FROM `ht_form` WHERE `pid` = 52  [ RunTime:0.0010s ]
SQL: SELECT `id`,`form_name`,`pid`,`type` FROM `ht_form` WHERE `pid` = 56  [ RunTime:0.0010s ]
SQL: SELECT `id`,`form_name`,`pid`,`type` FROM `ht_form` WHERE `pid` = 58  [ RunTime:0.0020s ]
SQL: SELECT `id`,`form_name`,`pid`,`type` FROM `ht_form` WHERE `pid` = 62  [ RunTime:0.0010s ]
NOTIC: [2] Invalid argument supplied for foreach() D:\wamp64\www\dzxt\s\tp\Application\Power\Controller\IndexController.class.php 第 60 行.
SQL: SELECT `id`,`form_name`,`pid`,`type` FROM `ht_form` WHERE `pid` = 135  [ RunTime:0.0010s ]
NOTIC: [2] Invalid argument supplied for foreach() D:\wamp64\www\dzxt\s\tp\Application\Power\Controller\IndexController.class.php 第 60 行.
SQL: SELECT `id`,`form_name`,`pid`,`type` FROM `ht_form` WHERE `pid` = 142  [ RunTime:0.0010s ]
NOTIC: [2] Invalid argument supplied for foreach() D:\wamp64\www\dzxt\s\tp\Application\Power\Controller\IndexController.class.php 第 60 行.
SQL: SELECT `id`,`form_name`,`pid`,`type` FROM `ht_form` WHERE `pid` = 145  [ RunTime:0.0010s ]
NOTIC: [2] Invalid argument supplied for foreach() D:\wamp64\www\dzxt\s\tp\Application\Power\Controller\IndexController.class.php 第 60 行.
SQL: SELECT `id`,`form_name`,`pid`,`type` FROM `ht_form` WHERE `pid` = 146  [ RunTime:0.0020s ]
NOTIC: [2] Invalid argument supplied for foreach() D:\wamp64\www\dzxt\s\tp\Application\Power\Controller\IndexController.class.php 第 60 行.
SQL: SELECT `id`,`form_name`,`pid`,`type` FROM `ht_form` WHERE `pid` = 147  [ RunTime:0.0010s ]
NOTIC: [2] Invalid argument supplied for foreach() D:\wamp64\www\dzxt\s\tp\Application\Power\Controller\IndexController.class.php 第 60 行.
SQL: SELECT `id`,`form_name`,`pid`,`type` FROM `ht_form` WHERE `pid` = 177  [ RunTime:0.0020s ]
NOTIC: [2] Invalid argument supplied for foreach() D:\wamp64\www\dzxt\s\tp\Application\Power\Controller\IndexController.class.php 第 60 行.
SQL: SELECT `id`,`form_name`,`pid`,`type` FROM `ht_form` WHERE `pid` = 191  [ RunTime:0.0010s ]
NOTIC: [2] Invalid argument supplied for foreach() D:\wamp64\www\dzxt\s\tp\Application\Power\Controller\IndexController.class.php 第 60 行.
SQL: SELECT `id`,`form_name`,`pid`,`type` FROM `ht_form` WHERE `pid` = 244  [ RunTime:0.0010s ]
SQL: SELECT `id`,`form_name`,`pid`,`type` FROM `ht_form` WHERE `pid` = 245  [ RunTime:0.0029s ]
NOTIC: [2] Invalid argument supplied for foreach() D:\wamp64\www\dzxt\s\tp\Application\Power\Controller\IndexController.class.php 第 60 行.
SQL: SELECT `id`,`form_name`,`pid`,`type` FROM `ht_form` WHERE `pid` = 246  [ RunTime:0.0010s ]
NOTIC: [2] Invalid argument supplied for foreach() D:\wamp64\www\dzxt\s\tp\Application\Power\Controller\IndexController.class.php 第 60 行.
SQL: SELECT `id`,`form_name`,`pid`,`type` FROM `ht_form` WHERE `pid` = 247  [ RunTime:0.0020s ]
NOTIC: [2] Invalid argument supplied for foreach() D:\wamp64\www\dzxt\s\tp\Application\Power\Controller\IndexController.class.php 第 60 行.
SQL: SELECT `id`,`form_name`,`pid`,`type` FROM `ht_form` WHERE `pid` = 129  [ RunTime:0.0010s ]
SQL: SELECT `id`,`form_name`,`pid`,`type` FROM `ht_form` WHERE `pid` = 137  [ RunTime:0.0010s ]
NOTIC: [2] Invalid argument supplied for foreach() D:\wamp64\www\dzxt\s\tp\Application\Power\Controller\IndexController.class.php 第 60 行.
SQL: SELECT `id`,`form_name`,`pid`,`type` FROM `ht_form` WHERE `pid` = 138  [ RunTime:0.0010s ]
NOTIC: [2] Invalid argument supplied for foreach() D:\wamp64\www\dzxt\s\tp\Application\Power\Controller\IndexController.class.php 第 60 行.
SQL: SELECT `id`,`form_name`,`pid`,`type` FROM `ht_form` WHERE `pid` = 140  [ RunTime:0.0020s ]
SQL: SELECT `id`,`form_name`,`pid`,`type` FROM `ht_form` WHERE `pid` = 141  [ RunTime:0.0010s ]
NOTIC: [2] Invalid argument supplied for foreach() D:\wamp64\www\dzxt\s\tp\Application\Power\Controller\IndexController.class.php 第 60 行.
SQL: SELECT `id`,`form_name`,`pid`,`type` FROM `ht_form` WHERE `pid` = 157  [ RunTime:0.0020s ]
NOTIC: [2] Invalid argument supplied for foreach() D:\wamp64\www\dzxt\s\tp\Application\Power\Controller\IndexController.class.php 第 60 行.
SQL: SELECT `id`,`form_name`,`pid`,`type` FROM `ht_form` WHERE `pid` = 160  [ RunTime:0.0010s ]
NOTIC: [2] Invalid argument supplied for foreach() D:\wamp64\www\dzxt\s\tp\Application\Power\Controller\IndexController.class.php 第 60 行.
SQL: SELECT `id`,`form_name`,`pid`,`type` FROM `ht_form` WHERE `pid` = 173  [ RunTime:0.0010s ]
NOTIC: [2] Invalid argument supplied for foreach() D:\wamp64\www\dzxt\s\tp\Application\Power\Controller\IndexController.class.php 第 60 行.
SQL: SELECT `id`,`form_name`,`pid`,`type` FROM `ht_form` WHERE `pid` = 144  [ RunTime:0.0010s ]
NOTIC: [2] Invalid argument supplied for foreach() D:\wamp64\www\dzxt\s\tp\Application\Power\Controller\IndexController.class.php 第 60 行.
SQL: SELECT `id`,`form_name`,`pid`,`type` FROM `ht_form` WHERE `pid` = 149  [ RunTime:0.0020s ]
NOTIC: [2] Invalid argument supplied for foreach() D:\wamp64\www\dzxt\s\tp\Application\Power\Controller\IndexController.class.php 第 60 行.
SQL: SELECT `id`,`form_name`,`pid`,`type` FROM `ht_form` WHERE `pid` = 150  [ RunTime:0.0010s ]
NOTIC: [2] Invalid argument supplied for foreach() D:\wamp64\www\dzxt\s\tp\Application\Power\Controller\IndexController.class.php 第 60 行.
SQL: SELECT `id`,`form_name`,`pid`,`type` FROM `ht_form` WHERE `pid` = 151  [ RunTime:0.0020s ]
NOTIC: [2] Invalid argument supplied for foreach() D:\wamp64\www\dzxt\s\tp\Application\Power\Controller\IndexController.class.php 第 60 行.
SQL: SELECT `id`,`form_name`,`pid`,`type` FROM `ht_form` WHERE `pid` = 155  [ RunTime:0.0010s ]
NOTIC: [2] Invalid argument supplied for foreach() D:\wamp64\www\dzxt\s\tp\Application\Power\Controller\IndexController.class.php 第 60 行.
SQL: SELECT `id`,`form_name`,`pid`,`type` FROM `ht_form` WHERE `pid` = 156  [ RunTime:0.0010s ]
NOTIC: [2] Invalid argument supplied for foreach() D:\wamp64\www\dzxt\s\tp\Application\Power\Controller\IndexController.class.php 第 60 行.
SQL: SELECT `id`,`form_name`,`pid`,`type` FROM `ht_form` WHERE `pid` = 203  [ RunTime:0.0010s ]
NOTIC: [2] Invalid argument supplied for foreach() D:\wamp64\www\dzxt\s\tp\Application\Power\Controller\IndexController.class.php 第 60 行.
SQL: SELECT `id`,`form_name`,`pid`,`type` FROM `ht_form` WHERE `pid` = 143  [ RunTime:0.0010s ]
NOTIC: [2] Invalid argument supplied for foreach() D:\wamp64\www\dzxt\s\tp\Application\Power\Controller\IndexController.class.php 第 60 行.
SQL: SELECT `id`,`form_name`,`pid`,`type` FROM `ht_form` WHERE `pid` = 163  [ RunTime:0.0020s ]
NOTIC: [2] Invalid argument supplied for foreach() D:\wamp64\www\dzxt\s\tp\Application\Power\Controller\IndexController.class.php 第 60 行.
SQL: SELECT `id`,`form_name`,`pid`,`type` FROM `ht_form` WHERE `pid` = 165  [ RunTime:0.0020s ]
SQL: SELECT `id`,`form_name`,`pid`,`type` FROM `ht_form` WHERE `pid` = 54  [ RunTime:0.0029s ]
SQL: SELECT `id`,`form_name`,`pid`,`type` FROM `ht_form` WHERE `pid` = 92  [ RunTime:0.0010s ]
NOTIC: [2] Invalid argument supplied for foreach() D:\wamp64\www\dzxt\s\tp\Application\Power\Controller\IndexController.class.php 第 60 行.
SQL: SELECT `id`,`form_name`,`pid`,`type` FROM `ht_form` WHERE `pid` = 93  [ RunTime:0.0020s ]
NOTIC: [2] Invalid argument supplied for foreach() D:\wamp64\www\dzxt\s\tp\Application\Power\Controller\IndexController.class.php 第 60 行.
SQL: SELECT `id`,`form_name`,`pid`,`type` FROM `ht_form` WHERE `pid` = 95  [ RunTime:0.0010s ]
NOTIC: [2] Invalid argument supplied for foreach() D:\wamp64\www\dzxt\s\tp\Application\Power\Controller\IndexController.class.php 第 60 行.
SQL: SELECT `id`,`form_name`,`pid`,`type` FROM `ht_form` WHERE `pid` = 97  [ RunTime:0.0010s ]
NOTIC: [2] Invalid argument supplied for foreach() D:\wamp64\www\dzxt\s\tp\Application\Power\Controller\IndexController.class.php 第 60 行.
SQL: SELECT `id`,`form_name`,`pid`,`type` FROM `ht_form` WHERE `pid` = 98  [ RunTime:0.0020s ]
NOTIC: [2] Invalid argument supplied for foreach() D:\wamp64\www\dzxt\s\tp\Application\Power\Controller\IndexController.class.php 第 60 行.
SQL: SELECT `id`,`form_name`,`pid`,`type` FROM `ht_form` WHERE `pid` = 100  [ RunTime:0.0010s ]
NOTIC: [2] Invalid argument supplied for foreach() D:\wamp64\www\dzxt\s\tp\Application\Power\Controller\IndexController.class.php 第 60 行.
SQL: SELECT `id`,`form_name`,`pid`,`type` FROM `ht_form` WHERE `pid` = 167  [ RunTime:0.0020s ]
SQL: SELECT `id`,`form_name`,`pid`,`type` FROM `ht_form` WHERE `pid` = 175  [ RunTime:0.0010s ]
SQL: SELECT `id`,`form_name`,`pid`,`type` FROM `ht_form` WHERE `pid` = 139  [ RunTime:0.0010s ]
NOTIC: [2] Invalid argument supplied for foreach() D:\wamp64\www\dzxt\s\tp\Application\Power\Controller\IndexController.class.php 第 60 行.
SQL: SELECT `id`,`form_name`,`pid`,`type` FROM `ht_form` WHERE `pid` = 189  [ RunTime:0.0020s ]
NOTIC: [2] Invalid argument supplied for foreach() D:\wamp64\www\dzxt\s\tp\Application\Power\Controller\IndexController.class.php 第 60 行.
SQL: SELECT `id`,`form_name`,`pid`,`type` FROM `ht_form` WHERE `pid` = 192  [ RunTime:0.0010s ]
NOTIC: [2] Invalid argument supplied for foreach() D:\wamp64\www\dzxt\s\tp\Application\Power\Controller\IndexController.class.php 第 60 行.
SQL: SELECT `id`,`form_name`,`pid`,`type` FROM `ht_form` WHERE `pid` = 193  [ RunTime:0.0010s ]
NOTIC: [2] Invalid argument supplied for foreach() D:\wamp64\www\dzxt\s\tp\Application\Power\Controller\IndexController.class.php 第 60 行.
SQL: SELECT `id`,`form_name`,`pid`,`type` FROM `ht_form` WHERE `pid` = 190  [ RunTime:0.0020s ]
NOTIC: [2] Invalid argument supplied for foreach() D:\wamp64\www\dzxt\s\tp\Application\Power\Controller\IndexController.class.php 第 60 行.
SQL: SELECT `id`,`form_name`,`pid`,`type` FROM `ht_form` WHERE `pid` = 194  [ RunTime:0.0010s ]
NOTIC: [2] Invalid argument supplied for foreach() D:\wamp64\www\dzxt\s\tp\Application\Power\Controller\IndexController.class.php 第 60 行.
SQL: SELECT `id`,`form_name`,`pid`,`type` FROM `ht_form` WHERE `pid` = 195  [ RunTime:0.0020s ]
NOTIC: [2] Invalid argument supplied for foreach() D:\wamp64\www\dzxt\s\tp\Application\Power\Controller\IndexController.class.php 第 60 行.
SQL: SELECT `id`,`form_name`,`pid`,`type` FROM `ht_form` WHERE `pid` = 196  [ RunTime:0.0010s ]
NOTIC: [2] Invalid argument supplied for foreach() D:\wamp64\www\dzxt\s\tp\Application\Power\Controller\IndexController.class.php 第 60 行.
SQL: SELECT `id`,`form_name`,`pid`,`type` FROM `ht_form` WHERE `pid` = 197  [ RunTime:0.0010s ]
NOTIC: [2] Invalid argument supplied for foreach() D:\wamp64\www\dzxt\s\tp\Application\Power\Controller\IndexController.class.php 第 60 行.
SQL: SELECT `id`,`form_name`,`pid`,`type` FROM `ht_form` WHERE `pid` = 198  [ RunTime:0.0010s ]
NOTIC: [2] Invalid argument supplied for foreach() D:\wamp64\www\dzxt\s\tp\Application\Power\Controller\IndexController.class.php 第 60 行.
SQL: SELECT `id`,`form_name`,`pid`,`type` FROM `ht_form` WHERE `pid` = 199  [ RunTime:0.0020s ]
NOTIC: [2] Invalid argument supplied for foreach() D:\wamp64\www\dzxt\s\tp\Application\Power\Controller\IndexController.class.php 第 60 行.
SQL: SELECT `id`,`form_name`,`pid`,`type` FROM `ht_form` WHERE `pid` = 200  [ RunTime:0.0010s ]
NOTIC: [2] Invalid argument supplied for foreach() D:\wamp64\www\dzxt\s\tp\Application\Power\Controller\IndexController.class.php 第 60 行.
SQL: SELECT `id`,`form_name`,`pid`,`type` FROM `ht_form` WHERE `pid` = 201  [ RunTime:0.0010s ]
NOTIC: [2] Invalid argument supplied for foreach() D:\wamp64\www\dzxt\s\tp\Application\Power\Controller\IndexController.class.php 第 60 行.
SQL: SELECT `id`,`form_name`,`pid`,`type` FROM `ht_form` WHERE `pid` = 202  [ RunTime:0.0020s ]
NOTIC: [2] Invalid argument supplied for foreach() D:\wamp64\www\dzxt\s\tp\Application\Power\Controller\IndexController.class.php 第 60 行.
SQL: SELECT `id`,`form_name`,`pid`,`type` FROM `ht_form` WHERE `pid` = 204  [ RunTime:0.0010s ]
NOTIC: [2] Invalid argument supplied for foreach() D:\wamp64\www\dzxt\s\tp\Application\Power\Controller\IndexController.class.php 第 60 行.
SQL: SELECT `id`,`form_name`,`pid`,`type` FROM `ht_form` WHERE `pid` = 205  [ RunTime:0.0020s ]
NOTIC: [2] Invalid argument supplied for foreach() D:\wamp64\www\dzxt\s\tp\Application\Power\Controller\IndexController.class.php 第 60 行.
SQL: SELECT `id`,`form_name`,`pid`,`type` FROM `ht_form` WHERE `pid` = 206  [ RunTime:0.0010s ]
NOTIC: [2] Invalid argument supplied for foreach() D:\wamp64\www\dzxt\s\tp\Application\Power\Controller\IndexController.class.php 第 60 行.
SQL: SELECT `id`,`form_name`,`pid`,`type` FROM `ht_form` WHERE `pid` = 207  [ RunTime:0.0020s ]
NOTIC: [2] Invalid argument supplied for foreach() D:\wamp64\www\dzxt\s\tp\Application\Power\Controller\IndexController.class.php 第 60 行.
SQL: SELECT `id`,`form_name`,`pid`,`type` FROM `ht_form` WHERE `pid` = 208  [ RunTime:0.0010s ]
NOTIC: [2] Invalid argument supplied for foreach() D:\wamp64\www\dzxt\s\tp\Application\Power\Controller\IndexController.class.php 第 60 行.
SQL: SELECT `id`,`form_name`,`pid`,`type` FROM `ht_form` WHERE `pid` = 209  [ RunTime:0.0020s ]
NOTIC: [2] Invalid argument supplied for foreach() D:\wamp64\www\dzxt\s\tp\Application\Power\Controller\IndexController.class.php 第 60 行.
SQL: SELECT `id`,`form_name`,`pid`,`type` FROM `ht_form` WHERE `pid` = 210  [ RunTime:0.0010s ]
NOTIC: [2] Invalid argument supplied for foreach() D:\wamp64\www\dzxt\s\tp\Application\Power\Controller\IndexController.class.php 第 60 行.
SQL: SELECT `id`,`form_name`,`pid`,`type` FROM `ht_form` WHERE `pid` = 211  [ RunTime:0.0020s ]
SQL: SELECT `id`,`form_name`,`pid`,`type` FROM `ht_form` WHERE `pid` = 212  [ RunTime:0.0010s ]
NOTIC: [2] Invalid argument supplied for foreach() D:\wamp64\www\dzxt\s\tp\Application\Power\Controller\IndexController.class.php 第 60 行.
SQL: SELECT `id`,`form_name`,`pid`,`type` FROM `ht_form` WHERE `pid` = 213  [ RunTime:0.0010s ]
NOTIC: [2] Invalid argument supplied for foreach() D:\wamp64\www\dzxt\s\tp\Application\Power\Controller\IndexController.class.php 第 60 行.
SQL: SELECT `id`,`form_name`,`pid`,`type` FROM `ht_form` WHERE `pid` = 214  [ RunTime:0.0020s ]
NOTIC: [2] Invalid argument supplied for foreach() D:\wamp64\www\dzxt\s\tp\Application\Power\Controller\IndexController.class.php 第 60 行.
SQL: SELECT `id`,`form_name`,`pid`,`type` FROM `ht_form` WHERE `pid` = 215  [ RunTime:0.0010s ]
NOTIC: [2] Invalid argument supplied for foreach() D:\wamp64\www\dzxt\s\tp\Application\Power\Controller\IndexController.class.php 第 60 行.
SQL: SELECT `id`,`form_name`,`pid`,`type` FROM `ht_form` WHERE `pid` = 216  [ RunTime:0.0010s ]
NOTIC: [2] Invalid argument supplied for foreach() D:\wamp64\www\dzxt\s\tp\Application\Power\Controller\IndexController.class.php 第 60 行.
SQL: SELECT `id`,`form_name`,`pid`,`type` FROM `ht_form` WHERE `pid` = 217  [ RunTime:0.0010s ]
NOTIC: [2] Invalid argument supplied for foreach() D:\wamp64\www\dzxt\s\tp\Application\Power\Controller\IndexController.class.php 第 60 行.
SQL: SELECT `id`,`form_name`,`pid`,`type` FROM `ht_form` WHERE `pid` = 218  [ RunTime:0.0010s ]
NOTIC: [2] Invalid argument supplied for foreach() D:\wamp64\www\dzxt\s\tp\Application\Power\Controller\IndexController.class.php 第 60 行.
SQL: SELECT `id`,`form_name`,`pid`,`type` FROM `ht_form` WHERE `pid` = 219  [ RunTime:0.0020s ]
SQL: SELECT `id`,`form_name`,`pid`,`type` FROM `ht_form` WHERE `pid` = 225  [ RunTime:0.0020s ]
NOTIC: [2] Invalid argument supplied for foreach() D:\wamp64\www\dzxt\s\tp\Application\Power\Controller\IndexController.class.php 第 60 行.
SQL: SELECT `id`,`form_name`,`pid`,`type` FROM `ht_form` WHERE `pid` = 226  [ RunTime:0.0010s ]
NOTIC: [2] Invalid argument supplied for foreach() D:\wamp64\www\dzxt\s\tp\Application\Power\Controller\IndexController.class.php 第 60 行.
SQL: SELECT `id`,`form_name`,`pid`,`type` FROM `ht_form` WHERE `pid` = 227  [ RunTime:0.0020s ]
NOTIC: [2] Invalid argument supplied for foreach() D:\wamp64\www\dzxt\s\tp\Application\Power\Controller\IndexController.class.php 第 60 行.
SQL: SELECT `id`,`form_name`,`pid`,`type` FROM `ht_form` WHERE `pid` = 220  [ RunTime:0.0010s ]
NOTIC: [2] Invalid argument supplied for foreach() D:\wamp64\www\dzxt\s\tp\Application\Power\Controller\IndexController.class.php 第 60 行.
SQL: SELECT `id`,`form_name`,`pid`,`type` FROM `ht_form` WHERE `pid` = 221  [ RunTime:0.0020s ]
NOTIC: [2] Invalid argument supplied for foreach() D:\wamp64\www\dzxt\s\tp\Application\Power\Controller\IndexController.class.php 第 60 行.
SQL: SELECT `id`,`form_name`,`pid`,`type` FROM `ht_form` WHERE `pid` = 222  [ RunTime:0.0010s ]
NOTIC: [2] Invalid argument supplied for foreach() D:\wamp64\www\dzxt\s\tp\Application\Power\Controller\IndexController.class.php 第 60 行.
SQL: SELECT `id`,`form_name`,`pid`,`type` FROM `ht_form` WHERE `pid` = 230  [ RunTime:0.0010s ]
SQL: SELECT `id`,`form_name`,`pid`,`type` FROM `ht_form` WHERE `pid` = 231  [ RunTime:0.0020s ]
NOTIC: [2] Invalid argument supplied for foreach() D:\wamp64\www\dzxt\s\tp\Application\Power\Controller\IndexController.class.php 第 60 行.
SQL: SELECT `id`,`form_name`,`pid`,`type` FROM `ht_form` WHERE `pid` = 232  [ RunTime:0.0010s ]
NOTIC: [2] Invalid argument supplied for foreach() D:\wamp64\www\dzxt\s\tp\Application\Power\Controller\IndexController.class.php 第 60 行.
SQL: SELECT `id`,`form_name`,`pid`,`type` FROM `ht_form` WHERE `pid` = 233  [ RunTime:0.0010s ]
SQL: SELECT `id`,`form_name`,`pid`,`type` FROM `ht_form` WHERE `pid` = 234  [ RunTime:0.0010s ]
NOTIC: [2] Invalid argument supplied for foreach() D:\wamp64\www\dzxt\s\tp\Application\Power\Controller\IndexController.class.php 第 60 行.
SQL: SELECT `id`,`form_name`,`pid`,`type` FROM `ht_form` WHERE `pid` = 235  [ RunTime:0.0020s ]
NOTIC: [2] Invalid argument supplied for foreach() D:\wamp64\www\dzxt\s\tp\Application\Power\Controller\IndexController.class.php 第 60 行.
SQL: SELECT `id`,`form_name`,`pid`,`type` FROM `ht_form` WHERE `pid` = 236  [ RunTime:0.0010s ]
NOTIC: [2] Invalid argument supplied for foreach() D:\wamp64\www\dzxt\s\tp\Application\Power\Controller\IndexController.class.php 第 60 行.
SQL: SELECT `id`,`form_name`,`pid`,`type` FROM `ht_form` WHERE `pid` = 237  [ RunTime:0.0020s ]
SQL: SELECT `id`,`form_name`,`pid`,`type` FROM `ht_form` WHERE `pid` = 238  [ RunTime:0.0010s ]
NOTIC: [2] Invalid argument supplied for foreach() D:\wamp64\www\dzxt\s\tp\Application\Power\Controller\IndexController.class.php 第 60 行.
SQL: SELECT `id`,`form_name`,`pid`,`type` FROM `ht_form` WHERE `pid` = 239  [ RunTime:0.0010s ]
NOTIC: [2] Invalid argument supplied for foreach() D:\wamp64\www\dzxt\s\tp\Application\Power\Controller\IndexController.class.php 第 60 行.
SQL: SELECT `id`,`form_name`,`pid`,`type` FROM `ht_form` WHERE `pid` = 240  [ RunTime:0.0020s ]
NOTIC: [2] Invalid argument supplied for foreach() D:\wamp64\www\dzxt\s\tp\Application\Power\Controller\IndexController.class.php 第 60 行.
SQL: SELECT `id`,`form_name`,`pid`,`type` FROM `ht_form` WHERE `pid` = 241  [ RunTime:0.0010s ]
SQL: SELECT `id`,`form_name`,`pid`,`type` FROM `ht_form` WHERE `pid` = 242  [ RunTime:0.0010s ]
NOTIC: [2] Invalid argument supplied for foreach() D:\wamp64\www\dzxt\s\tp\Application\Power\Controller\IndexController.class.php 第 60 行.
SQL: SELECT `id`,`form_name`,`pid`,`type` FROM `ht_form` WHERE `pid` = 243  [ RunTime:0.0010s ]
NOTIC: [2] Invalid argument supplied for foreach() D:\wamp64\www\dzxt\s\tp\Application\Power\Controller\IndexController.class.php 第 60 行.
SQL: SELECT `id`,`form_name`,`pid`,`type` FROM `ht_form` WHERE `pid` = 248  [ RunTime:0.0010s ]
NOTIC: [2] Invalid argument supplied for foreach() D:\wamp64\www\dzxt\s\tp\Application\Power\Controller\IndexController.class.php 第 60 行.
SQL: SELECT `id`,`form_name`,`pid`,`type` FROM `ht_form` WHERE `pid` = 250  [ RunTime:0.0010s ]
NOTIC: [2] Invalid argument supplied for foreach() D:\wamp64\www\dzxt\s\tp\Application\Power\Controller\IndexController.class.php 第 60 行.
SQL: SELECT `id`,`form_name`,`pid`,`type` FROM `ht_form` WHERE `pid` = 176  [ RunTime:0.0010s ]
NOTIC: [2] Invalid argument supplied for foreach() D:\wamp64\www\dzxt\s\tp\Application\Power\Controller\IndexController.class.php 第 60 行.
SQL: SELECT `id`,`form_name`,`pid`,`type` FROM `ht_form` WHERE `pid` = 178  [ RunTime:0.0010s ]
NOTIC: [2] Invalid argument supplied for foreach() D:\wamp64\www\dzxt\s\tp\Application\Power\Controller\IndexController.class.php 第 60 行.
SQL: SELECT `id`,`form_name`,`pid`,`type` FROM `ht_form` WHERE `pid` = 179  [ RunTime:0.0020s ]
NOTIC: [2] Invalid argument supplied for foreach() D:\wamp64\www\dzxt\s\tp\Application\Power\Controller\IndexController.class.php 第 60 行.
SQL: SELECT `id`,`form_name`,`pid`,`type` FROM `ht_form` WHERE `pid` = 180  [ RunTime:0.0010s ]
NOTIC: [2] Invalid argument supplied for foreach() D:\wamp64\www\dzxt\s\tp\Application\Power\Controller\IndexController.class.php 第 60 行.
SQL: SELECT `id`,`form_name`,`pid`,`type` FROM `ht_form` WHERE `pid` = 181  [ RunTime:0.0010s ]
NOTIC: [2] Invalid argument supplied for foreach() D:\wamp64\www\dzxt\s\tp\Application\Power\Controller\IndexController.class.php 第 60 行.
SQL: SELECT `id`,`form_name`,`pid`,`type` FROM `ht_form` WHERE `pid` = 182  [ RunTime:0.0020s ]
NOTIC: [2] Invalid argument supplied for foreach() D:\wamp64\www\dzxt\s\tp\Application\Power\Controller\IndexController.class.php 第 60 行.
SQL: SELECT `id`,`form_name`,`pid`,`type` FROM `ht_form` WHERE `pid` = 183  [ RunTime:0.0010s ]
SQL: SELECT `id`,`form_name`,`pid`,`type` FROM `ht_form` WHERE `pid` = 223  [ RunTime:0.0020s ]
NOTIC: [2] Invalid argument supplied for foreach() D:\wamp64\www\dzxt\s\tp\Application\Power\Controller\IndexController.class.php 第 60 行.
SQL: SELECT `id`,`form_name`,`pid`,`type` FROM `ht_form` WHERE `pid` = 224  [ RunTime:0.0010s ]
NOTIC: [2] Invalid argument supplied for foreach() D:\wamp64\www\dzxt\s\tp\Application\Power\Controller\IndexController.class.php 第 60 行.
SQL: SELECT `id`,`form_name`,`pid`,`type` FROM `ht_form` WHERE `pid` = 184  [ RunTime:0.0010s ]
NOTIC: [2] Invalid argument supplied for foreach() D:\wamp64\www\dzxt\s\tp\Application\Power\Controller\IndexController.class.php 第 60 行.
SQL: SELECT `id`,`form_name`,`pid`,`type` FROM `ht_form` WHERE `pid` = 185  [ RunTime:0.0020s ]
NOTIC: [2] Invalid argument supplied for foreach() D:\wamp64\www\dzxt\s\tp\Application\Power\Controller\IndexController.class.php 第 60 行.
SQL: SELECT `id`,`form_name`,`pid`,`type` FROM `ht_form` WHERE `pid` = 186  [ RunTime:0.0010s ]
NOTIC: [2] Invalid argument supplied for foreach() D:\wamp64\www\dzxt\s\tp\Application\Power\Controller\IndexController.class.php 第 60 行.
INFO: [ app_end ] --START--
INFO: Run Behavior\ShowPageTraceBehavior [ RunTime:0.001953s ]
INFO: [ app_end ] --END-- [ RunTime:0.001953s ]

[ 2015-11-11T17:53:29+08:00 ] 127.0.0.1 /s/tp/wwwroot/index.php?s=/Power/Index/getform.html
INFO: [ app_init ] --START--
INFO: Run Behavior\BuildLiteBehavior [ RunTime:0.000000s ]
INFO: [ app_init ] --END-- [ RunTime:0.001954s ]
INFO: [ app_begin ] --START--
INFO: Run Behavior\ReadHtmlCacheBehavior [ RunTime:0.004883s ]
INFO: [ app_begin ] --END-- [ RunTime:0.006836s ]
SQL: SHOW COLUMNS FROM `ht_form` [ RunTime:0.0127s ]
SQL: SELECT `id`,`form_name`,`pid`,`type` FROM `ht_form` WHERE `pid` = 0  [ RunTime:0.0039s ]
SQL: SELECT `id`,`form_name`,`pid`,`type` FROM `ht_form` WHERE `pid` = 52  [ RunTime:0.0029s ]
SQL: SELECT `id`,`form_name`,`pid`,`type` FROM `ht_form` WHERE `pid` = 56  [ RunTime:0.0049s ]
SQL: SELECT `id`,`form_name`,`pid`,`type` FROM `ht_form` WHERE `pid` = 58  [ RunTime:0.0020s ]
SQL: SELECT `id`,`form_name`,`pid`,`type` FROM `ht_form` WHERE `pid` = 62  [ RunTime:0.0020s ]
NOTIC: [2] Invalid argument supplied for foreach() D:\wamp64\www\dzxt\s\tp\Application\Power\Controller\IndexController.class.php 第 60 行.
SQL: SELECT `id`,`form_name`,`pid`,`type` FROM `ht_form` WHERE `pid` = 135  [ RunTime:0.0020s ]
NOTIC: [2] Invalid argument supplied for foreach() D:\wamp64\www\dzxt\s\tp\Application\Power\Controller\IndexController.class.php 第 60 行.
SQL: SELECT `id`,`form_name`,`pid`,`type` FROM `ht_form` WHERE `pid` = 142  [ RunTime:0.0020s ]
NOTIC: [2] Invalid argument supplied for foreach() D:\wamp64\www\dzxt\s\tp\Application\Power\Controller\IndexController.class.php 第 60 行.
SQL: SELECT `id`,`form_name`,`pid`,`type` FROM `ht_form` WHERE `pid` = 145  [ RunTime:0.0039s ]
NOTIC: [2] Invalid argument supplied for foreach() D:\wamp64\www\dzxt\s\tp\Application\Power\Controller\IndexController.class.php 第 60 行.
SQL: SELECT `id`,`form_name`,`pid`,`type` FROM `ht_form` WHERE `pid` = 146  [ RunTime:0.0020s ]
NOTIC: [2] Invalid argument supplied for foreach() D:\wamp64\www\dzxt\s\tp\Application\Power\Controller\IndexController.class.php 第 60 行.
SQL: SELECT `id`,`form_name`,`pid`,`type` FROM `ht_form` WHERE `pid` = 147  [ RunTime:0.0020s ]
NOTIC: [2] Invalid argument supplied for foreach() D:\wamp64\www\dzxt\s\tp\Application\Power\Controller\IndexController.class.php 第 60 行.
SQL: SELECT `id`,`form_name`,`pid`,`type` FROM `ht_form` WHERE `pid` = 177  [ RunTime:0.0020s ]
NOTIC: [2] Invalid argument supplied for foreach() D:\wamp64\www\dzxt\s\tp\Application\Power\Controller\IndexController.class.php 第 60 行.
SQL: SELECT `id`,`form_name`,`pid`,`type` FROM `ht_form` WHERE `pid` = 191  [ RunTime:0.0010s ]
NOTIC: [2] Invalid argument supplied for foreach() D:\wamp64\www\dzxt\s\tp\Application\Power\Controller\IndexController.class.php 第 60 行.
SQL: SELECT `id`,`form_name`,`pid`,`type` FROM `ht_form` WHERE `pid` = 244  [ RunTime:0.0020s ]
SQL: SELECT `id`,`form_name`,`pid`,`type` FROM `ht_form` WHERE `pid` = 245  [ RunTime:0.0020s ]
NOTIC: [2] Invalid argument supplied for foreach() D:\wamp64\www\dzxt\s\tp\Application\Power\Controller\IndexController.class.php 第 60 行.
SQL: SELECT `id`,`form_name`,`pid`,`type` FROM `ht_form` WHERE `pid` = 246  [ RunTime:0.0020s ]
NOTIC: [2] Invalid argument supplied for foreach() D:\wamp64\www\dzxt\s\tp\Application\Power\Controller\IndexController.class.php 第 60 行.
SQL: SELECT `id`,`form_name`,`pid`,`type` FROM `ht_form` WHERE `pid` = 247  [ RunTime:0.0020s ]
NOTIC: [2] Invalid argument supplied for foreach() D:\wamp64\www\dzxt\s\tp\Application\Power\Controller\IndexController.class.php 第 60 行.
SQL: SELECT `id`,`form_name`,`pid`,`type` FROM `ht_form` WHERE `pid` = 129  [ RunTime:0.0029s ]
SQL: SELECT `id`,`form_name`,`pid`,`type` FROM `ht_form` WHERE `pid` = 137  [ RunTime:0.0020s ]
NOTIC: [2] Invalid argument supplied for foreach() D:\wamp64\www\dzxt\s\tp\Application\Power\Controller\IndexController.class.php 第 60 行.
SQL: SELECT `id`,`form_name`,`pid`,`type` FROM `ht_form` WHERE `pid` = 138  [ RunTime:0.0020s ]
NOTIC: [2] Invalid argument supplied for foreach() D:\wamp64\www\dzxt\s\tp\Application\Power\Controller\IndexController.class.php 第 60 行.
SQL: SELECT `id`,`form_name`,`pid`,`type` FROM `ht_form` WHERE `pid` = 140  [ RunTime:0.0020s ]
SQL: SELECT `id`,`form_name`,`pid`,`type` FROM `ht_form` WHERE `pid` = 141  [ RunTime:0.0020s ]
NOTIC: [2] Invalid argument supplied for foreach() D:\wamp64\www\dzxt\s\tp\Application\Power\Controller\IndexController.class.php 第 60 行.
SQL: SELECT `id`,`form_name`,`pid`,`type` FROM `ht_form` WHERE `pid` = 157  [ RunTime:0.0010s ]
NOTIC: [2] Invalid argument supplied for foreach() D:\wamp64\www\dzxt\s\tp\Application\Power\Controller\IndexController.class.php 第 60 行.
SQL: SELECT `id`,`form_name`,`pid`,`type` FROM `ht_form` WHERE `pid` = 160  [ RunTime:0.0010s ]
NOTIC: [2] Invalid argument supplied for foreach() D:\wamp64\www\dzxt\s\tp\Application\Power\Controller\IndexController.class.php 第 60 行.
SQL: SELECT `id`,`form_name`,`pid`,`type` FROM `ht_form` WHERE `pid` = 173  [ RunTime:0.0029s ]
NOTIC: [2] Invalid argument supplied for foreach() D:\wamp64\www\dzxt\s\tp\Application\Power\Controller\IndexController.class.php 第 60 行.
SQL: SELECT `id`,`form_name`,`pid`,`type` FROM `ht_form` WHERE `pid` = 144  [ RunTime:0.0029s ]
NOTIC: [2] Invalid argument supplied for foreach() D:\wamp64\www\dzxt\s\tp\Application\Power\Controller\IndexController.class.php 第 60 行.
SQL: SELECT `id`,`form_name`,`pid`,`type` FROM `ht_form` WHERE `pid` = 149  [ RunTime:0.0020s ]
NOTIC: [2] Invalid argument supplied for foreach() D:\wamp64\www\dzxt\s\tp\Application\Power\Controller\IndexController.class.php 第 60 行.
SQL: SELECT `id`,`form_name`,`pid`,`type` FROM `ht_form` WHERE `pid` = 150  [ RunTime:0.0020s ]
NOTIC: [2] Invalid argument supplied for foreach() D:\wamp64\www\dzxt\s\tp\Application\Power\Controller\IndexController.class.php 第 60 行.
SQL: SELECT `id`,`form_name`,`pid`,`type` FROM `ht_form` WHERE `pid` = 151  [ RunTime:0.0020s ]
NOTIC: [2] Invalid argument supplied for foreach() D:\wamp64\www\dzxt\s\tp\Application\Power\Controller\IndexController.class.php 第 60 行.
SQL: SELECT `id`,`form_name`,`pid`,`type` FROM `ht_form` WHERE `pid` = 155  [ RunTime:0.0020s ]
NOTIC: [2] Invalid argument supplied for foreach() D:\wamp64\www\dzxt\s\tp\Application\Power\Controller\IndexController.class.php 第 60 行.
SQL: SELECT `id`,`form_name`,`pid`,`type` FROM `ht_form` WHERE `pid` = 156  [ RunTime:0.0029s ]
NOTIC: [2] Invalid argument supplied for foreach() D:\wamp64\www\dzxt\s\tp\Application\Power\Controller\IndexController.class.php 第 60 行.
SQL: SELECT `id`,`form_name`,`pid`,`type` FROM `ht_form` WHERE `pid` = 203  [ RunTime:0.0020s ]
NOTIC: [2] Invalid argument supplied for foreach() D:\wamp64\www\dzxt\s\tp\Application\Power\Controller\IndexController.class.php 第 60 行.
SQL: SELECT `id`,`form_name`,`pid`,`type` FROM `ht_form` WHERE `pid` = 143  [ RunTime:0.0020s ]
NOTIC: [2] Invalid argument supplied for foreach() D:\wamp64\www\dzxt\s\tp\Application\Power\Controller\IndexController.class.php 第 60 行.
SQL: SELECT `id`,`form_name`,`pid`,`type` FROM `ht_form` WHERE `pid` = 163  [ RunTime:0.0020s ]
NOTIC: [2] Invalid argument supplied for foreach() D:\wamp64\www\dzxt\s\tp\Application\Power\Controller\IndexController.class.php 第 60 行.
SQL: SELECT `id`,`form_name`,`pid`,`type` FROM `ht_form` WHERE `pid` = 165  [ RunTime:0.0020s ]
SQL: SELECT `id`,`form_name`,`pid`,`type` FROM `ht_form` WHERE `pid` = 54  [ RunTime:0.0020s ]
SQL: SELECT `id`,`form_name`,`pid`,`type` FROM `ht_form` WHERE `pid` = 92  [ RunTime:0.0020s ]
NOTIC: [2] Invalid argument supplied for foreach() D:\wamp64\www\dzxt\s\tp\Application\Power\Controller\IndexController.class.php 第 60 行.
SQL: SELECT `id`,`form_name`,`pid`,`type` FROM `ht_form` WHERE `pid` = 93  [ RunTime:0.0010s ]
NOTIC: [2] Invalid argument supplied for foreach() D:\wamp64\www\dzxt\s\tp\Application\Power\Controller\IndexController.class.php 第 60 行.
SQL: SELECT `id`,`form_name`,`pid`,`type` FROM `ht_form` WHERE `pid` = 95  [ RunTime:0.0010s ]
NOTIC: [2] Invalid argument supplied for foreach() D:\wamp64\www\dzxt\s\tp\Application\Power\Controller\IndexController.class.php 第 60 行.
SQL: SELECT `id`,`form_name`,`pid`,`type` FROM `ht_form` WHERE `pid` = 97  [ RunTime:0.0020s ]
NOTIC: [2] Invalid argument supplied for foreach() D:\wamp64\www\dzxt\s\tp\Application\Power\Controller\IndexController.class.php 第 60 行.
SQL: SELECT `id`,`form_name`,`pid`,`type` FROM `ht_form` WHERE `pid` = 98  [ RunTime:0.0010s ]
NOTIC: [2] Invalid argument supplied for foreach() D:\wamp64\www\dzxt\s\tp\Application\Power\Controller\IndexController.class.php 第 60 行.
SQL: SELECT `id`,`form_name`,`pid`,`type` FROM `ht_form` WHERE `pid` = 100  [ RunTime:0.0020s ]
NOTIC: [2] Invalid argument supplied for foreach() D:\wamp64\www\dzxt\s\tp\Application\Power\Controller\IndexController.class.php 第 60 行.
SQL: SELECT `id`,`form_name`,`pid`,`type` FROM `ht_form` WHERE `pid` = 167  [ RunTime:0.0010s ]
SQL: SELECT `id`,`form_name`,`pid`,`type` FROM `ht_form` WHERE `pid` = 175  [ RunTime:0.0010s ]
SQL: SELECT `id`,`form_name`,`pid`,`type` FROM `ht_form` WHERE `pid` = 139  [ RunTime:0.0020s ]
NOTIC: [2] Invalid argument supplied for foreach() D:\wamp64\www\dzxt\s\tp\Application\Power\Controller\IndexController.class.php 第 60 行.
SQL: SELECT `id`,`form_name`,`pid`,`type` FROM `ht_form` WHERE `pid` = 189  [ RunTime:0.0010s ]
NOTIC: [2] Invalid argument supplied for foreach() D:\wamp64\www\dzxt\s\tp\Application\Power\Controller\IndexController.class.php 第 60 行.
SQL: SELECT `id`,`form_name`,`pid`,`type` FROM `ht_form` WHERE `pid` = 192  [ RunTime:0.0039s ]
NOTIC: [2] Invalid argument supplied for foreach() D:\wamp64\www\dzxt\s\tp\Application\Power\Controller\IndexController.class.php 第 60 行.
SQL: SELECT `id`,`form_name`,`pid`,`type` FROM `ht_form` WHERE `pid` = 193  [ RunTime:0.0010s ]
NOTIC: [2] Invalid argument supplied for foreach() D:\wamp64\www\dzxt\s\tp\Application\Power\Controller\IndexController.class.php 第 60 行.
SQL: SELECT `id`,`form_name`,`pid`,`type` FROM `ht_form` WHERE `pid` = 190  [ RunTime:0.0020s ]
NOTIC: [2] Invalid argument supplied for foreach() D:\wamp64\www\dzxt\s\tp\Application\Power\Controller\IndexController.class.php 第 60 行.
SQL: SELECT `id`,`form_name`,`pid`,`type` FROM `ht_form` WHERE `pid` = 194  [ RunTime:0.0010s ]
NOTIC: [2] Invalid argument supplied for foreach() D:\wamp64\www\dzxt\s\tp\Application\Power\Controller\IndexController.class.php 第 60 行.
SQL: SELECT `id`,`form_name`,`pid`,`type` FROM `ht_form` WHERE `pid` = 195  [ RunTime:0.0020s ]
NOTIC: [2] Invalid argument supplied for foreach() D:\wamp64\www\dzxt\s\tp\Application\Power\Controller\IndexController.class.php 第 60 行.
SQL: SELECT `id`,`form_name`,`pid`,`type` FROM `ht_form` WHERE `pid` = 196  [ RunTime:0.0020s ]
NOTIC: [2] Invalid argument supplied for foreach() D:\wamp64\www\dzxt\s\tp\Application\Power\Controller\IndexController.class.php 第 60 行.
SQL: SELECT `id`,`form_name`,`pid`,`type` FROM `ht_form` WHERE `pid` = 197  [ RunTime:0.0010s ]
NOTIC: [2] Invalid argument supplied for foreach() D:\wamp64\www\dzxt\s\tp\Application\Power\Controller\IndexController.class.php 第 60 行.
SQL: SELECT `id`,`form_name`,`pid`,`type` FROM `ht_form` WHERE `pid` = 198  [ RunTime:0.0020s ]
NOTIC: [2] Invalid argument supplied for foreach() D:\wamp64\www\dzxt\s\tp\Application\Power\Controller\IndexController.class.php 第 60 行.
SQL: SELECT `id`,`form_name`,`pid`,`type` FROM `ht_form` WHERE `pid` = 199  [ RunTime:0.0010s ]
NOTIC: [2] Invalid argument supplied for foreach() D:\wamp64\www\dzxt\s\tp\Application\Power\Controller\IndexController.class.php 第 60 行.
SQL: SELECT `id`,`form_name`,`pid`,`type` FROM `ht_form` WHERE `pid` = 200  [ RunTime:0.0010s ]
NOTIC: [2] Invalid argument supplied for foreach() D:\wamp64\www\dzxt\s\tp\Application\Power\Controller\IndexController.class.php 第 60 行.
SQL: SELECT `id`,`form_name`,`pid`,`type` FROM `ht_form` WHERE `pid` = 201  [ RunTime:0.0010s ]
NOTIC: [2] Invalid argument supplied for foreach() D:\wamp64\www\dzxt\s\tp\Application\Power\Controller\IndexController.class.php 第 60 行.
SQL: SELECT `id`,`form_name`,`pid`,`type` FROM `ht_form` WHERE `pid` = 202  [ RunTime:0.0010s ]
NOTIC: [2] Invalid argument supplied for foreach() D:\wamp64\www\dzxt\s\tp\Application\Power\Controller\IndexController.class.php 第 60 行.
SQL: SELECT `id`,`form_name`,`pid`,`type` FROM `ht_form` WHERE `pid` = 204  [ RunTime:0.0020s ]
NOTIC: [2] Invalid argument supplied for foreach() D:\wamp64\www\dzxt\s\tp\Application\Power\Controller\IndexController.class.php 第 60 行.
SQL: SELECT `id`,`form_name`,`pid`,`type` FROM `ht_form` WHERE `pid` = 205  [ RunTime:0.0010s ]
NOTIC: [2] Invalid argument supplied for foreach() D:\wamp64\www\dzxt\s\tp\Application\Power\Controller\IndexController.class.php 第 60 行.
SQL: SELECT `id`,`form_name`,`pid`,`type` FROM `ht_form` WHERE `pid` = 206  [ RunTime:0.0010s ]
NOTIC: [2] Invalid argument supplied for foreach() D:\wamp64\www\dzxt\s\tp\Application\Power\Controller\IndexController.class.php 第 60 行.
SQL: SELECT `id`,`form_name`,`pid`,`type` FROM `ht_form` WHERE `pid` = 207  [ RunTime:0.0020s ]
NOTIC: [2] Invalid argument supplied for foreach() D:\wamp64\www\dzxt\s\tp\Application\Power\Controller\IndexController.class.php 第 60 行.
SQL: SELECT `id`,`form_name`,`pid`,`type` FROM `ht_form` WHERE `pid` = 208  [ RunTime:0.0010s ]
NOTIC: [2] Invalid argument supplied for foreach() D:\wamp64\www\dzxt\s\tp\Application\Power\Controller\IndexController.class.php 第 60 行.
SQL: SELECT `id`,`form_name`,`pid`,`type` FROM `ht_form` WHERE `pid` = 209  [ RunTime:0.0010s ]
NOTIC: [2] Invalid argument supplied for foreach() D:\wamp64\www\dzxt\s\tp\Application\Power\Controller\IndexController.class.php 第 60 行.
SQL: SELECT `id`,`form_name`,`pid`,`type` FROM `ht_form` WHERE `pid` = 210  [ RunTime:0.0020s ]
NOTIC: [2] Invalid argument supplied for foreach() D:\wamp64\www\dzxt\s\tp\Application\Power\Controller\IndexController.class.php 第 60 行.
SQL: SELECT `id`,`form_name`,`pid`,`type` FROM `ht_form` WHERE `pid` = 211  [ RunTime:0.0020s ]
SQL: SELECT `id`,`form_name`,`pid`,`type` FROM `ht_form` WHERE `pid` = 212  [ RunTime:0.0010s ]
NOTIC: [2] Invalid argument supplied for foreach() D:\wamp64\www\dzxt\s\tp\Application\Power\Controller\IndexController.class.php 第 60 行.
SQL: SELECT `id`,`form_name`,`pid`,`type` FROM `ht_form` WHERE `pid` = 213  [ RunTime:0.0020s ]
NOTIC: [2] Invalid argument supplied for foreach() D:\wamp64\www\dzxt\s\tp\Application\Power\Controller\IndexController.class.php 第 60 行.
SQL: SELECT `id`,`form_name`,`pid`,`type` FROM `ht_form` WHERE `pid` = 214  [ RunTime:0.0010s ]
NOTIC: [2] Invalid argument supplied for foreach() D:\wamp64\www\dzxt\s\tp\Application\Power\Controller\IndexController.class.php 第 60 行.
SQL: SELECT `id`,`form_name`,`pid`,`type` FROM `ht_form` WHERE `pid` = 215  [ RunTime:0.0020s ]
NOTIC: [2] Invalid argument supplied for foreach() D:\wamp64\www\dzxt\s\tp\Application\Power\Controller\IndexController.class.php 第 60 行.
SQL: SELECT `id`,`form_name`,`pid`,`type` FROM `ht_form` WHERE `pid` = 216  [ RunTime:0.0010s ]
NOTIC: [2] Invalid argument supplied for foreach() D:\wamp64\www\dzxt\s\tp\Application\Power\Controller\IndexController.class.php 第 60 行.
SQL: SELECT `id`,`form_name`,`pid`,`type` FROM `ht_form` WHERE `pid` = 217  [ RunTime:0.0020s ]
NOTIC: [2] Invalid argument supplied for foreach() D:\wamp64\www\dzxt\s\tp\Application\Power\Controller\IndexController.class.php 第 60 行.
SQL: SELECT `id`,`form_name`,`pid`,`type` FROM `ht_form` WHERE `pid` = 218  [ RunTime:0.0020s ]
NOTIC: [2] Invalid argument supplied for foreach() D:\wamp64\www\dzxt\s\tp\Application\Power\Controller\IndexController.class.php 第 60 行.
SQL: SELECT `id`,`form_name`,`pid`,`type` FROM `ht_form` WHERE `pid` = 219  [ RunTime:0.0010s ]
SQL: SELECT `id`,`form_name`,`pid`,`type` FROM `ht_form` WHERE `pid` = 225  [ RunTime:0.0020s ]
NOTIC: [2] Invalid argument supplied for foreach() D:\wamp64\www\dzxt\s\tp\Application\Power\Controller\IndexController.class.php 第 60 行.
SQL: SELECT `id`,`form_name`,`pid`,`type` FROM `ht_form` WHERE `pid` = 226  [ RunTime:0.0010s ]
NOTIC: [2] Invalid argument supplied for foreach() D:\wamp64\www\dzxt\s\tp\Application\Power\Controller\IndexController.class.php 第 60 行.
SQL: SELECT `id`,`form_name`,`pid`,`type` FROM `ht_form` WHERE `pid` = 227  [ RunTime:0.0020s ]
NOTIC: [2] Invalid argument supplied for foreach() D:\wamp64\www\dzxt\s\tp\Application\Power\Controller\IndexController.class.php 第 60 行.
SQL: SELECT `id`,`form_name`,`pid`,`type` FROM `ht_form` WHERE `pid` = 220  [ RunTime:0.0010s ]
NOTIC: [2] Invalid argument supplied for foreach() D:\wamp64\www\dzxt\s\tp\Application\Power\Controller\IndexController.class.php 第 60 行.
SQL: SELECT `id`,`form_name`,`pid`,`type` FROM `ht_form` WHERE `pid` = 221  [ RunTime:0.0010s ]
NOTIC: [2] Invalid argument supplied for foreach() D:\wamp64\www\dzxt\s\tp\Application\Power\Controller\IndexController.class.php 第 60 行.
SQL: SELECT `id`,`form_name`,`pid`,`type` FROM `ht_form` WHERE `pid` = 222  [ RunTime:0.0020s ]
NOTIC: [2] Invalid argument supplied for foreach() D:\wamp64\www\dzxt\s\tp\Application\Power\Controller\IndexController.class.php 第 60 行.
SQL: SELECT `id`,`form_name`,`pid`,`type` FROM `ht_form` WHERE `pid` = 230  [ RunTime:0.0010s ]
SQL: SELECT `id`,`form_name`,`pid`,`type` FROM `ht_form` WHERE `pid` = 231  [ RunTime:0.0010s ]
NOTIC: [2] Invalid argument supplied for foreach() D:\wamp64\www\dzxt\s\tp\Application\Power\Controller\IndexController.class.php 第 60 行.
SQL: SELECT `id`,`form_name`,`pid`,`type` FROM `ht_form` WHERE `pid` = 232  [ RunTime:0.0010s ]
NOTIC: [2] Invalid argument supplied for foreach() D:\wamp64\www\dzxt\s\tp\Application\Power\Controller\IndexController.class.php 第 60 行.
SQL: SELECT `id`,`form_name`,`pid`,`type` FROM `ht_form` WHERE `pid` = 233  [ RunTime:0.0010s ]
SQL: SELECT `id`,`form_name`,`pid`,`type` FROM `ht_form` WHERE `pid` = 234  [ RunTime:0.0010s ]
NOTIC: [2] Invalid argument supplied for foreach() D:\wamp64\www\dzxt\s\tp\Application\Power\Controller\IndexController.class.php 第 60 行.
SQL: SELECT `id`,`form_name`,`pid`,`type` FROM `ht_form` WHERE `pid` = 235  [ RunTime:0.0010s ]
NOTIC: [2] Invalid argument supplied for foreach() D:\wamp64\www\dzxt\s\tp\Application\Power\Controller\IndexController.class.php 第 60 行.
SQL: SELECT `id`,`form_name`,`pid`,`type` FROM `ht_form` WHERE `pid` = 236  [ RunTime:0.0010s ]
NOTIC: [2] Invalid argument supplied for foreach() D:\wamp64\www\dzxt\s\tp\Application\Power\Controller\IndexController.class.php 第 60 行.
SQL: SELECT `id`,`form_name`,`pid`,`type` FROM `ht_form` WHERE `pid` = 237  [ RunTime:0.0020s ]
SQL: SELECT `id`,`form_name`,`pid`,`type` FROM `ht_form` WHERE `pid` = 238  [ RunTime:0.0010s ]
NOTIC: [2] Invalid argument supplied for foreach() D:\wamp64\www\dzxt\s\tp\Application\Power\Controller\IndexController.class.php 第 60 行.
SQL: SELECT `id`,`form_name`,`pid`,`type` FROM `ht_form` WHERE `pid` = 239  [ RunTime:0.0020s ]
NOTIC: [2] Invalid argument supplied for foreach() D:\wamp64\www\dzxt\s\tp\Application\Power\Controller\IndexController.class.php 第 60 行.
SQL: SELECT `id`,`form_name`,`pid`,`type` FROM `ht_form` WHERE `pid` = 240  [ RunTime:0.0010s ]
NOTIC: [2] Invalid argument supplied for foreach() D:\wamp64\www\dzxt\s\tp\Application\Power\Controller\IndexController.class.php 第 60 行.
SQL: SELECT `id`,`form_name`,`pid`,`type` FROM `ht_form` WHERE `pid` = 241  [ RunTime:0.0020s ]
SQL: SELECT `id`,`form_name`,`pid`,`type` FROM `ht_form` WHERE `pid` = 242  [ RunTime:0.0020s ]
NOTIC: [2] Invalid argument supplied for foreach() D:\wamp64\www\dzxt\s\tp\Application\Power\Controller\IndexController.class.php 第 60 行.
SQL: SELECT `id`,`form_name`,`pid`,`type` FROM `ht_form` WHERE `pid` = 243  [ RunTime:0.0020s ]
NOTIC: [2] Invalid argument supplied for foreach() D:\wamp64\www\dzxt\s\tp\Application\Power\Controller\IndexController.class.php 第 60 行.
SQL: SELECT `id`,`form_name`,`pid`,`type` FROM `ht_form` WHERE `pid` = 248  [ RunTime:0.0010s ]
NOTIC: [2] Invalid argument supplied for foreach() D:\wamp64\www\dzxt\s\tp\Application\Power\Controller\IndexController.class.php 第 60 行.
SQL: SELECT `id`,`form_name`,`pid`,`type` FROM `ht_form` WHERE `pid` = 250  [ RunTime:0.0010s ]
NOTIC: [2] Invalid argument supplied for foreach() D:\wamp64\www\dzxt\s\tp\Application\Power\Controller\IndexController.class.php 第 60 行.
SQL: SELECT `id`,`form_name`,`pid`,`type` FROM `ht_form` WHERE `pid` = 176  [ RunTime:0.0020s ]
NOTIC: [2] Invalid argument supplied for foreach() D:\wamp64\www\dzxt\s\tp\Application\Power\Controller\IndexController.class.php 第 60 行.
SQL: SELECT `id`,`form_name`,`pid`,`type` FROM `ht_form` WHERE `pid` = 178  [ RunTime:0.0010s ]
NOTIC: [2] Invalid argument supplied for foreach() D:\wamp64\www\dzxt\s\tp\Application\Power\Controller\IndexController.class.php 第 60 行.
SQL: SELECT `id`,`form_name`,`pid`,`type` FROM `ht_form` WHERE `pid` = 179  [ RunTime:0.0010s ]
NOTIC: [2] Invalid argument supplied for foreach() D:\wamp64\www\dzxt\s\tp\Application\Power\Controller\IndexController.class.php 第 60 行.
SQL: SELECT `id`,`form_name`,`pid`,`type` FROM `ht_form` WHERE `pid` = 180  [ RunTime:0.0010s ]
NOTIC: [2] Invalid argument supplied for foreach() D:\wamp64\www\dzxt\s\tp\Application\Power\Controller\IndexController.class.php 第 60 行.
SQL: SELECT `id`,`form_name`,`pid`,`type` FROM `ht_form` WHERE `pid` = 181  [ RunTime:0.0029s ]
NOTIC: [2] Invalid argument supplied for foreach() D:\wamp64\www\dzxt\s\tp\Application\Power\Controller\IndexController.class.php 第 60 行.
SQL: SELECT `id`,`form_name`,`pid`,`type` FROM `ht_form` WHERE `pid` = 182  [ RunTime:0.0020s ]
NOTIC: [2] Invalid argument supplied for foreach() D:\wamp64\www\dzxt\s\tp\Application\Power\Controller\IndexController.class.php 第 60 行.
SQL: SELECT `id`,`form_name`,`pid`,`type` FROM `ht_form` WHERE `pid` = 183  [ RunTime:0.0010s ]
SQL: SELECT `id`,`form_name`,`pid`,`type` FROM `ht_form` WHERE `pid` = 223  [ RunTime:0.0010s ]
NOTIC: [2] Invalid argument supplied for foreach() D:\wamp64\www\dzxt\s\tp\Application\Power\Controller\IndexController.class.php 第 60 行.
SQL: SELECT `id`,`form_name`,`pid`,`type` FROM `ht_form` WHERE `pid` = 224  [ RunTime:0.0010s ]
NOTIC: [2] Invalid argument supplied for foreach() D:\wamp64\www\dzxt\s\tp\Application\Power\Controller\IndexController.class.php 第 60 行.
SQL: SELECT `id`,`form_name`,`pid`,`type` FROM `ht_form` WHERE `pid` = 184  [ RunTime:0.0029s ]
NOTIC: [2] Invalid argument supplied for foreach() D:\wamp64\www\dzxt\s\tp\Application\Power\Controller\IndexController.class.php 第 60 行.
SQL: SELECT `id`,`form_name`,`pid`,`type` FROM `ht_form` WHERE `pid` = 185  [ RunTime:0.0010s ]
NOTIC: [2] Invalid argument supplied for foreach() D:\wamp64\www\dzxt\s\tp\Application\Power\Controller\IndexController.class.php 第 60 行.
SQL: SELECT `id`,`form_name`,`pid`,`type` FROM `ht_form` WHERE `pid` = 186  [ RunTime:0.0020s ]
NOTIC: [2] Invalid argument supplied for foreach() D:\wamp64\www\dzxt\s\tp\Application\Power\Controller\IndexController.class.php 第 60 行.
INFO: [ app_end ] --START--
INFO: Run Behavior\ShowPageTraceBehavior [ RunTime:0.000976s ]
INFO: [ app_end ] --END-- [ RunTime:0.000976s ]

[ 2015-11-11T17:53:31+08:00 ] 127.0.0.1 /s/tp/wwwroot/index.php?s=/Power/index/getUserRole/role_id/28.html
INFO: [ app_init ] --START--
INFO: Run Behavior\BuildLiteBehavior [ RunTime:0.000000s ]
INFO: [ app_init ] --END-- [ RunTime:0.001953s ]
INFO: [ app_begin ] --START--
INFO: Run Behavior\ReadHtmlCacheBehavior [ RunTime:0.000977s ]
INFO: [ app_begin ] --END-- [ RunTime:0.000977s ]
SQL: SELECT form_id FROM `ht_power` WHERE function_type=0 and role_id=28 [ RunTime:0.0020s ]
INFO: [ app_end ] --START--
INFO: Run Behavior\ShowPageTraceBehavior [ RunTime:0.000977s ]
INFO: [ app_end ] --END-- [ RunTime:0.000977s ]

[ 2015-11-11T17:53:42+08:00 ] 127.0.0.1 /s/tp/wwwroot/index.php?s=/Power/index/upRole
INFO: [ app_init ] --START--
INFO: Run Behavior\BuildLiteBehavior [ RunTime:0.000000s ]
INFO: [ app_init ] --END-- [ RunTime:0.001954s ]
INFO: [ app_begin ] --START--
INFO: Run Behavior\ReadHtmlCacheBehavior [ RunTime:0.000976s ]
INFO: [ app_begin ] --END-- [ RunTime:0.001953s ]
SQL: delete from `ht_power` where role_id=28 [ RunTime:0.0146s ]
SQL: INSERT INTO ht_power(role_id,form_id,function_name,function_type)values(28,58,"view.page",0) [ RunTime:0.0020s ]
SQL: INSERT INTO ht_power(role_id,form_id,function_name,function_type)values(28,135,"view.page",0) [ RunTime:0.0020s ]
SQL: INSERT INTO ht_power(role_id,form_id,function_name,function_type)values(28,191,"view.page",0) [ RunTime:0.0010s ]
SQL: INSERT INTO ht_power(role_id,form_id,function_name,function_type)values(28,246,"view.page",0) [ RunTime:0.0010s ]
SQL: INSERT INTO ht_power(role_id,form_id,function_name,function_type)values(28,247,"view.page",0) [ RunTime:0.0010s ]
SQL: INSERT INTO ht_power(role_id,form_id,function_name,function_type)values(28,203,"view.page",0) [ RunTime:0.0010s ]
SQL: INSERT INTO ht_power(role_id,form_id,function_name,function_type)values(28,192,"view.page",0) [ RunTime:0.0020s ]
SQL: INSERT INTO ht_power(role_id,form_id,function_name,function_type)values(28,193,"view.page",0) [ RunTime:0.0010s ]
SQL: INSERT INTO ht_power(role_id,form_id,function_name,function_type)values(28,194,"view.page",0) [ RunTime:0.0020s ]
SQL: INSERT INTO ht_power(role_id,form_id,function_name,function_type)values(28,195,"view.page",0) [ RunTime:0.0010s ]
SQL: INSERT INTO ht_power(role_id,form_id,function_name,function_type)values(28,196,"view.page",0) [ RunTime:0.0020s ]
SQL: INSERT INTO ht_power(role_id,form_id,function_name,function_type)values(28,197,"view.page",0) [ RunTime:0.0020s ]
SQL: INSERT INTO ht_power(role_id,form_id,function_name,function_type)values(28,198,"view.page",0) [ RunTime:0.0020s ]
SQL: INSERT INTO ht_power(role_id,form_id,function_name,function_type)values(28,199,"view.page",0) [ RunTime:0.0039s ]
SQL: INSERT INTO ht_power(role_id,form_id,function_name,function_type)values(28,200,"view.page",0) [ RunTime:0.0029s ]
SQL: INSERT INTO ht_power(role_id,form_id,function_name,function_type)values(28,201,"view.page",0) [ RunTime:0.0010s ]
SQL: INSERT INTO ht_power(role_id,form_id,function_name,function_type)values(28,202,"view.page",0) [ RunTime:0.0010s ]
SQL: INSERT INTO ht_power(role_id,form_id,function_name,function_type)values(28,204,"view.page",0) [ RunTime:0.0039s ]
SQL: INSERT INTO ht_power(role_id,form_id,function_name,function_type)values(28,205,"view.page",0) [ RunTime:0.0010s ]
SQL: INSERT INTO ht_power(role_id,form_id,function_name,function_type)values(28,206,"view.page",0) [ RunTime:0.0020s ]
SQL: INSERT INTO ht_power(role_id,form_id,function_name,function_type)values(28,207,"view.page",0) [ RunTime:0.0010s ]
SQL: INSERT INTO ht_power(role_id,form_id,function_name,function_type)values(28,208,"view.page",0) [ RunTime:0.0010s ]
SQL: INSERT INTO ht_power(role_id,form_id,function_name,function_type)values(28,209,"view.page",0) [ RunTime:0.0010s ]
SQL: INSERT INTO ht_power(role_id,form_id,function_name,function_type)values(28,210,"view.page",0) [ RunTime:0.0010s ]
SQL: INSERT INTO ht_power(role_id,form_id,function_name,function_type)values(28,211,"view.page",0) [ RunTime:0.0010s ]
SQL: INSERT INTO ht_power(role_id,form_id,function_name,function_type)values(28,212,"view.page",0) [ RunTime:0.0010s ]
SQL: INSERT INTO ht_power(role_id,form_id,function_name,function_type)values(28,213,"view.page",0) [ RunTime:0.0010s ]
SQL: INSERT INTO ht_power(role_id,form_id,function_name,function_type)values(28,214,"view.page",0) [ RunTime:0.0020s ]
SQL: INSERT INTO ht_power(role_id,form_id,function_name,function_type)values(28,215,"view.page",0) [ RunTime:0.0010s ]
SQL: INSERT INTO ht_power(role_id,form_id,function_name,function_type)values(28,216,"view.page",0) [ RunTime:0.0029s ]
SQL: INSERT INTO ht_power(role_id,form_id,function_name,function_type)values(28,217,"view.page",0) [ RunTime:0.0020s ]
SQL: INSERT INTO ht_power(role_id,form_id,function_name,function_type)values(28,218,"view.page",0) [ RunTime:0.0010s ]
SQL: INSERT INTO ht_power(role_id,form_id,function_name,function_type)values(28,225,"view.page",0) [ RunTime:0.0020s ]
SQL: INSERT INTO ht_power(role_id,form_id,function_name,function_type)values(28,226,"view.page",0) [ RunTime:0.0010s ]
SQL: INSERT INTO ht_power(role_id,form_id,function_name,function_type)values(28,227,"view.page",0) [ RunTime:0.0020s ]
SQL: INSERT INTO ht_power(role_id,form_id,function_name,function_type)values(28,220,"view.page",0) [ RunTime:0.0010s ]
SQL: INSERT INTO ht_power(role_id,form_id,function_name,function_type)values(28,221,"view.page",0) [ RunTime:0.0010s ]
SQL: INSERT INTO ht_power(role_id,form_id,function_name,function_type)values(28,222,"view.page",0) [ RunTime:0.0010s ]
SQL: INSERT INTO ht_power(role_id,form_id,function_name,function_type)values(28,230,"view.page",0) [ RunTime:0.0010s ]
SQL: INSERT INTO ht_power(role_id,form_id,function_name,function_type)values(28,231,"view.page",0) [ RunTime:0.0010s ]
SQL: INSERT INTO ht_power(role_id,form_id,function_name,function_type)values(28,232,"view.page",0) [ RunTime:0.0039s ]
SQL: INSERT INTO ht_power(role_id,form_id,function_name,function_type)values(28,233,"view.page",0) [ RunTime:0.0020s ]
SQL: INSERT INTO ht_power(role_id,form_id,function_name,function_type)values(28,234,"view.page",0) [ RunTime:0.0020s ]
SQL: INSERT INTO ht_power(role_id,form_id,function_name,function_type)values(28,235,"view.page",0) [ RunTime:0.0010s ]
SQL: INSERT INTO ht_power(role_id,form_id,function_name,function_type)values(28,236,"view.page",0) [ RunTime:0.0010s ]
SQL: INSERT INTO ht_power(role_id,form_id,function_name,function_type)values(28,237,"view.page",0) [ RunTime:0.0010s ]
SQL: INSERT INTO ht_power(role_id,form_id,function_name,function_type)values(28,238,"view.page",0) [ RunTime:0.0049s ]
SQL: INSERT INTO ht_power(role_id,form_id,function_name,function_type)values(28,239,"view.page",0) [ RunTime:0.0020s ]
SQL: INSERT INTO ht_power(role_id,form_id,function_name,function_type)values(28,240,"view.page",0) [ RunTime:0.0010s ]
SQL: INSERT INTO ht_power(role_id,form_id,function_name,function_type)values(28,241,"view.page",0) [ RunTime:0.0010s ]
SQL: INSERT INTO ht_power(role_id,form_id,function_name,function_type)values(28,242,"view.page",0) [ RunTime:0.0010s ]
SQL: INSERT INTO ht_power(role_id,form_id,function_name,function_type)values(28,243,"view.page",0) [ RunTime:0.0020s ]
SQL: INSERT INTO ht_power(role_id,form_id,function_name,function_type)values(28,248,"view.page",0) [ RunTime:0.0010s ]
SQL: INSERT INTO ht_power(role_id,form_id,function_name,function_type)values(28,250,"view.page",0) [ RunTime:0.0010s ]
SQL: INSERT INTO ht_power(role_id,form_id,function_name,function_type)values(28,176,"view.page",0) [ RunTime:0.0010s ]
SQL: INSERT INTO ht_power(role_id,form_id,function_name,function_type)values(28,178,"view.page",0) [ RunTime:0.0010s ]
SQL: INSERT INTO ht_power(role_id,form_id,function_name,function_type)values(28,179,"view.page",0) [ RunTime:0.0010s ]
SQL: INSERT INTO ht_power(role_id,form_id,function_name,function_type)values(28,223,"view.page",0) [ RunTime:0.0020s ]
SQL: INSERT INTO ht_power(role_id,form_id,function_name,function_type)values(28,224,"view.page",0) [ RunTime:0.0010s ]
INFO: [ app_end ] --START--
INFO: Run Behavior\ShowPageTraceBehavior [ RunTime:0.000976s ]
INFO: [ app_end ] --END-- [ RunTime:0.001953s ]

