[ 2015-11-28T08:46:15+08:00 ] 127.0.0.1 /s/tp/wwwroot/index.php?s=/Power/Index/getform.html
INFO: [ app_init ] --START--
INFO: Run Behavior\BuildLiteBehavior [ RunTime:0.000000s ]
INFO: [ app_init ] --END-- [ RunTime:0.000977s ]
INFO: [ app_begin ] --START--
INFO: Run Behavior\ReadHtmlCacheBehavior [ RunTime:0.000977s ]
INFO: [ app_begin ] --END-- [ RunTime:0.000977s ]
SQL: select id from ht_role where pid=7 order by id asc [ RunTime:0.0010s ]
SQL: select id from ht_role where pid=37 order by id asc [ RunTime:0.0020s ]
NOTIC: [8] Undefined variable: urolesids D:\wamp64\www\dzxt\s\tp\Application\Power\Controller\IndexController.class.php 第 41 行.
SQL: select id from ht_role where pid=28 order by id asc [ RunTime:0.0010s ]
SQL: select id from ht_role where pid=29 order by id asc [ RunTime:0.0010s ]
SQL: select id from ht_role where pid=33 order by id asc [ RunTime:0.0010s ]
SQL: select id from ht_role where pid=36 order by id asc [ RunTime:0.0000s ]
SQL: select id from ht_role where pid=30 order by id asc [ RunTime:0.0000s ]
SQL: select id from ht_role where pid=30 order by id asc [ RunTime:0.0010s ]
SQL: select form_id from ht_power where role_id in(7,28,30,37,33,36,29) and function_type=0 order by id asc [ RunTime:0.0010s ]
SQL: SHOW COLUMNS FROM `ht_form` [ RunTime:0.0117s ]
SQL: SELECT `id`,`form_name`,`pid`,`type`,`creater_uid` FROM `ht_form` WHERE `pid` = 0  [ RunTime:0.0010s ]
SQL: SELECT `id`,`form_name`,`pid`,`type`,`creater_uid` FROM `ht_form` WHERE `pid` = 52  [ RunTime:0.0010s ]
SQL: SELECT `id`,`form_name`,`pid`,`type`,`creater_uid` FROM `ht_form` WHERE `pid` = 56  [ RunTime:0.0010s ]
SQL: SELECT `id`,`form_name`,`pid`,`type`,`creater_uid` FROM `ht_form` WHERE `pid` = 58  [ RunTime:0.0010s ]
SQL: SELECT `id`,`form_name`,`pid`,`type`,`creater_uid` FROM `ht_form` WHERE `pid` = 62  [ RunTime:0.0010s ]
NOTIC: [2] Invalid argument supplied for foreach() D:\wamp64\www\dzxt\s\tp\Application\Power\Controller\IndexController.class.php 第 72 行.
SQL: SELECT `id`,`form_name`,`pid`,`type`,`creater_uid` FROM `ht_form` WHERE `pid` = 135  [ RunTime:0.0010s ]
NOTIC: [2] Invalid argument supplied for foreach() D:\wamp64\www\dzxt\s\tp\Application\Power\Controller\IndexController.class.php 第 72 行.
SQL: SELECT `id`,`form_name`,`pid`,`type`,`creater_uid` FROM `ht_form` WHERE `pid` = 142  [ RunTime:0.0010s ]
NOTIC: [2] Invalid argument supplied for foreach() D:\wamp64\www\dzxt\s\tp\Application\Power\Controller\IndexController.class.php 第 72 行.
SQL: SELECT `id`,`form_name`,`pid`,`type`,`creater_uid` FROM `ht_form` WHERE `pid` = 145  [ RunTime:0.0010s ]
NOTIC: [2] Invalid argument supplied for foreach() D:\wamp64\www\dzxt\s\tp\Application\Power\Controller\IndexController.class.php 第 72 行.
SQL: SELECT `id`,`form_name`,`pid`,`type`,`creater_uid` FROM `ht_form` WHERE `pid` = 147  [ RunTime:0.0010s ]
NOTIC: [2] Invalid argument supplied for foreach() D:\wamp64\www\dzxt\s\tp\Application\Power\Controller\IndexController.class.php 第 72 行.
SQL: SELECT `id`,`form_name`,`pid`,`type`,`creater_uid` FROM `ht_form` WHERE `pid` = 177  [ RunTime:0.0010s ]
NOTIC: [2] Invalid argument supplied for foreach() D:\wamp64\www\dzxt\s\tp\Application\Power\Controller\IndexController.class.php 第 72 行.
SQL: SELECT `id`,`form_name`,`pid`,`type`,`creater_uid` FROM `ht_form` WHERE `pid` = 191  [ RunTime:0.0000s ]
NOTIC: [2] Invalid argument supplied for foreach() D:\wamp64\www\dzxt\s\tp\Application\Power\Controller\IndexController.class.php 第 72 行.
SQL: SELECT `id`,`form_name`,`pid`,`type`,`creater_uid` FROM `ht_form` WHERE `pid` = 244  [ RunTime:0.0010s ]
SQL: SELECT `id`,`form_name`,`pid`,`type`,`creater_uid` FROM `ht_form` WHERE `pid` = 279  [ RunTime:0.0010s ]
NOTIC: [2] Invalid argument supplied for foreach() D:\wamp64\www\dzxt\s\tp\Application\Power\Controller\IndexController.class.php 第 72 行.
SQL: SELECT `id`,`form_name`,`pid`,`type`,`creater_uid` FROM `ht_form` WHERE `pid` = 246  [ RunTime:0.0010s ]
NOTIC: [2] Invalid argument supplied for foreach() D:\wamp64\www\dzxt\s\tp\Application\Power\Controller\IndexController.class.php 第 72 行.
SQL: SELECT `id`,`form_name`,`pid`,`type`,`creater_uid` FROM `ht_form` WHERE `pid` = 247  [ RunTime:0.0020s ]
NOTIC: [2] Invalid argument supplied for foreach() D:\wamp64\www\dzxt\s\tp\Application\Power\Controller\IndexController.class.php 第 72 行.
SQL: SELECT `id`,`form_name`,`pid`,`type`,`creater_uid` FROM `ht_form` WHERE `pid` = 252  [ RunTime:0.0000s ]
NOTIC: [2] Invalid argument supplied for foreach() D:\wamp64\www\dzxt\s\tp\Application\Power\Controller\IndexController.class.php 第 72 行.
SQL: SELECT `id`,`form_name`,`pid`,`type`,`creater_uid` FROM `ht_form` WHERE `pid` = 253  [ RunTime:0.0010s ]
NOTIC: [2] Invalid argument supplied for foreach() D:\wamp64\www\dzxt\s\tp\Application\Power\Controller\IndexController.class.php 第 72 行.
SQL: SELECT `id`,`form_name`,`pid`,`type`,`creater_uid` FROM `ht_form` WHERE `pid` = 254  [ RunTime:0.0010s ]
NOTIC: [2] Invalid argument supplied for foreach() D:\wamp64\www\dzxt\s\tp\Application\Power\Controller\IndexController.class.php 第 72 行.
SQL: SELECT `id`,`form_name`,`pid`,`type`,`creater_uid` FROM `ht_form` WHERE `pid` = 255  [ RunTime:0.0010s ]
NOTIC: [2] Invalid argument supplied for foreach() D:\wamp64\www\dzxt\s\tp\Application\Power\Controller\IndexController.class.php 第 72 行.
SQL: SELECT `id`,`form_name`,`pid`,`type`,`creater_uid` FROM `ht_form` WHERE `pid` = 256  [ RunTime:0.0010s ]
NOTIC: [2] Invalid argument supplied for foreach() D:\wamp64\www\dzxt\s\tp\Application\Power\Controller\IndexController.class.php 第 72 行.
SQL: SELECT `id`,`form_name`,`pid`,`type`,`creater_uid` FROM `ht_form` WHERE `pid` = 257  [ RunTime:0.0000s ]
NOTIC: [2] Invalid argument supplied for foreach() D:\wamp64\www\dzxt\s\tp\Application\Power\Controller\IndexController.class.php 第 72 行.
SQL: SELECT `id`,`form_name`,`pid`,`type`,`creater_uid` FROM `ht_form` WHERE `pid` = 259  [ RunTime:0.0010s ]
NOTIC: [2] Invalid argument supplied for foreach() D:\wamp64\www\dzxt\s\tp\Application\Power\Controller\IndexController.class.php 第 72 行.
SQL: SELECT `id`,`form_name`,`pid`,`type`,`creater_uid` FROM `ht_form` WHERE `pid` = 271  [ RunTime:0.0010s ]
NOTIC: [2] Invalid argument supplied for foreach() D:\wamp64\www\dzxt\s\tp\Application\Power\Controller\IndexController.class.php 第 72 行.
SQL: SELECT `id`,`form_name`,`pid`,`type`,`creater_uid` FROM `ht_form` WHERE `pid` = 273  [ RunTime:0.0029s ]
NOTIC: [2] Invalid argument supplied for foreach() D:\wamp64\www\dzxt\s\tp\Application\Power\Controller\IndexController.class.php 第 72 行.
SQL: SELECT `id`,`form_name`,`pid`,`type`,`creater_uid` FROM `ht_form` WHERE `pid` = 274  [ RunTime:0.0010s ]
NOTIC: [2] Invalid argument supplied for foreach() D:\wamp64\www\dzxt\s\tp\Application\Power\Controller\IndexController.class.php 第 72 行.
SQL: SELECT `id`,`form_name`,`pid`,`type`,`creater_uid` FROM `ht_form` WHERE `pid` = 278  [ RunTime:0.0010s ]
NOTIC: [2] Invalid argument supplied for foreach() D:\wamp64\www\dzxt\s\tp\Application\Power\Controller\IndexController.class.php 第 72 行.
SQL: SELECT `id`,`form_name`,`pid`,`type`,`creater_uid` FROM `ht_form` WHERE `pid` = 129  [ RunTime:0.0010s ]
SQL: SELECT `id`,`form_name`,`pid`,`type`,`creater_uid` FROM `ht_form` WHERE `pid` = 137  [ RunTime:0.0010s ]
NOTIC: [2] Invalid argument supplied for foreach() D:\wamp64\www\dzxt\s\tp\Application\Power\Controller\IndexController.class.php 第 72 行.
SQL: SELECT `id`,`form_name`,`pid`,`type`,`creater_uid` FROM `ht_form` WHERE `pid` = 138  [ RunTime:0.0000s ]
NOTIC: [2] Invalid argument supplied for foreach() D:\wamp64\www\dzxt\s\tp\Application\Power\Controller\IndexController.class.php 第 72 行.
SQL: SELECT `id`,`form_name`,`pid`,`type`,`creater_uid` FROM `ht_form` WHERE `pid` = 140  [ RunTime:0.0000s ]
SQL: SELECT `id`,`form_name`,`pid`,`type`,`creater_uid` FROM `ht_form` WHERE `pid` = 157  [ RunTime:0.0010s ]
NOTIC: [2] Invalid argument supplied for foreach() D:\wamp64\www\dzxt\s\tp\Application\Power\Controller\IndexController.class.php 第 72 行.
SQL: SELECT `id`,`form_name`,`pid`,`type`,`creater_uid` FROM `ht_form` WHERE `pid` = 160  [ RunTime:0.0010s ]
NOTIC: [2] Invalid argument supplied for foreach() D:\wamp64\www\dzxt\s\tp\Application\Power\Controller\IndexController.class.php 第 72 行.
SQL: SELECT `id`,`form_name`,`pid`,`type`,`creater_uid` FROM `ht_form` WHERE `pid` = 173  [ RunTime:0.0010s ]
NOTIC: [2] Invalid argument supplied for foreach() D:\wamp64\www\dzxt\s\tp\Application\Power\Controller\IndexController.class.php 第 72 行.
SQL: SELECT `id`,`form_name`,`pid`,`type`,`creater_uid` FROM `ht_form` WHERE `pid` = 144  [ RunTime:0.0000s ]
NOTIC: [2] Invalid argument supplied for foreach() D:\wamp64\www\dzxt\s\tp\Application\Power\Controller\IndexController.class.php 第 72 行.
SQL: SELECT `id`,`form_name`,`pid`,`type`,`creater_uid` FROM `ht_form` WHERE `pid` = 149  [ RunTime:0.0000s ]
NOTIC: [2] Invalid argument supplied for foreach() D:\wamp64\www\dzxt\s\tp\Application\Power\Controller\IndexController.class.php 第 72 行.
SQL: SELECT `id`,`form_name`,`pid`,`type`,`creater_uid` FROM `ht_form` WHERE `pid` = 150  [ RunTime:0.0010s ]
NOTIC: [2] Invalid argument supplied for foreach() D:\wamp64\www\dzxt\s\tp\Application\Power\Controller\IndexController.class.php 第 72 行.
SQL: SELECT `id`,`form_name`,`pid`,`type`,`creater_uid` FROM `ht_form` WHERE `pid` = 151  [ RunTime:0.0010s ]
NOTIC: [2] Invalid argument supplied for foreach() D:\wamp64\www\dzxt\s\tp\Application\Power\Controller\IndexController.class.php 第 72 行.
SQL: SELECT `id`,`form_name`,`pid`,`type`,`creater_uid` FROM `ht_form` WHERE `pid` = 155  [ RunTime:0.0010s ]
NOTIC: [2] Invalid argument supplied for foreach() D:\wamp64\www\dzxt\s\tp\Application\Power\Controller\IndexController.class.php 第 72 行.
SQL: SELECT `id`,`form_name`,`pid`,`type`,`creater_uid` FROM `ht_form` WHERE `pid` = 156  [ RunTime:0.0010s ]
NOTIC: [2] Invalid argument supplied for foreach() D:\wamp64\www\dzxt\s\tp\Application\Power\Controller\IndexController.class.php 第 72 行.
SQL: SELECT `id`,`form_name`,`pid`,`type`,`creater_uid` FROM `ht_form` WHERE `pid` = 203  [ RunTime:0.0000s ]
NOTIC: [2] Invalid argument supplied for foreach() D:\wamp64\www\dzxt\s\tp\Application\Power\Controller\IndexController.class.php 第 72 行.
SQL: SELECT `id`,`form_name`,`pid`,`type`,`creater_uid` FROM `ht_form` WHERE `pid` = 143  [ RunTime:0.0000s ]
NOTIC: [2] Invalid argument supplied for foreach() D:\wamp64\www\dzxt\s\tp\Application\Power\Controller\IndexController.class.php 第 72 行.
SQL: SELECT `id`,`form_name`,`pid`,`type`,`creater_uid` FROM `ht_form` WHERE `pid` = 163  [ RunTime:0.0000s ]
NOTIC: [2] Invalid argument supplied for foreach() D:\wamp64\www\dzxt\s\tp\Application\Power\Controller\IndexController.class.php 第 72 行.
SQL: SELECT `id`,`form_name`,`pid`,`type`,`creater_uid` FROM `ht_form` WHERE `pid` = 165  [ RunTime:0.0010s ]
SQL: SELECT `id`,`form_name`,`pid`,`type`,`creater_uid` FROM `ht_form` WHERE `pid` = 54  [ RunTime:0.0010s ]
SQL: SELECT `id`,`form_name`,`pid`,`type`,`creater_uid` FROM `ht_form` WHERE `pid` = 92  [ RunTime:0.0010s ]
NOTIC: [2] Invalid argument supplied for foreach() D:\wamp64\www\dzxt\s\tp\Application\Power\Controller\IndexController.class.php 第 72 行.
SQL: SELECT `id`,`form_name`,`pid`,`type`,`creater_uid` FROM `ht_form` WHERE `pid` = 93  [ RunTime:0.0010s ]
NOTIC: [2] Invalid argument supplied for foreach() D:\wamp64\www\dzxt\s\tp\Application\Power\Controller\IndexController.class.php 第 72 行.
SQL: SELECT `id`,`form_name`,`pid`,`type`,`creater_uid` FROM `ht_form` WHERE `pid` = 95  [ RunTime:0.0020s ]
NOTIC: [2] Invalid argument supplied for foreach() D:\wamp64\www\dzxt\s\tp\Application\Power\Controller\IndexController.class.php 第 72 行.
SQL: SELECT `id`,`form_name`,`pid`,`type`,`creater_uid` FROM `ht_form` WHERE `pid` = 97  [ RunTime:0.0020s ]
NOTIC: [2] Invalid argument supplied for foreach() D:\wamp64\www\dzxt\s\tp\Application\Power\Controller\IndexController.class.php 第 72 行.
SQL: SELECT `id`,`form_name`,`pid`,`type`,`creater_uid` FROM `ht_form` WHERE `pid` = 98  [ RunTime:0.0010s ]
NOTIC: [2] Invalid argument supplied for foreach() D:\wamp64\www\dzxt\s\tp\Application\Power\Controller\IndexController.class.php 第 72 行.
SQL: SELECT `id`,`form_name`,`pid`,`type`,`creater_uid` FROM `ht_form` WHERE `pid` = 100  [ RunTime:0.0020s ]
NOTIC: [2] Invalid argument supplied for foreach() D:\wamp64\www\dzxt\s\tp\Application\Power\Controller\IndexController.class.php 第 72 行.
SQL: SELECT `id`,`form_name`,`pid`,`type`,`creater_uid` FROM `ht_form` WHERE `pid` = 167  [ RunTime:0.0010s ]
SQL: SELECT `id`,`form_name`,`pid`,`type`,`creater_uid` FROM `ht_form` WHERE `pid` = 175  [ RunTime:0.0020s ]
SQL: SELECT `id`,`form_name`,`pid`,`type`,`creater_uid` FROM `ht_form` WHERE `pid` = 139  [ RunTime:0.0010s ]
NOTIC: [2] Invalid argument supplied for foreach() D:\wamp64\www\dzxt\s\tp\Application\Power\Controller\IndexController.class.php 第 72 行.
SQL: SELECT `id`,`form_name`,`pid`,`type`,`creater_uid` FROM `ht_form` WHERE `pid` = 189  [ RunTime:0.0000s ]
NOTIC: [2] Invalid argument supplied for foreach() D:\wamp64\www\dzxt\s\tp\Application\Power\Controller\IndexController.class.php 第 72 行.
SQL: SELECT `id`,`form_name`,`pid`,`type`,`creater_uid` FROM `ht_form` WHERE `pid` = 192  [ RunTime:0.0020s ]
NOTIC: [2] Invalid argument supplied for foreach() D:\wamp64\www\dzxt\s\tp\Application\Power\Controller\IndexController.class.php 第 72 行.
SQL: SELECT `id`,`form_name`,`pid`,`type`,`creater_uid` FROM `ht_form` WHERE `pid` = 193  [ RunTime:0.0010s ]
NOTIC: [2] Invalid argument supplied for foreach() D:\wamp64\www\dzxt\s\tp\Application\Power\Controller\IndexController.class.php 第 72 行.
SQL: SELECT `id`,`form_name`,`pid`,`type`,`creater_uid` FROM `ht_form` WHERE `pid` = 275  [ RunTime:0.0010s ]
NOTIC: [2] Invalid argument supplied for foreach() D:\wamp64\www\dzxt\s\tp\Application\Power\Controller\IndexController.class.php 第 72 行.
SQL: SELECT `id`,`form_name`,`pid`,`type`,`creater_uid` FROM `ht_form` WHERE `pid` = 190  [ RunTime:0.0000s ]
NOTIC: [2] Invalid argument supplied for foreach() D:\wamp64\www\dzxt\s\tp\Application\Power\Controller\IndexController.class.php 第 72 行.
SQL: SELECT `id`,`form_name`,`pid`,`type`,`creater_uid` FROM `ht_form` WHERE `pid` = 194  [ RunTime:0.0010s ]
NOTIC: [2] Invalid argument supplied for foreach() D:\wamp64\www\dzxt\s\tp\Application\Power\Controller\IndexController.class.php 第 72 行.
SQL: SELECT `id`,`form_name`,`pid`,`type`,`creater_uid` FROM `ht_form` WHERE `pid` = 195  [ RunTime:0.0010s ]
NOTIC: [2] Invalid argument supplied for foreach() D:\wamp64\www\dzxt\s\tp\Application\Power\Controller\IndexController.class.php 第 72 行.
SQL: SELECT `id`,`form_name`,`pid`,`type`,`creater_uid` FROM `ht_form` WHERE `pid` = 196  [ RunTime:0.0010s ]
NOTIC: [2] Invalid argument supplied for foreach() D:\wamp64\www\dzxt\s\tp\Application\Power\Controller\IndexController.class.php 第 72 行.
SQL: SELECT `id`,`form_name`,`pid`,`type`,`creater_uid` FROM `ht_form` WHERE `pid` = 197  [ RunTime:0.0000s ]
NOTIC: [2] Invalid argument supplied for foreach() D:\wamp64\www\dzxt\s\tp\Application\Power\Controller\IndexController.class.php 第 72 行.
SQL: SELECT `id`,`form_name`,`pid`,`type`,`creater_uid` FROM `ht_form` WHERE `pid` = 198  [ RunTime:0.0010s ]
NOTIC: [2] Invalid argument supplied for foreach() D:\wamp64\www\dzxt\s\tp\Application\Power\Controller\IndexController.class.php 第 72 行.
SQL: SELECT `id`,`form_name`,`pid`,`type`,`creater_uid` FROM `ht_form` WHERE `pid` = 199  [ RunTime:0.0000s ]
NOTIC: [2] Invalid argument supplied for foreach() D:\wamp64\www\dzxt\s\tp\Application\Power\Controller\IndexController.class.php 第 72 行.
SQL: SELECT `id`,`form_name`,`pid`,`type`,`creater_uid` FROM `ht_form` WHERE `pid` = 200  [ RunTime:0.0000s ]
NOTIC: [2] Invalid argument supplied for foreach() D:\wamp64\www\dzxt\s\tp\Application\Power\Controller\IndexController.class.php 第 72 行.
SQL: SELECT `id`,`form_name`,`pid`,`type`,`creater_uid` FROM `ht_form` WHERE `pid` = 201  [ RunTime:0.0000s ]
NOTIC: [2] Invalid argument supplied for foreach() D:\wamp64\www\dzxt\s\tp\Application\Power\Controller\IndexController.class.php 第 72 行.
SQL: SELECT `id`,`form_name`,`pid`,`type`,`creater_uid` FROM `ht_form` WHERE `pid` = 202  [ RunTime:0.0000s ]
NOTIC: [2] Invalid argument supplied for foreach() D:\wamp64\www\dzxt\s\tp\Application\Power\Controller\IndexController.class.php 第 72 行.
SQL: SELECT `id`,`form_name`,`pid`,`type`,`creater_uid` FROM `ht_form` WHERE `pid` = 204  [ RunTime:0.0000s ]
NOTIC: [2] Invalid argument supplied for foreach() D:\wamp64\www\dzxt\s\tp\Application\Power\Controller\IndexController.class.php 第 72 行.
SQL: SELECT `id`,`form_name`,`pid`,`type`,`creater_uid` FROM `ht_form` WHERE `pid` = 205  [ RunTime:0.0000s ]
NOTIC: [2] Invalid argument supplied for foreach() D:\wamp64\www\dzxt\s\tp\Application\Power\Controller\IndexController.class.php 第 72 行.
SQL: SELECT `id`,`form_name`,`pid`,`type`,`creater_uid` FROM `ht_form` WHERE `pid` = 206  [ RunTime:0.0000s ]
NOTIC: [2] Invalid argument supplied for foreach() D:\wamp64\www\dzxt\s\tp\Application\Power\Controller\IndexController.class.php 第 72 行.
SQL: SELECT `id`,`form_name`,`pid`,`type`,`creater_uid` FROM `ht_form` WHERE `pid` = 207  [ RunTime:0.0000s ]
NOTIC: [2] Invalid argument supplied for foreach() D:\wamp64\www\dzxt\s\tp\Application\Power\Controller\IndexController.class.php 第 72 行.
SQL: SELECT `id`,`form_name`,`pid`,`type`,`creater_uid` FROM `ht_form` WHERE `pid` = 208  [ RunTime:0.0000s ]
NOTIC: [2] Invalid argument supplied for foreach() D:\wamp64\www\dzxt\s\tp\Application\Power\Controller\IndexController.class.php 第 72 行.
SQL: SELECT `id`,`form_name`,`pid`,`type`,`creater_uid` FROM `ht_form` WHERE `pid` = 209  [ RunTime:0.0000s ]
NOTIC: [2] Invalid argument supplied for foreach() D:\wamp64\www\dzxt\s\tp\Application\Power\Controller\IndexController.class.php 第 72 行.
SQL: SELECT `id`,`form_name`,`pid`,`type`,`creater_uid` FROM `ht_form` WHERE `pid` = 210  [ RunTime:0.0000s ]
NOTIC: [2] Invalid argument supplied for foreach() D:\wamp64\www\dzxt\s\tp\Application\Power\Controller\IndexController.class.php 第 72 行.
SQL: SELECT `id`,`form_name`,`pid`,`type`,`creater_uid` FROM `ht_form` WHERE `pid` = 211  [ RunTime:0.0000s ]
SQL: SELECT `id`,`form_name`,`pid`,`type`,`creater_uid` FROM `ht_form` WHERE `pid` = 212  [ RunTime:0.0000s ]
NOTIC: [2] Invalid argument supplied for foreach() D:\wamp64\www\dzxt\s\tp\Application\Power\Controller\IndexController.class.php 第 72 行.
SQL: SELECT `id`,`form_name`,`pid`,`type`,`creater_uid` FROM `ht_form` WHERE `pid` = 213  [ RunTime:0.0000s ]
NOTIC: [2] Invalid argument supplied for foreach() D:\wamp64\www\dzxt\s\tp\Application\Power\Controller\IndexController.class.php 第 72 行.
SQL: SELECT `id`,`form_name`,`pid`,`type`,`creater_uid` FROM `ht_form` WHERE `pid` = 214  [ RunTime:0.0000s ]
NOTIC: [2] Invalid argument supplied for foreach() D:\wamp64\www\dzxt\s\tp\Application\Power\Controller\IndexController.class.php 第 72 行.
SQL: SELECT `id`,`form_name`,`pid`,`type`,`creater_uid` FROM `ht_form` WHERE `pid` = 215  [ RunTime:0.0000s ]
NOTIC: [2] Invalid argument supplied for foreach() D:\wamp64\www\dzxt\s\tp\Application\Power\Controller\IndexController.class.php 第 72 行.
SQL: SELECT `id`,`form_name`,`pid`,`type`,`creater_uid` FROM `ht_form` WHERE `pid` = 216  [ RunTime:0.0156s ]
NOTIC: [2] Invalid argument supplied for foreach() D:\wamp64\www\dzxt\s\tp\Application\Power\Controller\IndexController.class.php 第 72 行.
SQL: SELECT `id`,`form_name`,`pid`,`type`,`creater_uid` FROM `ht_form` WHERE `pid` = 217  [ RunTime:0.0000s ]
NOTIC: [2] Invalid argument supplied for foreach() D:\wamp64\www\dzxt\s\tp\Application\Power\Controller\IndexController.class.php 第 72 行.
SQL: SELECT `id`,`form_name`,`pid`,`type`,`creater_uid` FROM `ht_form` WHERE `pid` = 218  [ RunTime:0.0000s ]
NOTIC: [2] Invalid argument supplied for foreach() D:\wamp64\www\dzxt\s\tp\Application\Power\Controller\IndexController.class.php 第 72 行.
SQL: SELECT `id`,`form_name`,`pid`,`type`,`creater_uid` FROM `ht_form` WHERE `pid` = 219  [ RunTime:0.0000s ]
SQL: SELECT `id`,`form_name`,`pid`,`type`,`creater_uid` FROM `ht_form` WHERE `pid` = 225  [ RunTime:0.0000s ]
NOTIC: [2] Invalid argument supplied for foreach() D:\wamp64\www\dzxt\s\tp\Application\Power\Controller\IndexController.class.php 第 72 行.
SQL: SELECT `id`,`form_name`,`pid`,`type`,`creater_uid` FROM `ht_form` WHERE `pid` = 226  [ RunTime:0.0000s ]
NOTIC: [2] Invalid argument supplied for foreach() D:\wamp64\www\dzxt\s\tp\Application\Power\Controller\IndexController.class.php 第 72 行.
SQL: SELECT `id`,`form_name`,`pid`,`type`,`creater_uid` FROM `ht_form` WHERE `pid` = 227  [ RunTime:0.0000s ]
NOTIC: [2] Invalid argument supplied for foreach() D:\wamp64\www\dzxt\s\tp\Application\Power\Controller\IndexController.class.php 第 72 行.
SQL: SELECT `id`,`form_name`,`pid`,`type`,`creater_uid` FROM `ht_form` WHERE `pid` = 220  [ RunTime:0.0000s ]
NOTIC: [2] Invalid argument supplied for foreach() D:\wamp64\www\dzxt\s\tp\Application\Power\Controller\IndexController.class.php 第 72 行.
SQL: SELECT `id`,`form_name`,`pid`,`type`,`creater_uid` FROM `ht_form` WHERE `pid` = 221  [ RunTime:0.0000s ]
NOTIC: [2] Invalid argument supplied for foreach() D:\wamp64\www\dzxt\s\tp\Application\Power\Controller\IndexController.class.php 第 72 行.
SQL: SELECT `id`,`form_name`,`pid`,`type`,`creater_uid` FROM `ht_form` WHERE `pid` = 222  [ RunTime:0.0000s ]
NOTIC: [2] Invalid argument supplied for foreach() D:\wamp64\www\dzxt\s\tp\Application\Power\Controller\IndexController.class.php 第 72 行.
SQL: SELECT `id`,`form_name`,`pid`,`type`,`creater_uid` FROM `ht_form` WHERE `pid` = 230  [ RunTime:0.0000s ]
SQL: SELECT `id`,`form_name`,`pid`,`type`,`creater_uid` FROM `ht_form` WHERE `pid` = 231  [ RunTime:0.0000s ]
NOTIC: [2] Invalid argument supplied for foreach() D:\wamp64\www\dzxt\s\tp\Application\Power\Controller\IndexController.class.php 第 72 行.
SQL: SELECT `id`,`form_name`,`pid`,`type`,`creater_uid` FROM `ht_form` WHERE `pid` = 232  [ RunTime:0.0000s ]
NOTIC: [2] Invalid argument supplied for foreach() D:\wamp64\www\dzxt\s\tp\Application\Power\Controller\IndexController.class.php 第 72 行.
SQL: SELECT `id`,`form_name`,`pid`,`type`,`creater_uid` FROM `ht_form` WHERE `pid` = 233  [ RunTime:0.0000s ]
SQL: SELECT `id`,`form_name`,`pid`,`type`,`creater_uid` FROM `ht_form` WHERE `pid` = 234  [ RunTime:0.0000s ]
NOTIC: [2] Invalid argument supplied for foreach() D:\wamp64\www\dzxt\s\tp\Application\Power\Controller\IndexController.class.php 第 72 行.
SQL: SELECT `id`,`form_name`,`pid`,`type`,`creater_uid` FROM `ht_form` WHERE `pid` = 235  [ RunTime:0.0000s ]
NOTIC: [2] Invalid argument supplied for foreach() D:\wamp64\www\dzxt\s\tp\Application\Power\Controller\IndexController.class.php 第 72 行.
SQL: SELECT `id`,`form_name`,`pid`,`type`,`creater_uid` FROM `ht_form` WHERE `pid` = 236  [ RunTime:0.0000s ]
NOTIC: [2] Invalid argument supplied for foreach() D:\wamp64\www\dzxt\s\tp\Application\Power\Controller\IndexController.class.php 第 72 行.
SQL: SELECT `id`,`form_name`,`pid`,`type`,`creater_uid` FROM `ht_form` WHERE `pid` = 237  [ RunTime:0.0156s ]
SQL: SELECT `id`,`form_name`,`pid`,`type`,`creater_uid` FROM `ht_form` WHERE `pid` = 238  [ RunTime:0.0000s ]
NOTIC: [2] Invalid argument supplied for foreach() D:\wamp64\www\dzxt\s\tp\Application\Power\Controller\IndexController.class.php 第 72 行.
SQL: SELECT `id`,`form_name`,`pid`,`type`,`creater_uid` FROM `ht_form` WHERE `pid` = 239  [ RunTime:0.0000s ]
NOTIC: [2] Invalid argument supplied for foreach() D:\wamp64\www\dzxt\s\tp\Application\Power\Controller\IndexController.class.php 第 72 行.
SQL: SELECT `id`,`form_name`,`pid`,`type`,`creater_uid` FROM `ht_form` WHERE `pid` = 240  [ RunTime:0.0000s ]
NOTIC: [2] Invalid argument supplied for foreach() D:\wamp64\www\dzxt\s\tp\Application\Power\Controller\IndexController.class.php 第 72 行.
SQL: SELECT `id`,`form_name`,`pid`,`type`,`creater_uid` FROM `ht_form` WHERE `pid` = 241  [ RunTime:0.0000s ]
SQL: SELECT `id`,`form_name`,`pid`,`type`,`creater_uid` FROM `ht_form` WHERE `pid` = 242  [ RunTime:0.0000s ]
NOTIC: [2] Invalid argument supplied for foreach() D:\wamp64\www\dzxt\s\tp\Application\Power\Controller\IndexController.class.php 第 72 行.
SQL: SELECT `id`,`form_name`,`pid`,`type`,`creater_uid` FROM `ht_form` WHERE `pid` = 243  [ RunTime:0.0000s ]
NOTIC: [2] Invalid argument supplied for foreach() D:\wamp64\www\dzxt\s\tp\Application\Power\Controller\IndexController.class.php 第 72 行.
SQL: SELECT `id`,`form_name`,`pid`,`type`,`creater_uid` FROM `ht_form` WHERE `pid` = 276  [ RunTime:0.0000s ]
NOTIC: [2] Invalid argument supplied for foreach() D:\wamp64\www\dzxt\s\tp\Application\Power\Controller\IndexController.class.php 第 72 行.
SQL: SELECT `id`,`form_name`,`pid`,`type`,`creater_uid` FROM `ht_form` WHERE `pid` = 178  [ RunTime:0.0156s ]
NOTIC: [2] Invalid argument supplied for foreach() D:\wamp64\www\dzxt\s\tp\Application\Power\Controller\IndexController.class.php 第 72 行.
SQL: SELECT `id`,`form_name`,`pid`,`type`,`creater_uid` FROM `ht_form` WHERE `pid` = 180  [ RunTime:0.0000s ]
NOTIC: [2] Invalid argument supplied for foreach() D:\wamp64\www\dzxt\s\tp\Application\Power\Controller\IndexController.class.php 第 72 行.
SQL: SELECT `id`,`form_name`,`pid`,`type`,`creater_uid` FROM `ht_form` WHERE `pid` = 181  [ RunTime:0.0000s ]
NOTIC: [2] Invalid argument supplied for foreach() D:\wamp64\www\dzxt\s\tp\Application\Power\Controller\IndexController.class.php 第 72 行.
SQL: SELECT `id`,`form_name`,`pid`,`type`,`creater_uid` FROM `ht_form` WHERE `pid` = 182  [ RunTime:0.0000s ]
NOTIC: [2] Invalid argument supplied for foreach() D:\wamp64\www\dzxt\s\tp\Application\Power\Controller\IndexController.class.php 第 72 行.
SQL: SELECT `id`,`form_name`,`pid`,`type`,`creater_uid` FROM `ht_form` WHERE `pid` = 183  [ RunTime:0.0000s ]
SQL: SELECT `id`,`form_name`,`pid`,`type`,`creater_uid` FROM `ht_form` WHERE `pid` = 223  [ RunTime:0.0000s ]
NOTIC: [2] Invalid argument supplied for foreach() D:\wamp64\www\dzxt\s\tp\Application\Power\Controller\IndexController.class.php 第 72 行.
SQL: SELECT `id`,`form_name`,`pid`,`type`,`creater_uid` FROM `ht_form` WHERE `pid` = 224  [ RunTime:0.0000s ]
NOTIC: [2] Invalid argument supplied for foreach() D:\wamp64\www\dzxt\s\tp\Application\Power\Controller\IndexController.class.php 第 72 行.
SQL: SELECT `id`,`form_name`,`pid`,`type`,`creater_uid` FROM `ht_form` WHERE `pid` = 277  [ RunTime:0.0000s ]
NOTIC: [2] Invalid argument supplied for foreach() D:\wamp64\www\dzxt\s\tp\Application\Power\Controller\IndexController.class.php 第 72 行.
SQL: SELECT `id`,`form_name`,`pid`,`type`,`creater_uid` FROM `ht_form` WHERE `pid` = 184  [ RunTime:0.0000s ]
NOTIC: [2] Invalid argument supplied for foreach() D:\wamp64\www\dzxt\s\tp\Application\Power\Controller\IndexController.class.php 第 72 行.
SQL: SELECT `id`,`form_name`,`pid`,`type`,`creater_uid` FROM `ht_form` WHERE `pid` = 185  [ RunTime:0.0156s ]
NOTIC: [2] Invalid argument supplied for foreach() D:\wamp64\www\dzxt\s\tp\Application\Power\Controller\IndexController.class.php 第 72 行.
SQL: SELECT `id`,`form_name`,`pid`,`type`,`creater_uid` FROM `ht_form` WHERE `pid` = 186  [ RunTime:0.0000s ]
NOTIC: [2] Invalid argument supplied for foreach() D:\wamp64\www\dzxt\s\tp\Application\Power\Controller\IndexController.class.php 第 72 行.
INFO: [ app_end ] --START--
INFO: Run Behavior\ShowPageTraceBehavior [ RunTime:0.000000s ]
INFO: [ app_end ] --END-- [ RunTime:0.000000s ]

[ 2015-11-28T11:37:39+08:00 ] 127.0.0.1 /s/tp/wwwroot/index.php?s=/Power/Index/getform.html
INFO: [ app_init ] --START--
INFO: Run Behavior\BuildLiteBehavior [ RunTime:0.000000s ]
INFO: [ app_init ] --END-- [ RunTime:0.003906s ]
INFO: [ app_begin ] --START--
INFO: Run Behavior\ReadHtmlCacheBehavior [ RunTime:0.025391s ]
INFO: [ app_begin ] --END-- [ RunTime:0.025391s ]
SQL: select id from ht_role where pid=7 order by id asc [ RunTime:0.0000s ]
SQL: select id from ht_role where pid=37 order by id asc [ RunTime:0.0000s ]
NOTIC: [8] Undefined variable: urolesids D:\wamp64\www\dzxt\s\tp\Application\Power\Controller\IndexController.class.php 第 41 行.
SQL: select id from ht_role where pid=28 order by id asc [ RunTime:0.0000s ]
SQL: select id from ht_role where pid=29 order by id asc [ RunTime:0.0000s ]
SQL: select id from ht_role where pid=33 order by id asc [ RunTime:0.0000s ]
SQL: select id from ht_role where pid=36 order by id asc [ RunTime:0.0000s ]
SQL: select id from ht_role where pid=30 order by id asc [ RunTime:0.0000s ]
SQL: select id from ht_role where pid=30 order by id asc [ RunTime:0.0000s ]
SQL: select form_id from ht_power where role_id in(7,28,30,37,33,36,29) and function_type=0 order by id asc [ RunTime:0.0000s ]
SQL: SHOW COLUMNS FROM `ht_form` [ RunTime:0.0000s ]
SQL: SELECT `id`,`form_name`,`pid`,`type`,`creater_uid` FROM `ht_form` WHERE `pid` = 0  [ RunTime:0.0000s ]
SQL: SELECT `id`,`form_name`,`pid`,`type`,`creater_uid` FROM `ht_form` WHERE `pid` = 52  [ RunTime:0.0156s ]
SQL: SELECT `id`,`form_name`,`pid`,`type`,`creater_uid` FROM `ht_form` WHERE `pid` = 56  [ RunTime:0.0000s ]
SQL: SELECT `id`,`form_name`,`pid`,`type`,`creater_uid` FROM `ht_form` WHERE `pid` = 58  [ RunTime:0.0000s ]
SQL: SELECT `id`,`form_name`,`pid`,`type`,`creater_uid` FROM `ht_form` WHERE `pid` = 62  [ RunTime:0.0000s ]
NOTIC: [2] Invalid argument supplied for foreach() D:\wamp64\www\dzxt\s\tp\Application\Power\Controller\IndexController.class.php 第 72 行.
SQL: SELECT `id`,`form_name`,`pid`,`type`,`creater_uid` FROM `ht_form` WHERE `pid` = 135  [ RunTime:0.0000s ]
NOTIC: [2] Invalid argument supplied for foreach() D:\wamp64\www\dzxt\s\tp\Application\Power\Controller\IndexController.class.php 第 72 行.
SQL: SELECT `id`,`form_name`,`pid`,`type`,`creater_uid` FROM `ht_form` WHERE `pid` = 142  [ RunTime:0.0000s ]
NOTIC: [2] Invalid argument supplied for foreach() D:\wamp64\www\dzxt\s\tp\Application\Power\Controller\IndexController.class.php 第 72 行.
SQL: SELECT `id`,`form_name`,`pid`,`type`,`creater_uid` FROM `ht_form` WHERE `pid` = 145  [ RunTime:0.0000s ]
NOTIC: [2] Invalid argument supplied for foreach() D:\wamp64\www\dzxt\s\tp\Application\Power\Controller\IndexController.class.php 第 72 行.
SQL: SELECT `id`,`form_name`,`pid`,`type`,`creater_uid` FROM `ht_form` WHERE `pid` = 147  [ RunTime:0.0000s ]
NOTIC: [2] Invalid argument supplied for foreach() D:\wamp64\www\dzxt\s\tp\Application\Power\Controller\IndexController.class.php 第 72 行.
SQL: SELECT `id`,`form_name`,`pid`,`type`,`creater_uid` FROM `ht_form` WHERE `pid` = 177  [ RunTime:0.0000s ]
NOTIC: [2] Invalid argument supplied for foreach() D:\wamp64\www\dzxt\s\tp\Application\Power\Controller\IndexController.class.php 第 72 行.
SQL: SELECT `id`,`form_name`,`pid`,`type`,`creater_uid` FROM `ht_form` WHERE `pid` = 191  [ RunTime:0.0000s ]
NOTIC: [2] Invalid argument supplied for foreach() D:\wamp64\www\dzxt\s\tp\Application\Power\Controller\IndexController.class.php 第 72 行.
SQL: SELECT `id`,`form_name`,`pid`,`type`,`creater_uid` FROM `ht_form` WHERE `pid` = 244  [ RunTime:0.0000s ]
SQL: SELECT `id`,`form_name`,`pid`,`type`,`creater_uid` FROM `ht_form` WHERE `pid` = 279  [ RunTime:0.0000s ]
NOTIC: [2] Invalid argument supplied for foreach() D:\wamp64\www\dzxt\s\tp\Application\Power\Controller\IndexController.class.php 第 72 行.
SQL: SELECT `id`,`form_name`,`pid`,`type`,`creater_uid` FROM `ht_form` WHERE `pid` = 246  [ RunTime:0.0000s ]
NOTIC: [2] Invalid argument supplied for foreach() D:\wamp64\www\dzxt\s\tp\Application\Power\Controller\IndexController.class.php 第 72 行.
SQL: SELECT `id`,`form_name`,`pid`,`type`,`creater_uid` FROM `ht_form` WHERE `pid` = 247  [ RunTime:0.0000s ]
NOTIC: [2] Invalid argument supplied for foreach() D:\wamp64\www\dzxt\s\tp\Application\Power\Controller\IndexController.class.php 第 72 行.
SQL: SELECT `id`,`form_name`,`pid`,`type`,`creater_uid` FROM `ht_form` WHERE `pid` = 252  [ RunTime:0.0000s ]
NOTIC: [2] Invalid argument supplied for foreach() D:\wamp64\www\dzxt\s\tp\Application\Power\Controller\IndexController.class.php 第 72 行.
SQL: SELECT `id`,`form_name`,`pid`,`type`,`creater_uid` FROM `ht_form` WHERE `pid` = 253  [ RunTime:0.0000s ]
NOTIC: [2] Invalid argument supplied for foreach() D:\wamp64\www\dzxt\s\tp\Application\Power\Controller\IndexController.class.php 第 72 行.
SQL: SELECT `id`,`form_name`,`pid`,`type`,`creater_uid` FROM `ht_form` WHERE `pid` = 254  [ RunTime:0.0000s ]
NOTIC: [2] Invalid argument supplied for foreach() D:\wamp64\www\dzxt\s\tp\Application\Power\Controller\IndexController.class.php 第 72 行.
SQL: SELECT `id`,`form_name`,`pid`,`type`,`creater_uid` FROM `ht_form` WHERE `pid` = 255  [ RunTime:0.0000s ]
NOTIC: [2] Invalid argument supplied for foreach() D:\wamp64\www\dzxt\s\tp\Application\Power\Controller\IndexController.class.php 第 72 行.
SQL: SELECT `id`,`form_name`,`pid`,`type`,`creater_uid` FROM `ht_form` WHERE `pid` = 256  [ RunTime:0.0000s ]
NOTIC: [2] Invalid argument supplied for foreach() D:\wamp64\www\dzxt\s\tp\Application\Power\Controller\IndexController.class.php 第 72 行.
SQL: SELECT `id`,`form_name`,`pid`,`type`,`creater_uid` FROM `ht_form` WHERE `pid` = 257  [ RunTime:0.0000s ]
NOTIC: [2] Invalid argument supplied for foreach() D:\wamp64\www\dzxt\s\tp\Application\Power\Controller\IndexController.class.php 第 72 行.
SQL: SELECT `id`,`form_name`,`pid`,`type`,`creater_uid` FROM `ht_form` WHERE `pid` = 259  [ RunTime:0.0156s ]
NOTIC: [2] Invalid argument supplied for foreach() D:\wamp64\www\dzxt\s\tp\Application\Power\Controller\IndexController.class.php 第 72 行.
SQL: SELECT `id`,`form_name`,`pid`,`type`,`creater_uid` FROM `ht_form` WHERE `pid` = 271  [ RunTime:0.0000s ]
NOTIC: [2] Invalid argument supplied for foreach() D:\wamp64\www\dzxt\s\tp\Application\Power\Controller\IndexController.class.php 第 72 行.
SQL: SELECT `id`,`form_name`,`pid`,`type`,`creater_uid` FROM `ht_form` WHERE `pid` = 273  [ RunTime:0.0000s ]
NOTIC: [2] Invalid argument supplied for foreach() D:\wamp64\www\dzxt\s\tp\Application\Power\Controller\IndexController.class.php 第 72 行.
SQL: SELECT `id`,`form_name`,`pid`,`type`,`creater_uid` FROM `ht_form` WHERE `pid` = 274  [ RunTime:0.0000s ]
NOTIC: [2] Invalid argument supplied for foreach() D:\wamp64\www\dzxt\s\tp\Application\Power\Controller\IndexController.class.php 第 72 行.
SQL: SELECT `id`,`form_name`,`pid`,`type`,`creater_uid` FROM `ht_form` WHERE `pid` = 278  [ RunTime:0.0000s ]
NOTIC: [2] Invalid argument supplied for foreach() D:\wamp64\www\dzxt\s\tp\Application\Power\Controller\IndexController.class.php 第 72 行.
SQL: SELECT `id`,`form_name`,`pid`,`type`,`creater_uid` FROM `ht_form` WHERE `pid` = 129  [ RunTime:0.0000s ]
SQL: SELECT `id`,`form_name`,`pid`,`type`,`creater_uid` FROM `ht_form` WHERE `pid` = 137  [ RunTime:0.0000s ]
NOTIC: [2] Invalid argument supplied for foreach() D:\wamp64\www\dzxt\s\tp\Application\Power\Controller\IndexController.class.php 第 72 行.
SQL: SELECT `id`,`form_name`,`pid`,`type`,`creater_uid` FROM `ht_form` WHERE `pid` = 138  [ RunTime:0.0000s ]
NOTIC: [2] Invalid argument supplied for foreach() D:\wamp64\www\dzxt\s\tp\Application\Power\Controller\IndexController.class.php 第 72 行.
SQL: SELECT `id`,`form_name`,`pid`,`type`,`creater_uid` FROM `ht_form` WHERE `pid` = 140  [ RunTime:0.0000s ]
SQL: SELECT `id`,`form_name`,`pid`,`type`,`creater_uid` FROM `ht_form` WHERE `pid` = 157  [ RunTime:0.0000s ]
NOTIC: [2] Invalid argument supplied for foreach() D:\wamp64\www\dzxt\s\tp\Application\Power\Controller\IndexController.class.php 第 72 行.
SQL: SELECT `id`,`form_name`,`pid`,`type`,`creater_uid` FROM `ht_form` WHERE `pid` = 160  [ RunTime:0.0000s ]
NOTIC: [2] Invalid argument supplied for foreach() D:\wamp64\www\dzxt\s\tp\Application\Power\Controller\IndexController.class.php 第 72 行.
SQL: SELECT `id`,`form_name`,`pid`,`type`,`creater_uid` FROM `ht_form` WHERE `pid` = 173  [ RunTime:0.0000s ]
NOTIC: [2] Invalid argument supplied for foreach() D:\wamp64\www\dzxt\s\tp\Application\Power\Controller\IndexController.class.php 第 72 行.
SQL: SELECT `id`,`form_name`,`pid`,`type`,`creater_uid` FROM `ht_form` WHERE `pid` = 144  [ RunTime:0.0000s ]
NOTIC: [2] Invalid argument supplied for foreach() D:\wamp64\www\dzxt\s\tp\Application\Power\Controller\IndexController.class.php 第 72 行.
SQL: SELECT `id`,`form_name`,`pid`,`type`,`creater_uid` FROM `ht_form` WHERE `pid` = 149  [ RunTime:0.0000s ]
NOTIC: [2] Invalid argument supplied for foreach() D:\wamp64\www\dzxt\s\tp\Application\Power\Controller\IndexController.class.php 第 72 行.
SQL: SELECT `id`,`form_name`,`pid`,`type`,`creater_uid` FROM `ht_form` WHERE `pid` = 150  [ RunTime:0.0000s ]
NOTIC: [2] Invalid argument supplied for foreach() D:\wamp64\www\dzxt\s\tp\Application\Power\Controller\IndexController.class.php 第 72 行.
SQL: SELECT `id`,`form_name`,`pid`,`type`,`creater_uid` FROM `ht_form` WHERE `pid` = 151  [ RunTime:0.0000s ]
NOTIC: [2] Invalid argument supplied for foreach() D:\wamp64\www\dzxt\s\tp\Application\Power\Controller\IndexController.class.php 第 72 行.
SQL: SELECT `id`,`form_name`,`pid`,`type`,`creater_uid` FROM `ht_form` WHERE `pid` = 155  [ RunTime:0.0000s ]
NOTIC: [2] Invalid argument supplied for foreach() D:\wamp64\www\dzxt\s\tp\Application\Power\Controller\IndexController.class.php 第 72 行.
SQL: SELECT `id`,`form_name`,`pid`,`type`,`creater_uid` FROM `ht_form` WHERE `pid` = 156  [ RunTime:0.0000s ]
NOTIC: [2] Invalid argument supplied for foreach() D:\wamp64\www\dzxt\s\tp\Application\Power\Controller\IndexController.class.php 第 72 行.
SQL: SELECT `id`,`form_name`,`pid`,`type`,`creater_uid` FROM `ht_form` WHERE `pid` = 203  [ RunTime:0.0000s ]
NOTIC: [2] Invalid argument supplied for foreach() D:\wamp64\www\dzxt\s\tp\Application\Power\Controller\IndexController.class.php 第 72 行.
SQL: SELECT `id`,`form_name`,`pid`,`type`,`creater_uid` FROM `ht_form` WHERE `pid` = 143  [ RunTime:0.0000s ]
NOTIC: [2] Invalid argument supplied for foreach() D:\wamp64\www\dzxt\s\tp\Application\Power\Controller\IndexController.class.php 第 72 行.
SQL: SELECT `id`,`form_name`,`pid`,`type`,`creater_uid` FROM `ht_form` WHERE `pid` = 163  [ RunTime:0.0000s ]
NOTIC: [2] Invalid argument supplied for foreach() D:\wamp64\www\dzxt\s\tp\Application\Power\Controller\IndexController.class.php 第 72 行.
SQL: SELECT `id`,`form_name`,`pid`,`type`,`creater_uid` FROM `ht_form` WHERE `pid` = 165  [ RunTime:0.0000s ]
SQL: SELECT `id`,`form_name`,`pid`,`type`,`creater_uid` FROM `ht_form` WHERE `pid` = 54  [ RunTime:0.0000s ]
SQL: SELECT `id`,`form_name`,`pid`,`type`,`creater_uid` FROM `ht_form` WHERE `pid` = 92  [ RunTime:0.0000s ]
NOTIC: [2] Invalid argument supplied for foreach() D:\wamp64\www\dzxt\s\tp\Application\Power\Controller\IndexController.class.php 第 72 行.
SQL: SELECT `id`,`form_name`,`pid`,`type`,`creater_uid` FROM `ht_form` WHERE `pid` = 93  [ RunTime:0.0000s ]
NOTIC: [2] Invalid argument supplied for foreach() D:\wamp64\www\dzxt\s\tp\Application\Power\Controller\IndexController.class.php 第 72 行.
SQL: SELECT `id`,`form_name`,`pid`,`type`,`creater_uid` FROM `ht_form` WHERE `pid` = 95  [ RunTime:0.0000s ]
NOTIC: [2] Invalid argument supplied for foreach() D:\wamp64\www\dzxt\s\tp\Application\Power\Controller\IndexController.class.php 第 72 行.
SQL: SELECT `id`,`form_name`,`pid`,`type`,`creater_uid` FROM `ht_form` WHERE `pid` = 97  [ RunTime:0.0000s ]
NOTIC: [2] Invalid argument supplied for foreach() D:\wamp64\www\dzxt\s\tp\Application\Power\Controller\IndexController.class.php 第 72 行.
SQL: SELECT `id`,`form_name`,`pid`,`type`,`creater_uid` FROM `ht_form` WHERE `pid` = 98  [ RunTime:0.0000s ]
NOTIC: [2] Invalid argument supplied for foreach() D:\wamp64\www\dzxt\s\tp\Application\Power\Controller\IndexController.class.php 第 72 行.
SQL: SELECT `id`,`form_name`,`pid`,`type`,`creater_uid` FROM `ht_form` WHERE `pid` = 100  [ RunTime:0.0000s ]
NOTIC: [2] Invalid argument supplied for foreach() D:\wamp64\www\dzxt\s\tp\Application\Power\Controller\IndexController.class.php 第 72 行.
SQL: SELECT `id`,`form_name`,`pid`,`type`,`creater_uid` FROM `ht_form` WHERE `pid` = 167  [ RunTime:0.0000s ]
SQL: SELECT `id`,`form_name`,`pid`,`type`,`creater_uid` FROM `ht_form` WHERE `pid` = 175  [ RunTime:0.0156s ]
SQL: SELECT `id`,`form_name`,`pid`,`type`,`creater_uid` FROM `ht_form` WHERE `pid` = 139  [ RunTime:0.0000s ]
NOTIC: [2] Invalid argument supplied for foreach() D:\wamp64\www\dzxt\s\tp\Application\Power\Controller\IndexController.class.php 第 72 行.
SQL: SELECT `id`,`form_name`,`pid`,`type`,`creater_uid` FROM `ht_form` WHERE `pid` = 189  [ RunTime:0.0000s ]
NOTIC: [2] Invalid argument supplied for foreach() D:\wamp64\www\dzxt\s\tp\Application\Power\Controller\IndexController.class.php 第 72 行.
SQL: SELECT `id`,`form_name`,`pid`,`type`,`creater_uid` FROM `ht_form` WHERE `pid` = 192  [ RunTime:0.0000s ]
NOTIC: [2] Invalid argument supplied for foreach() D:\wamp64\www\dzxt\s\tp\Application\Power\Controller\IndexController.class.php 第 72 行.
SQL: SELECT `id`,`form_name`,`pid`,`type`,`creater_uid` FROM `ht_form` WHERE `pid` = 193  [ RunTime:0.0000s ]
NOTIC: [2] Invalid argument supplied for foreach() D:\wamp64\www\dzxt\s\tp\Application\Power\Controller\IndexController.class.php 第 72 行.
SQL: SELECT `id`,`form_name`,`pid`,`type`,`creater_uid` FROM `ht_form` WHERE `pid` = 275  [ RunTime:0.0000s ]
NOTIC: [2] Invalid argument supplied for foreach() D:\wamp64\www\dzxt\s\tp\Application\Power\Controller\IndexController.class.php 第 72 行.
SQL: SELECT `id`,`form_name`,`pid`,`type`,`creater_uid` FROM `ht_form` WHERE `pid` = 190  [ RunTime:0.0000s ]
NOTIC: [2] Invalid argument supplied for foreach() D:\wamp64\www\dzxt\s\tp\Application\Power\Controller\IndexController.class.php 第 72 行.
SQL: SELECT `id`,`form_name`,`pid`,`type`,`creater_uid` FROM `ht_form` WHERE `pid` = 194  [ RunTime:0.0000s ]
NOTIC: [2] Invalid argument supplied for foreach() D:\wamp64\www\dzxt\s\tp\Application\Power\Controller\IndexController.class.php 第 72 行.
SQL: SELECT `id`,`form_name`,`pid`,`type`,`creater_uid` FROM `ht_form` WHERE `pid` = 195  [ RunTime:0.0000s ]
NOTIC: [2] Invalid argument supplied for foreach() D:\wamp64\www\dzxt\s\tp\Application\Power\Controller\IndexController.class.php 第 72 行.
SQL: SELECT `id`,`form_name`,`pid`,`type`,`creater_uid` FROM `ht_form` WHERE `pid` = 196  [ RunTime:0.0000s ]
NOTIC: [2] Invalid argument supplied for foreach() D:\wamp64\www\dzxt\s\tp\Application\Power\Controller\IndexController.class.php 第 72 行.
SQL: SELECT `id`,`form_name`,`pid`,`type`,`creater_uid` FROM `ht_form` WHERE `pid` = 197  [ RunTime:0.0000s ]
NOTIC: [2] Invalid argument supplied for foreach() D:\wamp64\www\dzxt\s\tp\Application\Power\Controller\IndexController.class.php 第 72 行.
SQL: SELECT `id`,`form_name`,`pid`,`type`,`creater_uid` FROM `ht_form` WHERE `pid` = 198  [ RunTime:0.0000s ]
NOTIC: [2] Invalid argument supplied for foreach() D:\wamp64\www\dzxt\s\tp\Application\Power\Controller\IndexController.class.php 第 72 行.
SQL: SELECT `id`,`form_name`,`pid`,`type`,`creater_uid` FROM `ht_form` WHERE `pid` = 199  [ RunTime:0.0000s ]
NOTIC: [2] Invalid argument supplied for foreach() D:\wamp64\www\dzxt\s\tp\Application\Power\Controller\IndexController.class.php 第 72 行.
SQL: SELECT `id`,`form_name`,`pid`,`type`,`creater_uid` FROM `ht_form` WHERE `pid` = 200  [ RunTime:0.0000s ]
NOTIC: [2] Invalid argument supplied for foreach() D:\wamp64\www\dzxt\s\tp\Application\Power\Controller\IndexController.class.php 第 72 行.
SQL: SELECT `id`,`form_name`,`pid`,`type`,`creater_uid` FROM `ht_form` WHERE `pid` = 201  [ RunTime:0.0000s ]
NOTIC: [2] Invalid argument supplied for foreach() D:\wamp64\www\dzxt\s\tp\Application\Power\Controller\IndexController.class.php 第 72 行.
SQL: SELECT `id`,`form_name`,`pid`,`type`,`creater_uid` FROM `ht_form` WHERE `pid` = 202  [ RunTime:0.0000s ]
NOTIC: [2] Invalid argument supplied for foreach() D:\wamp64\www\dzxt\s\tp\Application\Power\Controller\IndexController.class.php 第 72 行.
SQL: SELECT `id`,`form_name`,`pid`,`type`,`creater_uid` FROM `ht_form` WHERE `pid` = 204  [ RunTime:0.0000s ]
NOTIC: [2] Invalid argument supplied for foreach() D:\wamp64\www\dzxt\s\tp\Application\Power\Controller\IndexController.class.php 第 72 行.
SQL: SELECT `id`,`form_name`,`pid`,`type`,`creater_uid` FROM `ht_form` WHERE `pid` = 205  [ RunTime:0.0000s ]
NOTIC: [2] Invalid argument supplied for foreach() D:\wamp64\www\dzxt\s\tp\Application\Power\Controller\IndexController.class.php 第 72 行.
SQL: SELECT `id`,`form_name`,`pid`,`type`,`creater_uid` FROM `ht_form` WHERE `pid` = 206  [ RunTime:0.0000s ]
NOTIC: [2] Invalid argument supplied for foreach() D:\wamp64\www\dzxt\s\tp\Application\Power\Controller\IndexController.class.php 第 72 行.
SQL: SELECT `id`,`form_name`,`pid`,`type`,`creater_uid` FROM `ht_form` WHERE `pid` = 207  [ RunTime:0.0000s ]
NOTIC: [2] Invalid argument supplied for foreach() D:\wamp64\www\dzxt\s\tp\Application\Power\Controller\IndexController.class.php 第 72 行.
SQL: SELECT `id`,`form_name`,`pid`,`type`,`creater_uid` FROM `ht_form` WHERE `pid` = 208  [ RunTime:0.0000s ]
NOTIC: [2] Invalid argument supplied for foreach() D:\wamp64\www\dzxt\s\tp\Application\Power\Controller\IndexController.class.php 第 72 行.
SQL: SELECT `id`,`form_name`,`pid`,`type`,`creater_uid` FROM `ht_form` WHERE `pid` = 209  [ RunTime:0.0000s ]
NOTIC: [2] Invalid argument supplied for foreach() D:\wamp64\www\dzxt\s\tp\Application\Power\Controller\IndexController.class.php 第 72 行.
SQL: SELECT `id`,`form_name`,`pid`,`type`,`creater_uid` FROM `ht_form` WHERE `pid` = 210  [ RunTime:0.0000s ]
NOTIC: [2] Invalid argument supplied for foreach() D:\wamp64\www\dzxt\s\tp\Application\Power\Controller\IndexController.class.php 第 72 行.
SQL: SELECT `id`,`form_name`,`pid`,`type`,`creater_uid` FROM `ht_form` WHERE `pid` = 211  [ RunTime:0.0000s ]
SQL: SELECT `id`,`form_name`,`pid`,`type`,`creater_uid` FROM `ht_form` WHERE `pid` = 212  [ RunTime:0.0000s ]
NOTIC: [2] Invalid argument supplied for foreach() D:\wamp64\www\dzxt\s\tp\Application\Power\Controller\IndexController.class.php 第 72 行.
SQL: SELECT `id`,`form_name`,`pid`,`type`,`creater_uid` FROM `ht_form` WHERE `pid` = 213  [ RunTime:0.0000s ]
NOTIC: [2] Invalid argument supplied for foreach() D:\wamp64\www\dzxt\s\tp\Application\Power\Controller\IndexController.class.php 第 72 行.
SQL: SELECT `id`,`form_name`,`pid`,`type`,`creater_uid` FROM `ht_form` WHERE `pid` = 214  [ RunTime:0.0000s ]
NOTIC: [2] Invalid argument supplied for foreach() D:\wamp64\www\dzxt\s\tp\Application\Power\Controller\IndexController.class.php 第 72 行.
SQL: SELECT `id`,`form_name`,`pid`,`type`,`creater_uid` FROM `ht_form` WHERE `pid` = 215  [ RunTime:0.0000s ]
NOTIC: [2] Invalid argument supplied for foreach() D:\wamp64\www\dzxt\s\tp\Application\Power\Controller\IndexController.class.php 第 72 行.
SQL: SELECT `id`,`form_name`,`pid`,`type`,`creater_uid` FROM `ht_form` WHERE `pid` = 216  [ RunTime:0.0000s ]
NOTIC: [2] Invalid argument supplied for foreach() D:\wamp64\www\dzxt\s\tp\Application\Power\Controller\IndexController.class.php 第 72 行.
SQL: SELECT `id`,`form_name`,`pid`,`type`,`creater_uid` FROM `ht_form` WHERE `pid` = 217  [ RunTime:0.0000s ]
NOTIC: [2] Invalid argument supplied for foreach() D:\wamp64\www\dzxt\s\tp\Application\Power\Controller\IndexController.class.php 第 72 行.
SQL: SELECT `id`,`form_name`,`pid`,`type`,`creater_uid` FROM `ht_form` WHERE `pid` = 218  [ RunTime:0.0000s ]
NOTIC: [2] Invalid argument supplied for foreach() D:\wamp64\www\dzxt\s\tp\Application\Power\Controller\IndexController.class.php 第 72 行.
SQL: SELECT `id`,`form_name`,`pid`,`type`,`creater_uid` FROM `ht_form` WHERE `pid` = 219  [ RunTime:0.0000s ]
SQL: SELECT `id`,`form_name`,`pid`,`type`,`creater_uid` FROM `ht_form` WHERE `pid` = 225  [ RunTime:0.0000s ]
NOTIC: [2] Invalid argument supplied for foreach() D:\wamp64\www\dzxt\s\tp\Application\Power\Controller\IndexController.class.php 第 72 行.
SQL: SELECT `id`,`form_name`,`pid`,`type`,`creater_uid` FROM `ht_form` WHERE `pid` = 226  [ RunTime:0.0000s ]
NOTIC: [2] Invalid argument supplied for foreach() D:\wamp64\www\dzxt\s\tp\Application\Power\Controller\IndexController.class.php 第 72 行.
SQL: SELECT `id`,`form_name`,`pid`,`type`,`creater_uid` FROM `ht_form` WHERE `pid` = 227  [ RunTime:0.0000s ]
NOTIC: [2] Invalid argument supplied for foreach() D:\wamp64\www\dzxt\s\tp\Application\Power\Controller\IndexController.class.php 第 72 行.
SQL: SELECT `id`,`form_name`,`pid`,`type`,`creater_uid` FROM `ht_form` WHERE `pid` = 220  [ RunTime:0.0000s ]
NOTIC: [2] Invalid argument supplied for foreach() D:\wamp64\www\dzxt\s\tp\Application\Power\Controller\IndexController.class.php 第 72 行.
SQL: SELECT `id`,`form_name`,`pid`,`type`,`creater_uid` FROM `ht_form` WHERE `pid` = 221  [ RunTime:0.0000s ]
NOTIC: [2] Invalid argument supplied for foreach() D:\wamp64\www\dzxt\s\tp\Application\Power\Controller\IndexController.class.php 第 72 行.
SQL: SELECT `id`,`form_name`,`pid`,`type`,`creater_uid` FROM `ht_form` WHERE `pid` = 222  [ RunTime:0.0000s ]
NOTIC: [2] Invalid argument supplied for foreach() D:\wamp64\www\dzxt\s\tp\Application\Power\Controller\IndexController.class.php 第 72 行.
SQL: SELECT `id`,`form_name`,`pid`,`type`,`creater_uid` FROM `ht_form` WHERE `pid` = 230  [ RunTime:0.0000s ]
SQL: SELECT `id`,`form_name`,`pid`,`type`,`creater_uid` FROM `ht_form` WHERE `pid` = 231  [ RunTime:0.0000s ]
NOTIC: [2] Invalid argument supplied for foreach() D:\wamp64\www\dzxt\s\tp\Application\Power\Controller\IndexController.class.php 第 72 行.
SQL: SELECT `id`,`form_name`,`pid`,`type`,`creater_uid` FROM `ht_form` WHERE `pid` = 232  [ RunTime:0.0000s ]
NOTIC: [2] Invalid argument supplied for foreach() D:\wamp64\www\dzxt\s\tp\Application\Power\Controller\IndexController.class.php 第 72 行.
SQL: SELECT `id`,`form_name`,`pid`,`type`,`creater_uid` FROM `ht_form` WHERE `pid` = 233  [ RunTime:0.0000s ]
SQL: SELECT `id`,`form_name`,`pid`,`type`,`creater_uid` FROM `ht_form` WHERE `pid` = 234  [ RunTime:0.0000s ]
NOTIC: [2] Invalid argument supplied for foreach() D:\wamp64\www\dzxt\s\tp\Application\Power\Controller\IndexController.class.php 第 72 行.
SQL: SELECT `id`,`form_name`,`pid`,`type`,`creater_uid` FROM `ht_form` WHERE `pid` = 235  [ RunTime:0.0000s ]
NOTIC: [2] Invalid argument supplied for foreach() D:\wamp64\www\dzxt\s\tp\Application\Power\Controller\IndexController.class.php 第 72 行.
SQL: SELECT `id`,`form_name`,`pid`,`type`,`creater_uid` FROM `ht_form` WHERE `pid` = 236  [ RunTime:0.0000s ]
NOTIC: [2] Invalid argument supplied for foreach() D:\wamp64\www\dzxt\s\tp\Application\Power\Controller\IndexController.class.php 第 72 行.
SQL: SELECT `id`,`form_name`,`pid`,`type`,`creater_uid` FROM `ht_form` WHERE `pid` = 237  [ RunTime:0.0000s ]
SQL: SELECT `id`,`form_name`,`pid`,`type`,`creater_uid` FROM `ht_form` WHERE `pid` = 238  [ RunTime:0.0000s ]
NOTIC: [2] Invalid argument supplied for foreach() D:\wamp64\www\dzxt\s\tp\Application\Power\Controller\IndexController.class.php 第 72 行.
SQL: SELECT `id`,`form_name`,`pid`,`type`,`creater_uid` FROM `ht_form` WHERE `pid` = 239  [ RunTime:0.0000s ]
NOTIC: [2] Invalid argument supplied for foreach() D:\wamp64\www\dzxt\s\tp\Application\Power\Controller\IndexController.class.php 第 72 行.
SQL: SELECT `id`,`form_name`,`pid`,`type`,`creater_uid` FROM `ht_form` WHERE `pid` = 240  [ RunTime:0.0000s ]
NOTIC: [2] Invalid argument supplied for foreach() D:\wamp64\www\dzxt\s\tp\Application\Power\Controller\IndexController.class.php 第 72 行.
SQL: SELECT `id`,`form_name`,`pid`,`type`,`creater_uid` FROM `ht_form` WHERE `pid` = 241  [ RunTime:0.0000s ]
SQL: SELECT `id`,`form_name`,`pid`,`type`,`creater_uid` FROM `ht_form` WHERE `pid` = 242  [ RunTime:0.0000s ]
NOTIC: [2] Invalid argument supplied for foreach() D:\wamp64\www\dzxt\s\tp\Application\Power\Controller\IndexController.class.php 第 72 行.
SQL: SELECT `id`,`form_name`,`pid`,`type`,`creater_uid` FROM `ht_form` WHERE `pid` = 243  [ RunTime:0.0000s ]
NOTIC: [2] Invalid argument supplied for foreach() D:\wamp64\www\dzxt\s\tp\Application\Power\Controller\IndexController.class.php 第 72 行.
SQL: SELECT `id`,`form_name`,`pid`,`type`,`creater_uid` FROM `ht_form` WHERE `pid` = 276  [ RunTime:0.0000s ]
NOTIC: [2] Invalid argument supplied for foreach() D:\wamp64\www\dzxt\s\tp\Application\Power\Controller\IndexController.class.php 第 72 行.
SQL: SELECT `id`,`form_name`,`pid`,`type`,`creater_uid` FROM `ht_form` WHERE `pid` = 178  [ RunTime:0.0000s ]
NOTIC: [2] Invalid argument supplied for foreach() D:\wamp64\www\dzxt\s\tp\Application\Power\Controller\IndexController.class.php 第 72 行.
SQL: SELECT `id`,`form_name`,`pid`,`type`,`creater_uid` FROM `ht_form` WHERE `pid` = 180  [ RunTime:0.0000s ]
NOTIC: [2] Invalid argument supplied for foreach() D:\wamp64\www\dzxt\s\tp\Application\Power\Controller\IndexController.class.php 第 72 行.
SQL: SELECT `id`,`form_name`,`pid`,`type`,`creater_uid` FROM `ht_form` WHERE `pid` = 181  [ RunTime:0.0000s ]
NOTIC: [2] Invalid argument supplied for foreach() D:\wamp64\www\dzxt\s\tp\Application\Power\Controller\IndexController.class.php 第 72 行.
SQL: SELECT `id`,`form_name`,`pid`,`type`,`creater_uid` FROM `ht_form` WHERE `pid` = 182  [ RunTime:0.0000s ]
NOTIC: [2] Invalid argument supplied for foreach() D:\wamp64\www\dzxt\s\tp\Application\Power\Controller\IndexController.class.php 第 72 行.
SQL: SELECT `id`,`form_name`,`pid`,`type`,`creater_uid` FROM `ht_form` WHERE `pid` = 183  [ RunTime:0.0000s ]
SQL: SELECT `id`,`form_name`,`pid`,`type`,`creater_uid` FROM `ht_form` WHERE `pid` = 223  [ RunTime:0.0000s ]
NOTIC: [2] Invalid argument supplied for foreach() D:\wamp64\www\dzxt\s\tp\Application\Power\Controller\IndexController.class.php 第 72 行.
SQL: SELECT `id`,`form_name`,`pid`,`type`,`creater_uid` FROM `ht_form` WHERE `pid` = 224  [ RunTime:0.0156s ]
NOTIC: [2] Invalid argument supplied for foreach() D:\wamp64\www\dzxt\s\tp\Application\Power\Controller\IndexController.class.php 第 72 行.
SQL: SELECT `id`,`form_name`,`pid`,`type`,`creater_uid` FROM `ht_form` WHERE `pid` = 277  [ RunTime:0.0000s ]
NOTIC: [2] Invalid argument supplied for foreach() D:\wamp64\www\dzxt\s\tp\Application\Power\Controller\IndexController.class.php 第 72 行.
SQL: SELECT `id`,`form_name`,`pid`,`type`,`creater_uid` FROM `ht_form` WHERE `pid` = 184  [ RunTime:0.0000s ]
NOTIC: [2] Invalid argument supplied for foreach() D:\wamp64\www\dzxt\s\tp\Application\Power\Controller\IndexController.class.php 第 72 行.
SQL: SELECT `id`,`form_name`,`pid`,`type`,`creater_uid` FROM `ht_form` WHERE `pid` = 185  [ RunTime:0.0000s ]
NOTIC: [2] Invalid argument supplied for foreach() D:\wamp64\www\dzxt\s\tp\Application\Power\Controller\IndexController.class.php 第 72 行.
SQL: SELECT `id`,`form_name`,`pid`,`type`,`creater_uid` FROM `ht_form` WHERE `pid` = 186  [ RunTime:0.0000s ]
NOTIC: [2] Invalid argument supplied for foreach() D:\wamp64\www\dzxt\s\tp\Application\Power\Controller\IndexController.class.php 第 72 行.
INFO: [ app_end ] --START--
INFO: Run Behavior\ShowPageTraceBehavior [ RunTime:0.000000s ]
INFO: [ app_end ] --END-- [ RunTime:0.000000s ]

[ 2015-11-28T11:37:43+08:00 ] 127.0.0.1 /s/tp/wwwroot/index.php?s=/Power/index/getUserRole/role_id/28.html
INFO: [ app_init ] --START--
INFO: Run Behavior\BuildLiteBehavior [ RunTime:0.000000s ]
INFO: [ app_init ] --END-- [ RunTime:0.000000s ]
INFO: [ app_begin ] --START--
INFO: Run Behavior\ReadHtmlCacheBehavior [ RunTime:0.000000s ]
INFO: [ app_begin ] --END-- [ RunTime:0.000000s ]
SQL: SELECT form_id FROM `ht_power` WHERE function_type=0 and role_id=28 [ RunTime:0.0000s ]
INFO: [ app_end ] --START--
INFO: Run Behavior\ShowPageTraceBehavior [ RunTime:0.000000s ]
INFO: [ app_end ] --END-- [ RunTime:0.000000s ]

[ 2015-11-28T11:37:45+08:00 ] 127.0.0.1 /s/tp/wwwroot/index.php?s=/Power/index/getUserRole/role_id/29.html
INFO: [ app_init ] --START--
INFO: Run Behavior\BuildLiteBehavior [ RunTime:0.000000s ]
INFO: [ app_init ] --END-- [ RunTime:0.000000s ]
INFO: [ app_begin ] --START--
INFO: Run Behavior\ReadHtmlCacheBehavior [ RunTime:0.000000s ]
INFO: [ app_begin ] --END-- [ RunTime:0.000000s ]
SQL: SELECT form_id FROM `ht_power` WHERE function_type=0 and role_id=29 [ RunTime:0.0000s ]
INFO: [ app_end ] --START--
INFO: Run Behavior\ShowPageTraceBehavior [ RunTime:0.000000s ]
INFO: [ app_end ] --END-- [ RunTime:0.000000s ]

[ 2015-11-28T11:37:46+08:00 ] 127.0.0.1 /s/tp/wwwroot/index.php?s=/Power/index/getUserRole/role_id/33.html
INFO: [ app_init ] --START--
INFO: Run Behavior\BuildLiteBehavior [ RunTime:0.000000s ]
INFO: [ app_init ] --END-- [ RunTime:0.000000s ]
INFO: [ app_begin ] --START--
INFO: Run Behavior\ReadHtmlCacheBehavior [ RunTime:0.000000s ]
INFO: [ app_begin ] --END-- [ RunTime:0.000000s ]
SQL: SELECT form_id FROM `ht_power` WHERE function_type=0 and role_id=33 [ RunTime:0.0000s ]
INFO: [ app_end ] --START--
INFO: Run Behavior\ShowPageTraceBehavior [ RunTime:0.000000s ]
INFO: [ app_end ] --END-- [ RunTime:0.000000s ]

[ 2015-11-28T11:37:47+08:00 ] 127.0.0.1 /s/tp/wwwroot/index.php?s=/Power/index/getUserRole/role_id/36.html
INFO: [ app_init ] --START--
INFO: Run Behavior\BuildLiteBehavior [ RunTime:0.000000s ]
INFO: [ app_init ] --END-- [ RunTime:0.000000s ]
INFO: [ app_begin ] --START--
INFO: Run Behavior\ReadHtmlCacheBehavior [ RunTime:0.000000s ]
INFO: [ app_begin ] --END-- [ RunTime:0.000000s ]
SQL: SELECT form_id FROM `ht_power` WHERE function_type=0 and role_id=36 [ RunTime:0.0000s ]
INFO: [ app_end ] --START--
INFO: Run Behavior\ShowPageTraceBehavior [ RunTime:0.016602s ]
INFO: [ app_end ] --END-- [ RunTime:0.016602s ]

[ 2015-11-28T11:37:49+08:00 ] 127.0.0.1 /s/tp/wwwroot/index.php?s=/Power/index/getUserRole/role_id/30.html
INFO: [ app_init ] --START--
INFO: Run Behavior\BuildLiteBehavior [ RunTime:0.000000s ]
INFO: [ app_init ] --END-- [ RunTime:0.000000s ]
INFO: [ app_begin ] --START--
INFO: Run Behavior\ReadHtmlCacheBehavior [ RunTime:0.000000s ]
INFO: [ app_begin ] --END-- [ RunTime:0.000000s ]
SQL: SELECT form_id FROM `ht_power` WHERE function_type=0 and role_id=30 [ RunTime:0.0000s ]
INFO: [ app_end ] --START--
INFO: Run Behavior\ShowPageTraceBehavior [ RunTime:0.000000s ]
INFO: [ app_end ] --END-- [ RunTime:0.000000s ]

[ 2015-11-28T11:37:51+08:00 ] 127.0.0.1 /s/tp/wwwroot/index.php?s=/Power/index/getUserRole/role_id/7.html
INFO: [ app_init ] --START--
INFO: Run Behavior\BuildLiteBehavior [ RunTime:0.000000s ]
INFO: [ app_init ] --END-- [ RunTime:0.000000s ]
INFO: [ app_begin ] --START--
INFO: Run Behavior\ReadHtmlCacheBehavior [ RunTime:0.000000s ]
INFO: [ app_begin ] --END-- [ RunTime:0.000000s ]
SQL: SELECT form_id FROM `ht_power` WHERE function_type=0 and role_id=7 [ RunTime:0.0156s ]
INFO: [ app_end ] --START--
INFO: Run Behavior\ShowPageTraceBehavior [ RunTime:0.000000s ]
INFO: [ app_end ] --END-- [ RunTime:0.000000s ]

[ 2015-11-28T11:37:57+08:00 ] 127.0.0.1 /s/tp/wwwroot/index.php?s=/Power/index/getUserRole/role_id/37.html
INFO: [ app_init ] --START--
INFO: Run Behavior\BuildLiteBehavior [ RunTime:0.000000s ]
INFO: [ app_init ] --END-- [ RunTime:0.000000s ]
INFO: [ app_begin ] --START--
INFO: Run Behavior\ReadHtmlCacheBehavior [ RunTime:0.015625s ]
INFO: [ app_begin ] --END-- [ RunTime:0.015625s ]
SQL: SELECT form_id FROM `ht_power` WHERE function_type=0 and role_id=37 [ RunTime:0.0000s ]
INFO: [ app_end ] --START--
INFO: Run Behavior\ShowPageTraceBehavior [ RunTime:0.000000s ]
INFO: [ app_end ] --END-- [ RunTime:0.000000s ]

[ 2015-11-28T11:38:20+08:00 ] 127.0.0.1 /s/tp/wwwroot/index.php?s=/Power/index/getUserRole/role_id/28.html
INFO: [ app_init ] --START--
INFO: Run Behavior\BuildLiteBehavior [ RunTime:0.000000s ]
INFO: [ app_init ] --END-- [ RunTime:0.000000s ]
INFO: [ app_begin ] --START--
INFO: Run Behavior\ReadHtmlCacheBehavior [ RunTime:0.000000s ]
INFO: [ app_begin ] --END-- [ RunTime:0.000976s ]
SQL: SELECT form_id FROM `ht_power` WHERE function_type=0 and role_id=28 [ RunTime:0.0010s ]
INFO: [ app_end ] --START--
INFO: Run Behavior\ShowPageTraceBehavior [ RunTime:0.000977s ]
INFO: [ app_end ] --END-- [ RunTime:0.000977s ]

