[ 2015-09-22T16:20:47+08:00 ] 127.0.0.1 /s/tp/wwwroot/index.php?s=/Flow/demo/index/getflow/ok.html
INFO: [ app_init ] --START--
INFO: Run Behavior\BuildLiteBehavior [ RunTime:0.000000s ]
INFO: [ app_init ] --END-- [ RunTime:0.081055s ]
INFO: [ app_begin ] --START--
INFO: Run Behavior\ReadHtmlCacheBehavior [ RunTime:0.000977s ]
INFO: [ app_begin ] --END-- [ RunTime:0.000977s ]
SQL: SHOW COLUMNS FROM `ht_flow` [ RunTime:0.0107s ]
SQL: SELECT COUNT(id) AS tp_count FROM `ht_flow` WHERE `is_del` = 0 LIMIT 1   [ RunTime:0.0020s ]
NOTIC: [8] Undefined variable: p D:\project\dzxt\s\tp\Application\Flow\Controller\DemoController.class.php 第 22 行.
NOTIC: [8] Trying to get property of non-object D:\project\dzxt\s\tp\Application\Flow\Controller\DemoController.class.php 第 22 行.
NOTIC: [8] Undefined variable: p D:\project\dzxt\s\tp\Application\Flow\Controller\DemoController.class.php 第 22 行.
NOTIC: [8] Trying to get property of non-object D:\project\dzxt\s\tp\Application\Flow\Controller\DemoController.class.php 第 22 行.
SQL: SELECT `id`,`form_id`,`flow_name`,`flow_desc`,`updatetime`,`dateline` FROM `ht_flow` WHERE `is_del` = 0 ORDER BY id desc  [ RunTime:0.0020s ]
SQL: SHOW COLUMNS FROM `ht_form` [ RunTime:0.0117s ]
SQL: SELECT * FROM `ht_form` WHERE ( 1=1 AND id='191' ) LIMIT 1   [ RunTime:0.0029s ]
SQL: SELECT * FROM `ht_form` WHERE ( 1=1 AND id='58' ) LIMIT 1   [ RunTime:0.0020s ]
SQL: SELECT * FROM `ht_form` WHERE ( 1=1 AND id='142' ) LIMIT 1   [ RunTime:0.0029s ]
SQL: SELECT * FROM `ht_form` WHERE ( 1=1 AND id='135' ) LIMIT 1   [ RunTime:0.0078s ]
SQL: SELECT * FROM `ht_form` WHERE ( 1=1 AND id='136' ) LIMIT 1   [ RunTime:0.0020s ]
SQL: SELECT * FROM `ht_form` WHERE ( 1=1 AND id='135' ) LIMIT 1   [ RunTime:0.0020s ]
SQL: SELECT * FROM `ht_form` WHERE ( 1=1 AND id='58' ) LIMIT 1   [ RunTime:0.0020s ]
INFO: [ app_end ] --START--
INFO: Run Behavior\ShowPageTraceBehavior [ RunTime:0.000976s ]
INFO: [ app_end ] --END-- [ RunTime:0.000976s ]

[ 2015-09-22T16:20:55+08:00 ] 127.0.0.1 /s/tp/wwwroot/index.php?s=/Flow/run/add/flow_id/3.html
INFO: [ app_init ] --START--
INFO: Run Behavior\BuildLiteBehavior [ RunTime:0.000000s ]
INFO: [ app_init ] --END-- [ RunTime:0.001954s ]
INFO: [ app_begin ] --START--
INFO: Run Behavior\ReadHtmlCacheBehavior [ RunTime:0.000000s ]
INFO: [ app_begin ] --END-- [ RunTime:0.000977s ]
SQL: SHOW COLUMNS FROM `ht_flow` [ RunTime:0.0068s ]
SQL: SELECT * FROM `ht_flow` WHERE `id` = 3 AND `is_del` = 0 LIMIT 1   [ RunTime:0.0254s ]
SQL: SHOW COLUMNS FROM `ht_flow_process` [ RunTime:0.0088s ]
SQL: SELECT `id`,`flow_id`,`process_name`,`process_type`,`process_to`,`child_id`,`child_relation`,`child_after`,`child_back_process`,`return_sponsor_ids`,`return_respon_ids`,`write_fields`,`secret_fields`,`lock_fields`,`check_fields`,`auto_person`,`auto_unlock`,`auto_sponsor_ids`,`auto_sponsor_text`,`auto_respon_ids`,`auto_respon_text`,`auto_role_ids`,`auto_role_text`,`auto_process_sponsor`,`range_user_ids`,`range_user_text`,`range_dept_ids`,`range_dept_text`,`range_role_ids`,`range_role_text`,`receive_type`,`is_user_end`,`is_userop_pass`,`is_sing`,`sign_look`,`is_back`,`out_condition`,`setleft`,`settop`,`style` FROM `ht_flow_process` WHERE `flow_id` = 3 AND `is_del` = 0 ORDER BY id asc  [ RunTime:0.0039s ]
SQL: SHOW COLUMNS FROM `ht_form` [ RunTime:0.0049s ]
SQL: SELECT * FROM `ht_form` WHERE `id` = 58 AND `is_del` = 0 LIMIT 1   [ RunTime:0.0010s ]
SQL: SHOW COLUMNS FROM `ht_run` [ RunTime:0.0078s ]
SQL: INSERT INTO `ht_run` (`pid`,`uid`,`flow_id`,`run_name`,`run_flow_id`,`run_flow_process`,`dateline`) VALUES ('0','18','3','测试流程(2015-09-22 16:20:55)','3','110','1442910055') [ RunTime:0.0010s ]
SQL: SHOW COLUMNS FROM `ht_run_process` [ RunTime:0.0068s ]
SQL: INSERT INTO `ht_run_process` (`uid`,`run_id`,`run_flow`,`run_flow_process`,`parent_flow`,`parent_flow_process`,`run_child`,`remark`,`is_sponsor`,`status`,`js_time`,`bl_time`,`dateline`) VALUES ('18','1255','3','110','0','0','0','','1','1','1442910055','1442910055','1442910055') [ RunTime:0.0010s ]
SQL: SHOW COLUMNS FROM `ht_run_cache` [ RunTime:0.0059s ]
SQL: INSERT INTO `ht_run_cache` (`run_id`,`form_id`,`flow_id`,`run_form`,`run_flow`,`run_flow_process`,`dateline`) VALUES ('1255','58','3','{\"id\":\"58\",\"form_name\":\"\\u8001\\u6731\\u6d4b\\u8bd5\",\"form_desc\":\"\\u7b80\\u5355\\u5199\\u4e0b\\u63cf\\u8ff0\",\"content\":\"<p>\\u8001\\u6731\\u6d4b\\u8bd5<\\/p><p>\\u6807\\u9898\\uff1a<input name=\\\"data_15\\\" type=\\\"text\\\" title=\\\"title\\\" value=\\\"\\\" leipiplugins=\\\"text\\\" orghide=\\\"0\\\" orgalign=\\\"left\\\" orgwidth=\\\"150\\\" orgtype=\\\"text\\\" style=\\\"text-align: left; width: 150px;\\\"\\/><\\/p><p>\\u5185\\u5bb9\\uff1a<input name=\\\"data_16\\\" type=\\\"text\\\" title=\\\"conent\\\" value=\\\"\\\" leipiplugins=\\\"text\\\" orghide=\\\"0\\\" orgalign=\\\"left\\\" orgwidth=\\\"150\\\" orgtype=\\\"text\\\" style=\\\"text-align: left; width: 150px;\\\"\\/><\\/p>\",\"content_parse\":\"<p>\\u8001\\u6731\\u6d4b\\u8bd5<\\/p><p>\\u6807\\u9898\\uff1a{data_15}<\\/p><p>\\u5185\\u5bb9\\uff1a{data_16}<\\/p>\",\"content_data\":\"a:2:{i:0;a:11:{s:4:\\\"name\\\";s:7:\\\"data_15\\\";s:4:\\\"type\\\";s:4:\\\"text\\\";s:5:\\\"title\\\";s:5:\\\"title\\\";s:5:\\\"value\\\";s:0:\\\"\\\";s:12:\\\"leipiplugins\\\";s:4:\\\"text\\\";s:7:\\\"orghide\\\";s:1:\\\"0\\\";s:8:\\\"orgalign\\\";s:4:\\\"left\\\";s:8:\\\"orgwidth\\\";s:3:\\\"150\\\";s:7:\\\"orgtype\\\";s:4:\\\"text\\\";s:5:\\\"style\\\";s:31:\\\"text-align: left; width: 150px;\\\";s:7:\\\"content\\\";s:176:\\\"<input name=\\\"data_15\\\" type=\\\"text\\\" title=\\\"title\\\" value=\\\"\\\" leipiplugins=\\\"text\\\" orghide=\\\"0\\\" orgalign=\\\"left\\\" orgwidth=\\\"150\\\" orgtype=\\\"text\\\" style=\\\"text-align: left; width: 150px;\\\"\\/>\\\";}i:1;a:11:{s:4:\\\"name\\\";s:7:\\\"data_16\\\";s:4:\\\"type\\\";s:4:\\\"text\\\";s:5:\\\"title\\\";s:6:\\\"conent\\\";s:5:\\\"value\\\";s:0:\\\"\\\";s:12:\\\"leipiplugins\\\";s:4:\\\"text\\\";s:7:\\\"orghide\\\";s:1:\\\"0\\\";s:8:\\\"orgalign\\\";s:4:\\\"left\\\";s:8:\\\"orgwidth\\\";s:3:\\\"150\\\";s:7:\\\"orgtype\\\";s:4:\\\"text\\\";s:5:\\\"style\\\";s:31:\\\"text-align: left; width: 150px;\\\";s:7:\\\"content\\\";s:177:\\\"<input name=\\\"data_16\\\" type=\\\"text\\\" title=\\\"conent\\\" value=\\\"\\\" leipiplugins=\\\"text\\\" orghide=\\\"0\\\" orgalign=\\\"left\\\" orgwidth=\\\"150\\\" orgtype=\\\"text\\\" style=\\\"text-align: left; width: 150px;\\\"\\/>\\\";}}\",\"fields\":\"16\",\"is_del\":\"0\",\"updatetime\":\"1439802023\",\"dateline\":\"1437967930\",\"pid\":\"56\",\"type\":\"0\",\"is_data_form\":null,\"creater_uid\":\"0\",\"sort\":\"0\"}','{\"id\":\"3\",\"cat_id\":\"0\",\"form_id\":\"58\",\"flow_type\":\"0\",\"flow_name\":\"\\u6d4b\\u8bd5\\u6d41\\u7a0b\",\"flow_desc\":\"\\u6d4b\\u8bd5\\u6d41\\u7a0b\\u6d4b\\u8bd5\\u6d41\\u7a0b\",\"sort_order\":\"0\",\"status\":\"0\",\"is_del\":\"0\",\"updatetime\":\"1439802049\",\"dateline\":\"1416927611\"}','[{\"id\":\"110\",\"flow_id\":\"3\",\"process_name\":\"\\u5feb\\u6377\\u8bf7\\u5047\",\"process_type\":\"is_one\",\"process_to\":\"111,113\",\"child_id\":\"0\",\"child_relation\":\"\",\"child_after\":\"1\",\"child_back_process\":\"0\",\"return_sponsor_ids\":\"\",\"return_respon_ids\":\"\",\"write_fields\":\"\",\"secret_fields\":\"\",\"lock_fields\":\"\",\"check_fields\":\"\",\"auto_person\":\"0\",\"auto_unlock\":\"1\",\"auto_sponsor_ids\":\"\",\"auto_sponsor_text\":\"\",\"auto_respon_ids\":\"\",\"auto_respon_text\":\"\",\"auto_role_ids\":\"\",\"auto_role_text\":\"\",\"auto_process_sponsor\":\"0\",\"range_user_ids\":\"\",\"range_user_text\":\"\",\"range_dept_ids\":\"\",\"range_dept_text\":\"\",\"range_role_ids\":\"\",\"range_role_text\":\"\",\"receive_type\":\"0\",\"is_user_end\":\"0\",\"is_userop_pass\":\"0\",\"is_sing\":\"1\",\"sign_look\":\"1\",\"is_back\":\"1\",\"out_condition\":\"{\\\"111\\\":{\\\"condition\\\":[\\\"\'data_15\' = \'kenzo\'\\\"],\\\"condition_desc\\\":\\\"\\\"},\\\"113\\\":{\\\"condition\\\":[\\\"\'data_15\' = \'laozhu\'\\\"],\\\"condition_desc\\\":\\\"\\\"}}\",\"setleft\":\"423\",\"settop\":\"186\",\"style\":\"{\\\"width\\\":120,\\\"height\\\":30,\\\"color\\\":\\\"#0e76a8\\\",\\\"icon\\\":\\\"icon-star\\\"}\"},{\"id\":\"111\",\"flow_id\":\"3\",\"process_name\":\"\\u6279\\u51c6\",\"process_type\":\"is_step\",\"process_to\":\"112\",\"child_id\":\"0\",\"child_relation\":\"\",\"child_after\":\"1\",\"child_back_process\":\"0\",\"return_sponsor_ids\":\"\",\"return_respon_ids\":\"\",\"write_fields\":\"\",\"secret_fields\":\"\",\"lock_fields\":\"\",\"check_fields\":\"\",\"auto_person\":\"4\",\"auto_unlock\":\"1\",\"auto_sponsor_ids\":\"18\",\"auto_sponsor_text\":\"admin\",\"auto_respon_ids\":\"\",\"auto_respon_text\":\"\",\"auto_role_ids\":\"\",\"auto_role_text\":\"\",\"auto_process_sponsor\":\"0\",\"range_user_ids\":\"\",\"range_user_text\":\"\",\"range_dept_ids\":\"\",\"range_dept_text\":\"\",\"range_role_ids\":\"\",\"range_role_text\":\"\",\"receive_type\":\"0\",\"is_user_end\":\"0\",\"is_userop_pass\":\"0\",\"is_sing\":\"1\",\"sign_look\":\"1\",\"is_back\":\"1\",\"out_condition\":\"{\\\"112\\\":{\\\"condition\\\":[],\\\"condition_desc\\\":\\\"\\\"}}\",\"setleft\":\"728\",\"settop\":\"54\",\"style\":\"{\\\"width\\\":120,\\\"height\\\":30,\\\"color\\\":\\\"#0e76a8\\\",\\\"icon\\\":\\\"icon-star\\\"}\"},{\"id\":\"112\",\"flow_id\":\"3\",\"process_name\":\"end\",\"process_type\":\"is_step\",\"process_to\":\"\",\"child_id\":\"0\",\"child_relation\":\"\",\"child_after\":\"1\",\"child_back_process\":\"0\",\"return_sponsor_ids\":\"\",\"return_respon_ids\":\"\",\"write_fields\":\"\",\"secret_fields\":\"\",\"lock_fields\":\"\",\"check_fields\":\"\",\"auto_person\":\"4\",\"auto_unlock\":\"1\",\"auto_sponsor_ids\":\"18\",\"auto_sponsor_text\":\"admin\",\"auto_respon_ids\":\"\",\"auto_respon_text\":\"\",\"auto_role_ids\":\"\",\"auto_role_text\":\"\",\"auto_process_sponsor\":\"0\",\"range_user_ids\":\"\",\"range_user_text\":\"\",\"range_dept_ids\":\"\",\"range_dept_text\":\"\",\"range_role_ids\":\"\",\"range_role_text\":\"\",\"receive_type\":\"0\",\"is_user_end\":\"0\",\"is_userop_pass\":\"0\",\"is_sing\":\"1\",\"sign_look\":\"1\",\"is_back\":\"1\",\"out_condition\":\"[]\",\"setleft\":\"1066\",\"settop\":\"334\",\"style\":\"{\\\"width\\\":120,\\\"height\\\":30,\\\"color\\\":\\\"#0e76a8\\\",\\\"icon\\\":\\\"icon-star\\\"}\"},{\"id\":\"113\",\"flow_id\":\"3\",\"process_name\":\"abc\",\"process_type\":\"is_step\",\"process_to\":\"112\",\"child_id\":\"0\",\"child_relation\":\"\",\"child_after\":\"1\",\"child_back_process\":\"0\",\"return_sponsor_ids\":\"\",\"return_respon_ids\":\"\",\"write_fields\":\"\",\"secret_fields\":\"\",\"lock_fields\":\"\",\"check_fields\":\"\",\"auto_person\":\"4\",\"auto_unlock\":\"1\",\"auto_sponsor_ids\":\"38\",\"auto_sponsor_text\":\"abc123\",\"auto_respon_ids\":\"\",\"auto_respon_text\":\"\",\"auto_role_ids\":\"\",\"auto_role_text\":\"\",\"auto_process_sponsor\":\"0\",\"range_user_ids\":\"\",\"range_user_text\":\"\",\"range_dept_ids\":\"\",\"range_dept_text\":\"\",\"range_role_ids\":\"\",\"range_role_text\":\"\",\"receive_type\":\"0\",\"is_user_end\":\"0\",\"is_userop_pass\":\"0\",\"is_sing\":\"1\",\"sign_look\":\"1\",\"is_back\":\"1\",\"out_condition\":\"{\\\"112\\\":{\\\"condition\\\":[],\\\"condition_desc\\\":\\\"\\\"}}\",\"setleft\":\"589\",\"settop\":\"334\",\"style\":\"{\\\"width\\\":120,\\\"height\\\":30,\\\"color\\\":\\\"#0e76a8\\\",\\\"icon\\\":\\\"icon-star\\\"}\"}]','1442910055') [ RunTime:0.0049s ]

[ 2015-09-22T16:20:56+08:00 ] 127.0.0.1 /s/tp/wwwroot/index.php?s=/Flow/run/edit/process_id/2116.html
INFO: [ app_init ] --START--
INFO: Run Behavior\BuildLiteBehavior [ RunTime:0.000000s ]
INFO: [ app_init ] --END-- [ RunTime:0.000976s ]
INFO: [ app_begin ] --START--
INFO: Run Behavior\ReadHtmlCacheBehavior [ RunTime:0.000977s ]
INFO: [ app_begin ] --END-- [ RunTime:0.000977s ]
SQL: SHOW COLUMNS FROM `ht_run_process` [ RunTime:0.0088s ]
SQL: SELECT `id`,`uid`,`run_id`,`run_flow`,`run_flow_process`,`parent_flow`,`parent_flow_process`,`run_child`,`remark`,`is_receive_type`,`is_sponsor`,`is_singpost`,`is_back`,`status`,`js_time`,`bl_time`,`jj_time` FROM `ht_run_process` WHERE `id` = 2116 AND `is_del` = 0 LIMIT 1   [ RunTime:0.0020s ]
SQL: SHOW COLUMNS FROM `ht_run` [ RunTime:0.0098s ]
SQL: SELECT * FROM `ht_run` WHERE `id` = 1255 LIMIT 1   [ RunTime:0.0010s ]
SQL: SHOW COLUMNS FROM `ht_run_cache` [ RunTime:0.0049s ]
SQL: SELECT * FROM `ht_run_cache` WHERE `run_id` = 1255 LIMIT 1   [ RunTime:0.0020s ]
NOTIC: [8] Undefined variable: form_data D:\project\dzxt\s\tp\Application\Flow\Controller\RunController.class.php 第 221 行.
INFO: [ view_parse ] --START--
INFO: [ template_filter ] --START--
INFO: Run Behavior\ContentReplaceBehavior [ RunTime:0.000000s ]
INFO: [ template_filter ] --END-- [ RunTime:0.000977s ]
INFO: Run Behavior\ParseTemplateBehavior [ RunTime:0.126953s ]
INFO: [ view_parse ] --END-- [ RunTime:0.127930s ]
INFO: [ view_filter ] --START--
INFO: Run Behavior\WriteHtmlCacheBehavior [ RunTime:0.000976s ]
INFO: [ view_filter ] --END-- [ RunTime:0.001953s ]
INFO: [ app_end ] --START--
INFO: Run Behavior\ShowPageTraceBehavior [ RunTime:0.000977s ]
INFO: [ app_end ] --END-- [ RunTime:0.000977s ]

[ 2015-09-22T16:21:05+08:00 ] 127.0.0.1 /s/tp/wwwroot/index.php?s=/Flow/run/add/flow_id/undefined.html
INFO: [ app_init ] --START--
INFO: Run Behavior\BuildLiteBehavior [ RunTime:0.000000s ]
INFO: [ app_init ] --END-- [ RunTime:0.001953s ]
INFO: [ app_begin ] --START--
INFO: Run Behavior\ReadHtmlCacheBehavior [ RunTime:0.004883s ]
INFO: [ app_begin ] --END-- [ RunTime:0.004883s ]
SQL: SHOW COLUMNS FROM `ht_flow` [ RunTime:0.0107s ]
SQL: SELECT * FROM `ht_flow` WHERE `id` = 0 AND `is_del` = 0 LIMIT 1   [ RunTime:0.0020s ]

[ 2015-09-22T16:21:13+08:00 ] 127.0.0.1 /s/tp/wwwroot/index.php?s=/Flow/run/add/flow_id/undefined.html
INFO: [ app_init ] --START--
INFO: Run Behavior\BuildLiteBehavior [ RunTime:0.000000s ]
INFO: [ app_init ] --END-- [ RunTime:0.000976s ]
INFO: [ app_begin ] --START--
INFO: Run Behavior\ReadHtmlCacheBehavior [ RunTime:0.000976s ]
INFO: [ app_begin ] --END-- [ RunTime:0.000976s ]
SQL: SHOW COLUMNS FROM `ht_flow` [ RunTime:0.0068s ]
SQL: SELECT * FROM `ht_flow` WHERE `id` = 0 AND `is_del` = 0 LIMIT 1   [ RunTime:0.0020s ]

[ 2015-09-22T16:23:32+08:00 ] 127.0.0.1 /s/tp/wwwroot/index.php?s=/Flow/run/add/flow_id/undefined.html
INFO: [ app_init ] --START--
INFO: Run Behavior\BuildLiteBehavior [ RunTime:0.000000s ]
INFO: [ app_init ] --END-- [ RunTime:0.000977s ]
INFO: [ app_begin ] --START--
INFO: Run Behavior\ReadHtmlCacheBehavior [ RunTime:0.000000s ]
INFO: [ app_begin ] --END-- [ RunTime:0.000000s ]
SQL: SHOW COLUMNS FROM `ht_flow` [ RunTime:0.0049s ]
SQL: SELECT * FROM `ht_flow` WHERE `id` = 0 AND `is_del` = 0 LIMIT 1   [ RunTime:0.0010s ]

[ 2015-09-22T16:23:56+08:00 ] 127.0.0.1 /s/tp/wwwroot/index.php?s=/Flow/run/add/flow_id/3.html
INFO: [ app_init ] --START--
INFO: Run Behavior\BuildLiteBehavior [ RunTime:0.000000s ]
INFO: [ app_init ] --END-- [ RunTime:0.000977s ]
INFO: [ app_begin ] --START--
INFO: Run Behavior\ReadHtmlCacheBehavior [ RunTime:0.000976s ]
INFO: [ app_begin ] --END-- [ RunTime:0.000976s ]
SQL: SHOW COLUMNS FROM `ht_flow` [ RunTime:0.0107s ]
SQL: SELECT * FROM `ht_flow` WHERE `id` = 3 AND `is_del` = 0 LIMIT 1   [ RunTime:0.0029s ]
SQL: SHOW COLUMNS FROM `ht_flow_process` [ RunTime:0.0225s ]
SQL: SELECT `id`,`flow_id`,`process_name`,`process_type`,`process_to`,`child_id`,`child_relation`,`child_after`,`child_back_process`,`return_sponsor_ids`,`return_respon_ids`,`write_fields`,`secret_fields`,`lock_fields`,`check_fields`,`auto_person`,`auto_unlock`,`auto_sponsor_ids`,`auto_sponsor_text`,`auto_respon_ids`,`auto_respon_text`,`auto_role_ids`,`auto_role_text`,`auto_process_sponsor`,`range_user_ids`,`range_user_text`,`range_dept_ids`,`range_dept_text`,`range_role_ids`,`range_role_text`,`receive_type`,`is_user_end`,`is_userop_pass`,`is_sing`,`sign_look`,`is_back`,`out_condition`,`setleft`,`settop`,`style` FROM `ht_flow_process` WHERE `flow_id` = 3 AND `is_del` = 0 ORDER BY id asc  [ RunTime:0.0049s ]
SQL: SHOW COLUMNS FROM `ht_form` [ RunTime:0.0107s ]
SQL: SELECT * FROM `ht_form` WHERE `id` = 58 AND `is_del` = 0 LIMIT 1   [ RunTime:0.0020s ]
SQL: SHOW COLUMNS FROM `ht_run` [ RunTime:0.0098s ]
SQL: INSERT INTO `ht_run` (`pid`,`uid`,`flow_id`,`run_name`,`run_flow_id`,`run_flow_process`,`dateline`) VALUES ('0','18','3','测试流程(2015-09-22 16:23:56)','3','110','1442910236') [ RunTime:0.0029s ]
SQL: SHOW COLUMNS FROM `ht_run_process` [ RunTime:0.0098s ]
SQL: INSERT INTO `ht_run_process` (`uid`,`run_id`,`run_flow`,`run_flow_process`,`parent_flow`,`parent_flow_process`,`run_child`,`remark`,`is_sponsor`,`status`,`js_time`,`bl_time`,`dateline`) VALUES ('18','1256','3','110','0','0','0','','1','1','1442910236','1442910236','1442910236') [ RunTime:0.0020s ]
SQL: SHOW COLUMNS FROM `ht_run_cache` [ RunTime:0.0078s ]
SQL: INSERT INTO `ht_run_cache` (`run_id`,`form_id`,`flow_id`,`run_form`,`run_flow`,`run_flow_process`,`dateline`) VALUES ('1256','58','3','{\"id\":\"58\",\"form_name\":\"\\u8001\\u6731\\u6d4b\\u8bd5\",\"form_desc\":\"\\u7b80\\u5355\\u5199\\u4e0b\\u63cf\\u8ff0\",\"content\":\"<p>\\u8001\\u6731\\u6d4b\\u8bd5<\\/p><p>\\u6807\\u9898\\uff1a<input name=\\\"data_15\\\" type=\\\"text\\\" title=\\\"title\\\" value=\\\"\\\" leipiplugins=\\\"text\\\" orghide=\\\"0\\\" orgalign=\\\"left\\\" orgwidth=\\\"150\\\" orgtype=\\\"text\\\" style=\\\"text-align: left; width: 150px;\\\"\\/><\\/p><p>\\u5185\\u5bb9\\uff1a<input name=\\\"data_16\\\" type=\\\"text\\\" title=\\\"conent\\\" value=\\\"\\\" leipiplugins=\\\"text\\\" orghide=\\\"0\\\" orgalign=\\\"left\\\" orgwidth=\\\"150\\\" orgtype=\\\"text\\\" style=\\\"text-align: left; width: 150px;\\\"\\/><\\/p>\",\"content_parse\":\"<p>\\u8001\\u6731\\u6d4b\\u8bd5<\\/p><p>\\u6807\\u9898\\uff1a{data_15}<\\/p><p>\\u5185\\u5bb9\\uff1a{data_16}<\\/p>\",\"content_data\":\"a:2:{i:0;a:11:{s:4:\\\"name\\\";s:7:\\\"data_15\\\";s:4:\\\"type\\\";s:4:\\\"text\\\";s:5:\\\"title\\\";s:5:\\\"title\\\";s:5:\\\"value\\\";s:0:\\\"\\\";s:12:\\\"leipiplugins\\\";s:4:\\\"text\\\";s:7:\\\"orghide\\\";s:1:\\\"0\\\";s:8:\\\"orgalign\\\";s:4:\\\"left\\\";s:8:\\\"orgwidth\\\";s:3:\\\"150\\\";s:7:\\\"orgtype\\\";s:4:\\\"text\\\";s:5:\\\"style\\\";s:31:\\\"text-align: left; width: 150px;\\\";s:7:\\\"content\\\";s:176:\\\"<input name=\\\"data_15\\\" type=\\\"text\\\" title=\\\"title\\\" value=\\\"\\\" leipiplugins=\\\"text\\\" orghide=\\\"0\\\" orgalign=\\\"left\\\" orgwidth=\\\"150\\\" orgtype=\\\"text\\\" style=\\\"text-align: left; width: 150px;\\\"\\/>\\\";}i:1;a:11:{s:4:\\\"name\\\";s:7:\\\"data_16\\\";s:4:\\\"type\\\";s:4:\\\"text\\\";s:5:\\\"title\\\";s:6:\\\"conent\\\";s:5:\\\"value\\\";s:0:\\\"\\\";s:12:\\\"leipiplugins\\\";s:4:\\\"text\\\";s:7:\\\"orghide\\\";s:1:\\\"0\\\";s:8:\\\"orgalign\\\";s:4:\\\"left\\\";s:8:\\\"orgwidth\\\";s:3:\\\"150\\\";s:7:\\\"orgtype\\\";s:4:\\\"text\\\";s:5:\\\"style\\\";s:31:\\\"text-align: left; width: 150px;\\\";s:7:\\\"content\\\";s:177:\\\"<input name=\\\"data_16\\\" type=\\\"text\\\" title=\\\"conent\\\" value=\\\"\\\" leipiplugins=\\\"text\\\" orghide=\\\"0\\\" orgalign=\\\"left\\\" orgwidth=\\\"150\\\" orgtype=\\\"text\\\" style=\\\"text-align: left; width: 150px;\\\"\\/>\\\";}}\",\"fields\":\"16\",\"is_del\":\"0\",\"updatetime\":\"1439802023\",\"dateline\":\"1437967930\",\"pid\":\"56\",\"type\":\"0\",\"is_data_form\":null,\"creater_uid\":\"0\",\"sort\":\"0\"}','{\"id\":\"3\",\"cat_id\":\"0\",\"form_id\":\"58\",\"flow_type\":\"0\",\"flow_name\":\"\\u6d4b\\u8bd5\\u6d41\\u7a0b\",\"flow_desc\":\"\\u6d4b\\u8bd5\\u6d41\\u7a0b\\u6d4b\\u8bd5\\u6d41\\u7a0b\",\"sort_order\":\"0\",\"status\":\"0\",\"is_del\":\"0\",\"updatetime\":\"1439802049\",\"dateline\":\"1416927611\"}','[{\"id\":\"110\",\"flow_id\":\"3\",\"process_name\":\"\\u5feb\\u6377\\u8bf7\\u5047\",\"process_type\":\"is_one\",\"process_to\":\"111,113\",\"child_id\":\"0\",\"child_relation\":\"\",\"child_after\":\"1\",\"child_back_process\":\"0\",\"return_sponsor_ids\":\"\",\"return_respon_ids\":\"\",\"write_fields\":\"\",\"secret_fields\":\"\",\"lock_fields\":\"\",\"check_fields\":\"\",\"auto_person\":\"0\",\"auto_unlock\":\"1\",\"auto_sponsor_ids\":\"\",\"auto_sponsor_text\":\"\",\"auto_respon_ids\":\"\",\"auto_respon_text\":\"\",\"auto_role_ids\":\"\",\"auto_role_text\":\"\",\"auto_process_sponsor\":\"0\",\"range_user_ids\":\"\",\"range_user_text\":\"\",\"range_dept_ids\":\"\",\"range_dept_text\":\"\",\"range_role_ids\":\"\",\"range_role_text\":\"\",\"receive_type\":\"0\",\"is_user_end\":\"0\",\"is_userop_pass\":\"0\",\"is_sing\":\"1\",\"sign_look\":\"1\",\"is_back\":\"1\",\"out_condition\":\"{\\\"111\\\":{\\\"condition\\\":[\\\"\'data_15\' = \'kenzo\'\\\"],\\\"condition_desc\\\":\\\"\\\"},\\\"113\\\":{\\\"condition\\\":[\\\"\'data_15\' = \'laozhu\'\\\"],\\\"condition_desc\\\":\\\"\\\"}}\",\"setleft\":\"423\",\"settop\":\"186\",\"style\":\"{\\\"width\\\":120,\\\"height\\\":30,\\\"color\\\":\\\"#0e76a8\\\",\\\"icon\\\":\\\"icon-star\\\"}\"},{\"id\":\"111\",\"flow_id\":\"3\",\"process_name\":\"\\u6279\\u51c6\",\"process_type\":\"is_step\",\"process_to\":\"112\",\"child_id\":\"0\",\"child_relation\":\"\",\"child_after\":\"1\",\"child_back_process\":\"0\",\"return_sponsor_ids\":\"\",\"return_respon_ids\":\"\",\"write_fields\":\"\",\"secret_fields\":\"\",\"lock_fields\":\"\",\"check_fields\":\"\",\"auto_person\":\"4\",\"auto_unlock\":\"1\",\"auto_sponsor_ids\":\"18\",\"auto_sponsor_text\":\"admin\",\"auto_respon_ids\":\"\",\"auto_respon_text\":\"\",\"auto_role_ids\":\"\",\"auto_role_text\":\"\",\"auto_process_sponsor\":\"0\",\"range_user_ids\":\"\",\"range_user_text\":\"\",\"range_dept_ids\":\"\",\"range_dept_text\":\"\",\"range_role_ids\":\"\",\"range_role_text\":\"\",\"receive_type\":\"0\",\"is_user_end\":\"0\",\"is_userop_pass\":\"0\",\"is_sing\":\"1\",\"sign_look\":\"1\",\"is_back\":\"1\",\"out_condition\":\"{\\\"112\\\":{\\\"condition\\\":[],\\\"condition_desc\\\":\\\"\\\"}}\",\"setleft\":\"728\",\"settop\":\"54\",\"style\":\"{\\\"width\\\":120,\\\"height\\\":30,\\\"color\\\":\\\"#0e76a8\\\",\\\"icon\\\":\\\"icon-star\\\"}\"},{\"id\":\"112\",\"flow_id\":\"3\",\"process_name\":\"end\",\"process_type\":\"is_step\",\"process_to\":\"\",\"child_id\":\"0\",\"child_relation\":\"\",\"child_after\":\"1\",\"child_back_process\":\"0\",\"return_sponsor_ids\":\"\",\"return_respon_ids\":\"\",\"write_fields\":\"\",\"secret_fields\":\"\",\"lock_fields\":\"\",\"check_fields\":\"\",\"auto_person\":\"4\",\"auto_unlock\":\"1\",\"auto_sponsor_ids\":\"18\",\"auto_sponsor_text\":\"admin\",\"auto_respon_ids\":\"\",\"auto_respon_text\":\"\",\"auto_role_ids\":\"\",\"auto_role_text\":\"\",\"auto_process_sponsor\":\"0\",\"range_user_ids\":\"\",\"range_user_text\":\"\",\"range_dept_ids\":\"\",\"range_dept_text\":\"\",\"range_role_ids\":\"\",\"range_role_text\":\"\",\"receive_type\":\"0\",\"is_user_end\":\"0\",\"is_userop_pass\":\"0\",\"is_sing\":\"1\",\"sign_look\":\"1\",\"is_back\":\"1\",\"out_condition\":\"[]\",\"setleft\":\"1066\",\"settop\":\"334\",\"style\":\"{\\\"width\\\":120,\\\"height\\\":30,\\\"color\\\":\\\"#0e76a8\\\",\\\"icon\\\":\\\"icon-star\\\"}\"},{\"id\":\"113\",\"flow_id\":\"3\",\"process_name\":\"abc\",\"process_type\":\"is_step\",\"process_to\":\"112\",\"child_id\":\"0\",\"child_relation\":\"\",\"child_after\":\"1\",\"child_back_process\":\"0\",\"return_sponsor_ids\":\"\",\"return_respon_ids\":\"\",\"write_fields\":\"\",\"secret_fields\":\"\",\"lock_fields\":\"\",\"check_fields\":\"\",\"auto_person\":\"4\",\"auto_unlock\":\"1\",\"auto_sponsor_ids\":\"38\",\"auto_sponsor_text\":\"abc123\",\"auto_respon_ids\":\"\",\"auto_respon_text\":\"\",\"auto_role_ids\":\"\",\"auto_role_text\":\"\",\"auto_process_sponsor\":\"0\",\"range_user_ids\":\"\",\"range_user_text\":\"\",\"range_dept_ids\":\"\",\"range_dept_text\":\"\",\"range_role_ids\":\"\",\"range_role_text\":\"\",\"receive_type\":\"0\",\"is_user_end\":\"0\",\"is_userop_pass\":\"0\",\"is_sing\":\"1\",\"sign_look\":\"1\",\"is_back\":\"1\",\"out_condition\":\"{\\\"112\\\":{\\\"condition\\\":[],\\\"condition_desc\\\":\\\"\\\"}}\",\"setleft\":\"589\",\"settop\":\"334\",\"style\":\"{\\\"width\\\":120,\\\"height\\\":30,\\\"color\\\":\\\"#0e76a8\\\",\\\"icon\\\":\\\"icon-star\\\"}\"}]','1442910236') [ RunTime:0.0039s ]

[ 2015-09-22T16:23:56+08:00 ] 127.0.0.1 /s/tp/wwwroot/index.php?s=/Flow/run/edit/process_id/2117.html
INFO: [ app_init ] --START--
INFO: Run Behavior\BuildLiteBehavior [ RunTime:0.000000s ]
INFO: [ app_init ] --END-- [ RunTime:0.000977s ]
INFO: [ app_begin ] --START--
INFO: Run Behavior\ReadHtmlCacheBehavior [ RunTime:0.000977s ]
INFO: [ app_begin ] --END-- [ RunTime:0.000977s ]
SQL: SHOW COLUMNS FROM `ht_run_process` [ RunTime:0.0107s ]
SQL: SELECT `id`,`uid`,`run_id`,`run_flow`,`run_flow_process`,`parent_flow`,`parent_flow_process`,`run_child`,`remark`,`is_receive_type`,`is_sponsor`,`is_singpost`,`is_back`,`status`,`js_time`,`bl_time`,`jj_time` FROM `ht_run_process` WHERE `id` = 2117 AND `is_del` = 0 LIMIT 1   [ RunTime:0.0020s ]
SQL: SHOW COLUMNS FROM `ht_run` [ RunTime:0.0098s ]
SQL: SELECT * FROM `ht_run` WHERE `id` = 1256 LIMIT 1   [ RunTime:0.0020s ]
SQL: SHOW COLUMNS FROM `ht_run_cache` [ RunTime:0.0068s ]
SQL: SELECT * FROM `ht_run_cache` WHERE `run_id` = 1256 LIMIT 1   [ RunTime:0.0020s ]
NOTIC: [8] Undefined variable: form_data D:\project\dzxt\s\tp\Application\Flow\Controller\RunController.class.php 第 221 行.
INFO: [ view_parse ] --START--
INFO: [ template_filter ] --START--
INFO: Run Behavior\ContentReplaceBehavior [ RunTime:0.000977s ]
INFO: [ template_filter ] --END-- [ RunTime:0.000977s ]
INFO: Run Behavior\ParseTemplateBehavior [ RunTime:0.027344s ]
INFO: [ view_parse ] --END-- [ RunTime:0.028320s ]
INFO: [ view_filter ] --START--
INFO: Run Behavior\WriteHtmlCacheBehavior [ RunTime:0.000977s ]
INFO: [ view_filter ] --END-- [ RunTime:0.000977s ]
INFO: [ app_end ] --START--
INFO: Run Behavior\ShowPageTraceBehavior [ RunTime:0.000977s ]
INFO: [ app_end ] --END-- [ RunTime:0.000977s ]

[ 2015-09-22T16:24:34+08:00 ] 127.0.0.1 /s/tp/wwwroot/index.php?s=/Flow/run/add/flow_id/3.html
INFO: [ app_init ] --START--
INFO: Run Behavior\BuildLiteBehavior [ RunTime:0.000000s ]
INFO: [ app_init ] --END-- [ RunTime:0.000976s ]
INFO: [ app_begin ] --START--
INFO: Run Behavior\ReadHtmlCacheBehavior [ RunTime:0.000976s ]
INFO: [ app_begin ] --END-- [ RunTime:0.000976s ]
SQL: SHOW COLUMNS FROM `ht_flow` [ RunTime:0.0107s ]
SQL: SELECT * FROM `ht_flow` WHERE `id` = 3 AND `is_del` = 0 LIMIT 1   [ RunTime:0.0020s ]
SQL: SHOW COLUMNS FROM `ht_flow_process` [ RunTime:0.0225s ]
SQL: SELECT `id`,`flow_id`,`process_name`,`process_type`,`process_to`,`child_id`,`child_relation`,`child_after`,`child_back_process`,`return_sponsor_ids`,`return_respon_ids`,`write_fields`,`secret_fields`,`lock_fields`,`check_fields`,`auto_person`,`auto_unlock`,`auto_sponsor_ids`,`auto_sponsor_text`,`auto_respon_ids`,`auto_respon_text`,`auto_role_ids`,`auto_role_text`,`auto_process_sponsor`,`range_user_ids`,`range_user_text`,`range_dept_ids`,`range_dept_text`,`range_role_ids`,`range_role_text`,`receive_type`,`is_user_end`,`is_userop_pass`,`is_sing`,`sign_look`,`is_back`,`out_condition`,`setleft`,`settop`,`style` FROM `ht_flow_process` WHERE `flow_id` = 3 AND `is_del` = 0 ORDER BY id asc  [ RunTime:0.0039s ]
SQL: SHOW COLUMNS FROM `ht_form` [ RunTime:0.0059s ]
SQL: SELECT * FROM `ht_form` WHERE `id` = 58 AND `is_del` = 0 LIMIT 1   [ RunTime:0.0020s ]
SQL: SHOW COLUMNS FROM `ht_run` [ RunTime:0.0156s ]
SQL: INSERT INTO `ht_run` (`pid`,`uid`,`flow_id`,`run_name`,`run_flow_id`,`run_flow_process`,`dateline`) VALUES ('0','18','3','测试流程(2015-09-22 16:24:34)','3','110','1442910274') [ RunTime:0.0000s ]
SQL: SHOW COLUMNS FROM `ht_run_process` [ RunTime:0.0254s ]
SQL: INSERT INTO `ht_run_process` (`uid`,`run_id`,`run_flow`,`run_flow_process`,`parent_flow`,`parent_flow_process`,`run_child`,`remark`,`is_sponsor`,`status`,`js_time`,`bl_time`,`dateline`) VALUES ('18','1257','3','110','0','0','0','','1','1','1442910274','1442910274','1442910274') [ RunTime:0.0010s ]
SQL: SHOW COLUMNS FROM `ht_run_cache` [ RunTime:0.0078s ]
SQL: INSERT INTO `ht_run_cache` (`run_id`,`form_id`,`flow_id`,`run_form`,`run_flow`,`run_flow_process`,`dateline`) VALUES ('1257','58','3','{\"id\":\"58\",\"form_name\":\"\\u8001\\u6731\\u6d4b\\u8bd5\",\"form_desc\":\"\\u7b80\\u5355\\u5199\\u4e0b\\u63cf\\u8ff0\",\"content\":\"<p>\\u8001\\u6731\\u6d4b\\u8bd5<\\/p><p>\\u6807\\u9898\\uff1a<input name=\\\"data_15\\\" type=\\\"text\\\" title=\\\"title\\\" value=\\\"\\\" leipiplugins=\\\"text\\\" orghide=\\\"0\\\" orgalign=\\\"left\\\" orgwidth=\\\"150\\\" orgtype=\\\"text\\\" style=\\\"text-align: left; width: 150px;\\\"\\/><\\/p><p>\\u5185\\u5bb9\\uff1a<input name=\\\"data_16\\\" type=\\\"text\\\" title=\\\"conent\\\" value=\\\"\\\" leipiplugins=\\\"text\\\" orghide=\\\"0\\\" orgalign=\\\"left\\\" orgwidth=\\\"150\\\" orgtype=\\\"text\\\" style=\\\"text-align: left; width: 150px;\\\"\\/><\\/p>\",\"content_parse\":\"<p>\\u8001\\u6731\\u6d4b\\u8bd5<\\/p><p>\\u6807\\u9898\\uff1a{data_15}<\\/p><p>\\u5185\\u5bb9\\uff1a{data_16}<\\/p>\",\"content_data\":\"a:2:{i:0;a:11:{s:4:\\\"name\\\";s:7:\\\"data_15\\\";s:4:\\\"type\\\";s:4:\\\"text\\\";s:5:\\\"title\\\";s:5:\\\"title\\\";s:5:\\\"value\\\";s:0:\\\"\\\";s:12:\\\"leipiplugins\\\";s:4:\\\"text\\\";s:7:\\\"orghide\\\";s:1:\\\"0\\\";s:8:\\\"orgalign\\\";s:4:\\\"left\\\";s:8:\\\"orgwidth\\\";s:3:\\\"150\\\";s:7:\\\"orgtype\\\";s:4:\\\"text\\\";s:5:\\\"style\\\";s:31:\\\"text-align: left; width: 150px;\\\";s:7:\\\"content\\\";s:176:\\\"<input name=\\\"data_15\\\" type=\\\"text\\\" title=\\\"title\\\" value=\\\"\\\" leipiplugins=\\\"text\\\" orghide=\\\"0\\\" orgalign=\\\"left\\\" orgwidth=\\\"150\\\" orgtype=\\\"text\\\" style=\\\"text-align: left; width: 150px;\\\"\\/>\\\";}i:1;a:11:{s:4:\\\"name\\\";s:7:\\\"data_16\\\";s:4:\\\"type\\\";s:4:\\\"text\\\";s:5:\\\"title\\\";s:6:\\\"conent\\\";s:5:\\\"value\\\";s:0:\\\"\\\";s:12:\\\"leipiplugins\\\";s:4:\\\"text\\\";s:7:\\\"orghide\\\";s:1:\\\"0\\\";s:8:\\\"orgalign\\\";s:4:\\\"left\\\";s:8:\\\"orgwidth\\\";s:3:\\\"150\\\";s:7:\\\"orgtype\\\";s:4:\\\"text\\\";s:5:\\\"style\\\";s:31:\\\"text-align: left; width: 150px;\\\";s:7:\\\"content\\\";s:177:\\\"<input name=\\\"data_16\\\" type=\\\"text\\\" title=\\\"conent\\\" value=\\\"\\\" leipiplugins=\\\"text\\\" orghide=\\\"0\\\" orgalign=\\\"left\\\" orgwidth=\\\"150\\\" orgtype=\\\"text\\\" style=\\\"text-align: left; width: 150px;\\\"\\/>\\\";}}\",\"fields\":\"16\",\"is_del\":\"0\",\"updatetime\":\"1439802023\",\"dateline\":\"1437967930\",\"pid\":\"56\",\"type\":\"0\",\"is_data_form\":null,\"creater_uid\":\"0\",\"sort\":\"0\"}','{\"id\":\"3\",\"cat_id\":\"0\",\"form_id\":\"58\",\"flow_type\":\"0\",\"flow_name\":\"\\u6d4b\\u8bd5\\u6d41\\u7a0b\",\"flow_desc\":\"\\u6d4b\\u8bd5\\u6d41\\u7a0b\\u6d4b\\u8bd5\\u6d41\\u7a0b\",\"sort_order\":\"0\",\"status\":\"0\",\"is_del\":\"0\",\"updatetime\":\"1439802049\",\"dateline\":\"1416927611\"}','[{\"id\":\"110\",\"flow_id\":\"3\",\"process_name\":\"\\u5feb\\u6377\\u8bf7\\u5047\",\"process_type\":\"is_one\",\"process_to\":\"111,113\",\"child_id\":\"0\",\"child_relation\":\"\",\"child_after\":\"1\",\"child_back_process\":\"0\",\"return_sponsor_ids\":\"\",\"return_respon_ids\":\"\",\"write_fields\":\"\",\"secret_fields\":\"\",\"lock_fields\":\"\",\"check_fields\":\"\",\"auto_person\":\"0\",\"auto_unlock\":\"1\",\"auto_sponsor_ids\":\"\",\"auto_sponsor_text\":\"\",\"auto_respon_ids\":\"\",\"auto_respon_text\":\"\",\"auto_role_ids\":\"\",\"auto_role_text\":\"\",\"auto_process_sponsor\":\"0\",\"range_user_ids\":\"\",\"range_user_text\":\"\",\"range_dept_ids\":\"\",\"range_dept_text\":\"\",\"range_role_ids\":\"\",\"range_role_text\":\"\",\"receive_type\":\"0\",\"is_user_end\":\"0\",\"is_userop_pass\":\"0\",\"is_sing\":\"1\",\"sign_look\":\"1\",\"is_back\":\"1\",\"out_condition\":\"{\\\"111\\\":{\\\"condition\\\":[\\\"\'data_15\' = \'kenzo\'\\\"],\\\"condition_desc\\\":\\\"\\\"},\\\"113\\\":{\\\"condition\\\":[\\\"\'data_15\' = \'laozhu\'\\\"],\\\"condition_desc\\\":\\\"\\\"}}\",\"setleft\":\"423\",\"settop\":\"186\",\"style\":\"{\\\"width\\\":120,\\\"height\\\":30,\\\"color\\\":\\\"#0e76a8\\\",\\\"icon\\\":\\\"icon-star\\\"}\"},{\"id\":\"111\",\"flow_id\":\"3\",\"process_name\":\"\\u6279\\u51c6\",\"process_type\":\"is_step\",\"process_to\":\"112\",\"child_id\":\"0\",\"child_relation\":\"\",\"child_after\":\"1\",\"child_back_process\":\"0\",\"return_sponsor_ids\":\"\",\"return_respon_ids\":\"\",\"write_fields\":\"\",\"secret_fields\":\"\",\"lock_fields\":\"\",\"check_fields\":\"\",\"auto_person\":\"4\",\"auto_unlock\":\"1\",\"auto_sponsor_ids\":\"18\",\"auto_sponsor_text\":\"admin\",\"auto_respon_ids\":\"\",\"auto_respon_text\":\"\",\"auto_role_ids\":\"\",\"auto_role_text\":\"\",\"auto_process_sponsor\":\"0\",\"range_user_ids\":\"\",\"range_user_text\":\"\",\"range_dept_ids\":\"\",\"range_dept_text\":\"\",\"range_role_ids\":\"\",\"range_role_text\":\"\",\"receive_type\":\"0\",\"is_user_end\":\"0\",\"is_userop_pass\":\"0\",\"is_sing\":\"1\",\"sign_look\":\"1\",\"is_back\":\"1\",\"out_condition\":\"{\\\"112\\\":{\\\"condition\\\":[],\\\"condition_desc\\\":\\\"\\\"}}\",\"setleft\":\"728\",\"settop\":\"54\",\"style\":\"{\\\"width\\\":120,\\\"height\\\":30,\\\"color\\\":\\\"#0e76a8\\\",\\\"icon\\\":\\\"icon-star\\\"}\"},{\"id\":\"112\",\"flow_id\":\"3\",\"process_name\":\"end\",\"process_type\":\"is_step\",\"process_to\":\"\",\"child_id\":\"0\",\"child_relation\":\"\",\"child_after\":\"1\",\"child_back_process\":\"0\",\"return_sponsor_ids\":\"\",\"return_respon_ids\":\"\",\"write_fields\":\"\",\"secret_fields\":\"\",\"lock_fields\":\"\",\"check_fields\":\"\",\"auto_person\":\"4\",\"auto_unlock\":\"1\",\"auto_sponsor_ids\":\"18\",\"auto_sponsor_text\":\"admin\",\"auto_respon_ids\":\"\",\"auto_respon_text\":\"\",\"auto_role_ids\":\"\",\"auto_role_text\":\"\",\"auto_process_sponsor\":\"0\",\"range_user_ids\":\"\",\"range_user_text\":\"\",\"range_dept_ids\":\"\",\"range_dept_text\":\"\",\"range_role_ids\":\"\",\"range_role_text\":\"\",\"receive_type\":\"0\",\"is_user_end\":\"0\",\"is_userop_pass\":\"0\",\"is_sing\":\"1\",\"sign_look\":\"1\",\"is_back\":\"1\",\"out_condition\":\"[]\",\"setleft\":\"1066\",\"settop\":\"334\",\"style\":\"{\\\"width\\\":120,\\\"height\\\":30,\\\"color\\\":\\\"#0e76a8\\\",\\\"icon\\\":\\\"icon-star\\\"}\"},{\"id\":\"113\",\"flow_id\":\"3\",\"process_name\":\"abc\",\"process_type\":\"is_step\",\"process_to\":\"112\",\"child_id\":\"0\",\"child_relation\":\"\",\"child_after\":\"1\",\"child_back_process\":\"0\",\"return_sponsor_ids\":\"\",\"return_respon_ids\":\"\",\"write_fields\":\"\",\"secret_fields\":\"\",\"lock_fields\":\"\",\"check_fields\":\"\",\"auto_person\":\"4\",\"auto_unlock\":\"1\",\"auto_sponsor_ids\":\"38\",\"auto_sponsor_text\":\"abc123\",\"auto_respon_ids\":\"\",\"auto_respon_text\":\"\",\"auto_role_ids\":\"\",\"auto_role_text\":\"\",\"auto_process_sponsor\":\"0\",\"range_user_ids\":\"\",\"range_user_text\":\"\",\"range_dept_ids\":\"\",\"range_dept_text\":\"\",\"range_role_ids\":\"\",\"range_role_text\":\"\",\"receive_type\":\"0\",\"is_user_end\":\"0\",\"is_userop_pass\":\"0\",\"is_sing\":\"1\",\"sign_look\":\"1\",\"is_back\":\"1\",\"out_condition\":\"{\\\"112\\\":{\\\"condition\\\":[],\\\"condition_desc\\\":\\\"\\\"}}\",\"setleft\":\"589\",\"settop\":\"334\",\"style\":\"{\\\"width\\\":120,\\\"height\\\":30,\\\"color\\\":\\\"#0e76a8\\\",\\\"icon\\\":\\\"icon-star\\\"}\"}]','1442910274') [ RunTime:0.0039s ]

[ 2015-09-22T16:24:35+08:00 ] 127.0.0.1 /s/tp/wwwroot/index.php?s=/Flow/run/edit/process_id/2118.html
INFO: [ app_init ] --START--
INFO: Run Behavior\BuildLiteBehavior [ RunTime:0.000000s ]
INFO: [ app_init ] --END-- [ RunTime:0.000000s ]
INFO: [ app_begin ] --START--
INFO: Run Behavior\ReadHtmlCacheBehavior [ RunTime:0.000976s ]
INFO: [ app_begin ] --END-- [ RunTime:0.000976s ]
SQL: SHOW COLUMNS FROM `ht_run_process` [ RunTime:0.0137s ]
SQL: SELECT `id`,`uid`,`run_id`,`run_flow`,`run_flow_process`,`parent_flow`,`parent_flow_process`,`run_child`,`remark`,`is_receive_type`,`is_sponsor`,`is_singpost`,`is_back`,`status`,`js_time`,`bl_time`,`jj_time` FROM `ht_run_process` WHERE `id` = 2118 AND `is_del` = 0 LIMIT 1   [ RunTime:0.0020s ]
SQL: SHOW COLUMNS FROM `ht_run` [ RunTime:0.0107s ]
SQL: SELECT * FROM `ht_run` WHERE `id` = 1257 LIMIT 1   [ RunTime:0.0020s ]
SQL: SHOW COLUMNS FROM `ht_run_cache` [ RunTime:0.0068s ]
SQL: SELECT * FROM `ht_run_cache` WHERE `run_id` = 1257 LIMIT 1   [ RunTime:0.0029s ]
NOTIC: [8] Undefined variable: form_data D:\project\dzxt\s\tp\Application\Flow\Controller\RunController.class.php 第 221 行.
INFO: [ view_parse ] --START--
INFO: [ template_filter ] --START--
INFO: Run Behavior\ContentReplaceBehavior [ RunTime:0.000000s ]
INFO: [ template_filter ] --END-- [ RunTime:0.000000s ]
INFO: Run Behavior\ParseTemplateBehavior [ RunTime:0.025391s ]
INFO: [ view_parse ] --END-- [ RunTime:0.025391s ]
INFO: [ view_filter ] --START--
INFO: Run Behavior\WriteHtmlCacheBehavior [ RunTime:0.000976s ]
INFO: [ view_filter ] --END-- [ RunTime:0.000976s ]
INFO: [ app_end ] --START--
INFO: Run Behavior\ShowPageTraceBehavior [ RunTime:0.000977s ]
INFO: [ app_end ] --END-- [ RunTime:0.000977s ]

[ 2015-09-22T16:24:40+08:00 ] 127.0.0.1 /s/tp/wwwroot/index.php?s=/Flow/run/add/flow_id/undefined.html
INFO: [ app_init ] --START--
INFO: Run Behavior\BuildLiteBehavior [ RunTime:0.000000s ]
INFO: [ app_init ] --END-- [ RunTime:0.000976s ]
INFO: [ app_begin ] --START--
INFO: Run Behavior\ReadHtmlCacheBehavior [ RunTime:0.001953s ]
INFO: [ app_begin ] --END-- [ RunTime:0.001953s ]
SQL: SHOW COLUMNS FROM `ht_flow` [ RunTime:0.0049s ]
SQL: SELECT * FROM `ht_flow` WHERE `id` = 0 AND `is_del` = 0 LIMIT 1   [ RunTime:0.0020s ]

[ 2015-09-22T16:45:24+08:00 ] 127.0.0.1 /s/tp/wwwroot/index.php?s=/Flow/run/add/flow_id/3.html
INFO: [ app_init ] --START--
INFO: Run Behavior\BuildLiteBehavior [ RunTime:0.000000s ]
INFO: [ app_init ] --END-- [ RunTime:0.001953s ]
INFO: [ app_begin ] --START--
INFO: Run Behavior\ReadHtmlCacheBehavior [ RunTime:0.000977s ]
INFO: [ app_begin ] --END-- [ RunTime:0.000977s ]
SQL: SHOW COLUMNS FROM `ht_flow` [ RunTime:0.0029s ]
SQL: SELECT * FROM `ht_flow` WHERE `id` = 3 AND `is_del` = 0 LIMIT 1   [ RunTime:0.0010s ]
SQL: SHOW COLUMNS FROM `ht_flow_process` [ RunTime:0.0068s ]
SQL: SELECT `id`,`flow_id`,`process_name`,`process_type`,`process_to`,`child_id`,`child_relation`,`child_after`,`child_back_process`,`return_sponsor_ids`,`return_respon_ids`,`write_fields`,`secret_fields`,`lock_fields`,`check_fields`,`auto_person`,`auto_unlock`,`auto_sponsor_ids`,`auto_sponsor_text`,`auto_respon_ids`,`auto_respon_text`,`auto_role_ids`,`auto_role_text`,`auto_process_sponsor`,`range_user_ids`,`range_user_text`,`range_dept_ids`,`range_dept_text`,`range_role_ids`,`range_role_text`,`receive_type`,`is_user_end`,`is_userop_pass`,`is_sing`,`sign_look`,`is_back`,`out_condition`,`setleft`,`settop`,`style` FROM `ht_flow_process` WHERE `flow_id` = 3 AND `is_del` = 0 ORDER BY id asc  [ RunTime:0.0195s ]
SQL: SHOW COLUMNS FROM `ht_form` [ RunTime:0.0039s ]
SQL: SELECT * FROM `ht_form` WHERE `id` = 58 AND `is_del` = 0 LIMIT 1   [ RunTime:0.0322s ]
SQL: SHOW COLUMNS FROM `ht_run` [ RunTime:0.0068s ]
SQL: INSERT INTO `ht_run` (`pid`,`uid`,`flow_id`,`run_name`,`run_flow_id`,`run_flow_process`,`dateline`) VALUES ('0','18','3','测试流程(2015-09-22 16:45:24)','3','110','1442911524') [ RunTime:0.0010s ]
SQL: SHOW COLUMNS FROM `ht_run_process` [ RunTime:0.0059s ]
SQL: INSERT INTO `ht_run_process` (`uid`,`run_id`,`run_flow`,`run_flow_process`,`parent_flow`,`parent_flow_process`,`run_child`,`remark`,`is_sponsor`,`status`,`js_time`,`bl_time`,`dateline`) VALUES ('18','1260','3','110','0','0','0','','1','1','1442911524','1442911524','1442911524') [ RunTime:0.0010s ]
SQL: SHOW COLUMNS FROM `ht_run_cache` [ RunTime:0.0146s ]
SQL: INSERT INTO `ht_run_cache` (`run_id`,`form_id`,`flow_id`,`run_form`,`run_flow`,`run_flow_process`,`dateline`) VALUES ('1260','58','3','{\"id\":\"58\",\"form_name\":\"\\u8001\\u6731\\u6d4b\\u8bd5\",\"form_desc\":\"\\u7b80\\u5355\\u5199\\u4e0b\\u63cf\\u8ff0\",\"content\":\"<p>\\u8001\\u6731\\u6d4b\\u8bd5<\\/p><p>\\u6807\\u9898\\uff1a<input name=\\\"data_15\\\" type=\\\"text\\\" title=\\\"title\\\" value=\\\"\\\" leipiplugins=\\\"text\\\" orghide=\\\"0\\\" orgalign=\\\"left\\\" orgwidth=\\\"150\\\" orgtype=\\\"text\\\" style=\\\"text-align: left; width: 150px;\\\"\\/><\\/p><p>\\u5185\\u5bb9\\uff1a<input name=\\\"data_16\\\" type=\\\"text\\\" title=\\\"conent\\\" value=\\\"\\\" leipiplugins=\\\"text\\\" orghide=\\\"0\\\" orgalign=\\\"left\\\" orgwidth=\\\"150\\\" orgtype=\\\"text\\\" style=\\\"text-align: left; width: 150px;\\\"\\/><\\/p>\",\"content_parse\":\"<p>\\u8001\\u6731\\u6d4b\\u8bd5<\\/p><p>\\u6807\\u9898\\uff1a{data_15}<\\/p><p>\\u5185\\u5bb9\\uff1a{data_16}<\\/p>\",\"content_data\":\"a:2:{i:0;a:11:{s:4:\\\"name\\\";s:7:\\\"data_15\\\";s:4:\\\"type\\\";s:4:\\\"text\\\";s:5:\\\"title\\\";s:5:\\\"title\\\";s:5:\\\"value\\\";s:0:\\\"\\\";s:12:\\\"leipiplugins\\\";s:4:\\\"text\\\";s:7:\\\"orghide\\\";s:1:\\\"0\\\";s:8:\\\"orgalign\\\";s:4:\\\"left\\\";s:8:\\\"orgwidth\\\";s:3:\\\"150\\\";s:7:\\\"orgtype\\\";s:4:\\\"text\\\";s:5:\\\"style\\\";s:31:\\\"text-align: left; width: 150px;\\\";s:7:\\\"content\\\";s:176:\\\"<input name=\\\"data_15\\\" type=\\\"text\\\" title=\\\"title\\\" value=\\\"\\\" leipiplugins=\\\"text\\\" orghide=\\\"0\\\" orgalign=\\\"left\\\" orgwidth=\\\"150\\\" orgtype=\\\"text\\\" style=\\\"text-align: left; width: 150px;\\\"\\/>\\\";}i:1;a:11:{s:4:\\\"name\\\";s:7:\\\"data_16\\\";s:4:\\\"type\\\";s:4:\\\"text\\\";s:5:\\\"title\\\";s:6:\\\"conent\\\";s:5:\\\"value\\\";s:0:\\\"\\\";s:12:\\\"leipiplugins\\\";s:4:\\\"text\\\";s:7:\\\"orghide\\\";s:1:\\\"0\\\";s:8:\\\"orgalign\\\";s:4:\\\"left\\\";s:8:\\\"orgwidth\\\";s:3:\\\"150\\\";s:7:\\\"orgtype\\\";s:4:\\\"text\\\";s:5:\\\"style\\\";s:31:\\\"text-align: left; width: 150px;\\\";s:7:\\\"content\\\";s:177:\\\"<input name=\\\"data_16\\\" type=\\\"text\\\" title=\\\"conent\\\" value=\\\"\\\" leipiplugins=\\\"text\\\" orghide=\\\"0\\\" orgalign=\\\"left\\\" orgwidth=\\\"150\\\" orgtype=\\\"text\\\" style=\\\"text-align: left; width: 150px;\\\"\\/>\\\";}}\",\"fields\":\"16\",\"is_del\":\"0\",\"updatetime\":\"1439802023\",\"dateline\":\"1437967930\",\"pid\":\"56\",\"type\":\"0\",\"is_data_form\":null,\"creater_uid\":\"0\",\"sort\":\"0\"}','{\"id\":\"3\",\"cat_id\":\"0\",\"form_id\":\"58\",\"flow_type\":\"0\",\"flow_name\":\"\\u6d4b\\u8bd5\\u6d41\\u7a0b\",\"flow_desc\":\"\\u6d4b\\u8bd5\\u6d41\\u7a0b\\u6d4b\\u8bd5\\u6d41\\u7a0b\",\"sort_order\":\"0\",\"status\":\"0\",\"is_del\":\"0\",\"updatetime\":\"1439802049\",\"dateline\":\"1416927611\"}','[{\"id\":\"110\",\"flow_id\":\"3\",\"process_name\":\"\\u5feb\\u6377\\u8bf7\\u5047\",\"process_type\":\"is_one\",\"process_to\":\"111,113\",\"child_id\":\"0\",\"child_relation\":\"\",\"child_after\":\"1\",\"child_back_process\":\"0\",\"return_sponsor_ids\":\"\",\"return_respon_ids\":\"\",\"write_fields\":\"\",\"secret_fields\":\"\",\"lock_fields\":\"\",\"check_fields\":\"\",\"auto_person\":\"0\",\"auto_unlock\":\"1\",\"auto_sponsor_ids\":\"\",\"auto_sponsor_text\":\"\",\"auto_respon_ids\":\"\",\"auto_respon_text\":\"\",\"auto_role_ids\":\"\",\"auto_role_text\":\"\",\"auto_process_sponsor\":\"0\",\"range_user_ids\":\"\",\"range_user_text\":\"\",\"range_dept_ids\":\"\",\"range_dept_text\":\"\",\"range_role_ids\":\"\",\"range_role_text\":\"\",\"receive_type\":\"0\",\"is_user_end\":\"0\",\"is_userop_pass\":\"0\",\"is_sing\":\"1\",\"sign_look\":\"1\",\"is_back\":\"1\",\"out_condition\":\"{\\\"111\\\":{\\\"condition\\\":[\\\"\'data_15\' = \'kenzo\'\\\"],\\\"condition_desc\\\":\\\"\\\"},\\\"113\\\":{\\\"condition\\\":[\\\"\'data_15\' = \'laozhu\'\\\"],\\\"condition_desc\\\":\\\"\\\"}}\",\"setleft\":\"423\",\"settop\":\"186\",\"style\":\"{\\\"width\\\":120,\\\"height\\\":30,\\\"color\\\":\\\"#0e76a8\\\",\\\"icon\\\":\\\"icon-star\\\"}\"},{\"id\":\"111\",\"flow_id\":\"3\",\"process_name\":\"\\u6279\\u51c6\",\"process_type\":\"is_step\",\"process_to\":\"112\",\"child_id\":\"0\",\"child_relation\":\"\",\"child_after\":\"1\",\"child_back_process\":\"0\",\"return_sponsor_ids\":\"\",\"return_respon_ids\":\"\",\"write_fields\":\"\",\"secret_fields\":\"\",\"lock_fields\":\"\",\"check_fields\":\"\",\"auto_person\":\"4\",\"auto_unlock\":\"1\",\"auto_sponsor_ids\":\"18\",\"auto_sponsor_text\":\"admin\",\"auto_respon_ids\":\"\",\"auto_respon_text\":\"\",\"auto_role_ids\":\"\",\"auto_role_text\":\"\",\"auto_process_sponsor\":\"0\",\"range_user_ids\":\"\",\"range_user_text\":\"\",\"range_dept_ids\":\"\",\"range_dept_text\":\"\",\"range_role_ids\":\"\",\"range_role_text\":\"\",\"receive_type\":\"0\",\"is_user_end\":\"0\",\"is_userop_pass\":\"0\",\"is_sing\":\"1\",\"sign_look\":\"1\",\"is_back\":\"1\",\"out_condition\":\"{\\\"112\\\":{\\\"condition\\\":[],\\\"condition_desc\\\":\\\"\\\"}}\",\"setleft\":\"728\",\"settop\":\"54\",\"style\":\"{\\\"width\\\":120,\\\"height\\\":30,\\\"color\\\":\\\"#0e76a8\\\",\\\"icon\\\":\\\"icon-star\\\"}\"},{\"id\":\"112\",\"flow_id\":\"3\",\"process_name\":\"end\",\"process_type\":\"is_step\",\"process_to\":\"\",\"child_id\":\"0\",\"child_relation\":\"\",\"child_after\":\"1\",\"child_back_process\":\"0\",\"return_sponsor_ids\":\"\",\"return_respon_ids\":\"\",\"write_fields\":\"\",\"secret_fields\":\"\",\"lock_fields\":\"\",\"check_fields\":\"\",\"auto_person\":\"4\",\"auto_unlock\":\"1\",\"auto_sponsor_ids\":\"18\",\"auto_sponsor_text\":\"admin\",\"auto_respon_ids\":\"\",\"auto_respon_text\":\"\",\"auto_role_ids\":\"\",\"auto_role_text\":\"\",\"auto_process_sponsor\":\"0\",\"range_user_ids\":\"\",\"range_user_text\":\"\",\"range_dept_ids\":\"\",\"range_dept_text\":\"\",\"range_role_ids\":\"\",\"range_role_text\":\"\",\"receive_type\":\"0\",\"is_user_end\":\"0\",\"is_userop_pass\":\"0\",\"is_sing\":\"1\",\"sign_look\":\"1\",\"is_back\":\"1\",\"out_condition\":\"[]\",\"setleft\":\"1066\",\"settop\":\"334\",\"style\":\"{\\\"width\\\":120,\\\"height\\\":30,\\\"color\\\":\\\"#0e76a8\\\",\\\"icon\\\":\\\"icon-star\\\"}\"},{\"id\":\"113\",\"flow_id\":\"3\",\"process_name\":\"abc\",\"process_type\":\"is_step\",\"process_to\":\"112\",\"child_id\":\"0\",\"child_relation\":\"\",\"child_after\":\"1\",\"child_back_process\":\"0\",\"return_sponsor_ids\":\"\",\"return_respon_ids\":\"\",\"write_fields\":\"\",\"secret_fields\":\"\",\"lock_fields\":\"\",\"check_fields\":\"\",\"auto_person\":\"4\",\"auto_unlock\":\"1\",\"auto_sponsor_ids\":\"38\",\"auto_sponsor_text\":\"abc123\",\"auto_respon_ids\":\"\",\"auto_respon_text\":\"\",\"auto_role_ids\":\"\",\"auto_role_text\":\"\",\"auto_process_sponsor\":\"0\",\"range_user_ids\":\"\",\"range_user_text\":\"\",\"range_dept_ids\":\"\",\"range_dept_text\":\"\",\"range_role_ids\":\"\",\"range_role_text\":\"\",\"receive_type\":\"0\",\"is_user_end\":\"0\",\"is_userop_pass\":\"0\",\"is_sing\":\"1\",\"sign_look\":\"1\",\"is_back\":\"1\",\"out_condition\":\"{\\\"112\\\":{\\\"condition\\\":[],\\\"condition_desc\\\":\\\"\\\"}}\",\"setleft\":\"589\",\"settop\":\"334\",\"style\":\"{\\\"width\\\":120,\\\"height\\\":30,\\\"color\\\":\\\"#0e76a8\\\",\\\"icon\\\":\\\"icon-star\\\"}\"}]','1442911524') [ RunTime:0.0029s ]

[ 2015-09-22T16:45:24+08:00 ] 127.0.0.1 /s/tp/wwwroot/index.php?s=/Flow/run/edit/process_id/2121.html
INFO: [ app_init ] --START--
INFO: Run Behavior\BuildLiteBehavior [ RunTime:0.000000s ]
INFO: [ app_init ] --END-- [ RunTime:0.000000s ]
INFO: [ app_begin ] --START--
INFO: Run Behavior\ReadHtmlCacheBehavior [ RunTime:0.004883s ]
INFO: [ app_begin ] --END-- [ RunTime:0.005859s ]
SQL: SHOW COLUMNS FROM `ht_run_process` [ RunTime:0.0059s ]
SQL: SELECT `id`,`uid`,`run_id`,`run_flow`,`run_flow_process`,`parent_flow`,`parent_flow_process`,`run_child`,`remark`,`is_receive_type`,`is_sponsor`,`is_singpost`,`is_back`,`status`,`js_time`,`bl_time`,`jj_time` FROM `ht_run_process` WHERE `id` = 2121 AND `is_del` = 0 LIMIT 1   [ RunTime:0.0010s ]
SQL: SHOW COLUMNS FROM `ht_run` [ RunTime:0.0059s ]
SQL: SELECT * FROM `ht_run` WHERE `id` = 1260 LIMIT 1   [ RunTime:0.0020s ]
SQL: SHOW COLUMNS FROM `ht_run_cache` [ RunTime:0.0049s ]
SQL: SELECT * FROM `ht_run_cache` WHERE `run_id` = 1260 LIMIT 1   [ RunTime:0.0020s ]
NOTIC: [8] Undefined variable: form_data D:\project\dzxt\s\tp\Application\Flow\Controller\RunController.class.php 第 221 行.
INFO: [ view_parse ] --START--
INFO: [ template_filter ] --START--
INFO: Run Behavior\ContentReplaceBehavior [ RunTime:0.000000s ]
INFO: [ template_filter ] --END-- [ RunTime:0.000976s ]
INFO: Run Behavior\ParseTemplateBehavior [ RunTime:0.028321s ]
INFO: [ view_parse ] --END-- [ RunTime:0.028321s ]
INFO: [ view_filter ] --START--
INFO: Run Behavior\WriteHtmlCacheBehavior [ RunTime:0.000976s ]
INFO: [ view_filter ] --END-- [ RunTime:0.000976s ]
INFO: [ app_end ] --START--
INFO: Run Behavior\ShowPageTraceBehavior [ RunTime:0.000976s ]
INFO: [ app_end ] --END-- [ RunTime:0.000976s ]

[ 2015-09-22T18:03:47+08:00 ] 127.0.0.1 /s/tp/wwwroot/index.php?s=/Flow/run/add/flow_id/3.html
INFO: [ app_init ] --START--
INFO: Run Behavior\BuildLiteBehavior [ RunTime:0.000000s ]
INFO: [ app_init ] --END-- [ RunTime:0.000976s ]
INFO: [ app_begin ] --START--
INFO: Run Behavior\ReadHtmlCacheBehavior [ RunTime:0.000977s ]
INFO: [ app_begin ] --END-- [ RunTime:0.001953s ]
SQL: SHOW COLUMNS FROM `ht_flow` [ RunTime:0.0029s ]
SQL: SELECT * FROM `ht_flow` WHERE `id` = 3 AND `is_del` = 0 LIMIT 1   [ RunTime:0.0020s ]
SQL: SHOW COLUMNS FROM `ht_flow_process` [ RunTime:0.0068s ]
SQL: SELECT `id`,`flow_id`,`process_name`,`process_type`,`process_to`,`child_id`,`child_relation`,`child_after`,`child_back_process`,`return_sponsor_ids`,`return_respon_ids`,`write_fields`,`secret_fields`,`lock_fields`,`check_fields`,`auto_person`,`auto_unlock`,`auto_sponsor_ids`,`auto_sponsor_text`,`auto_respon_ids`,`auto_respon_text`,`auto_role_ids`,`auto_role_text`,`auto_process_sponsor`,`range_user_ids`,`range_user_text`,`range_dept_ids`,`range_dept_text`,`range_role_ids`,`range_role_text`,`receive_type`,`is_user_end`,`is_userop_pass`,`is_sing`,`sign_look`,`is_back`,`out_condition`,`setleft`,`settop`,`style` FROM `ht_flow_process` WHERE `flow_id` = 3 AND `is_del` = 0 ORDER BY id asc  [ RunTime:0.0029s ]
SQL: SHOW COLUMNS FROM `ht_form` [ RunTime:0.0039s ]
SQL: SELECT * FROM `ht_form` WHERE `id` = 58 AND `is_del` = 0 LIMIT 1   [ RunTime:0.0010s ]
SQL: SHOW COLUMNS FROM `ht_run` [ RunTime:0.0049s ]
SQL: INSERT INTO `ht_run` (`pid`,`uid`,`flow_id`,`run_name`,`run_flow_id`,`run_flow_process`,`dateline`) VALUES ('0','18','3','测试流程(2015-09-22 18:03:47)','3','110','1442916227') [ RunTime:0.0010s ]
SQL: SHOW COLUMNS FROM `ht_run_process` [ RunTime:0.0049s ]
SQL: INSERT INTO `ht_run_process` (`uid`,`run_id`,`run_flow`,`run_flow_process`,`parent_flow`,`parent_flow_process`,`run_child`,`remark`,`is_sponsor`,`status`,`js_time`,`bl_time`,`dateline`) VALUES ('18','1264','3','110','0','0','0','','1','1','1442916227','1442916227','1442916227') [ RunTime:0.0010s ]
SQL: SHOW COLUMNS FROM `ht_run_cache` [ RunTime:0.0039s ]
SQL: INSERT INTO `ht_run_cache` (`run_id`,`form_id`,`flow_id`,`run_form`,`run_flow`,`run_flow_process`,`dateline`) VALUES ('1264','58','3','{\"id\":\"58\",\"form_name\":\"\\u8001\\u6731\\u6d4b\\u8bd5\",\"form_desc\":\"\\u7b80\\u5355\\u5199\\u4e0b\\u63cf\\u8ff0\",\"content\":\"<p>\\u8001\\u6731\\u6d4b\\u8bd5<\\/p><p>\\u6807\\u9898\\uff1a<input name=\\\"data_15\\\" type=\\\"text\\\" title=\\\"title\\\" value=\\\"\\\" leipiplugins=\\\"text\\\" orghide=\\\"0\\\" orgalign=\\\"left\\\" orgwidth=\\\"150\\\" orgtype=\\\"text\\\" style=\\\"text-align: left; width: 150px;\\\"\\/><\\/p><p>\\u5185\\u5bb9\\uff1a<input name=\\\"data_16\\\" type=\\\"text\\\" title=\\\"conent\\\" value=\\\"\\\" leipiplugins=\\\"text\\\" orghide=\\\"0\\\" orgalign=\\\"left\\\" orgwidth=\\\"150\\\" orgtype=\\\"text\\\" style=\\\"text-align: left; width: 150px;\\\"\\/><\\/p>\",\"content_parse\":\"<p>\\u8001\\u6731\\u6d4b\\u8bd5<\\/p><p>\\u6807\\u9898\\uff1a{data_15}<\\/p><p>\\u5185\\u5bb9\\uff1a{data_16}<\\/p>\",\"content_data\":\"a:2:{i:0;a:11:{s:4:\\\"name\\\";s:7:\\\"data_15\\\";s:4:\\\"type\\\";s:4:\\\"text\\\";s:5:\\\"title\\\";s:5:\\\"title\\\";s:5:\\\"value\\\";s:0:\\\"\\\";s:12:\\\"leipiplugins\\\";s:4:\\\"text\\\";s:7:\\\"orghide\\\";s:1:\\\"0\\\";s:8:\\\"orgalign\\\";s:4:\\\"left\\\";s:8:\\\"orgwidth\\\";s:3:\\\"150\\\";s:7:\\\"orgtype\\\";s:4:\\\"text\\\";s:5:\\\"style\\\";s:31:\\\"text-align: left; width: 150px;\\\";s:7:\\\"content\\\";s:176:\\\"<input name=\\\"data_15\\\" type=\\\"text\\\" title=\\\"title\\\" value=\\\"\\\" leipiplugins=\\\"text\\\" orghide=\\\"0\\\" orgalign=\\\"left\\\" orgwidth=\\\"150\\\" orgtype=\\\"text\\\" style=\\\"text-align: left; width: 150px;\\\"\\/>\\\";}i:1;a:11:{s:4:\\\"name\\\";s:7:\\\"data_16\\\";s:4:\\\"type\\\";s:4:\\\"text\\\";s:5:\\\"title\\\";s:6:\\\"conent\\\";s:5:\\\"value\\\";s:0:\\\"\\\";s:12:\\\"leipiplugins\\\";s:4:\\\"text\\\";s:7:\\\"orghide\\\";s:1:\\\"0\\\";s:8:\\\"orgalign\\\";s:4:\\\"left\\\";s:8:\\\"orgwidth\\\";s:3:\\\"150\\\";s:7:\\\"orgtype\\\";s:4:\\\"text\\\";s:5:\\\"style\\\";s:31:\\\"text-align: left; width: 150px;\\\";s:7:\\\"content\\\";s:177:\\\"<input name=\\\"data_16\\\" type=\\\"text\\\" title=\\\"conent\\\" value=\\\"\\\" leipiplugins=\\\"text\\\" orghide=\\\"0\\\" orgalign=\\\"left\\\" orgwidth=\\\"150\\\" orgtype=\\\"text\\\" style=\\\"text-align: left; width: 150px;\\\"\\/>\\\";}}\",\"fields\":\"16\",\"is_del\":\"0\",\"updatetime\":\"1439802023\",\"dateline\":\"1437967930\",\"pid\":\"56\",\"type\":\"0\",\"is_data_form\":null,\"creater_uid\":\"0\",\"sort\":\"0\"}','{\"id\":\"3\",\"cat_id\":\"0\",\"form_id\":\"58\",\"flow_type\":\"0\",\"flow_name\":\"\\u6d4b\\u8bd5\\u6d41\\u7a0b\",\"flow_desc\":\"\\u6d4b\\u8bd5\\u6d41\\u7a0b\\u6d4b\\u8bd5\\u6d41\\u7a0b\",\"sort_order\":\"0\",\"status\":\"0\",\"is_del\":\"0\",\"updatetime\":\"1439802049\",\"dateline\":\"1416927611\"}','[{\"id\":\"110\",\"flow_id\":\"3\",\"process_name\":\"\\u5feb\\u6377\\u8bf7\\u5047\",\"process_type\":\"is_one\",\"process_to\":\"111,113\",\"child_id\":\"0\",\"child_relation\":\"\",\"child_after\":\"1\",\"child_back_process\":\"0\",\"return_sponsor_ids\":\"\",\"return_respon_ids\":\"\",\"write_fields\":\"\",\"secret_fields\":\"\",\"lock_fields\":\"\",\"check_fields\":\"\",\"auto_person\":\"0\",\"auto_unlock\":\"1\",\"auto_sponsor_ids\":\"\",\"auto_sponsor_text\":\"\",\"auto_respon_ids\":\"\",\"auto_respon_text\":\"\",\"auto_role_ids\":\"\",\"auto_role_text\":\"\",\"auto_process_sponsor\":\"0\",\"range_user_ids\":\"\",\"range_user_text\":\"\",\"range_dept_ids\":\"\",\"range_dept_text\":\"\",\"range_role_ids\":\"\",\"range_role_text\":\"\",\"receive_type\":\"0\",\"is_user_end\":\"0\",\"is_userop_pass\":\"0\",\"is_sing\":\"1\",\"sign_look\":\"1\",\"is_back\":\"1\",\"out_condition\":\"{\\\"111\\\":{\\\"condition\\\":[\\\"\'data_15\' = \'kenzo\'\\\"],\\\"condition_desc\\\":\\\"\\\"},\\\"113\\\":{\\\"condition\\\":[\\\"\'data_15\' = \'laozhu\'\\\"],\\\"condition_desc\\\":\\\"\\\"}}\",\"setleft\":\"423\",\"settop\":\"186\",\"style\":\"{\\\"width\\\":120,\\\"height\\\":30,\\\"color\\\":\\\"#0e76a8\\\",\\\"icon\\\":\\\"icon-star\\\"}\"},{\"id\":\"111\",\"flow_id\":\"3\",\"process_name\":\"\\u6279\\u51c6\",\"process_type\":\"is_step\",\"process_to\":\"112\",\"child_id\":\"0\",\"child_relation\":\"\",\"child_after\":\"1\",\"child_back_process\":\"0\",\"return_sponsor_ids\":\"\",\"return_respon_ids\":\"\",\"write_fields\":\"\",\"secret_fields\":\"\",\"lock_fields\":\"\",\"check_fields\":\"\",\"auto_person\":\"4\",\"auto_unlock\":\"1\",\"auto_sponsor_ids\":\"18\",\"auto_sponsor_text\":\"admin\",\"auto_respon_ids\":\"\",\"auto_respon_text\":\"\",\"auto_role_ids\":\"\",\"auto_role_text\":\"\",\"auto_process_sponsor\":\"0\",\"range_user_ids\":\"\",\"range_user_text\":\"\",\"range_dept_ids\":\"\",\"range_dept_text\":\"\",\"range_role_ids\":\"\",\"range_role_text\":\"\",\"receive_type\":\"0\",\"is_user_end\":\"0\",\"is_userop_pass\":\"0\",\"is_sing\":\"1\",\"sign_look\":\"1\",\"is_back\":\"1\",\"out_condition\":\"{\\\"112\\\":{\\\"condition\\\":[],\\\"condition_desc\\\":\\\"\\\"}}\",\"setleft\":\"728\",\"settop\":\"54\",\"style\":\"{\\\"width\\\":120,\\\"height\\\":30,\\\"color\\\":\\\"#0e76a8\\\",\\\"icon\\\":\\\"icon-star\\\"}\"},{\"id\":\"112\",\"flow_id\":\"3\",\"process_name\":\"end\",\"process_type\":\"is_step\",\"process_to\":\"\",\"child_id\":\"0\",\"child_relation\":\"\",\"child_after\":\"1\",\"child_back_process\":\"0\",\"return_sponsor_ids\":\"\",\"return_respon_ids\":\"\",\"write_fields\":\"\",\"secret_fields\":\"\",\"lock_fields\":\"\",\"check_fields\":\"\",\"auto_person\":\"4\",\"auto_unlock\":\"1\",\"auto_sponsor_ids\":\"18\",\"auto_sponsor_text\":\"admin\",\"auto_respon_ids\":\"\",\"auto_respon_text\":\"\",\"auto_role_ids\":\"\",\"auto_role_text\":\"\",\"auto_process_sponsor\":\"0\",\"range_user_ids\":\"\",\"range_user_text\":\"\",\"range_dept_ids\":\"\",\"range_dept_text\":\"\",\"range_role_ids\":\"\",\"range_role_text\":\"\",\"receive_type\":\"0\",\"is_user_end\":\"0\",\"is_userop_pass\":\"0\",\"is_sing\":\"1\",\"sign_look\":\"1\",\"is_back\":\"1\",\"out_condition\":\"[]\",\"setleft\":\"1066\",\"settop\":\"334\",\"style\":\"{\\\"width\\\":120,\\\"height\\\":30,\\\"color\\\":\\\"#0e76a8\\\",\\\"icon\\\":\\\"icon-star\\\"}\"},{\"id\":\"113\",\"flow_id\":\"3\",\"process_name\":\"abc\",\"process_type\":\"is_step\",\"process_to\":\"112\",\"child_id\":\"0\",\"child_relation\":\"\",\"child_after\":\"1\",\"child_back_process\":\"0\",\"return_sponsor_ids\":\"\",\"return_respon_ids\":\"\",\"write_fields\":\"\",\"secret_fields\":\"\",\"lock_fields\":\"\",\"check_fields\":\"\",\"auto_person\":\"4\",\"auto_unlock\":\"1\",\"auto_sponsor_ids\":\"38\",\"auto_sponsor_text\":\"abc123\",\"auto_respon_ids\":\"\",\"auto_respon_text\":\"\",\"auto_role_ids\":\"\",\"auto_role_text\":\"\",\"auto_process_sponsor\":\"0\",\"range_user_ids\":\"\",\"range_user_text\":\"\",\"range_dept_ids\":\"\",\"range_dept_text\":\"\",\"range_role_ids\":\"\",\"range_role_text\":\"\",\"receive_type\":\"0\",\"is_user_end\":\"0\",\"is_userop_pass\":\"0\",\"is_sing\":\"1\",\"sign_look\":\"1\",\"is_back\":\"1\",\"out_condition\":\"{\\\"112\\\":{\\\"condition\\\":[],\\\"condition_desc\\\":\\\"\\\"}}\",\"setleft\":\"589\",\"settop\":\"334\",\"style\":\"{\\\"width\\\":120,\\\"height\\\":30,\\\"color\\\":\\\"#0e76a8\\\",\\\"icon\\\":\\\"icon-star\\\"}\"}]','1442916227') [ RunTime:0.0029s ]

[ 2015-09-22T18:03:47+08:00 ] 127.0.0.1 /s/tp/wwwroot/index.php?s=/Flow/run/edit/process_id/2125.html
INFO: [ app_init ] --START--
INFO: Run Behavior\BuildLiteBehavior [ RunTime:0.000000s ]
INFO: [ app_init ] --END-- [ RunTime:0.000977s ]
INFO: [ app_begin ] --START--
INFO: Run Behavior\ReadHtmlCacheBehavior [ RunTime:0.011719s ]
INFO: [ app_begin ] --END-- [ RunTime:0.011719s ]
SQL: SHOW COLUMNS FROM `ht_run_process` [ RunTime:0.0068s ]
SQL: SELECT `id`,`uid`,`run_id`,`run_flow`,`run_flow_process`,`parent_flow`,`parent_flow_process`,`run_child`,`remark`,`is_receive_type`,`is_sponsor`,`is_singpost`,`is_back`,`status`,`js_time`,`bl_time`,`jj_time` FROM `ht_run_process` WHERE `id` = 2125 AND `is_del` = 0 LIMIT 1   [ RunTime:0.0098s ]
SQL: SHOW COLUMNS FROM `ht_run` [ RunTime:0.0068s ]
SQL: SELECT * FROM `ht_run` WHERE `id` = 1264 LIMIT 1   [ RunTime:0.0225s ]
SQL: SHOW COLUMNS FROM `ht_run_cache` [ RunTime:0.0049s ]
SQL: SELECT * FROM `ht_run_cache` WHERE `run_id` = 1264 LIMIT 1   [ RunTime:0.0020s ]
NOTIC: [8] Undefined variable: form_data D:\project\dzxt\s\tp\Application\Flow\Controller\RunController.class.php 第 221 行.
INFO: [ view_parse ] --START--
INFO: [ template_filter ] --START--
INFO: Run Behavior\ContentReplaceBehavior [ RunTime:0.000000s ]
INFO: [ template_filter ] --END-- [ RunTime:0.000000s ]
INFO: Run Behavior\ParseTemplateBehavior [ RunTime:0.066406s ]
INFO: [ view_parse ] --END-- [ RunTime:0.067382s ]
INFO: [ view_filter ] --START--
INFO: Run Behavior\WriteHtmlCacheBehavior [ RunTime:0.000977s ]
INFO: [ view_filter ] --END-- [ RunTime:0.000977s ]
INFO: [ app_end ] --START--
INFO: Run Behavior\ShowPageTraceBehavior [ RunTime:0.000976s ]
INFO: [ app_end ] --END-- [ RunTime:0.000976s ]

