[ 2015-09-06T09:37:55+08:00 ] ::1 /s/tp/wwwroot/index.php?s=/Flow/demo/index/getflow/ok.html
INFO: [ app_init ] --START--
INFO: Run Behavior\BuildLiteBehavior [ RunTime:0.000000s ]
INFO: [ app_init ] --END-- [ RunTime:0.000976s ]
INFO: [ app_begin ] --START--
INFO: Run Behavior\ReadHtmlCacheBehavior [ RunTime:0.000976s ]
INFO: [ app_begin ] --END-- [ RunTime:0.000976s ]
SQL: SHOW COLUMNS FROM `ht_flow` [ RunTime:0.0107s ]
SQL: SELECT COUNT(id) AS tp_count FROM `ht_flow` WHERE `is_del` = 0 LIMIT 1   [ RunTime:0.0020s ]
NOTIC: [8] Undefined variable: p D:\¹¤³ÌÇø\dzxt\s\tp\Application\Flow\Controller\DemoController.class.php ç¬¬ 22 è¡Œ.
NOTIC: [8] Trying to get property of non-object D:\¹¤³ÌÇø\dzxt\s\tp\Application\Flow\Controller\DemoController.class.php ç¬¬ 22 è¡Œ.
NOTIC: [8] Undefined variable: p D:\¹¤³ÌÇø\dzxt\s\tp\Application\Flow\Controller\DemoController.class.php ç¬¬ 22 è¡Œ.
NOTIC: [8] Trying to get property of non-object D:\¹¤³ÌÇø\dzxt\s\tp\Application\Flow\Controller\DemoController.class.php ç¬¬ 22 è¡Œ.
SQL: SELECT `id`,`form_id`,`flow_name`,`flow_desc`,`updatetime`,`dateline` FROM `ht_flow` WHERE `is_del` = 0 ORDER BY id desc  [ RunTime:0.0029s ]
SQL: SHOW COLUMNS FROM `ht_form` [ RunTime:0.0127s ]
SQL: SELECT * FROM `ht_form` WHERE ( 1=1 AND id='58' ) LIMIT 1   [ RunTime:0.0020s ]
SQL: SELECT * FROM `ht_form` WHERE ( 1=1 AND id='142' ) LIMIT 1   [ RunTime:0.0020s ]
SQL: SELECT * FROM `ht_form` WHERE ( 1=1 AND id='135' ) LIMIT 1   [ RunTime:0.0020s ]
SQL: SELECT * FROM `ht_form` WHERE ( 1=1 AND id='136' ) LIMIT 1   [ RunTime:0.0010s ]
SQL: SELECT * FROM `ht_form` WHERE ( 1=1 AND id='135' ) LIMIT 1   [ RunTime:0.0020s ]
SQL: SELECT * FROM `ht_form` WHERE ( 1=1 AND id='58' ) LIMIT 1   [ RunTime:0.0020s ]
INFO: [ app_end ] --START--
INFO: Run Behavior\ShowPageTraceBehavior [ RunTime:0.000976s ]
INFO: [ app_end ] --END-- [ RunTime:0.000976s ]

[ 2015-09-06T10:24:10+08:00 ] ::1 /s/tp/wwwroot/index.php?s=/Flow/demo/index/getflow/ok.html
INFO: [ app_init ] --START--
INFO: Run Behavior\BuildLiteBehavior [ RunTime:0.000000s ]
INFO: [ app_init ] --END-- [ RunTime:0.000000s ]
INFO: [ app_begin ] --START--
INFO: Run Behavior\ReadHtmlCacheBehavior [ RunTime:0.000977s ]
INFO: [ app_begin ] --END-- [ RunTime:0.000977s ]
SQL: SHOW COLUMNS FROM `ht_flow` [ RunTime:0.0049s ]
SQL: SELECT COUNT(id) AS tp_count FROM `ht_flow` WHERE `is_del` = 0 LIMIT 1   [ RunTime:0.0010s ]
NOTIC: [8] Undefined variable: p D:\¹¤³ÌÇø\dzxt\s\tp\Application\Flow\Controller\DemoController.class.php ç¬¬ 22 è¡Œ.
NOTIC: [8] Trying to get property of non-object D:\¹¤³ÌÇø\dzxt\s\tp\Application\Flow\Controller\DemoController.class.php ç¬¬ 22 è¡Œ.
NOTIC: [8] Undefined variable: p D:\¹¤³ÌÇø\dzxt\s\tp\Application\Flow\Controller\DemoController.class.php ç¬¬ 22 è¡Œ.
NOTIC: [8] Trying to get property of non-object D:\¹¤³ÌÇø\dzxt\s\tp\Application\Flow\Controller\DemoController.class.php ç¬¬ 22 è¡Œ.
SQL: SELECT `id`,`form_id`,`flow_name`,`flow_desc`,`updatetime`,`dateline` FROM `ht_flow` WHERE `is_del` = 0 ORDER BY id desc  [ RunTime:0.0010s ]
SQL: SHOW COLUMNS FROM `ht_form` [ RunTime:0.0049s ]
SQL: SELECT * FROM `ht_form` WHERE ( 1=1 AND id='58' ) LIMIT 1   [ RunTime:0.0010s ]
SQL: SELECT * FROM `ht_form` WHERE ( 1=1 AND id='142' ) LIMIT 1   [ RunTime:0.0010s ]
SQL: SELECT * FROM `ht_form` WHERE ( 1=1 AND id='135' ) LIMIT 1   [ RunTime:0.0020s ]
SQL: SELECT * FROM `ht_form` WHERE ( 1=1 AND id='136' ) LIMIT 1   [ RunTime:0.0010s ]
SQL: SELECT * FROM `ht_form` WHERE ( 1=1 AND id='135' ) LIMIT 1   [ RunTime:0.0020s ]
SQL: SELECT * FROM `ht_form` WHERE ( 1=1 AND id='58' ) LIMIT 1   [ RunTime:0.0020s ]
INFO: [ app_end ] --START--
INFO: Run Behavior\ShowPageTraceBehavior [ RunTime:0.000977s ]
INFO: [ app_end ] --END-- [ RunTime:0.000977s ]

[ 2015-09-06T10:24:13+08:00 ] ::1 /s/tp/wwwroot/index.php?s=/Flow/demo/index/getflow/ok.html
INFO: [ app_init ] --START--
INFO: Run Behavior\BuildLiteBehavior [ RunTime:0.000000s ]
INFO: [ app_init ] --END-- [ RunTime:0.000977s ]
INFO: [ app_begin ] --START--
INFO: Run Behavior\ReadHtmlCacheBehavior [ RunTime:0.000000s ]
INFO: [ app_begin ] --END-- [ RunTime:0.000000s ]
SQL: SHOW COLUMNS FROM `ht_flow` [ RunTime:0.0107s ]
SQL: SELECT COUNT(id) AS tp_count FROM `ht_flow` WHERE `is_del` = 0 LIMIT 1   [ RunTime:0.0029s ]
NOTIC: [8] Undefined variable: p D:\¹¤³ÌÇø\dzxt\s\tp\Application\Flow\Controller\DemoController.class.php ç¬¬ 22 è¡Œ.
NOTIC: [8] Trying to get property of non-object D:\¹¤³ÌÇø\dzxt\s\tp\Application\Flow\Controller\DemoController.class.php ç¬¬ 22 è¡Œ.
NOTIC: [8] Undefined variable: p D:\¹¤³ÌÇø\dzxt\s\tp\Application\Flow\Controller\DemoController.class.php ç¬¬ 22 è¡Œ.
NOTIC: [8] Trying to get property of non-object D:\¹¤³ÌÇø\dzxt\s\tp\Application\Flow\Controller\DemoController.class.php ç¬¬ 22 è¡Œ.
SQL: SELECT `id`,`form_id`,`flow_name`,`flow_desc`,`updatetime`,`dateline` FROM `ht_flow` WHERE `is_del` = 0 ORDER BY id desc  [ RunTime:0.0020s ]
SQL: SHOW COLUMNS FROM `ht_form` [ RunTime:0.0088s ]
SQL: SELECT * FROM `ht_form` WHERE ( 1=1 AND id='58' ) LIMIT 1   [ RunTime:0.0029s ]
SQL: SELECT * FROM `ht_form` WHERE ( 1=1 AND id='142' ) LIMIT 1   [ RunTime:0.0020s ]
SQL: SELECT * FROM `ht_form` WHERE ( 1=1 AND id='135' ) LIMIT 1   [ RunTime:0.0020s ]
SQL: SELECT * FROM `ht_form` WHERE ( 1=1 AND id='136' ) LIMIT 1   [ RunTime:0.0010s ]
SQL: SELECT * FROM `ht_form` WHERE ( 1=1 AND id='135' ) LIMIT 1   [ RunTime:0.0020s ]
SQL: SELECT * FROM `ht_form` WHERE ( 1=1 AND id='58' ) LIMIT 1   [ RunTime:0.0020s ]
INFO: [ app_end ] --START--
INFO: Run Behavior\ShowPageTraceBehavior [ RunTime:0.000977s ]
INFO: [ app_end ] --END-- [ RunTime:0.000977s ]

[ 2015-09-06T10:24:15+08:00 ] ::1 /s/tp/wwwroot/index.php?s=/Flow/demo/index/getflow/ok.html
INFO: [ app_init ] --START--
INFO: Run Behavior\BuildLiteBehavior [ RunTime:0.000000s ]
INFO: [ app_init ] --END-- [ RunTime:0.001954s ]
INFO: [ app_begin ] --START--
INFO: Run Behavior\ReadHtmlCacheBehavior [ RunTime:0.000977s ]
INFO: [ app_begin ] --END-- [ RunTime:0.000977s ]
SQL: SHOW COLUMNS FROM `ht_flow` [ RunTime:0.0049s ]
SQL: SELECT COUNT(id) AS tp_count FROM `ht_flow` WHERE `is_del` = 0 LIMIT 1   [ RunTime:0.0010s ]
NOTIC: [8] Undefined variable: p D:\¹¤³ÌÇø\dzxt\s\tp\Application\Flow\Controller\DemoController.class.php ç¬¬ 22 è¡Œ.
NOTIC: [8] Trying to get property of non-object D:\¹¤³ÌÇø\dzxt\s\tp\Application\Flow\Controller\DemoController.class.php ç¬¬ 22 è¡Œ.
NOTIC: [8] Undefined variable: p D:\¹¤³ÌÇø\dzxt\s\tp\Application\Flow\Controller\DemoController.class.php ç¬¬ 22 è¡Œ.
NOTIC: [8] Trying to get property of non-object D:\¹¤³ÌÇø\dzxt\s\tp\Application\Flow\Controller\DemoController.class.php ç¬¬ 22 è¡Œ.
SQL: SELECT `id`,`form_id`,`flow_name`,`flow_desc`,`updatetime`,`dateline` FROM `ht_flow` WHERE `is_del` = 0 ORDER BY id desc  [ RunTime:0.0010s ]
SQL: SHOW COLUMNS FROM `ht_form` [ RunTime:0.0059s ]
SQL: SELECT * FROM `ht_form` WHERE ( 1=1 AND id='58' ) LIMIT 1   [ RunTime:0.0020s ]
SQL: SELECT * FROM `ht_form` WHERE ( 1=1 AND id='142' ) LIMIT 1   [ RunTime:0.0020s ]
SQL: SELECT * FROM `ht_form` WHERE ( 1=1 AND id='135' ) LIMIT 1   [ RunTime:0.0010s ]
SQL: SELECT * FROM `ht_form` WHERE ( 1=1 AND id='136' ) LIMIT 1   [ RunTime:0.0020s ]
SQL: SELECT * FROM `ht_form` WHERE ( 1=1 AND id='135' ) LIMIT 1   [ RunTime:0.0010s ]
SQL: SELECT * FROM `ht_form` WHERE ( 1=1 AND id='58' ) LIMIT 1   [ RunTime:0.0020s ]
INFO: [ app_end ] --START--
INFO: Run Behavior\ShowPageTraceBehavior [ RunTime:0.000000s ]
INFO: [ app_end ] --END-- [ RunTime:0.000000s ]

[ 2015-09-06T10:24:43+08:00 ] ::1 /s/tp/wwwroot/index.php?s=/Flow/demo/index/getflow/ok.html
INFO: [ app_init ] --START--
INFO: Run Behavior\BuildLiteBehavior [ RunTime:0.000000s ]
INFO: [ app_init ] --END-- [ RunTime:0.000000s ]
INFO: [ app_begin ] --START--
INFO: Run Behavior\ReadHtmlCacheBehavior [ RunTime:0.000976s ]
INFO: [ app_begin ] --END-- [ RunTime:0.000976s ]
SQL: SHOW COLUMNS FROM `ht_flow` [ RunTime:0.0137s ]
SQL: SELECT COUNT(id) AS tp_count FROM `ht_flow` WHERE `is_del` = 0 LIMIT 1   [ RunTime:0.0020s ]
NOTIC: [8] Undefined variable: p D:\¹¤³ÌÇø\dzxt\s\tp\Application\Flow\Controller\DemoController.class.php ç¬¬ 22 è¡Œ.
NOTIC: [8] Trying to get property of non-object D:\¹¤³ÌÇø\dzxt\s\tp\Application\Flow\Controller\DemoController.class.php ç¬¬ 22 è¡Œ.
NOTIC: [8] Undefined variable: p D:\¹¤³ÌÇø\dzxt\s\tp\Application\Flow\Controller\DemoController.class.php ç¬¬ 22 è¡Œ.
NOTIC: [8] Trying to get property of non-object D:\¹¤³ÌÇø\dzxt\s\tp\Application\Flow\Controller\DemoController.class.php ç¬¬ 22 è¡Œ.
SQL: SELECT `id`,`form_id`,`flow_name`,`flow_desc`,`updatetime`,`dateline` FROM `ht_flow` WHERE `is_del` = 0 ORDER BY id desc  [ RunTime:0.0020s ]
SQL: SHOW COLUMNS FROM `ht_form` [ RunTime:0.0078s ]
SQL: SELECT * FROM `ht_form` WHERE ( 1=1 AND id='58' ) LIMIT 1   [ RunTime:0.0020s ]
SQL: SELECT * FROM `ht_form` WHERE ( 1=1 AND id='142' ) LIMIT 1   [ RunTime:0.0020s ]
SQL: SELECT * FROM `ht_form` WHERE ( 1=1 AND id='135' ) LIMIT 1   [ RunTime:0.0020s ]
SQL: SELECT * FROM `ht_form` WHERE ( 1=1 AND id='136' ) LIMIT 1   [ RunTime:0.0020s ]
SQL: SELECT * FROM `ht_form` WHERE ( 1=1 AND id='135' ) LIMIT 1   [ RunTime:0.0020s ]
SQL: SELECT * FROM `ht_form` WHERE ( 1=1 AND id='58' ) LIMIT 1   [ RunTime:0.0020s ]
INFO: [ app_end ] --START--
INFO: Run Behavior\ShowPageTraceBehavior [ RunTime:0.000000s ]
INFO: [ app_end ] --END-- [ RunTime:0.000977s ]

[ 2015-09-06T10:24:49+08:00 ] ::1 /s/tp/wwwroot/index.php?s=/Flow/demo/index/getflow/ok.html
INFO: [ app_init ] --START--
INFO: Run Behavior\BuildLiteBehavior [ RunTime:0.000000s ]
INFO: [ app_init ] --END-- [ RunTime:0.000000s ]
INFO: [ app_begin ] --START--
INFO: Run Behavior\ReadHtmlCacheBehavior [ RunTime:0.000000s ]
INFO: [ app_begin ] --END-- [ RunTime:0.000000s ]
SQL: SHOW COLUMNS FROM `ht_flow` [ RunTime:0.0029s ]
SQL: SELECT COUNT(id) AS tp_count FROM `ht_flow` WHERE `is_del` = 0 LIMIT 1   [ RunTime:0.0010s ]
NOTIC: [8] Undefined variable: p D:\¹¤³ÌÇø\dzxt\s\tp\Application\Flow\Controller\DemoController.class.php ç¬¬ 22 è¡Œ.
NOTIC: [8] Trying to get property of non-object D:\¹¤³ÌÇø\dzxt\s\tp\Application\Flow\Controller\DemoController.class.php ç¬¬ 22 è¡Œ.
NOTIC: [8] Undefined variable: p D:\¹¤³ÌÇø\dzxt\s\tp\Application\Flow\Controller\DemoController.class.php ç¬¬ 22 è¡Œ.
NOTIC: [8] Trying to get property of non-object D:\¹¤³ÌÇø\dzxt\s\tp\Application\Flow\Controller\DemoController.class.php ç¬¬ 22 è¡Œ.
SQL: SELECT `id`,`form_id`,`flow_name`,`flow_desc`,`updatetime`,`dateline` FROM `ht_flow` WHERE `is_del` = 0 ORDER BY id desc  [ RunTime:0.0010s ]
SQL: SHOW COLUMNS FROM `ht_form` [ RunTime:0.0029s ]
SQL: SELECT * FROM `ht_form` WHERE ( 1=1 AND id='58' ) LIMIT 1   [ RunTime:0.0010s ]
SQL: SELECT * FROM `ht_form` WHERE ( 1=1 AND id='142' ) LIMIT 1   [ RunTime:0.0020s ]
SQL: SELECT * FROM `ht_form` WHERE ( 1=1 AND id='135' ) LIMIT 1   [ RunTime:0.0010s ]
SQL: SELECT * FROM `ht_form` WHERE ( 1=1 AND id='136' ) LIMIT 1   [ RunTime:0.0010s ]
SQL: SELECT * FROM `ht_form` WHERE ( 1=1 AND id='135' ) LIMIT 1   [ RunTime:0.0010s ]
SQL: SELECT * FROM `ht_form` WHERE ( 1=1 AND id='58' ) LIMIT 1   [ RunTime:0.0010s ]
INFO: [ app_end ] --START--
INFO: Run Behavior\ShowPageTraceBehavior [ RunTime:0.000000s ]
INFO: [ app_end ] --END-- [ RunTime:0.000000s ]

[ 2015-09-06T10:25:00+08:00 ] ::1 /s/tp/wwwroot/index.php?s=/Flow/demo/index/getflow/ok.html
INFO: [ app_init ] --START--
INFO: Run Behavior\BuildLiteBehavior [ RunTime:0.000000s ]
INFO: [ app_init ] --END-- [ RunTime:0.000000s ]
INFO: [ app_begin ] --START--
INFO: Run Behavior\ReadHtmlCacheBehavior [ RunTime:0.001953s ]
INFO: [ app_begin ] --END-- [ RunTime:0.002929s ]
SQL: SHOW COLUMNS FROM `ht_flow` [ RunTime:0.0107s ]
SQL: SELECT COUNT(id) AS tp_count FROM `ht_flow` WHERE `is_del` = 0 LIMIT 1   [ RunTime:0.0020s ]
NOTIC: [8] Undefined variable: p D:\¹¤³ÌÇø\dzxt\s\tp\Application\Flow\Controller\DemoController.class.php ç¬¬ 22 è¡Œ.
NOTIC: [8] Trying to get property of non-object D:\¹¤³ÌÇø\dzxt\s\tp\Application\Flow\Controller\DemoController.class.php ç¬¬ 22 è¡Œ.
NOTIC: [8] Undefined variable: p D:\¹¤³ÌÇø\dzxt\s\tp\Application\Flow\Controller\DemoController.class.php ç¬¬ 22 è¡Œ.
NOTIC: [8] Trying to get property of non-object D:\¹¤³ÌÇø\dzxt\s\tp\Application\Flow\Controller\DemoController.class.php ç¬¬ 22 è¡Œ.
SQL: SELECT `id`,`form_id`,`flow_name`,`flow_desc`,`updatetime`,`dateline` FROM `ht_flow` WHERE `is_del` = 0 ORDER BY id desc  [ RunTime:0.0020s ]
SQL: SHOW COLUMNS FROM `ht_form` [ RunTime:0.0117s ]
SQL: SELECT * FROM `ht_form` WHERE ( 1=1 AND id='58' ) LIMIT 1   [ RunTime:0.0029s ]
SQL: SELECT * FROM `ht_form` WHERE ( 1=1 AND id='142' ) LIMIT 1   [ RunTime:0.0020s ]
SQL: SELECT * FROM `ht_form` WHERE ( 1=1 AND id='135' ) LIMIT 1   [ RunTime:0.0020s ]
SQL: SELECT * FROM `ht_form` WHERE ( 1=1 AND id='136' ) LIMIT 1   [ RunTime:0.0020s ]
SQL: SELECT * FROM `ht_form` WHERE ( 1=1 AND id='135' ) LIMIT 1   [ RunTime:0.0020s ]
SQL: SELECT * FROM `ht_form` WHERE ( 1=1 AND id='58' ) LIMIT 1   [ RunTime:0.0010s ]
INFO: [ app_end ] --START--
INFO: Run Behavior\ShowPageTraceBehavior [ RunTime:0.000000s ]
INFO: [ app_end ] --END-- [ RunTime:0.000000s ]

[ 2015-09-06T10:47:18+08:00 ] ::1 /s/tp/wwwroot/index.php?s=/Flow/demo/index/getflow/ok.html
INFO: [ app_init ] --START--
INFO: Run Behavior\BuildLiteBehavior [ RunTime:0.000000s ]
INFO: [ app_init ] --END-- [ RunTime:0.000000s ]
INFO: [ app_begin ] --START--
INFO: Run Behavior\ReadHtmlCacheBehavior [ RunTime:0.015625s ]
INFO: [ app_begin ] --END-- [ RunTime:0.015625s ]
SQL: SHOW COLUMNS FROM `ht_flow` [ RunTime:0.0000s ]
SQL: SELECT COUNT(id) AS tp_count FROM `ht_flow` WHERE `is_del` = 0 LIMIT 1   [ RunTime:0.0000s ]
NOTIC: [8] Undefined variable: p D:\¹¤³ÌÇø\dzxt\s\tp\Application\Flow\Controller\DemoController.class.php ç¬¬ 22 è¡Œ.
NOTIC: [8] Trying to get property of non-object D:\¹¤³ÌÇø\dzxt\s\tp\Application\Flow\Controller\DemoController.class.php ç¬¬ 22 è¡Œ.
NOTIC: [8] Undefined variable: p D:\¹¤³ÌÇø\dzxt\s\tp\Application\Flow\Controller\DemoController.class.php ç¬¬ 22 è¡Œ.
NOTIC: [8] Trying to get property of non-object D:\¹¤³ÌÇø\dzxt\s\tp\Application\Flow\Controller\DemoController.class.php ç¬¬ 22 è¡Œ.
SQL: SELECT `id`,`form_id`,`flow_name`,`flow_desc`,`updatetime`,`dateline` FROM `ht_flow` WHERE `is_del` = 0 ORDER BY id desc  [ RunTime:0.0020s ]
SQL: SHOW COLUMNS FROM `ht_form` [ RunTime:0.0059s ]
SQL: SELECT * FROM `ht_form` WHERE ( 1=1 AND id='58' ) LIMIT 1   [ RunTime:0.0020s ]
SQL: SELECT * FROM `ht_form` WHERE ( 1=1 AND id='142' ) LIMIT 1   [ RunTime:0.0020s ]
SQL: SELECT * FROM `ht_form` WHERE ( 1=1 AND id='135' ) LIMIT 1   [ RunTime:0.0010s ]
SQL: SELECT * FROM `ht_form` WHERE ( 1=1 AND id='136' ) LIMIT 1   [ RunTime:0.0010s ]
SQL: SELECT * FROM `ht_form` WHERE ( 1=1 AND id='135' ) LIMIT 1   [ RunTime:0.0010s ]
SQL: SELECT * FROM `ht_form` WHERE ( 1=1 AND id='58' ) LIMIT 1   [ RunTime:0.0020s ]
INFO: [ app_end ] --START--
INFO: Run Behavior\ShowPageTraceBehavior [ RunTime:0.050782s ]
INFO: [ app_end ] --END-- [ RunTime:0.050782s ]

[ 2015-09-06T10:52:42+08:00 ] ::1 /s/tp/wwwroot/index.php?s=/Flow/demo/index/getflow/ok.html
INFO: [ app_init ] --START--
INFO: Run Behavior\BuildLiteBehavior [ RunTime:0.000000s ]
INFO: [ app_init ] --END-- [ RunTime:0.009766s ]
INFO: [ app_begin ] --START--
INFO: Run Behavior\ReadHtmlCacheBehavior [ RunTime:0.010742s ]
INFO: [ app_begin ] --END-- [ RunTime:0.010742s ]
SQL: SHOW COLUMNS FROM `ht_flow` [ RunTime:0.0117s ]
SQL: SELECT COUNT(id) AS tp_count FROM `ht_flow` WHERE `is_del` = 0 LIMIT 1   [ RunTime:0.0020s ]
NOTIC: [8] Undefined variable: p D:\¹¤³ÌÇø\dzxt\s\tp\Application\Flow\Controller\DemoController.class.php ç¬¬ 22 è¡Œ.
NOTIC: [8] Trying to get property of non-object D:\¹¤³ÌÇø\dzxt\s\tp\Application\Flow\Controller\DemoController.class.php ç¬¬ 22 è¡Œ.
NOTIC: [8] Undefined variable: p D:\¹¤³ÌÇø\dzxt\s\tp\Application\Flow\Controller\DemoController.class.php ç¬¬ 22 è¡Œ.
NOTIC: [8] Trying to get property of non-object D:\¹¤³ÌÇø\dzxt\s\tp\Application\Flow\Controller\DemoController.class.php ç¬¬ 22 è¡Œ.
SQL: SELECT `id`,`form_id`,`flow_name`,`flow_desc`,`updatetime`,`dateline` FROM `ht_flow` WHERE `is_del` = 0 ORDER BY id desc  [ RunTime:0.0020s ]
SQL: SHOW COLUMNS FROM `ht_form` [ RunTime:0.0088s ]
SQL: SELECT * FROM `ht_form` WHERE ( 1=1 AND id='58' ) LIMIT 1   [ RunTime:0.0020s ]
SQL: SELECT * FROM `ht_form` WHERE ( 1=1 AND id='142' ) LIMIT 1   [ RunTime:0.0020s ]
SQL: SELECT * FROM `ht_form` WHERE ( 1=1 AND id='135' ) LIMIT 1   [ RunTime:0.0020s ]
SQL: SELECT * FROM `ht_form` WHERE ( 1=1 AND id='136' ) LIMIT 1   [ RunTime:0.0010s ]
SQL: SELECT * FROM `ht_form` WHERE ( 1=1 AND id='135' ) LIMIT 1   [ RunTime:0.0010s ]
SQL: SELECT * FROM `ht_form` WHERE ( 1=1 AND id='58' ) LIMIT 1   [ RunTime:0.0020s ]
INFO: [ app_end ] --START--
INFO: Run Behavior\ShowPageTraceBehavior [ RunTime:0.017578s ]
INFO: [ app_end ] --END-- [ RunTime:0.018555s ]

[ 2015-09-06T10:53:49+08:00 ] ::1 /s/tp/wwwroot/index.php?s=/Flow/demo/index/getflow/ok.html
INFO: [ app_init ] --START--
INFO: Run Behavior\BuildLiteBehavior [ RunTime:0.000000s ]
INFO: [ app_init ] --END-- [ RunTime:0.000000s ]
INFO: [ app_begin ] --START--
INFO: Run Behavior\ReadHtmlCacheBehavior [ RunTime:0.000976s ]
INFO: [ app_begin ] --END-- [ RunTime:0.000976s ]
SQL: SHOW COLUMNS FROM `ht_flow` [ RunTime:0.0039s ]
SQL: SELECT COUNT(id) AS tp_count FROM `ht_flow` WHERE `is_del` = 0 LIMIT 1   [ RunTime:0.0010s ]
NOTIC: [8] Undefined variable: p D:\¹¤³ÌÇø\dzxt\s\tp\Application\Flow\Controller\DemoController.class.php ç¬¬ 22 è¡Œ.
NOTIC: [8] Trying to get property of non-object D:\¹¤³ÌÇø\dzxt\s\tp\Application\Flow\Controller\DemoController.class.php ç¬¬ 22 è¡Œ.
NOTIC: [8] Undefined variable: p D:\¹¤³ÌÇø\dzxt\s\tp\Application\Flow\Controller\DemoController.class.php ç¬¬ 22 è¡Œ.
NOTIC: [8] Trying to get property of non-object D:\¹¤³ÌÇø\dzxt\s\tp\Application\Flow\Controller\DemoController.class.php ç¬¬ 22 è¡Œ.
SQL: SELECT `id`,`form_id`,`flow_name`,`flow_desc`,`updatetime`,`dateline` FROM `ht_flow` WHERE `is_del` = 0 ORDER BY id desc  [ RunTime:0.0010s ]
SQL: SHOW COLUMNS FROM `ht_form` [ RunTime:0.0059s ]
SQL: SELECT * FROM `ht_form` WHERE ( 1=1 AND id='58' ) LIMIT 1   [ RunTime:0.0068s ]
SQL: SELECT * FROM `ht_form` WHERE ( 1=1 AND id='142' ) LIMIT 1   [ RunTime:0.0010s ]
SQL: SELECT * FROM `ht_form` WHERE ( 1=1 AND id='135' ) LIMIT 1   [ RunTime:0.0010s ]
SQL: SELECT * FROM `ht_form` WHERE ( 1=1 AND id='136' ) LIMIT 1   [ RunTime:0.0029s ]
SQL: SELECT * FROM `ht_form` WHERE ( 1=1 AND id='135' ) LIMIT 1   [ RunTime:0.0020s ]
SQL: SELECT * FROM `ht_form` WHERE ( 1=1 AND id='58' ) LIMIT 1   [ RunTime:0.0010s ]
INFO: [ app_end ] --START--
INFO: Run Behavior\ShowPageTraceBehavior [ RunTime:0.000977s ]
INFO: [ app_end ] --END-- [ RunTime:0.000977s ]

[ 2015-09-06T10:58:40+08:00 ] ::1 /s/tp/wwwroot/index.php?s=/Flow/demo/index/getflow/ok.html
INFO: [ app_init ] --START--
INFO: Run Behavior\BuildLiteBehavior [ RunTime:0.000000s ]
INFO: [ app_init ] --END-- [ RunTime:0.000000s ]
INFO: [ app_begin ] --START--
INFO: Run Behavior\ReadHtmlCacheBehavior [ RunTime:0.000000s ]
INFO: [ app_begin ] --END-- [ RunTime:0.000000s ]
SQL: SHOW COLUMNS FROM `ht_flow` [ RunTime:0.0117s ]
SQL: SELECT COUNT(id) AS tp_count FROM `ht_flow` WHERE `is_del` = 0 LIMIT 1   [ RunTime:0.0059s ]
NOTIC: [8] Undefined variable: p D:\¹¤³ÌÇø\dzxt\s\tp\Application\Flow\Controller\DemoController.class.php ç¬¬ 22 è¡Œ.
NOTIC: [8] Trying to get property of non-object D:\¹¤³ÌÇø\dzxt\s\tp\Application\Flow\Controller\DemoController.class.php ç¬¬ 22 è¡Œ.
NOTIC: [8] Undefined variable: p D:\¹¤³ÌÇø\dzxt\s\tp\Application\Flow\Controller\DemoController.class.php ç¬¬ 22 è¡Œ.
NOTIC: [8] Trying to get property of non-object D:\¹¤³ÌÇø\dzxt\s\tp\Application\Flow\Controller\DemoController.class.php ç¬¬ 22 è¡Œ.
SQL: SELECT `id`,`form_id`,`flow_name`,`flow_desc`,`updatetime`,`dateline` FROM `ht_flow` WHERE `is_del` = 0 ORDER BY id desc  [ RunTime:0.0049s ]
SQL: SHOW COLUMNS FROM `ht_form` [ RunTime:0.0146s ]
SQL: SELECT * FROM `ht_form` WHERE ( 1=1 AND id='58' ) LIMIT 1   [ RunTime:0.0020s ]
SQL: SELECT * FROM `ht_form` WHERE ( 1=1 AND id='142' ) LIMIT 1   [ RunTime:0.0010s ]
SQL: SELECT * FROM `ht_form` WHERE ( 1=1 AND id='135' ) LIMIT 1   [ RunTime:0.0010s ]
SQL: SELECT * FROM `ht_form` WHERE ( 1=1 AND id='136' ) LIMIT 1   [ RunTime:0.0010s ]
SQL: SELECT * FROM `ht_form` WHERE ( 1=1 AND id='135' ) LIMIT 1   [ RunTime:0.0010s ]
SQL: SELECT * FROM `ht_form` WHERE ( 1=1 AND id='58' ) LIMIT 1   [ RunTime:0.0020s ]
INFO: [ app_end ] --START--
INFO: Run Behavior\ShowPageTraceBehavior [ RunTime:0.000000s ]
INFO: [ app_end ] --END-- [ RunTime:0.000000s ]

[ 2015-09-06T11:01:18+08:00 ] ::1 /s/tp/wwwroot/index.php?s=/Flow/demo/index/getflow/ok.html
INFO: [ app_init ] --START--
INFO: Run Behavior\BuildLiteBehavior [ RunTime:0.000000s ]
INFO: [ app_init ] --END-- [ RunTime:0.000976s ]
INFO: [ app_begin ] --START--
INFO: Run Behavior\ReadHtmlCacheBehavior [ RunTime:0.010742s ]
INFO: [ app_begin ] --END-- [ RunTime:0.010742s ]
SQL: SHOW COLUMNS FROM `ht_flow` [ RunTime:0.0059s ]
SQL: SELECT COUNT(id) AS tp_count FROM `ht_flow` WHERE `is_del` = 0 LIMIT 1   [ RunTime:0.0010s ]
NOTIC: [8] Undefined variable: p D:\¹¤³ÌÇø\dzxt\s\tp\Application\Flow\Controller\DemoController.class.php ç¬¬ 22 è¡Œ.
NOTIC: [8] Trying to get property of non-object D:\¹¤³ÌÇø\dzxt\s\tp\Application\Flow\Controller\DemoController.class.php ç¬¬ 22 è¡Œ.
NOTIC: [8] Undefined variable: p D:\¹¤³ÌÇø\dzxt\s\tp\Application\Flow\Controller\DemoController.class.php ç¬¬ 22 è¡Œ.
NOTIC: [8] Trying to get property of non-object D:\¹¤³ÌÇø\dzxt\s\tp\Application\Flow\Controller\DemoController.class.php ç¬¬ 22 è¡Œ.
SQL: SELECT `id`,`form_id`,`flow_name`,`flow_desc`,`updatetime`,`dateline` FROM `ht_flow` WHERE `is_del` = 0 ORDER BY id desc  [ RunTime:0.0010s ]
SQL: SHOW COLUMNS FROM `ht_form` [ RunTime:0.0078s ]
SQL: SELECT * FROM `ht_form` WHERE ( 1=1 AND id='58' ) LIMIT 1   [ RunTime:0.0020s ]
SQL: SELECT * FROM `ht_form` WHERE ( 1=1 AND id='142' ) LIMIT 1   [ RunTime:0.0020s ]
SQL: SELECT * FROM `ht_form` WHERE ( 1=1 AND id='135' ) LIMIT 1   [ RunTime:0.0020s ]
SQL: SELECT * FROM `ht_form` WHERE ( 1=1 AND id='136' ) LIMIT 1   [ RunTime:0.0020s ]
SQL: SELECT * FROM `ht_form` WHERE ( 1=1 AND id='135' ) LIMIT 1   [ RunTime:0.0010s ]
SQL: SELECT * FROM `ht_form` WHERE ( 1=1 AND id='58' ) LIMIT 1   [ RunTime:0.0010s ]
INFO: [ app_end ] --START--
INFO: Run Behavior\ShowPageTraceBehavior [ RunTime:0.022461s ]
INFO: [ app_end ] --END-- [ RunTime:0.022461s ]

[ 2015-09-06T11:02:17+08:00 ] ::1 /s/tp/wwwroot/index.php?s=/Flow/demo/index/getflow/ok.html
INFO: [ app_init ] --START--
INFO: Run Behavior\BuildLiteBehavior [ RunTime:0.000000s ]
INFO: [ app_init ] --END-- [ RunTime:0.000977s ]
INFO: [ app_begin ] --START--
INFO: Run Behavior\ReadHtmlCacheBehavior [ RunTime:0.000977s ]
INFO: [ app_begin ] --END-- [ RunTime:0.000977s ]
SQL: SHOW COLUMNS FROM `ht_flow` [ RunTime:0.0107s ]
SQL: SELECT COUNT(id) AS tp_count FROM `ht_flow` WHERE `is_del` = 0 LIMIT 1   [ RunTime:0.0020s ]
NOTIC: [8] Undefined variable: p D:\¹¤³ÌÇø\dzxt\s\tp\Application\Flow\Controller\DemoController.class.php ç¬¬ 22 è¡Œ.
NOTIC: [8] Trying to get property of non-object D:\¹¤³ÌÇø\dzxt\s\tp\Application\Flow\Controller\DemoController.class.php ç¬¬ 22 è¡Œ.
NOTIC: [8] Undefined variable: p D:\¹¤³ÌÇø\dzxt\s\tp\Application\Flow\Controller\DemoController.class.php ç¬¬ 22 è¡Œ.
NOTIC: [8] Trying to get property of non-object D:\¹¤³ÌÇø\dzxt\s\tp\Application\Flow\Controller\DemoController.class.php ç¬¬ 22 è¡Œ.
SQL: SELECT `id`,`form_id`,`flow_name`,`flow_desc`,`updatetime`,`dateline` FROM `ht_flow` WHERE `is_del` = 0 ORDER BY id desc  [ RunTime:0.0020s ]
SQL: SHOW COLUMNS FROM `ht_form` [ RunTime:0.0117s ]
SQL: SELECT * FROM `ht_form` WHERE ( 1=1 AND id='58' ) LIMIT 1   [ RunTime:0.0020s ]
SQL: SELECT * FROM `ht_form` WHERE ( 1=1 AND id='142' ) LIMIT 1   [ RunTime:0.0010s ]
SQL: SELECT * FROM `ht_form` WHERE ( 1=1 AND id='135' ) LIMIT 1   [ RunTime:0.0010s ]
SQL: SELECT * FROM `ht_form` WHERE ( 1=1 AND id='136' ) LIMIT 1   [ RunTime:0.0010s ]
SQL: SELECT * FROM `ht_form` WHERE ( 1=1 AND id='135' ) LIMIT 1   [ RunTime:0.0020s ]
SQL: SELECT * FROM `ht_form` WHERE ( 1=1 AND id='58' ) LIMIT 1   [ RunTime:0.0020s ]
INFO: [ app_end ] --START--
INFO: Run Behavior\ShowPageTraceBehavior [ RunTime:0.000976s ]
INFO: [ app_end ] --END-- [ RunTime:0.000976s ]

[ 2015-09-06T11:52:52+08:00 ] ::1 /s/tp/wwwroot/index.php?s=/Flow/demo/index/getflow/ok.html
INFO: [ app_init ] --START--
INFO: Run Behavior\BuildLiteBehavior [ RunTime:0.000000s ]
INFO: [ app_init ] --END-- [ RunTime:0.562500s ]
INFO: [ app_begin ] --START--
INFO: Run Behavior\ReadHtmlCacheBehavior [ RunTime:0.060547s ]
INFO: [ app_begin ] --END-- [ RunTime:0.060547s ]
SQL: SHOW COLUMNS FROM `ht_flow` [ RunTime:0.0117s ]
SQL: SELECT COUNT(id) AS tp_count FROM `ht_flow` WHERE `is_del` = 0 LIMIT 1   [ RunTime:0.0020s ]
NOTIC: [8] Undefined variable: p D:\¹¤³ÌÇø\dzxt\s\tp\Application\Flow\Controller\DemoController.class.php ç¬¬ 22 è¡Œ.
NOTIC: [8] Trying to get property of non-object D:\¹¤³ÌÇø\dzxt\s\tp\Application\Flow\Controller\DemoController.class.php ç¬¬ 22 è¡Œ.
NOTIC: [8] Undefined variable: p D:\¹¤³ÌÇø\dzxt\s\tp\Application\Flow\Controller\DemoController.class.php ç¬¬ 22 è¡Œ.
NOTIC: [8] Trying to get property of non-object D:\¹¤³ÌÇø\dzxt\s\tp\Application\Flow\Controller\DemoController.class.php ç¬¬ 22 è¡Œ.
SQL: SELECT `id`,`form_id`,`flow_name`,`flow_desc`,`updatetime`,`dateline` FROM `ht_flow` WHERE `is_del` = 0 ORDER BY id desc  [ RunTime:0.0020s ]
SQL: SHOW COLUMNS FROM `ht_form` [ RunTime:0.0186s ]
SQL: SELECT * FROM `ht_form` WHERE ( 1=1 AND id='58' ) LIMIT 1   [ RunTime:0.0020s ]
SQL: SELECT * FROM `ht_form` WHERE ( 1=1 AND id='142' ) LIMIT 1   [ RunTime:0.0020s ]
SQL: SELECT * FROM `ht_form` WHERE ( 1=1 AND id='135' ) LIMIT 1   [ RunTime:0.0010s ]
SQL: SELECT * FROM `ht_form` WHERE ( 1=1 AND id='136' ) LIMIT 1   [ RunTime:0.0010s ]
SQL: SELECT * FROM `ht_form` WHERE ( 1=1 AND id='135' ) LIMIT 1   [ RunTime:0.0039s ]
SQL: SELECT * FROM `ht_form` WHERE ( 1=1 AND id='58' ) LIMIT 1   [ RunTime:0.0010s ]
INFO: [ app_end ] --START--
INFO: Run Behavior\ShowPageTraceBehavior [ RunTime:0.026367s ]
INFO: [ app_end ] --END-- [ RunTime:0.026367s ]

[ 2015-09-06T11:53:22+08:00 ] ::1 /s/tp/wwwroot/index.php?s=/Flow/demo/index/getflow/ok.html
INFO: [ app_init ] --START--
INFO: Run Behavior\BuildLiteBehavior [ RunTime:0.000000s ]
INFO: [ app_init ] --END-- [ RunTime:0.002930s ]
INFO: [ app_begin ] --START--
INFO: Run Behavior\ReadHtmlCacheBehavior [ RunTime:0.000977s ]
INFO: [ app_begin ] --END-- [ RunTime:0.000977s ]
SQL: SHOW COLUMNS FROM `ht_flow` [ RunTime:0.0117s ]
SQL: SELECT COUNT(id) AS tp_count FROM `ht_flow` WHERE `is_del` = 0 LIMIT 1   [ RunTime:0.0039s ]
NOTIC: [8] Undefined variable: p D:\¹¤³ÌÇø\dzxt\s\tp\Application\Flow\Controller\DemoController.class.php ç¬¬ 22 è¡Œ.
NOTIC: [8] Trying to get property of non-object D:\¹¤³ÌÇø\dzxt\s\tp\Application\Flow\Controller\DemoController.class.php ç¬¬ 22 è¡Œ.
NOTIC: [8] Undefined variable: p D:\¹¤³ÌÇø\dzxt\s\tp\Application\Flow\Controller\DemoController.class.php ç¬¬ 22 è¡Œ.
NOTIC: [8] Trying to get property of non-object D:\¹¤³ÌÇø\dzxt\s\tp\Application\Flow\Controller\DemoController.class.php ç¬¬ 22 è¡Œ.
SQL: SELECT `id`,`form_id`,`flow_name`,`flow_desc`,`updatetime`,`dateline` FROM `ht_flow` WHERE `is_del` = 0 ORDER BY id desc  [ RunTime:0.0020s ]
SQL: SHOW COLUMNS FROM `ht_form` [ RunTime:0.0088s ]
SQL: SELECT * FROM `ht_form` WHERE ( 1=1 AND id='58' ) LIMIT 1   [ RunTime:0.0068s ]
SQL: SELECT * FROM `ht_form` WHERE ( 1=1 AND id='142' ) LIMIT 1   [ RunTime:0.0020s ]
SQL: SELECT * FROM `ht_form` WHERE ( 1=1 AND id='135' ) LIMIT 1   [ RunTime:0.0020s ]
SQL: SELECT * FROM `ht_form` WHERE ( 1=1 AND id='136' ) LIMIT 1   [ RunTime:0.0010s ]
SQL: SELECT * FROM `ht_form` WHERE ( 1=1 AND id='135' ) LIMIT 1   [ RunTime:0.0020s ]
SQL: SELECT * FROM `ht_form` WHERE ( 1=1 AND id='58' ) LIMIT 1   [ RunTime:0.0020s ]
INFO: [ app_end ] --START--
INFO: Run Behavior\ShowPageTraceBehavior [ RunTime:0.000977s ]
INFO: [ app_end ] --END-- [ RunTime:0.000977s ]

[ 2015-09-06T15:45:52+08:00 ] ::1 /s/tp/wwwroot/index.php?s=/Flow/demo/index/getflow/ok.html
INFO: [ app_init ] --START--
INFO: Run Behavior\BuildLiteBehavior [ RunTime:0.000000s ]
INFO: [ app_init ] --END-- [ RunTime:0.000976s ]
INFO: [ app_begin ] --START--
INFO: Run Behavior\ReadHtmlCacheBehavior [ RunTime:0.000000s ]
INFO: [ app_begin ] --END-- [ RunTime:0.000000s ]
SQL: SHOW COLUMNS FROM `ht_flow` [ RunTime:0.0049s ]
SQL: SELECT COUNT(id) AS tp_count FROM `ht_flow` WHERE `is_del` = 0 LIMIT 1   [ RunTime:0.0010s ]
NOTIC: [8] Undefined variable: p D:\¹¤³ÌÇø\dzxt\s\tp\Application\Flow\Controller\DemoController.class.php ç¬¬ 22 è¡Œ.
NOTIC: [8] Trying to get property of non-object D:\¹¤³ÌÇø\dzxt\s\tp\Application\Flow\Controller\DemoController.class.php ç¬¬ 22 è¡Œ.
NOTIC: [8] Undefined variable: p D:\¹¤³ÌÇø\dzxt\s\tp\Application\Flow\Controller\DemoController.class.php ç¬¬ 22 è¡Œ.
NOTIC: [8] Trying to get property of non-object D:\¹¤³ÌÇø\dzxt\s\tp\Application\Flow\Controller\DemoController.class.php ç¬¬ 22 è¡Œ.
SQL: SELECT `id`,`form_id`,`flow_name`,`flow_desc`,`updatetime`,`dateline` FROM `ht_flow` WHERE `is_del` = 0 ORDER BY id desc  [ RunTime:0.0010s ]
SQL: SHOW COLUMNS FROM `ht_form` [ RunTime:0.0039s ]
SQL: SELECT * FROM `ht_form` WHERE ( 1=1 AND id='58' ) LIMIT 1   [ RunTime:0.0020s ]
SQL: SELECT * FROM `ht_form` WHERE ( 1=1 AND id='142' ) LIMIT 1   [ RunTime:0.0010s ]
SQL: SELECT * FROM `ht_form` WHERE ( 1=1 AND id='135' ) LIMIT 1   [ RunTime:0.0020s ]
SQL: SELECT * FROM `ht_form` WHERE ( 1=1 AND id='136' ) LIMIT 1   [ RunTime:0.0010s ]
SQL: SELECT * FROM `ht_form` WHERE ( 1=1 AND id='135' ) LIMIT 1   [ RunTime:0.0010s ]
SQL: SELECT * FROM `ht_form` WHERE ( 1=1 AND id='58' ) LIMIT 1   [ RunTime:0.0020s ]
INFO: [ app_end ] --START--
INFO: Run Behavior\ShowPageTraceBehavior [ RunTime:0.000000s ]
INFO: [ app_end ] --END-- [ RunTime:0.000000s ]

