[ 2015-08-26T09:18:07+08:00 ] ::1 /s/tp/wwwroot/index.php?s=/Flow/demo/index/getflow/ok.html
INFO: [ app_init ] --START--
INFO: Run Behavior\BuildLiteBehavior [ RunTime:0.000000s ]
INFO: [ app_init ] --END-- [ RunTime:0.000000s ]
INFO: [ app_begin ] --START--
INFO: Run Behavior\ReadHtmlCacheBehavior [ RunTime:0.000977s ]
INFO: [ app_begin ] --END-- [ RunTime:0.000977s ]
SQL: SHOW COLUMNS FROM `ht_flow` [ RunTime:0.0059s ]
SQL: SELECT COUNT(id) AS tp_count FROM `ht_flow` WHERE `is_del` = 0 LIMIT 1   [ RunTime:0.0010s ]
NOTIC: [8] Undefined variable: p D:\¹¤³ÌÇø\dzxt\s\tp\Application\Flow\Controller\DemoController.class.php ç¬¬ 22 è¡Œ.
NOTIC: [8] Trying to get property of non-object D:\¹¤³ÌÇø\dzxt\s\tp\Application\Flow\Controller\DemoController.class.php ç¬¬ 22 è¡Œ.
NOTIC: [8] Undefined variable: p D:\¹¤³ÌÇø\dzxt\s\tp\Application\Flow\Controller\DemoController.class.php ç¬¬ 22 è¡Œ.
NOTIC: [8] Trying to get property of non-object D:\¹¤³ÌÇø\dzxt\s\tp\Application\Flow\Controller\DemoController.class.php ç¬¬ 22 è¡Œ.
SQL: SELECT `id`,`form_id`,`flow_name`,`flow_desc`,`updatetime`,`dateline` FROM `ht_flow` WHERE `is_del` = 0 ORDER BY id desc  [ RunTime:0.0020s ]
SQL: SHOW COLUMNS FROM `ht_form` [ RunTime:0.0068s ]
SQL: SELECT * FROM `ht_form` WHERE ( 1=1 AND id='142' ) LIMIT 1   [ RunTime:0.0020s ]
SQL: SELECT * FROM `ht_form` WHERE ( 1=1 AND id='135' ) LIMIT 1   [ RunTime:0.0020s ]
SQL: SELECT * FROM `ht_form` WHERE ( 1=1 AND id='136' ) LIMIT 1   [ RunTime:0.0020s ]
SQL: SELECT * FROM `ht_form` WHERE ( 1=1 AND id='135' ) LIMIT 1   [ RunTime:0.0010s ]
SQL: SELECT * FROM `ht_form` WHERE ( 1=1 AND id='58' ) LIMIT 1   [ RunTime:0.0020s ]
INFO: [ app_end ] --START--
INFO: Run Behavior\ShowPageTraceBehavior [ RunTime:0.000977s ]
INFO: [ app_end ] --END-- [ RunTime:0.000977s ]

[ 2015-08-26T13:58:17+08:00 ] ::1 /s/tp/wwwroot/index.php?s=/Flow/demo/index/getflow/ok.html
INFO: [ app_init ] --START--
INFO: Run Behavior\BuildLiteBehavior [ RunTime:0.000000s ]
INFO: [ app_init ] --END-- [ RunTime:0.360352s ]
INFO: [ app_begin ] --START--
INFO: Run Behavior\ReadHtmlCacheBehavior [ RunTime:0.062500s ]
INFO: [ app_begin ] --END-- [ RunTime:0.062500s ]
SQL: SHOW COLUMNS FROM `ht_flow` [ RunTime:0.0313s ]
SQL: SELECT COUNT(id) AS tp_count FROM `ht_flow` WHERE `is_del` = 0 LIMIT 1   [ RunTime:0.0156s ]
NOTIC: [8] Undefined variable: p D:\¹¤³ÌÇø\dzxt\s\tp\Application\Flow\Controller\DemoController.class.php ç¬¬ 22 è¡Œ.
NOTIC: [8] Trying to get property of non-object D:\¹¤³ÌÇø\dzxt\s\tp\Application\Flow\Controller\DemoController.class.php ç¬¬ 22 è¡Œ.
NOTIC: [8] Undefined variable: p D:\¹¤³ÌÇø\dzxt\s\tp\Application\Flow\Controller\DemoController.class.php ç¬¬ 22 è¡Œ.
NOTIC: [8] Trying to get property of non-object D:\¹¤³ÌÇø\dzxt\s\tp\Application\Flow\Controller\DemoController.class.php ç¬¬ 22 è¡Œ.
SQL: SELECT `id`,`form_id`,`flow_name`,`flow_desc`,`updatetime`,`dateline` FROM `ht_flow` WHERE `is_del` = 0 ORDER BY id desc  [ RunTime:0.0000s ]
SQL: SHOW COLUMNS FROM `ht_form` [ RunTime:0.0156s ]
SQL: SELECT * FROM `ht_form` WHERE ( 1=1 AND id='142' ) LIMIT 1   [ RunTime:0.0000s ]
SQL: SELECT * FROM `ht_form` WHERE ( 1=1 AND id='135' ) LIMIT 1   [ RunTime:0.0000s ]
SQL: SELECT * FROM `ht_form` WHERE ( 1=1 AND id='136' ) LIMIT 1   [ RunTime:0.0000s ]
SQL: SELECT * FROM `ht_form` WHERE ( 1=1 AND id='135' ) LIMIT 1   [ RunTime:0.0156s ]
SQL: SELECT * FROM `ht_form` WHERE ( 1=1 AND id='58' ) LIMIT 1   [ RunTime:0.0000s ]
INFO: [ app_end ] --START--
INFO: Run Behavior\ShowPageTraceBehavior [ RunTime:0.031250s ]
INFO: [ app_end ] --END-- [ RunTime:0.031250s ]

[ 2015-08-26T13:58:57+08:00 ] ::1 /s/tp/wwwroot/index.php?s=/Flow/demo/index/getflow/ok.html
INFO: [ app_init ] --START--
INFO: Run Behavior\BuildLiteBehavior [ RunTime:0.000000s ]
INFO: [ app_init ] --END-- [ RunTime:0.000000s ]
INFO: [ app_begin ] --START--
INFO: Run Behavior\ReadHtmlCacheBehavior [ RunTime:0.000976s ]
INFO: [ app_begin ] --END-- [ RunTime:0.000976s ]
SQL: SHOW COLUMNS FROM `ht_flow` [ RunTime:0.0098s ]
SQL: SELECT COUNT(id) AS tp_count FROM `ht_flow` WHERE `is_del` = 0 LIMIT 1   [ RunTime:0.0020s ]
NOTIC: [8] Undefined variable: p D:\¹¤³ÌÇø\dzxt\s\tp\Application\Flow\Controller\DemoController.class.php ç¬¬ 22 è¡Œ.
NOTIC: [8] Trying to get property of non-object D:\¹¤³ÌÇø\dzxt\s\tp\Application\Flow\Controller\DemoController.class.php ç¬¬ 22 è¡Œ.
NOTIC: [8] Undefined variable: p D:\¹¤³ÌÇø\dzxt\s\tp\Application\Flow\Controller\DemoController.class.php ç¬¬ 22 è¡Œ.
NOTIC: [8] Trying to get property of non-object D:\¹¤³ÌÇø\dzxt\s\tp\Application\Flow\Controller\DemoController.class.php ç¬¬ 22 è¡Œ.
SQL: SELECT `id`,`form_id`,`flow_name`,`flow_desc`,`updatetime`,`dateline` FROM `ht_flow` WHERE `is_del` = 0 ORDER BY id desc  [ RunTime:0.0020s ]
SQL: SHOW COLUMNS FROM `ht_form` [ RunTime:0.0117s ]
SQL: SELECT * FROM `ht_form` WHERE ( 1=1 AND id='142' ) LIMIT 1   [ RunTime:0.0029s ]
SQL: SELECT * FROM `ht_form` WHERE ( 1=1 AND id='135' ) LIMIT 1   [ RunTime:0.0020s ]
SQL: SELECT * FROM `ht_form` WHERE ( 1=1 AND id='136' ) LIMIT 1   [ RunTime:0.0020s ]
SQL: SELECT * FROM `ht_form` WHERE ( 1=1 AND id='135' ) LIMIT 1   [ RunTime:0.0010s ]
SQL: SELECT * FROM `ht_form` WHERE ( 1=1 AND id='58' ) LIMIT 1   [ RunTime:0.0020s ]
INFO: [ app_end ] --START--
INFO: Run Behavior\ShowPageTraceBehavior [ RunTime:0.000976s ]
INFO: [ app_end ] --END-- [ RunTime:0.000976s ]

