[ 2015-11-21T14:00:09+08:00 ] 14.208.189.122 /s/tp/wwwroot/index.php?s=/Flow/run/getflowlist/type/getmyflow
INFO: [ app_init ] --START--
INFO: Run Behavior\BuildLiteBehavior [ RunTime:0.000021s ]
INFO: [ app_init ] --END-- [ RunTime:0.000151s ]
INFO: [ app_begin ] --START--
INFO: Run Behavior\ReadHtmlCacheBehavior [ RunTime:0.000070s ]
INFO: [ app_begin ] --END-- [ RunTime:0.000155s ]
NOTIC: [2048] Declaration of Flow\Controller\RunController::show() should be compatible with Think\Controller::show($content, $charset = '', $contentType = '', $prefix = '') /var/www/dzxt/s/tp/Application/Flow/Controller/RunController.class.php 第 4 行.
SQL: SHOW COLUMNS FROM `ht_run` [ RunTime:0.0009s ]
SQL: SELECT * FROM `ht_run` WHERE `uid` = '190'  [ RunTime:0.0004s ]
NOTIC: [8] Undefined variable: is_finish /var/www/dzxt/s/tp/Application/Flow/Controller/RunController.class.php 第 466 行.
NOTIC: [8] Undefined variable: is_finish /var/www/dzxt/s/tp/Application/Flow/Controller/RunController.class.php 第 466 行.
NOTIC: [8] Undefined variable: is_finish /var/www/dzxt/s/tp/Application/Flow/Controller/RunController.class.php 第 466 行.
NOTIC: [8] Undefined variable: is_finish /var/www/dzxt/s/tp/Application/Flow/Controller/RunController.class.php 第 466 行.
NOTIC: [8] Undefined variable: is_finish /var/www/dzxt/s/tp/Application/Flow/Controller/RunController.class.php 第 466 行.
NOTIC: [8] Undefined variable: is_finish /var/www/dzxt/s/tp/Application/Flow/Controller/RunController.class.php 第 466 行.
NOTIC: [8] Undefined variable: is_finish /var/www/dzxt/s/tp/Application/Flow/Controller/RunController.class.php 第 466 行.
NOTIC: [8] Undefined variable: is_finish /var/www/dzxt/s/tp/Application/Flow/Controller/RunController.class.php 第 466 行.
NOTIC: [8] Undefined variable: is_finish /var/www/dzxt/s/tp/Application/Flow/Controller/RunController.class.php 第 466 行.
NOTIC: [8] Undefined variable: is_finish /var/www/dzxt/s/tp/Application/Flow/Controller/RunController.class.php 第 466 行.
NOTIC: [8] Undefined variable: is_finish /var/www/dzxt/s/tp/Application/Flow/Controller/RunController.class.php 第 466 行.
NOTIC: [8] Undefined variable: is_finish /var/www/dzxt/s/tp/Application/Flow/Controller/RunController.class.php 第 466 行.
NOTIC: [8] Undefined variable: is_finish /var/www/dzxt/s/tp/Application/Flow/Controller/RunController.class.php 第 466 行.
NOTIC: [8] Undefined variable: is_finish /var/www/dzxt/s/tp/Application/Flow/Controller/RunController.class.php 第 466 行.
NOTIC: [8] Undefined variable: is_finish /var/www/dzxt/s/tp/Application/Flow/Controller/RunController.class.php 第 466 行.
NOTIC: [8] Undefined variable: is_finish /var/www/dzxt/s/tp/Application/Flow/Controller/RunController.class.php 第 466 行.
NOTIC: [8] Undefined variable: is_finish /var/www/dzxt/s/tp/Application/Flow/Controller/RunController.class.php 第 466 行.
NOTIC: [8] Undefined variable: is_finish /var/www/dzxt/s/tp/Application/Flow/Controller/RunController.class.php 第 466 行.
NOTIC: [8] Undefined variable: is_finish /var/www/dzxt/s/tp/Application/Flow/Controller/RunController.class.php 第 466 行.
NOTIC: [8] Undefined variable: is_finish /var/www/dzxt/s/tp/Application/Flow/Controller/RunController.class.php 第 466 行.
NOTIC: [8] Undefined variable: is_finish /var/www/dzxt/s/tp/Application/Flow/Controller/RunController.class.php 第 466 行.
NOTIC: [8] Undefined variable: is_finish /var/www/dzxt/s/tp/Application/Flow/Controller/RunController.class.php 第 466 行.
NOTIC: [8] Undefined variable: is_finish /var/www/dzxt/s/tp/Application/Flow/Controller/RunController.class.php 第 466 行.
NOTIC: [8] Undefined variable: is_finish /var/www/dzxt/s/tp/Application/Flow/Controller/RunController.class.php 第 466 行.
NOTIC: [8] Undefined variable: is_finish /var/www/dzxt/s/tp/Application/Flow/Controller/RunController.class.php 第 466 行.
NOTIC: [8] Undefined variable: is_finish /var/www/dzxt/s/tp/Application/Flow/Controller/RunController.class.php 第 466 行.
NOTIC: [8] Undefined variable: is_finish /var/www/dzxt/s/tp/Application/Flow/Controller/RunController.class.php 第 466 行.
NOTIC: [8] Undefined variable: is_finish /var/www/dzxt/s/tp/Application/Flow/Controller/RunController.class.php 第 466 行.
NOTIC: [8] Undefined variable: is_finish /var/www/dzxt/s/tp/Application/Flow/Controller/RunController.class.php 第 466 行.
NOTIC: [8] Undefined variable: is_finish /var/www/dzxt/s/tp/Application/Flow/Controller/RunController.class.php 第 466 行.
NOTIC: [8] Undefined variable: is_finish /var/www/dzxt/s/tp/Application/Flow/Controller/RunController.class.php 第 466 行.
NOTIC: [8] Undefined variable: is_finish /var/www/dzxt/s/tp/Application/Flow/Controller/RunController.class.php 第 466 行.
NOTIC: [8] Undefined variable: is_finish /var/www/dzxt/s/tp/Application/Flow/Controller/RunController.class.php 第 466 行.
INFO: [ view_parse ] --START--
INFO: [ template_filter ] --START--
INFO: Run Behavior\ContentReplaceBehavior [ RunTime:0.000054s ]
INFO: [ template_filter ] --END-- [ RunTime:0.000144s ]
INFO: Run Behavior\ParseTemplateBehavior [ RunTime:0.009251s ]
INFO: [ view_parse ] --END-- [ RunTime:0.009340s ]
INFO: [ view_filter ] --START--
INFO: Run Behavior\WriteHtmlCacheBehavior [ RunTime:0.000195s ]
INFO: [ view_filter ] --END-- [ RunTime:0.000275s ]
INFO: [ app_end ] --START--
INFO: Run Behavior\ShowPageTraceBehavior [ RunTime:0.000066s ]
INFO: [ app_end ] --END-- [ RunTime:0.000147s ]

[ 2015-11-21T14:00:23+08:00 ] 14.208.189.122 /s/tp/wwwroot/index.php?s=/Flow/run/getflowlist/type/getmyendflow
INFO: [ app_init ] --START--
INFO: Run Behavior\BuildLiteBehavior [ RunTime:0.000020s ]
INFO: [ app_init ] --END-- [ RunTime:0.000149s ]
INFO: [ app_begin ] --START--
INFO: Run Behavior\ReadHtmlCacheBehavior [ RunTime:0.000069s ]
INFO: [ app_begin ] --END-- [ RunTime:0.000152s ]
NOTIC: [2048] Declaration of Flow\Controller\RunController::show() should be compatible with Think\Controller::show($content, $charset = '', $contentType = '', $prefix = '') /var/www/dzxt/s/tp/Application/Flow/Controller/RunController.class.php 第 4 行.
SQL: SHOW COLUMNS FROM `ht_run` [ RunTime:0.0009s ]
SQL: SELECT * FROM `ht_run` WHERE `uid` = '190' AND ( `is_finish` = 2 OR `is_finish` = 4 )  [ RunTime:0.0004s ]
NOTIC: [2] Invalid argument supplied for foreach() /var/www/dzxt/s/tp/Application/Flow/Controller/RunController.class.php 第 457 行.
INFO: [ view_parse ] --START--
INFO: [ template_filter ] --START--
INFO: Run Behavior\ContentReplaceBehavior [ RunTime:0.000049s ]
INFO: [ template_filter ] --END-- [ RunTime:0.000133s ]
INFO: Run Behavior\ParseTemplateBehavior [ RunTime:0.003083s ]
INFO: [ view_parse ] --END-- [ RunTime:0.003180s ]
INFO: [ view_filter ] --START--
INFO: Run Behavior\WriteHtmlCacheBehavior [ RunTime:0.000057s ]
INFO: [ view_filter ] --END-- [ RunTime:0.000136s ]
INFO: [ app_end ] --START--
INFO: Run Behavior\ShowPageTraceBehavior [ RunTime:0.000060s ]
INFO: [ app_end ] --END-- [ RunTime:0.000138s ]

[ 2015-11-21T14:01:49+08:00 ] 14.208.189.122 /s/tp/wwwroot/index.php?s=/Flow/run/getflowlist/type/chulinode
INFO: [ app_init ] --START--
INFO: Run Behavior\BuildLiteBehavior [ RunTime:0.000021s ]
INFO: [ app_init ] --END-- [ RunTime:0.000168s ]
INFO: [ app_begin ] --START--
INFO: Run Behavior\ReadHtmlCacheBehavior [ RunTime:0.000071s ]
INFO: [ app_begin ] --END-- [ RunTime:0.000156s ]
NOTIC: [2048] Declaration of Flow\Controller\RunController::show() should be compatible with Think\Controller::show($content, $charset = '', $contentType = '', $prefix = '') /var/www/dzxt/s/tp/Application/Flow/Controller/RunController.class.php 第 4 行.
SQL: SHOW COLUMNS FROM `ht_run_process` [ RunTime:0.0011s ]
SQL: SELECT * FROM `ht_run_process` WHERE `uid` = 190 AND `status` = 1  [ RunTime:0.0004s ]
SQL: SHOW COLUMNS FROM `ht_run` [ RunTime:0.0007s ]
SQL: SELECT * FROM `ht_run` WHERE ( id=2004 ) LIMIT 1   [ RunTime:0.0002s ]
SQL: SHOW COLUMNS FROM `ht_flow_process` [ RunTime:0.0013s ]
SQL: SELECT * FROM `ht_flow_process` WHERE ( id=158 ) LIMIT 1   [ RunTime:0.0002s ]
SQL: SELECT * FROM `ht_run` WHERE ( id=2005 ) LIMIT 1   [ RunTime:0.0001s ]
INFO: [ view_parse ] --START--
INFO: [ template_filter ] --START--
INFO: Run Behavior\ContentReplaceBehavior [ RunTime:0.000069s ]
INFO: [ template_filter ] --END-- [ RunTime:0.000168s ]
INFO: Run Behavior\ParseTemplateBehavior [ RunTime:0.003128s ]
INFO: [ view_parse ] --END-- [ RunTime:0.003218s ]
INFO: [ view_filter ] --START--
INFO: Run Behavior\WriteHtmlCacheBehavior [ RunTime:0.000059s ]
INFO: [ view_filter ] --END-- [ RunTime:0.000136s ]
INFO: [ app_end ] --START--
INFO: Run Behavior\ShowPageTraceBehavior [ RunTime:0.000065s ]
INFO: [ app_end ] --END-- [ RunTime:0.000144s ]

[ 2015-11-21T14:01:53+08:00 ] 14.208.189.122 /s/tp/wwwroot/index.php?s=/Flow/run/getflowlist/type/chuliendnode
INFO: [ app_init ] --START--
INFO: Run Behavior\BuildLiteBehavior [ RunTime:0.000023s ]
INFO: [ app_init ] --END-- [ RunTime:0.000176s ]
INFO: [ app_begin ] --START--
INFO: Run Behavior\ReadHtmlCacheBehavior [ RunTime:0.000083s ]
INFO: [ app_begin ] --END-- [ RunTime:0.000175s ]
NOTIC: [2048] Declaration of Flow\Controller\RunController::show() should be compatible with Think\Controller::show($content, $charset = '', $contentType = '', $prefix = '') /var/www/dzxt/s/tp/Application/Flow/Controller/RunController.class.php 第 4 行.
SQL: SHOW COLUMNS FROM `ht_run_process` [ RunTime:0.0011s ]
SQL: SELECT * FROM `ht_run_process` WHERE ( uid=190 )  [ RunTime:0.0005s ]
SQL: SHOW COLUMNS FROM `ht_run` [ RunTime:0.0007s ]
SQL: SELECT * FROM `ht_run` WHERE ( id=1745 ) LIMIT 1   [ RunTime:0.0001s ]
SQL: SHOW COLUMNS FROM `ht_flow_process` [ RunTime:0.0012s ]
SQL: SELECT * FROM `ht_flow_process` WHERE ( id=126 ) LIMIT 1   [ RunTime:0.0002s ]
NOTIC: [8] Undefined offset: 0 /var/www/dzxt/s/tp/Application/Flow/Controller/RunController.class.php 第 413 行.
SQL: SELECT * FROM `ht_run` WHERE ( id=1746 ) LIMIT 1   [ RunTime:0.0001s ]
SQL: SELECT * FROM `ht_flow_process` WHERE ( id=128 ) LIMIT 1   [ RunTime:0.0002s ]
NOTIC: [8] Undefined offset: 0 /var/www/dzxt/s/tp/Application/Flow/Controller/RunController.class.php 第 413 行.
SQL: SELECT * FROM `ht_run` WHERE ( id=1747 ) LIMIT 1   [ RunTime:0.0001s ]
NOTIC: [8] Undefined offset: 0 /var/www/dzxt/s/tp/Application/Flow/Controller/RunController.class.php 第 413 行.
SQL: SELECT * FROM `ht_run` WHERE ( id=1748 ) LIMIT 1   [ RunTime:0.0001s ]
NOTIC: [8] Undefined offset: 0 /var/www/dzxt/s/tp/Application/Flow/Controller/RunController.class.php 第 413 行.
SQL: SELECT * FROM `ht_run` WHERE ( id=1749 ) LIMIT 1   [ RunTime:0.0002s ]
NOTIC: [8] Undefined offset: 0 /var/www/dzxt/s/tp/Application/Flow/Controller/RunController.class.php 第 413 行.
SQL: SELECT * FROM `ht_run` WHERE ( id=1750 ) LIMIT 1   [ RunTime:0.0002s ]
NOTIC: [8] Undefined offset: 0 /var/www/dzxt/s/tp/Application/Flow/Controller/RunController.class.php 第 413 行.
SQL: SELECT * FROM `ht_run` WHERE ( id=1751 ) LIMIT 1   [ RunTime:0.0001s ]
NOTIC: [8] Undefined offset: 0 /var/www/dzxt/s/tp/Application/Flow/Controller/RunController.class.php 第 413 行.
SQL: SELECT * FROM `ht_run` WHERE ( id=1752 ) LIMIT 1   [ RunTime:0.0002s ]
NOTIC: [8] Undefined offset: 0 /var/www/dzxt/s/tp/Application/Flow/Controller/RunController.class.php 第 413 行.
SQL: SELECT * FROM `ht_run` WHERE ( id=1753 ) LIMIT 1   [ RunTime:0.0001s ]
NOTIC: [8] Undefined offset: 0 /var/www/dzxt/s/tp/Application/Flow/Controller/RunController.class.php 第 413 行.
SQL: SELECT * FROM `ht_run` WHERE ( id=1757 ) LIMIT 1   [ RunTime:0.0001s ]
NOTIC: [8] Undefined offset: 0 /var/www/dzxt/s/tp/Application/Flow/Controller/RunController.class.php 第 413 行.
SQL: SELECT * FROM `ht_run` WHERE ( id=1758 ) LIMIT 1   [ RunTime:0.0002s ]
NOTIC: [8] Undefined offset: 0 /var/www/dzxt/s/tp/Application/Flow/Controller/RunController.class.php 第 413 行.
SQL: SELECT * FROM `ht_run` WHERE ( id=1759 ) LIMIT 1   [ RunTime:0.0001s ]
SQL: SELECT * FROM `ht_flow_process` WHERE ( id=130 ) LIMIT 1   [ RunTime:0.0002s ]
NOTIC: [8] Undefined offset: 0 /var/www/dzxt/s/tp/Application/Flow/Controller/RunController.class.php 第 413 行.
SQL: SELECT * FROM `ht_run` WHERE ( id=1760 ) LIMIT 1   [ RunTime:0.0001s ]
SQL: SELECT * FROM `ht_flow_process` WHERE ( id=131 ) LIMIT 1   [ RunTime:0.0002s ]
NOTIC: [8] Undefined offset: 0 /var/www/dzxt/s/tp/Application/Flow/Controller/RunController.class.php 第 413 行.
SQL: SELECT * FROM `ht_run` WHERE ( id=1761 ) LIMIT 1   [ RunTime:0.0001s ]
SQL: SELECT * FROM `ht_flow_process` WHERE ( id=141 ) LIMIT 1   [ RunTime:0.0002s ]
NOTIC: [8] Undefined offset: 0 /var/www/dzxt/s/tp/Application/Flow/Controller/RunController.class.php 第 413 行.
SQL: SELECT * FROM `ht_run` WHERE ( id=1762 ) LIMIT 1   [ RunTime:0.0001s ]
NOTIC: [8] Undefined offset: 0 /var/www/dzxt/s/tp/Application/Flow/Controller/RunController.class.php 第 413 行.
SQL: SELECT * FROM `ht_run` WHERE ( id=1763 ) LIMIT 1   [ RunTime:0.0001s ]
SQL: SELECT * FROM `ht_flow_process` WHERE ( id=157 ) LIMIT 1   [ RunTime:0.0002s ]
NOTIC: [8] Undefined offset: 0 /var/www/dzxt/s/tp/Application/Flow/Controller/RunController.class.php 第 413 行.
SQL: SELECT * FROM `ht_run` WHERE ( id=1841 ) LIMIT 1   [ RunTime:0.0001s ]
NOTIC: [8] Undefined offset: 0 /var/www/dzxt/s/tp/Application/Flow/Controller/RunController.class.php 第 413 行.
SQL: SELECT * FROM `ht_run` WHERE ( id=1842 ) LIMIT 1   [ RunTime:0.0001s ]
NOTIC: [8] Undefined offset: 0 /var/www/dzxt/s/tp/Application/Flow/Controller/RunController.class.php 第 413 行.
SQL: SELECT * FROM `ht_run` WHERE ( id=1843 ) LIMIT 1   [ RunTime:0.0001s ]
NOTIC: [8] Undefined offset: 0 /var/www/dzxt/s/tp/Application/Flow/Controller/RunController.class.php 第 413 行.
SQL: SELECT * FROM `ht_run` WHERE ( id=1844 ) LIMIT 1   [ RunTime:0.0001s ]
NOTIC: [8] Undefined offset: 0 /var/www/dzxt/s/tp/Application/Flow/Controller/RunController.class.php 第 413 行.
SQL: SELECT * FROM `ht_run` WHERE ( id=1858 ) LIMIT 1   [ RunTime:0.0001s ]
NOTIC: [8] Undefined offset: 0 /var/www/dzxt/s/tp/Application/Flow/Controller/RunController.class.php 第 413 行.
SQL: SELECT * FROM `ht_run` WHERE ( id=1883 ) LIMIT 1   [ RunTime:0.0001s ]
NOTIC: [8] Undefined offset: 0 /var/www/dzxt/s/tp/Application/Flow/Controller/RunController.class.php 第 413 行.
SQL: SELECT * FROM `ht_run` WHERE ( id=1884 ) LIMIT 1   [ RunTime:0.0001s ]
NOTIC: [8] Undefined offset: 0 /var/www/dzxt/s/tp/Application/Flow/Controller/RunController.class.php 第 413 行.
SQL: SELECT * FROM `ht_run` WHERE ( id=1885 ) LIMIT 1   [ RunTime:0.0001s ]
NOTIC: [8] Undefined offset: 0 /var/www/dzxt/s/tp/Application/Flow/Controller/RunController.class.php 第 413 行.
SQL: SELECT * FROM `ht_run` WHERE ( id=1894 ) LIMIT 1   [ RunTime:0.0001s ]
NOTIC: [8] Undefined offset: 0 /var/www/dzxt/s/tp/Application/Flow/Controller/RunController.class.php 第 413 行.
SQL: SELECT * FROM `ht_run` WHERE ( id=1895 ) LIMIT 1   [ RunTime:0.0001s ]
NOTIC: [8] Undefined offset: 0 /var/www/dzxt/s/tp/Application/Flow/Controller/RunController.class.php 第 413 行.
SQL: SELECT * FROM `ht_run` WHERE ( id=1896 ) LIMIT 1   [ RunTime:0.0001s ]
NOTIC: [8] Undefined offset: 0 /var/www/dzxt/s/tp/Application/Flow/Controller/RunController.class.php 第 413 行.
SQL: SELECT * FROM `ht_run` WHERE ( id=1897 ) LIMIT 1   [ RunTime:0.0001s ]
NOTIC: [8] Undefined offset: 0 /var/www/dzxt/s/tp/Application/Flow/Controller/RunController.class.php 第 413 行.
SQL: SELECT * FROM `ht_run` WHERE ( id=1898 ) LIMIT 1   [ RunTime:0.0001s ]
NOTIC: [8] Undefined offset: 0 /var/www/dzxt/s/tp/Application/Flow/Controller/RunController.class.php 第 413 行.
SQL: SELECT * FROM `ht_run` WHERE ( id=1899 ) LIMIT 1   [ RunTime:0.0001s ]
NOTIC: [8] Undefined offset: 0 /var/www/dzxt/s/tp/Application/Flow/Controller/RunController.class.php 第 413 行.
SQL: SELECT * FROM `ht_run` WHERE ( id=1900 ) LIMIT 1   [ RunTime:0.0001s ]
NOTIC: [8] Undefined offset: 0 /var/www/dzxt/s/tp/Application/Flow/Controller/RunController.class.php 第 413 行.
INFO: [ view_parse ] --START--
INFO: [ template_filter ] --START--
INFO: Run Behavior\ContentReplaceBehavior [ RunTime:0.000052s ]
INFO: [ template_filter ] --END-- [ RunTime:0.000139s ]
INFO: Run Behavior\ParseTemplateBehavior [ RunTime:0.003174s ]
INFO: [ view_parse ] --END-- [ RunTime:0.003266s ]
INFO: [ view_filter ] --START--
INFO: Run Behavior\WriteHtmlCacheBehavior [ RunTime:0.000059s ]
INFO: [ view_filter ] --END-- [ RunTime:0.000137s ]
INFO: [ app_end ] --START--
INFO: Run Behavior\ShowPageTraceBehavior [ RunTime:0.000066s ]
INFO: [ app_end ] --END-- [ RunTime:0.000145s ]

[ 2015-11-21T15:21:17+08:00 ] 14.208.189.122 /s/tp/wwwroot/index.php?s=/Flow/run/getflowlist/type/chulinode
INFO: [ app_init ] --START--
INFO: Run Behavior\BuildLiteBehavior [ RunTime:0.000020s ]
INFO: [ app_init ] --END-- [ RunTime:0.000143s ]
INFO: [ app_begin ] --START--
INFO: Run Behavior\ReadHtmlCacheBehavior [ RunTime:0.000062s ]
INFO: [ app_begin ] --END-- [ RunTime:0.000146s ]
NOTIC: [2048] Declaration of Flow\Controller\RunController::show() should be compatible with Think\Controller::show($content, $charset = '', $contentType = '', $prefix = '') /var/www/dzxt/s/tp/Application/Flow/Controller/RunController.class.php 第 4 行.
SQL: SHOW COLUMNS FROM `ht_run_process` [ RunTime:0.0009s ]
SQL: SELECT * FROM `ht_run_process` WHERE `uid` = 190 AND `status` = 1  [ RunTime:0.0003s ]
SQL: SHOW COLUMNS FROM `ht_run` [ RunTime:0.0007s ]
SQL: SELECT * FROM `ht_run` WHERE ( id=2004 ) LIMIT 1   [ RunTime:0.0002s ]
SQL: SHOW COLUMNS FROM `ht_flow_process` [ RunTime:0.0012s ]
SQL: SELECT * FROM `ht_flow_process` WHERE ( id=158 ) LIMIT 1   [ RunTime:0.0002s ]
SQL: SELECT * FROM `ht_run` WHERE ( id=2005 ) LIMIT 1   [ RunTime:0.0002s ]
INFO: [ view_parse ] --START--
INFO: [ template_filter ] --START--
INFO: Run Behavior\ContentReplaceBehavior [ RunTime:0.000052s ]
INFO: [ template_filter ] --END-- [ RunTime:0.000147s ]
INFO: Run Behavior\ParseTemplateBehavior [ RunTime:0.003098s ]
INFO: [ view_parse ] --END-- [ RunTime:0.003188s ]
INFO: [ view_filter ] --START--
INFO: Run Behavior\WriteHtmlCacheBehavior [ RunTime:0.000060s ]
INFO: [ view_filter ] --END-- [ RunTime:0.000137s ]
INFO: [ app_end ] --START--
INFO: Run Behavior\ShowPageTraceBehavior [ RunTime:0.000060s ]
INFO: [ app_end ] --END-- [ RunTime:0.000140s ]

[ 2015-11-21T15:21:17+08:00 ] 14.208.189.122 /s/tp/wwwroot/index.php?s=/Flow/run/getflowlist/type/chuliendnode
INFO: [ app_init ] --START--
INFO: Run Behavior\BuildLiteBehavior [ RunTime:0.000021s ]
INFO: [ app_init ] --END-- [ RunTime:0.000146s ]
INFO: [ app_begin ] --START--
INFO: Run Behavior\ReadHtmlCacheBehavior [ RunTime:0.000061s ]
INFO: [ app_begin ] --END-- [ RunTime:0.000144s ]
NOTIC: [2048] Declaration of Flow\Controller\RunController::show() should be compatible with Think\Controller::show($content, $charset = '', $contentType = '', $prefix = '') /var/www/dzxt/s/tp/Application/Flow/Controller/RunController.class.php 第 4 行.
SQL: SHOW COLUMNS FROM `ht_run_process` [ RunTime:0.0008s ]
SQL: SELECT * FROM `ht_run_process` WHERE ( uid=190 )  [ RunTime:0.0004s ]
SQL: SHOW COLUMNS FROM `ht_run` [ RunTime:0.0007s ]
SQL: SELECT * FROM `ht_run` WHERE ( id=1745 ) LIMIT 1   [ RunTime:0.0002s ]
SQL: SHOW COLUMNS FROM `ht_flow_process` [ RunTime:0.0012s ]
SQL: SELECT * FROM `ht_flow_process` WHERE ( id=126 ) LIMIT 1   [ RunTime:0.0002s ]
NOTIC: [8] Undefined offset: 0 /var/www/dzxt/s/tp/Application/Flow/Controller/RunController.class.php 第 413 行.
SQL: SELECT * FROM `ht_run` WHERE ( id=1746 ) LIMIT 1   [ RunTime:0.0001s ]
SQL: SELECT * FROM `ht_flow_process` WHERE ( id=128 ) LIMIT 1   [ RunTime:0.0002s ]
NOTIC: [8] Undefined offset: 0 /var/www/dzxt/s/tp/Application/Flow/Controller/RunController.class.php 第 413 行.
SQL: SELECT * FROM `ht_run` WHERE ( id=1747 ) LIMIT 1   [ RunTime:0.0001s ]
NOTIC: [8] Undefined offset: 0 /var/www/dzxt/s/tp/Application/Flow/Controller/RunController.class.php 第 413 行.
SQL: SELECT * FROM `ht_run` WHERE ( id=1748 ) LIMIT 1   [ RunTime:0.0001s ]
NOTIC: [8] Undefined offset: 0 /var/www/dzxt/s/tp/Application/Flow/Controller/RunController.class.php 第 413 行.
SQL: SELECT * FROM `ht_run` WHERE ( id=1749 ) LIMIT 1   [ RunTime:0.0001s ]
NOTIC: [8] Undefined offset: 0 /var/www/dzxt/s/tp/Application/Flow/Controller/RunController.class.php 第 413 行.
SQL: SELECT * FROM `ht_run` WHERE ( id=1750 ) LIMIT 1   [ RunTime:0.0001s ]
NOTIC: [8] Undefined offset: 0 /var/www/dzxt/s/tp/Application/Flow/Controller/RunController.class.php 第 413 行.
SQL: SELECT * FROM `ht_run` WHERE ( id=1751 ) LIMIT 1   [ RunTime:0.0001s ]
NOTIC: [8] Undefined offset: 0 /var/www/dzxt/s/tp/Application/Flow/Controller/RunController.class.php 第 413 行.
SQL: SELECT * FROM `ht_run` WHERE ( id=1752 ) LIMIT 1   [ RunTime:0.0001s ]
NOTIC: [8] Undefined offset: 0 /var/www/dzxt/s/tp/Application/Flow/Controller/RunController.class.php 第 413 行.
SQL: SELECT * FROM `ht_run` WHERE ( id=1753 ) LIMIT 1   [ RunTime:0.0001s ]
NOTIC: [8] Undefined offset: 0 /var/www/dzxt/s/tp/Application/Flow/Controller/RunController.class.php 第 413 行.
SQL: SELECT * FROM `ht_run` WHERE ( id=1757 ) LIMIT 1   [ RunTime:0.0002s ]
NOTIC: [8] Undefined offset: 0 /var/www/dzxt/s/tp/Application/Flow/Controller/RunController.class.php 第 413 行.
SQL: SELECT * FROM `ht_run` WHERE ( id=1758 ) LIMIT 1   [ RunTime:0.0001s ]
NOTIC: [8] Undefined offset: 0 /var/www/dzxt/s/tp/Application/Flow/Controller/RunController.class.php 第 413 行.
SQL: SELECT * FROM `ht_run` WHERE ( id=1759 ) LIMIT 1   [ RunTime:0.0001s ]
SQL: SELECT * FROM `ht_flow_process` WHERE ( id=130 ) LIMIT 1   [ RunTime:0.0002s ]
NOTIC: [8] Undefined offset: 0 /var/www/dzxt/s/tp/Application/Flow/Controller/RunController.class.php 第 413 行.
SQL: SELECT * FROM `ht_run` WHERE ( id=1760 ) LIMIT 1   [ RunTime:0.0001s ]
SQL: SELECT * FROM `ht_flow_process` WHERE ( id=131 ) LIMIT 1   [ RunTime:0.0002s ]
NOTIC: [8] Undefined offset: 0 /var/www/dzxt/s/tp/Application/Flow/Controller/RunController.class.php 第 413 行.
SQL: SELECT * FROM `ht_run` WHERE ( id=1761 ) LIMIT 1   [ RunTime:0.0001s ]
SQL: SELECT * FROM `ht_flow_process` WHERE ( id=141 ) LIMIT 1   [ RunTime:0.0002s ]
NOTIC: [8] Undefined offset: 0 /var/www/dzxt/s/tp/Application/Flow/Controller/RunController.class.php 第 413 行.
SQL: SELECT * FROM `ht_run` WHERE ( id=1762 ) LIMIT 1   [ RunTime:0.0001s ]
NOTIC: [8] Undefined offset: 0 /var/www/dzxt/s/tp/Application/Flow/Controller/RunController.class.php 第 413 行.
SQL: SELECT * FROM `ht_run` WHERE ( id=1763 ) LIMIT 1   [ RunTime:0.0001s ]
SQL: SELECT * FROM `ht_flow_process` WHERE ( id=157 ) LIMIT 1   [ RunTime:0.0002s ]
NOTIC: [8] Undefined offset: 0 /var/www/dzxt/s/tp/Application/Flow/Controller/RunController.class.php 第 413 行.
SQL: SELECT * FROM `ht_run` WHERE ( id=1841 ) LIMIT 1   [ RunTime:0.0001s ]
NOTIC: [8] Undefined offset: 0 /var/www/dzxt/s/tp/Application/Flow/Controller/RunController.class.php 第 413 行.
SQL: SELECT * FROM `ht_run` WHERE ( id=1842 ) LIMIT 1   [ RunTime:0.0001s ]
NOTIC: [8] Undefined offset: 0 /var/www/dzxt/s/tp/Application/Flow/Controller/RunController.class.php 第 413 行.
SQL: SELECT * FROM `ht_run` WHERE ( id=1843 ) LIMIT 1   [ RunTime:0.0001s ]
NOTIC: [8] Undefined offset: 0 /var/www/dzxt/s/tp/Application/Flow/Controller/RunController.class.php 第 413 行.
SQL: SELECT * FROM `ht_run` WHERE ( id=1844 ) LIMIT 1   [ RunTime:0.0001s ]
NOTIC: [8] Undefined offset: 0 /var/www/dzxt/s/tp/Application/Flow/Controller/RunController.class.php 第 413 行.
SQL: SELECT * FROM `ht_run` WHERE ( id=1858 ) LIMIT 1   [ RunTime:0.0001s ]
NOTIC: [8] Undefined offset: 0 /var/www/dzxt/s/tp/Application/Flow/Controller/RunController.class.php 第 413 行.
SQL: SELECT * FROM `ht_run` WHERE ( id=1883 ) LIMIT 1   [ RunTime:0.0001s ]
NOTIC: [8] Undefined offset: 0 /var/www/dzxt/s/tp/Application/Flow/Controller/RunController.class.php 第 413 行.
SQL: SELECT * FROM `ht_run` WHERE ( id=1884 ) LIMIT 1   [ RunTime:0.0001s ]
NOTIC: [8] Undefined offset: 0 /var/www/dzxt/s/tp/Application/Flow/Controller/RunController.class.php 第 413 行.
SQL: SELECT * FROM `ht_run` WHERE ( id=1885 ) LIMIT 1   [ RunTime:0.0001s ]
NOTIC: [8] Undefined offset: 0 /var/www/dzxt/s/tp/Application/Flow/Controller/RunController.class.php 第 413 行.
SQL: SELECT * FROM `ht_run` WHERE ( id=1894 ) LIMIT 1   [ RunTime:0.0001s ]
NOTIC: [8] Undefined offset: 0 /var/www/dzxt/s/tp/Application/Flow/Controller/RunController.class.php 第 413 行.
SQL: SELECT * FROM `ht_run` WHERE ( id=1895 ) LIMIT 1   [ RunTime:0.0001s ]
NOTIC: [8] Undefined offset: 0 /var/www/dzxt/s/tp/Application/Flow/Controller/RunController.class.php 第 413 行.
SQL: SELECT * FROM `ht_run` WHERE ( id=1896 ) LIMIT 1   [ RunTime:0.0001s ]
NOTIC: [8] Undefined offset: 0 /var/www/dzxt/s/tp/Application/Flow/Controller/RunController.class.php 第 413 行.
SQL: SELECT * FROM `ht_run` WHERE ( id=1897 ) LIMIT 1   [ RunTime:0.0001s ]
NOTIC: [8] Undefined offset: 0 /var/www/dzxt/s/tp/Application/Flow/Controller/RunController.class.php 第 413 行.
SQL: SELECT * FROM `ht_run` WHERE ( id=1898 ) LIMIT 1   [ RunTime:0.0001s ]
NOTIC: [8] Undefined offset: 0 /var/www/dzxt/s/tp/Application/Flow/Controller/RunController.class.php 第 413 行.
SQL: SELECT * FROM `ht_run` WHERE ( id=1899 ) LIMIT 1   [ RunTime:0.0001s ]
NOTIC: [8] Undefined offset: 0 /var/www/dzxt/s/tp/Application/Flow/Controller/RunController.class.php 第 413 行.
SQL: SELECT * FROM `ht_run` WHERE ( id=1900 ) LIMIT 1   [ RunTime:0.0001s ]
NOTIC: [8] Undefined offset: 0 /var/www/dzxt/s/tp/Application/Flow/Controller/RunController.class.php 第 413 行.
INFO: [ view_parse ] --START--
INFO: [ template_filter ] --START--
INFO: Run Behavior\ContentReplaceBehavior [ RunTime:0.000050s ]
INFO: [ template_filter ] --END-- [ RunTime:0.000140s ]
INFO: Run Behavior\ParseTemplateBehavior [ RunTime:0.002628s ]
INFO: [ view_parse ] --END-- [ RunTime:0.002716s ]
INFO: [ view_filter ] --START--
INFO: Run Behavior\WriteHtmlCacheBehavior [ RunTime:0.000050s ]
INFO: [ view_filter ] --END-- [ RunTime:0.000127s ]
INFO: [ app_end ] --START--
INFO: Run Behavior\ShowPageTraceBehavior [ RunTime:0.000052s ]
INFO: [ app_end ] --END-- [ RunTime:0.000132s ]

[ 2015-11-21T17:37:57+08:00 ] 14.208.189.122 /s/tp/wwwroot/index.php?s=/Flow/run/getflow/flow_id/18.html
INFO: [ app_init ] --START--
INFO: Run Behavior\BuildLiteBehavior [ RunTime:0.000020s ]
INFO: [ app_init ] --END-- [ RunTime:0.000153s ]
INFO: [ app_begin ] --START--
INFO: Run Behavior\ReadHtmlCacheBehavior [ RunTime:0.000068s ]
INFO: [ app_begin ] --END-- [ RunTime:0.000152s ]
NOTIC: [2048] Declaration of Flow\Controller\RunController::show() should be compatible with Think\Controller::show($content, $charset = '', $contentType = '', $prefix = '') /var/www/dzxt/s/tp/Application/Flow/Controller/RunController.class.php 第 4 行.
SQL: SHOW COLUMNS FROM `ht_flow_process` [ RunTime:0.0015s ]
SQL: SHOW COLUMNS FROM `ht_flow` [ RunTime:0.0006s ]
SQL: SELECT * FROM `ht_flow` WHERE `id` = 18 AND `is_del` = 0 LIMIT 1   [ RunTime:0.0002s ]
SQL: SELECT * FROM `ht_flow_process` WHERE `flow_id` = 18 AND `is_del` = 0 AND `process_type` = 'is_one' LIMIT 1   [ RunTime:0.0002s ]
NOTIC: [8] Undefined index: powers /var/www/dzxt/s/tp/Application/Flow/Controller/RunController.class.php 第 158 行.
NOTIC: [8] Undefined index: form_id /var/www/dzxt/s/tp/Application/Flow/Controller/RunController.class.php 第 164 行.
NOTIC: [8] Undefined index: form_id /var/www/dzxt/s/tp/Application/Flow/Controller/RunController.class.php 第 169 行.
NOTIC: [8] Undefined index: nav /var/www/dzxt/s/tp/Application/Flow/Controller/RunController.class.php 第 191 行.
NOTIC: [8] Undefined index: formcon /var/www/dzxt/s/tp/Application/Flow/Controller/RunController.class.php 第 201 行.
INFO: [ app_end ] --START--
INFO: Run Behavior\ShowPageTraceBehavior [ RunTime:0.000068s ]
INFO: [ app_end ] --END-- [ RunTime:0.000151s ]

[ 2015-11-21T17:38:13+08:00 ] 14.208.189.122 /s/tp/wwwroot/index.php?s=/Flow/run/getflowlist/type/getmyflow
INFO: [ app_init ] --START--
INFO: Run Behavior\BuildLiteBehavior [ RunTime:0.000021s ]
INFO: [ app_init ] --END-- [ RunTime:0.000151s ]
INFO: [ app_begin ] --START--
INFO: Run Behavior\ReadHtmlCacheBehavior [ RunTime:0.000072s ]
INFO: [ app_begin ] --END-- [ RunTime:0.000157s ]
NOTIC: [2048] Declaration of Flow\Controller\RunController::show() should be compatible with Think\Controller::show($content, $charset = '', $contentType = '', $prefix = '') /var/www/dzxt/s/tp/Application/Flow/Controller/RunController.class.php 第 4 行.
SQL: SHOW COLUMNS FROM `ht_run` [ RunTime:0.0010s ]
SQL: SELECT * FROM `ht_run` WHERE `uid` = '211'  [ RunTime:0.0003s ]
NOTIC: [2] Invalid argument supplied for foreach() /var/www/dzxt/s/tp/Application/Flow/Controller/RunController.class.php 第 457 行.
INFO: [ view_parse ] --START--
INFO: [ template_filter ] --START--
INFO: Run Behavior\ContentReplaceBehavior [ RunTime:0.000051s ]
INFO: [ template_filter ] --END-- [ RunTime:0.000141s ]
INFO: Run Behavior\ParseTemplateBehavior [ RunTime:0.003056s ]
INFO: [ view_parse ] --END-- [ RunTime:0.003147s ]
INFO: [ view_filter ] --START--
INFO: Run Behavior\WriteHtmlCacheBehavior [ RunTime:0.000057s ]
INFO: [ view_filter ] --END-- [ RunTime:0.000134s ]
INFO: [ app_end ] --START--
INFO: Run Behavior\ShowPageTraceBehavior [ RunTime:0.000063s ]
INFO: [ app_end ] --END-- [ RunTime:0.000143s ]

[ 2015-11-21T17:38:20+08:00 ] 14.208.189.122 /s/tp/wwwroot/index.php?s=/Flow/run/getflowlist/type/getnoendflow
INFO: [ app_init ] --START--
INFO: Run Behavior\BuildLiteBehavior [ RunTime:0.000020s ]
INFO: [ app_init ] --END-- [ RunTime:0.000146s ]
INFO: [ app_begin ] --START--
INFO: Run Behavior\ReadHtmlCacheBehavior [ RunTime:0.000073s ]
INFO: [ app_begin ] --END-- [ RunTime:0.000157s ]
NOTIC: [2048] Declaration of Flow\Controller\RunController::show() should be compatible with Think\Controller::show($content, $charset = '', $contentType = '', $prefix = '') /var/www/dzxt/s/tp/Application/Flow/Controller/RunController.class.php 第 4 行.
SQL: SHOW COLUMNS FROM `ht_run` [ RunTime:0.0010s ]
SQL: SELECT * FROM `ht_run` WHERE `uid` = '211' AND ( `is_finish` = 2 OR `is_finish` = 4 )  [ RunTime:0.0003s ]
NOTIC: [2] Invalid argument supplied for foreach() /var/www/dzxt/s/tp/Application/Flow/Controller/RunController.class.php 第 457 行.
INFO: [ view_parse ] --START--
INFO: [ template_filter ] --START--
INFO: Run Behavior\ContentReplaceBehavior [ RunTime:0.000050s ]
INFO: [ template_filter ] --END-- [ RunTime:0.000134s ]
INFO: Run Behavior\ParseTemplateBehavior [ RunTime:0.003113s ]
INFO: [ view_parse ] --END-- [ RunTime:0.003196s ]
INFO: [ view_filter ] --START--
INFO: Run Behavior\WriteHtmlCacheBehavior [ RunTime:0.000056s ]
INFO: [ view_filter ] --END-- [ RunTime:0.000133s ]
INFO: [ app_end ] --START--
INFO: Run Behavior\ShowPageTraceBehavior [ RunTime:0.000064s ]
INFO: [ app_end ] --END-- [ RunTime:0.000143s ]

[ 2015-11-21T17:38:21+08:00 ] 14.208.189.122 /s/tp/wwwroot/index.php?s=/Flow/run/getflowlist/type/getmyendflow
INFO: [ app_init ] --START--
INFO: Run Behavior\BuildLiteBehavior [ RunTime:0.000021s ]
INFO: [ app_init ] --END-- [ RunTime:0.000141s ]
INFO: [ app_begin ] --START--
INFO: Run Behavior\ReadHtmlCacheBehavior [ RunTime:0.000066s ]
INFO: [ app_begin ] --END-- [ RunTime:0.000150s ]
NOTIC: [2048] Declaration of Flow\Controller\RunController::show() should be compatible with Think\Controller::show($content, $charset = '', $contentType = '', $prefix = '') /var/www/dzxt/s/tp/Application/Flow/Controller/RunController.class.php 第 4 行.
SQL: SHOW COLUMNS FROM `ht_run` [ RunTime:0.0009s ]
SQL: SELECT * FROM `ht_run` WHERE `uid` = '211' AND ( `is_finish` = 2 OR `is_finish` = 4 )  [ RunTime:0.0001s ]
NOTIC: [2] Invalid argument supplied for foreach() /var/www/dzxt/s/tp/Application/Flow/Controller/RunController.class.php 第 457 行.
INFO: [ view_parse ] --START--
INFO: [ template_filter ] --START--
INFO: Run Behavior\ContentReplaceBehavior [ RunTime:0.000050s ]
INFO: [ template_filter ] --END-- [ RunTime:0.000134s ]
INFO: Run Behavior\ParseTemplateBehavior [ RunTime:0.003014s ]
INFO: [ view_parse ] --END-- [ RunTime:0.003097s ]
INFO: [ view_filter ] --START--
INFO: Run Behavior\WriteHtmlCacheBehavior [ RunTime:0.000051s ]
INFO: [ view_filter ] --END-- [ RunTime:0.000128s ]
INFO: [ app_end ] --START--
INFO: Run Behavior\ShowPageTraceBehavior [ RunTime:0.000053s ]
INFO: [ app_end ] --END-- [ RunTime:0.000131s ]

[ 2015-11-21T17:38:32+08:00 ] 14.208.189.122 /s/tp/wwwroot/index.php?s=/Flow/run/getflow/flow_id/23.html
INFO: [ app_init ] --START--
INFO: Run Behavior\BuildLiteBehavior [ RunTime:0.000021s ]
INFO: [ app_init ] --END-- [ RunTime:0.000153s ]
INFO: [ app_begin ] --START--
INFO: Run Behavior\ReadHtmlCacheBehavior [ RunTime:0.000064s ]
INFO: [ app_begin ] --END-- [ RunTime:0.000149s ]
NOTIC: [2048] Declaration of Flow\Controller\RunController::show() should be compatible with Think\Controller::show($content, $charset = '', $contentType = '', $prefix = '') /var/www/dzxt/s/tp/Application/Flow/Controller/RunController.class.php 第 4 行.
SQL: SHOW COLUMNS FROM `ht_flow_process` [ RunTime:0.0016s ]
SQL: SHOW COLUMNS FROM `ht_flow` [ RunTime:0.0005s ]
SQL: SELECT * FROM `ht_flow` WHERE `id` = 23 AND `is_del` = 0 LIMIT 1   [ RunTime:0.0002s ]
SQL: SELECT * FROM `ht_flow_process` WHERE `flow_id` = 23 AND `is_del` = 0 AND `process_type` = 'is_one' LIMIT 1   [ RunTime:0.0002s ]
NOTIC: [8] Undefined index: powers /var/www/dzxt/s/tp/Application/Flow/Controller/RunController.class.php 第 158 行.
NOTIC: [8] Undefined index: form_id /var/www/dzxt/s/tp/Application/Flow/Controller/RunController.class.php 第 164 行.
NOTIC: [8] Undefined index: form_id /var/www/dzxt/s/tp/Application/Flow/Controller/RunController.class.php 第 169 行.
NOTIC: [8] Undefined index: nav /var/www/dzxt/s/tp/Application/Flow/Controller/RunController.class.php 第 191 行.
NOTIC: [8] Undefined index: formcon /var/www/dzxt/s/tp/Application/Flow/Controller/RunController.class.php 第 201 行.
INFO: [ app_end ] --START--
INFO: Run Behavior\ShowPageTraceBehavior [ RunTime:0.000066s ]
INFO: [ app_end ] --END-- [ RunTime:0.000146s ]

[ 2015-11-21T17:38:45+08:00 ] 14.208.189.122 /s/tp/wwwroot/index.php?s=/Flow/run/getflow/flow_id/21.html
INFO: [ app_init ] --START--
INFO: Run Behavior\BuildLiteBehavior [ RunTime:0.000021s ]
INFO: [ app_init ] --END-- [ RunTime:0.000147s ]
INFO: [ app_begin ] --START--
INFO: Run Behavior\ReadHtmlCacheBehavior [ RunTime:0.000063s ]
INFO: [ app_begin ] --END-- [ RunTime:0.000149s ]
NOTIC: [2048] Declaration of Flow\Controller\RunController::show() should be compatible with Think\Controller::show($content, $charset = '', $contentType = '', $prefix = '') /var/www/dzxt/s/tp/Application/Flow/Controller/RunController.class.php 第 4 行.
SQL: SHOW COLUMNS FROM `ht_flow_process` [ RunTime:0.0015s ]
SQL: SHOW COLUMNS FROM `ht_flow` [ RunTime:0.0005s ]
SQL: SELECT * FROM `ht_flow` WHERE `id` = 21 AND `is_del` = 0 LIMIT 1   [ RunTime:0.0002s ]
SQL: SELECT * FROM `ht_flow_process` WHERE `flow_id` = 21 AND `is_del` = 0 AND `process_type` = 'is_one' LIMIT 1   [ RunTime:0.0002s ]
NOTIC: [8] Undefined index: powers /var/www/dzxt/s/tp/Application/Flow/Controller/RunController.class.php 第 158 行.
NOTIC: [8] Undefined index: form_id /var/www/dzxt/s/tp/Application/Flow/Controller/RunController.class.php 第 164 行.
NOTIC: [8] Undefined index: form_id /var/www/dzxt/s/tp/Application/Flow/Controller/RunController.class.php 第 169 行.
NOTIC: [8] Undefined index: nav /var/www/dzxt/s/tp/Application/Flow/Controller/RunController.class.php 第 191 行.
NOTIC: [8] Undefined index: formcon /var/www/dzxt/s/tp/Application/Flow/Controller/RunController.class.php 第 201 行.
INFO: [ app_end ] --START--
INFO: Run Behavior\ShowPageTraceBehavior [ RunTime:0.000065s ]
INFO: [ app_end ] --END-- [ RunTime:0.000146s ]

[ 2015-11-21T17:38:47+08:00 ] 14.208.189.122 /s/tp/wwwroot/index.php?s=/Flow/run/getflow/flow_id/19.html
INFO: [ app_init ] --START--
INFO: Run Behavior\BuildLiteBehavior [ RunTime:0.000020s ]
INFO: [ app_init ] --END-- [ RunTime:0.000140s ]
INFO: [ app_begin ] --START--
INFO: Run Behavior\ReadHtmlCacheBehavior [ RunTime:0.000056s ]
INFO: [ app_begin ] --END-- [ RunTime:0.000139s ]
NOTIC: [2048] Declaration of Flow\Controller\RunController::show() should be compatible with Think\Controller::show($content, $charset = '', $contentType = '', $prefix = '') /var/www/dzxt/s/tp/Application/Flow/Controller/RunController.class.php 第 4 行.
SQL: SHOW COLUMNS FROM `ht_flow_process` [ RunTime:0.0015s ]
SQL: SHOW COLUMNS FROM `ht_flow` [ RunTime:0.0005s ]
SQL: SELECT * FROM `ht_flow` WHERE `id` = 19 AND `is_del` = 0 LIMIT 1   [ RunTime:0.0002s ]
SQL: SELECT * FROM `ht_flow_process` WHERE `flow_id` = 19 AND `is_del` = 0 AND `process_type` = 'is_one' LIMIT 1   [ RunTime:0.0002s ]
NOTIC: [8] Undefined index: powers /var/www/dzxt/s/tp/Application/Flow/Controller/RunController.class.php 第 158 行.
NOTIC: [8] Undefined index: form_id /var/www/dzxt/s/tp/Application/Flow/Controller/RunController.class.php 第 164 行.
NOTIC: [8] Undefined index: form_id /var/www/dzxt/s/tp/Application/Flow/Controller/RunController.class.php 第 169 行.
NOTIC: [8] Undefined index: nav /var/www/dzxt/s/tp/Application/Flow/Controller/RunController.class.php 第 191 行.
NOTIC: [8] Undefined index: formcon /var/www/dzxt/s/tp/Application/Flow/Controller/RunController.class.php 第 201 行.
INFO: [ app_end ] --START--
INFO: Run Behavior\ShowPageTraceBehavior [ RunTime:0.000071s ]
INFO: [ app_end ] --END-- [ RunTime:0.000152s ]

[ 2015-11-21T17:38:49+08:00 ] 14.208.189.122 /s/tp/wwwroot/index.php?s=/Flow/run/getflow/flow_id/17.html
INFO: [ app_init ] --START--
INFO: Run Behavior\BuildLiteBehavior [ RunTime:0.000021s ]
INFO: [ app_init ] --END-- [ RunTime:0.000151s ]
INFO: [ app_begin ] --START--
INFO: Run Behavior\ReadHtmlCacheBehavior [ RunTime:0.000065s ]
INFO: [ app_begin ] --END-- [ RunTime:0.000151s ]
NOTIC: [2048] Declaration of Flow\Controller\RunController::show() should be compatible with Think\Controller::show($content, $charset = '', $contentType = '', $prefix = '') /var/www/dzxt/s/tp/Application/Flow/Controller/RunController.class.php 第 4 行.
SQL: SHOW COLUMNS FROM `ht_flow_process` [ RunTime:0.0015s ]
SQL: SHOW COLUMNS FROM `ht_flow` [ RunTime:0.0005s ]
SQL: SELECT * FROM `ht_flow` WHERE `id` = 17 AND `is_del` = 0 LIMIT 1   [ RunTime:0.0002s ]
SQL: SELECT * FROM `ht_flow_process` WHERE `flow_id` = 17 AND `is_del` = 0 AND `process_type` = 'is_one' LIMIT 1   [ RunTime:0.0002s ]
NOTIC: [8] Undefined index: powers /var/www/dzxt/s/tp/Application/Flow/Controller/RunController.class.php 第 158 行.
NOTIC: [8] Undefined index: form_id /var/www/dzxt/s/tp/Application/Flow/Controller/RunController.class.php 第 164 行.
NOTIC: [8] Undefined index: form_id /var/www/dzxt/s/tp/Application/Flow/Controller/RunController.class.php 第 169 行.
NOTIC: [8] Undefined index: nav /var/www/dzxt/s/tp/Application/Flow/Controller/RunController.class.php 第 191 行.
NOTIC: [8] Undefined index: formcon /var/www/dzxt/s/tp/Application/Flow/Controller/RunController.class.php 第 201 行.
INFO: [ app_end ] --START--
INFO: Run Behavior\ShowPageTraceBehavior [ RunTime:0.000066s ]
INFO: [ app_end ] --END-- [ RunTime:0.000147s ]

[ 2015-11-21T17:46:23+08:00 ] 14.208.189.122 /s/tp/wwwroot/index.php?s=/Flow/run/getflow/flow_id/18.html
INFO: [ app_init ] --START--
INFO: Run Behavior\BuildLiteBehavior [ RunTime:0.000023s ]
INFO: [ app_init ] --END-- [ RunTime:0.000175s ]
INFO: [ app_begin ] --START--
INFO: Run Behavior\ReadHtmlCacheBehavior [ RunTime:0.000082s ]
INFO: [ app_begin ] --END-- [ RunTime:0.000171s ]
NOTIC: [2048] Declaration of Flow\Controller\RunController::show() should be compatible with Think\Controller::show($content, $charset = '', $contentType = '', $prefix = '') /var/www/dzxt/s/tp/Application/Flow/Controller/RunController.class.php 第 4 行.
SQL: SHOW COLUMNS FROM `ht_flow_process` [ RunTime:0.0016s ]
SQL: SHOW COLUMNS FROM `ht_flow` [ RunTime:0.0005s ]
SQL: SELECT * FROM `ht_flow` WHERE `id` = 18 AND `is_del` = 0 LIMIT 1   [ RunTime:0.0001s ]
SQL: SELECT * FROM `ht_flow_process` WHERE `flow_id` = 18 AND `is_del` = 0 AND `process_type` = 'is_one' LIMIT 1   [ RunTime:0.0001s ]
NOTIC: [8] Undefined index: powers /var/www/dzxt/s/tp/Application/Flow/Controller/RunController.class.php 第 158 行.
NOTIC: [8] Undefined index: form_id /var/www/dzxt/s/tp/Application/Flow/Controller/RunController.class.php 第 164 行.
NOTIC: [8] Undefined index: form_id /var/www/dzxt/s/tp/Application/Flow/Controller/RunController.class.php 第 169 行.
NOTIC: [8] Undefined index: nav /var/www/dzxt/s/tp/Application/Flow/Controller/RunController.class.php 第 191 行.
NOTIC: [8] Undefined index: formcon /var/www/dzxt/s/tp/Application/Flow/Controller/RunController.class.php 第 201 行.
INFO: [ app_end ] --START--
INFO: Run Behavior\ShowPageTraceBehavior [ RunTime:0.000071s ]
INFO: [ app_end ] --END-- [ RunTime:0.000153s ]

[ 2015-11-21T17:46:23+08:00 ] 14.208.189.122 /s/tp/wwwroot/index.php?s=/Flow/run/getflow/flow_id/21.html
INFO: [ app_init ] --START--
INFO: Run Behavior\BuildLiteBehavior [ RunTime:0.000020s ]
INFO: [ app_init ] --END-- [ RunTime:0.000142s ]
INFO: [ app_begin ] --START--
INFO: Run Behavior\ReadHtmlCacheBehavior [ RunTime:0.000058s ]
INFO: [ app_begin ] --END-- [ RunTime:0.000180s ]
NOTIC: [2048] Declaration of Flow\Controller\RunController::show() should be compatible with Think\Controller::show($content, $charset = '', $contentType = '', $prefix = '') /var/www/dzxt/s/tp/Application/Flow/Controller/RunController.class.php 第 4 行.
SQL: SHOW COLUMNS FROM `ht_flow_process` [ RunTime:0.0016s ]
SQL: SHOW COLUMNS FROM `ht_flow` [ RunTime:0.0005s ]
SQL: SELECT * FROM `ht_flow` WHERE `id` = 21 AND `is_del` = 0 LIMIT 1   [ RunTime:0.0001s ]
SQL: SELECT * FROM `ht_flow_process` WHERE `flow_id` = 21 AND `is_del` = 0 AND `process_type` = 'is_one' LIMIT 1   [ RunTime:0.0001s ]
NOTIC: [8] Undefined index: powers /var/www/dzxt/s/tp/Application/Flow/Controller/RunController.class.php 第 158 行.
NOTIC: [8] Undefined index: form_id /var/www/dzxt/s/tp/Application/Flow/Controller/RunController.class.php 第 164 行.
NOTIC: [8] Undefined index: form_id /var/www/dzxt/s/tp/Application/Flow/Controller/RunController.class.php 第 169 行.
NOTIC: [8] Undefined index: nav /var/www/dzxt/s/tp/Application/Flow/Controller/RunController.class.php 第 191 行.
NOTIC: [8] Undefined index: formcon /var/www/dzxt/s/tp/Application/Flow/Controller/RunController.class.php 第 201 行.
INFO: [ app_end ] --START--
INFO: Run Behavior\ShowPageTraceBehavior [ RunTime:0.000057s ]
INFO: [ app_end ] --END-- [ RunTime:0.000140s ]

[ 2015-11-21T17:46:23+08:00 ] 14.208.189.122 /s/tp/wwwroot/index.php?s=/Flow/run/getflow/flow_id/19.html
INFO: [ app_init ] --START--
INFO: Run Behavior\BuildLiteBehavior [ RunTime:0.000021s ]
INFO: [ app_init ] --END-- [ RunTime:0.000135s ]
INFO: [ app_begin ] --START--
INFO: Run Behavior\ReadHtmlCacheBehavior [ RunTime:0.000061s ]
INFO: [ app_begin ] --END-- [ RunTime:0.000168s ]
NOTIC: [2048] Declaration of Flow\Controller\RunController::show() should be compatible with Think\Controller::show($content, $charset = '', $contentType = '', $prefix = '') /var/www/dzxt/s/tp/Application/Flow/Controller/RunController.class.php 第 4 行.
SQL: SHOW COLUMNS FROM `ht_flow_process` [ RunTime:0.0015s ]
SQL: SHOW COLUMNS FROM `ht_flow` [ RunTime:0.0005s ]
SQL: SELECT * FROM `ht_flow` WHERE `id` = 19 AND `is_del` = 0 LIMIT 1   [ RunTime:0.0001s ]
SQL: SELECT * FROM `ht_flow_process` WHERE `flow_id` = 19 AND `is_del` = 0 AND `process_type` = 'is_one' LIMIT 1   [ RunTime:0.0001s ]
NOTIC: [8] Undefined index: powers /var/www/dzxt/s/tp/Application/Flow/Controller/RunController.class.php 第 158 行.
NOTIC: [8] Undefined index: form_id /var/www/dzxt/s/tp/Application/Flow/Controller/RunController.class.php 第 164 行.
NOTIC: [8] Undefined index: form_id /var/www/dzxt/s/tp/Application/Flow/Controller/RunController.class.php 第 169 行.
NOTIC: [8] Undefined index: nav /var/www/dzxt/s/tp/Application/Flow/Controller/RunController.class.php 第 191 行.
NOTIC: [8] Undefined index: formcon /var/www/dzxt/s/tp/Application/Flow/Controller/RunController.class.php 第 201 行.
INFO: [ app_end ] --START--
INFO: Run Behavior\ShowPageTraceBehavior [ RunTime:0.000057s ]
INFO: [ app_end ] --END-- [ RunTime:0.000139s ]

[ 2015-11-21T17:46:23+08:00 ] 14.208.189.122 /s/tp/wwwroot/index.php?s=/Flow/run/getflow/flow_id/17.html
INFO: [ app_init ] --START--
INFO: Run Behavior\BuildLiteBehavior [ RunTime:0.000022s ]
INFO: [ app_init ] --END-- [ RunTime:0.000150s ]
INFO: [ app_begin ] --START--
INFO: Run Behavior\ReadHtmlCacheBehavior [ RunTime:0.000080s ]
INFO: [ app_begin ] --END-- [ RunTime:0.000166s ]
NOTIC: [2048] Declaration of Flow\Controller\RunController::show() should be compatible with Think\Controller::show($content, $charset = '', $contentType = '', $prefix = '') /var/www/dzxt/s/tp/Application/Flow/Controller/RunController.class.php 第 4 行.
SQL: SHOW COLUMNS FROM `ht_flow_process` [ RunTime:0.0013s ]
SQL: SHOW COLUMNS FROM `ht_flow` [ RunTime:0.0005s ]
SQL: SELECT * FROM `ht_flow` WHERE `id` = 17 AND `is_del` = 0 LIMIT 1   [ RunTime:0.0001s ]
SQL: SELECT * FROM `ht_flow_process` WHERE `flow_id` = 17 AND `is_del` = 0 AND `process_type` = 'is_one' LIMIT 1   [ RunTime:0.0001s ]
NOTIC: [8] Undefined index: powers /var/www/dzxt/s/tp/Application/Flow/Controller/RunController.class.php 第 158 行.
NOTIC: [8] Undefined index: form_id /var/www/dzxt/s/tp/Application/Flow/Controller/RunController.class.php 第 164 行.
NOTIC: [8] Undefined index: form_id /var/www/dzxt/s/tp/Application/Flow/Controller/RunController.class.php 第 169 行.
NOTIC: [8] Undefined index: nav /var/www/dzxt/s/tp/Application/Flow/Controller/RunController.class.php 第 191 行.
NOTIC: [8] Undefined index: formcon /var/www/dzxt/s/tp/Application/Flow/Controller/RunController.class.php 第 201 行.
INFO: [ app_end ] --START--
INFO: Run Behavior\ShowPageTraceBehavior [ RunTime:0.000065s ]
INFO: [ app_end ] --END-- [ RunTime:0.000151s ]

[ 2015-11-21T17:46:36+08:00 ] 14.208.189.122 /s/tp/wwwroot/index.php?s=/Flow/run/getflow/flow_id/18.html
INFO: [ app_init ] --START--
INFO: Run Behavior\BuildLiteBehavior [ RunTime:0.000021s ]
INFO: [ app_init ] --END-- [ RunTime:0.000164s ]
INFO: [ app_begin ] --START--
INFO: Run Behavior\ReadHtmlCacheBehavior [ RunTime:0.000067s ]
INFO: [ app_begin ] --END-- [ RunTime:0.000152s ]
NOTIC: [2048] Declaration of Flow\Controller\RunController::show() should be compatible with Think\Controller::show($content, $charset = '', $contentType = '', $prefix = '') /var/www/dzxt/s/tp/Application/Flow/Controller/RunController.class.php 第 4 行.
SQL: SHOW COLUMNS FROM `ht_flow_process` [ RunTime:0.0015s ]
SQL: SHOW COLUMNS FROM `ht_flow` [ RunTime:0.0005s ]
SQL: SELECT * FROM `ht_flow` WHERE `id` = 18 AND `is_del` = 0 LIMIT 1   [ RunTime:0.0001s ]
SQL: SELECT * FROM `ht_flow_process` WHERE `flow_id` = 18 AND `is_del` = 0 AND `process_type` = 'is_one' LIMIT 1   [ RunTime:0.0001s ]
NOTIC: [8] Undefined index: powers /var/www/dzxt/s/tp/Application/Flow/Controller/RunController.class.php 第 158 行.
NOTIC: [8] Undefined index: form_id /var/www/dzxt/s/tp/Application/Flow/Controller/RunController.class.php 第 164 行.
NOTIC: [8] Undefined index: form_id /var/www/dzxt/s/tp/Application/Flow/Controller/RunController.class.php 第 169 行.
NOTIC: [8] Undefined index: nav /var/www/dzxt/s/tp/Application/Flow/Controller/RunController.class.php 第 191 行.
NOTIC: [8] Undefined index: formcon /var/www/dzxt/s/tp/Application/Flow/Controller/RunController.class.php 第 201 行.
INFO: [ app_end ] --START--
INFO: Run Behavior\ShowPageTraceBehavior [ RunTime:0.000068s ]
INFO: [ app_end ] --END-- [ RunTime:0.000149s ]

[ 2015-11-21T17:46:36+08:00 ] 14.208.189.122 /s/tp/wwwroot/index.php?s=/Flow/run/getflow/flow_id/21.html
INFO: [ app_init ] --START--
INFO: Run Behavior\BuildLiteBehavior [ RunTime:0.000021s ]
INFO: [ app_init ] --END-- [ RunTime:0.000145s ]
INFO: [ app_begin ] --START--
INFO: Run Behavior\ReadHtmlCacheBehavior [ RunTime:0.000066s ]
INFO: [ app_begin ] --END-- [ RunTime:0.000151s ]
NOTIC: [2048] Declaration of Flow\Controller\RunController::show() should be compatible with Think\Controller::show($content, $charset = '', $contentType = '', $prefix = '') /var/www/dzxt/s/tp/Application/Flow/Controller/RunController.class.php 第 4 行.
SQL: SHOW COLUMNS FROM `ht_flow_process` [ RunTime:0.0013s ]
SQL: SHOW COLUMNS FROM `ht_flow` [ RunTime:0.0005s ]
SQL: SELECT * FROM `ht_flow` WHERE `id` = 21 AND `is_del` = 0 LIMIT 1   [ RunTime:0.0001s ]
SQL: SELECT * FROM `ht_flow_process` WHERE `flow_id` = 21 AND `is_del` = 0 AND `process_type` = 'is_one' LIMIT 1   [ RunTime:0.0001s ]
NOTIC: [8] Undefined index: powers /var/www/dzxt/s/tp/Application/Flow/Controller/RunController.class.php 第 158 行.
NOTIC: [8] Undefined index: form_id /var/www/dzxt/s/tp/Application/Flow/Controller/RunController.class.php 第 164 行.
NOTIC: [8] Undefined index: form_id /var/www/dzxt/s/tp/Application/Flow/Controller/RunController.class.php 第 169 行.
NOTIC: [8] Undefined index: nav /var/www/dzxt/s/tp/Application/Flow/Controller/RunController.class.php 第 191 行.
NOTIC: [8] Undefined index: formcon /var/www/dzxt/s/tp/Application/Flow/Controller/RunController.class.php 第 201 行.
INFO: [ app_end ] --START--
INFO: Run Behavior\ShowPageTraceBehavior [ RunTime:0.000056s ]
INFO: [ app_end ] --END-- [ RunTime:0.000138s ]

[ 2015-11-21T17:46:36+08:00 ] 14.208.189.122 /s/tp/wwwroot/index.php?s=/Flow/run/getflow/flow_id/19.html
INFO: [ app_init ] --START--
INFO: Run Behavior\BuildLiteBehavior [ RunTime:0.000018s ]
INFO: [ app_init ] --END-- [ RunTime:0.000123s ]
INFO: [ app_begin ] --START--
INFO: Run Behavior\ReadHtmlCacheBehavior [ RunTime:0.000053s ]
INFO: [ app_begin ] --END-- [ RunTime:0.000134s ]
NOTIC: [2048] Declaration of Flow\Controller\RunController::show() should be compatible with Think\Controller::show($content, $charset = '', $contentType = '', $prefix = '') /var/www/dzxt/s/tp/Application/Flow/Controller/RunController.class.php 第 4 行.
SQL: SHOW COLUMNS FROM `ht_flow_process` [ RunTime:0.0016s ]
SQL: SHOW COLUMNS FROM `ht_flow` [ RunTime:0.0005s ]
SQL: SELECT * FROM `ht_flow` WHERE `id` = 19 AND `is_del` = 0 LIMIT 1   [ RunTime:0.0001s ]
SQL: SELECT * FROM `ht_flow_process` WHERE `flow_id` = 19 AND `is_del` = 0 AND `process_type` = 'is_one' LIMIT 1   [ RunTime:0.0001s ]
NOTIC: [8] Undefined index: powers /var/www/dzxt/s/tp/Application/Flow/Controller/RunController.class.php 第 158 行.
NOTIC: [8] Undefined index: form_id /var/www/dzxt/s/tp/Application/Flow/Controller/RunController.class.php 第 164 行.
NOTIC: [8] Undefined index: form_id /var/www/dzxt/s/tp/Application/Flow/Controller/RunController.class.php 第 169 行.
NOTIC: [8] Undefined index: nav /var/www/dzxt/s/tp/Application/Flow/Controller/RunController.class.php 第 191 行.
NOTIC: [8] Undefined index: formcon /var/www/dzxt/s/tp/Application/Flow/Controller/RunController.class.php 第 201 行.
INFO: [ app_end ] --START--
INFO: Run Behavior\ShowPageTraceBehavior [ RunTime:0.000056s ]
INFO: [ app_end ] --END-- [ RunTime:0.000137s ]

[ 2015-11-21T17:46:36+08:00 ] 14.208.189.122 /s/tp/wwwroot/index.php?s=/Flow/run/getflow/flow_id/17.html
INFO: [ app_init ] --START--
INFO: Run Behavior\BuildLiteBehavior [ RunTime:0.000019s ]
INFO: [ app_init ] --END-- [ RunTime:0.000126s ]
INFO: [ app_begin ] --START--
INFO: Run Behavior\ReadHtmlCacheBehavior [ RunTime:0.000057s ]
INFO: [ app_begin ] --END-- [ RunTime:0.000140s ]
NOTIC: [2048] Declaration of Flow\Controller\RunController::show() should be compatible with Think\Controller::show($content, $charset = '', $contentType = '', $prefix = '') /var/www/dzxt/s/tp/Application/Flow/Controller/RunController.class.php 第 4 行.
SQL: SHOW COLUMNS FROM `ht_flow_process` [ RunTime:0.0014s ]
SQL: SHOW COLUMNS FROM `ht_flow` [ RunTime:0.0005s ]
SQL: SELECT * FROM `ht_flow` WHERE `id` = 17 AND `is_del` = 0 LIMIT 1   [ RunTime:0.0001s ]
SQL: SELECT * FROM `ht_flow_process` WHERE `flow_id` = 17 AND `is_del` = 0 AND `process_type` = 'is_one' LIMIT 1   [ RunTime:0.0001s ]
NOTIC: [8] Undefined index: powers /var/www/dzxt/s/tp/Application/Flow/Controller/RunController.class.php 第 158 行.
NOTIC: [8] Undefined index: form_id /var/www/dzxt/s/tp/Application/Flow/Controller/RunController.class.php 第 164 行.
NOTIC: [8] Undefined index: form_id /var/www/dzxt/s/tp/Application/Flow/Controller/RunController.class.php 第 169 行.
NOTIC: [8] Undefined index: nav /var/www/dzxt/s/tp/Application/Flow/Controller/RunController.class.php 第 191 行.
NOTIC: [8] Undefined index: formcon /var/www/dzxt/s/tp/Application/Flow/Controller/RunController.class.php 第 201 行.
INFO: [ app_end ] --START--
INFO: Run Behavior\ShowPageTraceBehavior [ RunTime:0.000056s ]
INFO: [ app_end ] --END-- [ RunTime:0.000138s ]

