[ 2015-12-29T10:06:28+08:00 ] 183.21.22.164 /s/tp/wwwroot/index.php?s=/Flow/run/getflow/flow_id/18.html
INFO: [ app_init ] --START--
INFO: Run Behavior\BuildLiteBehavior [ RunTime:0.000022s ]
INFO: [ app_init ] --END-- [ RunTime:0.000155s ]
INFO: [ app_begin ] --START--
INFO: Run Behavior\ReadHtmlCacheBehavior [ RunTime:0.000075s ]
INFO: [ app_begin ] --END-- [ RunTime:0.000165s ]
NOTIC: [2048] Declaration of Flow\Controller\RunController::show() should be compatible with Think\Controller::show($content, $charset = '', $contentType = '', $prefix = '') /var/www/dzxt/s/tp/Application/Flow/Controller/RunController.class.php 第 4 行.
SQL: SHOW COLUMNS FROM `ht_flow_process` [ RunTime:0.0017s ]
SQL: SHOW COLUMNS FROM `ht_flow` [ RunTime:0.0006s ]
SQL: SELECT * FROM `ht_flow` WHERE `id` = 18 AND `is_del` = 0 LIMIT 1   [ RunTime:0.0002s ]
SQL: SELECT * FROM `ht_flow_process` WHERE `flow_id` = 18 AND `is_del` = 0 AND `process_type` = 'is_one' LIMIT 1   [ RunTime:0.0002s ]
NOTIC: [8] Undefined index: powers /var/www/dzxt/s/tp/Application/Flow/Controller/RunController.class.php 第 158 行.
NOTIC: [8] Undefined index: form_id /var/www/dzxt/s/tp/Application/Flow/Controller/RunController.class.php 第 164 行.
NOTIC: [8] Undefined index: form_id /var/www/dzxt/s/tp/Application/Flow/Controller/RunController.class.php 第 169 行.
NOTIC: [8] Undefined index: nav /var/www/dzxt/s/tp/Application/Flow/Controller/RunController.class.php 第 191 行.
NOTIC: [8] Undefined index: formcon /var/www/dzxt/s/tp/Application/Flow/Controller/RunController.class.php 第 201 行.
INFO: [ app_end ] --START--
INFO: Run Behavior\ShowPageTraceBehavior [ RunTime:0.000080s ]
INFO: [ app_end ] --END-- [ RunTime:0.000165s ]

[ 2015-12-29T10:06:33+08:00 ] 183.21.22.164 /s/tp/wwwroot/index.php?s=/Flow/run/flowsave.html
INFO: [ app_init ] --START--
INFO: Run Behavior\BuildLiteBehavior [ RunTime:0.000021s ]
INFO: [ app_init ] --END-- [ RunTime:0.000155s ]
INFO: [ app_begin ] --START--
INFO: Run Behavior\ReadHtmlCacheBehavior [ RunTime:0.000080s ]
INFO: [ app_begin ] --END-- [ RunTime:0.000166s ]
NOTIC: [2048] Declaration of Flow\Controller\RunController::show() should be compatible with Think\Controller::show($content, $charset = '', $contentType = '', $prefix = '') /var/www/dzxt/s/tp/Application/Flow/Controller/RunController.class.php 第 4 行.
SQL: SHOW COLUMNS FROM `ht_run_process` [ RunTime:0.0012s ]
SQL: SHOW COLUMNS FROM `ht_run` [ RunTime:0.0008s ]
SQL: INSERT INTO `ht_run` (`uid`,`flow_id`,`run_name`,`run_flow_process`,`updatetime`,`dateline`) VALUES ('235','18','','128','1451354793','1451354793') [ RunTime:0.0002s ]
SQL: SHOW COLUMNS FROM `ht_message` [ RunTime:0.0004s ]
SQL: INSERT INTO `ht_message` (`send_user`,`receive_user`,`send_date`,`message`) VALUES ('1','235','1451354793','<strong style=\"color:#ff0000\"> 申请成功</strong>  相关信息正在处理中...') [ RunTime:0.0001s ]
SQL: SHOW COLUMNS FROM `ht_flow_process` [ RunTime:0.0013s ]
SQL: SELECT `process_name`,`process_to`,`auto_sponsor_ids`,`out_condition` FROM `ht_flow_process` WHERE ( id=128 ) LIMIT 1   [ RunTime:0.0002s ]
NOTIC: [8] Undefined variable: form_data_id /var/www/dzxt/s/tp/Application/Flow/Controller/RunController.class.php 第 287 行.
SQL: INSERT INTO `ht_run_process` (`uid`,`run_flow_process`,`updatetime`,`dateline`,`run_id`,`js_time`,`bl_time`,`jj_time`,`status`,`run_flow`) VALUES ('18','128','1451354793','1451354793','2015','1451354793','1451354793','1451354793','2','18') [ RunTime:0.0002s ]
SQL: SELECT * FROM `ht_flow_process` WHERE ( id=129 ) LIMIT 1   [ RunTime:0.0002s ]
SQL: INSERT INTO `ht_run_process` (`uid`,`run_id`,`run_flow`,`js_time`,`bl_time`,`jj_time`,`status`,`run_flow_process`,`updatetime`,`dateline`) VALUES ('18','2015','18','1451354793','1451354793','1451354793','1','129','1451354793','1451354793') [ RunTime:0.0192s ]
SQL: INSERT INTO `ht_message` (`send_user`,`receive_user`,`send_date`,`message`) VALUES ('1','18','1451354793','<strong style=\"color:#ff0000\">审核</strong>  最新信息') [ RunTime:0.0197s ]
INFO: [ app_end ] --START--
INFO: Run Behavior\ShowPageTraceBehavior [ RunTime:0.000094s ]
INFO: [ app_end ] --END-- [ RunTime:0.000178s ]

[ 2015-12-29T10:06:40+08:00 ] 183.21.22.164 /s/tp/wwwroot/index.php?s=/Flow/Run/getflowlist/type/chulinode.html
INFO: [ app_init ] --START--
INFO: Run Behavior\BuildLiteBehavior [ RunTime:0.000022s ]
INFO: [ app_init ] --END-- [ RunTime:0.000162s ]
INFO: [ app_begin ] --START--
INFO: Run Behavior\ReadHtmlCacheBehavior [ RunTime:0.000064s ]
INFO: [ app_begin ] --END-- [ RunTime:0.000150s ]
NOTIC: [2048] Declaration of Flow\Controller\RunController::show() should be compatible with Think\Controller::show($content, $charset = '', $contentType = '', $prefix = '') /var/www/dzxt/s/tp/Application/Flow/Controller/RunController.class.php 第 4 行.
SQL: SHOW COLUMNS FROM `ht_run_process` [ RunTime:0.0011s ]
SQL: SELECT * FROM `ht_run_process` WHERE `uid` = 235 AND `status` = 1  [ RunTime:0.0003s ]
NOTIC: [2] Invalid argument supplied for foreach() /var/www/dzxt/s/tp/Application/Flow/Controller/RunController.class.php 第 375 行.
INFO: [ view_parse ] --START--
INFO: [ template_filter ] --START--
INFO: Run Behavior\ContentReplaceBehavior [ RunTime:0.000052s ]
INFO: [ template_filter ] --END-- [ RunTime:0.000143s ]
INFO: Run Behavior\ParseTemplateBehavior [ RunTime:0.022903s ]
INFO: [ view_parse ] --END-- [ RunTime:0.022989s ]
INFO: [ view_filter ] --START--
INFO: Run Behavior\WriteHtmlCacheBehavior [ RunTime:0.004193s ]
INFO: [ view_filter ] --END-- [ RunTime:0.004278s ]
INFO: [ app_end ] --START--
INFO: Run Behavior\ShowPageTraceBehavior [ RunTime:0.000065s ]
INFO: [ app_end ] --END-- [ RunTime:0.000146s ]

[ 2015-12-29T10:06:49+08:00 ] 183.21.22.164 /s/tp/wwwroot/index.php?s=/Flow/run/getflow/flow_id/17.html
INFO: [ app_init ] --START--
INFO: Run Behavior\BuildLiteBehavior [ RunTime:0.000020s ]
INFO: [ app_init ] --END-- [ RunTime:0.000146s ]
INFO: [ app_begin ] --START--
INFO: Run Behavior\ReadHtmlCacheBehavior [ RunTime:0.000065s ]
INFO: [ app_begin ] --END-- [ RunTime:0.000152s ]
NOTIC: [2048] Declaration of Flow\Controller\RunController::show() should be compatible with Think\Controller::show($content, $charset = '', $contentType = '', $prefix = '') /var/www/dzxt/s/tp/Application/Flow/Controller/RunController.class.php 第 4 行.
SQL: SHOW COLUMNS FROM `ht_flow_process` [ RunTime:0.0015s ]
SQL: SHOW COLUMNS FROM `ht_flow` [ RunTime:0.0005s ]
SQL: SELECT * FROM `ht_flow` WHERE `id` = 17 AND `is_del` = 0 LIMIT 1   [ RunTime:0.0002s ]
SQL: SELECT * FROM `ht_flow_process` WHERE `flow_id` = 17 AND `is_del` = 0 AND `process_type` = 'is_one' LIMIT 1   [ RunTime:0.0002s ]
NOTIC: [8] Undefined index: powers /var/www/dzxt/s/tp/Application/Flow/Controller/RunController.class.php 第 158 行.
NOTIC: [8] Undefined index: form_id /var/www/dzxt/s/tp/Application/Flow/Controller/RunController.class.php 第 164 行.
NOTIC: [8] Undefined index: form_id /var/www/dzxt/s/tp/Application/Flow/Controller/RunController.class.php 第 169 行.
NOTIC: [8] Undefined index: nav /var/www/dzxt/s/tp/Application/Flow/Controller/RunController.class.php 第 191 行.
NOTIC: [8] Undefined index: formcon /var/www/dzxt/s/tp/Application/Flow/Controller/RunController.class.php 第 201 行.
INFO: [ app_end ] --START--
INFO: Run Behavior\ShowPageTraceBehavior [ RunTime:0.000066s ]
INFO: [ app_end ] --END-- [ RunTime:0.000150s ]

[ 2015-12-29T10:06:55+08:00 ] 183.21.22.164 /s/tp/wwwroot/index.php?s=/Flow/run/getflow/flow_id/18.html
INFO: [ app_init ] --START--
INFO: Run Behavior\BuildLiteBehavior [ RunTime:0.000020s ]
INFO: [ app_init ] --END-- [ RunTime:0.000147s ]
INFO: [ app_begin ] --START--
INFO: Run Behavior\ReadHtmlCacheBehavior [ RunTime:0.000083s ]
INFO: [ app_begin ] --END-- [ RunTime:0.000169s ]
NOTIC: [2048] Declaration of Flow\Controller\RunController::show() should be compatible with Think\Controller::show($content, $charset = '', $contentType = '', $prefix = '') /var/www/dzxt/s/tp/Application/Flow/Controller/RunController.class.php 第 4 行.
SQL: SHOW COLUMNS FROM `ht_flow_process` [ RunTime:0.0015s ]
SQL: SHOW COLUMNS FROM `ht_flow` [ RunTime:0.0005s ]
SQL: SELECT * FROM `ht_flow` WHERE `id` = 18 AND `is_del` = 0 LIMIT 1   [ RunTime:0.0001s ]
SQL: SELECT * FROM `ht_flow_process` WHERE `flow_id` = 18 AND `is_del` = 0 AND `process_type` = 'is_one' LIMIT 1   [ RunTime:0.0001s ]
NOTIC: [8] Undefined index: powers /var/www/dzxt/s/tp/Application/Flow/Controller/RunController.class.php 第 158 行.
NOTIC: [8] Undefined index: form_id /var/www/dzxt/s/tp/Application/Flow/Controller/RunController.class.php 第 164 行.
NOTIC: [8] Undefined index: form_id /var/www/dzxt/s/tp/Application/Flow/Controller/RunController.class.php 第 169 行.
NOTIC: [8] Undefined index: nav /var/www/dzxt/s/tp/Application/Flow/Controller/RunController.class.php 第 191 行.
NOTIC: [8] Undefined index: formcon /var/www/dzxt/s/tp/Application/Flow/Controller/RunController.class.php 第 201 行.
INFO: [ app_end ] --START--
INFO: Run Behavior\ShowPageTraceBehavior [ RunTime:0.000070s ]
INFO: [ app_end ] --END-- [ RunTime:0.000152s ]

[ 2015-12-29T10:07:21+08:00 ] 183.21.22.164 /s/tp/wwwroot/index.php?s=/Flow/run/getflow/flow_id/19.html
INFO: [ app_init ] --START--
INFO: Run Behavior\BuildLiteBehavior [ RunTime:0.000020s ]
INFO: [ app_init ] --END-- [ RunTime:0.000148s ]
INFO: [ app_begin ] --START--
INFO: Run Behavior\ReadHtmlCacheBehavior [ RunTime:0.000062s ]
INFO: [ app_begin ] --END-- [ RunTime:0.000148s ]
NOTIC: [2048] Declaration of Flow\Controller\RunController::show() should be compatible with Think\Controller::show($content, $charset = '', $contentType = '', $prefix = '') /var/www/dzxt/s/tp/Application/Flow/Controller/RunController.class.php 第 4 行.
SQL: SHOW COLUMNS FROM `ht_flow_process` [ RunTime:0.0016s ]
SQL: SHOW COLUMNS FROM `ht_flow` [ RunTime:0.0005s ]
SQL: SELECT * FROM `ht_flow` WHERE `id` = 19 AND `is_del` = 0 LIMIT 1   [ RunTime:0.0002s ]
SQL: SELECT * FROM `ht_flow_process` WHERE `flow_id` = 19 AND `is_del` = 0 AND `process_type` = 'is_one' LIMIT 1   [ RunTime:0.0002s ]
NOTIC: [8] Undefined index: powers /var/www/dzxt/s/tp/Application/Flow/Controller/RunController.class.php 第 158 行.
NOTIC: [8] Undefined index: form_id /var/www/dzxt/s/tp/Application/Flow/Controller/RunController.class.php 第 164 行.
NOTIC: [8] Undefined index: form_id /var/www/dzxt/s/tp/Application/Flow/Controller/RunController.class.php 第 169 行.
NOTIC: [8] Undefined index: nav /var/www/dzxt/s/tp/Application/Flow/Controller/RunController.class.php 第 191 行.
NOTIC: [8] Undefined index: formcon /var/www/dzxt/s/tp/Application/Flow/Controller/RunController.class.php 第 201 行.
INFO: [ app_end ] --START--
INFO: Run Behavior\ShowPageTraceBehavior [ RunTime:0.000063s ]
INFO: [ app_end ] --END-- [ RunTime:0.000146s ]

[ 2015-12-29T10:07:22+08:00 ] 183.21.22.164 /s/tp/wwwroot/index.php?s=/Flow/run/getflow/flow_id/21.html
INFO: [ app_init ] --START--
INFO: Run Behavior\BuildLiteBehavior [ RunTime:0.000023s ]
INFO: [ app_init ] --END-- [ RunTime:0.000154s ]
INFO: [ app_begin ] --START--
INFO: Run Behavior\ReadHtmlCacheBehavior [ RunTime:0.000060s ]
INFO: [ app_begin ] --END-- [ RunTime:0.000147s ]
NOTIC: [2048] Declaration of Flow\Controller\RunController::show() should be compatible with Think\Controller::show($content, $charset = '', $contentType = '', $prefix = '') /var/www/dzxt/s/tp/Application/Flow/Controller/RunController.class.php 第 4 行.
SQL: SHOW COLUMNS FROM `ht_flow_process` [ RunTime:0.0017s ]
SQL: SHOW COLUMNS FROM `ht_flow` [ RunTime:0.0005s ]
SQL: SELECT * FROM `ht_flow` WHERE `id` = 21 AND `is_del` = 0 LIMIT 1   [ RunTime:0.0002s ]
SQL: SELECT * FROM `ht_flow_process` WHERE `flow_id` = 21 AND `is_del` = 0 AND `process_type` = 'is_one' LIMIT 1   [ RunTime:0.0002s ]
NOTIC: [8] Undefined index: powers /var/www/dzxt/s/tp/Application/Flow/Controller/RunController.class.php 第 158 行.
NOTIC: [8] Undefined index: form_id /var/www/dzxt/s/tp/Application/Flow/Controller/RunController.class.php 第 164 行.
NOTIC: [8] Undefined index: form_id /var/www/dzxt/s/tp/Application/Flow/Controller/RunController.class.php 第 169 行.
NOTIC: [8] Undefined index: nav /var/www/dzxt/s/tp/Application/Flow/Controller/RunController.class.php 第 191 行.
NOTIC: [8] Undefined index: formcon /var/www/dzxt/s/tp/Application/Flow/Controller/RunController.class.php 第 201 行.
INFO: [ app_end ] --START--
INFO: Run Behavior\ShowPageTraceBehavior [ RunTime:0.000058s ]
INFO: [ app_end ] --END-- [ RunTime:0.000142s ]

[ 2015-12-29T10:07:24+08:00 ] 183.21.22.164 /s/tp/wwwroot/index.php?s=/Flow/run/getflow/flow_id/23.html
INFO: [ app_init ] --START--
INFO: Run Behavior\BuildLiteBehavior [ RunTime:0.000018s ]
INFO: [ app_init ] --END-- [ RunTime:0.000130s ]
INFO: [ app_begin ] --START--
INFO: Run Behavior\ReadHtmlCacheBehavior [ RunTime:0.000058s ]
INFO: [ app_begin ] --END-- [ RunTime:0.000142s ]
NOTIC: [2048] Declaration of Flow\Controller\RunController::show() should be compatible with Think\Controller::show($content, $charset = '', $contentType = '', $prefix = '') /var/www/dzxt/s/tp/Application/Flow/Controller/RunController.class.php 第 4 行.
SQL: SHOW COLUMNS FROM `ht_flow_process` [ RunTime:0.0014s ]
SQL: SHOW COLUMNS FROM `ht_flow` [ RunTime:0.0005s ]
SQL: SELECT * FROM `ht_flow` WHERE `id` = 23 AND `is_del` = 0 LIMIT 1   [ RunTime:0.0002s ]
SQL: SELECT * FROM `ht_flow_process` WHERE `flow_id` = 23 AND `is_del` = 0 AND `process_type` = 'is_one' LIMIT 1   [ RunTime:0.0002s ]
NOTIC: [8] Undefined index: powers /var/www/dzxt/s/tp/Application/Flow/Controller/RunController.class.php 第 158 行.
NOTIC: [8] Undefined index: form_id /var/www/dzxt/s/tp/Application/Flow/Controller/RunController.class.php 第 164 行.
NOTIC: [8] Undefined index: form_id /var/www/dzxt/s/tp/Application/Flow/Controller/RunController.class.php 第 169 行.
NOTIC: [8] Undefined index: nav /var/www/dzxt/s/tp/Application/Flow/Controller/RunController.class.php 第 191 行.
NOTIC: [8] Undefined index: formcon /var/www/dzxt/s/tp/Application/Flow/Controller/RunController.class.php 第 201 行.
INFO: [ app_end ] --START--
INFO: Run Behavior\ShowPageTraceBehavior [ RunTime:0.000071s ]
INFO: [ app_end ] --END-- [ RunTime:0.000154s ]

[ 2015-12-29T10:07:43+08:00 ] 183.21.22.164 /s/tp/wwwroot/index.php?s=/Flow/run/getflow/flow_id/21.html
INFO: [ app_init ] --START--
INFO: Run Behavior\BuildLiteBehavior [ RunTime:0.000020s ]
INFO: [ app_init ] --END-- [ RunTime:0.000146s ]
INFO: [ app_begin ] --START--
INFO: Run Behavior\ReadHtmlCacheBehavior [ RunTime:0.000081s ]
INFO: [ app_begin ] --END-- [ RunTime:0.000167s ]
NOTIC: [2048] Declaration of Flow\Controller\RunController::show() should be compatible with Think\Controller::show($content, $charset = '', $contentType = '', $prefix = '') /var/www/dzxt/s/tp/Application/Flow/Controller/RunController.class.php 第 4 行.
SQL: SHOW COLUMNS FROM `ht_flow_process` [ RunTime:0.0016s ]
SQL: SHOW COLUMNS FROM `ht_flow` [ RunTime:0.0005s ]
SQL: SELECT * FROM `ht_flow` WHERE `id` = 21 AND `is_del` = 0 LIMIT 1   [ RunTime:0.0001s ]
SQL: SELECT * FROM `ht_flow_process` WHERE `flow_id` = 21 AND `is_del` = 0 AND `process_type` = 'is_one' LIMIT 1   [ RunTime:0.0001s ]
NOTIC: [8] Undefined index: powers /var/www/dzxt/s/tp/Application/Flow/Controller/RunController.class.php 第 158 行.
NOTIC: [8] Undefined index: form_id /var/www/dzxt/s/tp/Application/Flow/Controller/RunController.class.php 第 164 行.
NOTIC: [8] Undefined index: form_id /var/www/dzxt/s/tp/Application/Flow/Controller/RunController.class.php 第 169 行.
NOTIC: [8] Undefined index: nav /var/www/dzxt/s/tp/Application/Flow/Controller/RunController.class.php 第 191 行.
NOTIC: [8] Undefined index: formcon /var/www/dzxt/s/tp/Application/Flow/Controller/RunController.class.php 第 201 行.
INFO: [ app_end ] --START--
INFO: Run Behavior\ShowPageTraceBehavior [ RunTime:0.000073s ]
INFO: [ app_end ] --END-- [ RunTime:0.000156s ]

[ 2015-12-29T10:07:44+08:00 ] 183.21.22.164 /s/tp/wwwroot/index.php?s=/Flow/run/getflow/flow_id/18.html
INFO: [ app_init ] --START--
INFO: Run Behavior\BuildLiteBehavior [ RunTime:0.000018s ]
INFO: [ app_init ] --END-- [ RunTime:0.000123s ]
INFO: [ app_begin ] --START--
INFO: Run Behavior\ReadHtmlCacheBehavior [ RunTime:0.000053s ]
INFO: [ app_begin ] --END-- [ RunTime:0.000137s ]
NOTIC: [2048] Declaration of Flow\Controller\RunController::show() should be compatible with Think\Controller::show($content, $charset = '', $contentType = '', $prefix = '') /var/www/dzxt/s/tp/Application/Flow/Controller/RunController.class.php 第 4 行.
SQL: SHOW COLUMNS FROM `ht_flow_process` [ RunTime:0.0014s ]
SQL: SHOW COLUMNS FROM `ht_flow` [ RunTime:0.0005s ]
SQL: SELECT * FROM `ht_flow` WHERE `id` = 18 AND `is_del` = 0 LIMIT 1   [ RunTime:0.0001s ]
SQL: SELECT * FROM `ht_flow_process` WHERE `flow_id` = 18 AND `is_del` = 0 AND `process_type` = 'is_one' LIMIT 1   [ RunTime:0.0001s ]
NOTIC: [8] Undefined index: powers /var/www/dzxt/s/tp/Application/Flow/Controller/RunController.class.php 第 158 行.
NOTIC: [8] Undefined index: form_id /var/www/dzxt/s/tp/Application/Flow/Controller/RunController.class.php 第 164 行.
NOTIC: [8] Undefined index: form_id /var/www/dzxt/s/tp/Application/Flow/Controller/RunController.class.php 第 169 行.
NOTIC: [8] Undefined index: nav /var/www/dzxt/s/tp/Application/Flow/Controller/RunController.class.php 第 191 行.
NOTIC: [8] Undefined index: formcon /var/www/dzxt/s/tp/Application/Flow/Controller/RunController.class.php 第 201 行.
INFO: [ app_end ] --START--
INFO: Run Behavior\ShowPageTraceBehavior [ RunTime:0.000054s ]
INFO: [ app_end ] --END-- [ RunTime:0.000135s ]

