[ 2016-06-27T16:50:23+08:00 ] 113.99.27.63 /s/tp/wwwroot/index.php?s=/Flow/run/getflowlist/type/getmyflow
INFO: [ app_init ] --START--
INFO: Run Behavior\BuildLiteBehavior [ RunTime:0.000026s ]
INFO: [ app_init ] --END-- [ RunTime:0.000185s ]
INFO: [ app_begin ] --START--
INFO: Run Behavior\ReadHtmlCacheBehavior [ RunTime:0.000090s ]
INFO: [ app_begin ] --END-- [ RunTime:0.000168s ]
NOTIC: [2048] Declaration of Flow\Controller\RunController::show() should be compatible with Think\Controller::show($content, $charset = '', $contentType = '', $prefix = '') /var/www/dzxt/s/tp/Application/Flow/Controller/RunController.class.php 第 4 行.
SQL: SHOW COLUMNS FROM `ht_run` [ RunTime:0.0012s ]
SQL: SELECT * FROM `ht_run` WHERE `uid` = '349'  [ RunTime:0.0005s ]
NOTIC: [2] Invalid argument supplied for foreach() /var/www/dzxt/s/tp/Application/Flow/Controller/RunController.class.php 第 457 行.
INFO: [ view_parse ] --START--
INFO: [ template_filter ] --START--
INFO: Run Behavior\ContentReplaceBehavior [ RunTime:0.000051s ]
INFO: [ template_filter ] --END-- [ RunTime:0.000127s ]
INFO: Run Behavior\ParseTemplateBehavior [ RunTime:0.013346s ]
INFO: [ view_parse ] --END-- [ RunTime:0.013426s ]
INFO: [ view_filter ] --START--
INFO: Run Behavior\WriteHtmlCacheBehavior [ RunTime:0.000316s ]
INFO: [ view_filter ] --END-- [ RunTime:0.000377s ]
INFO: [ app_end ] --START--
INFO: Run Behavior\ShowPageTraceBehavior [ RunTime:0.000092s ]
INFO: [ app_end ] --END-- [ RunTime:0.000151s ]

[ 2016-06-27T16:50:40+08:00 ] 113.99.27.63 /s/tp/wwwroot/index.php?s=/Flow/run/getflowlist/type/getmyflow
INFO: [ app_init ] --START--
INFO: Run Behavior\BuildLiteBehavior [ RunTime:0.000021s ]
INFO: [ app_init ] --END-- [ RunTime:0.000137s ]
INFO: [ app_begin ] --START--
INFO: Run Behavior\ReadHtmlCacheBehavior [ RunTime:0.000064s ]
INFO: [ app_begin ] --END-- [ RunTime:0.000128s ]
NOTIC: [2048] Declaration of Flow\Controller\RunController::show() should be compatible with Think\Controller::show($content, $charset = '', $contentType = '', $prefix = '') /var/www/dzxt/s/tp/Application/Flow/Controller/RunController.class.php 第 4 行.
SQL: SHOW COLUMNS FROM `ht_run` [ RunTime:0.0010s ]
SQL: SELECT * FROM `ht_run` WHERE `uid` = '349'  [ RunTime:0.0002s ]
NOTIC: [2] Invalid argument supplied for foreach() /var/www/dzxt/s/tp/Application/Flow/Controller/RunController.class.php 第 457 行.
INFO: [ view_parse ] --START--
INFO: [ template_filter ] --START--
INFO: Run Behavior\ContentReplaceBehavior [ RunTime:0.000044s ]
INFO: [ template_filter ] --END-- [ RunTime:0.000117s ]
INFO: Run Behavior\ParseTemplateBehavior [ RunTime:0.002974s ]
INFO: [ view_parse ] --END-- [ RunTime:0.003047s ]
INFO: [ view_filter ] --START--
INFO: Run Behavior\WriteHtmlCacheBehavior [ RunTime:0.000061s ]
INFO: [ view_filter ] --END-- [ RunTime:0.000128s ]
INFO: [ app_end ] --START--
INFO: Run Behavior\ShowPageTraceBehavior [ RunTime:0.000056s ]
INFO: [ app_end ] --END-- [ RunTime:0.000109s ]

[ 2016-06-27T16:51:34+08:00 ] 113.99.27.63 /s/tp/wwwroot/index.php?s=/Flow/run/getflowlist/type/getmyflow
INFO: [ app_init ] --START--
INFO: Run Behavior\BuildLiteBehavior [ RunTime:0.000019s ]
INFO: [ app_init ] --END-- [ RunTime:0.000139s ]
INFO: [ app_begin ] --START--
INFO: Run Behavior\ReadHtmlCacheBehavior [ RunTime:0.000074s ]
INFO: [ app_begin ] --END-- [ RunTime:0.000140s ]
NOTIC: [2048] Declaration of Flow\Controller\RunController::show() should be compatible with Think\Controller::show($content, $charset = '', $contentType = '', $prefix = '') /var/www/dzxt/s/tp/Application/Flow/Controller/RunController.class.php 第 4 行.
SQL: SHOW COLUMNS FROM `ht_run` [ RunTime:0.0010s ]
SQL: SELECT * FROM `ht_run` WHERE `uid` = '349'  [ RunTime:0.0002s ]
NOTIC: [2] Invalid argument supplied for foreach() /var/www/dzxt/s/tp/Application/Flow/Controller/RunController.class.php 第 457 行.
INFO: [ view_parse ] --START--
INFO: [ template_filter ] --START--
INFO: Run Behavior\ContentReplaceBehavior [ RunTime:0.000051s ]
INFO: [ template_filter ] --END-- [ RunTime:0.000136s ]
INFO: Run Behavior\ParseTemplateBehavior [ RunTime:0.003565s ]
INFO: [ view_parse ] --END-- [ RunTime:0.003649s ]
INFO: [ view_filter ] --START--
INFO: Run Behavior\WriteHtmlCacheBehavior [ RunTime:0.000067s ]
INFO: [ view_filter ] --END-- [ RunTime:0.000124s ]
INFO: [ app_end ] --START--
INFO: Run Behavior\ShowPageTraceBehavior [ RunTime:0.000072s ]
INFO: [ app_end ] --END-- [ RunTime:0.000128s ]

[ 2016-06-27T16:57:10+08:00 ] 113.99.27.63 /s/tp/wwwroot/index.php?s=/Flow/demo/index/getflow/ok.html
INFO: [ app_init ] --START--
INFO: Run Behavior\BuildLiteBehavior [ RunTime:0.000026s ]
INFO: [ app_init ] --END-- [ RunTime:0.000197s ]
INFO: [ app_begin ] --START--
INFO: Run Behavior\ReadHtmlCacheBehavior [ RunTime:0.000064s ]
INFO: [ app_begin ] --END-- [ RunTime:0.000129s ]
SQL: SHOW COLUMNS FROM `ht_flow` [ RunTime:0.0010s ]
SQL: SELECT COUNT(id) AS tp_count FROM `ht_flow` WHERE `is_del` = 0 LIMIT 1   [ RunTime:0.0005s ]
NOTIC: [8] Undefined variable: p /var/www/dzxt/s/tp/Application/Flow/Controller/DemoController.class.php 第 22 行.
NOTIC: [8] Trying to get property of non-object /var/www/dzxt/s/tp/Application/Flow/Controller/DemoController.class.php 第 22 行.
NOTIC: [8] Undefined variable: p /var/www/dzxt/s/tp/Application/Flow/Controller/DemoController.class.php 第 22 行.
NOTIC: [8] Trying to get property of non-object /var/www/dzxt/s/tp/Application/Flow/Controller/DemoController.class.php 第 22 行.
SQL: SELECT `id`,`form_id`,`flow_name`,`flow_desc`,`updatetime`,`dateline` FROM `ht_flow` WHERE `is_del` = 0 ORDER BY id desc  [ RunTime:0.0004s ]
SQL: SHOW COLUMNS FROM `ht_form` [ RunTime:0.0009s ]
SQL: SELECT * FROM `ht_form` WHERE ( 1=1 AND id='757' ) LIMIT 1   [ RunTime:0.0005s ]
SQL: SELECT * FROM `ht_form` WHERE ( 1=1 AND id='775' ) LIMIT 1   [ RunTime:0.0005s ]
SQL: SELECT * FROM `ht_form` WHERE ( 1=1 AND id='772' ) LIMIT 1   [ RunTime:0.0005s ]
SQL: SELECT * FROM `ht_form` WHERE ( 1=1 AND id='769' ) LIMIT 1   [ RunTime:0.0004s ]
SQL: SELECT * FROM `ht_form` WHERE ( 1=1 AND id='746' ) LIMIT 1   [ RunTime:0.0004s ]
SQL: SELECT * FROM `ht_form` WHERE ( 1=1 AND id='730' ) LIMIT 1   [ RunTime:0.0004s ]
SQL: SELECT * FROM `ht_form` WHERE ( 1=1 AND id='587' ) LIMIT 1   [ RunTime:0.0003s ]
SQL: SELECT * FROM `ht_form` WHERE ( 1=1 AND id='266' ) LIMIT 1   [ RunTime:0.0004s ]
SQL: SELECT * FROM `ht_form` WHERE ( 1=1 AND id='328' ) LIMIT 1   [ RunTime:0.0005s ]
SQL: SELECT * FROM `ht_form` WHERE ( 1=1 AND id='329' ) LIMIT 1   [ RunTime:0.0004s ]
INFO: [ app_end ] --START--
INFO: Run Behavior\ShowPageTraceBehavior [ RunTime:0.000091s ]
INFO: [ app_end ] --END-- [ RunTime:0.000152s ]

[ 2016-06-27T16:58:24+08:00 ] 113.99.27.63 /s/tp/wwwroot/index.php?s=/Flow/demo/index/getflow/ok.html
INFO: [ app_init ] --START--
INFO: Run Behavior\BuildLiteBehavior [ RunTime:0.000023s ]
INFO: [ app_init ] --END-- [ RunTime:0.000160s ]
INFO: [ app_begin ] --START--
INFO: Run Behavior\ReadHtmlCacheBehavior [ RunTime:0.000070s ]
INFO: [ app_begin ] --END-- [ RunTime:0.000134s ]
SQL: SHOW COLUMNS FROM `ht_flow` [ RunTime:0.0011s ]
SQL: SELECT COUNT(id) AS tp_count FROM `ht_flow` WHERE `is_del` = 0 LIMIT 1   [ RunTime:0.0002s ]
NOTIC: [8] Undefined variable: p /var/www/dzxt/s/tp/Application/Flow/Controller/DemoController.class.php 第 22 行.
NOTIC: [8] Trying to get property of non-object /var/www/dzxt/s/tp/Application/Flow/Controller/DemoController.class.php 第 22 行.
NOTIC: [8] Undefined variable: p /var/www/dzxt/s/tp/Application/Flow/Controller/DemoController.class.php 第 22 行.
NOTIC: [8] Trying to get property of non-object /var/www/dzxt/s/tp/Application/Flow/Controller/DemoController.class.php 第 22 行.
SQL: SELECT `id`,`form_id`,`flow_name`,`flow_desc`,`updatetime`,`dateline` FROM `ht_flow` WHERE `is_del` = 0 ORDER BY id desc  [ RunTime:0.0002s ]
SQL: SHOW COLUMNS FROM `ht_form` [ RunTime:0.0009s ]
SQL: SELECT * FROM `ht_form` WHERE ( 1=1 AND id='757' ) LIMIT 1   [ RunTime:0.0002s ]
SQL: SELECT * FROM `ht_form` WHERE ( 1=1 AND id='775' ) LIMIT 1   [ RunTime:0.0002s ]
SQL: SELECT * FROM `ht_form` WHERE ( 1=1 AND id='772' ) LIMIT 1   [ RunTime:0.0002s ]
SQL: SELECT * FROM `ht_form` WHERE ( 1=1 AND id='769' ) LIMIT 1   [ RunTime:0.0002s ]
SQL: SELECT * FROM `ht_form` WHERE ( 1=1 AND id='746' ) LIMIT 1   [ RunTime:0.0001s ]
SQL: SELECT * FROM `ht_form` WHERE ( 1=1 AND id='730' ) LIMIT 1   [ RunTime:0.0001s ]
SQL: SELECT * FROM `ht_form` WHERE ( 1=1 AND id='587' ) LIMIT 1   [ RunTime:0.0002s ]
SQL: SELECT * FROM `ht_form` WHERE ( 1=1 AND id='266' ) LIMIT 1   [ RunTime:0.0002s ]
SQL: SELECT * FROM `ht_form` WHERE ( 1=1 AND id='328' ) LIMIT 1   [ RunTime:0.0002s ]
SQL: SELECT * FROM `ht_form` WHERE ( 1=1 AND id='329' ) LIMIT 1   [ RunTime:0.0002s ]
INFO: [ app_end ] --START--
INFO: Run Behavior\ShowPageTraceBehavior [ RunTime:0.000089s ]
INFO: [ app_end ] --END-- [ RunTime:0.000149s ]

