[ 2015-08-21T18:37:55+08:00 ] ::1 /s/tp/wwwroot/index.php?s=/demo/formdesign/form_id/139.html
INFO: [ app_init ] --START--
INFO: Run Behavior\BuildLiteBehavior [ RunTime:0.000000s ]
INFO: [ app_init ] --END-- [ RunTime:0.096679s ]
INFO: [ app_begin ] --START--
INFO: Run Behavior\ReadHtmlCacheBehavior [ RunTime:0.011719s ]
INFO: [ app_begin ] --END-- [ RunTime:0.011719s ]
SQL: SHOW COLUMNS FROM `ht_form` [ RunTime:0.0039s ]
SQL: SELECT * FROM `ht_form` WHERE `id` = 139 AND `is_del` = 0 LIMIT 1   [ RunTime:0.0010s ]
INFO: [ app_end ] --START--
INFO: Run Behavior\ShowPageTraceBehavior [ RunTime:0.011718s ]
INFO: [ app_end ] --END-- [ RunTime:0.011718s ]

[ 2015-08-21T18:38:00+08:00 ] ::1 /s/tp/wwwroot/index.php?s=/demo/formdesign/form_id/138.html
INFO: [ app_init ] --START--
INFO: Run Behavior\BuildLiteBehavior [ RunTime:0.000000s ]
INFO: [ app_init ] --END-- [ RunTime:0.000977s ]
INFO: [ app_begin ] --START--
INFO: Run Behavior\ReadHtmlCacheBehavior [ RunTime:0.000976s ]
INFO: [ app_begin ] --END-- [ RunTime:0.000976s ]
SQL: SHOW COLUMNS FROM `ht_form` [ RunTime:0.0068s ]
SQL: SELECT * FROM `ht_form` WHERE `id` = 138 AND `is_del` = 0 LIMIT 1   [ RunTime:0.0020s ]
INFO: [ app_end ] --START--
INFO: Run Behavior\ShowPageTraceBehavior [ RunTime:0.000976s ]
INFO: [ app_end ] --END-- [ RunTime:0.000976s ]

[ 2015-08-21T18:38:14+08:00 ] ::1 /s/tp/wwwroot/index.php?s=/demo/formdesign/
INFO: [ app_init ] --START--
INFO: Run Behavior\BuildLiteBehavior [ RunTime:0.000000s ]
INFO: [ app_init ] --END-- [ RunTime:0.000000s ]
INFO: [ app_begin ] --START--
INFO: Run Behavior\ReadHtmlCacheBehavior [ RunTime:0.000000s ]
INFO: [ app_begin ] --END-- [ RunTime:0.000000s ]
SQL: SHOW COLUMNS FROM `ht_form` [ RunTime:0.0098s ]
SQL: SELECT * FROM `ht_form` WHERE `id` = 138 AND `is_del` = 0 LIMIT 1   [ RunTime:0.0020s ]
SQL: show tables like 'ht_form_data_138' [ RunTime:0.0020s ]
SQL: CREATE TABLE `ht_form_data_138` (
              `id` int(10) unsigned NOT NULL AUTO_INCREMENT,
              `uid` int(10) unsigned NOT NULL DEFAULT '0',
              `foreign_id` int(10) unsigned NOT NULL DEFAULT '0',
              `data_1` varchar(255) NOT NULL DEFAULT '' comment 'ddd',
              `is_del` tinyint(1) unsigned NOT NULL DEFAULT '0',
              `updatetime` int(10) unsigned NOT NULL DEFAULT '0',
              `dateline` int(10) unsigned NOT NULL DEFAULT '0',
              PRIMARY KEY (`id`),
              KEY `uid` (`uid`),
              KEY `foreign_id` (`foreign_id`)
            ) ENGINE=InnoDB DEFAULT CHARSET=utf8; [ RunTime:0.0225s ]
SQL: UPDATE `ht_form` SET `is_data_form`='1',`fields`='1',`content`='<p><input name=\"data_1\" type=\"text\" title=\"ddd\" value=\"\" leipiplugins=\"text\" orghide=\"0\" orgalign=\"left\" orgwidth=\"150\" orgtype=\"text\" style=\"text-align: left; width: 150px;\"/></p>',`content_parse`='<p>{data_1}</p>',`content_data`='a:1:{i:0;a:11:{s:4:\"name\";s:6:\"data_1\";s:4:\"type\";s:4:\"text\";s:5:\"title\";s:3:\"ddd\";s:5:\"value\";s:0:\"\";s:12:\"leipiplugins\";s:4:\"text\";s:7:\"orghide\";s:1:\"0\";s:8:\"orgalign\";s:4:\"left\";s:8:\"orgwidth\";s:3:\"150\";s:7:\"orgtype\";s:4:\"text\";s:5:\"style\";s:31:\"text-align: left; width: 150px;\";s:7:\"content\";s:173:\"<input name=\"data_1\" type=\"text\" title=\"ddd\" value=\"\" leipiplugins=\"text\" orghide=\"0\" orgalign=\"left\" orgwidth=\"150\" orgtype=\"text\" style=\"text-align: left; width: 150px;\"/>\";}}',`updatetime`='1440153494' WHERE `id` = 138 [ RunTime:0.0039s ]
NOTIC: [2] unlink(../Application/Runtime/Temp/21d9a5adf0e55158019e1c301ccb9502.php): No such file or directory D:\¹¤³ÌÇø\dzxt\s\tp\ThinkPHP\Library\Think\Cache\Driver\File.class.php ç¬¬ 157 è¡Œ.
INFO: [ app_end ] --START--
INFO: Run Behavior\ShowPageTraceBehavior [ RunTime:0.000000s ]
INFO: [ app_end ] --END-- [ RunTime:0.000000s ]

[ 2015-08-21T18:38:16+08:00 ] ::1 /s/tp/wwwroot/index.php?s=/demo/formdesign/form_id/138.html
INFO: [ app_init ] --START--
INFO: Run Behavior\BuildLiteBehavior [ RunTime:0.000000s ]
INFO: [ app_init ] --END-- [ RunTime:0.000000s ]
INFO: [ app_begin ] --START--
INFO: Run Behavior\ReadHtmlCacheBehavior [ RunTime:0.000000s ]
INFO: [ app_begin ] --END-- [ RunTime:0.000000s ]
SQL: SHOW COLUMNS FROM `ht_form` [ RunTime:0.0049s ]
SQL: SELECT * FROM `ht_form` WHERE `id` = 138 AND `is_del` = 0 LIMIT 1   [ RunTime:0.0020s ]
INFO: [ app_end ] --START--
INFO: Run Behavior\ShowPageTraceBehavior [ RunTime:0.000977s ]
INFO: [ app_end ] --END-- [ RunTime:0.000977s ]

[ 2015-08-21T18:38:29+08:00 ] ::1 /s/tp/wwwroot/index.php?s=/demo/formdesign/form_id/138.html
INFO: [ app_init ] --START--
INFO: Run Behavior\BuildLiteBehavior [ RunTime:0.000000s ]
INFO: [ app_init ] --END-- [ RunTime:0.000000s ]
INFO: [ app_begin ] --START--
INFO: Run Behavior\ReadHtmlCacheBehavior [ RunTime:0.000977s ]
INFO: [ app_begin ] --END-- [ RunTime:0.000977s ]
SQL: SHOW COLUMNS FROM `ht_form` [ RunTime:0.0049s ]
SQL: SELECT * FROM `ht_form` WHERE `id` = 138 AND `is_del` = 0 LIMIT 1   [ RunTime:0.0039s ]
INFO: [ app_end ] --START--
INFO: Run Behavior\ShowPageTraceBehavior [ RunTime:0.000976s ]
INFO: [ app_end ] --END-- [ RunTime:0.000976s ]

[ 2015-08-21T18:38:32+08:00 ] ::1 /s/tp/wwwroot/index.php?s=/demo/formdesign/form_id/141.html
INFO: [ app_init ] --START--
INFO: Run Behavior\BuildLiteBehavior [ RunTime:0.000000s ]
INFO: [ app_init ] --END-- [ RunTime:0.000000s ]
INFO: [ app_begin ] --START--
INFO: Run Behavior\ReadHtmlCacheBehavior [ RunTime:0.000000s ]
INFO: [ app_begin ] --END-- [ RunTime:0.000000s ]
SQL: SHOW COLUMNS FROM `ht_form` [ RunTime:0.0059s ]
SQL: SELECT * FROM `ht_form` WHERE `id` = 141 AND `is_del` = 0 LIMIT 1   [ RunTime:0.0010s ]
INFO: [ app_end ] --START--
INFO: Run Behavior\ShowPageTraceBehavior [ RunTime:0.000977s ]
INFO: [ app_end ] --END-- [ RunTime:0.000977s ]

[ 2015-08-21T18:38:34+08:00 ] ::1 /s/tp/wwwroot/index.php?s=/demo/formdesign/form_id/138.html
INFO: [ app_init ] --START--
INFO: Run Behavior\BuildLiteBehavior [ RunTime:0.000000s ]
INFO: [ app_init ] --END-- [ RunTime:0.000000s ]
INFO: [ app_begin ] --START--
INFO: Run Behavior\ReadHtmlCacheBehavior [ RunTime:0.000000s ]
INFO: [ app_begin ] --END-- [ RunTime:0.000000s ]
SQL: SHOW COLUMNS FROM `ht_form` [ RunTime:0.0049s ]
SQL: SELECT * FROM `ht_form` WHERE `id` = 138 AND `is_del` = 0 LIMIT 1   [ RunTime:0.0010s ]
INFO: [ app_end ] --START--
INFO: Run Behavior\ShowPageTraceBehavior [ RunTime:0.000000s ]
INFO: [ app_end ] --END-- [ RunTime:0.000000s ]

