[ 2015-09-16T02:11:56+08:00 ] 120.82.18.20 /s/tp/wwwroot/index.php?s=/demo/formdesign/form_id/128.html
INFO: [ app_init ] --START--
INFO: Run Behavior\BuildLiteBehavior [ RunTime:0.000011s ]
INFO: [ app_init ] --END-- [ RunTime:0.000086s ]
INFO: [ app_begin ] --START--
INFO: Run Behavior\ReadHtmlCacheBehavior [ RunTime:0.000036s ]
INFO: [ app_begin ] --END-- [ RunTime:0.000066s ]
SQL: SHOW COLUMNS FROM `ht_form` [ RunTime:0.0009s ]
SQL: SELECT * FROM `ht_form` WHERE `id` = 128 AND `is_del` = 0 LIMIT 1   [ RunTime:0.0003s ]
INFO: [ app_end ] --START--
INFO: Run Behavior\ShowPageTraceBehavior [ RunTime:0.000037s ]
INFO: [ app_end ] --END-- [ RunTime:0.000067s ]

[ 2015-09-16T02:12:00+08:00 ] 120.82.18.20 /s/tp/wwwroot/index.php?s=/demo/formdesign/form_id/267.html
INFO: [ app_init ] --START--
INFO: Run Behavior\BuildLiteBehavior [ RunTime:0.000011s ]
INFO: [ app_init ] --END-- [ RunTime:0.000086s ]
INFO: [ app_begin ] --START--
INFO: Run Behavior\ReadHtmlCacheBehavior [ RunTime:0.000037s ]
INFO: [ app_begin ] --END-- [ RunTime:0.000066s ]
SQL: SHOW COLUMNS FROM `ht_form` [ RunTime:0.0009s ]
SQL: SELECT * FROM `ht_form` WHERE `id` = 267 AND `is_del` = 0 LIMIT 1   [ RunTime:0.0003s ]
INFO: [ app_end ] --START--
INFO: Run Behavior\ShowPageTraceBehavior [ RunTime:0.000040s ]
INFO: [ app_end ] --END-- [ RunTime:0.000071s ]

[ 2015-09-16T02:16:06+08:00 ] 120.82.18.20 /s/tp/wwwroot/index.php?s=/demo/formdesign/form_id/572.html
INFO: [ app_init ] --START--
INFO: Run Behavior\BuildLiteBehavior [ RunTime:0.000009s ]
INFO: [ app_init ] --END-- [ RunTime:0.000078s ]
INFO: [ app_begin ] --START--
INFO: Run Behavior\ReadHtmlCacheBehavior [ RunTime:0.000037s ]
INFO: [ app_begin ] --END-- [ RunTime:0.000067s ]
SQL: SHOW COLUMNS FROM `ht_form` [ RunTime:0.0009s ]
SQL: SELECT * FROM `ht_form` WHERE `id` = 572 AND `is_del` = 0 LIMIT 1   [ RunTime:0.0003s ]
INFO: [ app_end ] --START--
INFO: Run Behavior\ShowPageTraceBehavior [ RunTime:0.000036s ]
INFO: [ app_end ] --END-- [ RunTime:0.000065s ]

[ 2015-09-16T02:16:36+08:00 ] 120.82.18.20 /s/tp/wwwroot/index.php?s=/demo/formdesign/form_id/564.html
INFO: [ app_init ] --START--
INFO: Run Behavior\BuildLiteBehavior [ RunTime:0.000010s ]
INFO: [ app_init ] --END-- [ RunTime:0.000086s ]
INFO: [ app_begin ] --START--
INFO: Run Behavior\ReadHtmlCacheBehavior [ RunTime:0.000037s ]
INFO: [ app_begin ] --END-- [ RunTime:0.000067s ]
SQL: SHOW COLUMNS FROM `ht_form` [ RunTime:0.0010s ]
SQL: SELECT * FROM `ht_form` WHERE `id` = 564 AND `is_del` = 0 LIMIT 1   [ RunTime:0.0003s ]
INFO: [ app_end ] --START--
INFO: Run Behavior\ShowPageTraceBehavior [ RunTime:0.000036s ]
INFO: [ app_end ] --END-- [ RunTime:0.000065s ]

[ 2015-09-16T02:16:51+08:00 ] 120.82.18.20 /s/tp/wwwroot/index.php?s=/Home/Demo/del.html
INFO: [ app_init ] --START--
INFO: Run Behavior\BuildLiteBehavior [ RunTime:0.000010s ]
INFO: [ app_init ] --END-- [ RunTime:0.000085s ]
INFO: [ app_begin ] --START--
INFO: Run Behavior\ReadHtmlCacheBehavior [ RunTime:0.000035s ]
INFO: [ app_begin ] --END-- [ RunTime:0.000064s ]
SQL: SHOW COLUMNS FROM `ht_form` [ RunTime:0.0009s ]
SQL: SELECT * FROM `ht_form` WHERE `pid` = 564 LIMIT 1   [ RunTime:0.0043s ]
SQL: DELETE FROM `ht_form` WHERE `id` = 564 [ RunTime:0.0275s ]
SQL: SHOW COLUMNS FROM `ht_power` [ RunTime:0.0007s ]
SQL: DELETE FROM `ht_power` WHERE `form_id` = 564 [ RunTime:0.0234s ]
INFO: [ app_end ] --START--
INFO: Run Behavior\ShowPageTraceBehavior [ RunTime:0.000078s ]
INFO: [ app_end ] --END-- [ RunTime:0.000108s ]

[ 2015-09-16T02:17:09+08:00 ] 120.82.18.20 /s/tp/wwwroot/index.php?s=/demo/formdesign/form_id/728.html
INFO: [ app_init ] --START--
INFO: Run Behavior\BuildLiteBehavior [ RunTime:0.000011s ]
INFO: [ app_init ] --END-- [ RunTime:0.000086s ]
INFO: [ app_begin ] --START--
INFO: Run Behavior\ReadHtmlCacheBehavior [ RunTime:0.000037s ]
INFO: [ app_begin ] --END-- [ RunTime:0.000066s ]
SQL: SHOW COLUMNS FROM `ht_form` [ RunTime:0.0009s ]
SQL: SELECT * FROM `ht_form` WHERE `id` = 728 AND `is_del` = 0 LIMIT 1   [ RunTime:0.0003s ]
INFO: [ app_end ] --START--
INFO: Run Behavior\ShowPageTraceBehavior [ RunTime:0.000035s ]
INFO: [ app_end ] --END-- [ RunTime:0.000064s ]

[ 2015-09-16T02:17:59+08:00 ] 120.82.18.20 /s/tp/wwwroot/index.php?s=/demo/formdesign/form_id/377.html
INFO: [ app_init ] --START--
INFO: Run Behavior\BuildLiteBehavior [ RunTime:0.000010s ]
INFO: [ app_init ] --END-- [ RunTime:0.000087s ]
INFO: [ app_begin ] --START--
INFO: Run Behavior\ReadHtmlCacheBehavior [ RunTime:0.000040s ]
INFO: [ app_begin ] --END-- [ RunTime:0.000071s ]
SQL: SHOW COLUMNS FROM `ht_form` [ RunTime:0.0009s ]
SQL: SELECT * FROM `ht_form` WHERE `id` = 377 AND `is_del` = 0 LIMIT 1   [ RunTime:0.0003s ]
INFO: [ app_end ] --START--
INFO: Run Behavior\ShowPageTraceBehavior [ RunTime:0.000038s ]
INFO: [ app_end ] --END-- [ RunTime:0.000071s ]

[ 2015-09-16T02:46:29+08:00 ] 120.82.18.20 /s/tp/wwwroot/index.php?s=/demo/formdesign/form_id/377.html
INFO: [ app_init ] --START--
INFO: Run Behavior\BuildLiteBehavior [ RunTime:0.000011s ]
INFO: [ app_init ] --END-- [ RunTime:0.000086s ]
INFO: [ app_begin ] --START--
INFO: Run Behavior\ReadHtmlCacheBehavior [ RunTime:0.000036s ]
INFO: [ app_begin ] --END-- [ RunTime:0.000066s ]
SQL: SHOW COLUMNS FROM `ht_form` [ RunTime:0.0009s ]
SQL: SELECT * FROM `ht_form` WHERE `id` = 377 AND `is_del` = 0 LIMIT 1   [ RunTime:0.0001s ]
INFO: [ app_end ] --START--
INFO: Run Behavior\ShowPageTraceBehavior [ RunTime:0.000035s ]
INFO: [ app_end ] --END-- [ RunTime:0.000064s ]

[ 2015-09-16T09:14:49+08:00 ] 14.113.204.233 /s/tp/wwwroot/index.php?s=/demo/formdesign/form_id/328.html
INFO: [ app_init ] --START--
INFO: Run Behavior\BuildLiteBehavior [ RunTime:0.000010s ]
INFO: [ app_init ] --END-- [ RunTime:0.000083s ]
INFO: [ app_begin ] --START--
INFO: Run Behavior\ReadHtmlCacheBehavior [ RunTime:0.000038s ]
INFO: [ app_begin ] --END-- [ RunTime:0.000067s ]
SQL: SHOW COLUMNS FROM `ht_form` [ RunTime:0.0010s ]
SQL: SELECT * FROM `ht_form` WHERE `id` = 328 AND `is_del` = 0 LIMIT 1   [ RunTime:0.0004s ]
INFO: [ app_end ] --START--
INFO: Run Behavior\ShowPageTraceBehavior [ RunTime:0.000041s ]
INFO: [ app_end ] --END-- [ RunTime:0.000073s ]

[ 2015-09-16T09:14:51+08:00 ] 14.113.204.233 /s/tp/wwwroot/index.php?s=/demo/formdesign/form_id/329.html
INFO: [ app_init ] --START--
INFO: Run Behavior\BuildLiteBehavior [ RunTime:0.000010s ]
INFO: [ app_init ] --END-- [ RunTime:0.000073s ]
INFO: [ app_begin ] --START--
INFO: Run Behavior\ReadHtmlCacheBehavior [ RunTime:0.000033s ]
INFO: [ app_begin ] --END-- [ RunTime:0.000063s ]
SQL: SHOW COLUMNS FROM `ht_form` [ RunTime:0.0010s ]
SQL: SELECT * FROM `ht_form` WHERE `id` = 329 AND `is_del` = 0 LIMIT 1   [ RunTime:0.0007s ]
INFO: [ app_end ] --START--
INFO: Run Behavior\ShowPageTraceBehavior [ RunTime:0.000035s ]
INFO: [ app_end ] --END-- [ RunTime:0.000067s ]

[ 2015-09-16T11:38:35+08:00 ] 14.113.204.233 /s/tp/wwwroot/index.php?s=/demo/formdesign/form_id/328.html
INFO: [ app_init ] --START--
INFO: Run Behavior\BuildLiteBehavior [ RunTime:0.000011s ]
INFO: [ app_init ] --END-- [ RunTime:0.000086s ]
INFO: [ app_begin ] --START--
INFO: Run Behavior\ReadHtmlCacheBehavior [ RunTime:0.000039s ]
INFO: [ app_begin ] --END-- [ RunTime:0.000067s ]
SQL: SHOW COLUMNS FROM `ht_form` [ RunTime:0.0010s ]
SQL: SELECT * FROM `ht_form` WHERE `id` = 328 AND `is_del` = 0 LIMIT 1   [ RunTime:0.0001s ]
INFO: [ app_end ] --START--
INFO: Run Behavior\ShowPageTraceBehavior [ RunTime:0.000039s ]
INFO: [ app_end ] --END-- [ RunTime:0.000072s ]

[ 2015-09-16T11:38:37+08:00 ] 14.113.204.233 /s/tp/wwwroot/index.php?s=/demo/formdesign/form_id/329.html
INFO: [ app_init ] --START--
INFO: Run Behavior\BuildLiteBehavior [ RunTime:0.000010s ]
INFO: [ app_init ] --END-- [ RunTime:0.000076s ]
INFO: [ app_begin ] --START--
INFO: Run Behavior\ReadHtmlCacheBehavior [ RunTime:0.000033s ]
INFO: [ app_begin ] --END-- [ RunTime:0.000063s ]
SQL: SHOW COLUMNS FROM `ht_form` [ RunTime:0.0009s ]
SQL: SELECT * FROM `ht_form` WHERE `id` = 329 AND `is_del` = 0 LIMIT 1   [ RunTime:0.0002s ]
INFO: [ app_end ] --START--
INFO: Run Behavior\ShowPageTraceBehavior [ RunTime:0.000034s ]
INFO: [ app_end ] --END-- [ RunTime:0.000072s ]

[ 2015-09-16T14:31:33+08:00 ] 113.94.89.180 /s/tp/wwwroot/index.php?s=/demo/formdesign/form_id/267.html
INFO: [ app_init ] --START--
INFO: Run Behavior\BuildLiteBehavior [ RunTime:0.000010s ]
INFO: [ app_init ] --END-- [ RunTime:0.000083s ]
INFO: [ app_begin ] --START--
INFO: Run Behavior\ReadHtmlCacheBehavior [ RunTime:0.000038s ]
INFO: [ app_begin ] --END-- [ RunTime:0.000067s ]
SQL: SHOW COLUMNS FROM `ht_form` [ RunTime:0.0010s ]
SQL: SELECT * FROM `ht_form` WHERE `id` = 267 AND `is_del` = 0 LIMIT 1   [ RunTime:0.0003s ]
INFO: [ app_end ] --START--
INFO: Run Behavior\ShowPageTraceBehavior [ RunTime:0.000041s ]
INFO: [ app_end ] --END-- [ RunTime:0.000073s ]

[ 2015-09-16T14:45:00+08:00 ] 14.113.204.233 /s/tp/wwwroot/index.php?s=/demo/formdesign/form_id/328.html
INFO: [ app_init ] --START--
INFO: Run Behavior\BuildLiteBehavior [ RunTime:0.000010s ]
INFO: [ app_init ] --END-- [ RunTime:0.000099s ]
INFO: [ app_begin ] --START--
INFO: Run Behavior\ReadHtmlCacheBehavior [ RunTime:0.000046s ]
INFO: [ app_begin ] --END-- [ RunTime:0.000076s ]
SQL: SHOW COLUMNS FROM `ht_form` [ RunTime:0.0010s ]
SQL: SELECT * FROM `ht_form` WHERE `id` = 328 AND `is_del` = 0 LIMIT 1   [ RunTime:0.0003s ]
INFO: [ app_end ] --START--
INFO: Run Behavior\ShowPageTraceBehavior [ RunTime:0.000074s ]
INFO: [ app_end ] --END-- [ RunTime:0.000109s ]

[ 2015-09-16T14:47:27+08:00 ] 14.113.204.233 /s/tp/wwwroot/index.php?s=/Home/Demo/add.html
INFO: [ app_init ] --START--
INFO: Run Behavior\BuildLiteBehavior [ RunTime:0.000010s ]
INFO: [ app_init ] --END-- [ RunTime:0.000083s ]
INFO: [ app_begin ] --START--
INFO: Run Behavior\ReadHtmlCacheBehavior [ RunTime:0.000035s ]
INFO: [ app_begin ] --END-- [ RunTime:0.000066s ]
SQL: SHOW COLUMNS FROM `ht_form` [ RunTime:0.0010s ]
SQL: INSERT INTO `ht_form` (`form_name`,`form_desc`,`updatetime`,`type`,`dateline`,`pid`,`creater_uid`) VALUES ('客户资料表','','1442386047','0','1442386047','610','103') [ RunTime:0.0343s ]
NOTIC: [2] unlink(../Application/Runtime/Temp/21d9a5adf0e55158019e1c301ccb9502.php): No such file or directory /var/www/dzxt/s/tp/ThinkPHP/Library/Think/Cache/Driver/File.class.php 第 157 行.
INFO: [ app_end ] --START--
INFO: Run Behavior\ShowPageTraceBehavior [ RunTime:0.000045s ]
INFO: [ app_end ] --END-- [ RunTime:0.000075s ]

[ 2015-09-16T14:47:31+08:00 ] 14.113.204.233 /s/tp/wwwroot/index.php?s=/demo/formdesign/form_id/729.html
INFO: [ app_init ] --START--
INFO: Run Behavior\BuildLiteBehavior [ RunTime:0.000011s ]
INFO: [ app_init ] --END-- [ RunTime:0.000088s ]
INFO: [ app_begin ] --START--
INFO: Run Behavior\ReadHtmlCacheBehavior [ RunTime:0.000039s ]
INFO: [ app_begin ] --END-- [ RunTime:0.000068s ]
SQL: SHOW COLUMNS FROM `ht_form` [ RunTime:0.0010s ]
SQL: SELECT * FROM `ht_form` WHERE `id` = 729 AND `is_del` = 0 LIMIT 1   [ RunTime:0.0002s ]
INFO: [ app_end ] --START--
INFO: Run Behavior\ShowPageTraceBehavior [ RunTime:0.000038s ]
INFO: [ app_end ] --END-- [ RunTime:0.000067s ]

[ 2015-09-16T15:17:00+08:00 ] 14.113.204.233 /s/tp/wwwroot/index.php?s=/demo/formdesign/
INFO: [ app_init ] --START--
INFO: Run Behavior\BuildLiteBehavior [ RunTime:0.000010s ]
INFO: [ app_init ] --END-- [ RunTime:0.000082s ]
INFO: [ app_begin ] --START--
INFO: Run Behavior\ReadHtmlCacheBehavior [ RunTime:0.000034s ]
INFO: [ app_begin ] --END-- [ RunTime:0.000065s ]
SQL: SHOW COLUMNS FROM `ht_form` [ RunTime:0.0009s ]
SQL: SELECT * FROM `ht_form` WHERE `id` = 729 AND `is_del` = 0 LIMIT 1   [ RunTime:0.0001s ]
SQL: show tables like 'ht_form_data_729' [ RunTime:0.0005s ]
SQL: CREATE TABLE `ht_form_data_729` (
              `id` int(10) unsigned NOT NULL AUTO_INCREMENT,
              `uid` int(10) unsigned NOT NULL DEFAULT '0',
              `foreign_id` int(10) unsigned NOT NULL DEFAULT '0',
              `data_1` varchar(255) NOT NULL DEFAULT '' comment '单位名称1',`data_2` text NOT NULL comment '单位地址',`data_3` varchar(255) NOT NULL DEFAULT '' comment '负责人姓名',`data_4` varchar(255) NOT NULL DEFAULT '' comment '联系电话',`data_5` varchar(255) NOT NULL DEFAULT '' comment '备注',
              `is_del` tinyint(1) unsigned NOT NULL DEFAULT '0',
              `updatetime` int(10) unsigned NOT NULL DEFAULT '0',
              `dateline` int(10) unsigned NOT NULL DEFAULT '0',
              PRIMARY KEY (`id`),
              KEY `uid` (`uid`),
              KEY `foreign_id` (`foreign_id`)
            ) ENGINE=InnoDB DEFAULT CHARSET=utf8; [ RunTime:0.0648s ]
SQL: UPDATE `ht_form` SET `is_data_form`='1',`fields`='5',`content`='<table><caption><span style=\"font-size: 20px;\">客户资料表</span><br/></caption><tbody><tr class=\"firstRow\"><td width=\"162\" valign=\"top\" style=\"word-break: break-all;\">单位名称</td><td width=\"142\" valign=\"top\" style=\"word-break: break-all;\">单位地址</td><td width=\"107\" valign=\"top\" style=\"word-break: break-all;\">负责人姓名</td><td width=\"97\" valign=\"top\" style=\"word-break: break-all;\">联系电话</td><td width=\"87\" valign=\"top\" style=\"word-break: break-all;\">备注</td></tr><tr><td width=\"162\" valign=\"top\"><input name=\"data_1\" type=\"text\" title=\"单位名称1\" value=\"茂名市芝麻林教育\" leipiplugins=\"text\" orghide=\"0\" orgalign=\"left\" orgwidth=\"150\" orgtype=\"text\" style=\"text-align: left; width: 150px;\"/></td><td width=\"142\" valign=\"top\"><textarea title=\"单位地址\" name=\"data_2\" leipiplugins=\"textarea\" value=\"茂名市双山五路\" orgrich=\"0\" orgfontsize=\"\" orgwidth=\"150\" orgheight=\"35\" style=\"width:150px;height:35px;\">茂名市双山五路</textarea></td><td width=\"107\" valign=\"top\" style=\"word-break: break-all;\"><input name=\"data_3\" type=\"text\" title=\"负责人姓名\" value=\"陈老师\" leipiplugins=\"text\" orghide=\"0\" orgalign=\"left\" orgwidth=\"100\" orgtype=\"text\" style=\"text-align: left; width: 100px;\"/></td><td width=\"97\" valign=\"top\"><input name=\"data_4\" type=\"text\" title=\"联系电话\" value=\"13450476644\" leipiplugins=\"text\" orghide=\"0\" orgalign=\"left\" orgwidth=\"100\" orgtype=\"text\" style=\"text-align: left; width: 100px;\" orgfontsize=\"\" orgheight=\"\"/></td><td width=\"87\" valign=\"top\"><input name=\"data_5\" type=\"text\" title=\"备注\" value=\"已注册\" leipiplugins=\"text\" orghide=\"0\" orgalign=\"left\" orgwidth=\"80\" orgtype=\"text\" style=\"text-align: left; width: 80px;\"/></td></tr><tr><td width=\"162\" valign=\"top\"><br/></td><td width=\"142\" valign=\"top\"><br/></td><td width=\"107\" valign=\"top\"><br/></td><td width=\"97\" valign=\"top\"><br/></td><td width=\"87\" valign=\"top\"><br/></td></tr><tr><td width=\"162\" valign=\"top\"><br/></td><td width=\"142\" valign=\"top\"><br/></td><td width=\"107\" valign=\"top\"><br/></td><td width=\"97\" valign=\"top\"><br/></td><td width=\"87\" valign=\"top\"><br/></td></tr></tbody></table><p><br/></p>',`content_parse`='<table><caption><span style=\"font-size: 20px;\">客户资料表</span><br/></caption><tbody><tr class=\"firstRow\"><td width=\"162\" valign=\"top\" style=\"word-break: break-all;\">单位名称</td><td width=\"142\" valign=\"top\" style=\"word-break: break-all;\">单位地址</td><td width=\"107\" valign=\"top\" style=\"word-break: break-all;\">负责人姓名</td><td width=\"97\" valign=\"top\" style=\"word-break: break-all;\">联系电话</td><td width=\"87\" valign=\"top\" style=\"word-break: break-all;\">备注</td></tr><tr><td width=\"162\" valign=\"top\">{data_1}</td><td width=\"142\" valign=\"top\">{data_2}</td><td width=\"107\" valign=\"top\" style=\"word-break: break-all;\">{data_3}</td><td width=\"97\" valign=\"top\">{data_4}</td><td width=\"87\" valign=\"top\">{data_5}</td></tr><tr><td width=\"162\" valign=\"top\"><br/></td><td width=\"142\" valign=\"top\"><br/></td><td width=\"107\" valign=\"top\"><br/></td><td width=\"97\" valign=\"top\"><br/></td><td width=\"87\" valign=\"top\"><br/></td></tr><tr><td width=\"162\" valign=\"top\"><br/></td><td width=\"142\" valign=\"top\"><br/></td><td width=\"107\" valign=\"top\"><br/></td><td width=\"97\" valign=\"top\"><br/></td><td width=\"87\" valign=\"top\"><br/></td></tr></tbody></table><p><br/></p>',`content_data`='a:5:{i:0;a:11:{s:4:\"name\";s:6:\"data_1\";s:4:\"type\";s:4:\"text\";s:5:\"title\";s:13:\"单位名称1\";s:5:\"value\";s:24:\"茂名市芝麻林教育\";s:12:\"leipiplugins\";s:4:\"text\";s:7:\"orghide\";s:1:\"0\";s:8:\"orgalign\";s:4:\"left\";s:8:\"orgwidth\";s:3:\"150\";s:7:\"orgtype\";s:4:\"text\";s:5:\"style\";s:31:\"text-align: left; width: 150px;\";s:7:\"content\";s:207:\"<input name=\"data_1\" type=\"text\" title=\"单位名称1\" value=\"茂名市芝麻林教育\" leipiplugins=\"text\" orghide=\"0\" orgalign=\"left\" orgwidth=\"150\" orgtype=\"text\" style=\"text-align: left; width: 150px;\"/>\";}i:1;a:10:{s:5:\"title\";s:12:\"单位地址\";s:4:\"name\";s:6:\"data_2\";s:12:\"leipiplugins\";s:8:\"textarea\";s:5:\"value\";s:21:\"茂名市双山五路\";s:7:\"orgrich\";s:1:\"0\";s:11:\"orgfontsize\";s:0:\"\";s:8:\"orgwidth\";s:3:\"150\";s:9:\"orgheight\";s:2:\"35\";s:5:\"style\";s:24:\"width:150px;height:35px;\";s:7:\"content\";s:221:\"<textarea title=\"单位地址\" name=\"data_2\" leipiplugins=\"textarea\" value=\"茂名市双山五路\" orgrich=\"0\" orgfontsize=\"\" orgwidth=\"150\" orgheight=\"35\" style=\"width:150px;height:35px;\">茂名市双山五路</textarea>\";}i:2;a:11:{s:4:\"name\";s:6:\"data_3\";s:4:\"type\";s:4:\"text\";s:5:\"title\";s:15:\"负责人姓名\";s:5:\"value\";s:9:\"陈老师\";s:12:\"leipiplugins\";s:4:\"text\";s:7:\"orghide\";s:1:\"0\";s:8:\"orgalign\";s:4:\"left\";s:8:\"orgwidth\";s:3:\"100\";s:7:\"orgtype\";s:4:\"text\";s:5:\"style\";s:31:\"text-align: left; width: 100px;\";s:7:\"content\";s:194:\"<input name=\"data_3\" type=\"text\" title=\"负责人姓名\" value=\"陈老师\" leipiplugins=\"text\" orghide=\"0\" orgalign=\"left\" orgwidth=\"100\" orgtype=\"text\" style=\"text-align: left; width: 100px;\"/>\";}i:3;a:13:{s:4:\"name\";s:6:\"data_4\";s:4:\"type\";s:4:\"text\";s:5:\"title\";s:12:\"联系电话\";s:5:\"value\";s:11:\"13450476644\";s:12:\"leipiplugins\";s:4:\"text\";s:7:\"orghide\";s:1:\"0\";s:8:\"orgalign\";s:4:\"left\";s:8:\"orgwidth\";s:3:\"100\";s:7:\"orgtype\";s:4:\"text\";s:5:\"style\";s:31:\"text-align: left; width: 100px;\";s:11:\"orgfontsize\";s:0:\"\";s:9:\"orgheight\";s:0:\"\";s:7:\"content\";s:221:\"<input name=\"data_4\" type=\"text\" title=\"联系电话\" value=\"13450476644\" leipiplugins=\"text\" orghide=\"0\" orgalign=\"left\" orgwidth=\"100\" orgtype=\"text\" style=\"text-align: left; width: 100px;\" orgfontsize=\"\" orgheight=\"\"/>\";}i:4;a:11:{s:4:\"name\";s:6:\"data_5\";s:4:\"type\";s:4:\"text\";s:5:\"title\";s:6:\"备注\";s:5:\"value\";s:9:\"已注册\";s:12:\"leipiplugins\";s:4:\"text\";s:7:\"orghide\";s:1:\"0\";s:8:\"orgalign\";s:4:\"left\";s:8:\"orgwidth\";s:2:\"80\";s:7:\"orgtype\";s:4:\"text\";s:5:\"style\";s:30:\"text-align: left; width: 80px;\";s:7:\"content\";s:183:\"<input name=\"data_5\" type=\"text\" title=\"备注\" value=\"已注册\" leipiplugins=\"text\" orghide=\"0\" orgalign=\"left\" orgwidth=\"80\" orgtype=\"text\" style=\"text-align: left; width: 80px;\"/>\";}}',`updatetime`='1442387820' WHERE `id` = 729 [ RunTime:0.0237s ]
NOTIC: [2] unlink(../Application/Runtime/Temp/21d9a5adf0e55158019e1c301ccb9502.php): No such file or directory /var/www/dzxt/s/tp/ThinkPHP/Library/Think/Cache/Driver/File.class.php 第 157 行.
INFO: [ app_end ] --START--
INFO: Run Behavior\ShowPageTraceBehavior [ RunTime:0.000042s ]
INFO: [ app_end ] --END-- [ RunTime:0.000072s ]

[ 2015-09-16T15:17:02+08:00 ] 14.113.204.233 /s/tp/wwwroot/index.php?s=/demo/formdesign/form_id/729.html
INFO: [ app_init ] --START--
INFO: Run Behavior\BuildLiteBehavior [ RunTime:0.000010s ]
INFO: [ app_init ] --END-- [ RunTime:0.000078s ]
INFO: [ app_begin ] --START--
INFO: Run Behavior\ReadHtmlCacheBehavior [ RunTime:0.000033s ]
INFO: [ app_begin ] --END-- [ RunTime:0.000062s ]
SQL: SHOW COLUMNS FROM `ht_form` [ RunTime:0.0010s ]
SQL: SELECT * FROM `ht_form` WHERE `id` = 729 AND `is_del` = 0 LIMIT 1   [ RunTime:0.0003s ]
INFO: [ app_end ] --START--
INFO: Run Behavior\ShowPageTraceBehavior [ RunTime:0.000056s ]
INFO: [ app_end ] --END-- [ RunTime:0.000087s ]

[ 2015-09-16T15:19:52+08:00 ] 14.113.204.233 /s/tp/wwwroot/index.php?s=/demo/formdesign/form_id/729.html
INFO: [ app_init ] --START--
INFO: Run Behavior\BuildLiteBehavior [ RunTime:0.000010s ]
INFO: [ app_init ] --END-- [ RunTime:0.000082s ]
INFO: [ app_begin ] --START--
INFO: Run Behavior\ReadHtmlCacheBehavior [ RunTime:0.000038s ]
INFO: [ app_begin ] --END-- [ RunTime:0.000066s ]
SQL: SHOW COLUMNS FROM `ht_form` [ RunTime:0.0009s ]
SQL: SELECT * FROM `ht_form` WHERE `id` = 729 AND `is_del` = 0 LIMIT 1   [ RunTime:0.0001s ]
INFO: [ app_end ] --START--
INFO: Run Behavior\ShowPageTraceBehavior [ RunTime:0.000036s ]
INFO: [ app_end ] --END-- [ RunTime:0.000065s ]

[ 2015-09-16T15:21:18+08:00 ] 14.113.204.233 /s/tp/wwwroot/index.php?s=/demo/formdesign/
INFO: [ app_init ] --START--
INFO: Run Behavior\BuildLiteBehavior [ RunTime:0.000010s ]
INFO: [ app_init ] --END-- [ RunTime:0.000080s ]
INFO: [ app_begin ] --START--
INFO: Run Behavior\ReadHtmlCacheBehavior [ RunTime:0.000034s ]
INFO: [ app_begin ] --END-- [ RunTime:0.000064s ]
SQL: SHOW COLUMNS FROM `ht_form` [ RunTime:0.0010s ]
SQL: SELECT * FROM `ht_form` WHERE `id` = 729 AND `is_del` = 0 LIMIT 1   [ RunTime:0.0001s ]
SQL: show tables like 'ht_form_data_729' [ RunTime:0.0005s ]
SQL: SHOW COLUMNS FROM `ht_form_data_729` [ RunTime:0.0005s ]
SQL: UPDATE `ht_form` SET `is_data_form`='1',`fields`='5',`content`='<table><caption><span style=\"font-size: 20px;\">客户资料表</span><br/></caption><tbody><tr class=\"firstRow\"><td width=\"162\" valign=\"top\" style=\"word-break: break-all;\">单位名称</td><td width=\"142\" valign=\"top\" style=\"word-break: break-all;\">单位地址</td><td width=\"107\" valign=\"top\" style=\"word-break: break-all;\">负责人姓名</td><td width=\"97\" valign=\"top\" style=\"word-break: break-all;\">联系电话</td><td width=\"87\" valign=\"top\" style=\"word-break: break-all;\">备注</td></tr><tr><td width=\"162\" valign=\"top\" style=\"word-break: break-all;\"><input name=\"data_1\" type=\"text\" title=\"单位名称\" value=\"茂名市芝麻林教育\" leipiplugins=\"text\" orghide=\"0\" orgalign=\"left\" orgwidth=\"150\" orgtype=\"text\" style=\"text-align: left; width: 150px;\" orgfontsize=\"\" orgheight=\"\"/></td><td width=\"142\" valign=\"top\" style=\"word-break: break-all;\"><textarea title=\"单位地址\" name=\"data_2\" leipiplugins=\"textarea\" value=\"茂名市双山五路\" orgrich=\"0\" orgfontsize=\"\" orgwidth=\"150\" orgheight=\"35\" style=\"width:150px;height:35px;\">茂名市双山五路</textarea></td><td width=\"107\" valign=\"top\" style=\"word-break: break-all;\"><input name=\"data_3\" type=\"text\" title=\"负责人姓名\" value=\"陈老师\" leipiplugins=\"text\" orghide=\"0\" orgalign=\"left\" orgwidth=\"100\" orgtype=\"text\" style=\"text-align: left; width: 100px;\"/></td><td width=\"97\" valign=\"top\" style=\"word-break: break-all;\"><input name=\"data_4\" type=\"text\" title=\"联系电话\" value=\"13450476644\" leipiplugins=\"text\" orghide=\"0\" orgalign=\"left\" orgwidth=\"100\" orgtype=\"text\" style=\"text-align: left; width: 100px;\" orgfontsize=\"\" orgheight=\"\"/></td><td width=\"87\" valign=\"top\" style=\"word-break: break-all;\"><input name=\"data_5\" type=\"text\" title=\"备注\" value=\"已注册\" leipiplugins=\"text\" orghide=\"0\" orgalign=\"left\" orgwidth=\"80\" orgtype=\"text\" style=\"text-align: left; width: 80px;\"/></td></tr></tbody></table><p><br/></p>',`content_parse`='<table><caption><span style=\"font-size: 20px;\">客户资料表</span><br/></caption><tbody><tr class=\"firstRow\"><td width=\"162\" valign=\"top\" style=\"word-break: break-all;\">单位名称</td><td width=\"142\" valign=\"top\" style=\"word-break: break-all;\">单位地址</td><td width=\"107\" valign=\"top\" style=\"word-break: break-all;\">负责人姓名</td><td width=\"97\" valign=\"top\" style=\"word-break: break-all;\">联系电话</td><td width=\"87\" valign=\"top\" style=\"word-break: break-all;\">备注</td></tr><tr><td width=\"162\" valign=\"top\" style=\"word-break: break-all;\">{data_1}</td><td width=\"142\" valign=\"top\" style=\"word-break: break-all;\">{data_2}</td><td width=\"107\" valign=\"top\" style=\"word-break: break-all;\">{data_3}</td><td width=\"97\" valign=\"top\" style=\"word-break: break-all;\">{data_4}</td><td width=\"87\" valign=\"top\" style=\"word-break: break-all;\">{data_5}</td></tr></tbody></table><p><br/></p>',`content_data`='a:5:{i:0;a:13:{s:4:\"name\";s:6:\"data_1\";s:4:\"type\";s:4:\"text\";s:5:\"title\";s:12:\"单位名称\";s:5:\"value\";s:24:\"茂名市芝麻林教育\";s:12:\"leipiplugins\";s:4:\"text\";s:7:\"orghide\";s:1:\"0\";s:8:\"orgalign\";s:4:\"left\";s:8:\"orgwidth\";s:3:\"150\";s:7:\"orgtype\";s:4:\"text\";s:5:\"style\";s:31:\"text-align: left; width: 150px;\";s:11:\"orgfontsize\";s:0:\"\";s:9:\"orgheight\";s:0:\"\";s:7:\"content\";s:234:\"<input name=\"data_1\" type=\"text\" title=\"单位名称\" value=\"茂名市芝麻林教育\" leipiplugins=\"text\" orghide=\"0\" orgalign=\"left\" orgwidth=\"150\" orgtype=\"text\" style=\"text-align: left; width: 150px;\" orgfontsize=\"\" orgheight=\"\"/>\";}i:1;a:10:{s:5:\"title\";s:12:\"单位地址\";s:4:\"name\";s:6:\"data_2\";s:12:\"leipiplugins\";s:8:\"textarea\";s:5:\"value\";s:21:\"茂名市双山五路\";s:7:\"orgrich\";s:1:\"0\";s:11:\"orgfontsize\";s:0:\"\";s:8:\"orgwidth\";s:3:\"150\";s:9:\"orgheight\";s:2:\"35\";s:5:\"style\";s:24:\"width:150px;height:35px;\";s:7:\"content\";s:221:\"<textarea title=\"单位地址\" name=\"data_2\" leipiplugins=\"textarea\" value=\"茂名市双山五路\" orgrich=\"0\" orgfontsize=\"\" orgwidth=\"150\" orgheight=\"35\" style=\"width:150px;height:35px;\">茂名市双山五路</textarea>\";}i:2;a:11:{s:4:\"name\";s:6:\"data_3\";s:4:\"type\";s:4:\"text\";s:5:\"title\";s:15:\"负责人姓名\";s:5:\"value\";s:9:\"陈老师\";s:12:\"leipiplugins\";s:4:\"text\";s:7:\"orghide\";s:1:\"0\";s:8:\"orgalign\";s:4:\"left\";s:8:\"orgwidth\";s:3:\"100\";s:7:\"orgtype\";s:4:\"text\";s:5:\"style\";s:31:\"text-align: left; width: 100px;\";s:7:\"content\";s:194:\"<input name=\"data_3\" type=\"text\" title=\"负责人姓名\" value=\"陈老师\" leipiplugins=\"text\" orghide=\"0\" orgalign=\"left\" orgwidth=\"100\" orgtype=\"text\" style=\"text-align: left; width: 100px;\"/>\";}i:3;a:13:{s:4:\"name\";s:6:\"data_4\";s:4:\"type\";s:4:\"text\";s:5:\"title\";s:12:\"联系电话\";s:5:\"value\";s:11:\"13450476644\";s:12:\"leipiplugins\";s:4:\"text\";s:7:\"orghide\";s:1:\"0\";s:8:\"orgalign\";s:4:\"left\";s:8:\"orgwidth\";s:3:\"100\";s:7:\"orgtype\";s:4:\"text\";s:5:\"style\";s:31:\"text-align: left; width: 100px;\";s:11:\"orgfontsize\";s:0:\"\";s:9:\"orgheight\";s:0:\"\";s:7:\"content\";s:221:\"<input name=\"data_4\" type=\"text\" title=\"联系电话\" value=\"13450476644\" leipiplugins=\"text\" orghide=\"0\" orgalign=\"left\" orgwidth=\"100\" orgtype=\"text\" style=\"text-align: left; width: 100px;\" orgfontsize=\"\" orgheight=\"\"/>\";}i:4;a:11:{s:4:\"name\";s:6:\"data_5\";s:4:\"type\";s:4:\"text\";s:5:\"title\";s:6:\"备注\";s:5:\"value\";s:9:\"已注册\";s:12:\"leipiplugins\";s:4:\"text\";s:7:\"orghide\";s:1:\"0\";s:8:\"orgalign\";s:4:\"left\";s:8:\"orgwidth\";s:2:\"80\";s:7:\"orgtype\";s:4:\"text\";s:5:\"style\";s:30:\"text-align: left; width: 80px;\";s:7:\"content\";s:183:\"<input name=\"data_5\" type=\"text\" title=\"备注\" value=\"已注册\" leipiplugins=\"text\" orghide=\"0\" orgalign=\"left\" orgwidth=\"80\" orgtype=\"text\" style=\"text-align: left; width: 80px;\"/>\";}}',`updatetime`='1442388078' WHERE `id` = 729 [ RunTime:0.0345s ]
NOTIC: [2] unlink(../Application/Runtime/Temp/21d9a5adf0e55158019e1c301ccb9502.php): No such file or directory /var/www/dzxt/s/tp/ThinkPHP/Library/Think/Cache/Driver/File.class.php 第 157 行.
INFO: [ app_end ] --START--
INFO: Run Behavior\ShowPageTraceBehavior [ RunTime:0.000041s ]
INFO: [ app_end ] --END-- [ RunTime:0.000070s ]

[ 2015-09-16T15:21:21+08:00 ] 14.113.204.233 /s/tp/wwwroot/index.php?s=/demo/formdesign/form_id/729.html
INFO: [ app_init ] --START--
INFO: Run Behavior\BuildLiteBehavior [ RunTime:0.000010s ]
INFO: [ app_init ] --END-- [ RunTime:0.000084s ]
INFO: [ app_begin ] --START--
INFO: Run Behavior\ReadHtmlCacheBehavior [ RunTime:0.000037s ]
INFO: [ app_begin ] --END-- [ RunTime:0.000066s ]
SQL: SHOW COLUMNS FROM `ht_form` [ RunTime:0.0010s ]
SQL: SELECT * FROM `ht_form` WHERE `id` = 729 AND `is_del` = 0 LIMIT 1   [ RunTime:0.0003s ]
INFO: [ app_end ] --START--
INFO: Run Behavior\ShowPageTraceBehavior [ RunTime:0.000036s ]
INFO: [ app_end ] --END-- [ RunTime:0.000064s ]

[ 2015-09-16T15:24:09+08:00 ] 14.113.204.233 /s/tp/wwwroot/index.php?s=/Home/Demo/del.html
INFO: [ app_init ] --START--
INFO: Run Behavior\BuildLiteBehavior [ RunTime:0.000009s ]
INFO: [ app_init ] --END-- [ RunTime:0.000080s ]
INFO: [ app_begin ] --START--
INFO: Run Behavior\ReadHtmlCacheBehavior [ RunTime:0.000035s ]
INFO: [ app_begin ] --END-- [ RunTime:0.000066s ]
SQL: SHOW COLUMNS FROM `ht_form` [ RunTime:0.0093s ]
SQL: SELECT * FROM `ht_form` WHERE `pid` = 729 LIMIT 1   [ RunTime:0.0043s ]
SQL: DELETE FROM `ht_form` WHERE `id` = 729 [ RunTime:0.0278s ]
SQL: SHOW COLUMNS FROM `ht_power` [ RunTime:0.0007s ]
SQL: DELETE FROM `ht_power` WHERE `form_id` = 729 [ RunTime:0.0194s ]
INFO: [ app_end ] --START--
INFO: Run Behavior\ShowPageTraceBehavior [ RunTime:0.000076s ]
INFO: [ app_end ] --END-- [ RunTime:0.000107s ]

[ 2015-09-16T15:24:48+08:00 ] 14.113.204.233 /s/tp/wwwroot/index.php?s=/Home/Demo/add.html
INFO: [ app_init ] --START--
INFO: Run Behavior\BuildLiteBehavior [ RunTime:0.000010s ]
INFO: [ app_init ] --END-- [ RunTime:0.000084s ]
INFO: [ app_begin ] --START--
INFO: Run Behavior\ReadHtmlCacheBehavior [ RunTime:0.000036s ]
INFO: [ app_begin ] --END-- [ RunTime:0.000065s ]
SQL: SHOW COLUMNS FROM `ht_form` [ RunTime:0.0010s ]
SQL: INSERT INTO `ht_form` (`form_name`,`form_desc`,`updatetime`,`type`,`dateline`,`pid`,`creater_uid`) VALUES ('客户资料表','','1442388288','0','1442388288','610','103') [ RunTime:0.0176s ]
NOTIC: [2] unlink(../Application/Runtime/Temp/21d9a5adf0e55158019e1c301ccb9502.php): No such file or directory /var/www/dzxt/s/tp/ThinkPHP/Library/Think/Cache/Driver/File.class.php 第 157 行.
INFO: [ app_end ] --START--
INFO: Run Behavior\ShowPageTraceBehavior [ RunTime:0.000049s ]
INFO: [ app_end ] --END-- [ RunTime:0.000080s ]

[ 2015-09-16T15:24:52+08:00 ] 14.113.204.233 /s/tp/wwwroot/index.php?s=/demo/formdesign/form_id/730.html
INFO: [ app_init ] --START--
INFO: Run Behavior\BuildLiteBehavior [ RunTime:0.000010s ]
INFO: [ app_init ] --END-- [ RunTime:0.000086s ]
INFO: [ app_begin ] --START--
INFO: Run Behavior\ReadHtmlCacheBehavior [ RunTime:0.000040s ]
INFO: [ app_begin ] --END-- [ RunTime:0.000069s ]
SQL: SHOW COLUMNS FROM `ht_form` [ RunTime:0.0010s ]
SQL: SELECT * FROM `ht_form` WHERE `id` = 730 AND `is_del` = 0 LIMIT 1   [ RunTime:0.0002s ]
INFO: [ app_end ] --START--
INFO: Run Behavior\ShowPageTraceBehavior [ RunTime:0.000038s ]
INFO: [ app_end ] --END-- [ RunTime:0.000077s ]

[ 2015-09-16T15:31:11+08:00 ] 14.113.204.233 /s/tp/wwwroot/index.php?s=/demo/formdesign/
INFO: [ app_init ] --START--
INFO: Run Behavior\BuildLiteBehavior [ RunTime:0.000009s ]
INFO: [ app_init ] --END-- [ RunTime:0.000083s ]
INFO: [ app_begin ] --START--
INFO: Run Behavior\ReadHtmlCacheBehavior [ RunTime:0.000036s ]
INFO: [ app_begin ] --END-- [ RunTime:0.000065s ]
SQL: SHOW COLUMNS FROM `ht_form` [ RunTime:0.0010s ]
SQL: SELECT * FROM `ht_form` WHERE `id` = 730 AND `is_del` = 0 LIMIT 1   [ RunTime:0.0001s ]
SQL: show tables like 'ht_form_data_730' [ RunTime:0.0005s ]
SQL: CREATE TABLE `ht_form_data_730` (
              `id` int(10) unsigned NOT NULL AUTO_INCREMENT,
              `uid` int(10) unsigned NOT NULL DEFAULT '0',
              `foreign_id` int(10) unsigned NOT NULL DEFAULT '0',
              `data_1` varchar(255) NOT NULL DEFAULT '' comment '单位名称',`data_2` text NOT NULL comment '单位地址',`data_3` varchar(255) NOT NULL DEFAULT '' comment '负责人姓名',`data_4` varchar(255) NOT NULL DEFAULT '' comment '联系电话',`data_5` text NOT NULL comment '备注',
              `is_del` tinyint(1) unsigned NOT NULL DEFAULT '0',
              `updatetime` int(10) unsigned NOT NULL DEFAULT '0',
              `dateline` int(10) unsigned NOT NULL DEFAULT '0',
              PRIMARY KEY (`id`),
              KEY `uid` (`uid`),
              KEY `foreign_id` (`foreign_id`)
            ) ENGINE=InnoDB DEFAULT CHARSET=utf8; [ RunTime:0.0418s ]
SQL: UPDATE `ht_form` SET `is_data_form`='1',`fields`='5',`content`='<table><caption>客户资料表<br/></caption><tbody><tr class=\"firstRow\"><td width=\"153\" valign=\"top\" style=\"word-break: break-all;\">单位名称</td><td width=\"152\" valign=\"top\" style=\"word-break: break-all;\">单位地址</td><td width=\"103\" valign=\"top\" style=\"word-break: break-all;\">负责人姓名</td><td width=\"92\" valign=\"top\" style=\"word-break: break-all;\">联系电话</td><td width=\"156\" valign=\"top\" style=\"word-break: break-all;\">备注</td></tr><tr><td width=\"153\" valign=\"top\"><input name=\"data_1\" type=\"text\" title=\"单位名称\" value=\"\" leipiplugins=\"text\" orghide=\"0\" orgalign=\"left\" orgwidth=\"150\" orgtype=\"text\" style=\"text-align: left; width: 150px;\"/></td><td width=\"152\" valign=\"top\"><textarea title=\"单位地址\" name=\"data_2\" leipiplugins=\"textarea\" value=\"\" orgrich=\"0\" orgfontsize=\"\" orgwidth=\"150\" orgheight=\"30\" style=\"width:150px;height:30px;\"></textarea></td><td width=\"103\" valign=\"top\"><input name=\"data_3\" type=\"text\" title=\"负责人姓名\" value=\"\" leipiplugins=\"text\" orghide=\"0\" orgalign=\"left\" orgwidth=\"100\" orgtype=\"text\" style=\"text-align: left; width: 100px;\"/></td><td width=\"92\" valign=\"top\"><input name=\"data_4\" type=\"text\" title=\"联系电话\" value=\"\" leipiplugins=\"text\" orghide=\"0\" orgalign=\"left\" orgwidth=\"100\" orgtype=\"text\" style=\"text-align: left; width: 100px;\"/></td><td width=\"156\" valign=\"top\"><textarea title=\"备注\" name=\"data_5\" leipiplugins=\"textarea\" value=\"\" orgrich=\"0\" orgfontsize=\"\" orgwidth=\"150\" orgheight=\"30\" style=\"width:150px;height:30px;\"></textarea></td></tr></tbody></table><p><br/></p>',`content_parse`='<table><caption>客户资料表<br/></caption><tbody><tr class=\"firstRow\"><td width=\"153\" valign=\"top\" style=\"word-break: break-all;\">单位名称</td><td width=\"152\" valign=\"top\" style=\"word-break: break-all;\">单位地址</td><td width=\"103\" valign=\"top\" style=\"word-break: break-all;\">负责人姓名</td><td width=\"92\" valign=\"top\" style=\"word-break: break-all;\">联系电话</td><td width=\"156\" valign=\"top\" style=\"word-break: break-all;\">备注</td></tr><tr><td width=\"153\" valign=\"top\">{data_1}</td><td width=\"152\" valign=\"top\">{data_2}</td><td width=\"103\" valign=\"top\">{data_3}</td><td width=\"92\" valign=\"top\">{data_4}</td><td width=\"156\" valign=\"top\">{data_5}</td></tr></tbody></table><p><br/></p>',`content_data`='a:5:{i:0;a:11:{s:4:\"name\";s:6:\"data_1\";s:4:\"type\";s:4:\"text\";s:5:\"title\";s:12:\"单位名称\";s:5:\"value\";s:0:\"\";s:12:\"leipiplugins\";s:4:\"text\";s:7:\"orghide\";s:1:\"0\";s:8:\"orgalign\";s:4:\"left\";s:8:\"orgwidth\";s:3:\"150\";s:7:\"orgtype\";s:4:\"text\";s:5:\"style\";s:31:\"text-align: left; width: 150px;\";s:7:\"content\";s:182:\"<input name=\"data_1\" type=\"text\" title=\"单位名称\" value=\"\" leipiplugins=\"text\" orghide=\"0\" orgalign=\"left\" orgwidth=\"150\" orgtype=\"text\" style=\"text-align: left; width: 150px;\"/>\";}i:1;a:10:{s:5:\"title\";s:12:\"单位地址\";s:4:\"name\";s:6:\"data_2\";s:12:\"leipiplugins\";s:8:\"textarea\";s:5:\"value\";s:0:\"\";s:7:\"orgrich\";s:1:\"0\";s:11:\"orgfontsize\";s:0:\"\";s:8:\"orgwidth\";s:3:\"150\";s:9:\"orgheight\";s:2:\"30\";s:5:\"style\";s:24:\"width:150px;height:30px;\";s:7:\"content\";s:179:\"<textarea title=\"单位地址\" name=\"data_2\" leipiplugins=\"textarea\" value=\"\" orgrich=\"0\" orgfontsize=\"\" orgwidth=\"150\" orgheight=\"30\" style=\"width:150px;height:30px;\"></textarea>\";}i:2;a:11:{s:4:\"name\";s:6:\"data_3\";s:4:\"type\";s:4:\"text\";s:5:\"title\";s:15:\"负责人姓名\";s:5:\"value\";s:0:\"\";s:12:\"leipiplugins\";s:4:\"text\";s:7:\"orghide\";s:1:\"0\";s:8:\"orgalign\";s:4:\"left\";s:8:\"orgwidth\";s:3:\"100\";s:7:\"orgtype\";s:4:\"text\";s:5:\"style\";s:31:\"text-align: left; width: 100px;\";s:7:\"content\";s:185:\"<input name=\"data_3\" type=\"text\" title=\"负责人姓名\" value=\"\" leipiplugins=\"text\" orghide=\"0\" orgalign=\"left\" orgwidth=\"100\" orgtype=\"text\" style=\"text-align: left; width: 100px;\"/>\";}i:3;a:11:{s:4:\"name\";s:6:\"data_4\";s:4:\"type\";s:4:\"text\";s:5:\"title\";s:12:\"联系电话\";s:5:\"value\";s:0:\"\";s:12:\"leipiplugins\";s:4:\"text\";s:7:\"orghide\";s:1:\"0\";s:8:\"orgalign\";s:4:\"left\";s:8:\"orgwidth\";s:3:\"100\";s:7:\"orgtype\";s:4:\"text\";s:5:\"style\";s:31:\"text-align: left; width: 100px;\";s:7:\"content\";s:182:\"<input name=\"data_4\" type=\"text\" title=\"联系电话\" value=\"\" leipiplugins=\"text\" orghide=\"0\" orgalign=\"left\" orgwidth=\"100\" orgtype=\"text\" style=\"text-align: left; width: 100px;\"/>\";}i:4;a:10:{s:5:\"title\";s:6:\"备注\";s:4:\"name\";s:6:\"data_5\";s:12:\"leipiplugins\";s:8:\"textarea\";s:5:\"value\";s:0:\"\";s:7:\"orgrich\";s:1:\"0\";s:11:\"orgfontsize\";s:0:\"\";s:8:\"orgwidth\";s:3:\"150\";s:9:\"orgheight\";s:2:\"30\";s:5:\"style\";s:24:\"width:150px;height:30px;\";s:7:\"content\";s:173:\"<textarea title=\"备注\" name=\"data_5\" leipiplugins=\"textarea\" value=\"\" orgrich=\"0\" orgfontsize=\"\" orgwidth=\"150\" orgheight=\"30\" style=\"width:150px;height:30px;\"></textarea>\";}}',`updatetime`='1442388671' WHERE `id` = 730 [ RunTime:0.0237s ]
NOTIC: [2] unlink(../Application/Runtime/Temp/21d9a5adf0e55158019e1c301ccb9502.php): No such file or directory /var/www/dzxt/s/tp/ThinkPHP/Library/Think/Cache/Driver/File.class.php 第 157 行.
INFO: [ app_end ] --START--
INFO: Run Behavior\ShowPageTraceBehavior [ RunTime:0.000040s ]
INFO: [ app_end ] --END-- [ RunTime:0.000069s ]

[ 2015-09-16T15:31:14+08:00 ] 14.113.204.233 /s/tp/wwwroot/index.php?s=/demo/formdesign/form_id/730.html
INFO: [ app_init ] --START--
INFO: Run Behavior\BuildLiteBehavior [ RunTime:0.000010s ]
INFO: [ app_init ] --END-- [ RunTime:0.000083s ]
INFO: [ app_begin ] --START--
INFO: Run Behavior\ReadHtmlCacheBehavior [ RunTime:0.000037s ]
INFO: [ app_begin ] --END-- [ RunTime:0.000066s ]
SQL: SHOW COLUMNS FROM `ht_form` [ RunTime:0.0010s ]
SQL: SELECT * FROM `ht_form` WHERE `id` = 730 AND `is_del` = 0 LIMIT 1   [ RunTime:0.0006s ]
INFO: [ app_end ] --START--
INFO: Run Behavior\ShowPageTraceBehavior [ RunTime:0.000036s ]
INFO: [ app_end ] --END-- [ RunTime:0.000065s ]

[ 2015-09-16T19:28:35+08:00 ] 120.82.18.20 /s/tp/wwwroot/index.php?s=/demo/formdesign/form_id/128.html
INFO: [ app_init ] --START--
INFO: Run Behavior\BuildLiteBehavior [ RunTime:0.000010s ]
INFO: [ app_init ] --END-- [ RunTime:0.000088s ]
INFO: [ app_begin ] --START--
INFO: Run Behavior\ReadHtmlCacheBehavior [ RunTime:0.000040s ]
INFO: [ app_begin ] --END-- [ RunTime:0.000070s ]
SQL: SHOW COLUMNS FROM `ht_form` [ RunTime:0.0010s ]
SQL: SELECT * FROM `ht_form` WHERE `id` = 128 AND `is_del` = 0 LIMIT 1   [ RunTime:0.0003s ]
INFO: [ app_end ] --START--
INFO: Run Behavior\ShowPageTraceBehavior [ RunTime:0.000038s ]
INFO: [ app_end ] --END-- [ RunTime:0.000068s ]

