[ 2015-11-24T09:56:33+08:00 ] 127.0.0.1 /s/tp/wwwroot/index.php?s=/demo/formdesign/form_id/200.html
INFO: [ app_init ] --START--
INFO: Run Behavior\BuildLiteBehavior [ RunTime:0.000000s ]
INFO: [ app_init ] --END-- [ RunTime:0.000000s ]
INFO: [ app_begin ] --START--
INFO: Run Behavior\ReadHtmlCacheBehavior [ RunTime:0.000000s ]
INFO: [ app_begin ] --END-- [ RunTime:0.000000s ]
SQL: SHOW COLUMNS FROM `ht_form` [ RunTime:0.0000s ]
SQL: SELECT * FROM `ht_form` WHERE `id` = 200 AND `is_del` = 0 LIMIT 1   [ RunTime:0.0156s ]
INFO: [ app_end ] --START--
INFO: Run Behavior\ShowPageTraceBehavior [ RunTime:0.000000s ]
INFO: [ app_end ] --END-- [ RunTime:0.000000s ]

[ 2015-11-24T09:57:02+08:00 ] 127.0.0.1 /s/tp/wwwroot/index.php?s=/demo/formdesign/
INFO: [ app_init ] --START--
INFO: Run Behavior\BuildLiteBehavior [ RunTime:0.000000s ]
INFO: [ app_init ] --END-- [ RunTime:0.000000s ]
INFO: [ app_begin ] --START--
INFO: Run Behavior\ReadHtmlCacheBehavior [ RunTime:0.000000s ]
INFO: [ app_begin ] --END-- [ RunTime:0.015625s ]
SQL: SHOW COLUMNS FROM `ht_form` [ RunTime:0.0000s ]
SQL: SELECT * FROM `ht_form` WHERE `id` = 200 AND `is_del` = 0 LIMIT 1   [ RunTime:0.0000s ]
SQL: show tables like 'ht_form_data_200' [ RunTime:0.0156s ]
SQL: SHOW COLUMNS FROM `ht_form_data_200` [ RunTime:0.0000s ]
SQL: ALTER TABLE `ht_form_data_200` ADD COLUMN `data_8` varchar(255) NOT NULL DEFAULT '' comment 'fsds'; [ RunTime:0.0313s ]
SQL: UPDATE `ht_form` SET `is_data_form`='0',`fields`='8',`content`='<table data-sort=\"sortDisabled\"><tbody><tr class=\"firstRow\"><td valign=\"top\" width=\"112\"><br/></td><td valign=\"top\" width=\"112\"><br/></td><td valign=\"top\" width=\"112\"><br/></td><td style=\"word-break: break-all;\" valign=\"top\" width=\"112\">客户资料表<br/></td><td valign=\"top\" width=\"112\"><br/></td><td valign=\"top\" width=\"112\"><br/></td><td valign=\"top\" width=\"112\"><br/></td></tr><tr><td style=\"word-break: break-all;\" valign=\"top\" width=\"112\">客户名称:<br/></td><td colspan=\"2\" rowspan=\"1\" valign=\"top\"><input orgtype=\"text\" orgwidth=\"150\" orgalign=\"left\" style=\"text-align: left; width: 150px;\" orghide=\"0\" leipiplugins=\"text\" value=\"\" title=\"客户名称\" name=\"data_1\" type=\"text\"/></td><td style=\"word-break: break-all;\" valign=\"top\" width=\"112\">销售区域:<br/></td><td valign=\"top\" width=\"112\"><input orgtype=\"text\" orgwidth=\"150\" orgalign=\"left\" style=\"text-align: left; width: 150px;\" orghide=\"0\" leipiplugins=\"text\" value=\"\" title=\"销售区域\" name=\"data_2\" type=\"text\"/></td><td style=\"word-break: break-all;\" valign=\"top\" width=\"112\">电话:<br/></td><td valign=\"top\" width=\"112\"><input orgtype=\"text\" orgwidth=\"150\" orgalign=\"left\" style=\"text-align: left; width: 150px;\" orghide=\"0\" leipiplugins=\"text\" value=\"\" title=\"电话\" name=\"data_3\" type=\"text\"/></td></tr><tr><td style=\"word-break: break-all;\" valign=\"top\" width=\"112\">详细地址:<br/></td><td colspan=\"2\" rowspan=\"1\" valign=\"top\"><input orgtype=\"text\" orgwidth=\"150\" orgalign=\"left\" style=\"text-align: left; width: 150px;\" orghide=\"0\" leipiplugins=\"text\" value=\"\" title=\"详细地址\" name=\"data_4\" type=\"text\"/></td><td style=\"word-break: break-all;\" valign=\"top\" width=\"112\">所属部门:<br/></td><td valign=\"top\" width=\"112\"><input orgtype=\"text\" orgwidth=\"150\" orgalign=\"left\" style=\"text-align: left; width: 150px;\" orghide=\"0\" leipiplugins=\"text\" value=\"\" title=\"所属部门\" name=\"data_5\" type=\"text\"/></td><td style=\"word-break: break-all;\" valign=\"top\" width=\"112\">所属销售员:<br/></td><td valign=\"top\" width=\"112\"><input orgtype=\"text\" orgwidth=\"150\" orgalign=\"left\" style=\"text-align: left; width: 150px;\" orghide=\"0\" leipiplugins=\"text\" value=\"\" title=\"所属销售员\" name=\"data_6\" type=\"text\"/></td></tr><tr><td style=\"word-break: break-all;\" valign=\"top\" width=\"112\">备注:<br/></td><td colspan=\"6\" rowspan=\"1\" valign=\"top\"></td></tr><tr><td valign=\"top\" width=\"112\"><br/></td><td valign=\"top\" width=\"112\"><br/></td><td valign=\"top\" width=\"112\"><br/></td><td valign=\"top\" width=\"112\"><br/></td><td valign=\"top\" width=\"112\"><br/></td><td valign=\"top\" width=\"112\"><br/></td><td valign=\"top\" width=\"112\"><br/></td></tr></tbody></table><p>sfsdfsdfsdf<input leipiplugins=\"uploadfile\" remarks=\"\" title=\"fsds\" name=\"data_8\" type=\"file\"/></p>',`content_parse`='<table data-sort=\"sortDisabled\"><tbody><tr class=\"firstRow\"><td valign=\"top\" width=\"112\"><br/></td><td valign=\"top\" width=\"112\"><br/></td><td valign=\"top\" width=\"112\"><br/></td><td style=\"word-break: break-all;\" valign=\"top\" width=\"112\">客户资料表<br/></td><td valign=\"top\" width=\"112\"><br/></td><td valign=\"top\" width=\"112\"><br/></td><td valign=\"top\" width=\"112\"><br/></td></tr><tr><td style=\"word-break: break-all;\" valign=\"top\" width=\"112\">客户名称:<br/></td><td colspan=\"2\" rowspan=\"1\" valign=\"top\">{data_1}</td><td style=\"word-break: break-all;\" valign=\"top\" width=\"112\">销售区域:<br/></td><td valign=\"top\" width=\"112\">{data_2}</td><td style=\"word-break: break-all;\" valign=\"top\" width=\"112\">电话:<br/></td><td valign=\"top\" width=\"112\">{data_3}</td></tr><tr><td style=\"word-break: break-all;\" valign=\"top\" width=\"112\">详细地址:<br/></td><td colspan=\"2\" rowspan=\"1\" valign=\"top\">{data_4}</td><td style=\"word-break: break-all;\" valign=\"top\" width=\"112\">所属部门:<br/></td><td valign=\"top\" width=\"112\">{data_5}</td><td style=\"word-break: break-all;\" valign=\"top\" width=\"112\">所属销售员:<br/></td><td valign=\"top\" width=\"112\">{data_6}</td></tr><tr><td style=\"word-break: break-all;\" valign=\"top\" width=\"112\">备注:<br/></td><td colspan=\"6\" rowspan=\"1\" valign=\"top\"></td></tr><tr><td valign=\"top\" width=\"112\"><br/></td><td valign=\"top\" width=\"112\"><br/></td><td valign=\"top\" width=\"112\"><br/></td><td valign=\"top\" width=\"112\"><br/></td><td valign=\"top\" width=\"112\"><br/></td><td valign=\"top\" width=\"112\"><br/></td><td valign=\"top\" width=\"112\"><br/></td></tr></tbody></table><p>sfsdfsdfsdf{data_8}</p>',`content_data`='a:7:{i:0;a:11:{s:7:\"orgtype\";s:4:\"text\";s:8:\"orgwidth\";s:3:\"150\";s:8:\"orgalign\";s:4:\"left\";s:5:\"style\";s:31:\"text-align: left; width: 150px;\";s:7:\"orghide\";s:1:\"0\";s:12:\"leipiplugins\";s:4:\"text\";s:5:\"value\";s:0:\"\";s:5:\"title\";s:12:\"客户名称\";s:4:\"name\";s:6:\"data_1\";s:4:\"type\";s:4:\"text\";s:7:\"content\";s:182:\"<input orgtype=\"text\" orgwidth=\"150\" orgalign=\"left\" style=\"text-align: left; width: 150px;\" orghide=\"0\" leipiplugins=\"text\" value=\"\" title=\"客户名称\" name=\"data_1\" type=\"text\"/>\";}i:1;a:11:{s:7:\"orgtype\";s:4:\"text\";s:8:\"orgwidth\";s:3:\"150\";s:8:\"orgalign\";s:4:\"left\";s:5:\"style\";s:31:\"text-align: left; width: 150px;\";s:7:\"orghide\";s:1:\"0\";s:12:\"leipiplugins\";s:4:\"text\";s:5:\"value\";s:0:\"\";s:5:\"title\";s:12:\"销售区域\";s:4:\"name\";s:6:\"data_2\";s:4:\"type\";s:4:\"text\";s:7:\"content\";s:182:\"<input orgtype=\"text\" orgwidth=\"150\" orgalign=\"left\" style=\"text-align: left; width: 150px;\" orghide=\"0\" leipiplugins=\"text\" value=\"\" title=\"销售区域\" name=\"data_2\" type=\"text\"/>\";}i:2;a:11:{s:7:\"orgtype\";s:4:\"text\";s:8:\"orgwidth\";s:3:\"150\";s:8:\"orgalign\";s:4:\"left\";s:5:\"style\";s:31:\"text-align: left; width: 150px;\";s:7:\"orghide\";s:1:\"0\";s:12:\"leipiplugins\";s:4:\"text\";s:5:\"value\";s:0:\"\";s:5:\"title\";s:6:\"电话\";s:4:\"name\";s:6:\"data_3\";s:4:\"type\";s:4:\"text\";s:7:\"content\";s:176:\"<input orgtype=\"text\" orgwidth=\"150\" orgalign=\"left\" style=\"text-align: left; width: 150px;\" orghide=\"0\" leipiplugins=\"text\" value=\"\" title=\"电话\" name=\"data_3\" type=\"text\"/>\";}i:3;a:11:{s:7:\"orgtype\";s:4:\"text\";s:8:\"orgwidth\";s:3:\"150\";s:8:\"orgalign\";s:4:\"left\";s:5:\"style\";s:31:\"text-align: left; width: 150px;\";s:7:\"orghide\";s:1:\"0\";s:12:\"leipiplugins\";s:4:\"text\";s:5:\"value\";s:0:\"\";s:5:\"title\";s:12:\"详细地址\";s:4:\"name\";s:6:\"data_4\";s:4:\"type\";s:4:\"text\";s:7:\"content\";s:182:\"<input orgtype=\"text\" orgwidth=\"150\" orgalign=\"left\" style=\"text-align: left; width: 150px;\" orghide=\"0\" leipiplugins=\"text\" value=\"\" title=\"详细地址\" name=\"data_4\" type=\"text\"/>\";}i:4;a:11:{s:7:\"orgtype\";s:4:\"text\";s:8:\"orgwidth\";s:3:\"150\";s:8:\"orgalign\";s:4:\"left\";s:5:\"style\";s:31:\"text-align: left; width: 150px;\";s:7:\"orghide\";s:1:\"0\";s:12:\"leipiplugins\";s:4:\"text\";s:5:\"value\";s:0:\"\";s:5:\"title\";s:12:\"所属部门\";s:4:\"name\";s:6:\"data_5\";s:4:\"type\";s:4:\"text\";s:7:\"content\";s:182:\"<input orgtype=\"text\" orgwidth=\"150\" orgalign=\"left\" style=\"text-align: left; width: 150px;\" orghide=\"0\" leipiplugins=\"text\" value=\"\" title=\"所属部门\" name=\"data_5\" type=\"text\"/>\";}i:5;a:11:{s:7:\"orgtype\";s:4:\"text\";s:8:\"orgwidth\";s:3:\"150\";s:8:\"orgalign\";s:4:\"left\";s:5:\"style\";s:31:\"text-align: left; width: 150px;\";s:7:\"orghide\";s:1:\"0\";s:12:\"leipiplugins\";s:4:\"text\";s:5:\"value\";s:0:\"\";s:5:\"title\";s:15:\"所属销售员\";s:4:\"name\";s:6:\"data_6\";s:4:\"type\";s:4:\"text\";s:7:\"content\";s:185:\"<input orgtype=\"text\" orgwidth=\"150\" orgalign=\"left\" style=\"text-align: left; width: 150px;\" orghide=\"0\" leipiplugins=\"text\" value=\"\" title=\"所属销售员\" name=\"data_6\" type=\"text\"/>\";}i:6;a:6:{s:12:\"leipiplugins\";s:10:\"uploadfile\";s:7:\"remarks\";s:0:\"\";s:5:\"title\";s:4:\"fsds\";s:4:\"name\";s:6:\"data_8\";s:4:\"type\";s:4:\"file\";s:7:\"content\";s:84:\"<input leipiplugins=\"uploadfile\" remarks=\"\" title=\"fsds\" name=\"data_8\" type=\"file\"/>\";}}',`updatetime`='1448330222' WHERE `id` = 200 [ RunTime:0.0000s ]
NOTIC: [2] unlink(../Application/Runtime/Temp/21d9a5adf0e55158019e1c301ccb9502.php): No such file or directory D:\wamp64\www\dzxt\s\tp\ThinkPHP\Library\Think\Cache\Driver\File.class.php 第 157 行.
INFO: [ app_end ] --START--
INFO: Run Behavior\ShowPageTraceBehavior [ RunTime:0.000000s ]
INFO: [ app_end ] --END-- [ RunTime:0.000000s ]

[ 2015-11-24T09:57:04+08:00 ] 127.0.0.1 /s/tp/wwwroot/index.php?s=/demo/formdesign/form_id/200.html
INFO: [ app_init ] --START--
INFO: Run Behavior\BuildLiteBehavior [ RunTime:0.000000s ]
INFO: [ app_init ] --END-- [ RunTime:0.000000s ]
INFO: [ app_begin ] --START--
INFO: Run Behavior\ReadHtmlCacheBehavior [ RunTime:0.000000s ]
INFO: [ app_begin ] --END-- [ RunTime:0.000000s ]
SQL: SHOW COLUMNS FROM `ht_form` [ RunTime:0.0000s ]
SQL: SELECT * FROM `ht_form` WHERE `id` = 200 AND `is_del` = 0 LIMIT 1   [ RunTime:0.0156s ]
INFO: [ app_end ] --START--
INFO: Run Behavior\ShowPageTraceBehavior [ RunTime:0.000000s ]
INFO: [ app_end ] --END-- [ RunTime:0.000000s ]

