[ 2015-11-09T14:13:46+08:00 ] 127.0.0.1 /s/tp/wwwroot/index.php?s=/demo/formdesign/form_id/58.html
INFO: [ app_init ] --START--
INFO: Run Behavior\BuildLiteBehavior [ RunTime:0.000000s ]
INFO: [ app_init ] --END-- [ RunTime:0.120117s ]
INFO: [ app_begin ] --START--
INFO: Run Behavior\ReadHtmlCacheBehavior [ RunTime:0.076172s ]
INFO: [ app_begin ] --END-- [ RunTime:0.076172s ]
SQL: SHOW COLUMNS FROM `ht_form` [ RunTime:0.0117s ]
SQL: SELECT * FROM `ht_form` WHERE `id` = 58 AND `is_del` = 0 LIMIT 1   [ RunTime:0.0029s ]
INFO: [ app_end ] --START--
INFO: Run Behavior\ShowPageTraceBehavior [ RunTime:0.052734s ]
INFO: [ app_end ] --END-- [ RunTime:0.052734s ]

[ 2015-11-09T14:17:20+08:00 ] 127.0.0.1 /s/tp/wwwroot/index.php?s=/demo/formdesign/form_id/135.html
INFO: [ app_init ] --START--
INFO: Run Behavior\BuildLiteBehavior [ RunTime:0.000000s ]
INFO: [ app_init ] --END-- [ RunTime:0.007813s ]
INFO: [ app_begin ] --START--
INFO: Run Behavior\ReadHtmlCacheBehavior [ RunTime:0.000977s ]
INFO: [ app_begin ] --END-- [ RunTime:0.000977s ]
SQL: SHOW COLUMNS FROM `ht_form` [ RunTime:0.0117s ]
SQL: SELECT * FROM `ht_form` WHERE `id` = 135 AND `is_del` = 0 LIMIT 1   [ RunTime:0.0029s ]
INFO: [ app_end ] --START--
INFO: Run Behavior\ShowPageTraceBehavior [ RunTime:0.000977s ]
INFO: [ app_end ] --END-- [ RunTime:0.000977s ]

[ 2015-11-09T14:17:25+08:00 ] 127.0.0.1 /s/tp/wwwroot/index.php?s=/demo/formdesign/form_id/58.html
INFO: [ app_init ] --START--
INFO: Run Behavior\BuildLiteBehavior [ RunTime:0.000000s ]
INFO: [ app_init ] --END-- [ RunTime:0.000976s ]
INFO: [ app_begin ] --START--
INFO: Run Behavior\ReadHtmlCacheBehavior [ RunTime:0.000977s ]
INFO: [ app_begin ] --END-- [ RunTime:0.000977s ]
SQL: SHOW COLUMNS FROM `ht_form` [ RunTime:0.0029s ]
SQL: SELECT * FROM `ht_form` WHERE `id` = 58 AND `is_del` = 0 LIMIT 1   [ RunTime:0.0020s ]
INFO: [ app_end ] --START--
INFO: Run Behavior\ShowPageTraceBehavior [ RunTime:0.000976s ]
INFO: [ app_end ] --END-- [ RunTime:0.001953s ]

[ 2015-11-09T14:21:09+08:00 ] 127.0.0.1 /s/tp/wwwroot/index.php?s=/demo/formdesign/
INFO: [ app_init ] --START--
INFO: Run Behavior\BuildLiteBehavior [ RunTime:0.000000s ]
INFO: [ app_init ] --END-- [ RunTime:0.000976s ]
INFO: [ app_begin ] --START--
INFO: Run Behavior\ReadHtmlCacheBehavior [ RunTime:0.000977s ]
INFO: [ app_begin ] --END-- [ RunTime:0.000977s ]
SQL: SHOW COLUMNS FROM `ht_form` [ RunTime:0.0059s ]
SQL: SELECT * FROM `ht_form` WHERE `id` = 58 AND `is_del` = 0 LIMIT 1   [ RunTime:0.0020s ]
SQL: show tables like 'ht_form_data_58' [ RunTime:0.0020s ]
SQL: SHOW COLUMNS FROM `ht_form_data_58` [ RunTime:0.0068s ]
SQL: ALTER TABLE `ht_form_data_58` ADD COLUMN `data_17` varchar(255) NOT NULL DEFAULT '' comment 'tttyy',ADD COLUMN `data_18` varchar(255) NOT NULL DEFAULT '' comment 'gggg'; [ RunTime:0.0322s ]
SQL: UPDATE `ht_form` SET `is_data_form`='0',`fields`='18',`content`='<p>老朱测试</p><p>标题：<input name=\"data_15\" title=\"title\" value=\"\" leipiplugins=\"text\" orghide=\"0\" orgalign=\"left\" orgwidth=\"150\" orgtype=\"text\" style=\"text-align: left; width: 150px;\" type=\"text\"/></p><p>内容：<input name=\"data_16\" title=\"conent\" value=\"\" leipiplugins=\"text\" orghide=\"0\" orgalign=\"left\" orgwidth=\"150\" orgtype=\"text\" style=\"text-align: left; width: 150px;\" type=\"text\"/></p><p><br/></p><p><input orgparameter=\"6\" orglinkid=\"135\" orglink=\"请假表单\" title=\"tttyy\" value=\"动态树[tttyy]\" orgminheight=\"200\" class=\"dynamictree\" leipiplugins=\"dynamictree\" name=\"data_17\" type=\"text\"/></p><p><br/></p><p><input style=\"width: 100%;\" orghide=\"0\" orgfield=\"`data_3`,data_3;`data_6`,data_6\" orgformname=\"老朱测试\" orgformid=\"58\" leipiplugins=\"sublist\" title=\"gggg\" value=\"{子列表}\" name=\"data_18\" type=\"text\"/></p>',`content_parse`='<p>老朱测试</p><p>标题：{data_15}</p><p>内容：{data_16}</p><p><br/></p><p>{data_17}</p><p><br/></p><p>{data_18}</p>',`content_data`='a:4:{i:0;a:11:{s:4:\"name\";s:7:\"data_15\";s:5:\"title\";s:5:\"title\";s:5:\"value\";s:0:\"\";s:12:\"leipiplugins\";s:4:\"text\";s:7:\"orghide\";s:1:\"0\";s:8:\"orgalign\";s:4:\"left\";s:8:\"orgwidth\";s:3:\"150\";s:7:\"orgtype\";s:4:\"text\";s:5:\"style\";s:31:\"text-align: left; width: 150px;\";s:4:\"type\";s:4:\"text\";s:7:\"content\";s:176:\"<input name=\"data_15\" title=\"title\" value=\"\" leipiplugins=\"text\" orghide=\"0\" orgalign=\"left\" orgwidth=\"150\" orgtype=\"text\" style=\"text-align: left; width: 150px;\" type=\"text\"/>\";}i:1;a:11:{s:4:\"name\";s:7:\"data_16\";s:5:\"title\";s:6:\"conent\";s:5:\"value\";s:0:\"\";s:12:\"leipiplugins\";s:4:\"text\";s:7:\"orghide\";s:1:\"0\";s:8:\"orgalign\";s:4:\"left\";s:8:\"orgwidth\";s:3:\"150\";s:7:\"orgtype\";s:4:\"text\";s:5:\"style\";s:31:\"text-align: left; width: 150px;\";s:4:\"type\";s:4:\"text\";s:7:\"content\";s:177:\"<input name=\"data_16\" title=\"conent\" value=\"\" leipiplugins=\"text\" orghide=\"0\" orgalign=\"left\" orgwidth=\"150\" orgtype=\"text\" style=\"text-align: left; width: 150px;\" type=\"text\"/>\";}i:2;a:11:{s:12:\"orgparameter\";s:1:\"6\";s:9:\"orglinkid\";s:3:\"135\";s:7:\"orglink\";s:12:\"请假表单\";s:5:\"title\";s:5:\"tttyy\";s:5:\"value\";s:16:\"动态树[tttyy]\";s:12:\"orgminheight\";s:3:\"200\";s:5:\"class\";s:11:\"dynamictree\";s:12:\"leipiplugins\";s:11:\"dynamictree\";s:4:\"name\";s:7:\"data_17\";s:4:\"type\";s:4:\"text\";s:7:\"content\";s:196:\"<input orgparameter=\"6\" orglinkid=\"135\" orglink=\"请假表单\" title=\"tttyy\" value=\"动态树[tttyy]\" orgminheight=\"200\" class=\"dynamictree\" leipiplugins=\"dynamictree\" name=\"data_17\" type=\"text\"/>\";}i:3;a:11:{s:5:\"style\";s:12:\"width: 100%;\";s:7:\"orghide\";s:1:\"0\";s:8:\"orgfield\";s:31:\"`data_3`,data_3;`data_6`,data_6\";s:11:\"orgformname\";s:12:\"老朱测试\";s:9:\"orgformid\";s:2:\"58\";s:12:\"leipiplugins\";s:7:\"sublist\";s:5:\"title\";s:4:\"gggg\";s:5:\"value\";s:11:\"{子列表}\";s:4:\"name\";s:7:\"data_18\";s:4:\"type\";s:4:\"text\";s:7:\"content\";s:209:\"<input style=\"width: 100%;\" orghide=\"0\" orgfield=\"`data_3`,data_3;`data_6`,data_6\" orgformname=\"老朱测试\" orgformid=\"58\" leipiplugins=\"sublist\" title=\"gggg\" value=\"{子列表}\" name=\"data_18\" type=\"text\"/>\";}}',`updatetime`='1447050069' WHERE `id` = 58 [ RunTime:0.0049s ]
NOTIC: [2] unlink(../Application/Runtime/Temp/21d9a5adf0e55158019e1c301ccb9502.php): No such file or directory D:\wamp64\www\dzxt\s\tp\ThinkPHP\Library\Think\Cache\Driver\File.class.php 第 157 行.
INFO: [ app_end ] --START--
INFO: Run Behavior\ShowPageTraceBehavior [ RunTime:0.000976s ]
INFO: [ app_end ] --END-- [ RunTime:0.000976s ]

[ 2015-11-09T14:21:11+08:00 ] 127.0.0.1 /s/tp/wwwroot/index.php?s=/demo/formdesign/form_id/58.html
INFO: [ app_init ] --START--
INFO: Run Behavior\BuildLiteBehavior [ RunTime:0.000976s ]
INFO: [ app_init ] --END-- [ RunTime:0.000976s ]
INFO: [ app_begin ] --START--
INFO: Run Behavior\ReadHtmlCacheBehavior [ RunTime:0.000976s ]
INFO: [ app_begin ] --END-- [ RunTime:0.001953s ]
SQL: SHOW COLUMNS FROM `ht_form` [ RunTime:0.0049s ]
SQL: SELECT * FROM `ht_form` WHERE `id` = 58 AND `is_del` = 0 LIMIT 1   [ RunTime:0.0020s ]
INFO: [ app_end ] --START--
INFO: Run Behavior\ShowPageTraceBehavior [ RunTime:0.000977s ]
INFO: [ app_end ] --END-- [ RunTime:0.000977s ]

[ 2015-11-09T14:24:20+08:00 ] 127.0.0.1 /s/tp/wwwroot/index.php?s=/demo/formdesign/form_id/135.html
INFO: [ app_init ] --START--
INFO: Run Behavior\BuildLiteBehavior [ RunTime:0.000000s ]
INFO: [ app_init ] --END-- [ RunTime:0.000000s ]
INFO: [ app_begin ] --START--
INFO: Run Behavior\ReadHtmlCacheBehavior [ RunTime:0.000977s ]
INFO: [ app_begin ] --END-- [ RunTime:0.000977s ]
SQL: SHOW COLUMNS FROM `ht_form` [ RunTime:0.0127s ]
SQL: SELECT * FROM `ht_form` WHERE `id` = 135 AND `is_del` = 0 LIMIT 1   [ RunTime:0.0029s ]
INFO: [ app_end ] --START--
INFO: Run Behavior\ShowPageTraceBehavior [ RunTime:0.000977s ]
INFO: [ app_end ] --END-- [ RunTime:0.000977s ]

[ 2015-11-09T14:39:01+08:00 ] 127.0.0.1 /s/tp/wwwroot/index.php?s=/demo/formdesign/form_id/58.html
INFO: [ app_init ] --START--
INFO: Run Behavior\BuildLiteBehavior [ RunTime:0.000000s ]
INFO: [ app_init ] --END-- [ RunTime:0.000977s ]
INFO: [ app_begin ] --START--
INFO: Run Behavior\ReadHtmlCacheBehavior [ RunTime:0.000000s ]
INFO: [ app_begin ] --END-- [ RunTime:0.000976s ]
SQL: SHOW COLUMNS FROM `ht_form` [ RunTime:0.0117s ]
SQL: SELECT * FROM `ht_form` WHERE `id` = 58 AND `is_del` = 0 LIMIT 1   [ RunTime:0.0029s ]
INFO: [ app_end ] --START--
INFO: Run Behavior\ShowPageTraceBehavior [ RunTime:0.000977s ]
INFO: [ app_end ] --END-- [ RunTime:0.000977s ]

[ 2015-11-09T15:28:34+08:00 ] 127.0.0.1 /s/tp/wwwroot/index.php?s=/demo/formdesign/form_id/58.html
INFO: [ app_init ] --START--
INFO: Run Behavior\BuildLiteBehavior [ RunTime:0.000000s ]
INFO: [ app_init ] --END-- [ RunTime:0.000977s ]
INFO: [ app_begin ] --START--
INFO: Run Behavior\ReadHtmlCacheBehavior [ RunTime:0.000977s ]
INFO: [ app_begin ] --END-- [ RunTime:0.001953s ]
SQL: SHOW COLUMNS FROM `ht_form` [ RunTime:0.0117s ]
SQL: SELECT * FROM `ht_form` WHERE `id` = 58 AND `is_del` = 0 LIMIT 1   [ RunTime:0.0039s ]
INFO: [ app_end ] --START--
INFO: Run Behavior\ShowPageTraceBehavior [ RunTime:0.000976s ]
INFO: [ app_end ] --END-- [ RunTime:0.000976s ]

[ 2015-11-09T15:31:58+08:00 ] 127.0.0.1 /s/tp/wwwroot/index.php?s=/Home/Demo/add.html
INFO: [ app_init ] --START--
INFO: Run Behavior\BuildLiteBehavior [ RunTime:0.000977s ]
INFO: [ app_init ] --END-- [ RunTime:0.000977s ]
INFO: [ app_begin ] --START--
INFO: Run Behavior\ReadHtmlCacheBehavior [ RunTime:0.000977s ]
INFO: [ app_begin ] --END-- [ RunTime:0.000977s ]
SQL: SHOW COLUMNS FROM `ht_form` [ RunTime:0.0039s ]
SQL: INSERT INTO `ht_form` (`form_name`,`form_desc`,`updatetime`,`type`,`dateline`,`pid`,`creater_uid`) VALUES ('小朱','','1447054318','1','1447054318','56','79') [ RunTime:0.0029s ]
NOTIC: [2] unlink(../Application/Runtime/Temp/21d9a5adf0e55158019e1c301ccb9502.php): No such file or directory D:\wamp64\www\dzxt\s\tp\ThinkPHP\Library\Think\Cache\Driver\File.class.php 第 157 行.
INFO: [ app_end ] --START--
INFO: Run Behavior\ShowPageTraceBehavior [ RunTime:0.000977s ]
INFO: [ app_end ] --END-- [ RunTime:0.000977s ]

[ 2015-11-09T16:17:50+08:00 ] 127.0.0.1 /s/tp/wwwroot/index.php?s=/Home/Demo/add.html
INFO: [ app_init ] --START--
INFO: Run Behavior\BuildLiteBehavior [ RunTime:0.000000s ]
INFO: [ app_init ] --END-- [ RunTime:0.001953s ]
INFO: [ app_begin ] --START--
INFO: Run Behavior\ReadHtmlCacheBehavior [ RunTime:0.000977s ]
INFO: [ app_begin ] --END-- [ RunTime:0.000977s ]
SQL: SHOW COLUMNS FROM `ht_form` [ RunTime:0.0117s ]
SQL: INSERT INTO `ht_form` (`form_name`,`form_desc`,`updatetime`,`type`,`dateline`,`pid`,`creater_uid`) VALUES ('hhhhhhhhhhhh','','1447057070','0','1447057070','244','79') [ RunTime:0.0137s ]
NOTIC: [2] unlink(../Application/Runtime/Temp/21d9a5adf0e55158019e1c301ccb9502.php): No such file or directory D:\wamp64\www\dzxt\s\tp\ThinkPHP\Library\Think\Cache\Driver\File.class.php 第 157 行.
INFO: [ app_end ] --START--
INFO: Run Behavior\ShowPageTraceBehavior [ RunTime:0.000976s ]
INFO: [ app_end ] --END-- [ RunTime:0.000976s ]

[ 2015-11-09T16:17:53+08:00 ] 127.0.0.1 /s/tp/wwwroot/index.php?s=/demo/formdesign/form_id/245.html
INFO: [ app_init ] --START--
INFO: Run Behavior\BuildLiteBehavior [ RunTime:0.000000s ]
INFO: [ app_init ] --END-- [ RunTime:0.000977s ]
INFO: [ app_begin ] --START--
INFO: Run Behavior\ReadHtmlCacheBehavior [ RunTime:0.000976s ]
INFO: [ app_begin ] --END-- [ RunTime:0.000976s ]
SQL: SHOW COLUMNS FROM `ht_form` [ RunTime:0.0117s ]
SQL: SELECT * FROM `ht_form` WHERE `id` = 245 AND `is_del` = 0 LIMIT 1   [ RunTime:0.0029s ]
INFO: [ app_end ] --START--
INFO: Run Behavior\ShowPageTraceBehavior [ RunTime:0.000976s ]
INFO: [ app_end ] --END-- [ RunTime:0.000976s ]

[ 2015-11-09T16:20:06+08:00 ] 127.0.0.1 /s/tp/wwwroot/index.php?s=/demo/formdesign/
INFO: [ app_init ] --START--
INFO: Run Behavior\BuildLiteBehavior [ RunTime:0.000000s ]
INFO: [ app_init ] --END-- [ RunTime:0.000976s ]
INFO: [ app_begin ] --START--
INFO: Run Behavior\ReadHtmlCacheBehavior [ RunTime:0.000976s ]
INFO: [ app_begin ] --END-- [ RunTime:0.000976s ]
SQL: SHOW COLUMNS FROM `ht_form` [ RunTime:0.0059s ]
SQL: SELECT * FROM `ht_form` WHERE `id` = 245 AND `is_del` = 0 LIMIT 1   [ RunTime:0.0010s ]
SQL: show tables like 'ht_form_data_245' [ RunTime:0.0020s ]
SQL: CREATE TABLE `ht_form_data_245` (
              `id` int(10) unsigned NOT NULL AUTO_INCREMENT,
              `uid` int(10) unsigned NOT NULL DEFAULT '0',
              `foreign_id` int(10) unsigned NOT NULL DEFAULT '0',
              `data_1` varchar(255) NOT NULL DEFAULT '' comment 'dfdsfdsfd',
              `is_del` tinyint(1) unsigned NOT NULL DEFAULT '0',
              `updatetime` int(10) unsigned NOT NULL DEFAULT '0',
              `dateline` int(10) unsigned NOT NULL DEFAULT '0',
              PRIMARY KEY (`id`),
              KEY `uid` (`uid`),
              KEY `foreign_id` (`foreign_id`)
            ) ENGINE=InnoDB DEFAULT CHARSET=utf8; [ RunTime:0.0107s ]
SQL: UPDATE `ht_form` SET `is_data_form`='0',`fields`='1',`content`='<p><input style=\"width: 100%;\" orghide=\"0\" orgfield=\"`data_1`,name;`data_2`,dtime;`data_2`,dtime;`data_3`,num\" orgformname=\"请假表单\" orgformid=\"135\" leipiplugins=\"sublist\" title=\"dfdsfdsfd\" value=\"{子列表}\" name=\"data_1\" type=\"text\"/><br/></p><form leipiplugins=\"uploadfile\" remarks=\"sfdsfdsfd\" title=\"dfsfdsf\" style=\"display: inline;\" name=\"leipiNewField\"><input name=\"file\" uploadfilecontrol=\"1\" type=\"file\"/>&nbsp;<input value=\"上传\" uploadfilecontrol=\"1\" type=\"submit\"/></form><p><br/></p>',`content_parse`='<p>{data_1}<br/></p><form leipiplugins=\"uploadfile\" remarks=\"sfdsfdsfd\" title=\"dfsfdsf\" style=\"display: inline;\" name=\"leipiNewField\">{file}&nbsp;<input value=\"上传\" uploadfilecontrol=\"1\" type=\"submit\"/></form><p><br/></p>',`content_data`='a:2:{i:0;a:11:{s:5:\"style\";s:12:\"width: 100%;\";s:7:\"orghide\";s:1:\"0\";s:8:\"orgfield\";s:56:\"`data_1`,name;`data_2`,dtime;`data_2`,dtime;`data_3`,num\";s:11:\"orgformname\";s:12:\"请假表单\";s:9:\"orgformid\";s:3:\"135\";s:12:\"leipiplugins\";s:7:\"sublist\";s:5:\"title\";s:9:\"dfdsfdsfd\";s:5:\"value\";s:11:\"{子列表}\";s:4:\"name\";s:6:\"data_1\";s:4:\"type\";s:4:\"text\";s:7:\"content\";s:239:\"<input style=\"width: 100%;\" orghide=\"0\" orgfield=\"`data_1`,name;`data_2`,dtime;`data_2`,dtime;`data_3`,num\" orgformname=\"请假表单\" orgformid=\"135\" leipiplugins=\"sublist\" title=\"dfdsfdsfd\" value=\"{子列表}\" name=\"data_1\" type=\"text\"/>\";}i:1;a:4:{s:4:\"name\";s:4:\"file\";s:17:\"uploadfilecontrol\";s:1:\"1\";s:4:\"type\";s:4:\"file\";s:7:\"content\";s:54:\"<input name=\"file\" uploadfilecontrol=\"1\" type=\"file\"/>\";}}',`updatetime`='1447057206' WHERE `id` = 245 [ RunTime:0.0029s ]
NOTIC: [2] unlink(../Application/Runtime/Temp/21d9a5adf0e55158019e1c301ccb9502.php): No such file or directory D:\wamp64\www\dzxt\s\tp\ThinkPHP\Library\Think\Cache\Driver\File.class.php 第 157 行.
INFO: [ app_end ] --START--
INFO: Run Behavior\ShowPageTraceBehavior [ RunTime:0.000977s ]
INFO: [ app_end ] --END-- [ RunTime:0.000977s ]

[ 2015-11-09T16:20:08+08:00 ] 127.0.0.1 /s/tp/wwwroot/index.php?s=/demo/formdesign/form_id/245.html
INFO: [ app_init ] --START--
INFO: Run Behavior\BuildLiteBehavior [ RunTime:0.000000s ]
INFO: [ app_init ] --END-- [ RunTime:0.000977s ]
INFO: [ app_begin ] --START--
INFO: Run Behavior\ReadHtmlCacheBehavior [ RunTime:0.000000s ]
INFO: [ app_begin ] --END-- [ RunTime:0.000000s ]
SQL: SHOW COLUMNS FROM `ht_form` [ RunTime:0.0078s ]
SQL: SELECT * FROM `ht_form` WHERE `id` = 245 AND `is_del` = 0 LIMIT 1   [ RunTime:0.0029s ]
INFO: [ app_end ] --START--
INFO: Run Behavior\ShowPageTraceBehavior [ RunTime:0.000977s ]
INFO: [ app_end ] --END-- [ RunTime:0.000977s ]

