[ 2015-10-12T11:49:43+08:00 ] 113.94.23.20 /s/tp/wwwroot/index.php/Home/Demodata/view3/form_id/328/id/96
INFO: [ app_init ] --START--
INFO: Run Behavior\BuildLiteBehavior [ RunTime:0.000020s ]
INFO: [ app_init ] --END-- [ RunTime:0.000302s ]
INFO: [ app_begin ] --START--
INFO: Run Behavior\ReadHtmlCacheBehavior [ RunTime:0.000334s ]
INFO: [ app_begin ] --END-- [ RunTime:0.000418s ]
SQL: SHOW COLUMNS FROM `ht_form` [ RunTime:0.0009s ]
SQL: SELECT * FROM `ht_form` WHERE `id` = 328 AND `is_del` = 0 LIMIT 1   [ RunTime:0.0001s ]
SQL: SHOW COLUMNS FROM `ht_form_data_328` [ RunTime:0.0011s ]
SQL: SELECT * FROM `ht_form_data_328` WHERE `id` = 96 AND `is_del` = 0 LIMIT 1   [ RunTime:0.0003s ]
INFO: [ view_parse ] --START--
INFO: [ template_filter ] --START--
INFO: Run Behavior\ContentReplaceBehavior [ RunTime:0.000055s ]
INFO: [ template_filter ] --END-- [ RunTime:0.000141s ]
INFO: Run Behavior\ParseTemplateBehavior [ RunTime:0.006100s ]
INFO: [ view_parse ] --END-- [ RunTime:0.006185s ]
INFO: [ view_filter ] --START--
INFO: Run Behavior\WriteHtmlCacheBehavior [ RunTime:0.000101s ]
INFO: [ view_filter ] --END-- [ RunTime:0.000181s ]
INFO: [ app_end ] --START--
INFO: Run Behavior\ShowPageTraceBehavior [ RunTime:0.000334s ]
INFO: [ app_end ] --END-- [ RunTime:0.000419s ]

